<?xml version="1.1" encoding="utf-8" standalone="yes" ?>

<Events>
<Event xmlns="http://schemas.microsoft.com/win/2004/08/events/event"><System><Provider Name="PowerShell"></Provider>
<EventID Qualifiers="0">600</EventID>
<Version>0</Version>
<Level>4</Level>
<Task>6</Task>
<Opcode>0</Opcode>
<Keywords>0x0080000000000000</Keywords>
<TimeCreated SystemTime="2025-04-10 06:14:18.110872"></TimeCreated>
<EventRecordID>568</EventRecordID>
<Correlation ActivityID="" RelatedActivityID=""></Correlation>
<Execution ProcessID="7324" ThreadID="0"></Execution>
<Channel>Windows PowerShell</Channel>
<Computer>DESKTOP-M3AKJSD</Computer>
<Security UserID=""></Security>
</System>
<EventData><Data>&lt;string&gt;Registry&lt;/string&gt;
&lt;string&gt;Started&lt;/string&gt;
&lt;string&gt;	ProviderName=Registry
	NewProviderState=Started

	SequenceNumber=1

	HostName=ConsoleHost
	HostVersion=5.1.26100.3624
	HostId=e48dc4c7-a738-457b-a737-5fc27651b8d9
	HostApplication=C:\Windows\SysWOW64\WindowsPowerShell\v1.0\powershell.exe
	EngineVersion=
	RunspaceId=
	PipelineId=
	CommandName=
	CommandType=
	ScriptName=
	CommandPath=
	CommandLine=&lt;/string&gt;
</Data>
<Binary></Binary>
</EventData>
</Event>

<Event xmlns="http://schemas.microsoft.com/win/2004/08/events/event"><System><Provider Name="PowerShell"></Provider>
<EventID Qualifiers="0">600</EventID>
<Version>0</Version>
<Level>4</Level>
<Task>6</Task>
<Opcode>0</Opcode>
<Keywords>0x0080000000000000</Keywords>
<TimeCreated SystemTime="2025-04-10 06:14:18.115437"></TimeCreated>
<EventRecordID>569</EventRecordID>
<Correlation ActivityID="" RelatedActivityID=""></Correlation>
<Execution ProcessID="7324" ThreadID="0"></Execution>
<Channel>Windows PowerShell</Channel>
<Computer>DESKTOP-M3AKJSD</Computer>
<Security UserID=""></Security>
</System>
<EventData><Data>&lt;string&gt;Alias&lt;/string&gt;
&lt;string&gt;Started&lt;/string&gt;
&lt;string&gt;	ProviderName=Alias
	NewProviderState=Started

	SequenceNumber=3

	HostName=ConsoleHost
	HostVersion=5.1.26100.3624
	HostId=e48dc4c7-a738-457b-a737-5fc27651b8d9
	HostApplication=C:\Windows\SysWOW64\WindowsPowerShell\v1.0\powershell.exe
	EngineVersion=
	RunspaceId=
	PipelineId=
	CommandName=
	CommandType=
	ScriptName=
	CommandPath=
	CommandLine=&lt;/string&gt;
</Data>
<Binary></Binary>
</EventData>
</Event>

<Event xmlns="http://schemas.microsoft.com/win/2004/08/events/event"><System><Provider Name="PowerShell"></Provider>
<EventID Qualifiers="0">600</EventID>
<Version>0</Version>
<Level>4</Level>
<Task>6</Task>
<Opcode>0</Opcode>
<Keywords>0x0080000000000000</Keywords>
<TimeCreated SystemTime="2025-04-10 06:14:18.116512"></TimeCreated>
<EventRecordID>570</EventRecordID>
<Correlation ActivityID="" RelatedActivityID=""></Correlation>
<Execution ProcessID="7324" ThreadID="0"></Execution>
<Channel>Windows PowerShell</Channel>
<Computer>DESKTOP-M3AKJSD</Computer>
<Security UserID=""></Security>
</System>
<EventData><Data>&lt;string&gt;Environment&lt;/string&gt;
&lt;string&gt;Started&lt;/string&gt;
&lt;string&gt;	ProviderName=Environment
	NewProviderState=Started

	SequenceNumber=5

	HostName=ConsoleHost
	HostVersion=5.1.26100.3624
	HostId=e48dc4c7-a738-457b-a737-5fc27651b8d9
	HostApplication=C:\Windows\SysWOW64\WindowsPowerShell\v1.0\powershell.exe
	EngineVersion=
	RunspaceId=
	PipelineId=
	CommandName=
	CommandType=
	ScriptName=
	CommandPath=
	CommandLine=&lt;/string&gt;
</Data>
<Binary></Binary>
</EventData>
</Event>

<Event xmlns="http://schemas.microsoft.com/win/2004/08/events/event"><System><Provider Name="PowerShell"></Provider>
<EventID Qualifiers="0">600</EventID>
<Version>0</Version>
<Level>4</Level>
<Task>6</Task>
<Opcode>0</Opcode>
<Keywords>0x0080000000000000</Keywords>
<TimeCreated SystemTime="2025-04-10 06:14:18.123535"></TimeCreated>
<EventRecordID>571</EventRecordID>
<Correlation ActivityID="" RelatedActivityID=""></Correlation>
<Execution ProcessID="7324" ThreadID="0"></Execution>
<Channel>Windows PowerShell</Channel>
<Computer>DESKTOP-M3AKJSD</Computer>
<Security UserID=""></Security>
</System>
<EventData><Data>&lt;string&gt;FileSystem&lt;/string&gt;
&lt;string&gt;Started&lt;/string&gt;
&lt;string&gt;	ProviderName=FileSystem
	NewProviderState=Started

	SequenceNumber=7

	HostName=ConsoleHost
	HostVersion=5.1.26100.3624
	HostId=e48dc4c7-a738-457b-a737-5fc27651b8d9
	HostApplication=C:\Windows\SysWOW64\WindowsPowerShell\v1.0\powershell.exe
	EngineVersion=
	RunspaceId=
	PipelineId=
	CommandName=
	CommandType=
	ScriptName=
	CommandPath=
	CommandLine=&lt;/string&gt;
</Data>
<Binary></Binary>
</EventData>
</Event>

<Event xmlns="http://schemas.microsoft.com/win/2004/08/events/event"><System><Provider Name="PowerShell"></Provider>
<EventID Qualifiers="0">600</EventID>
<Version>0</Version>
<Level>4</Level>
<Task>6</Task>
<Opcode>0</Opcode>
<Keywords>0x0080000000000000</Keywords>
<TimeCreated SystemTime="2025-04-10 06:14:18.124470"></TimeCreated>
<EventRecordID>572</EventRecordID>
<Correlation ActivityID="" RelatedActivityID=""></Correlation>
<Execution ProcessID="7324" ThreadID="0"></Execution>
<Channel>Windows PowerShell</Channel>
<Computer>DESKTOP-M3AKJSD</Computer>
<Security UserID=""></Security>
</System>
<EventData><Data>&lt;string&gt;Function&lt;/string&gt;
&lt;string&gt;Started&lt;/string&gt;
&lt;string&gt;	ProviderName=Function
	NewProviderState=Started

	SequenceNumber=9

	HostName=ConsoleHost
	HostVersion=5.1.26100.3624
	HostId=e48dc4c7-a738-457b-a737-5fc27651b8d9
	HostApplication=C:\Windows\SysWOW64\WindowsPowerShell\v1.0\powershell.exe
	EngineVersion=
	RunspaceId=
	PipelineId=
	CommandName=
	CommandType=
	ScriptName=
	CommandPath=
	CommandLine=&lt;/string&gt;
</Data>
<Binary></Binary>
</EventData>
</Event>

<Event xmlns="http://schemas.microsoft.com/win/2004/08/events/event"><System><Provider Name="PowerShell"></Provider>
<EventID Qualifiers="0">600</EventID>
<Version>0</Version>
<Level>4</Level>
<Task>6</Task>
<Opcode>0</Opcode>
<Keywords>0x0080000000000000</Keywords>
<TimeCreated SystemTime="2025-04-10 06:14:18.125256"></TimeCreated>
<EventRecordID>573</EventRecordID>
<Correlation ActivityID="" RelatedActivityID=""></Correlation>
<Execution ProcessID="7324" ThreadID="0"></Execution>
<Channel>Windows PowerShell</Channel>
<Computer>DESKTOP-M3AKJSD</Computer>
<Security UserID=""></Security>
</System>
<EventData><Data>&lt;string&gt;Variable&lt;/string&gt;
&lt;string&gt;Started&lt;/string&gt;
&lt;string&gt;	ProviderName=Variable
	NewProviderState=Started

	SequenceNumber=11

	HostName=ConsoleHost
	HostVersion=5.1.26100.3624
	HostId=e48dc4c7-a738-457b-a737-5fc27651b8d9
	HostApplication=C:\Windows\SysWOW64\WindowsPowerShell\v1.0\powershell.exe
	EngineVersion=
	RunspaceId=
	PipelineId=
	CommandName=
	CommandType=
	ScriptName=
	CommandPath=
	CommandLine=&lt;/string&gt;
</Data>
<Binary></Binary>
</EventData>
</Event>

<Event xmlns="http://schemas.microsoft.com/win/2004/08/events/event"><System><Provider Name="PowerShell"></Provider>
<EventID Qualifiers="0">400</EventID>
<Version>0</Version>
<Level>4</Level>
<Task>4</Task>
<Opcode>0</Opcode>
<Keywords>0x0080000000000000</Keywords>
<TimeCreated SystemTime="2025-04-10 06:14:18.349726"></TimeCreated>
<EventRecordID>574</EventRecordID>
<Correlation ActivityID="" RelatedActivityID=""></Correlation>
<Execution ProcessID="7324" ThreadID="0"></Execution>
<Channel>Windows PowerShell</Channel>
<Computer>DESKTOP-M3AKJSD</Computer>
<Security UserID=""></Security>
</System>
<EventData><Data>&lt;string&gt;Available&lt;/string&gt;
&lt;string&gt;None&lt;/string&gt;
&lt;string&gt;	NewEngineState=Available
	PreviousEngineState=None

	SequenceNumber=13

	HostName=ConsoleHost
	HostVersion=5.1.26100.3624
	HostId=e48dc4c7-a738-457b-a737-5fc27651b8d9
	HostApplication=C:\Windows\SysWOW64\WindowsPowerShell\v1.0\powershell.exe
	EngineVersion=5.1.26100.3624
	RunspaceId=fb7ebb6f-5eb4-4c3d-be4f-5b37e59ad954
	PipelineId=
	CommandName=
	CommandType=
	ScriptName=
	CommandPath=
	CommandLine=&lt;/string&gt;
</Data>
<Binary></Binary>
</EventData>
</Event>

<Event xmlns="http://schemas.microsoft.com/win/2004/08/events/event"><System><Provider Name="PowerShell"></Provider>
<EventID Qualifiers="0">800</EventID>
<Version>0</Version>
<Level>4</Level>
<Task>8</Task>
<Opcode>0</Opcode>
<Keywords>0x0080000000000000</Keywords>
<TimeCreated SystemTime="2025-04-10 06:14:19.808720"></TimeCreated>
<EventRecordID>575</EventRecordID>
<Correlation ActivityID="" RelatedActivityID=""></Correlation>
<Execution ProcessID="7324" ThreadID="0"></Execution>
<Channel>Windows PowerShell</Channel>
<Computer>DESKTOP-M3AKJSD</Computer>
<Security UserID=""></Security>
</System>
<EventData><Data>&lt;string&gt;    Microsoft.PowerShell.Core\Set-StrictMode -Off
&lt;/string&gt;
&lt;string&gt;	DetailSequence=1
	DetailTotal=1

	SequenceNumber=15

	UserId=DESKTOP-M3AKJSD\User
	HostName=ConsoleHost
	HostVersion=5.1.26100.3624
	HostId=e48dc4c7-a738-457b-a737-5fc27651b8d9
	HostApplication=C:\Windows\SysWOW64\WindowsPowerShell\v1.0\powershell.exe
	EngineVersion=5.1.26100.3624
	RunspaceId=fb7ebb6f-5eb4-4c3d-be4f-5b37e59ad954
	PipelineId=3
	ScriptName=C:\Program Files\WindowsPowerShell\Modules\PSReadLine\2.0.0\PSReadLine.psm1
	CommandLine=    Microsoft.PowerShell.Core\Set-StrictMode -Off
&lt;/string&gt;
&lt;string&gt;CommandInvocation(Set-StrictMode): "Set-StrictMode"
ParameterBinding(Set-StrictMode): name="Off"; value="True"
&lt;/string&gt;
</Data>
<Binary></Binary>
</EventData>
</Event>

<Event xmlns="http://schemas.microsoft.com/win/2004/08/events/event"><System><Provider Name="PowerShell"></Provider>
<EventID Qualifiers="0">800</EventID>
<Version>0</Version>
<Level>4</Level>
<Task>8</Task>
<Opcode>0</Opcode>
<Keywords>0x0080000000000000</Keywords>
<TimeCreated SystemTime="2025-04-10 06:14:22.171410"></TimeCreated>
<EventRecordID>576</EventRecordID>
<Correlation ActivityID="" RelatedActivityID=""></Correlation>
<Execution ProcessID="7324" ThreadID="0"></Execution>
<Channel>Windows PowerShell</Channel>
<Computer>DESKTOP-M3AKJSD</Computer>
<Security UserID=""></Security>
</System>
<EventData><Data>&lt;string&gt;	DetailSequence=1
	DetailTotal=1

	SequenceNumber=17

	UserId=DESKTOP-M3AKJSD\User
	HostName=ConsoleHost
	HostVersion=5.1.26100.3624
	HostId=e48dc4c7-a738-457b-a737-5fc27651b8d9
	HostApplication=C:\Windows\SysWOW64\WindowsPowerShell\v1.0\powershell.exe
	EngineVersion=5.1.26100.3624
	RunspaceId=fb7ebb6f-5eb4-4c3d-be4f-5b37e59ad954
	PipelineId=3
	ScriptName=
	CommandLine=&lt;/string&gt;
&lt;string&gt;&lt;/string&gt;
&lt;string&gt;CommandInvocation(PSConsoleHostReadLine): "PSConsoleHostReadLine"
&lt;/string&gt;
</Data>
<Binary></Binary>
</EventData>
</Event>

<Event xmlns="http://schemas.microsoft.com/win/2004/08/events/event"><System><Provider Name="PowerShell"></Provider>
<EventID Qualifiers="0">800</EventID>
<Version>0</Version>
<Level>4</Level>
<Task>8</Task>
<Opcode>0</Opcode>
<Keywords>0x0080000000000000</Keywords>
<TimeCreated SystemTime="2025-04-10 06:14:22.260271"></TimeCreated>
<EventRecordID>577</EventRecordID>
<Correlation ActivityID="" RelatedActivityID=""></Correlation>
<Execution ProcessID="7324" ThreadID="0"></Execution>
<Channel>Windows PowerShell</Channel>
<Computer>DESKTOP-M3AKJSD</Computer>
<Security UserID=""></Security>
</System>
<EventData><Data>&lt;string&gt;	DetailSequence=1
	DetailTotal=1

	SequenceNumber=19

	UserId=DESKTOP-M3AKJSD\User
	HostName=ConsoleHost
	HostVersion=5.1.26100.3624
	HostId=e48dc4c7-a738-457b-a737-5fc27651b8d9
	HostApplication=C:\Windows\SysWOW64\WindowsPowerShell\v1.0\powershell.exe
	EngineVersion=5.1.26100.3624
	RunspaceId=fb7ebb6f-5eb4-4c3d-be4f-5b37e59ad954
	PipelineId=5
	ScriptName=
	CommandLine=&lt;/string&gt;
&lt;string&gt;&lt;/string&gt;
&lt;string&gt;CommandInvocation(Out-Default): "Out-Default"
&lt;/string&gt;
</Data>
<Binary></Binary>
</EventData>
</Event>

<Event xmlns="http://schemas.microsoft.com/win/2004/08/events/event"><System><Provider Name="PowerShell"></Provider>
<EventID Qualifiers="0">800</EventID>
<Version>0</Version>
<Level>4</Level>
<Task>8</Task>
<Opcode>0</Opcode>
<Keywords>0x0080000000000000</Keywords>
<TimeCreated SystemTime="2025-04-10 06:14:22.318455"></TimeCreated>
<EventRecordID>578</EventRecordID>
<Correlation ActivityID="" RelatedActivityID=""></Correlation>
<Execution ProcessID="7324" ThreadID="0"></Execution>
<Channel>Windows PowerShell</Channel>
<Computer>DESKTOP-M3AKJSD</Computer>
<Security UserID=""></Security>
</System>
<EventData><Data>&lt;string&gt;    Microsoft.PowerShell.Core\Set-StrictMode -Off
&lt;/string&gt;
&lt;string&gt;	DetailSequence=1
	DetailTotal=1

	SequenceNumber=21

	UserId=DESKTOP-M3AKJSD\User
	HostName=ConsoleHost
	HostVersion=5.1.26100.3624
	HostId=e48dc4c7-a738-457b-a737-5fc27651b8d9
	HostApplication=C:\Windows\SysWOW64\WindowsPowerShell\v1.0\powershell.exe
	EngineVersion=5.1.26100.3624
	RunspaceId=fb7ebb6f-5eb4-4c3d-be4f-5b37e59ad954
	PipelineId=7
	ScriptName=C:\Program Files\WindowsPowerShell\Modules\PSReadLine\2.0.0\PSReadLine.psm1
	CommandLine=    Microsoft.PowerShell.Core\Set-StrictMode -Off
&lt;/string&gt;
&lt;string&gt;CommandInvocation(Set-StrictMode): "Set-StrictMode"
ParameterBinding(Set-StrictMode): name="Off"; value="True"
&lt;/string&gt;
</Data>
<Binary></Binary>
</EventData>
</Event>

<Event xmlns="http://schemas.microsoft.com/win/2004/08/events/event"><System><Provider Name="PowerShell"></Provider>
<EventID Qualifiers="0">800</EventID>
<Version>0</Version>
<Level>4</Level>
<Task>8</Task>
<Opcode>0</Opcode>
<Keywords>0x0080000000000000</Keywords>
<TimeCreated SystemTime="2025-04-10 06:14:28.857218"></TimeCreated>
<EventRecordID>579</EventRecordID>
<Correlation ActivityID="" RelatedActivityID=""></Correlation>
<Execution ProcessID="7324" ThreadID="0"></Execution>
<Channel>Windows PowerShell</Channel>
<Computer>DESKTOP-M3AKJSD</Computer>
<Security UserID=""></Security>
</System>
<EventData><Data>&lt;string&gt;	DetailSequence=1
	DetailTotal=1

	SequenceNumber=23

	UserId=DESKTOP-M3AKJSD\User
	HostName=ConsoleHost
	HostVersion=5.1.26100.3624
	HostId=e48dc4c7-a738-457b-a737-5fc27651b8d9
	HostApplication=C:\Windows\SysWOW64\WindowsPowerShell\v1.0\powershell.exe
	EngineVersion=5.1.26100.3624
	RunspaceId=fb7ebb6f-5eb4-4c3d-be4f-5b37e59ad954
	PipelineId=7
	ScriptName=
	CommandLine=&lt;/string&gt;
&lt;string&gt;&lt;/string&gt;
&lt;string&gt;CommandInvocation(PSConsoleHostReadLine): "PSConsoleHostReadLine"
&lt;/string&gt;
</Data>
<Binary></Binary>
</EventData>
</Event>

<Event xmlns="http://schemas.microsoft.com/win/2004/08/events/event"><System><Provider Name="PowerShell"></Provider>
<EventID Qualifiers="0">800</EventID>
<Version>0</Version>
<Level>4</Level>
<Task>8</Task>
<Opcode>0</Opcode>
<Keywords>0x0080000000000000</Keywords>
<TimeCreated SystemTime="2025-04-10 06:14:28.890541"></TimeCreated>
<EventRecordID>580</EventRecordID>
<Correlation ActivityID="" RelatedActivityID=""></Correlation>
<Execution ProcessID="7324" ThreadID="0"></Execution>
<Channel>Windows PowerShell</Channel>
<Computer>DESKTOP-M3AKJSD</Computer>
<Security UserID=""></Security>
</System>
<EventData><Data>&lt;string&gt;	DetailSequence=1
	DetailTotal=1

	SequenceNumber=25

	UserId=DESKTOP-M3AKJSD\User
	HostName=ConsoleHost
	HostVersion=5.1.26100.3624
	HostId=e48dc4c7-a738-457b-a737-5fc27651b8d9
	HostApplication=C:\Windows\SysWOW64\WindowsPowerShell\v1.0\powershell.exe
	EngineVersion=5.1.26100.3624
	RunspaceId=fb7ebb6f-5eb4-4c3d-be4f-5b37e59ad954
	PipelineId=8
	ScriptName=
	CommandLine=&lt;/string&gt;
&lt;string&gt;&lt;/string&gt;
&lt;string&gt;CommandInvocation(Out-Default): "Out-Default"
&lt;/string&gt;
</Data>
<Binary></Binary>
</EventData>
</Event>

<Event xmlns="http://schemas.microsoft.com/win/2004/08/events/event"><System><Provider Name="PowerShell"></Provider>
<EventID Qualifiers="0">800</EventID>
<Version>0</Version>
<Level>4</Level>
<Task>8</Task>
<Opcode>0</Opcode>
<Keywords>0x0080000000000000</Keywords>
<TimeCreated SystemTime="2025-04-10 06:14:28.893768"></TimeCreated>
<EventRecordID>581</EventRecordID>
<Correlation ActivityID="" RelatedActivityID=""></Correlation>
<Execution ProcessID="7324" ThreadID="0"></Execution>
<Channel>Windows PowerShell</Channel>
<Computer>DESKTOP-M3AKJSD</Computer>
<Security UserID=""></Security>
</System>
<EventData><Data>&lt;string&gt;    Microsoft.PowerShell.Core\Set-StrictMode -Off
&lt;/string&gt;
&lt;string&gt;	DetailSequence=1
	DetailTotal=1

	SequenceNumber=27

	UserId=DESKTOP-M3AKJSD\User
	HostName=ConsoleHost
	HostVersion=5.1.26100.3624
	HostId=e48dc4c7-a738-457b-a737-5fc27651b8d9
	HostApplication=C:\Windows\SysWOW64\WindowsPowerShell\v1.0\powershell.exe
	EngineVersion=5.1.26100.3624
	RunspaceId=fb7ebb6f-5eb4-4c3d-be4f-5b37e59ad954
	PipelineId=10
	ScriptName=C:\Program Files\WindowsPowerShell\Modules\PSReadLine\2.0.0\PSReadLine.psm1
	CommandLine=    Microsoft.PowerShell.Core\Set-StrictMode -Off
&lt;/string&gt;
&lt;string&gt;CommandInvocation(Set-StrictMode): "Set-StrictMode"
ParameterBinding(Set-StrictMode): name="Off"; value="True"
&lt;/string&gt;
</Data>
<Binary></Binary>
</EventData>
</Event>

<Event xmlns="http://schemas.microsoft.com/win/2004/08/events/event"><System><Provider Name="PowerShell"></Provider>
<EventID Qualifiers="0">800</EventID>
<Version>0</Version>
<Level>4</Level>
<Task>8</Task>
<Opcode>0</Opcode>
<Keywords>0x0080000000000000</Keywords>
<TimeCreated SystemTime="2025-04-10 06:14:30.356184"></TimeCreated>
<EventRecordID>582</EventRecordID>
<Correlation ActivityID="" RelatedActivityID=""></Correlation>
<Execution ProcessID="7324" ThreadID="0"></Execution>
<Channel>Windows PowerShell</Channel>
<Computer>DESKTOP-M3AKJSD</Computer>
<Security UserID=""></Security>
</System>
<EventData><Data>&lt;string&gt;	DetailSequence=1
	DetailTotal=1

	SequenceNumber=29

	UserId=DESKTOP-M3AKJSD\User
	HostName=ConsoleHost
	HostVersion=5.1.26100.3624
	HostId=e48dc4c7-a738-457b-a737-5fc27651b8d9
	HostApplication=C:\Windows\SysWOW64\WindowsPowerShell\v1.0\powershell.exe
	EngineVersion=5.1.26100.3624
	RunspaceId=fb7ebb6f-5eb4-4c3d-be4f-5b37e59ad954
	PipelineId=10
	ScriptName=
	CommandLine=&lt;/string&gt;
&lt;string&gt;&lt;/string&gt;
&lt;string&gt;CommandInvocation(PSConsoleHostReadLine): "PSConsoleHostReadLine"
&lt;/string&gt;
</Data>
<Binary></Binary>
</EventData>
</Event>

<Event xmlns="http://schemas.microsoft.com/win/2004/08/events/event"><System><Provider Name="PowerShell"></Provider>
<EventID Qualifiers="0">800</EventID>
<Version>0</Version>
<Level>4</Level>
<Task>8</Task>
<Opcode>0</Opcode>
<Keywords>0x0080000000000000</Keywords>
<TimeCreated SystemTime="2025-04-10 06:14:30.405077"></TimeCreated>
<EventRecordID>583</EventRecordID>
<Correlation ActivityID="" RelatedActivityID=""></Correlation>
<Execution ProcessID="7324" ThreadID="0"></Execution>
<Channel>Windows PowerShell</Channel>
<Computer>DESKTOP-M3AKJSD</Computer>
<Security UserID=""></Security>
</System>
<EventData><Data>&lt;string&gt;	DetailSequence=1
	DetailTotal=1

	SequenceNumber=31

	UserId=DESKTOP-M3AKJSD\User
	HostName=ConsoleHost
	HostVersion=5.1.26100.3624
	HostId=e48dc4c7-a738-457b-a737-5fc27651b8d9
	HostApplication=C:\Windows\SysWOW64\WindowsPowerShell\v1.0\powershell.exe
	EngineVersion=5.1.26100.3624
	RunspaceId=fb7ebb6f-5eb4-4c3d-be4f-5b37e59ad954
	PipelineId=11
	ScriptName=
	CommandLine=&lt;/string&gt;
&lt;string&gt;&lt;/string&gt;
&lt;string&gt;CommandInvocation(Out-Default): "Out-Default"
&lt;/string&gt;
</Data>
<Binary></Binary>
</EventData>
</Event>

<Event xmlns="http://schemas.microsoft.com/win/2004/08/events/event"><System><Provider Name="PowerShell"></Provider>
<EventID Qualifiers="0">800</EventID>
<Version>0</Version>
<Level>4</Level>
<Task>8</Task>
<Opcode>0</Opcode>
<Keywords>0x0080000000000000</Keywords>
<TimeCreated SystemTime="2025-04-10 06:14:30.408243"></TimeCreated>
<EventRecordID>584</EventRecordID>
<Correlation ActivityID="" RelatedActivityID=""></Correlation>
<Execution ProcessID="7324" ThreadID="0"></Execution>
<Channel>Windows PowerShell</Channel>
<Computer>DESKTOP-M3AKJSD</Computer>
<Security UserID=""></Security>
</System>
<EventData><Data>&lt;string&gt;    Microsoft.PowerShell.Core\Set-StrictMode -Off
&lt;/string&gt;
&lt;string&gt;	DetailSequence=1
	DetailTotal=1

	SequenceNumber=33

	UserId=DESKTOP-M3AKJSD\User
	HostName=ConsoleHost
	HostVersion=5.1.26100.3624
	HostId=e48dc4c7-a738-457b-a737-5fc27651b8d9
	HostApplication=C:\Windows\SysWOW64\WindowsPowerShell\v1.0\powershell.exe
	EngineVersion=5.1.26100.3624
	RunspaceId=fb7ebb6f-5eb4-4c3d-be4f-5b37e59ad954
	PipelineId=13
	ScriptName=C:\Program Files\WindowsPowerShell\Modules\PSReadLine\2.0.0\PSReadLine.psm1
	CommandLine=    Microsoft.PowerShell.Core\Set-StrictMode -Off
&lt;/string&gt;
&lt;string&gt;CommandInvocation(Set-StrictMode): "Set-StrictMode"
ParameterBinding(Set-StrictMode): name="Off"; value="True"
&lt;/string&gt;
</Data>
<Binary></Binary>
</EventData>
</Event>

<Event xmlns="http://schemas.microsoft.com/win/2004/08/events/event"><System><Provider Name="PowerShell"></Provider>
<EventID Qualifiers="0">600</EventID>
<Version>0</Version>
<Level>4</Level>
<Task>6</Task>
<Opcode>0</Opcode>
<Keywords>0x0080000000000000</Keywords>
<TimeCreated SystemTime="2025-04-10 06:14:55.318506"></TimeCreated>
<EventRecordID>585</EventRecordID>
<Correlation ActivityID="" RelatedActivityID=""></Correlation>
<Execution ProcessID="6288" ThreadID="0"></Execution>
<Channel>Windows PowerShell</Channel>
<Computer>DESKTOP-M3AKJSD</Computer>
<Security UserID=""></Security>
</System>
<EventData><Data>&lt;string&gt;Registry&lt;/string&gt;
&lt;string&gt;Started&lt;/string&gt;
&lt;string&gt;	ProviderName=Registry
	NewProviderState=Started

	SequenceNumber=1

	HostName=ConsoleHost
	HostVersion=5.1.26100.3624
	HostId=b1a77db7-d6af-45c7-921c-43b7568101f0
	HostApplication=C:\Windows\SysWOW64\WindowsPowerShell\v1.0\powershell.exe
	EngineVersion=
	RunspaceId=
	PipelineId=
	CommandName=
	CommandType=
	ScriptName=
	CommandPath=
	CommandLine=&lt;/string&gt;
</Data>
<Binary></Binary>
</EventData>
</Event>

<Event xmlns="http://schemas.microsoft.com/win/2004/08/events/event"><System><Provider Name="PowerShell"></Provider>
<EventID Qualifiers="0">600</EventID>
<Version>0</Version>
<Level>4</Level>
<Task>6</Task>
<Opcode>0</Opcode>
<Keywords>0x0080000000000000</Keywords>
<TimeCreated SystemTime="2025-04-10 06:14:55.320778"></TimeCreated>
<EventRecordID>586</EventRecordID>
<Correlation ActivityID="" RelatedActivityID=""></Correlation>
<Execution ProcessID="6288" ThreadID="0"></Execution>
<Channel>Windows PowerShell</Channel>
<Computer>DESKTOP-M3AKJSD</Computer>
<Security UserID=""></Security>
</System>
<EventData><Data>&lt;string&gt;Alias&lt;/string&gt;
&lt;string&gt;Started&lt;/string&gt;
&lt;string&gt;	ProviderName=Alias
	NewProviderState=Started

	SequenceNumber=3

	HostName=ConsoleHost
	HostVersion=5.1.26100.3624
	HostId=b1a77db7-d6af-45c7-921c-43b7568101f0
	HostApplication=C:\Windows\SysWOW64\WindowsPowerShell\v1.0\powershell.exe
	EngineVersion=
	RunspaceId=
	PipelineId=
	CommandName=
	CommandType=
	ScriptName=
	CommandPath=
	CommandLine=&lt;/string&gt;
</Data>
<Binary></Binary>
</EventData>
</Event>

<Event xmlns="http://schemas.microsoft.com/win/2004/08/events/event"><System><Provider Name="PowerShell"></Provider>
<EventID Qualifiers="0">600</EventID>
<Version>0</Version>
<Level>4</Level>
<Task>6</Task>
<Opcode>0</Opcode>
<Keywords>0x0080000000000000</Keywords>
<TimeCreated SystemTime="2025-04-10 06:14:55.322296"></TimeCreated>
<EventRecordID>587</EventRecordID>
<Correlation ActivityID="" RelatedActivityID=""></Correlation>
<Execution ProcessID="6288" ThreadID="0"></Execution>
<Channel>Windows PowerShell</Channel>
<Computer>DESKTOP-M3AKJSD</Computer>
<Security UserID=""></Security>
</System>
<EventData><Data>&lt;string&gt;Environment&lt;/string&gt;
&lt;string&gt;Started&lt;/string&gt;
&lt;string&gt;	ProviderName=Environment
	NewProviderState=Started

	SequenceNumber=5

	HostName=ConsoleHost
	HostVersion=5.1.26100.3624
	HostId=b1a77db7-d6af-45c7-921c-43b7568101f0
	HostApplication=C:\Windows\SysWOW64\WindowsPowerShell\v1.0\powershell.exe
	EngineVersion=
	RunspaceId=
	PipelineId=
	CommandName=
	CommandType=
	ScriptName=
	CommandPath=
	CommandLine=&lt;/string&gt;
</Data>
<Binary></Binary>
</EventData>
</Event>

<Event xmlns="http://schemas.microsoft.com/win/2004/08/events/event"><System><Provider Name="PowerShell"></Provider>
<EventID Qualifiers="0">600</EventID>
<Version>0</Version>
<Level>4</Level>
<Task>6</Task>
<Opcode>0</Opcode>
<Keywords>0x0080000000000000</Keywords>
<TimeCreated SystemTime="2025-04-10 06:14:55.327881"></TimeCreated>
<EventRecordID>588</EventRecordID>
<Correlation ActivityID="" RelatedActivityID=""></Correlation>
<Execution ProcessID="6288" ThreadID="0"></Execution>
<Channel>Windows PowerShell</Channel>
<Computer>DESKTOP-M3AKJSD</Computer>
<Security UserID=""></Security>
</System>
<EventData><Data>&lt;string&gt;FileSystem&lt;/string&gt;
&lt;string&gt;Started&lt;/string&gt;
&lt;string&gt;	ProviderName=FileSystem
	NewProviderState=Started

	SequenceNumber=7

	HostName=ConsoleHost
	HostVersion=5.1.26100.3624
	HostId=b1a77db7-d6af-45c7-921c-43b7568101f0
	HostApplication=C:\Windows\SysWOW64\WindowsPowerShell\v1.0\powershell.exe
	EngineVersion=
	RunspaceId=
	PipelineId=
	CommandName=
	CommandType=
	ScriptName=
	CommandPath=
	CommandLine=&lt;/string&gt;
</Data>
<Binary></Binary>
</EventData>
</Event>

<Event xmlns="http://schemas.microsoft.com/win/2004/08/events/event"><System><Provider Name="PowerShell"></Provider>
<EventID Qualifiers="0">600</EventID>
<Version>0</Version>
<Level>4</Level>
<Task>6</Task>
<Opcode>0</Opcode>
<Keywords>0x0080000000000000</Keywords>
<TimeCreated SystemTime="2025-04-10 06:14:55.329390"></TimeCreated>
<EventRecordID>589</EventRecordID>
<Correlation ActivityID="" RelatedActivityID=""></Correlation>
<Execution ProcessID="6288" ThreadID="0"></Execution>
<Channel>Windows PowerShell</Channel>
<Computer>DESKTOP-M3AKJSD</Computer>
<Security UserID=""></Security>
</System>
<EventData><Data>&lt;string&gt;Function&lt;/string&gt;
&lt;string&gt;Started&lt;/string&gt;
&lt;string&gt;	ProviderName=Function
	NewProviderState=Started

	SequenceNumber=9

	HostName=ConsoleHost
	HostVersion=5.1.26100.3624
	HostId=b1a77db7-d6af-45c7-921c-43b7568101f0
	HostApplication=C:\Windows\SysWOW64\WindowsPowerShell\v1.0\powershell.exe
	EngineVersion=
	RunspaceId=
	PipelineId=
	CommandName=
	CommandType=
	ScriptName=
	CommandPath=
	CommandLine=&lt;/string&gt;
</Data>
<Binary></Binary>
</EventData>
</Event>

<Event xmlns="http://schemas.microsoft.com/win/2004/08/events/event"><System><Provider Name="PowerShell"></Provider>
<EventID Qualifiers="0">600</EventID>
<Version>0</Version>
<Level>4</Level>
<Task>6</Task>
<Opcode>0</Opcode>
<Keywords>0x0080000000000000</Keywords>
<TimeCreated SystemTime="2025-04-10 06:14:55.330654"></TimeCreated>
<EventRecordID>590</EventRecordID>
<Correlation ActivityID="" RelatedActivityID=""></Correlation>
<Execution ProcessID="6288" ThreadID="0"></Execution>
<Channel>Windows PowerShell</Channel>
<Computer>DESKTOP-M3AKJSD</Computer>
<Security UserID=""></Security>
</System>
<EventData><Data>&lt;string&gt;Variable&lt;/string&gt;
&lt;string&gt;Started&lt;/string&gt;
&lt;string&gt;	ProviderName=Variable
	NewProviderState=Started

	SequenceNumber=11

	HostName=ConsoleHost
	HostVersion=5.1.26100.3624
	HostId=b1a77db7-d6af-45c7-921c-43b7568101f0
	HostApplication=C:\Windows\SysWOW64\WindowsPowerShell\v1.0\powershell.exe
	EngineVersion=
	RunspaceId=
	PipelineId=
	CommandName=
	CommandType=
	ScriptName=
	CommandPath=
	CommandLine=&lt;/string&gt;
</Data>
<Binary></Binary>
</EventData>
</Event>

<Event xmlns="http://schemas.microsoft.com/win/2004/08/events/event"><System><Provider Name="PowerShell"></Provider>
<EventID Qualifiers="0">400</EventID>
<Version>0</Version>
<Level>4</Level>
<Task>4</Task>
<Opcode>0</Opcode>
<Keywords>0x0080000000000000</Keywords>
<TimeCreated SystemTime="2025-04-10 06:14:55.424311"></TimeCreated>
<EventRecordID>591</EventRecordID>
<Correlation ActivityID="" RelatedActivityID=""></Correlation>
<Execution ProcessID="6288" ThreadID="0"></Execution>
<Channel>Windows PowerShell</Channel>
<Computer>DESKTOP-M3AKJSD</Computer>
<Security UserID=""></Security>
</System>
<EventData><Data>&lt;string&gt;Available&lt;/string&gt;
&lt;string&gt;None&lt;/string&gt;
&lt;string&gt;	NewEngineState=Available
	PreviousEngineState=None

	SequenceNumber=13

	HostName=ConsoleHost
	HostVersion=5.1.26100.3624
	HostId=b1a77db7-d6af-45c7-921c-43b7568101f0
	HostApplication=C:\Windows\SysWOW64\WindowsPowerShell\v1.0\powershell.exe
	EngineVersion=5.1.26100.3624
	RunspaceId=6d19afaa-b91b-4706-b620-c287f709cf55
	PipelineId=
	CommandName=
	CommandType=
	ScriptName=
	CommandPath=
	CommandLine=&lt;/string&gt;
</Data>
<Binary></Binary>
</EventData>
</Event>

<Event xmlns="http://schemas.microsoft.com/win/2004/08/events/event"><System><Provider Name="PowerShell"></Provider>
<EventID Qualifiers="0">800</EventID>
<Version>0</Version>
<Level>4</Level>
<Task>8</Task>
<Opcode>0</Opcode>
<Keywords>0x0080000000000000</Keywords>
<TimeCreated SystemTime="2025-04-10 06:14:55.916197"></TimeCreated>
<EventRecordID>592</EventRecordID>
<Correlation ActivityID="" RelatedActivityID=""></Correlation>
<Execution ProcessID="6288" ThreadID="0"></Execution>
<Channel>Windows PowerShell</Channel>
<Computer>DESKTOP-M3AKJSD</Computer>
<Security UserID=""></Security>
</System>
<EventData><Data>&lt;string&gt;    Microsoft.PowerShell.Core\Set-StrictMode -Off
&lt;/string&gt;
&lt;string&gt;	DetailSequence=1
	DetailTotal=1

	SequenceNumber=15

	UserId=DESKTOP-M3AKJSD\User
	HostName=ConsoleHost
	HostVersion=5.1.26100.3624
	HostId=b1a77db7-d6af-45c7-921c-43b7568101f0
	HostApplication=C:\Windows\SysWOW64\WindowsPowerShell\v1.0\powershell.exe
	EngineVersion=5.1.26100.3624
	RunspaceId=6d19afaa-b91b-4706-b620-c287f709cf55
	PipelineId=3
	ScriptName=C:\Program Files\WindowsPowerShell\Modules\PSReadLine\2.0.0\PSReadLine.psm1
	CommandLine=    Microsoft.PowerShell.Core\Set-StrictMode -Off
&lt;/string&gt;
&lt;string&gt;CommandInvocation(Set-StrictMode): "Set-StrictMode"
ParameterBinding(Set-StrictMode): name="Off"; value="True"
&lt;/string&gt;
</Data>
<Binary></Binary>
</EventData>
</Event>

<Event xmlns="http://schemas.microsoft.com/win/2004/08/events/event"><System><Provider Name="PowerShell"></Provider>
<EventID Qualifiers="0">800</EventID>
<Version>0</Version>
<Level>4</Level>
<Task>8</Task>
<Opcode>0</Opcode>
<Keywords>0x0080000000000000</Keywords>
<TimeCreated SystemTime="2025-04-10 06:28:47.406458"></TimeCreated>
<EventRecordID>593</EventRecordID>
<Correlation ActivityID="" RelatedActivityID=""></Correlation>
<Execution ProcessID="6288" ThreadID="0"></Execution>
<Channel>Windows PowerShell</Channel>
<Computer>DESKTOP-M3AKJSD</Computer>
<Security UserID=""></Security>
</System>
<EventData><Data>&lt;string&gt;	DetailSequence=1
	DetailTotal=1

	SequenceNumber=17

	UserId=DESKTOP-M3AKJSD\User
	HostName=ConsoleHost
	HostVersion=5.1.26100.3624
	HostId=b1a77db7-d6af-45c7-921c-43b7568101f0
	HostApplication=C:\Windows\SysWOW64\WindowsPowerShell\v1.0\powershell.exe
	EngineVersion=5.1.26100.3624
	RunspaceId=6d19afaa-b91b-4706-b620-c287f709cf55
	PipelineId=3
	ScriptName=
	CommandLine=&lt;/string&gt;
&lt;string&gt;&lt;/string&gt;
&lt;string&gt;CommandInvocation(PSConsoleHostReadLine): "PSConsoleHostReadLine"
&lt;/string&gt;
</Data>
<Binary></Binary>
</EventData>
</Event>

<Event xmlns="http://schemas.microsoft.com/win/2004/08/events/event"><System><Provider Name="PowerShell"></Provider>
<EventID Qualifiers="0">800</EventID>
<Version>0</Version>
<Level>4</Level>
<Task>8</Task>
<Opcode>0</Opcode>
<Keywords>0x0080000000000000</Keywords>
<TimeCreated SystemTime="2025-04-10 06:28:47.509483"></TimeCreated>
<EventRecordID>594</EventRecordID>
<Correlation ActivityID="" RelatedActivityID=""></Correlation>
<Execution ProcessID="6288" ThreadID="0"></Execution>
<Channel>Windows PowerShell</Channel>
<Computer>DESKTOP-M3AKJSD</Computer>
<Security UserID=""></Security>
</System>
<EventData><Data>&lt;string&gt;	DetailSequence=1
	DetailTotal=1

	SequenceNumber=19

	UserId=DESKTOP-M3AKJSD\User
	HostName=ConsoleHost
	HostVersion=5.1.26100.3624
	HostId=b1a77db7-d6af-45c7-921c-43b7568101f0
	HostApplication=C:\Windows\SysWOW64\WindowsPowerShell\v1.0\powershell.exe
	EngineVersion=5.1.26100.3624
	RunspaceId=6d19afaa-b91b-4706-b620-c287f709cf55
	PipelineId=5
	ScriptName=
	CommandLine=&lt;/string&gt;
&lt;string&gt;&lt;/string&gt;
&lt;string&gt;CommandInvocation(Out-Default): "Out-Default"
&lt;/string&gt;
</Data>
<Binary></Binary>
</EventData>
</Event>

<Event xmlns="http://schemas.microsoft.com/win/2004/08/events/event"><System><Provider Name="PowerShell"></Provider>
<EventID Qualifiers="0">800</EventID>
<Version>0</Version>
<Level>4</Level>
<Task>8</Task>
<Opcode>0</Opcode>
<Keywords>0x0080000000000000</Keywords>
<TimeCreated SystemTime="2025-04-10 06:28:47.559889"></TimeCreated>
<EventRecordID>595</EventRecordID>
<Correlation ActivityID="" RelatedActivityID=""></Correlation>
<Execution ProcessID="6288" ThreadID="0"></Execution>
<Channel>Windows PowerShell</Channel>
<Computer>DESKTOP-M3AKJSD</Computer>
<Security UserID=""></Security>
</System>
<EventData><Data>&lt;string&gt;    Microsoft.PowerShell.Core\Set-StrictMode -Off
&lt;/string&gt;
&lt;string&gt;	DetailSequence=1
	DetailTotal=1

	SequenceNumber=21

	UserId=DESKTOP-M3AKJSD\User
	HostName=ConsoleHost
	HostVersion=5.1.26100.3624
	HostId=b1a77db7-d6af-45c7-921c-43b7568101f0
	HostApplication=C:\Windows\SysWOW64\WindowsPowerShell\v1.0\powershell.exe
	EngineVersion=5.1.26100.3624
	RunspaceId=6d19afaa-b91b-4706-b620-c287f709cf55
	PipelineId=7
	ScriptName=C:\Program Files\WindowsPowerShell\Modules\PSReadLine\2.0.0\PSReadLine.psm1
	CommandLine=    Microsoft.PowerShell.Core\Set-StrictMode -Off
&lt;/string&gt;
&lt;string&gt;CommandInvocation(Set-StrictMode): "Set-StrictMode"
ParameterBinding(Set-StrictMode): name="Off"; value="True"
&lt;/string&gt;
</Data>
<Binary></Binary>
</EventData>
</Event>

<Event xmlns="http://schemas.microsoft.com/win/2004/08/events/event"><System><Provider Name="PowerShell"></Provider>
<EventID Qualifiers="0">600</EventID>
<Version>0</Version>
<Level>4</Level>
<Task>6</Task>
<Opcode>0</Opcode>
<Keywords>0x0080000000000000</Keywords>
<TimeCreated SystemTime="2025-04-10 06:29:11.563210"></TimeCreated>
<EventRecordID>596</EventRecordID>
<Correlation ActivityID="" RelatedActivityID=""></Correlation>
<Execution ProcessID="9808" ThreadID="0"></Execution>
<Channel>Windows PowerShell</Channel>
<Computer>DESKTOP-M3AKJSD</Computer>
<Security UserID=""></Security>
</System>
<EventData><Data>&lt;string&gt;Registry&lt;/string&gt;
&lt;string&gt;Started&lt;/string&gt;
&lt;string&gt;	ProviderName=Registry
	NewProviderState=Started

	SequenceNumber=1

	HostName=ConsoleHost
	HostVersion=5.1.26100.3624
	HostId=06070939-645a-4cb4-bb35-feff3e76ad09
	HostApplication=C:\Windows\System32\WindowsPowerShell\v1.0\powershell.exe
	EngineVersion=
	RunspaceId=
	PipelineId=
	CommandName=
	CommandType=
	ScriptName=
	CommandPath=
	CommandLine=&lt;/string&gt;
</Data>
<Binary></Binary>
</EventData>
</Event>

<Event xmlns="http://schemas.microsoft.com/win/2004/08/events/event"><System><Provider Name="PowerShell"></Provider>
<EventID Qualifiers="0">600</EventID>
<Version>0</Version>
<Level>4</Level>
<Task>6</Task>
<Opcode>0</Opcode>
<Keywords>0x0080000000000000</Keywords>
<TimeCreated SystemTime="2025-04-10 06:29:11.566120"></TimeCreated>
<EventRecordID>597</EventRecordID>
<Correlation ActivityID="" RelatedActivityID=""></Correlation>
<Execution ProcessID="9808" ThreadID="0"></Execution>
<Channel>Windows PowerShell</Channel>
<Computer>DESKTOP-M3AKJSD</Computer>
<Security UserID=""></Security>
</System>
<EventData><Data>&lt;string&gt;Alias&lt;/string&gt;
&lt;string&gt;Started&lt;/string&gt;
&lt;string&gt;	ProviderName=Alias
	NewProviderState=Started

	SequenceNumber=3

	HostName=ConsoleHost
	HostVersion=5.1.26100.3624
	HostId=06070939-645a-4cb4-bb35-feff3e76ad09
	HostApplication=C:\Windows\System32\WindowsPowerShell\v1.0\powershell.exe
	EngineVersion=
	RunspaceId=
	PipelineId=
	CommandName=
	CommandType=
	ScriptName=
	CommandPath=
	CommandLine=&lt;/string&gt;
</Data>
<Binary></Binary>
</EventData>
</Event>

<Event xmlns="http://schemas.microsoft.com/win/2004/08/events/event"><System><Provider Name="PowerShell"></Provider>
<EventID Qualifiers="0">600</EventID>
<Version>0</Version>
<Level>4</Level>
<Task>6</Task>
<Opcode>0</Opcode>
<Keywords>0x0080000000000000</Keywords>
<TimeCreated SystemTime="2025-04-10 06:29:11.567291"></TimeCreated>
<EventRecordID>598</EventRecordID>
<Correlation ActivityID="" RelatedActivityID=""></Correlation>
<Execution ProcessID="9808" ThreadID="0"></Execution>
<Channel>Windows PowerShell</Channel>
<Computer>DESKTOP-M3AKJSD</Computer>
<Security UserID=""></Security>
</System>
<EventData><Data>&lt;string&gt;Environment&lt;/string&gt;
&lt;string&gt;Started&lt;/string&gt;
&lt;string&gt;	ProviderName=Environment
	NewProviderState=Started

	SequenceNumber=5

	HostName=ConsoleHost
	HostVersion=5.1.26100.3624
	HostId=06070939-645a-4cb4-bb35-feff3e76ad09
	HostApplication=C:\Windows\System32\WindowsPowerShell\v1.0\powershell.exe
	EngineVersion=
	RunspaceId=
	PipelineId=
	CommandName=
	CommandType=
	ScriptName=
	CommandPath=
	CommandLine=&lt;/string&gt;
</Data>
<Binary></Binary>
</EventData>
</Event>

<Event xmlns="http://schemas.microsoft.com/win/2004/08/events/event"><System><Provider Name="PowerShell"></Provider>
<EventID Qualifiers="0">600</EventID>
<Version>0</Version>
<Level>4</Level>
<Task>6</Task>
<Opcode>0</Opcode>
<Keywords>0x0080000000000000</Keywords>
<TimeCreated SystemTime="2025-04-10 06:29:11.578741"></TimeCreated>
<EventRecordID>599</EventRecordID>
<Correlation ActivityID="" RelatedActivityID=""></Correlation>
<Execution ProcessID="9808" ThreadID="0"></Execution>
<Channel>Windows PowerShell</Channel>
<Computer>DESKTOP-M3AKJSD</Computer>
<Security UserID=""></Security>
</System>
<EventData><Data>&lt;string&gt;FileSystem&lt;/string&gt;
&lt;string&gt;Started&lt;/string&gt;
&lt;string&gt;	ProviderName=FileSystem
	NewProviderState=Started

	SequenceNumber=7

	HostName=ConsoleHost
	HostVersion=5.1.26100.3624
	HostId=06070939-645a-4cb4-bb35-feff3e76ad09
	HostApplication=C:\Windows\System32\WindowsPowerShell\v1.0\powershell.exe
	EngineVersion=
	RunspaceId=
	PipelineId=
	CommandName=
	CommandType=
	ScriptName=
	CommandPath=
	CommandLine=&lt;/string&gt;
</Data>
<Binary></Binary>
</EventData>
</Event>

<Event xmlns="http://schemas.microsoft.com/win/2004/08/events/event"><System><Provider Name="PowerShell"></Provider>
<EventID Qualifiers="0">600</EventID>
<Version>0</Version>
<Level>4</Level>
<Task>6</Task>
<Opcode>0</Opcode>
<Keywords>0x0080000000000000</Keywords>
<TimeCreated SystemTime="2025-04-10 06:29:11.579922"></TimeCreated>
<EventRecordID>600</EventRecordID>
<Correlation ActivityID="" RelatedActivityID=""></Correlation>
<Execution ProcessID="9808" ThreadID="0"></Execution>
<Channel>Windows PowerShell</Channel>
<Computer>DESKTOP-M3AKJSD</Computer>
<Security UserID=""></Security>
</System>
<EventData><Data>&lt;string&gt;Function&lt;/string&gt;
&lt;string&gt;Started&lt;/string&gt;
&lt;string&gt;	ProviderName=Function
	NewProviderState=Started

	SequenceNumber=9

	HostName=ConsoleHost
	HostVersion=5.1.26100.3624
	HostId=06070939-645a-4cb4-bb35-feff3e76ad09
	HostApplication=C:\Windows\System32\WindowsPowerShell\v1.0\powershell.exe
	EngineVersion=
	RunspaceId=
	PipelineId=
	CommandName=
	CommandType=
	ScriptName=
	CommandPath=
	CommandLine=&lt;/string&gt;
</Data>
<Binary></Binary>
</EventData>
</Event>

<Event xmlns="http://schemas.microsoft.com/win/2004/08/events/event"><System><Provider Name="PowerShell"></Provider>
<EventID Qualifiers="0">600</EventID>
<Version>0</Version>
<Level>4</Level>
<Task>6</Task>
<Opcode>0</Opcode>
<Keywords>0x0080000000000000</Keywords>
<TimeCreated SystemTime="2025-04-10 06:29:11.580935"></TimeCreated>
<EventRecordID>601</EventRecordID>
<Correlation ActivityID="" RelatedActivityID=""></Correlation>
<Execution ProcessID="9808" ThreadID="0"></Execution>
<Channel>Windows PowerShell</Channel>
<Computer>DESKTOP-M3AKJSD</Computer>
<Security UserID=""></Security>
</System>
<EventData><Data>&lt;string&gt;Variable&lt;/string&gt;
&lt;string&gt;Started&lt;/string&gt;
&lt;string&gt;	ProviderName=Variable
	NewProviderState=Started

	SequenceNumber=11

	HostName=ConsoleHost
	HostVersion=5.1.26100.3624
	HostId=06070939-645a-4cb4-bb35-feff3e76ad09
	HostApplication=C:\Windows\System32\WindowsPowerShell\v1.0\powershell.exe
	EngineVersion=
	RunspaceId=
	PipelineId=
	CommandName=
	CommandType=
	ScriptName=
	CommandPath=
	CommandLine=&lt;/string&gt;
</Data>
<Binary></Binary>
</EventData>
</Event>

<Event xmlns="http://schemas.microsoft.com/win/2004/08/events/event"><System><Provider Name="PowerShell"></Provider>
<EventID Qualifiers="0">400</EventID>
<Version>0</Version>
<Level>4</Level>
<Task>4</Task>
<Opcode>0</Opcode>
<Keywords>0x0080000000000000</Keywords>
<TimeCreated SystemTime="2025-04-10 06:29:11.861374"></TimeCreated>
<EventRecordID>602</EventRecordID>
<Correlation ActivityID="" RelatedActivityID=""></Correlation>
<Execution ProcessID="9808" ThreadID="0"></Execution>
<Channel>Windows PowerShell</Channel>
<Computer>DESKTOP-M3AKJSD</Computer>
<Security UserID=""></Security>
</System>
<EventData><Data>&lt;string&gt;Available&lt;/string&gt;
&lt;string&gt;None&lt;/string&gt;
&lt;string&gt;	NewEngineState=Available
	PreviousEngineState=None

	SequenceNumber=13

	HostName=ConsoleHost
	HostVersion=5.1.26100.3624
	HostId=06070939-645a-4cb4-bb35-feff3e76ad09
	HostApplication=C:\Windows\System32\WindowsPowerShell\v1.0\powershell.exe
	EngineVersion=5.1.26100.3624
	RunspaceId=62516b95-d457-41c9-aa13-31b963bcf8bb
	PipelineId=
	CommandName=
	CommandType=
	ScriptName=
	CommandPath=
	CommandLine=&lt;/string&gt;
</Data>
<Binary></Binary>
</EventData>
</Event>

<Event xmlns="http://schemas.microsoft.com/win/2004/08/events/event"><System><Provider Name="PowerShell"></Provider>
<EventID Qualifiers="0">800</EventID>
<Version>0</Version>
<Level>4</Level>
<Task>8</Task>
<Opcode>0</Opcode>
<Keywords>0x0080000000000000</Keywords>
<TimeCreated SystemTime="2025-04-10 06:29:13.531099"></TimeCreated>
<EventRecordID>603</EventRecordID>
<Correlation ActivityID="" RelatedActivityID=""></Correlation>
<Execution ProcessID="9808" ThreadID="0"></Execution>
<Channel>Windows PowerShell</Channel>
<Computer>DESKTOP-M3AKJSD</Computer>
<Security UserID=""></Security>
</System>
<EventData><Data>&lt;string&gt;    Microsoft.PowerShell.Core\Set-StrictMode -Off
&lt;/string&gt;
&lt;string&gt;	DetailSequence=1
	DetailTotal=1

	SequenceNumber=15

	UserId=DESKTOP-M3AKJSD\User
	HostName=ConsoleHost
	HostVersion=5.1.26100.3624
	HostId=06070939-645a-4cb4-bb35-feff3e76ad09
	HostApplication=C:\Windows\System32\WindowsPowerShell\v1.0\powershell.exe
	EngineVersion=5.1.26100.3624
	RunspaceId=62516b95-d457-41c9-aa13-31b963bcf8bb
	PipelineId=3
	ScriptName=C:\Program Files\WindowsPowerShell\Modules\PSReadLine\2.0.0\PSReadLine.psm1
	CommandLine=    Microsoft.PowerShell.Core\Set-StrictMode -Off
&lt;/string&gt;
&lt;string&gt;CommandInvocation(Set-StrictMode): "Set-StrictMode"
ParameterBinding(Set-StrictMode): name="Off"; value="True"
&lt;/string&gt;
</Data>
<Binary></Binary>
</EventData>
</Event>

<Event xmlns="http://schemas.microsoft.com/win/2004/08/events/event"><System><Provider Name="PowerShell"></Provider>
<EventID Qualifiers="0">800</EventID>
<Version>0</Version>
<Level>4</Level>
<Task>8</Task>
<Opcode>0</Opcode>
<Keywords>0x0080000000000000</Keywords>
<TimeCreated SystemTime="2025-04-10 06:29:16.615559"></TimeCreated>
<EventRecordID>604</EventRecordID>
<Correlation ActivityID="" RelatedActivityID=""></Correlation>
<Execution ProcessID="9808" ThreadID="0"></Execution>
<Channel>Windows PowerShell</Channel>
<Computer>DESKTOP-M3AKJSD</Computer>
<Security UserID=""></Security>
</System>
<EventData><Data>&lt;string&gt;	DetailSequence=1
	DetailTotal=1

	SequenceNumber=17

	UserId=DESKTOP-M3AKJSD\User
	HostName=ConsoleHost
	HostVersion=5.1.26100.3624
	HostId=06070939-645a-4cb4-bb35-feff3e76ad09
	HostApplication=C:\Windows\System32\WindowsPowerShell\v1.0\powershell.exe
	EngineVersion=5.1.26100.3624
	RunspaceId=62516b95-d457-41c9-aa13-31b963bcf8bb
	PipelineId=3
	ScriptName=
	CommandLine=&lt;/string&gt;
&lt;string&gt;&lt;/string&gt;
&lt;string&gt;CommandInvocation(PSConsoleHostReadLine): "PSConsoleHostReadLine"
&lt;/string&gt;
</Data>
<Binary></Binary>
</EventData>
</Event>

<Event xmlns="http://schemas.microsoft.com/win/2004/08/events/event"><System><Provider Name="PowerShell"></Provider>
<EventID Qualifiers="0">800</EventID>
<Version>0</Version>
<Level>4</Level>
<Task>8</Task>
<Opcode>0</Opcode>
<Keywords>0x0080000000000000</Keywords>
<TimeCreated SystemTime="2025-04-10 06:29:16.725187"></TimeCreated>
<EventRecordID>605</EventRecordID>
<Correlation ActivityID="" RelatedActivityID=""></Correlation>
<Execution ProcessID="9808" ThreadID="0"></Execution>
<Channel>Windows PowerShell</Channel>
<Computer>DESKTOP-M3AKJSD</Computer>
<Security UserID=""></Security>
</System>
<EventData><Data>&lt;string&gt;	DetailSequence=1
	DetailTotal=1

	SequenceNumber=19

	UserId=DESKTOP-M3AKJSD\User
	HostName=ConsoleHost
	HostVersion=5.1.26100.3624
	HostId=06070939-645a-4cb4-bb35-feff3e76ad09
	HostApplication=C:\Windows\System32\WindowsPowerShell\v1.0\powershell.exe
	EngineVersion=5.1.26100.3624
	RunspaceId=62516b95-d457-41c9-aa13-31b963bcf8bb
	PipelineId=5
	ScriptName=
	CommandLine=&lt;/string&gt;
&lt;string&gt;&lt;/string&gt;
&lt;string&gt;CommandInvocation(Out-Default): "Out-Default"
&lt;/string&gt;
</Data>
<Binary></Binary>
</EventData>
</Event>

<Event xmlns="http://schemas.microsoft.com/win/2004/08/events/event"><System><Provider Name="PowerShell"></Provider>
<EventID Qualifiers="0">800</EventID>
<Version>0</Version>
<Level>4</Level>
<Task>8</Task>
<Opcode>0</Opcode>
<Keywords>0x0080000000000000</Keywords>
<TimeCreated SystemTime="2025-04-10 06:29:16.811266"></TimeCreated>
<EventRecordID>606</EventRecordID>
<Correlation ActivityID="" RelatedActivityID=""></Correlation>
<Execution ProcessID="9808" ThreadID="0"></Execution>
<Channel>Windows PowerShell</Channel>
<Computer>DESKTOP-M3AKJSD</Computer>
<Security UserID=""></Security>
</System>
<EventData><Data>&lt;string&gt;    Microsoft.PowerShell.Core\Set-StrictMode -Off
&lt;/string&gt;
&lt;string&gt;	DetailSequence=1
	DetailTotal=1

	SequenceNumber=21

	UserId=DESKTOP-M3AKJSD\User
	HostName=ConsoleHost
	HostVersion=5.1.26100.3624
	HostId=06070939-645a-4cb4-bb35-feff3e76ad09
	HostApplication=C:\Windows\System32\WindowsPowerShell\v1.0\powershell.exe
	EngineVersion=5.1.26100.3624
	RunspaceId=62516b95-d457-41c9-aa13-31b963bcf8bb
	PipelineId=7
	ScriptName=C:\Program Files\WindowsPowerShell\Modules\PSReadLine\2.0.0\PSReadLine.psm1
	CommandLine=    Microsoft.PowerShell.Core\Set-StrictMode -Off
&lt;/string&gt;
&lt;string&gt;CommandInvocation(Set-StrictMode): "Set-StrictMode"
ParameterBinding(Set-StrictMode): name="Off"; value="True"
&lt;/string&gt;
</Data>
<Binary></Binary>
</EventData>
</Event>

<Event xmlns="http://schemas.microsoft.com/win/2004/08/events/event"><System><Provider Name="PowerShell"></Provider>
<EventID Qualifiers="0">800</EventID>
<Version>0</Version>
<Level>4</Level>
<Task>8</Task>
<Opcode>0</Opcode>
<Keywords>0x0080000000000000</Keywords>
<TimeCreated SystemTime="2025-04-10 06:29:28.454500"></TimeCreated>
<EventRecordID>607</EventRecordID>
<Correlation ActivityID="" RelatedActivityID=""></Correlation>
<Execution ProcessID="9808" ThreadID="0"></Execution>
<Channel>Windows PowerShell</Channel>
<Computer>DESKTOP-M3AKJSD</Computer>
<Security UserID=""></Security>
</System>
<EventData><Data>&lt;string&gt;	DetailSequence=1
	DetailTotal=1

	SequenceNumber=23

	UserId=DESKTOP-M3AKJSD\User
	HostName=ConsoleHost
	HostVersion=5.1.26100.3624
	HostId=06070939-645a-4cb4-bb35-feff3e76ad09
	HostApplication=C:\Windows\System32\WindowsPowerShell\v1.0\powershell.exe
	EngineVersion=5.1.26100.3624
	RunspaceId=62516b95-d457-41c9-aa13-31b963bcf8bb
	PipelineId=7
	ScriptName=
	CommandLine=&lt;/string&gt;
&lt;string&gt;&lt;/string&gt;
&lt;string&gt;CommandInvocation(PSConsoleHostReadLine): "PSConsoleHostReadLine"
&lt;/string&gt;
</Data>
<Binary></Binary>
</EventData>
</Event>

