<Event xmlns="http://schemas.microsoft.com/win/2004/08/events/event"><System><Provider Name="Microsoft-Windows-PowerShell" Guid="{a0c1853b-5c40-4b15-8766-3cf1c58f985a}"></Provider>
<EventID Qualifiers="">4104</EventID>
<Version>1</Version>
<Level>5</Level>
<Task>2</Task>
<Opcode>15</Opcode>
<Keywords>0x0000000000000000</Keywords>
<TimeCreated SystemTime="2025-04-10 06:12:14.888924"></TimeCreated>
<EventRecordID>3172</EventRecordID>
<Correlation ActivityID="{d72fe4f3-a9dd-0002-bc74-30d7dda9db01}" RelatedActivityID=""></Correlation>
<Execution ProcessID="5616" ThreadID="2568"></Execution>
<Channel>Microsoft-Windows-PowerShell/Operational</Channel>
<Computer>DESKTOP-M3AKJSD</Computer>
<Security UserID="S-1-5-21-3999086100-426973801-4203759309-1002"></Security>
</System>
<EventData><Data Name="MessageNumber">1</Data>
<Data Name="MessageTotal">1</Data>
<Data Name="ScriptBlockText">{$_.Name}</Data>
<Data Name="ScriptBlockId">c9381d1a-e260-4a7e-b523-83411f9b6327</Data>
<Data Name="Path">C:\WINDOWS\TEMP\SDIAG_1ce381e2-2110-4de5-b469-608e12337a67\TS_WERQueue.ps1</Data>
</EventData>
</Event>

<Event xmlns="http://schemas.microsoft.com/win/2004/08/events/event"><System><Provider Name="Microsoft-Windows-PowerShell" Guid="{a0c1853b-5c40-4b15-8766-3cf1c58f985a}"></Provider>
<EventID Qualifiers="">4105</EventID>
<Version>1</Version>
<Level>5</Level>
<Task>102</Task>
<Opcode>15</Opcode>
<Keywords>0x0000000000000000</Keywords>
<TimeCreated SystemTime="2025-04-10 06:12:14.888929"></TimeCreated>
<EventRecordID>3173</EventRecordID>
<Correlation ActivityID="{d72fe4f3-a9dd-0002-bc74-30d7dda9db01}" RelatedActivityID=""></Correlation>
<Execution ProcessID="5616" ThreadID="2568"></Execution>
<Channel>Microsoft-Windows-PowerShell/Operational</Channel>
<Computer>DESKTOP-M3AKJSD</Computer>
<Security UserID="S-1-5-21-3999086100-426973801-4203759309-1002"></Security>
</System>
<EventData><Data Name="ScriptBlockId">c9381d1a-e260-4a7e-b523-83411f9b6327</Data>
<Data Name="RunspaceId">ac635bc2-7fac-47a2-9734-707b73c7c7e8</Data>
</EventData>
</Event>

<Event xmlns="http://schemas.microsoft.com/win/2004/08/events/event"><System><Provider Name="Microsoft-Windows-PowerShell" Guid="{a0c1853b-5c40-4b15-8766-3cf1c58f985a}"></Provider>
<EventID Qualifiers="">4106</EventID>
<Version>1</Version>
<Level>5</Level>
<Task>103</Task>
<Opcode>15</Opcode>
<Keywords>0x0000000000000000</Keywords>
<TimeCreated SystemTime="2025-04-10 06:12:14.892115"></TimeCreated>
<EventRecordID>3174</EventRecordID>
<Correlation ActivityID="{d72fe4f3-a9dd-0002-bc74-30d7dda9db01}" RelatedActivityID=""></Correlation>
<Execution ProcessID="5616" ThreadID="2568"></Execution>
<Channel>Microsoft-Windows-PowerShell/Operational</Channel>
<Computer>DESKTOP-M3AKJSD</Computer>
<Security UserID="S-1-5-21-3999086100-426973801-4203759309-1002"></Security>
</System>
<EventData><Data Name="ScriptBlockId">c9381d1a-e260-4a7e-b523-83411f9b6327</Data>
<Data Name="RunspaceId">ac635bc2-7fac-47a2-9734-707b73c7c7e8</Data>
</EventData>
</Event>

<Event xmlns="http://schemas.microsoft.com/win/2004/08/events/event"><System><Provider Name="Microsoft-Windows-PowerShell" Guid="{a0c1853b-5c40-4b15-8766-3cf1c58f985a}"></Provider>
<EventID Qualifiers="">4104</EventID>
<Version>1</Version>
<Level>5</Level>
<Task>2</Task>
<Opcode>15</Opcode>
<Keywords>0x0000000000000000</Keywords>
<TimeCreated SystemTime="2025-04-10 06:12:14.911491"></TimeCreated>
<EventRecordID>3175</EventRecordID>
<Correlation ActivityID="{d72fe4f3-a9dd-0002-bc74-30d7dda9db01}" RelatedActivityID=""></Correlation>
<Execution ProcessID="5616" ThreadID="2568"></Execution>
<Channel>Microsoft-Windows-PowerShell/Operational</Channel>
<Computer>DESKTOP-M3AKJSD</Computer>
<Security UserID="S-1-5-21-3999086100-426973801-4203759309-1002"></Security>
</System>
<EventData><Data Name="MessageNumber">1</Data>
<Data Name="MessageTotal">1</Data>
<Data Name="ScriptBlockText">{(Format-DiskSpaceMB $_.Space) + "MB"}</Data>
<Data Name="ScriptBlockId">d2ddf526-bd21-4337-a8c8-242ea1e5c145</Data>
<Data Name="Path">C:\WINDOWS\TEMP\SDIAG_1ce381e2-2110-4de5-b469-608e12337a67\TS_WERQueue.ps1</Data>
</EventData>
</Event>

<Event xmlns="http://schemas.microsoft.com/win/2004/08/events/event"><System><Provider Name="Microsoft-Windows-PowerShell" Guid="{a0c1853b-5c40-4b15-8766-3cf1c58f985a}"></Provider>
<EventID Qualifiers="">4105</EventID>
<Version>1</Version>
<Level>5</Level>
<Task>102</Task>
<Opcode>15</Opcode>
<Keywords>0x0000000000000000</Keywords>
<TimeCreated SystemTime="2025-04-10 06:12:14.911493"></TimeCreated>
<EventRecordID>3176</EventRecordID>
<Correlation ActivityID="{d72fe4f3-a9dd-0002-bc74-30d7dda9db01}" RelatedActivityID=""></Correlation>
<Execution ProcessID="5616" ThreadID="2568"></Execution>
<Channel>Microsoft-Windows-PowerShell/Operational</Channel>
<Computer>DESKTOP-M3AKJSD</Computer>
<Security UserID="S-1-5-21-3999086100-426973801-4203759309-1002"></Security>
</System>
<EventData><Data Name="ScriptBlockId">d2ddf526-bd21-4337-a8c8-242ea1e5c145</Data>
<Data Name="RunspaceId">ac635bc2-7fac-47a2-9734-707b73c7c7e8</Data>
</EventData>
</Event>

<Event xmlns="http://schemas.microsoft.com/win/2004/08/events/event"><System><Provider Name="Microsoft-Windows-PowerShell" Guid="{a0c1853b-5c40-4b15-8766-3cf1c58f985a}"></Provider>
<EventID Qualifiers="">4105</EventID>
<Version>1</Version>
<Level>5</Level>
<Task>102</Task>
<Opcode>15</Opcode>
<Keywords>0x0000000000000000</Keywords>
<TimeCreated SystemTime="2025-04-10 06:12:14.914795"></TimeCreated>
<EventRecordID>3177</EventRecordID>
<Correlation ActivityID="{d72fe4f3-a9dd-0001-3594-30d7dda9db01}" RelatedActivityID=""></Correlation>
<Execution ProcessID="5616" ThreadID="2568"></Execution>
<Channel>Microsoft-Windows-PowerShell/Operational</Channel>
<Computer>DESKTOP-M3AKJSD</Computer>
<Security UserID="S-1-5-21-3999086100-426973801-4203759309-1002"></Security>
</System>
<EventData><Data Name="ScriptBlockId">a9acbe52-db8f-4a3d-947f-71049677e49f</Data>
<Data Name="RunspaceId">ac635bc2-7fac-47a2-9734-707b73c7c7e8</Data>
</EventData>
</Event>

<Event xmlns="http://schemas.microsoft.com/win/2004/08/events/event"><System><Provider Name="Microsoft-Windows-PowerShell" Guid="{a0c1853b-5c40-4b15-8766-3cf1c58f985a}"></Provider>
<EventID Qualifiers="">4106</EventID>
<Version>1</Version>
<Level>5</Level>
<Task>103</Task>
<Opcode>15</Opcode>
<Keywords>0x0000000000000000</Keywords>
<TimeCreated SystemTime="2025-04-10 06:12:14.914942"></TimeCreated>
<EventRecordID>3178</EventRecordID>
<Correlation ActivityID="{d72fe4f3-a9dd-0001-3594-30d7dda9db01}" RelatedActivityID=""></Correlation>
<Execution ProcessID="5616" ThreadID="2568"></Execution>
<Channel>Microsoft-Windows-PowerShell/Operational</Channel>
<Computer>DESKTOP-M3AKJSD</Computer>
<Security UserID="S-1-5-21-3999086100-426973801-4203759309-1002"></Security>
</System>
<EventData><Data Name="ScriptBlockId">a9acbe52-db8f-4a3d-947f-71049677e49f</Data>
<Data Name="RunspaceId">ac635bc2-7fac-47a2-9734-707b73c7c7e8</Data>
</EventData>
</Event>

<Event xmlns="http://schemas.microsoft.com/win/2004/08/events/event"><System><Provider Name="Microsoft-Windows-PowerShell" Guid="{a0c1853b-5c40-4b15-8766-3cf1c58f985a}"></Provider>
<EventID Qualifiers="">4106</EventID>
<Version>1</Version>
<Level>5</Level>
<Task>103</Task>
<Opcode>15</Opcode>
<Keywords>0x0000000000000000</Keywords>
<TimeCreated SystemTime="2025-04-10 06:12:14.914978"></TimeCreated>
<EventRecordID>3179</EventRecordID>
<Correlation ActivityID="{d72fe4f3-a9dd-0001-3594-30d7dda9db01}" RelatedActivityID=""></Correlation>
<Execution ProcessID="5616" ThreadID="2568"></Execution>
<Channel>Microsoft-Windows-PowerShell/Operational</Channel>
<Computer>DESKTOP-M3AKJSD</Computer>
<Security UserID="S-1-5-21-3999086100-426973801-4203759309-1002"></Security>
</System>
<EventData><Data Name="ScriptBlockId">d2ddf526-bd21-4337-a8c8-242ea1e5c145</Data>
<Data Name="RunspaceId">ac635bc2-7fac-47a2-9734-707b73c7c7e8</Data>
</EventData>
</Event>

<Event xmlns="http://schemas.microsoft.com/win/2004/08/events/event"><System><Provider Name="Microsoft-Windows-PowerShell" Guid="{a0c1853b-5c40-4b15-8766-3cf1c58f985a}"></Provider>
<EventID Qualifiers="">4104</EventID>
<Version>1</Version>
<Level>5</Level>
<Task>2</Task>
<Opcode>15</Opcode>
<Keywords>0x0000000000000000</Keywords>
<TimeCreated SystemTime="2025-04-10 06:12:14.930599"></TimeCreated>
<EventRecordID>3180</EventRecordID>
<Correlation ActivityID="{d72fe4f3-a9dd-0003-ab66-30d7dda9db01}" RelatedActivityID=""></Correlation>
<Execution ProcessID="5616" ThreadID="2568"></Execution>
<Channel>Microsoft-Windows-PowerShell/Operational</Channel>
<Computer>DESKTOP-M3AKJSD</Computer>
<Security UserID="S-1-5-21-3999086100-426973801-4203759309-1002"></Security>
</System>
<EventData><Data Name="MessageNumber">1</Data>
<Data Name="MessageTotal">1</Data>
<Data Name="ScriptBlockText">{$_.Name}</Data>
<Data Name="ScriptBlockId">0f074342-4a7b-4639-a033-e5c747bfa9ef</Data>
<Data Name="Path">C:\WINDOWS\TEMP\SDIAG_1ce381e2-2110-4de5-b469-608e12337a67\TS_WERQueue.ps1</Data>
</EventData>
</Event>

<Event xmlns="http://schemas.microsoft.com/win/2004/08/events/event"><System><Provider Name="Microsoft-Windows-PowerShell" Guid="{a0c1853b-5c40-4b15-8766-3cf1c58f985a}"></Provider>
<EventID Qualifiers="">4105</EventID>
<Version>1</Version>
<Level>5</Level>
<Task>102</Task>
<Opcode>15</Opcode>
<Keywords>0x0000000000000000</Keywords>
<TimeCreated SystemTime="2025-04-10 06:12:14.930603"></TimeCreated>
<EventRecordID>3181</EventRecordID>
<Correlation ActivityID="{d72fe4f3-a9dd-0003-ab66-30d7dda9db01}" RelatedActivityID=""></Correlation>
<Execution ProcessID="5616" ThreadID="2568"></Execution>
<Channel>Microsoft-Windows-PowerShell/Operational</Channel>
<Computer>DESKTOP-M3AKJSD</Computer>
<Security UserID="S-1-5-21-3999086100-426973801-4203759309-1002"></Security>
</System>
<EventData><Data Name="ScriptBlockId">0f074342-4a7b-4639-a033-e5c747bfa9ef</Data>
<Data Name="RunspaceId">ac635bc2-7fac-47a2-9734-707b73c7c7e8</Data>
</EventData>
</Event>

<Event xmlns="http://schemas.microsoft.com/win/2004/08/events/event"><System><Provider Name="Microsoft-Windows-PowerShell" Guid="{a0c1853b-5c40-4b15-8766-3cf1c58f985a}"></Provider>
<EventID Qualifiers="">4106</EventID>
<Version>1</Version>
<Level>5</Level>
<Task>103</Task>
<Opcode>15</Opcode>
<Keywords>0x0000000000000000</Keywords>
<TimeCreated SystemTime="2025-04-10 06:12:14.930635"></TimeCreated>
<EventRecordID>3182</EventRecordID>
<Correlation ActivityID="{d72fe4f3-a9dd-0003-ab66-30d7dda9db01}" RelatedActivityID=""></Correlation>
<Execution ProcessID="5616" ThreadID="2568"></Execution>
<Channel>Microsoft-Windows-PowerShell/Operational</Channel>
<Computer>DESKTOP-M3AKJSD</Computer>
<Security UserID="S-1-5-21-3999086100-426973801-4203759309-1002"></Security>
</System>
<EventData><Data Name="ScriptBlockId">0f074342-4a7b-4639-a033-e5c747bfa9ef</Data>
<Data Name="RunspaceId">ac635bc2-7fac-47a2-9734-707b73c7c7e8</Data>
</EventData>
</Event>

<Event xmlns="http://schemas.microsoft.com/win/2004/08/events/event"><System><Provider Name="Microsoft-Windows-PowerShell" Guid="{a0c1853b-5c40-4b15-8766-3cf1c58f985a}"></Provider>
<EventID Qualifiers="">4104</EventID>
<Version>1</Version>
<Level>5</Level>
<Task>2</Task>
<Opcode>15</Opcode>
<Keywords>0x0000000000000000</Keywords>
<TimeCreated SystemTime="2025-04-10 06:12:14.932306"></TimeCreated>
<EventRecordID>3183</EventRecordID>
<Correlation ActivityID="{d72fe4f3-a9dd-0003-ab66-30d7dda9db01}" RelatedActivityID=""></Correlation>
<Execution ProcessID="5616" ThreadID="2568"></Execution>
<Channel>Microsoft-Windows-PowerShell/Operational</Channel>
<Computer>DESKTOP-M3AKJSD</Computer>
<Security UserID="S-1-5-21-3999086100-426973801-4203759309-1002"></Security>
</System>
<EventData><Data Name="MessageNumber">1</Data>
<Data Name="MessageTotal">1</Data>
<Data Name="ScriptBlockText">{(Format-DiskSpaceMB $_.Space) + "MB"}</Data>
<Data Name="ScriptBlockId">8d91edd8-6f07-4b3b-bcd7-5fdcee372b88</Data>
<Data Name="Path">C:\WINDOWS\TEMP\SDIAG_1ce381e2-2110-4de5-b469-608e12337a67\TS_WERQueue.ps1</Data>
</EventData>
</Event>

<Event xmlns="http://schemas.microsoft.com/win/2004/08/events/event"><System><Provider Name="Microsoft-Windows-PowerShell" Guid="{a0c1853b-5c40-4b15-8766-3cf1c58f985a}"></Provider>
<EventID Qualifiers="">4105</EventID>
<Version>1</Version>
<Level>5</Level>
<Task>102</Task>
<Opcode>15</Opcode>
<Keywords>0x0000000000000000</Keywords>
<TimeCreated SystemTime="2025-04-10 06:12:14.932310"></TimeCreated>
<EventRecordID>3184</EventRecordID>
<Correlation ActivityID="{d72fe4f3-a9dd-0003-ab66-30d7dda9db01}" RelatedActivityID=""></Correlation>
<Execution ProcessID="5616" ThreadID="2568"></Execution>
<Channel>Microsoft-Windows-PowerShell/Operational</Channel>
<Computer>DESKTOP-M3AKJSD</Computer>
<Security UserID="S-1-5-21-3999086100-426973801-4203759309-1002"></Security>
</System>
<EventData><Data Name="ScriptBlockId">8d91edd8-6f07-4b3b-bcd7-5fdcee372b88</Data>
<Data Name="RunspaceId">ac635bc2-7fac-47a2-9734-707b73c7c7e8</Data>
</EventData>
</Event>

<Event xmlns="http://schemas.microsoft.com/win/2004/08/events/event"><System><Provider Name="Microsoft-Windows-PowerShell" Guid="{a0c1853b-5c40-4b15-8766-3cf1c58f985a}"></Provider>
<EventID Qualifiers="">4105</EventID>
<Version>1</Version>
<Level>5</Level>
<Task>102</Task>
<Opcode>15</Opcode>
<Keywords>0x0000000000000000</Keywords>
<TimeCreated SystemTime="2025-04-10 06:12:14.932428"></TimeCreated>
<EventRecordID>3185</EventRecordID>
<Correlation ActivityID="{d72fe4f3-a9dd-0003-ac66-30d7dda9db01}" RelatedActivityID=""></Correlation>
<Execution ProcessID="5616" ThreadID="2568"></Execution>
<Channel>Microsoft-Windows-PowerShell/Operational</Channel>
<Computer>DESKTOP-M3AKJSD</Computer>
<Security UserID="S-1-5-21-3999086100-426973801-4203759309-1002"></Security>
</System>
<EventData><Data Name="ScriptBlockId">a9acbe52-db8f-4a3d-947f-71049677e49f</Data>
<Data Name="RunspaceId">ac635bc2-7fac-47a2-9734-707b73c7c7e8</Data>
</EventData>
</Event>

<Event xmlns="http://schemas.microsoft.com/win/2004/08/events/event"><System><Provider Name="Microsoft-Windows-PowerShell" Guid="{a0c1853b-5c40-4b15-8766-3cf1c58f985a}"></Provider>
<EventID Qualifiers="">4106</EventID>
<Version>1</Version>
<Level>5</Level>
<Task>103</Task>
<Opcode>15</Opcode>
<Keywords>0x0000000000000000</Keywords>
<TimeCreated SystemTime="2025-04-10 06:12:14.932487"></TimeCreated>
<EventRecordID>3186</EventRecordID>
<Correlation ActivityID="{d72fe4f3-a9dd-0003-ac66-30d7dda9db01}" RelatedActivityID=""></Correlation>
<Execution ProcessID="5616" ThreadID="2568"></Execution>
<Channel>Microsoft-Windows-PowerShell/Operational</Channel>
<Computer>DESKTOP-M3AKJSD</Computer>
<Security UserID="S-1-5-21-3999086100-426973801-4203759309-1002"></Security>
</System>
<EventData><Data Name="ScriptBlockId">a9acbe52-db8f-4a3d-947f-71049677e49f</Data>
<Data Name="RunspaceId">ac635bc2-7fac-47a2-9734-707b73c7c7e8</Data>
</EventData>
</Event>

<Event xmlns="http://schemas.microsoft.com/win/2004/08/events/event"><System><Provider Name="Microsoft-Windows-PowerShell" Guid="{a0c1853b-5c40-4b15-8766-3cf1c58f985a}"></Provider>
<EventID Qualifiers="">4106</EventID>
<Version>1</Version>
<Level>5</Level>
<Task>103</Task>
<Opcode>15</Opcode>
<Keywords>0x0000000000000000</Keywords>
<TimeCreated SystemTime="2025-04-10 06:12:14.932508"></TimeCreated>
<EventRecordID>3187</EventRecordID>
<Correlation ActivityID="{d72fe4f3-a9dd-0003-ac66-30d7dda9db01}" RelatedActivityID=""></Correlation>
<Execution ProcessID="5616" ThreadID="2568"></Execution>
<Channel>Microsoft-Windows-PowerShell/Operational</Channel>
<Computer>DESKTOP-M3AKJSD</Computer>
<Security UserID="S-1-5-21-3999086100-426973801-4203759309-1002"></Security>
</System>
<EventData><Data Name="ScriptBlockId">8d91edd8-6f07-4b3b-bcd7-5fdcee372b88</Data>
<Data Name="RunspaceId">ac635bc2-7fac-47a2-9734-707b73c7c7e8</Data>
</EventData>
</Event>

<Event xmlns="http://schemas.microsoft.com/win/2004/08/events/event"><System><Provider Name="Microsoft-Windows-PowerShell" Guid="{a0c1853b-5c40-4b15-8766-3cf1c58f985a}"></Provider>
<EventID Qualifiers="">4105</EventID>
<Version>1</Version>
<Level>5</Level>
<Task>102</Task>
<Opcode>15</Opcode>
<Keywords>0x0000000000000000</Keywords>
<TimeCreated SystemTime="2025-04-10 06:12:14.948009"></TimeCreated>
<EventRecordID>3188</EventRecordID>
<Correlation ActivityID="{d72fe4f3-a9dd-0000-979a-30d7dda9db01}" RelatedActivityID=""></Correlation>
<Execution ProcessID="5616" ThreadID="2568"></Execution>
<Channel>Microsoft-Windows-PowerShell/Operational</Channel>
<Computer>DESKTOP-M3AKJSD</Computer>
<Security UserID="S-1-5-21-3999086100-426973801-4203759309-1002"></Security>
</System>
<EventData><Data Name="ScriptBlockId">a9acbe52-db8f-4a3d-947f-71049677e49f</Data>
<Data Name="RunspaceId">ac635bc2-7fac-47a2-9734-707b73c7c7e8</Data>
</EventData>
</Event>

<Event xmlns="http://schemas.microsoft.com/win/2004/08/events/event"><System><Provider Name="Microsoft-Windows-PowerShell" Guid="{a0c1853b-5c40-4b15-8766-3cf1c58f985a}"></Provider>
<EventID Qualifiers="">4106</EventID>
<Version>1</Version>
<Level>5</Level>
<Task>103</Task>
<Opcode>15</Opcode>
<Keywords>0x0000000000000000</Keywords>
<TimeCreated SystemTime="2025-04-10 06:12:14.948092"></TimeCreated>
<EventRecordID>3189</EventRecordID>
<Correlation ActivityID="{d72fe4f3-a9dd-0000-979a-30d7dda9db01}" RelatedActivityID=""></Correlation>
<Execution ProcessID="5616" ThreadID="2568"></Execution>
<Channel>Microsoft-Windows-PowerShell/Operational</Channel>
<Computer>DESKTOP-M3AKJSD</Computer>
<Security UserID="S-1-5-21-3999086100-426973801-4203759309-1002"></Security>
</System>
<EventData><Data Name="ScriptBlockId">a9acbe52-db8f-4a3d-947f-71049677e49f</Data>
<Data Name="RunspaceId">ac635bc2-7fac-47a2-9734-707b73c7c7e8</Data>
</EventData>
</Event>

<Event xmlns="http://schemas.microsoft.com/win/2004/08/events/event"><System><Provider Name="Microsoft-Windows-PowerShell" Guid="{a0c1853b-5c40-4b15-8766-3cf1c58f985a}"></Provider>
<EventID Qualifiers="">4106</EventID>
<Version>1</Version>
<Level>5</Level>
<Task>103</Task>
<Opcode>15</Opcode>
<Keywords>0x0000000000000000</Keywords>
<TimeCreated SystemTime="2025-04-10 06:12:14.957811"></TimeCreated>
<EventRecordID>3190</EventRecordID>
<Correlation ActivityID="{d72fe4f3-a9dd-0003-af66-30d7dda9db01}" RelatedActivityID=""></Correlation>
<Execution ProcessID="5616" ThreadID="2568"></Execution>
<Channel>Microsoft-Windows-PowerShell/Operational</Channel>
<Computer>DESKTOP-M3AKJSD</Computer>
<Security UserID="S-1-5-21-3999086100-426973801-4203759309-1002"></Security>
</System>
<EventData><Data Name="ScriptBlockId">6a95808a-81e7-4ebc-8738-32d641da600d</Data>
<Data Name="RunspaceId">ac635bc2-7fac-47a2-9734-707b73c7c7e8</Data>
</EventData>
</Event>

<Event xmlns="http://schemas.microsoft.com/win/2004/08/events/event"><System><Provider Name="Microsoft-Windows-PowerShell" Guid="{a0c1853b-5c40-4b15-8766-3cf1c58f985a}"></Provider>
<EventID Qualifiers="">4106</EventID>
<Version>1</Version>
<Level>5</Level>
<Task>103</Task>
<Opcode>15</Opcode>
<Keywords>0x0000000000000000</Keywords>
<TimeCreated SystemTime="2025-04-10 06:12:14.957829"></TimeCreated>
<EventRecordID>3191</EventRecordID>
<Correlation ActivityID="{d72fe4f3-a9dd-0003-6d66-30d7dda9db01}" RelatedActivityID=""></Correlation>
<Execution ProcessID="5616" ThreadID="2568"></Execution>
<Channel>Microsoft-Windows-PowerShell/Operational</Channel>
<Computer>DESKTOP-M3AKJSD</Computer>
<Security UserID="S-1-5-21-3999086100-426973801-4203759309-1002"></Security>
</System>
<EventData><Data Name="ScriptBlockId">283574ec-3e27-4624-b4ea-f969b5e2d73d</Data>
<Data Name="RunspaceId">ac635bc2-7fac-47a2-9734-707b73c7c7e8</Data>
</EventData>
</Event>

<Event xmlns="http://schemas.microsoft.com/win/2004/08/events/event"><System><Provider Name="Microsoft-Windows-PowerShell" Guid="{a0c1853b-5c40-4b15-8766-3cf1c58f985a}"></Provider>
<EventID Qualifiers="">4104</EventID>
<Version>1</Version>
<Level>5</Level>
<Task>2</Task>
<Opcode>15</Opcode>
<Keywords>0x0000000000000000</Keywords>
<TimeCreated SystemTime="2025-04-10 06:12:14.969839"></TimeCreated>
<EventRecordID>3192</EventRecordID>
<Correlation ActivityID="{d72fe4f3-a9dd-0000-9b9a-30d7dda9db01}" RelatedActivityID=""></Correlation>
<Execution ProcessID="5616" ThreadID="3132"></Execution>
<Channel>Microsoft-Windows-PowerShell/Operational</Channel>
<Computer>DESKTOP-M3AKJSD</Computer>
<Security UserID="S-1-5-21-3999086100-426973801-4203759309-1002"></Security>
</System>
<EventData><Data Name="MessageNumber">1</Data>
<Data Name="MessageTotal">1</Data>
<Data Name="ScriptBlockText">
function Test-Caller {
    param(
        [Parameter(Mandatory=$true)]
        [System.Management.Automation.CallStackFrame[]]
        $CallStack
    )
    $caller = $CallStack[1]
    $location = $caller.Location
    Write-Verbose -Message $('caller: ' + $location) -Verbose
    if ($location -eq '&lt;No file&gt;') {
        throw 'Invoke-Expression cannot be used in a script'
    }
}

function Invoke-Expression {
    [CmdletBinding(HelpUri='https://go.microsoft.com/fwlink/?LinkID=2097030')]
param(
    [Parameter(Mandatory=$true, Position=0, ValueFromPipeline=$true)]
    [string]
    ${Command})

begin
{
    try {
        Test-Caller -CallStack (Get-PSCallStack)
        $outBuffer = $null
        if ($PSBoundParameters.TryGetValue('OutBuffer', [ref]$outBuffer))
        {
            $PSBoundParameters['OutBuffer'] = 1
        }

        $wrappedCmd = $ExecutionContext.InvokeCommand.GetCommand('Microsoft.PowerShell.Utility\Invoke-Expression', [System.Management.Automation.CommandTypes]::Cmdlet)
        $scriptCmd = {&amp; $wrappedCmd @PSBoundParameters }

        $steppablePipeline = $scriptCmd.GetSteppablePipeline($myInvocation.CommandOrigin)
        $steppablePipeline.Begin($PSCmdlet)
    } catch {
        throw
    }
}

process
{
    try {
        $steppablePipeline.Process($_)
    } catch {
        throw
    }
}

end
{
    try {
        $steppablePipeline.End()
    } catch {
        throw
    }
}
}

function Invoke-Command {
    [CmdletBinding(DefaultParameterSetName='InProcess', HelpUri='https://go.microsoft.com/fwlink/?LinkID=2096789', RemotingCapability='OwnedByCommand')]
    param(
        [Parameter(ParameterSetName='Session', Position=0)]
        [Parameter(ParameterSetName='FilePathRunspace', Position=0)]
        [ValidateNotNullOrEmpty()]
        [System.Management.Automation.Runspaces.PSSession[]]
        ${Session},

        [Parameter(ParameterSetName='ComputerName', Position=0)]
        [Parameter(ParameterSetName='FilePathComputerName', Position=0)]
        [Alias('Cn')]
        [ValidateNotNullOrEmpty()]
        [string[]]
        ${ComputerName},

        [Parameter(ParameterSetName='ComputerName', ValueFromPipelineByPropertyName=$true)]
        [Parameter(ParameterSetName='Uri', ValueFromPipelineByPropertyName=$true)]
        [Parameter(ParameterSetName='FilePathComputerName', ValueFromPipelineByPropertyName=$true)]
        [Parameter(ParameterSetName='FilePathUri', ValueFromPipelineByPropertyName=$true)]
        [Parameter(ParameterSetName='VMId', Mandatory=$true, ValueFromPipelineByPropertyName=$true)]
        [Parameter(ParameterSetName='VMName', Mandatory=$true, ValueFromPipelineByPropertyName=$true)]
        [Parameter(ParameterSetName='FilePathVMId', Mandatory=$true, ValueFromPipelineByPropertyName=$true)]
        [Parameter(ParameterSetName='FilePathVMName', Mandatory=$true, ValueFromPipelineByPropertyName=$true)]
        [pscredential]
        [System.Management.Automation.CredentialAttribute()]
        ${Credential},

        [Parameter(ParameterSetName='ComputerName')]
        [Parameter(ParameterSetName='FilePathComputerName')]
        [Parameter(ParameterSetName='SSHHost')]
        [ValidateRange(1, 65535)]
        [int]
        ${Port},

        [Parameter(ParameterSetName='ComputerName')]
        [Parameter(ParameterSetName='FilePathComputerName')]
        [switch]
        ${UseSSL},

        [Parameter(ParameterSetName='ComputerName', ValueFromPipelineByPropertyName=$true)]
        [Parameter(ParameterSetName='Uri', ValueFromPipelineByPropertyName=$true)]
        [Parameter(ParameterSetName='FilePathComputerName', ValueFromPipelineByPropertyName=$true)]
        [Parameter(ParameterSetName='FilePathUri', ValueFromPipelineByPropertyName=$true)]
        [Parameter(ParameterSetName='ContainerId', ValueFromPipelineByPropertyName=$true)]
        [Parameter(ParameterSetName='VMId', ValueFromPipelineByPropertyName=$true)]
        [Parameter(ParameterSetName='VMName', ValueFromPipelineByPropertyName=$true)]
        [Parameter(ParameterSetName='FilePathContainerId', ValueFromPipelineByPropertyName=$true)]
        [Parameter(ParameterSetName='FilePathVMId', ValueFromPipelineByPropertyName=$true)]
        [Parameter(ParameterSetName='FilePathVMName', ValueFromPipelineByPropertyName=$true)]
        [string]
        ${ConfigurationName},

        [Parameter(ParameterSetName='ComputerName', ValueFromPipelineByPropertyName=$true)]
        [Parameter(ParameterSetName='FilePathComputerName', ValueFromPipelineByPropertyName=$true)]
        [string]
        ${ApplicationName},

        [Parameter(ParameterSetName='ComputerName')]
        [Parameter(ParameterSetName='Session')]
        [Parameter(ParameterSetName='Uri')]
        [Parameter(ParameterSetName='FilePathComputerName')]
        [Parameter(ParameterSetName='FilePathRunspace')]
        [Parameter(ParameterSetName='FilePathUri')]
        [Parameter(ParameterSetName='VMId')]
        [Parameter(ParameterSetName='VMName')]
        [Parameter(ParameterSetName='ContainerId')]
        [Parameter(ParameterSetName='FilePathVMId')]
        [Parameter(ParameterSetName='FilePathVMName')]
        [Parameter(ParameterSetName='FilePathContainerId')]
        [int]
        ${ThrottleLimit},

        [Parameter(ParameterSetName='Uri', Position=0)]
        [Parameter(ParameterSetName='FilePathUri', Position=0)]
        [Alias('URI','CU')]
        [ValidateNotNullOrEmpty()]
        [uri[]]
        ${ConnectionUri},

        [Parameter(ParameterSetName='ComputerName')]
        [Parameter(ParameterSetName='Session')]
        [Parameter(ParameterSetName='Uri')]
        [Parameter(ParameterSetName='FilePathComputerName')]
        [Parameter(ParameterSetName='FilePathRunspace')]
        [Parameter(ParameterSetName='FilePathUri')]
        [Parameter(ParameterSetName='VMId')]
        [Parameter(ParameterSetName='VMName')]
        [Parameter(ParameterSetName='ContainerId')]
        [Parameter(ParameterSetName='FilePathVMId')]
        [Parameter(ParameterSetName='FilePathVMName')]
        [Parameter(ParameterSetName='FilePathContainerId')]
        [Parameter(ParameterSetName='SSHHost')]
        [Parameter(ParameterSetName='SSHHostHashParam')]
        [Parameter(ParameterSetName='FilePathSSHHost')]
        [Parameter(ParameterSetName='FilePathSSHHostHash')]
        [switch]
        ${AsJob},

        [Parameter(ParameterSetName='ComputerName')]
        [Parameter(ParameterSetName='FilePathComputerName')]
        [Parameter(ParameterSetName='Uri')]
        [Parameter(ParameterSetName='FilePathUri')]
        [Alias('Disconnected')]
        [switch]
        ${InDisconnectedSession},

        [Parameter(ParameterSetName='ComputerName')]
        [Parameter(ParameterSetName='FilePathComputerName')]
        [ValidateNotNullOrEmpty()]
        [string[]]
        ${SessionName},

        [Parameter(ParameterSetName='ComputerName')]
        [Parameter(ParameterSetName='Session')]
        [Parameter(ParameterSetName='Uri')]
        [Parameter(ParameterSetName='FilePathComputerName')]
        [Parameter(ParameterSetName='FilePathRunspace')]
        [Parameter(ParameterSetName='FilePathUri')]
        [Parameter(ParameterSetName='VMId')]
        [Parameter(ParameterSetName='VMName')]
        [Parameter(ParameterSetName='ContainerId')]
        [Parameter(ParameterSetName='FilePathVMId')]
        [Parameter(ParameterSetName='FilePathVMName')]
        [Parameter(ParameterSetName='FilePathContainerId')]
        [Parameter(ParameterSetName='SSHHost')]
        [Parameter(ParameterSetName='SSHHostHashParam')]
        [Parameter(ParameterSetName='FilePathSSHHost')]
        [Parameter(ParameterSetName='FilePathSSHHostHash')]
        [Alias('HCN')]
        [switch]
        ${HideComputerName},

        [Parameter(ParameterSetName='ComputerName')]
        [Parameter(ParameterSetName='Session')]
        [Parameter(ParameterSetName='Uri')]
        [Parameter(ParameterSetName='FilePathComputerName')]
        [Parameter(ParameterSetName='FilePathRunspace')]
        [Parameter(ParameterSetName='FilePathUri')]
        [Parameter(ParameterSetName='ContainerId')]
        [Parameter(ParameterSetName='FilePathContainerId')]
        [Parameter(ParameterSetName='SSHHostHashParam')]
        [Parameter(ParameterSetName='SSHHost')]
        [string]
        ${JobName},

        [Parameter(ParameterSetName='ComputerName', Mandatory=$true, Position=1)]
        [Parameter(ParameterSetName='Session', Mandatory=$true, Position=1)]
        [Parameter(ParameterSetName='Uri', Mandatory=$true, Position=1)]
        [Parameter(ParameterSetName='InProcess', Mandatory=$true, Position=0)]
        [Parameter(ParameterSetName='VMId', Mandatory=$true, Position=1)]
        [Parameter(ParameterSetName='VMName', Mandatory=$true, Position=1)]
        [Parameter(ParameterSetName='ContainerId', Mandatory=$true, Position=1)]
        [Parameter(ParameterSetName='SSHHost', Mandatory=$true, Position=1)]
        [Parameter(ParameterSetName='SSHHostHashParam', Mandatory=$true, Position=1)]
        [Alias('Command')]
        [ValidateNotNull()]
        [scriptblock]
        ${ScriptBlock},

        [Parameter(ParameterSetName='InProcess')]
        [switch]
        ${NoNewScope},

        [Parameter(ParameterSetName='FilePathComputerName', Mandatory=$true, Position=1)]
        [Parameter(ParameterSetName='FilePathRunspace', Mandatory=$true, Position=1)]
        [Parameter(ParameterSetName='FilePathUri', Mandatory=$true, Position=1)]
        [Parameter(ParameterSetName='FilePathVMId', Mandatory=$true, Position=1)]
        [Parameter(ParameterSetName='FilePathVMName', Mandatory=$true, Position=1)]
        [Parameter(ParameterSetName='FilePathContainerId', Mandatory=$true, Position=1)]
        [Parameter(ParameterSetName='FilePathSSHHost', Mandatory=$true)]
        [Parameter(ParameterSetName='FilePathSSHHostHash', Mandatory=$true)]
        [Alias('PSPath')]
        [ValidateNotNull()]
        [string]
        ${FilePath},

        [Parameter(ParameterSetName='Uri')]
        [Parameter(ParameterSetName='FilePathUri')]
        [switch]
        ${AllowRedirection},

        [Parameter(ParameterSetName='ComputerName')]
        [Parameter(ParameterSetName='Uri')]
        [Parameter(ParameterSetName='FilePathComputerName')]
        [Parameter(ParameterSetName='FilePathUri')]
        [System.Management.Automation.Remoting.PSSessionOption]
        ${SessionOption},

        [Parameter(ParameterSetName='ComputerName')]
        [Parameter(ParameterSetName='FilePathComputerName')]
        [Parameter(ParameterSetName='Uri')]
        [Parameter(ParameterSetName='FilePathUri')]
        [System.Management.Automation.Runspaces.AuthenticationMechanism]
        ${Authentication},

        [Parameter(ParameterSetName='ComputerName')]
        [Parameter(ParameterSetName='FilePathComputerName')]
        [Parameter(ParameterSetName='Uri')]
        [Parameter(ParameterSetName='FilePathUri')]
        [switch]
        ${EnableNetworkAccess},

        [Parameter(ParameterSetName='ContainerId')]
        [Parameter(ParameterSetName='FilePathContainerId')]
        [switch]
        ${RunAsAdministrator},

        [Parameter(ParameterSetName='SSHHost', Mandatory=$true)]
        [Parameter(ParameterSetName='FilePathSSHHost', Mandatory=$true)]
        [ValidateNotNullOrEmpty()]
        [string[]]
        ${HostName},

        [Parameter(ParameterSetName='SSHHost')]
        [Parameter(ParameterSetName='FilePathSSHHost')]
        [ValidateNotNullOrEmpty()]
        [string]
        ${UserName},

        [Parameter(ParameterSetName='SSHHost')]
        [Parameter(ParameterSetName='FilePathSSHHost')]
        [Alias('IdentityFilePath')]
        [ValidateNotNullOrEmpty()]
        [string]
        ${KeyFilePath},

        [Parameter(ParameterSetName='SSHHost')]
        [Parameter(ParameterSetName='FilePathSSHHost')]
        [string]
        ${Subsystem},

        [Parameter(ParameterSetName='SSHHost')]
        [Parameter(ParameterSetName='FilePathSSHHost')]
        [int]
        ${ConnectingTimeout},

        [Parameter(ParameterSetName='SSHHost')]
        [Parameter(ParameterSetName='FilePathSSHHost')]
        [ValidateSet('true')]
        [switch]
        ${SSHTransport},

        [Parameter(ParameterSetName='SSHHostHashParam', Mandatory=$true)]
        [Parameter(ParameterSetName='FilePathSSHHostHash', Mandatory=$true)]
        [ValidateNotNullOrEmpty()]
        [hashtable[]]
        ${SSHConnection},

        [Parameter(ParameterSetName='ComputerName')]
        [Parameter(ParameterSetName='Session')]
        [Parameter(ParameterSetName='Uri')]
        [Parameter(ParameterSetName='FilePathComputerName')]
        [Parameter(ParameterSetName='FilePathRunspace')]
        [Parameter(ParameterSetName='FilePathUri')]
        [Parameter(ParameterSetName='VMId')]
        [Parameter(ParameterSetName='VMName')]
        [Parameter(ParameterSetName='ContainerId')]
        [Parameter(ParameterSetName='FilePathVMId')]
        [Parameter(ParameterSetName='FilePathVMName')]
        [Parameter(ParameterSetName='FilePathContainerId')]
        [Parameter(ParameterSetName='SSHHost')]
        [Parameter(ParameterSetName='SSHHostHashParam')]
        [Parameter(ParameterSetName='FilePathSSHHost')]
        [Parameter(ParameterSetName='FilePathSSHHostHash')]
        [switch]
        ${RemoteDebug},

        [Parameter(ValueFromPipeline=$true)]
        [psobject]
        ${InputObject},

        [Alias('Args')]
        [System.Object[]]
        ${ArgumentList},

        [Parameter(ParameterSetName='VMId', Mandatory=$true, Position=0, ValueFromPipelineByPropertyName=$true)]
        [Parameter(ParameterSetName='FilePathVMId', Mandatory=$true, Position=0, ValueFromPipelineByPropertyName=$true)]
        [Alias('VMGuid')]
        [ValidateNotNullOrEmpty()]
        [guid[]]
        ${VMId},

        [Parameter(ParameterSetName='VMName', Mandatory=$true, ValueFromPipelineByPropertyName=$true)]
        [Parameter(ParameterSetName='FilePathVMName', Mandatory=$true, ValueFromPipelineByPropertyName=$true)]
        [ValidateNotNullOrEmpty()]
        [string[]]
        ${VMName},

        [Parameter(ParameterSetName='ContainerId', Mandatory=$true, ValueFromPipelineByPropertyName=$true)]
        [Parameter(ParameterSetName='FilePathContainerId', Mandatory=$true, ValueFromPipelineByPropertyName=$true)]
        [ValidateNotNullOrEmpty()]
        [string[]]
        ${ContainerId},

        [Parameter(ParameterSetName='ComputerName')]
        [Parameter(ParameterSetName='Uri')]
        [string]
        ${CertificateThumbprint})

    begin
    {
        try {
            Test-Caller -CallStack (Get-PSCallStack)
            $outBuffer = $null
            if ($PSBoundParameters.TryGetValue('OutBuffer', [ref]$outBuffer))
            {
                $PSBoundParameters['OutBuffer'] = 1
            }

            $wrappedCmd = $ExecutionContext.InvokeCommand.GetCommand('Microsoft.PowerShell.Core\Invoke-Command', [System.Management.Automation.CommandTypes]::Cmdlet)
            $scriptCmd = {&amp; $wrappedCmd @PSBoundParameters }

            $steppablePipeline = $scriptCmd.GetSteppablePipeline($myInvocation.CommandOrigin)
            $steppablePipeline.Begin($PSCmdlet)
        } catch {
            throw
        }
    }

    process
    {
        try {
            $steppablePipeline.Process($_)
        } catch {
            throw
        }
    }

    end
    {
        try {
            $steppablePipeline.End()
        } catch {
            throw
        }
    }

}

Export-ModuleMember -Function @(
    'Invoke-Expression'
    'Invoke-Command'
)</Data>
<Data Name="ScriptBlockId">ab1a3e24-681d-4656-bd67-65a4666c946c</Data>
<Data Name="Path"></Data>
</EventData>
</Event>

<Event xmlns="http://schemas.microsoft.com/win/2004/08/events/event"><System><Provider Name="Microsoft-Windows-PowerShell" Guid="{a0c1853b-5c40-4b15-8766-3cf1c58f985a}"></Provider>
<EventID Qualifiers="">4105</EventID>
<Version>1</Version>
<Level>5</Level>
<Task>102</Task>
<Opcode>15</Opcode>
<Keywords>0x0000000000000000</Keywords>
<TimeCreated SystemTime="2025-04-10 06:12:14.969847"></TimeCreated>
<EventRecordID>3193</EventRecordID>
<Correlation ActivityID="{d72fe4f3-a9dd-0000-9b9a-30d7dda9db01}" RelatedActivityID=""></Correlation>
<Execution ProcessID="5616" ThreadID="3132"></Execution>
<Channel>Microsoft-Windows-PowerShell/Operational</Channel>
<Computer>DESKTOP-M3AKJSD</Computer>
<Security UserID="S-1-5-21-3999086100-426973801-4203759309-1002"></Security>
</System>
<EventData><Data Name="ScriptBlockId">ab1a3e24-681d-4656-bd67-65a4666c946c</Data>
<Data Name="RunspaceId">ac635bc2-7fac-47a2-9734-707b73c7c7e8</Data>
</EventData>
</Event>

<Event xmlns="http://schemas.microsoft.com/win/2004/08/events/event"><System><Provider Name="Microsoft-Windows-PowerShell" Guid="{a0c1853b-5c40-4b15-8766-3cf1c58f985a}"></Provider>
<EventID Qualifiers="">4106</EventID>
<Version>1</Version>
<Level>5</Level>
<Task>103</Task>
<Opcode>15</Opcode>
<Keywords>0x0000000000000000</Keywords>
<TimeCreated SystemTime="2025-04-10 06:12:14.975203"></TimeCreated>
<EventRecordID>3194</EventRecordID>
<Correlation ActivityID="{d72fe4f3-a9dd-0003-b566-30d7dda9db01}" RelatedActivityID=""></Correlation>
<Execution ProcessID="5616" ThreadID="3132"></Execution>
<Channel>Microsoft-Windows-PowerShell/Operational</Channel>
<Computer>DESKTOP-M3AKJSD</Computer>
<Security UserID="S-1-5-21-3999086100-426973801-4203759309-1002"></Security>
</System>
<EventData><Data Name="ScriptBlockId">ab1a3e24-681d-4656-bd67-65a4666c946c</Data>
<Data Name="RunspaceId">ac635bc2-7fac-47a2-9734-707b73c7c7e8</Data>
</EventData>
</Event>

<Event xmlns="http://schemas.microsoft.com/win/2004/08/events/event"><System><Provider Name="Microsoft-Windows-PowerShell" Guid="{a0c1853b-5c40-4b15-8766-3cf1c58f985a}"></Provider>
<EventID Qualifiers="">4104</EventID>
<Version>1</Version>
<Level>5</Level>
<Task>2</Task>
<Opcode>15</Opcode>
<Keywords>0x0000000000000000</Keywords>
<TimeCreated SystemTime="2025-04-10 06:12:15.007734"></TimeCreated>
<EventRecordID>3195</EventRecordID>
<Correlation ActivityID="{d72fe4f3-a9dd-0002-e074-30d7dda9db01}" RelatedActivityID=""></Correlation>
<Execution ProcessID="5616" ThreadID="6388"></Execution>
<Channel>Microsoft-Windows-PowerShell/Operational</Channel>
<Computer>DESKTOP-M3AKJSD</Computer>
<Security UserID="S-1-5-21-3999086100-426973801-4203759309-1002"></Security>
</System>
<EventData><Data Name="MessageNumber">1</Data>
<Data Name="MessageTotal">1</Data>
<Data Name="ScriptBlockText">&amp; 'C:\WINDOWS\TEMP\SDIAG_1ce381e2-2110-4de5-b469-608e12337a67\TS_DiagnosticHistory.ps1'</Data>
<Data Name="ScriptBlockId">1d9aa8c8-b149-4b8c-808e-6748d87d22fe</Data>
<Data Name="Path"></Data>
</EventData>
</Event>

<Event xmlns="http://schemas.microsoft.com/win/2004/08/events/event"><System><Provider Name="Microsoft-Windows-PowerShell" Guid="{a0c1853b-5c40-4b15-8766-3cf1c58f985a}"></Provider>
<EventID Qualifiers="">4105</EventID>
<Version>1</Version>
<Level>5</Level>
<Task>102</Task>
<Opcode>15</Opcode>
<Keywords>0x0000000000000000</Keywords>
<TimeCreated SystemTime="2025-04-10 06:12:15.007738"></TimeCreated>
<EventRecordID>3196</EventRecordID>
<Correlation ActivityID="{d72fe4f3-a9dd-0002-e074-30d7dda9db01}" RelatedActivityID=""></Correlation>
<Execution ProcessID="5616" ThreadID="6388"></Execution>
<Channel>Microsoft-Windows-PowerShell/Operational</Channel>
<Computer>DESKTOP-M3AKJSD</Computer>
<Security UserID="S-1-5-21-3999086100-426973801-4203759309-1002"></Security>
</System>
<EventData><Data Name="ScriptBlockId">1d9aa8c8-b149-4b8c-808e-6748d87d22fe</Data>
<Data Name="RunspaceId">ac635bc2-7fac-47a2-9734-707b73c7c7e8</Data>
</EventData>
</Event>

<Event xmlns="http://schemas.microsoft.com/win/2004/08/events/event"><System><Provider Name="Microsoft-Windows-PowerShell" Guid="{a0c1853b-5c40-4b15-8766-3cf1c58f985a}"></Provider>
<EventID Qualifiers="">4104</EventID>
<Version>1</Version>
<Level>5</Level>
<Task>2</Task>
<Opcode>15</Opcode>
<Keywords>0x0000000000000000</Keywords>
<TimeCreated SystemTime="2025-04-10 06:12:15.063334"></TimeCreated>
<EventRecordID>3197</EventRecordID>
<Correlation ActivityID="{d72fe4f3-a9dd-0000-ac9a-30d7dda9db01}" RelatedActivityID=""></Correlation>
<Execution ProcessID="5616" ThreadID="6388"></Execution>
<Channel>Microsoft-Windows-PowerShell/Operational</Channel>
<Computer>DESKTOP-M3AKJSD</Computer>
<Security UserID="S-1-5-21-3999086100-426973801-4203759309-1002"></Security>
</System>
<EventData><Data Name="MessageNumber">1</Data>
<Data Name="MessageTotal">1</Data>
<Data Name="ScriptBlockText"># Copyright &#169; 2008, Microsoft Corporation. All rights reserved.

trap {break}

# Include common library
. .\CL_Utility.ps1

Import-LocalizedData -BindingVariable localizationString -FileName CL_LocalizationData

# function library
# Function to check whether have unnecessary files
function Test-UnnecessaryFiles([string]$folder = $(throw "No folder is specified")) {
    if([String]::IsNullOrEmpty($folder) -or (-not(Test-Path $folder))) {
        return $false
    }

    [int]$threshold = -1
    $folders = Get-ChildItem -literalPath $folder -Recurse -Force | Where-Object {($_.PSIsContainer) -and ((($_.CreationTime).CompareTo((Get-Date).AddMonths($threshold))) -lt 0)}

    return ($folders -ne $null)
}

# Check troubleshooting history
Write-DiagProgress -Activity $localizationString.CheckTSHistory

[string]$userTSHistoryPath = Get-UserTSHistoryPath
[string]$adminTSHistoryPath = Get-AdminTSHistoryPath
[double]$userTSHistorySize = (Get-FolderSize $userTSHistoryPath)
[double]$adminTSHistorySize = (Get-FolderSize $adminTSHistoryPath)
[double]$totalSize = Format-DiskSpaceMB ($userTSHistorySize + $adminTSHistorySize)

# Reporting
@{Name=$userTSHistoryPath;Space=$userTSHistorySize} | Select-Object -Property @{Name=$localizationString.userTSHistoryPath;Expression={$_.Name}},@{Name=$localizationString.userTSHistorySize;Expression={(Format-DiskSpaceMB $_.Space) + "MB"}} | ConvertTo-Xml | Update-DiagReport -id UserTSHistorySizeInfo -Name $localizationString.UserTSHistoryInfo_name -Description $localizationString.UserTSHistoryInfo_description -rid "RC_DiagnosticHistory"

@{Name=$adminTSHistoryPath;Space=$adminTSHistorySize} | Select-Object -Property @{Name=$localizationString.adminTSHistoryPath;Expression={$_.Name}},@{Name=$localizationString.adminTSHistorySize;Expression={(Format-DiskSpaceMB $_.Space) + "MB"}} | ConvertTo-Xml | Update-DiagReport -id AdminTSHistorySizeInfo -Name $localizationString.AdminTSHistoryInfo_name -Description $localizationString.AdminTSHistoryInfo_description -rid "RC_DiagnosticHistory"


if(Test-UnnecessaryFiles $userTSHistoryPath) {
    Update-DiagRootcause -ID "RC_DiagnosticHistory" -Detected $true -Parameter @{'UnwantedSpace'=(Format-DiskSpaceMB $totalSize)}
    return
}

if(Test-UnnecessaryFiles $adminTSHistoryPath) {
    Update-DiagRootcause -ID "RC_DiagnosticHistory" -Detected $true -Parameter @{'UnwantedSpace'=(Format-DiskSpaceMB $totalSize)}
    return
}

Update-DiagRootcause -ID "RC_DiagnosticHistory" -Detected $false -Parameter @{'UnwantedSpace'=(Format-DiskSpaceMB $totalSize)}
</Data>
<Data Name="ScriptBlockId">2c3c6ffa-468b-42a1-9464-858e0cb2cf27</Data>
<Data Name="Path">C:\WINDOWS\TEMP\SDIAG_1ce381e2-2110-4de5-b469-608e12337a67\TS_DiagnosticHistory.ps1</Data>
</EventData>
</Event>

<Event xmlns="http://schemas.microsoft.com/win/2004/08/events/event"><System><Provider Name="Microsoft-Windows-PowerShell" Guid="{a0c1853b-5c40-4b15-8766-3cf1c58f985a}"></Provider>
<EventID Qualifiers="">4105</EventID>
<Version>1</Version>
<Level>5</Level>
<Task>102</Task>
<Opcode>15</Opcode>
<Keywords>0x0000000000000000</Keywords>
<TimeCreated SystemTime="2025-04-10 06:12:15.063339"></TimeCreated>
<EventRecordID>3198</EventRecordID>
<Correlation ActivityID="{d72fe4f3-a9dd-0000-ac9a-30d7dda9db01}" RelatedActivityID=""></Correlation>
<Execution ProcessID="5616" ThreadID="6388"></Execution>
<Channel>Microsoft-Windows-PowerShell/Operational</Channel>
<Computer>DESKTOP-M3AKJSD</Computer>
<Security UserID="S-1-5-21-3999086100-426973801-4203759309-1002"></Security>
</System>
<EventData><Data Name="ScriptBlockId">2c3c6ffa-468b-42a1-9464-858e0cb2cf27</Data>
<Data Name="RunspaceId">ac635bc2-7fac-47a2-9734-707b73c7c7e8</Data>
</EventData>
</Event>

<Event xmlns="http://schemas.microsoft.com/win/2004/08/events/event"><System><Provider Name="Microsoft-Windows-PowerShell" Guid="{a0c1853b-5c40-4b15-8766-3cf1c58f985a}"></Provider>
<EventID Qualifiers="">4105</EventID>
<Version>1</Version>
<Level>5</Level>
<Task>102</Task>
<Opcode>15</Opcode>
<Keywords>0x0000000000000000</Keywords>
<TimeCreated SystemTime="2025-04-10 06:12:15.067163"></TimeCreated>
<EventRecordID>3199</EventRecordID>
<Correlation ActivityID="{d72fe4f3-a9dd-0002-e974-30d7dda9db01}" RelatedActivityID=""></Correlation>
<Execution ProcessID="5616" ThreadID="6388"></Execution>
<Channel>Microsoft-Windows-PowerShell/Operational</Channel>
<Computer>DESKTOP-M3AKJSD</Computer>
<Security UserID="S-1-5-21-3999086100-426973801-4203759309-1002"></Security>
</System>
<EventData><Data Name="ScriptBlockId">12ffbb93-b12e-43d2-b1ab-9a908a87a54b</Data>
<Data Name="RunspaceId">ac635bc2-7fac-47a2-9734-707b73c7c7e8</Data>
</EventData>
</Event>

