<Event xmlns="http://schemas.microsoft.com/win/2004/08/events/event"><System><Provider Name="Microsoft-Windows-PowerShell" Guid="{a0c1853b-5c40-4b15-8766-3cf1c58f985a}"></Provider>
<EventID Qualifiers="">4104</EventID>
<Version>1</Version>
<Level>3</Level>
<Task>2</Task>
<Opcode>15</Opcode>
<Keywords>0x0000000000000000</Keywords>
<TimeCreated SystemTime="2025-04-10 06:31:34.398302"></TimeCreated>
<EventRecordID>3535</EventRecordID>
<Correlation ActivityID="{d72fe4f3-a9dd-0001-c329-31d7dda9db01}" RelatedActivityID=""></Correlation>
<Execution ProcessID="9808" ThreadID="4644"></Execution>
<Channel>Microsoft-Windows-PowerShell/Operational</Channel>
<Computer>DESKTOP-M3AKJSD</Computer>
<Security UserID="S-1-5-21-3999086100-426973801-4203759309-1002"></Security>
</System>
<EventData><Data Name="MessageNumber">1</Data>
<Data Name="MessageTotal">1</Data>
<Data Name="ScriptBlockText">
#requires -version 3.0

try { Microsoft.PowerShell.Core\Set-StrictMode -Off } catch { }

$script:MyModule = $MyInvocation.MyCommand.ScriptBlock.Module

$script:ClassName = 'ROOT\Microsoft\Windows\Defender\MSFT_MpWDOScan'
$script:ClassVersion = '1.0'
$script:ModuleVersion = '1.0'
$script:ObjectModelWrapper = [Microsoft.PowerShell.Cmdletization.Cim.CimCmdletAdapter]

$script:PrivateData = [System.Collections.Generic.Dictionary[string,string]]::new()

Microsoft.PowerShell.Core\Export-ModuleMember -Function @()
        

function __cmdletization_BindCommonParameters
{
    param(
        $__cmdletization_objectModelWrapper,
        $myPSBoundParameters
    )       
                

        if ($myPSBoundParameters.ContainsKey('CimSession')) { 
            $__cmdletization_objectModelWrapper.PSObject.Properties['CimSession'].Value = $myPSBoundParameters['CimSession'] 
        }
                    

        if ($myPSBoundParameters.ContainsKey('ThrottleLimit')) { 
            $__cmdletization_objectModelWrapper.PSObject.Properties['ThrottleLimit'].Value = $myPSBoundParameters['ThrottleLimit'] 
        }
                    

        if ($myPSBoundParameters.ContainsKey('AsJob')) { 
            $__cmdletization_objectModelWrapper.PSObject.Properties['AsJob'].Value = $myPSBoundParameters['AsJob'] 
        }
                    

}
                

function Start-MpWDOScan
{
    [CmdletBinding(PositionalBinding=$false)]
    
    
    param(
    
    [Parameter(ParameterSetName='Start0')]
    [Alias('Session')]
    [ValidateNotNullOrEmpty()]
    [CimSession[]]
    ${CimSession},

    [Parameter(ParameterSetName='Start0')]
    [int]
    ${ThrottleLimit},

    [Parameter(ParameterSetName='Start0')]
    [switch]
    ${AsJob})

    DynamicParam {
        try 
        {
            if (-not $__cmdletization_exceptionHasBeenThrown)
            {
                $__cmdletization_objectModelWrapper = $script:ObjectModelWrapper::new()
                $__cmdletization_objectModelWrapper.Initialize($PSCmdlet, $script:ClassName, $script:ClassVersion, $script:ModuleVersion, $script:PrivateData)

                if ($__cmdletization_objectModelWrapper -is [System.Management.Automation.IDynamicParameters])
                {
                    ([System.Management.Automation.IDynamicParameters]$__cmdletization_objectModelWrapper).GetDynamicParameters()
                }
            }
        }
        catch
        {
            $__cmdletization_exceptionHasBeenThrown = $true
            throw
        }
    }

    Begin {
        $__cmdletization_exceptionHasBeenThrown = $false
        try 
        {
            __cmdletization_BindCommonParameters $__cmdletization_objectModelWrapper $PSBoundParameters
            $__cmdletization_objectModelWrapper.BeginProcessing()
        }
        catch
        {
            $__cmdletization_exceptionHasBeenThrown = $true
            throw
        }
    }
        

    Process {
        try 
        {
            if (-not $__cmdletization_exceptionHasBeenThrown)
            {
      $__cmdletization_methodParameters = [System.Collections.Generic.List[Microsoft.PowerShell.Cmdletization.MethodParameter]]::new()

      $__cmdletization_returnValue = [Microsoft.PowerShell.Cmdletization.MethodParameter]@{ Name = 'ReturnValue'; ParameterType = 'System.Int32'; Bindings = 'Error'; Value = $null; IsValuePresent = $false }
      $__cmdletization_methodInvocationInfo = [Microsoft.PowerShell.Cmdletization.MethodInvocationInfo]::new('Start', $__cmdletization_methodParameters, $__cmdletization_returnValue)
      $__cmdletization_objectModelWrapper.ProcessRecord($__cmdletization_methodInvocationInfo)

            }
        }
        catch
        {
            $__cmdletization_exceptionHasBeenThrown = $true
            throw
        }
    }
        

    End {
        try
        {
            if (-not $__cmdletization_exceptionHasBeenThrown)
            {
                $__cmdletization_objectModelWrapper.EndProcessing()
            }
        }
        catch
        {
            throw
        }
    }

    # .EXTERNALHELP MSFT_MpWDOScan.cdxml-Help.xml
}
Microsoft.PowerShell.Core\Export-ModuleMember -Function 'Start-MpWDOScan' -Alias '*'
        
</Data>
<Data Name="ScriptBlockId">4a28b6d6-639f-4936-9527-d68823c64b3f</Data>
<Data Name="Path"></Data>
</EventData>
</Event>

<Event xmlns="http://schemas.microsoft.com/win/2004/08/events/event"><System><Provider Name="Microsoft-Windows-PowerShell" Guid="{a0c1853b-5c40-4b15-8766-3cf1c58f985a}"></Provider>
<EventID Qualifiers="">4105</EventID>
<Version>1</Version>
<Level>5</Level>
<Task>102</Task>
<Opcode>15</Opcode>
<Keywords>0x0000000000000000</Keywords>
<TimeCreated SystemTime="2025-04-10 06:31:34.398329"></TimeCreated>
<EventRecordID>3536</EventRecordID>
<Correlation ActivityID="{d72fe4f3-a9dd-0001-c329-31d7dda9db01}" RelatedActivityID=""></Correlation>
<Execution ProcessID="9808" ThreadID="4644"></Execution>
<Channel>Microsoft-Windows-PowerShell/Operational</Channel>
<Computer>DESKTOP-M3AKJSD</Computer>
<Security UserID="S-1-5-21-3999086100-426973801-4203759309-1002"></Security>
</System>
<EventData><Data Name="ScriptBlockId">4a28b6d6-639f-4936-9527-d68823c64b3f</Data>
<Data Name="RunspaceId">62516b95-d457-41c9-aa13-31b963bcf8bb</Data>
</EventData>
</Event>

<Event xmlns="http://schemas.microsoft.com/win/2004/08/events/event"><System><Provider Name="Microsoft-Windows-PowerShell" Guid="{a0c1853b-5c40-4b15-8766-3cf1c58f985a}"></Provider>
<EventID Qualifiers="">4103</EventID>
<Version>1</Version>
<Level>4</Level>
<Task>106</Task>
<Opcode>20</Opcode>
<Keywords>0x0000000000000000</Keywords>
<TimeCreated SystemTime="2025-04-10 06:31:34.399353"></TimeCreated>
<EventRecordID>3537</EventRecordID>
<Correlation ActivityID="{d72fe4f3-a9dd-0001-cd29-31d7dda9db01}" RelatedActivityID=""></Correlation>
<Execution ProcessID="9808" ThreadID="4644"></Execution>
<Channel>Microsoft-Windows-PowerShell/Operational</Channel>
<Computer>DESKTOP-M3AKJSD</Computer>
<Security UserID="S-1-5-21-3999086100-426973801-4203759309-1002"></Security>
</System>
<EventData><Data Name="ContextInfo">        Severity = Informational
        Host Name = ConsoleHost
        Host Version = 5.1.26100.3624
        Host ID = 06070939-645a-4cb4-bb35-feff3e76ad09
        Host Application = C:\Windows\System32\WindowsPowerShell\v1.0\powershell.exe
        Engine Version = 5.1.26100.3624
        Runspace ID = 62516b95-d457-41c9-aa13-31b963bcf8bb
        Pipeline ID = 20
        Command Name = Set-StrictMode
        Command Type = Cmdlet
        Script Name = 
        Command Path = 
        Sequence Number = 112
        User = DESKTOP-M3AKJSD\User
        Connected User = 
        Shell ID = Microsoft.PowerShell
</Data>
<Data Name="UserData"></Data>
<Data Name="Payload">CommandInvocation(Set-StrictMode): "Set-StrictMode"
ParameterBinding(Set-StrictMode): name="Off"; value="True"
</Data>
</EventData>
</Event>

<Event xmlns="http://schemas.microsoft.com/win/2004/08/events/event"><System><Provider Name="Microsoft-Windows-PowerShell" Guid="{a0c1853b-5c40-4b15-8766-3cf1c58f985a}"></Provider>
<EventID Qualifiers="">4103</EventID>
<Version>1</Version>
<Level>4</Level>
<Task>106</Task>
<Opcode>20</Opcode>
<Keywords>0x0000000000000000</Keywords>
<TimeCreated SystemTime="2025-04-10 06:31:34.399736"></TimeCreated>
<EventRecordID>3538</EventRecordID>
<Correlation ActivityID="{d72fe4f3-a9dd-0001-ce29-31d7dda9db01}" RelatedActivityID=""></Correlation>
<Execution ProcessID="9808" ThreadID="4644"></Execution>
<Channel>Microsoft-Windows-PowerShell/Operational</Channel>
<Computer>DESKTOP-M3AKJSD</Computer>
<Security UserID="S-1-5-21-3999086100-426973801-4203759309-1002"></Security>
</System>
<EventData><Data Name="ContextInfo">        Severity = Informational
        Host Name = ConsoleHost
        Host Version = 5.1.26100.3624
        Host ID = 06070939-645a-4cb4-bb35-feff3e76ad09
        Host Application = C:\Windows\System32\WindowsPowerShell\v1.0\powershell.exe
        Engine Version = 5.1.26100.3624
        Runspace ID = 62516b95-d457-41c9-aa13-31b963bcf8bb
        Pipeline ID = 20
        Command Name = Export-ModuleMember
        Command Type = Cmdlet
        Script Name = 
        Command Path = 
        Sequence Number = 114
        User = DESKTOP-M3AKJSD\User
        Connected User = 
        Shell ID = Microsoft.PowerShell
</Data>
<Data Name="UserData"></Data>
<Data Name="Payload">CommandInvocation(Export-ModuleMember): "Export-ModuleMember"
ParameterBinding(Export-ModuleMember): name="Function"; value=""
</Data>
</EventData>
</Event>

<Event xmlns="http://schemas.microsoft.com/win/2004/08/events/event"><System><Provider Name="Microsoft-Windows-PowerShell" Guid="{a0c1853b-5c40-4b15-8766-3cf1c58f985a}"></Provider>
<EventID Qualifiers="">4103</EventID>
<Version>1</Version>
<Level>4</Level>
<Task>106</Task>
<Opcode>20</Opcode>
<Keywords>0x0000000000000000</Keywords>
<TimeCreated SystemTime="2025-04-10 06:31:34.400068"></TimeCreated>
<EventRecordID>3539</EventRecordID>
<Correlation ActivityID="{d72fe4f3-a9dd-0001-cf29-31d7dda9db01}" RelatedActivityID=""></Correlation>
<Execution ProcessID="9808" ThreadID="4644"></Execution>
<Channel>Microsoft-Windows-PowerShell/Operational</Channel>
<Computer>DESKTOP-M3AKJSD</Computer>
<Security UserID="S-1-5-21-3999086100-426973801-4203759309-1002"></Security>
</System>
<EventData><Data Name="ContextInfo">        Severity = Informational
        Host Name = ConsoleHost
        Host Version = 5.1.26100.3624
        Host ID = 06070939-645a-4cb4-bb35-feff3e76ad09
        Host Application = C:\Windows\System32\WindowsPowerShell\v1.0\powershell.exe
        Engine Version = 5.1.26100.3624
        Runspace ID = 62516b95-d457-41c9-aa13-31b963bcf8bb
        Pipeline ID = 20
        Command Name = Export-ModuleMember
        Command Type = Cmdlet
        Script Name = 
        Command Path = 
        Sequence Number = 116
        User = DESKTOP-M3AKJSD\User
        Connected User = 
        Shell ID = Microsoft.PowerShell
</Data>
<Data Name="UserData"></Data>
<Data Name="Payload">CommandInvocation(Export-ModuleMember): "Export-ModuleMember"
ParameterBinding(Export-ModuleMember): name="Function"; value="Start-MpWDOScan"
ParameterBinding(Export-ModuleMember): name="Alias"; value="*"
</Data>
</EventData>
</Event>

<Event xmlns="http://schemas.microsoft.com/win/2004/08/events/event"><System><Provider Name="Microsoft-Windows-PowerShell" Guid="{a0c1853b-5c40-4b15-8766-3cf1c58f985a}"></Provider>
<EventID Qualifiers="">4106</EventID>
<Version>1</Version>
<Level>5</Level>
<Task>103</Task>
<Opcode>15</Opcode>
<Keywords>0x0000000000000000</Keywords>
<TimeCreated SystemTime="2025-04-10 06:31:34.400084"></TimeCreated>
<EventRecordID>3540</EventRecordID>
<Correlation ActivityID="{d72fe4f3-a9dd-0001-cf29-31d7dda9db01}" RelatedActivityID=""></Correlation>
<Execution ProcessID="9808" ThreadID="4644"></Execution>
<Channel>Microsoft-Windows-PowerShell/Operational</Channel>
<Computer>DESKTOP-M3AKJSD</Computer>
<Security UserID="S-1-5-21-3999086100-426973801-4203759309-1002"></Security>
</System>
<EventData><Data Name="ScriptBlockId">4a28b6d6-639f-4936-9527-d68823c64b3f</Data>
<Data Name="RunspaceId">62516b95-d457-41c9-aa13-31b963bcf8bb</Data>
</EventData>
</Event>

<Event xmlns="http://schemas.microsoft.com/win/2004/08/events/event"><System><Provider Name="Microsoft-Windows-PowerShell" Guid="{a0c1853b-5c40-4b15-8766-3cf1c58f985a}"></Provider>
<EventID Qualifiers="">4104</EventID>
<Version>1</Version>
<Level>3</Level>
<Task>2</Task>
<Opcode>15</Opcode>
<Keywords>0x0000000000000000</Keywords>
<TimeCreated SystemTime="2025-04-10 06:31:34.448523"></TimeCreated>
<EventRecordID>3541</EventRecordID>
<Correlation ActivityID="{d72fe4f3-a9dd-0001-cf29-31d7dda9db01}" RelatedActivityID=""></Correlation>
<Execution ProcessID="9808" ThreadID="4644"></Execution>
<Channel>Microsoft-Windows-PowerShell/Operational</Channel>
<Computer>DESKTOP-M3AKJSD</Computer>
<Security UserID="S-1-5-21-3999086100-426973801-4203759309-1002"></Security>
</System>
<EventData><Data Name="MessageNumber">1</Data>
<Data Name="MessageTotal">1</Data>
<Data Name="ScriptBlockText">
#requires -version 3.0

try { Microsoft.PowerShell.Core\Set-StrictMode -Off } catch { }

$script:MyModule = $MyInvocation.MyCommand.ScriptBlock.Module

$script:ClassName = 'ROOT\Microsoft\Windows\Defender\MSFT_MpRollback'
$script:ClassVersion = '1.0'
$script:ModuleVersion = '1.0'
$script:ObjectModelWrapper = [Microsoft.PowerShell.Cmdletization.Cim.CimCmdletAdapter]

$script:PrivateData = [System.Collections.Generic.Dictionary[string,string]]::new()

Microsoft.PowerShell.Core\Export-ModuleMember -Function @()
        

function __cmdletization_BindCommonParameters
{
    param(
        $__cmdletization_objectModelWrapper,
        $myPSBoundParameters
    )       
                

        if ($myPSBoundParameters.ContainsKey('CimSession')) { 
            $__cmdletization_objectModelWrapper.PSObject.Properties['CimSession'].Value = $myPSBoundParameters['CimSession'] 
        }
                    

        if ($myPSBoundParameters.ContainsKey('ThrottleLimit')) { 
            $__cmdletization_objectModelWrapper.PSObject.Properties['ThrottleLimit'].Value = $myPSBoundParameters['ThrottleLimit'] 
        }
                    

        if ($myPSBoundParameters.ContainsKey('AsJob')) { 
            $__cmdletization_objectModelWrapper.PSObject.Properties['AsJob'].Value = $myPSBoundParameters['AsJob'] 
        }
                    

}
                

function Start-MpRollback
{
    [CmdletBinding(PositionalBinding=$false)]
    
    
    param(
    
    [Parameter(ParameterSetName='Start0')]
    [ValidateNotNull()]
    [ValidateNotNullOrEmpty()]
    [switch]
    ${Engine},

    [Parameter(ParameterSetName='Start0')]
    [ValidateNotNull()]
    [ValidateNotNullOrEmpty()]
    [switch]
    ${Platform},

    [Parameter(ParameterSetName='Start0')]
    [Alias('Session')]
    [ValidateNotNullOrEmpty()]
    [CimSession[]]
    ${CimSession},

    [Parameter(ParameterSetName='Start0')]
    [int]
    ${ThrottleLimit},

    [Parameter(ParameterSetName='Start0')]
    [switch]
    ${AsJob})

    DynamicParam {
        try 
        {
            if (-not $__cmdletization_exceptionHasBeenThrown)
            {
                $__cmdletization_objectModelWrapper = $script:ObjectModelWrapper::new()
                $__cmdletization_objectModelWrapper.Initialize($PSCmdlet, $script:ClassName, $script:ClassVersion, $script:ModuleVersion, $script:PrivateData)

                if ($__cmdletization_objectModelWrapper -is [System.Management.Automation.IDynamicParameters])
                {
                    ([System.Management.Automation.IDynamicParameters]$__cmdletization_objectModelWrapper).GetDynamicParameters()
                }
            }
        }
        catch
        {
            $__cmdletization_exceptionHasBeenThrown = $true
            throw
        }
    }

    Begin {
        $__cmdletization_exceptionHasBeenThrown = $false
        try 
        {
            __cmdletization_BindCommonParameters $__cmdletization_objectModelWrapper $PSBoundParameters
            $__cmdletization_objectModelWrapper.BeginProcessing()
        }
        catch
        {
            $__cmdletization_exceptionHasBeenThrown = $true
            throw
        }
    }
        

    Process {
        try 
        {
            if (-not $__cmdletization_exceptionHasBeenThrown)
            {
      $__cmdletization_methodParameters = [System.Collections.Generic.List[Microsoft.PowerShell.Cmdletization.MethodParameter]]::new()

        [object]$__cmdletization_defaultValue = $null
        [object]$__cmdletization_defaultValueIsPresent = $false
        if ($PSBoundParameters.ContainsKey('Engine')) {
          [object]$__cmdletization_value = ${Engine}
          $__cmdletization_methodParameter = [Microsoft.PowerShell.Cmdletization.MethodParameter]@{Name = 'Engine'; ParameterType = 'System.Management.Automation.SwitchParameter'; Bindings = 'In'; Value = $__cmdletization_value; IsValuePresent = $true}
        } else {
          $__cmdletization_methodParameter = [Microsoft.PowerShell.Cmdletization.MethodParameter]@{Name = 'Engine'; ParameterType = 'System.Management.Automation.SwitchParameter'; Bindings = 'In'; Value = $__cmdletization_defaultValue; IsValuePresent = $__cmdletization_defaultValueIsPresent}
        }
        $__cmdletization_methodParameters.Add($__cmdletization_methodParameter)

        [object]$__cmdletization_defaultValue = $null
        [object]$__cmdletization_defaultValueIsPresent = $false
        if ($PSBoundParameters.ContainsKey('Platform')) {
          [object]$__cmdletization_value = ${Platform}
          $__cmdletization_methodParameter = [Microsoft.PowerShell.Cmdletization.MethodParameter]@{Name = 'Platform'; ParameterType = 'System.Management.Automation.SwitchParameter'; Bindings = 'In'; Value = $__cmdletization_value; IsValuePresent = $true}
        } else {
          $__cmdletization_methodParameter = [Microsoft.PowerShell.Cmdletization.MethodParameter]@{Name = 'Platform'; ParameterType = 'System.Management.Automation.SwitchParameter'; Bindings = 'In'; Value = $__cmdletization_defaultValue; IsValuePresent = $__cmdletization_defaultValueIsPresent}
        }
        $__cmdletization_methodParameters.Add($__cmdletization_methodParameter)

      $__cmdletization_returnValue = [Microsoft.PowerShell.Cmdletization.MethodParameter]@{ Name = 'ReturnValue'; ParameterType = 'System.Int32'; Bindings = 'Error'; Value = $null; IsValuePresent = $false }
      $__cmdletization_methodInvocationInfo = [Microsoft.PowerShell.Cmdletization.MethodInvocationInfo]::new('Start', $__cmdletization_methodParameters, $__cmdletization_returnValue)
      $__cmdletization_objectModelWrapper.ProcessRecord($__cmdletization_methodInvocationInfo)

            }
        }
        catch
        {
            $__cmdletization_exceptionHasBeenThrown = $true
            throw
        }
    }
        

    End {
        try
        {
            if (-not $__cmdletization_exceptionHasBeenThrown)
            {
                $__cmdletization_objectModelWrapper.EndProcessing()
            }
        }
        catch
        {
            throw
        }
    }

    # .EXTERNALHELP MSFT_MpRollback.cdxml-Help.xml
}
Microsoft.PowerShell.Core\Export-ModuleMember -Function 'Start-MpRollback' -Alias '*'
        
</Data>
<Data Name="ScriptBlockId">b47c6295-073c-4564-81ef-9cfe88d32605</Data>
<Data Name="Path"></Data>
</EventData>
</Event>

<Event xmlns="http://schemas.microsoft.com/win/2004/08/events/event"><System><Provider Name="Microsoft-Windows-PowerShell" Guid="{a0c1853b-5c40-4b15-8766-3cf1c58f985a}"></Provider>
<EventID Qualifiers="">4105</EventID>
<Version>1</Version>
<Level>5</Level>
<Task>102</Task>
<Opcode>15</Opcode>
<Keywords>0x0000000000000000</Keywords>
<TimeCreated SystemTime="2025-04-10 06:31:34.448528"></TimeCreated>
<EventRecordID>3542</EventRecordID>
<Correlation ActivityID="{d72fe4f3-a9dd-0001-cf29-31d7dda9db01}" RelatedActivityID=""></Correlation>
<Execution ProcessID="9808" ThreadID="4644"></Execution>
<Channel>Microsoft-Windows-PowerShell/Operational</Channel>
<Computer>DESKTOP-M3AKJSD</Computer>
<Security UserID="S-1-5-21-3999086100-426973801-4203759309-1002"></Security>
</System>
<EventData><Data Name="ScriptBlockId">b47c6295-073c-4564-81ef-9cfe88d32605</Data>
<Data Name="RunspaceId">62516b95-d457-41c9-aa13-31b963bcf8bb</Data>
</EventData>
</Event>

<Event xmlns="http://schemas.microsoft.com/win/2004/08/events/event"><System><Provider Name="Microsoft-Windows-PowerShell" Guid="{a0c1853b-5c40-4b15-8766-3cf1c58f985a}"></Provider>
<EventID Qualifiers="">4103</EventID>
<Version>1</Version>
<Level>4</Level>
<Task>106</Task>
<Opcode>20</Opcode>
<Keywords>0x0000000000000000</Keywords>
<TimeCreated SystemTime="2025-04-10 06:31:34.449110"></TimeCreated>
<EventRecordID>3543</EventRecordID>
<Correlation ActivityID="{d72fe4f3-a9dd-0000-8c2f-31d7dda9db01}" RelatedActivityID=""></Correlation>
<Execution ProcessID="9808" ThreadID="4644"></Execution>
<Channel>Microsoft-Windows-PowerShell/Operational</Channel>
<Computer>DESKTOP-M3AKJSD</Computer>
<Security UserID="S-1-5-21-3999086100-426973801-4203759309-1002"></Security>
</System>
<EventData><Data Name="ContextInfo">        Severity = Informational
        Host Name = ConsoleHost
        Host Version = 5.1.26100.3624
        Host ID = 06070939-645a-4cb4-bb35-feff3e76ad09
        Host Application = C:\Windows\System32\WindowsPowerShell\v1.0\powershell.exe
        Engine Version = 5.1.26100.3624
        Runspace ID = 62516b95-d457-41c9-aa13-31b963bcf8bb
        Pipeline ID = 20
        Command Name = Set-StrictMode
        Command Type = Cmdlet
        Script Name = 
        Command Path = 
        Sequence Number = 118
        User = DESKTOP-M3AKJSD\User
        Connected User = 
        Shell ID = Microsoft.PowerShell
</Data>
<Data Name="UserData"></Data>
<Data Name="Payload">CommandInvocation(Set-StrictMode): "Set-StrictMode"
ParameterBinding(Set-StrictMode): name="Off"; value="True"
</Data>
</EventData>
</Event>

<Event xmlns="http://schemas.microsoft.com/win/2004/08/events/event"><System><Provider Name="Microsoft-Windows-PowerShell" Guid="{a0c1853b-5c40-4b15-8766-3cf1c58f985a}"></Provider>
<EventID Qualifiers="">4103</EventID>
<Version>1</Version>
<Level>4</Level>
<Task>106</Task>
<Opcode>20</Opcode>
<Keywords>0x0000000000000000</Keywords>
<TimeCreated SystemTime="2025-04-10 06:31:34.449526"></TimeCreated>
<EventRecordID>3544</EventRecordID>
<Correlation ActivityID="{d72fe4f3-a9dd-0000-8d2f-31d7dda9db01}" RelatedActivityID=""></Correlation>
<Execution ProcessID="9808" ThreadID="4644"></Execution>
<Channel>Microsoft-Windows-PowerShell/Operational</Channel>
<Computer>DESKTOP-M3AKJSD</Computer>
<Security UserID="S-1-5-21-3999086100-426973801-4203759309-1002"></Security>
</System>
<EventData><Data Name="ContextInfo">        Severity = Informational
        Host Name = ConsoleHost
        Host Version = 5.1.26100.3624
        Host ID = 06070939-645a-4cb4-bb35-feff3e76ad09
        Host Application = C:\Windows\System32\WindowsPowerShell\v1.0\powershell.exe
        Engine Version = 5.1.26100.3624
        Runspace ID = 62516b95-d457-41c9-aa13-31b963bcf8bb
        Pipeline ID = 20
        Command Name = Export-ModuleMember
        Command Type = Cmdlet
        Script Name = 
        Command Path = 
        Sequence Number = 120
        User = DESKTOP-M3AKJSD\User
        Connected User = 
        Shell ID = Microsoft.PowerShell
</Data>
<Data Name="UserData"></Data>
<Data Name="Payload">CommandInvocation(Export-ModuleMember): "Export-ModuleMember"
ParameterBinding(Export-ModuleMember): name="Function"; value=""
</Data>
</EventData>
</Event>

<Event xmlns="http://schemas.microsoft.com/win/2004/08/events/event"><System><Provider Name="Microsoft-Windows-PowerShell" Guid="{a0c1853b-5c40-4b15-8766-3cf1c58f985a}"></Provider>
<EventID Qualifiers="">4103</EventID>
<Version>1</Version>
<Level>4</Level>
<Task>106</Task>
<Opcode>20</Opcode>
<Keywords>0x0000000000000000</Keywords>
<TimeCreated SystemTime="2025-04-10 06:31:34.449898"></TimeCreated>
<EventRecordID>3545</EventRecordID>
<Correlation ActivityID="{d72fe4f3-a9dd-0000-8e2f-31d7dda9db01}" RelatedActivityID=""></Correlation>
<Execution ProcessID="9808" ThreadID="4644"></Execution>
<Channel>Microsoft-Windows-PowerShell/Operational</Channel>
<Computer>DESKTOP-M3AKJSD</Computer>
<Security UserID="S-1-5-21-3999086100-426973801-4203759309-1002"></Security>
</System>
<EventData><Data Name="ContextInfo">        Severity = Informational
        Host Name = ConsoleHost
        Host Version = 5.1.26100.3624
        Host ID = 06070939-645a-4cb4-bb35-feff3e76ad09
        Host Application = C:\Windows\System32\WindowsPowerShell\v1.0\powershell.exe
        Engine Version = 5.1.26100.3624
        Runspace ID = 62516b95-d457-41c9-aa13-31b963bcf8bb
        Pipeline ID = 20
        Command Name = Export-ModuleMember
        Command Type = Cmdlet
        Script Name = 
        Command Path = 
        Sequence Number = 122
        User = DESKTOP-M3AKJSD\User
        Connected User = 
        Shell ID = Microsoft.PowerShell
</Data>
<Data Name="UserData"></Data>
<Data Name="Payload">CommandInvocation(Export-ModuleMember): "Export-ModuleMember"
ParameterBinding(Export-ModuleMember): name="Function"; value="Start-MpRollback"
ParameterBinding(Export-ModuleMember): name="Alias"; value="*"
</Data>
</EventData>
</Event>

<Event xmlns="http://schemas.microsoft.com/win/2004/08/events/event"><System><Provider Name="Microsoft-Windows-PowerShell" Guid="{a0c1853b-5c40-4b15-8766-3cf1c58f985a}"></Provider>
<EventID Qualifiers="">4106</EventID>
<Version>1</Version>
<Level>5</Level>
<Task>103</Task>
<Opcode>15</Opcode>
<Keywords>0x0000000000000000</Keywords>
<TimeCreated SystemTime="2025-04-10 06:31:34.449913"></TimeCreated>
<EventRecordID>3546</EventRecordID>
<Correlation ActivityID="{d72fe4f3-a9dd-0000-8e2f-31d7dda9db01}" RelatedActivityID=""></Correlation>
<Execution ProcessID="9808" ThreadID="4644"></Execution>
<Channel>Microsoft-Windows-PowerShell/Operational</Channel>
<Computer>DESKTOP-M3AKJSD</Computer>
<Security UserID="S-1-5-21-3999086100-426973801-4203759309-1002"></Security>
</System>
<EventData><Data Name="ScriptBlockId">b47c6295-073c-4564-81ef-9cfe88d32605</Data>
<Data Name="RunspaceId">62516b95-d457-41c9-aa13-31b963bcf8bb</Data>
</EventData>
</Event>

<Event xmlns="http://schemas.microsoft.com/win/2004/08/events/event"><System><Provider Name="Microsoft-Windows-PowerShell" Guid="{a0c1853b-5c40-4b15-8766-3cf1c58f985a}"></Provider>
<EventID Qualifiers="">4104</EventID>
<Version>1</Version>
<Level>3</Level>
<Task>2</Task>
<Opcode>15</Opcode>
<Keywords>0x0000000000000000</Keywords>
<TimeCreated SystemTime="2025-04-10 06:31:34.495098"></TimeCreated>
<EventRecordID>3547</EventRecordID>
<Correlation ActivityID="{d72fe4f3-a9dd-0000-8e2f-31d7dda9db01}" RelatedActivityID=""></Correlation>
<Execution ProcessID="9808" ThreadID="4644"></Execution>
<Channel>Microsoft-Windows-PowerShell/Operational</Channel>
<Computer>DESKTOP-M3AKJSD</Computer>
<Security UserID="S-1-5-21-3999086100-426973801-4203759309-1002"></Security>
</System>
<EventData><Data Name="MessageNumber">1</Data>
<Data Name="MessageTotal">1</Data>
<Data Name="ScriptBlockText">
#requires -version 3.0

try { Microsoft.PowerShell.Core\Set-StrictMode -Off } catch { }

$script:MyModule = $MyInvocation.MyCommand.ScriptBlock.Module

$script:ClassName = 'root\Microsoft\Windows\Defender\MSFT_MpBehavioralNetworkBlockingRules'
$script:ClassVersion = '1.0'
$script:ModuleVersion = '1.0'
$script:ObjectModelWrapper = [Microsoft.PowerShell.Cmdletization.Cim.CimCmdletAdapter]

$script:PrivateData = [System.Collections.Generic.Dictionary[string,string]]::new()

Microsoft.PowerShell.Core\Export-ModuleMember -Function @()
        

function __cmdletization_BindCommonParameters
{
    param(
        $__cmdletization_objectModelWrapper,
        $myPSBoundParameters
    )       
                

        if ($myPSBoundParameters.ContainsKey('CimSession')) { 
            $__cmdletization_objectModelWrapper.PSObject.Properties['CimSession'].Value = $myPSBoundParameters['CimSession'] 
        }
                    

        if ($myPSBoundParameters.ContainsKey('ThrottleLimit')) { 
            $__cmdletization_objectModelWrapper.PSObject.Properties['ThrottleLimit'].Value = $myPSBoundParameters['ThrottleLimit'] 
        }
                    

        if ($myPSBoundParameters.ContainsKey('AsJob')) { 
            $__cmdletization_objectModelWrapper.PSObject.Properties['AsJob'].Value = $myPSBoundParameters['AsJob'] 
        }
                    

}
                

function Remove-MpBehavioralNetworkBlockingRules
{
    [CmdletBinding(PositionalBinding=$false)]
    
    
    param(
    
    [Parameter(ParameterSetName='Remove0')]
    [ValidateNotNull()]
    [ValidateNotNullOrEmpty()]
    [string]
    ${FilterGUID},

    [Parameter(ParameterSetName='Remove0')]
    [Alias('Session')]
    [ValidateNotNullOrEmpty()]
    [CimSession[]]
    ${CimSession},

    [Parameter(ParameterSetName='Remove0')]
    [int]
    ${ThrottleLimit},

    [Parameter(ParameterSetName='Remove0')]
    [switch]
    ${AsJob})

    DynamicParam {
        try 
        {
            if (-not $__cmdletization_exceptionHasBeenThrown)
            {
                $__cmdletization_objectModelWrapper = $script:ObjectModelWrapper::new()
                $__cmdletization_objectModelWrapper.Initialize($PSCmdlet, $script:ClassName, $script:ClassVersion, $script:ModuleVersion, $script:PrivateData)

                if ($__cmdletization_objectModelWrapper -is [System.Management.Automation.IDynamicParameters])
                {
                    ([System.Management.Automation.IDynamicParameters]$__cmdletization_objectModelWrapper).GetDynamicParameters()
                }
            }
        }
        catch
        {
            $__cmdletization_exceptionHasBeenThrown = $true
            throw
        }
    }

    Begin {
        $__cmdletization_exceptionHasBeenThrown = $false
        try 
        {
            __cmdletization_BindCommonParameters $__cmdletization_objectModelWrapper $PSBoundParameters
            $__cmdletization_objectModelWrapper.BeginProcessing()
        }
        catch
        {
            $__cmdletization_exceptionHasBeenThrown = $true
            throw
        }
    }
        

    Process {
        try 
        {
            if (-not $__cmdletization_exceptionHasBeenThrown)
            {
      $__cmdletization_methodParameters = [System.Collections.Generic.List[Microsoft.PowerShell.Cmdletization.MethodParameter]]::new()

        [object]$__cmdletization_defaultValue = $null
        [object]$__cmdletization_defaultValueIsPresent = $false
        if ($PSBoundParameters.ContainsKey('FilterGUID')) {
          [object]$__cmdletization_value = ${FilterGUID}
          $__cmdletization_methodParameter = [Microsoft.PowerShell.Cmdletization.MethodParameter]@{Name = 'FilterGUID'; ParameterType = 'System.String'; Bindings = 'In'; Value = $__cmdletization_value; IsValuePresent = $true}
        } else {
          $__cmdletization_methodParameter = [Microsoft.PowerShell.Cmdletization.MethodParameter]@{Name = 'FilterGUID'; ParameterType = 'System.String'; Bindings = 'In'; Value = $__cmdletization_defaultValue; IsValuePresent = $__cmdletization_defaultValueIsPresent}
        }
        $__cmdletization_methodParameters.Add($__cmdletization_methodParameter)

      $__cmdletization_returnValue = [Microsoft.PowerShell.Cmdletization.MethodParameter]@{ Name = 'ReturnValue'; ParameterType = 'System.Int32'; Bindings = 'Error'; Value = $null; IsValuePresent = $false }
      $__cmdletization_methodInvocationInfo = [Microsoft.PowerShell.Cmdletization.MethodInvocationInfo]::new('Remove', $__cmdletization_methodParameters, $__cmdletization_returnValue)
      $__cmdletization_objectModelWrapper.ProcessRecord($__cmdletization_methodInvocationInfo)

            }
        }
        catch
        {
            $__cmdletization_exceptionHasBeenThrown = $true
            throw
        }
    }
        

    End {
        try
        {
            if (-not $__cmdletization_exceptionHasBeenThrown)
            {
                $__cmdletization_objectModelWrapper.EndProcessing()
            }
        }
        catch
        {
            throw
        }
    }

    # .EXTERNALHELP MSFT_MpBehavioralNetworkBlockingRules.cdxml-Help.xml
}
Microsoft.PowerShell.Core\Export-ModuleMember -Function 'Remove-MpBehavioralNetworkBlockingRules' -Alias '*'
        

function Get-MpBehavioralNetworkBlockingRules
{
    [CmdletBinding(DefaultParameterSetName='DefaultSet', PositionalBinding=$false)]
    
    [OutputType([Microsoft.Management.Infrastructure.CimInstance])]
[OutputType('Microsoft.Management.Infrastructure.CimInstance#root\Microsoft\Windows\Defender\MSFT_MpBehavioralNetworkBlockingRules')]

    param(
    
    [Alias('Session')]
    [ValidateNotNullOrEmpty()]
    [CimSession[]]
    ${CimSession},

    [int]
    ${ThrottleLimit},

    [switch]
    ${AsJob})

    DynamicParam {
        try 
        {
            if (-not $__cmdletization_exceptionHasBeenThrown)
            {
                $__cmdletization_objectModelWrapper = $script:ObjectModelWrapper::new()
                $__cmdletization_objectModelWrapper.Initialize($PSCmdlet, $script:ClassName, $script:ClassVersion, $script:ModuleVersion, $script:PrivateData)

                if ($__cmdletization_objectModelWrapper -is [System.Management.Automation.IDynamicParameters])
                {
                    ([System.Management.Automation.IDynamicParameters]$__cmdletization_objectModelWrapper).GetDynamicParameters()
                }
            }
        }
        catch
        {
            $__cmdletization_exceptionHasBeenThrown = $true
            throw
        }
    }

    Begin {
        $__cmdletization_exceptionHasBeenThrown = $false
        try 
        {
            __cmdletization_BindCommonParameters $__cmdletization_objectModelWrapper $PSBoundParameters
            $__cmdletization_objectModelWrapper.BeginProcessing()
        }
        catch
        {
            $__cmdletization_exceptionHasBeenThrown = $true
            throw
        }
    }
        

    Process {
        try 
        {
            if (-not $__cmdletization_exceptionHasBeenThrown)
            {
    $__cmdletization_queryBuilder = $__cmdletization_objectModelWrapper.GetQueryBuilder()


    $__cmdletization_objectModelWrapper.ProcessRecord($__cmdletization_queryBuilder)
            }
        }
        catch
        {
            $__cmdletization_exceptionHasBeenThrown = $true
            throw
        }
    }
        

    End {
        try
        {
            if (-not $__cmdletization_exceptionHasBeenThrown)
            {
                $__cmdletization_objectModelWrapper.EndProcessing()
            }
        }
        catch
        {
            throw
        }
    }

    # .EXTERNALHELP MSFT_MpBehavioralNetworkBlockingRules.cdxml-Help.xml
}
Microsoft.PowerShell.Core\Export-ModuleMember -Function 'Get-MpBehavioralNetworkBlockingRules' -Alias '*'
        
</Data>
<Data Name="ScriptBlockId">dae4e4c1-3fbe-4569-9dff-17631facba15</Data>
<Data Name="Path"></Data>
</EventData>
</Event>

<Event xmlns="http://schemas.microsoft.com/win/2004/08/events/event"><System><Provider Name="Microsoft-Windows-PowerShell" Guid="{a0c1853b-5c40-4b15-8766-3cf1c58f985a}"></Provider>
<EventID Qualifiers="">4105</EventID>
<Version>1</Version>
<Level>5</Level>
<Task>102</Task>
<Opcode>15</Opcode>
<Keywords>0x0000000000000000</Keywords>
<TimeCreated SystemTime="2025-04-10 06:31:34.495119"></TimeCreated>
<EventRecordID>3548</EventRecordID>
<Correlation ActivityID="{d72fe4f3-a9dd-0000-8e2f-31d7dda9db01}" RelatedActivityID=""></Correlation>
<Execution ProcessID="9808" ThreadID="4644"></Execution>
<Channel>Microsoft-Windows-PowerShell/Operational</Channel>
<Computer>DESKTOP-M3AKJSD</Computer>
<Security UserID="S-1-5-21-3999086100-426973801-4203759309-1002"></Security>
</System>
<EventData><Data Name="ScriptBlockId">dae4e4c1-3fbe-4569-9dff-17631facba15</Data>
<Data Name="RunspaceId">62516b95-d457-41c9-aa13-31b963bcf8bb</Data>
</EventData>
</Event>

<Event xmlns="http://schemas.microsoft.com/win/2004/08/events/event"><System><Provider Name="Microsoft-Windows-PowerShell" Guid="{a0c1853b-5c40-4b15-8766-3cf1c58f985a}"></Provider>
<EventID Qualifiers="">4103</EventID>
<Version>1</Version>
<Level>4</Level>
<Task>106</Task>
<Opcode>20</Opcode>
<Keywords>0x0000000000000000</Keywords>
<TimeCreated SystemTime="2025-04-10 06:31:34.495651"></TimeCreated>
<EventRecordID>3549</EventRecordID>
<Correlation ActivityID="{d72fe4f3-a9dd-0002-1afb-30d7dda9db01}" RelatedActivityID=""></Correlation>
<Execution ProcessID="9808" ThreadID="4644"></Execution>
<Channel>Microsoft-Windows-PowerShell/Operational</Channel>
<Computer>DESKTOP-M3AKJSD</Computer>
<Security UserID="S-1-5-21-3999086100-426973801-4203759309-1002"></Security>
</System>
<EventData><Data Name="ContextInfo">        Severity = Informational
        Host Name = ConsoleHost
        Host Version = 5.1.26100.3624
        Host ID = 06070939-645a-4cb4-bb35-feff3e76ad09
        Host Application = C:\Windows\System32\WindowsPowerShell\v1.0\powershell.exe
        Engine Version = 5.1.26100.3624
        Runspace ID = 62516b95-d457-41c9-aa13-31b963bcf8bb
        Pipeline ID = 20
        Command Name = Set-StrictMode
        Command Type = Cmdlet
        Script Name = 
        Command Path = 
        Sequence Number = 124
        User = DESKTOP-M3AKJSD\User
        Connected User = 
        Shell ID = Microsoft.PowerShell
</Data>
<Data Name="UserData"></Data>
<Data Name="Payload">CommandInvocation(Set-StrictMode): "Set-StrictMode"
ParameterBinding(Set-StrictMode): name="Off"; value="True"
</Data>
</EventData>
</Event>

<Event xmlns="http://schemas.microsoft.com/win/2004/08/events/event"><System><Provider Name="Microsoft-Windows-PowerShell" Guid="{a0c1853b-5c40-4b15-8766-3cf1c58f985a}"></Provider>
<EventID Qualifiers="">4103</EventID>
<Version>1</Version>
<Level>4</Level>
<Task>106</Task>
<Opcode>20</Opcode>
<Keywords>0x0000000000000000</Keywords>
<TimeCreated SystemTime="2025-04-10 06:31:34.495960"></TimeCreated>
<EventRecordID>3550</EventRecordID>
<Correlation ActivityID="{d72fe4f3-a9dd-0002-1bfb-30d7dda9db01}" RelatedActivityID=""></Correlation>
<Execution ProcessID="9808" ThreadID="4644"></Execution>
<Channel>Microsoft-Windows-PowerShell/Operational</Channel>
<Computer>DESKTOP-M3AKJSD</Computer>
<Security UserID="S-1-5-21-3999086100-426973801-4203759309-1002"></Security>
</System>
<EventData><Data Name="ContextInfo">        Severity = Informational
        Host Name = ConsoleHost
        Host Version = 5.1.26100.3624
        Host ID = 06070939-645a-4cb4-bb35-feff3e76ad09
        Host Application = C:\Windows\System32\WindowsPowerShell\v1.0\powershell.exe
        Engine Version = 5.1.26100.3624
        Runspace ID = 62516b95-d457-41c9-aa13-31b963bcf8bb
        Pipeline ID = 20
        Command Name = Export-ModuleMember
        Command Type = Cmdlet
        Script Name = 
        Command Path = 
        Sequence Number = 126
        User = DESKTOP-M3AKJSD\User
        Connected User = 
        Shell ID = Microsoft.PowerShell
</Data>
<Data Name="UserData"></Data>
<Data Name="Payload">CommandInvocation(Export-ModuleMember): "Export-ModuleMember"
ParameterBinding(Export-ModuleMember): name="Function"; value=""
</Data>
</EventData>
</Event>

<Event xmlns="http://schemas.microsoft.com/win/2004/08/events/event"><System><Provider Name="Microsoft-Windows-PowerShell" Guid="{a0c1853b-5c40-4b15-8766-3cf1c58f985a}"></Provider>
<EventID Qualifiers="">4103</EventID>
<Version>1</Version>
<Level>4</Level>
<Task>106</Task>
<Opcode>20</Opcode>
<Keywords>0x0000000000000000</Keywords>
<TimeCreated SystemTime="2025-04-10 06:31:34.496592"></TimeCreated>
<EventRecordID>3551</EventRecordID>
<Correlation ActivityID="{d72fe4f3-a9dd-0002-1cfb-30d7dda9db01}" RelatedActivityID=""></Correlation>
<Execution ProcessID="9808" ThreadID="4644"></Execution>
<Channel>Microsoft-Windows-PowerShell/Operational</Channel>
<Computer>DESKTOP-M3AKJSD</Computer>
<Security UserID="S-1-5-21-3999086100-426973801-4203759309-1002"></Security>
</System>
<EventData><Data Name="ContextInfo">        Severity = Informational
        Host Name = ConsoleHost
        Host Version = 5.1.26100.3624
        Host ID = 06070939-645a-4cb4-bb35-feff3e76ad09
        Host Application = C:\Windows\System32\WindowsPowerShell\v1.0\powershell.exe
        Engine Version = 5.1.26100.3624
        Runspace ID = 62516b95-d457-41c9-aa13-31b963bcf8bb
        Pipeline ID = 20
        Command Name = Export-ModuleMember
        Command Type = Cmdlet
        Script Name = 
        Command Path = 
        Sequence Number = 128
        User = DESKTOP-M3AKJSD\User
        Connected User = 
        Shell ID = Microsoft.PowerShell
</Data>
<Data Name="UserData"></Data>
<Data Name="Payload">CommandInvocation(Export-ModuleMember): "Export-ModuleMember"
ParameterBinding(Export-ModuleMember): name="Function"; value="Remove-MpBehavioralNetworkBlockingRules"
ParameterBinding(Export-ModuleMember): name="Alias"; value="*"
</Data>
</EventData>
</Event>

<Event xmlns="http://schemas.microsoft.com/win/2004/08/events/event"><System><Provider Name="Microsoft-Windows-PowerShell" Guid="{a0c1853b-5c40-4b15-8766-3cf1c58f985a}"></Provider>
<EventID Qualifiers="">4103</EventID>
<Version>1</Version>
<Level>4</Level>
<Task>106</Task>
<Opcode>20</Opcode>
<Keywords>0x0000000000000000</Keywords>
<TimeCreated SystemTime="2025-04-10 06:31:34.496931"></TimeCreated>
<EventRecordID>3552</EventRecordID>
<Correlation ActivityID="{d72fe4f3-a9dd-0002-1dfb-30d7dda9db01}" RelatedActivityID=""></Correlation>
<Execution ProcessID="9808" ThreadID="4644"></Execution>
<Channel>Microsoft-Windows-PowerShell/Operational</Channel>
<Computer>DESKTOP-M3AKJSD</Computer>
<Security UserID="S-1-5-21-3999086100-426973801-4203759309-1002"></Security>
</System>
<EventData><Data Name="ContextInfo">        Severity = Informational
        Host Name = ConsoleHost
        Host Version = 5.1.26100.3624
        Host ID = 06070939-645a-4cb4-bb35-feff3e76ad09
        Host Application = C:\Windows\System32\WindowsPowerShell\v1.0\powershell.exe
        Engine Version = 5.1.26100.3624
        Runspace ID = 62516b95-d457-41c9-aa13-31b963bcf8bb
        Pipeline ID = 20
        Command Name = Export-ModuleMember
        Command Type = Cmdlet
        Script Name = 
        Command Path = 
        Sequence Number = 130
        User = DESKTOP-M3AKJSD\User
        Connected User = 
        Shell ID = Microsoft.PowerShell
</Data>
<Data Name="UserData"></Data>
<Data Name="Payload">CommandInvocation(Export-ModuleMember): "Export-ModuleMember"
ParameterBinding(Export-ModuleMember): name="Function"; value="Get-MpBehavioralNetworkBlockingRules"
ParameterBinding(Export-ModuleMember): name="Alias"; value="*"
</Data>
</EventData>
</Event>

<Event xmlns="http://schemas.microsoft.com/win/2004/08/events/event"><System><Provider Name="Microsoft-Windows-PowerShell" Guid="{a0c1853b-5c40-4b15-8766-3cf1c58f985a}"></Provider>
<EventID Qualifiers="">4106</EventID>
<Version>1</Version>
<Level>5</Level>
<Task>103</Task>
<Opcode>15</Opcode>
<Keywords>0x0000000000000000</Keywords>
<TimeCreated SystemTime="2025-04-10 06:31:34.496944"></TimeCreated>
<EventRecordID>3553</EventRecordID>
<Correlation ActivityID="{d72fe4f3-a9dd-0002-1dfb-30d7dda9db01}" RelatedActivityID=""></Correlation>
<Execution ProcessID="9808" ThreadID="4644"></Execution>
<Channel>Microsoft-Windows-PowerShell/Operational</Channel>
<Computer>DESKTOP-M3AKJSD</Computer>
<Security UserID="S-1-5-21-3999086100-426973801-4203759309-1002"></Security>
</System>
<EventData><Data Name="ScriptBlockId">dae4e4c1-3fbe-4569-9dff-17631facba15</Data>
<Data Name="RunspaceId">62516b95-d457-41c9-aa13-31b963bcf8bb</Data>
</EventData>
</Event>

<Event xmlns="http://schemas.microsoft.com/win/2004/08/events/event"><System><Provider Name="Microsoft-Windows-PowerShell" Guid="{a0c1853b-5c40-4b15-8766-3cf1c58f985a}"></Provider>
<EventID Qualifiers="">4104</EventID>
<Version>1</Version>
<Level>5</Level>
<Task>2</Task>
<Opcode>15</Opcode>
<Keywords>0x0000000000000000</Keywords>
<TimeCreated SystemTime="2025-04-10 06:31:34.620153"></TimeCreated>
<EventRecordID>3554</EventRecordID>
<Correlation ActivityID="{d72fe4f3-a9dd-0000-9a2f-31d7dda9db01}" RelatedActivityID=""></Correlation>
<Execution ProcessID="9808" ThreadID="4644"></Execution>
<Channel>Microsoft-Windows-PowerShell/Operational</Channel>
<Computer>DESKTOP-M3AKJSD</Computer>
<Security UserID="S-1-5-21-3999086100-426973801-4203759309-1002"></Security>
</System>
<EventData><Data Name="MessageNumber">1</Data>
<Data Name="MessageTotal">1</Data>
<Data Name="ScriptBlockText">function __cmdletization_BindCommonParameters
{
    param(
        $__cmdletization_objectModelWrapper,
        $myPSBoundParameters
    )       
                

        if ($myPSBoundParameters.ContainsKey('CimSession')) { 
            $__cmdletization_objectModelWrapper.PSObject.Properties['CimSession'].Value = $myPSBoundParameters['CimSession'] 
        }
                    

        if ($myPSBoundParameters.ContainsKey('ThrottleLimit')) { 
            $__cmdletization_objectModelWrapper.PSObject.Properties['ThrottleLimit'].Value = $myPSBoundParameters['ThrottleLimit'] 
        }
                    

        if ($myPSBoundParameters.ContainsKey('AsJob')) { 
            $__cmdletization_objectModelWrapper.PSObject.Properties['AsJob'].Value = $myPSBoundParameters['AsJob'] 
        }
                    

}</Data>
<Data Name="ScriptBlockId">567c325e-19d5-4563-9e92-cf47135cb4a4</Data>
<Data Name="Path"></Data>
</EventData>
</Event>

<Event xmlns="http://schemas.microsoft.com/win/2004/08/events/event"><System><Provider Name="Microsoft-Windows-PowerShell" Guid="{a0c1853b-5c40-4b15-8766-3cf1c58f985a}"></Provider>
<EventID Qualifiers="">4105</EventID>
<Version>1</Version>
<Level>5</Level>
<Task>102</Task>
<Opcode>15</Opcode>
<Keywords>0x0000000000000000</Keywords>
<TimeCreated SystemTime="2025-04-10 06:31:34.620155"></TimeCreated>
<EventRecordID>3555</EventRecordID>
<Correlation ActivityID="{d72fe4f3-a9dd-0000-9a2f-31d7dda9db01}" RelatedActivityID=""></Correlation>
<Execution ProcessID="9808" ThreadID="4644"></Execution>
<Channel>Microsoft-Windows-PowerShell/Operational</Channel>
<Computer>DESKTOP-M3AKJSD</Computer>
<Security UserID="S-1-5-21-3999086100-426973801-4203759309-1002"></Security>
</System>
<EventData><Data Name="ScriptBlockId">567c325e-19d5-4563-9e92-cf47135cb4a4</Data>
<Data Name="RunspaceId">62516b95-d457-41c9-aa13-31b963bcf8bb</Data>
</EventData>
</Event>

<Event xmlns="http://schemas.microsoft.com/win/2004/08/events/event"><System><Provider Name="Microsoft-Windows-PowerShell" Guid="{a0c1853b-5c40-4b15-8766-3cf1c58f985a}"></Provider>
<EventID Qualifiers="">4106</EventID>
<Version>1</Version>
<Level>5</Level>
<Task>103</Task>
<Opcode>15</Opcode>
<Keywords>0x0000000000000000</Keywords>
<TimeCreated SystemTime="2025-04-10 06:31:34.627144"></TimeCreated>
<EventRecordID>3556</EventRecordID>
<Correlation ActivityID="{d72fe4f3-a9dd-0000-9a2f-31d7dda9db01}" RelatedActivityID=""></Correlation>
<Execution ProcessID="9808" ThreadID="4644"></Execution>
<Channel>Microsoft-Windows-PowerShell/Operational</Channel>
<Computer>DESKTOP-M3AKJSD</Computer>
<Security UserID="S-1-5-21-3999086100-426973801-4203759309-1002"></Security>
</System>
<EventData><Data Name="ScriptBlockId">567c325e-19d5-4563-9e92-cf47135cb4a4</Data>
<Data Name="RunspaceId">62516b95-d457-41c9-aa13-31b963bcf8bb</Data>
</EventData>
</Event>

