<Event xmlns="http://schemas.microsoft.com/win/2004/08/events/event"><System><Provider Name="Microsoft-Windows-PowerShell" Guid="{a0c1853b-5c40-4b15-8766-3cf1c58f985a}"></Provider>
<EventID Qualifiers="">4105</EventID>
<Version>1</Version>
<Level>5</Level>
<Task>102</Task>
<Opcode>15</Opcode>
<Keywords>0x0000000000000000</Keywords>
<TimeCreated SystemTime="2025-04-10 06:14:28.893600"></TimeCreated>
<EventRecordID>3291</EventRecordID>
<Correlation ActivityID="{d72fe4f3-a9dd-0002-9ba7-30d7dda9db01}" RelatedActivityID=""></Correlation>
<Execution ProcessID="7324" ThreadID="3216"></Execution>
<Channel>Microsoft-Windows-PowerShell/Operational</Channel>
<Computer>DESKTOP-M3AKJSD</Computer>
<Security UserID="S-1-5-21-3999086100-426973801-4203759309-1002"></Security>
</System>
<EventData><Data Name="ScriptBlockId">a6d3e699-57af-4468-ba86-6ed81f70bd7a</Data>
<Data Name="RunspaceId">fb7ebb6f-5eb4-4c3d-be4f-5b37e59ad954</Data>
</EventData>
</Event>

<Event xmlns="http://schemas.microsoft.com/win/2004/08/events/event"><System><Provider Name="Microsoft-Windows-PowerShell" Guid="{a0c1853b-5c40-4b15-8766-3cf1c58f985a}"></Provider>
<EventID Qualifiers="">4103</EventID>
<Version>1</Version>
<Level>4</Level>
<Task>106</Task>
<Opcode>20</Opcode>
<Keywords>0x0000000000000000</Keywords>
<TimeCreated SystemTime="2025-04-10 06:14:28.893942"></TimeCreated>
<EventRecordID>3292</EventRecordID>
<Correlation ActivityID="{d72fe4f3-a9dd-0002-9ca7-30d7dda9db01}" RelatedActivityID=""></Correlation>
<Execution ProcessID="7324" ThreadID="3216"></Execution>
<Channel>Microsoft-Windows-PowerShell/Operational</Channel>
<Computer>DESKTOP-M3AKJSD</Computer>
<Security UserID="S-1-5-21-3999086100-426973801-4203759309-1002"></Security>
</System>
<EventData><Data Name="ContextInfo">        Severity = Informational
        Host Name = ConsoleHost
        Host Version = 5.1.26100.3624
        Host ID = e48dc4c7-a738-457b-a737-5fc27651b8d9
        Host Application = C:\Windows\SysWOW64\WindowsPowerShell\v1.0\powershell.exe
        Engine Version = 5.1.26100.3624
        Runspace ID = fb7ebb6f-5eb4-4c3d-be4f-5b37e59ad954
        Pipeline ID = 10
        Command Name = Set-StrictMode
        Command Type = Cmdlet
        Script Name = C:\Program Files\WindowsPowerShell\Modules\PSReadLine\2.0.0\PSReadLine.psm1
        Command Path = 
        Sequence Number = 28
        User = DESKTOP-M3AKJSD\User
        Connected User = 
        Shell ID = Microsoft.PowerShell
</Data>
<Data Name="UserData"></Data>
<Data Name="Payload">CommandInvocation(Set-StrictMode): "Set-StrictMode"
ParameterBinding(Set-StrictMode): name="Off"; value="True"
</Data>
</EventData>
</Event>

<Event xmlns="http://schemas.microsoft.com/win/2004/08/events/event"><System><Provider Name="Microsoft-Windows-PowerShell" Guid="{a0c1853b-5c40-4b15-8766-3cf1c58f985a}"></Provider>
<EventID Qualifiers="">4106</EventID>
<Version>1</Version>
<Level>5</Level>
<Task>103</Task>
<Opcode>15</Opcode>
<Keywords>0x0000000000000000</Keywords>
<TimeCreated SystemTime="2025-04-10 06:14:30.356066"></TimeCreated>
<EventRecordID>3293</EventRecordID>
<Correlation ActivityID="{d72fe4f3-a9dd-0002-9ca7-30d7dda9db01}" RelatedActivityID=""></Correlation>
<Execution ProcessID="7324" ThreadID="3216"></Execution>
<Channel>Microsoft-Windows-PowerShell/Operational</Channel>
<Computer>DESKTOP-M3AKJSD</Computer>
<Security UserID="S-1-5-21-3999086100-426973801-4203759309-1002"></Security>
</System>
<EventData><Data Name="ScriptBlockId">a6d3e699-57af-4468-ba86-6ed81f70bd7a</Data>
<Data Name="RunspaceId">fb7ebb6f-5eb4-4c3d-be4f-5b37e59ad954</Data>
</EventData>
</Event>

<Event xmlns="http://schemas.microsoft.com/win/2004/08/events/event"><System><Provider Name="Microsoft-Windows-PowerShell" Guid="{a0c1853b-5c40-4b15-8766-3cf1c58f985a}"></Provider>
<EventID Qualifiers="">4103</EventID>
<Version>1</Version>
<Level>4</Level>
<Task>106</Task>
<Opcode>20</Opcode>
<Keywords>0x0000000000000000</Keywords>
<TimeCreated SystemTime="2025-04-10 06:14:30.356443"></TimeCreated>
<EventRecordID>3294</EventRecordID>
<Correlation ActivityID="{d72fe4f3-a9dd-0002-9ba7-30d7dda9db01}" RelatedActivityID=""></Correlation>
<Execution ProcessID="7324" ThreadID="3216"></Execution>
<Channel>Microsoft-Windows-PowerShell/Operational</Channel>
<Computer>DESKTOP-M3AKJSD</Computer>
<Security UserID="S-1-5-21-3999086100-426973801-4203759309-1002"></Security>
</System>
<EventData><Data Name="ContextInfo">        Severity = Informational
        Host Name = ConsoleHost
        Host Version = 5.1.26100.3624
        Host ID = e48dc4c7-a738-457b-a737-5fc27651b8d9
        Host Application = C:\Windows\SysWOW64\WindowsPowerShell\v1.0\powershell.exe
        Engine Version = 5.1.26100.3624
        Runspace ID = fb7ebb6f-5eb4-4c3d-be4f-5b37e59ad954
        Pipeline ID = 10
        Command Name = PSConsoleHostReadLine
        Command Type = Function
        Script Name = 
        Command Path = 
        Sequence Number = 30
        User = DESKTOP-M3AKJSD\User
        Connected User = 
        Shell ID = Microsoft.PowerShell
</Data>
<Data Name="UserData"></Data>
<Data Name="Payload">CommandInvocation(PSConsoleHostReadLine): "PSConsoleHostReadLine"
</Data>
</EventData>
</Event>

<Event xmlns="http://schemas.microsoft.com/win/2004/08/events/event"><System><Provider Name="Microsoft-Windows-PowerShell" Guid="{a0c1853b-5c40-4b15-8766-3cf1c58f985a}"></Provider>
<EventID Qualifiers="">4104</EventID>
<Version>1</Version>
<Level>5</Level>
<Task>2</Task>
<Opcode>15</Opcode>
<Keywords>0x0000000000000000</Keywords>
<TimeCreated SystemTime="2025-04-10 06:14:30.364599"></TimeCreated>
<EventRecordID>3295</EventRecordID>
<Correlation ActivityID="{d72fe4f3-a9dd-0001-77c8-30d7dda9db01}" RelatedActivityID=""></Correlation>
<Execution ProcessID="7324" ThreadID="3216"></Execution>
<Channel>Microsoft-Windows-PowerShell/Operational</Channel>
<Computer>DESKTOP-M3AKJSD</Computer>
<Security UserID="S-1-5-21-3999086100-426973801-4203759309-1002"></Security>
</System>
<EventData><Data Name="MessageNumber">1</Data>
<Data Name="MessageTotal">1</Data>
<Data Name="ScriptBlockText">cls</Data>
<Data Name="ScriptBlockId">520b647e-980c-4cce-a1f2-8964bbedee61</Data>
<Data Name="Path"></Data>
</EventData>
</Event>

<Event xmlns="http://schemas.microsoft.com/win/2004/08/events/event"><System><Provider Name="Microsoft-Windows-PowerShell" Guid="{a0c1853b-5c40-4b15-8766-3cf1c58f985a}"></Provider>
<EventID Qualifiers="">4105</EventID>
<Version>1</Version>
<Level>5</Level>
<Task>102</Task>
<Opcode>15</Opcode>
<Keywords>0x0000000000000000</Keywords>
<TimeCreated SystemTime="2025-04-10 06:14:30.364603"></TimeCreated>
<EventRecordID>3296</EventRecordID>
<Correlation ActivityID="{d72fe4f3-a9dd-0001-77c8-30d7dda9db01}" RelatedActivityID=""></Correlation>
<Execution ProcessID="7324" ThreadID="3216"></Execution>
<Channel>Microsoft-Windows-PowerShell/Operational</Channel>
<Computer>DESKTOP-M3AKJSD</Computer>
<Security UserID="S-1-5-21-3999086100-426973801-4203759309-1002"></Security>
</System>
<EventData><Data Name="ScriptBlockId">520b647e-980c-4cce-a1f2-8964bbedee61</Data>
<Data Name="RunspaceId">fb7ebb6f-5eb4-4c3d-be4f-5b37e59ad954</Data>
</EventData>
</Event>

<Event xmlns="http://schemas.microsoft.com/win/2004/08/events/event"><System><Provider Name="Microsoft-Windows-PowerShell" Guid="{a0c1853b-5c40-4b15-8766-3cf1c58f985a}"></Provider>
<EventID Qualifiers="">4105</EventID>
<Version>1</Version>
<Level>5</Level>
<Task>102</Task>
<Opcode>15</Opcode>
<Keywords>0x0000000000000000</Keywords>
<TimeCreated SystemTime="2025-04-10 06:14:30.380327"></TimeCreated>
<EventRecordID>3297</EventRecordID>
<Correlation ActivityID="{d72fe4f3-a9dd-0000-43c5-30d7dda9db01}" RelatedActivityID=""></Correlation>
<Execution ProcessID="7324" ThreadID="3216"></Execution>
<Channel>Microsoft-Windows-PowerShell/Operational</Channel>
<Computer>DESKTOP-M3AKJSD</Computer>
<Security UserID="S-1-5-21-3999086100-426973801-4203759309-1002"></Security>
</System>
<EventData><Data Name="ScriptBlockId">ee4de2d9-9ff3-4e75-a65b-2c079b65c29c</Data>
<Data Name="RunspaceId">fb7ebb6f-5eb4-4c3d-be4f-5b37e59ad954</Data>
</EventData>
</Event>

<Event xmlns="http://schemas.microsoft.com/win/2004/08/events/event"><System><Provider Name="Microsoft-Windows-PowerShell" Guid="{a0c1853b-5c40-4b15-8766-3cf1c58f985a}"></Provider>
<EventID Qualifiers="">4106</EventID>
<Version>1</Version>
<Level>5</Level>
<Task>103</Task>
<Opcode>15</Opcode>
<Keywords>0x0000000000000000</Keywords>
<TimeCreated SystemTime="2025-04-10 06:14:30.404963"></TimeCreated>
<EventRecordID>3298</EventRecordID>
<Correlation ActivityID="{d72fe4f3-a9dd-0000-43c5-30d7dda9db01}" RelatedActivityID=""></Correlation>
<Execution ProcessID="7324" ThreadID="3216"></Execution>
<Channel>Microsoft-Windows-PowerShell/Operational</Channel>
<Computer>DESKTOP-M3AKJSD</Computer>
<Security UserID="S-1-5-21-3999086100-426973801-4203759309-1002"></Security>
</System>
<EventData><Data Name="ScriptBlockId">ee4de2d9-9ff3-4e75-a65b-2c079b65c29c</Data>
<Data Name="RunspaceId">fb7ebb6f-5eb4-4c3d-be4f-5b37e59ad954</Data>
</EventData>
</Event>

<Event xmlns="http://schemas.microsoft.com/win/2004/08/events/event"><System><Provider Name="Microsoft-Windows-PowerShell" Guid="{a0c1853b-5c40-4b15-8766-3cf1c58f985a}"></Provider>
<EventID Qualifiers="">4106</EventID>
<Version>1</Version>
<Level>5</Level>
<Task>103</Task>
<Opcode>15</Opcode>
<Keywords>0x0000000000000000</Keywords>
<TimeCreated SystemTime="2025-04-10 06:14:30.405001"></TimeCreated>
<EventRecordID>3299</EventRecordID>
<Correlation ActivityID="{d72fe4f3-a9dd-0000-43c5-30d7dda9db01}" RelatedActivityID=""></Correlation>
<Execution ProcessID="7324" ThreadID="3216"></Execution>
<Channel>Microsoft-Windows-PowerShell/Operational</Channel>
<Computer>DESKTOP-M3AKJSD</Computer>
<Security UserID="S-1-5-21-3999086100-426973801-4203759309-1002"></Security>
</System>
<EventData><Data Name="ScriptBlockId">520b647e-980c-4cce-a1f2-8964bbedee61</Data>
<Data Name="RunspaceId">fb7ebb6f-5eb4-4c3d-be4f-5b37e59ad954</Data>
</EventData>
</Event>

<Event xmlns="http://schemas.microsoft.com/win/2004/08/events/event"><System><Provider Name="Microsoft-Windows-PowerShell" Guid="{a0c1853b-5c40-4b15-8766-3cf1c58f985a}"></Provider>
<EventID Qualifiers="">4103</EventID>
<Version>1</Version>
<Level>4</Level>
<Task>106</Task>
<Opcode>20</Opcode>
<Keywords>0x0000000000000000</Keywords>
<TimeCreated SystemTime="2025-04-10 06:14:30.405394"></TimeCreated>
<EventRecordID>3300</EventRecordID>
<Correlation ActivityID="{d72fe4f3-a9dd-0001-77c8-30d7dda9db01}" RelatedActivityID=""></Correlation>
<Execution ProcessID="7324" ThreadID="3216"></Execution>
<Channel>Microsoft-Windows-PowerShell/Operational</Channel>
<Computer>DESKTOP-M3AKJSD</Computer>
<Security UserID="S-1-5-21-3999086100-426973801-4203759309-1002"></Security>
</System>
<EventData><Data Name="ContextInfo">        Severity = Informational
        Host Name = ConsoleHost
        Host Version = 5.1.26100.3624
        Host ID = e48dc4c7-a738-457b-a737-5fc27651b8d9
        Host Application = C:\Windows\SysWOW64\WindowsPowerShell\v1.0\powershell.exe
        Engine Version = 5.1.26100.3624
        Runspace ID = fb7ebb6f-5eb4-4c3d-be4f-5b37e59ad954
        Pipeline ID = 11
        Command Name = 
        Command Type = Script
        Script Name = 
        Command Path = 
        Sequence Number = 32
        User = DESKTOP-M3AKJSD\User
        Connected User = 
        Shell ID = Microsoft.PowerShell
</Data>
<Data Name="UserData"></Data>
<Data Name="Payload">CommandInvocation(Out-Default): "Out-Default"
</Data>
</EventData>
</Event>

<Event xmlns="http://schemas.microsoft.com/win/2004/08/events/event"><System><Provider Name="Microsoft-Windows-PowerShell" Guid="{a0c1853b-5c40-4b15-8766-3cf1c58f985a}"></Provider>
<EventID Qualifiers="">4105</EventID>
<Version>1</Version>
<Level>5</Level>
<Task>102</Task>
<Opcode>15</Opcode>
<Keywords>0x0000000000000000</Keywords>
<TimeCreated SystemTime="2025-04-10 06:14:30.405636"></TimeCreated>
<EventRecordID>3301</EventRecordID>
<Correlation ActivityID="{d72fe4f3-a9dd-0002-0ba7-30d7dda9db01}" RelatedActivityID=""></Correlation>
<Execution ProcessID="7324" ThreadID="1720"></Execution>
<Channel>Microsoft-Windows-PowerShell/Operational</Channel>
<Computer>DESKTOP-M3AKJSD</Computer>
<Security UserID="S-1-5-21-3999086100-426973801-4203759309-1002"></Security>
</System>
<EventData><Data Name="ScriptBlockId">bd983917-7871-423a-ba1e-e57ad1b25899</Data>
<Data Name="RunspaceId">fb7ebb6f-5eb4-4c3d-be4f-5b37e59ad954</Data>
</EventData>
</Event>

<Event xmlns="http://schemas.microsoft.com/win/2004/08/events/event"><System><Provider Name="Microsoft-Windows-PowerShell" Guid="{a0c1853b-5c40-4b15-8766-3cf1c58f985a}"></Provider>
<EventID Qualifiers="">4106</EventID>
<Version>1</Version>
<Level>5</Level>
<Task>103</Task>
<Opcode>15</Opcode>
<Keywords>0x0000000000000000</Keywords>
<TimeCreated SystemTime="2025-04-10 06:14:30.405672"></TimeCreated>
<EventRecordID>3302</EventRecordID>
<Correlation ActivityID="{d72fe4f3-a9dd-0002-0ba7-30d7dda9db01}" RelatedActivityID=""></Correlation>
<Execution ProcessID="7324" ThreadID="1720"></Execution>
<Channel>Microsoft-Windows-PowerShell/Operational</Channel>
<Computer>DESKTOP-M3AKJSD</Computer>
<Security UserID="S-1-5-21-3999086100-426973801-4203759309-1002"></Security>
</System>
<EventData><Data Name="ScriptBlockId">bd983917-7871-423a-ba1e-e57ad1b25899</Data>
<Data Name="RunspaceId">fb7ebb6f-5eb4-4c3d-be4f-5b37e59ad954</Data>
</EventData>
</Event>

<Event xmlns="http://schemas.microsoft.com/win/2004/08/events/event"><System><Provider Name="Microsoft-Windows-PowerShell" Guid="{a0c1853b-5c40-4b15-8766-3cf1c58f985a}"></Provider>
<EventID Qualifiers="">4104</EventID>
<Version>1</Version>
<Level>5</Level>
<Task>2</Task>
<Opcode>15</Opcode>
<Keywords>0x0000000000000000</Keywords>
<TimeCreated SystemTime="2025-04-10 06:14:30.407276"></TimeCreated>
<EventRecordID>3303</EventRecordID>
<Correlation ActivityID="{d72fe4f3-a9dd-0000-44c5-30d7dda9db01}" RelatedActivityID=""></Correlation>
<Execution ProcessID="7324" ThreadID="3216"></Execution>
<Channel>Microsoft-Windows-PowerShell/Operational</Channel>
<Computer>DESKTOP-M3AKJSD</Computer>
<Security UserID="S-1-5-21-3999086100-426973801-4203759309-1002"></Security>
</System>
<EventData><Data Name="MessageNumber">1</Data>
<Data Name="MessageTotal">1</Data>
<Data Name="ScriptBlockText">prompt</Data>
<Data Name="ScriptBlockId">c71a1f43-572e-4951-b73a-f0ffb5bcd487</Data>
<Data Name="Path"></Data>
</EventData>
</Event>

<Event xmlns="http://schemas.microsoft.com/win/2004/08/events/event"><System><Provider Name="Microsoft-Windows-PowerShell" Guid="{a0c1853b-5c40-4b15-8766-3cf1c58f985a}"></Provider>
<EventID Qualifiers="">4105</EventID>
<Version>1</Version>
<Level>5</Level>
<Task>102</Task>
<Opcode>15</Opcode>
<Keywords>0x0000000000000000</Keywords>
<TimeCreated SystemTime="2025-04-10 06:14:30.407282"></TimeCreated>
<EventRecordID>3304</EventRecordID>
<Correlation ActivityID="{d72fe4f3-a9dd-0000-44c5-30d7dda9db01}" RelatedActivityID=""></Correlation>
<Execution ProcessID="7324" ThreadID="3216"></Execution>
<Channel>Microsoft-Windows-PowerShell/Operational</Channel>
<Computer>DESKTOP-M3AKJSD</Computer>
<Security UserID="S-1-5-21-3999086100-426973801-4203759309-1002"></Security>
</System>
<EventData><Data Name="ScriptBlockId">c71a1f43-572e-4951-b73a-f0ffb5bcd487</Data>
<Data Name="RunspaceId">fb7ebb6f-5eb4-4c3d-be4f-5b37e59ad954</Data>
</EventData>
</Event>

<Event xmlns="http://schemas.microsoft.com/win/2004/08/events/event"><System><Provider Name="Microsoft-Windows-PowerShell" Guid="{a0c1853b-5c40-4b15-8766-3cf1c58f985a}"></Provider>
<EventID Qualifiers="">4105</EventID>
<Version>1</Version>
<Level>5</Level>
<Task>102</Task>
<Opcode>15</Opcode>
<Keywords>0x0000000000000000</Keywords>
<TimeCreated SystemTime="2025-04-10 06:14:30.407341"></TimeCreated>
<EventRecordID>3305</EventRecordID>
<Correlation ActivityID="{d72fe4f3-a9dd-0000-45c5-30d7dda9db01}" RelatedActivityID=""></Correlation>
<Execution ProcessID="7324" ThreadID="3216"></Execution>
<Channel>Microsoft-Windows-PowerShell/Operational</Channel>
<Computer>DESKTOP-M3AKJSD</Computer>
<Security UserID="S-1-5-21-3999086100-426973801-4203759309-1002"></Security>
</System>
<EventData><Data Name="ScriptBlockId">d58c54e9-39c4-4888-bf45-2ceb4a6b8db1</Data>
<Data Name="RunspaceId">fb7ebb6f-5eb4-4c3d-be4f-5b37e59ad954</Data>
</EventData>
</Event>

<Event xmlns="http://schemas.microsoft.com/win/2004/08/events/event"><System><Provider Name="Microsoft-Windows-PowerShell" Guid="{a0c1853b-5c40-4b15-8766-3cf1c58f985a}"></Provider>
<EventID Qualifiers="">4106</EventID>
<Version>1</Version>
<Level>5</Level>
<Task>103</Task>
<Opcode>15</Opcode>
<Keywords>0x0000000000000000</Keywords>
<TimeCreated SystemTime="2025-04-10 06:14:30.407415"></TimeCreated>
<EventRecordID>3306</EventRecordID>
<Correlation ActivityID="{d72fe4f3-a9dd-0000-45c5-30d7dda9db01}" RelatedActivityID=""></Correlation>
<Execution ProcessID="7324" ThreadID="3216"></Execution>
<Channel>Microsoft-Windows-PowerShell/Operational</Channel>
<Computer>DESKTOP-M3AKJSD</Computer>
<Security UserID="S-1-5-21-3999086100-426973801-4203759309-1002"></Security>
</System>
<EventData><Data Name="ScriptBlockId">d58c54e9-39c4-4888-bf45-2ceb4a6b8db1</Data>
<Data Name="RunspaceId">fb7ebb6f-5eb4-4c3d-be4f-5b37e59ad954</Data>
</EventData>
</Event>

<Event xmlns="http://schemas.microsoft.com/win/2004/08/events/event"><System><Provider Name="Microsoft-Windows-PowerShell" Guid="{a0c1853b-5c40-4b15-8766-3cf1c58f985a}"></Provider>
<EventID Qualifiers="">4106</EventID>
<Version>1</Version>
<Level>5</Level>
<Task>103</Task>
<Opcode>15</Opcode>
<Keywords>0x0000000000000000</Keywords>
<TimeCreated SystemTime="2025-04-10 06:14:30.407425"></TimeCreated>
<EventRecordID>3307</EventRecordID>
<Correlation ActivityID="{d72fe4f3-a9dd-0000-45c5-30d7dda9db01}" RelatedActivityID=""></Correlation>
<Execution ProcessID="7324" ThreadID="3216"></Execution>
<Channel>Microsoft-Windows-PowerShell/Operational</Channel>
<Computer>DESKTOP-M3AKJSD</Computer>
<Security UserID="S-1-5-21-3999086100-426973801-4203759309-1002"></Security>
</System>
<EventData><Data Name="ScriptBlockId">c71a1f43-572e-4951-b73a-f0ffb5bcd487</Data>
<Data Name="RunspaceId">fb7ebb6f-5eb4-4c3d-be4f-5b37e59ad954</Data>
</EventData>
</Event>

<Event xmlns="http://schemas.microsoft.com/win/2004/08/events/event"><System><Provider Name="Microsoft-Windows-PowerShell" Guid="{a0c1853b-5c40-4b15-8766-3cf1c58f985a}"></Provider>
<EventID Qualifiers="">4105</EventID>
<Version>1</Version>
<Level>5</Level>
<Task>102</Task>
<Opcode>15</Opcode>
<Keywords>0x0000000000000000</Keywords>
<TimeCreated SystemTime="2025-04-10 06:14:30.408094"></TimeCreated>
<EventRecordID>3308</EventRecordID>
<Correlation ActivityID="{d72fe4f3-a9dd-0000-46c5-30d7dda9db01}" RelatedActivityID=""></Correlation>
<Execution ProcessID="7324" ThreadID="3216"></Execution>
<Channel>Microsoft-Windows-PowerShell/Operational</Channel>
<Computer>DESKTOP-M3AKJSD</Computer>
<Security UserID="S-1-5-21-3999086100-426973801-4203759309-1002"></Security>
</System>
<EventData><Data Name="ScriptBlockId">a6d3e699-57af-4468-ba86-6ed81f70bd7a</Data>
<Data Name="RunspaceId">fb7ebb6f-5eb4-4c3d-be4f-5b37e59ad954</Data>
</EventData>
</Event>

<Event xmlns="http://schemas.microsoft.com/win/2004/08/events/event"><System><Provider Name="Microsoft-Windows-PowerShell" Guid="{a0c1853b-5c40-4b15-8766-3cf1c58f985a}"></Provider>
<EventID Qualifiers="">4103</EventID>
<Version>1</Version>
<Level>4</Level>
<Task>106</Task>
<Opcode>20</Opcode>
<Keywords>0x0000000000000000</Keywords>
<TimeCreated SystemTime="2025-04-10 06:14:30.408394"></TimeCreated>
<EventRecordID>3309</EventRecordID>
<Correlation ActivityID="{d72fe4f3-a9dd-0000-47c5-30d7dda9db01}" RelatedActivityID=""></Correlation>
<Execution ProcessID="7324" ThreadID="3216"></Execution>
<Channel>Microsoft-Windows-PowerShell/Operational</Channel>
<Computer>DESKTOP-M3AKJSD</Computer>
<Security UserID="S-1-5-21-3999086100-426973801-4203759309-1002"></Security>
</System>
<EventData><Data Name="ContextInfo">        Severity = Informational
        Host Name = ConsoleHost
        Host Version = 5.1.26100.3624
        Host ID = e48dc4c7-a738-457b-a737-5fc27651b8d9
        Host Application = C:\Windows\SysWOW64\WindowsPowerShell\v1.0\powershell.exe
        Engine Version = 5.1.26100.3624
        Runspace ID = fb7ebb6f-5eb4-4c3d-be4f-5b37e59ad954
        Pipeline ID = 13
        Command Name = Set-StrictMode
        Command Type = Cmdlet
        Script Name = C:\Program Files\WindowsPowerShell\Modules\PSReadLine\2.0.0\PSReadLine.psm1
        Command Path = 
        Sequence Number = 34
        User = DESKTOP-M3AKJSD\User
        Connected User = 
        Shell ID = Microsoft.PowerShell
</Data>
<Data Name="UserData"></Data>
<Data Name="Payload">CommandInvocation(Set-StrictMode): "Set-StrictMode"
ParameterBinding(Set-StrictMode): name="Off"; value="True"
</Data>
</EventData>
</Event>

<Event xmlns="http://schemas.microsoft.com/win/2004/08/events/event"><System><Provider Name="Microsoft-Windows-PowerShell" Guid="{a0c1853b-5c40-4b15-8766-3cf1c58f985a}"></Provider>
<EventID Qualifiers="">40961</EventID>
<Version>1</Version>
<Level>4</Level>
<Task>4</Task>
<Opcode>1</Opcode>
<Keywords>0x0000000000000000</Keywords>
<TimeCreated SystemTime="2025-04-10 06:14:55.059433"></TimeCreated>
<EventRecordID>3310</EventRecordID>
<Correlation ActivityID="{d72fe4f3-a9dd-0003-d39e-30d7dda9db01}" RelatedActivityID=""></Correlation>
<Execution ProcessID="6288" ThreadID="9432"></Execution>
<Channel>Microsoft-Windows-PowerShell/Operational</Channel>
<Computer>DESKTOP-M3AKJSD</Computer>
<Security UserID="S-1-5-21-3999086100-426973801-4203759309-1002"></Security>
</System>
<EventData></EventData>
</Event>

<Event xmlns="http://schemas.microsoft.com/win/2004/08/events/event"><System><Provider Name="Microsoft-Windows-PowerShell" Guid="{a0c1853b-5c40-4b15-8766-3cf1c58f985a}"></Provider>
<EventID Qualifiers="">53504</EventID>
<Version>1</Version>
<Level>4</Level>
<Task>111</Task>
<Opcode>10</Opcode>
<Keywords>0x0000000000000000</Keywords>
<TimeCreated SystemTime="2025-04-10 06:14:55.222351"></TimeCreated>
<EventRecordID>3311</EventRecordID>
<Correlation ActivityID="{d72fe4f3-a9dd-0003-d39e-30d7dda9db01}" RelatedActivityID=""></Correlation>
<Execution ProcessID="6288" ThreadID="10208"></Execution>
<Channel>Microsoft-Windows-PowerShell/Operational</Channel>
<Computer>DESKTOP-M3AKJSD</Computer>
<Security UserID="S-1-5-21-3999086100-426973801-4203759309-1002"></Security>
</System>
<EventData><Data Name="param1">6288</Data>
<Data Name="param2">DefaultAppDomain</Data>
</EventData>
</Event>

<Event xmlns="http://schemas.microsoft.com/win/2004/08/events/event"><System><Provider Name="Microsoft-Windows-PowerShell" Guid="{a0c1853b-5c40-4b15-8766-3cf1c58f985a}"></Provider>
<EventID Qualifiers="">4105</EventID>
<Version>1</Version>
<Level>5</Level>
<Task>102</Task>
<Opcode>15</Opcode>
<Keywords>0x0000000000000000</Keywords>
<TimeCreated SystemTime="2025-04-10 06:14:55.627380"></TimeCreated>
<EventRecordID>3312</EventRecordID>
<Correlation ActivityID="{d72fe4f3-a9dd-0002-acc7-30d7dda9db01}" RelatedActivityID=""></Correlation>
<Execution ProcessID="6288" ThreadID="6164"></Execution>
<Channel>Microsoft-Windows-PowerShell/Operational</Channel>
<Computer>DESKTOP-M3AKJSD</Computer>
<Security UserID="S-1-5-21-3999086100-426973801-4203759309-1002"></Security>
</System>
<EventData><Data Name="ScriptBlockId">6967b625-0fae-42b9-9aad-b515d5c6d42a</Data>
<Data Name="RunspaceId">6d19afaa-b91b-4706-b620-c287f709cf55</Data>
</EventData>
</Event>

<Event xmlns="http://schemas.microsoft.com/win/2004/08/events/event"><System><Provider Name="Microsoft-Windows-PowerShell" Guid="{a0c1853b-5c40-4b15-8766-3cf1c58f985a}"></Provider>
<EventID Qualifiers="">4106</EventID>
<Version>1</Version>
<Level>5</Level>
<Task>103</Task>
<Opcode>15</Opcode>
<Keywords>0x0000000000000000</Keywords>
<TimeCreated SystemTime="2025-04-10 06:14:55.636938"></TimeCreated>
<EventRecordID>3313</EventRecordID>
<Correlation ActivityID="{d72fe4f3-a9dd-0002-acc7-30d7dda9db01}" RelatedActivityID=""></Correlation>
<Execution ProcessID="6288" ThreadID="6164"></Execution>
<Channel>Microsoft-Windows-PowerShell/Operational</Channel>
<Computer>DESKTOP-M3AKJSD</Computer>
<Security UserID="S-1-5-21-3999086100-426973801-4203759309-1002"></Security>
</System>
<EventData><Data Name="ScriptBlockId">6967b625-0fae-42b9-9aad-b515d5c6d42a</Data>
<Data Name="RunspaceId">6d19afaa-b91b-4706-b620-c287f709cf55</Data>
</EventData>
</Event>

<Event xmlns="http://schemas.microsoft.com/win/2004/08/events/event"><System><Provider Name="Microsoft-Windows-PowerShell" Guid="{a0c1853b-5c40-4b15-8766-3cf1c58f985a}"></Provider>
<EventID Qualifiers="">4105</EventID>
<Version>1</Version>
<Level>5</Level>
<Task>102</Task>
<Opcode>15</Opcode>
<Keywords>0x0000000000000000</Keywords>
<TimeCreated SystemTime="2025-04-10 06:14:55.757410"></TimeCreated>
<EventRecordID>3314</EventRecordID>
<Correlation ActivityID="{d72fe4f3-a9dd-0002-acc7-30d7dda9db01}" RelatedActivityID=""></Correlation>
<Execution ProcessID="6288" ThreadID="6164"></Execution>
<Channel>Microsoft-Windows-PowerShell/Operational</Channel>
<Computer>DESKTOP-M3AKJSD</Computer>
<Security UserID="S-1-5-21-3999086100-426973801-4203759309-1002"></Security>
</System>
<EventData><Data Name="ScriptBlockId">8e2fa6a6-d9d0-4152-af44-f9ea8c1d95bb</Data>
<Data Name="RunspaceId">6d19afaa-b91b-4706-b620-c287f709cf55</Data>
</EventData>
</Event>

<Event xmlns="http://schemas.microsoft.com/win/2004/08/events/event"><System><Provider Name="Microsoft-Windows-PowerShell" Guid="{a0c1853b-5c40-4b15-8766-3cf1c58f985a}"></Provider>
<EventID Qualifiers="">4106</EventID>
<Version>1</Version>
<Level>5</Level>
<Task>103</Task>
<Opcode>15</Opcode>
<Keywords>0x0000000000000000</Keywords>
<TimeCreated SystemTime="2025-04-10 06:14:55.760504"></TimeCreated>
<EventRecordID>3315</EventRecordID>
<Correlation ActivityID="{d72fe4f3-a9dd-0002-acc7-30d7dda9db01}" RelatedActivityID=""></Correlation>
<Execution ProcessID="6288" ThreadID="6164"></Execution>
<Channel>Microsoft-Windows-PowerShell/Operational</Channel>
<Computer>DESKTOP-M3AKJSD</Computer>
<Security UserID="S-1-5-21-3999086100-426973801-4203759309-1002"></Security>
</System>
<EventData><Data Name="ScriptBlockId">8e2fa6a6-d9d0-4152-af44-f9ea8c1d95bb</Data>
<Data Name="RunspaceId">6d19afaa-b91b-4706-b620-c287f709cf55</Data>
</EventData>
</Event>

<Event xmlns="http://schemas.microsoft.com/win/2004/08/events/event"><System><Provider Name="Microsoft-Windows-PowerShell" Guid="{a0c1853b-5c40-4b15-8766-3cf1c58f985a}"></Provider>
<EventID Qualifiers="">40962</EventID>
<Version>1</Version>
<Level>4</Level>
<Task>4</Task>
<Opcode>2</Opcode>
<Keywords>0x0000000000000000</Keywords>
<TimeCreated SystemTime="2025-04-10 06:14:55.795250"></TimeCreated>
<EventRecordID>3316</EventRecordID>
<Correlation ActivityID="{d72fe4f3-a9dd-0003-d39e-30d7dda9db01}" RelatedActivityID=""></Correlation>
<Execution ProcessID="6288" ThreadID="9432"></Execution>
<Channel>Microsoft-Windows-PowerShell/Operational</Channel>
<Computer>DESKTOP-M3AKJSD</Computer>
<Security UserID="S-1-5-21-3999086100-426973801-4203759309-1002"></Security>
</System>
<EventData></EventData>
</Event>

<Event xmlns="http://schemas.microsoft.com/win/2004/08/events/event"><System><Provider Name="Microsoft-Windows-PowerShell" Guid="{a0c1853b-5c40-4b15-8766-3cf1c58f985a}"></Provider>
<EventID Qualifiers="">4104</EventID>
<Version>1</Version>
<Level>5</Level>
<Task>2</Task>
<Opcode>15</Opcode>
<Keywords>0x0000000000000000</Keywords>
<TimeCreated SystemTime="2025-04-10 06:14:55.820604"></TimeCreated>
<EventRecordID>3317</EventRecordID>
<Correlation ActivityID="{d72fe4f3-a9dd-0000-91e4-30d7dda9db01}" RelatedActivityID=""></Correlation>
<Execution ProcessID="6288" ThreadID="6164"></Execution>
<Channel>Microsoft-Windows-PowerShell/Operational</Channel>
<Computer>DESKTOP-M3AKJSD</Computer>
<Security UserID="S-1-5-21-3999086100-426973801-4203759309-1002"></Security>
</System>
<EventData><Data Name="MessageNumber">1</Data>
<Data Name="MessageTotal">1</Data>
<Data Name="ScriptBlockText">prompt</Data>
<Data Name="ScriptBlockId">62b41f49-04bd-41cb-8596-8006ff9bc40f</Data>
<Data Name="Path"></Data>
</EventData>
</Event>

<Event xmlns="http://schemas.microsoft.com/win/2004/08/events/event"><System><Provider Name="Microsoft-Windows-PowerShell" Guid="{a0c1853b-5c40-4b15-8766-3cf1c58f985a}"></Provider>
<EventID Qualifiers="">4105</EventID>
<Version>1</Version>
<Level>5</Level>
<Task>102</Task>
<Opcode>15</Opcode>
<Keywords>0x0000000000000000</Keywords>
<TimeCreated SystemTime="2025-04-10 06:14:55.820614"></TimeCreated>
<EventRecordID>3318</EventRecordID>
<Correlation ActivityID="{d72fe4f3-a9dd-0000-91e4-30d7dda9db01}" RelatedActivityID=""></Correlation>
<Execution ProcessID="6288" ThreadID="6164"></Execution>
<Channel>Microsoft-Windows-PowerShell/Operational</Channel>
<Computer>DESKTOP-M3AKJSD</Computer>
<Security UserID="S-1-5-21-3999086100-426973801-4203759309-1002"></Security>
</System>
<EventData><Data Name="ScriptBlockId">62b41f49-04bd-41cb-8596-8006ff9bc40f</Data>
<Data Name="RunspaceId">6d19afaa-b91b-4706-b620-c287f709cf55</Data>
</EventData>
</Event>

<Event xmlns="http://schemas.microsoft.com/win/2004/08/events/event"><System><Provider Name="Microsoft-Windows-PowerShell" Guid="{a0c1853b-5c40-4b15-8766-3cf1c58f985a}"></Provider>
<EventID Qualifiers="">4105</EventID>
<Version>1</Version>
<Level>5</Level>
<Task>102</Task>
<Opcode>15</Opcode>
<Keywords>0x0000000000000000</Keywords>
<TimeCreated SystemTime="2025-04-10 06:14:55.859274"></TimeCreated>
<EventRecordID>3319</EventRecordID>
<Correlation ActivityID="{d72fe4f3-a9dd-0000-92e4-30d7dda9db01}" RelatedActivityID=""></Correlation>
<Execution ProcessID="6288" ThreadID="6164"></Execution>
<Channel>Microsoft-Windows-PowerShell/Operational</Channel>
<Computer>DESKTOP-M3AKJSD</Computer>
<Security UserID="S-1-5-21-3999086100-426973801-4203759309-1002"></Security>
</System>
<EventData><Data Name="ScriptBlockId">c9626280-82f0-4ef6-8c8a-2f103984c8cf</Data>
<Data Name="RunspaceId">6d19afaa-b91b-4706-b620-c287f709cf55</Data>
</EventData>
</Event>

<Event xmlns="http://schemas.microsoft.com/win/2004/08/events/event"><System><Provider Name="Microsoft-Windows-PowerShell" Guid="{a0c1853b-5c40-4b15-8766-3cf1c58f985a}"></Provider>
<EventID Qualifiers="">4106</EventID>
<Version>1</Version>
<Level>5</Level>
<Task>103</Task>
<Opcode>15</Opcode>
<Keywords>0x0000000000000000</Keywords>
<TimeCreated SystemTime="2025-04-10 06:14:55.886246"></TimeCreated>
<EventRecordID>3320</EventRecordID>
<Correlation ActivityID="{d72fe4f3-a9dd-0000-92e4-30d7dda9db01}" RelatedActivityID=""></Correlation>
<Execution ProcessID="6288" ThreadID="6164"></Execution>
<Channel>Microsoft-Windows-PowerShell/Operational</Channel>
<Computer>DESKTOP-M3AKJSD</Computer>
<Security UserID="S-1-5-21-3999086100-426973801-4203759309-1002"></Security>
</System>
<EventData><Data Name="ScriptBlockId">c9626280-82f0-4ef6-8c8a-2f103984c8cf</Data>
<Data Name="RunspaceId">6d19afaa-b91b-4706-b620-c287f709cf55</Data>
</EventData>
</Event>

<Event xmlns="http://schemas.microsoft.com/win/2004/08/events/event"><System><Provider Name="Microsoft-Windows-PowerShell" Guid="{a0c1853b-5c40-4b15-8766-3cf1c58f985a}"></Provider>
<EventID Qualifiers="">4106</EventID>
<Version>1</Version>
<Level>5</Level>
<Task>103</Task>
<Opcode>15</Opcode>
<Keywords>0x0000000000000000</Keywords>
<TimeCreated SystemTime="2025-04-10 06:14:55.886518"></TimeCreated>
<EventRecordID>3321</EventRecordID>
<Correlation ActivityID="{d72fe4f3-a9dd-0000-92e4-30d7dda9db01}" RelatedActivityID=""></Correlation>
<Execution ProcessID="6288" ThreadID="6164"></Execution>
<Channel>Microsoft-Windows-PowerShell/Operational</Channel>
<Computer>DESKTOP-M3AKJSD</Computer>
<Security UserID="S-1-5-21-3999086100-426973801-4203759309-1002"></Security>
</System>
<EventData><Data Name="ScriptBlockId">62b41f49-04bd-41cb-8596-8006ff9bc40f</Data>
<Data Name="RunspaceId">6d19afaa-b91b-4706-b620-c287f709cf55</Data>
</EventData>
</Event>

<Event xmlns="http://schemas.microsoft.com/win/2004/08/events/event"><System><Provider Name="Microsoft-Windows-PowerShell" Guid="{a0c1853b-5c40-4b15-8766-3cf1c58f985a}"></Provider>
<EventID Qualifiers="">4105</EventID>
<Version>1</Version>
<Level>5</Level>
<Task>102</Task>
<Opcode>15</Opcode>
<Keywords>0x0000000000000000</Keywords>
<TimeCreated SystemTime="2025-04-10 06:14:55.911938"></TimeCreated>
<EventRecordID>3322</EventRecordID>
<Correlation ActivityID="{d72fe4f3-a9dd-0001-0fe4-30d7dda9db01}" RelatedActivityID=""></Correlation>
<Execution ProcessID="6288" ThreadID="6164"></Execution>
<Channel>Microsoft-Windows-PowerShell/Operational</Channel>
<Computer>DESKTOP-M3AKJSD</Computer>
<Security UserID="S-1-5-21-3999086100-426973801-4203759309-1002"></Security>
</System>
<EventData><Data Name="ScriptBlockId">87e91eb6-03c7-4963-a879-c9ea84c73dac</Data>
<Data Name="RunspaceId">6d19afaa-b91b-4706-b620-c287f709cf55</Data>
</EventData>
</Event>

<Event xmlns="http://schemas.microsoft.com/win/2004/08/events/event"><System><Provider Name="Microsoft-Windows-PowerShell" Guid="{a0c1853b-5c40-4b15-8766-3cf1c58f985a}"></Provider>
<EventID Qualifiers="">4103</EventID>
<Version>1</Version>
<Level>4</Level>
<Task>106</Task>
<Opcode>20</Opcode>
<Keywords>0x0000000000000000</Keywords>
<TimeCreated SystemTime="2025-04-10 06:14:55.917200"></TimeCreated>
<EventRecordID>3323</EventRecordID>
<Correlation ActivityID="{d72fe4f3-a9dd-0001-10e4-30d7dda9db01}" RelatedActivityID=""></Correlation>
<Execution ProcessID="6288" ThreadID="6164"></Execution>
<Channel>Microsoft-Windows-PowerShell/Operational</Channel>
<Computer>DESKTOP-M3AKJSD</Computer>
<Security UserID="S-1-5-21-3999086100-426973801-4203759309-1002"></Security>
</System>
<EventData><Data Name="ContextInfo">        Severity = Informational
        Host Name = ConsoleHost
        Host Version = 5.1.26100.3624
        Host ID = b1a77db7-d6af-45c7-921c-43b7568101f0
        Host Application = C:\Windows\SysWOW64\WindowsPowerShell\v1.0\powershell.exe
        Engine Version = 5.1.26100.3624
        Runspace ID = 6d19afaa-b91b-4706-b620-c287f709cf55
        Pipeline ID = 3
        Command Name = Set-StrictMode
        Command Type = Cmdlet
        Script Name = C:\Program Files\WindowsPowerShell\Modules\PSReadLine\2.0.0\PSReadLine.psm1
        Command Path = 
        Sequence Number = 16
        User = DESKTOP-M3AKJSD\User
        Connected User = 
        Shell ID = Microsoft.PowerShell
</Data>
<Data Name="UserData"></Data>
<Data Name="Payload">CommandInvocation(Set-StrictMode): "Set-StrictMode"
ParameterBinding(Set-StrictMode): name="Off"; value="True"
</Data>
</EventData>
</Event>

<Event xmlns="http://schemas.microsoft.com/win/2004/08/events/event"><System><Provider Name="Microsoft-Windows-PowerShell" Guid="{a0c1853b-5c40-4b15-8766-3cf1c58f985a}"></Provider>
<EventID Qualifiers="">4104</EventID>
<Version>1</Version>
<Level>5</Level>
<Task>2</Task>
<Opcode>15</Opcode>
<Keywords>0x0000000000000000</Keywords>
<TimeCreated SystemTime="2025-04-10 06:14:55.935316"></TimeCreated>
<EventRecordID>3324</EventRecordID>
<Correlation ActivityID="{d72fe4f3-a9dd-0000-93e4-30d7dda9db01}" RelatedActivityID=""></Correlation>
<Execution ProcessID="6288" ThreadID="6164"></Execution>
<Channel>Microsoft-Windows-PowerShell/Operational</Channel>
<Computer>DESKTOP-M3AKJSD</Computer>
<Security UserID="S-1-5-21-3999086100-426973801-4203759309-1002"></Security>
</System>
<EventData><Data Name="MessageNumber">1</Data>
<Data Name="MessageTotal">1</Data>
<Data Name="ScriptBlockText">$Host</Data>
<Data Name="ScriptBlockId">dff9b99c-915f-41fc-909f-91f135a5b3af</Data>
<Data Name="Path"></Data>
</EventData>
</Event>

<Event xmlns="http://schemas.microsoft.com/win/2004/08/events/event"><System><Provider Name="Microsoft-Windows-PowerShell" Guid="{a0c1853b-5c40-4b15-8766-3cf1c58f985a}"></Provider>
<EventID Qualifiers="">4105</EventID>
<Version>1</Version>
<Level>5</Level>
<Task>102</Task>
<Opcode>15</Opcode>
<Keywords>0x0000000000000000</Keywords>
<TimeCreated SystemTime="2025-04-10 06:14:55.935322"></TimeCreated>
<EventRecordID>3325</EventRecordID>
<Correlation ActivityID="{d72fe4f3-a9dd-0000-93e4-30d7dda9db01}" RelatedActivityID=""></Correlation>
<Execution ProcessID="6288" ThreadID="6164"></Execution>
<Channel>Microsoft-Windows-PowerShell/Operational</Channel>
<Computer>DESKTOP-M3AKJSD</Computer>
<Security UserID="S-1-5-21-3999086100-426973801-4203759309-1002"></Security>
</System>
<EventData><Data Name="ScriptBlockId">dff9b99c-915f-41fc-909f-91f135a5b3af</Data>
<Data Name="RunspaceId">6d19afaa-b91b-4706-b620-c287f709cf55</Data>
</EventData>
</Event>

<Event xmlns="http://schemas.microsoft.com/win/2004/08/events/event"><System><Provider Name="Microsoft-Windows-PowerShell" Guid="{a0c1853b-5c40-4b15-8766-3cf1c58f985a}"></Provider>
<EventID Qualifiers="">4106</EventID>
<Version>1</Version>
<Level>5</Level>
<Task>103</Task>
<Opcode>15</Opcode>
<Keywords>0x0000000000000000</Keywords>
<TimeCreated SystemTime="2025-04-10 06:14:55.939562"></TimeCreated>
<EventRecordID>3326</EventRecordID>
<Correlation ActivityID="{d72fe4f3-a9dd-0000-93e4-30d7dda9db01}" RelatedActivityID=""></Correlation>
<Execution ProcessID="6288" ThreadID="6164"></Execution>
<Channel>Microsoft-Windows-PowerShell/Operational</Channel>
<Computer>DESKTOP-M3AKJSD</Computer>
<Security UserID="S-1-5-21-3999086100-426973801-4203759309-1002"></Security>
</System>
<EventData><Data Name="ScriptBlockId">dff9b99c-915f-41fc-909f-91f135a5b3af</Data>
<Data Name="RunspaceId">6d19afaa-b91b-4706-b620-c287f709cf55</Data>
</EventData>
</Event>

<Event xmlns="http://schemas.microsoft.com/win/2004/08/events/event"><System><Provider Name="Microsoft-Windows-PowerShell" Guid="{a0c1853b-5c40-4b15-8766-3cf1c58f985a}"></Provider>
<EventID Qualifiers="">4105</EventID>
<Version>1</Version>
<Level>5</Level>
<Task>102</Task>
<Opcode>15</Opcode>
<Keywords>0x0000000000000000</Keywords>
<TimeCreated SystemTime="2025-04-10 06:14:55.955551"></TimeCreated>
<EventRecordID>3327</EventRecordID>
<Correlation ActivityID="{d72fe4f3-a9dd-0000-93e4-30d7dda9db01}" RelatedActivityID=""></Correlation>
<Execution ProcessID="6288" ThreadID="6164"></Execution>
<Channel>Microsoft-Windows-PowerShell/Operational</Channel>
<Computer>DESKTOP-M3AKJSD</Computer>
<Security UserID="S-1-5-21-3999086100-426973801-4203759309-1002"></Security>
</System>
<EventData><Data Name="ScriptBlockId">c9626280-82f0-4ef6-8c8a-2f103984c8cf</Data>
<Data Name="RunspaceId">6d19afaa-b91b-4706-b620-c287f709cf55</Data>
</EventData>
</Event>

<Event xmlns="http://schemas.microsoft.com/win/2004/08/events/event"><System><Provider Name="Microsoft-Windows-PowerShell" Guid="{a0c1853b-5c40-4b15-8766-3cf1c58f985a}"></Provider>
<EventID Qualifiers="">4106</EventID>
<Version>1</Version>
<Level>5</Level>
<Task>103</Task>
<Opcode>15</Opcode>
<Keywords>0x0000000000000000</Keywords>
<TimeCreated SystemTime="2025-04-10 06:14:55.955679"></TimeCreated>
<EventRecordID>3328</EventRecordID>
<Correlation ActivityID="{d72fe4f3-a9dd-0000-93e4-30d7dda9db01}" RelatedActivityID=""></Correlation>
<Execution ProcessID="6288" ThreadID="6164"></Execution>
<Channel>Microsoft-Windows-PowerShell/Operational</Channel>
<Computer>DESKTOP-M3AKJSD</Computer>
<Security UserID="S-1-5-21-3999086100-426973801-4203759309-1002"></Security>
</System>
<EventData><Data Name="ScriptBlockId">c9626280-82f0-4ef6-8c8a-2f103984c8cf</Data>
<Data Name="RunspaceId">6d19afaa-b91b-4706-b620-c287f709cf55</Data>
</EventData>
</Event>

<Event xmlns="http://schemas.microsoft.com/win/2004/08/events/event"><System><Provider Name="Microsoft-Windows-PowerShell" Guid="{a0c1853b-5c40-4b15-8766-3cf1c58f985a}"></Provider>
<EventID Qualifiers="">4106</EventID>
<Version>1</Version>
<Level>5</Level>
<Task>103</Task>
<Opcode>15</Opcode>
<Keywords>0x0000000000000000</Keywords>
<TimeCreated SystemTime="2025-04-10 06:28:47.405966"></TimeCreated>
<EventRecordID>3329</EventRecordID>
<Correlation ActivityID="{d72fe4f3-a9dd-0000-93e4-30d7dda9db01}" RelatedActivityID=""></Correlation>
<Execution ProcessID="6288" ThreadID="6164"></Execution>
<Channel>Microsoft-Windows-PowerShell/Operational</Channel>
<Computer>DESKTOP-M3AKJSD</Computer>
<Security UserID="S-1-5-21-3999086100-426973801-4203759309-1002"></Security>
</System>
<EventData><Data Name="ScriptBlockId">87e91eb6-03c7-4963-a879-c9ea84c73dac</Data>
<Data Name="RunspaceId">6d19afaa-b91b-4706-b620-c287f709cf55</Data>
</EventData>
</Event>

<Event xmlns="http://schemas.microsoft.com/win/2004/08/events/event"><System><Provider Name="Microsoft-Windows-PowerShell" Guid="{a0c1853b-5c40-4b15-8766-3cf1c58f985a}"></Provider>
<EventID Qualifiers="">4103</EventID>
<Version>1</Version>
<Level>4</Level>
<Task>106</Task>
<Opcode>20</Opcode>
<Keywords>0x0000000000000000</Keywords>
<TimeCreated SystemTime="2025-04-10 06:28:47.407194"></TimeCreated>
<EventRecordID>3330</EventRecordID>
<Correlation ActivityID="{d72fe4f3-a9dd-0001-0fe4-30d7dda9db01}" RelatedActivityID=""></Correlation>
<Execution ProcessID="6288" ThreadID="6164"></Execution>
<Channel>Microsoft-Windows-PowerShell/Operational</Channel>
<Computer>DESKTOP-M3AKJSD</Computer>
<Security UserID="S-1-5-21-3999086100-426973801-4203759309-1002"></Security>
</System>
<EventData><Data Name="ContextInfo">        Severity = Informational
        Host Name = ConsoleHost
        Host Version = 5.1.26100.3624
        Host ID = b1a77db7-d6af-45c7-921c-43b7568101f0
        Host Application = C:\Windows\SysWOW64\WindowsPowerShell\v1.0\powershell.exe
        Engine Version = 5.1.26100.3624
        Runspace ID = 6d19afaa-b91b-4706-b620-c287f709cf55
        Pipeline ID = 3
        Command Name = PSConsoleHostReadLine
        Command Type = Function
        Script Name = 
        Command Path = 
        Sequence Number = 18
        User = DESKTOP-M3AKJSD\User
        Connected User = 
        Shell ID = Microsoft.PowerShell
</Data>
<Data Name="UserData"></Data>
<Data Name="Payload">CommandInvocation(PSConsoleHostReadLine): "PSConsoleHostReadLine"
</Data>
</EventData>
</Event>

<Event xmlns="http://schemas.microsoft.com/win/2004/08/events/event"><System><Provider Name="Microsoft-Windows-PowerShell" Guid="{a0c1853b-5c40-4b15-8766-3cf1c58f985a}"></Provider>
<EventID Qualifiers="">4104</EventID>
<Version>1</Version>
<Level>5</Level>
<Task>2</Task>
<Opcode>15</Opcode>
<Keywords>0x0000000000000000</Keywords>
<TimeCreated SystemTime="2025-04-10 06:28:47.447104"></TimeCreated>
<EventRecordID>3331</EventRecordID>
<Correlation ActivityID="{d72fe4f3-a9dd-0001-b704-31d7dda9db01}" RelatedActivityID=""></Correlation>
<Execution ProcessID="6288" ThreadID="6164"></Execution>
<Channel>Microsoft-Windows-PowerShell/Operational</Channel>
<Computer>DESKTOP-M3AKJSD</Computer>
<Security UserID="S-1-5-21-3999086100-426973801-4203759309-1002"></Security>
</System>
<EventData><Data Name="MessageNumber">1</Data>
<Data Name="MessageTotal">1</Data>
<Data Name="ScriptBlockText">reg add HKLM\SYSTEM\CurrentControlSet\Control\LSA /v RunAsPPL /t REG_DWORD /d 0 /f</Data>
<Data Name="ScriptBlockId">e6c09eca-6846-4e20-9c1f-492c687d01d6</Data>
<Data Name="Path"></Data>
</EventData>
</Event>

<Event xmlns="http://schemas.microsoft.com/win/2004/08/events/event"><System><Provider Name="Microsoft-Windows-PowerShell" Guid="{a0c1853b-5c40-4b15-8766-3cf1c58f985a}"></Provider>
<EventID Qualifiers="">4105</EventID>
<Version>1</Version>
<Level>5</Level>
<Task>102</Task>
<Opcode>15</Opcode>
<Keywords>0x0000000000000000</Keywords>
<TimeCreated SystemTime="2025-04-10 06:28:47.447107"></TimeCreated>
<EventRecordID>3332</EventRecordID>
<Correlation ActivityID="{d72fe4f3-a9dd-0001-b704-31d7dda9db01}" RelatedActivityID=""></Correlation>
<Execution ProcessID="6288" ThreadID="6164"></Execution>
<Channel>Microsoft-Windows-PowerShell/Operational</Channel>
<Computer>DESKTOP-M3AKJSD</Computer>
<Security UserID="S-1-5-21-3999086100-426973801-4203759309-1002"></Security>
</System>
<EventData><Data Name="ScriptBlockId">e6c09eca-6846-4e20-9c1f-492c687d01d6</Data>
<Data Name="RunspaceId">6d19afaa-b91b-4706-b620-c287f709cf55</Data>
</EventData>
</Event>

<Event xmlns="http://schemas.microsoft.com/win/2004/08/events/event"><System><Provider Name="Microsoft-Windows-PowerShell" Guid="{a0c1853b-5c40-4b15-8766-3cf1c58f985a}"></Provider>
<EventID Qualifiers="">4106</EventID>
<Version>1</Version>
<Level>5</Level>
<Task>103</Task>
<Opcode>15</Opcode>
<Keywords>0x0000000000000000</Keywords>
<TimeCreated SystemTime="2025-04-10 06:28:47.509365"></TimeCreated>
<EventRecordID>3333</EventRecordID>
<Correlation ActivityID="{d72fe4f3-a9dd-0001-b804-31d7dda9db01}" RelatedActivityID=""></Correlation>
<Execution ProcessID="6288" ThreadID="6164"></Execution>
<Channel>Microsoft-Windows-PowerShell/Operational</Channel>
<Computer>DESKTOP-M3AKJSD</Computer>
<Security UserID="S-1-5-21-3999086100-426973801-4203759309-1002"></Security>
</System>
<EventData><Data Name="ScriptBlockId">e6c09eca-6846-4e20-9c1f-492c687d01d6</Data>
<Data Name="RunspaceId">6d19afaa-b91b-4706-b620-c287f709cf55</Data>
</EventData>
</Event>

<Event xmlns="http://schemas.microsoft.com/win/2004/08/events/event"><System><Provider Name="Microsoft-Windows-PowerShell" Guid="{a0c1853b-5c40-4b15-8766-3cf1c58f985a}"></Provider>
<EventID Qualifiers="">4103</EventID>
<Version>1</Version>
<Level>4</Level>
<Task>106</Task>
<Opcode>20</Opcode>
<Keywords>0x0000000000000000</Keywords>
<TimeCreated SystemTime="2025-04-10 06:28:47.509722"></TimeCreated>
<EventRecordID>3334</EventRecordID>
<Correlation ActivityID="{d72fe4f3-a9dd-0001-b704-31d7dda9db01}" RelatedActivityID=""></Correlation>
<Execution ProcessID="6288" ThreadID="6164"></Execution>
<Channel>Microsoft-Windows-PowerShell/Operational</Channel>
<Computer>DESKTOP-M3AKJSD</Computer>
<Security UserID="S-1-5-21-3999086100-426973801-4203759309-1002"></Security>
</System>
<EventData><Data Name="ContextInfo">        Severity = Informational
        Host Name = ConsoleHost
        Host Version = 5.1.26100.3624
        Host ID = b1a77db7-d6af-45c7-921c-43b7568101f0
        Host Application = C:\Windows\SysWOW64\WindowsPowerShell\v1.0\powershell.exe
        Engine Version = 5.1.26100.3624
        Runspace ID = 6d19afaa-b91b-4706-b620-c287f709cf55
        Pipeline ID = 5
        Command Name = 
        Command Type = Script
        Script Name = 
        Command Path = 
        Sequence Number = 20
        User = DESKTOP-M3AKJSD\User
        Connected User = 
        Shell ID = Microsoft.PowerShell
</Data>
<Data Name="UserData"></Data>
<Data Name="Payload">CommandInvocation(Out-Default): "Out-Default"
</Data>
</EventData>
</Event>

<Event xmlns="http://schemas.microsoft.com/win/2004/08/events/event"><System><Provider Name="Microsoft-Windows-PowerShell" Guid="{a0c1853b-5c40-4b15-8766-3cf1c58f985a}"></Provider>
<EventID Qualifiers="">4105</EventID>
<Version>1</Version>
<Level>5</Level>
<Task>102</Task>
<Opcode>15</Opcode>
<Keywords>0x0000000000000000</Keywords>
<TimeCreated SystemTime="2025-04-10 06:28:47.542807"></TimeCreated>
<EventRecordID>3335</EventRecordID>
<Correlation ActivityID="{d72fe4f3-a9dd-0003-d39e-30d7dda9db01}" RelatedActivityID=""></Correlation>
<Execution ProcessID="6288" ThreadID="9432"></Execution>
<Channel>Microsoft-Windows-PowerShell/Operational</Channel>
<Computer>DESKTOP-M3AKJSD</Computer>
<Security UserID="S-1-5-21-3999086100-426973801-4203759309-1002"></Security>
</System>
<EventData><Data Name="ScriptBlockId">00097f1b-d0c5-435c-a51a-197a07afb8e6</Data>
<Data Name="RunspaceId">6d19afaa-b91b-4706-b620-c287f709cf55</Data>
</EventData>
</Event>

<Event xmlns="http://schemas.microsoft.com/win/2004/08/events/event"><System><Provider Name="Microsoft-Windows-PowerShell" Guid="{a0c1853b-5c40-4b15-8766-3cf1c58f985a}"></Provider>
<EventID Qualifiers="">4106</EventID>
<Version>1</Version>
<Level>5</Level>
<Task>103</Task>
<Opcode>15</Opcode>
<Keywords>0x0000000000000000</Keywords>
<TimeCreated SystemTime="2025-04-10 06:28:47.546404"></TimeCreated>
<EventRecordID>3336</EventRecordID>
<Correlation ActivityID="{d72fe4f3-a9dd-0003-d39e-30d7dda9db01}" RelatedActivityID=""></Correlation>
<Execution ProcessID="6288" ThreadID="9432"></Execution>
<Channel>Microsoft-Windows-PowerShell/Operational</Channel>
<Computer>DESKTOP-M3AKJSD</Computer>
<Security UserID="S-1-5-21-3999086100-426973801-4203759309-1002"></Security>
</System>
<EventData><Data Name="ScriptBlockId">00097f1b-d0c5-435c-a51a-197a07afb8e6</Data>
<Data Name="RunspaceId">6d19afaa-b91b-4706-b620-c287f709cf55</Data>
</EventData>
</Event>

<Event xmlns="http://schemas.microsoft.com/win/2004/08/events/event"><System><Provider Name="Microsoft-Windows-PowerShell" Guid="{a0c1853b-5c40-4b15-8766-3cf1c58f985a}"></Provider>
<EventID Qualifiers="">4104</EventID>
<Version>1</Version>
<Level>5</Level>
<Task>2</Task>
<Opcode>15</Opcode>
<Keywords>0x0000000000000000</Keywords>
<TimeCreated SystemTime="2025-04-10 06:28:47.558186"></TimeCreated>
<EventRecordID>3337</EventRecordID>
<Correlation ActivityID="{d72fe4f3-a9dd-0001-ba04-31d7dda9db01}" RelatedActivityID=""></Correlation>
<Execution ProcessID="6288" ThreadID="6164"></Execution>
<Channel>Microsoft-Windows-PowerShell/Operational</Channel>
<Computer>DESKTOP-M3AKJSD</Computer>
<Security UserID="S-1-5-21-3999086100-426973801-4203759309-1002"></Security>
</System>
<EventData><Data Name="MessageNumber">1</Data>
<Data Name="MessageTotal">1</Data>
<Data Name="ScriptBlockText">prompt</Data>
<Data Name="ScriptBlockId">9d10481c-fa45-489a-ab73-0076a5f435ca</Data>
<Data Name="Path"></Data>
</EventData>
</Event>

