<Event xmlns="http://schemas.microsoft.com/win/2004/08/events/event"><System><Provider Name="Microsoft-Windows-PowerShell" Guid="{a0c1853b-5c40-4b15-8766-3cf1c58f985a}"></Provider>
<EventID Qualifiers="">4104</EventID>
<Version>1</Version>
<Level>3</Level>
<Task>2</Task>
<Opcode>15</Opcode>
<Keywords>0x0000000000000000</Keywords>
<TimeCreated SystemTime="2025-04-10 06:31:33.723024"></TimeCreated>
<EventRecordID>3472</EventRecordID>
<Correlation ActivityID="{d72fe4f3-a9dd-0000-272f-31d7dda9db01}" RelatedActivityID=""></Correlation>
<Execution ProcessID="9808" ThreadID="4644"></Execution>
<Channel>Microsoft-Windows-PowerShell/Operational</Channel>
<Computer>DESKTOP-M3AKJSD</Computer>
<Security UserID="S-1-5-21-3999086100-426973801-4203759309-1002"></Security>
</System>
<EventData><Data Name="MessageNumber">1</Data>
<Data Name="MessageTotal">1</Data>
<Data Name="ScriptBlockText">
#requires -version 3.0

try { Microsoft.PowerShell.Core\Set-StrictMode -Off } catch { }

$script:MyModule = $MyInvocation.MyCommand.ScriptBlock.Module

$script:ClassName = 'ROOT\Microsoft\Windows\Defender\MSFT_MpComputerStatus'
$script:ClassVersion = ''
$script:ModuleVersion = '1.0'
$script:ObjectModelWrapper = [Microsoft.PowerShell.Cmdletization.Cim.CimCmdletAdapter]

$script:PrivateData = [System.Collections.Generic.Dictionary[string,string]]::new()

Microsoft.PowerShell.Core\Export-ModuleMember -Function @()
        

function __cmdletization_BindCommonParameters
{
    param(
        $__cmdletization_objectModelWrapper,
        $myPSBoundParameters
    )       
                

        if ($myPSBoundParameters.ContainsKey('CimSession')) { 
            $__cmdletization_objectModelWrapper.PSObject.Properties['CimSession'].Value = $myPSBoundParameters['CimSession'] 
        }
                    

        if ($myPSBoundParameters.ContainsKey('ThrottleLimit')) { 
            $__cmdletization_objectModelWrapper.PSObject.Properties['ThrottleLimit'].Value = $myPSBoundParameters['ThrottleLimit'] 
        }
                    

        if ($myPSBoundParameters.ContainsKey('AsJob')) { 
            $__cmdletization_objectModelWrapper.PSObject.Properties['AsJob'].Value = $myPSBoundParameters['AsJob'] 
        }
                    

}
                

function Get-MpComputerStatus
{
    [CmdletBinding(DefaultParameterSetName='DefaultSet', PositionalBinding=$false)]
    
    [OutputType([Microsoft.Management.Infrastructure.CimInstance])]
[OutputType('Microsoft.Management.Infrastructure.CimInstance#ROOT\Microsoft\Windows\Defender\MSFT_MpComputerStatus')]

    param(
    
    [Alias('Session')]
    [ValidateNotNullOrEmpty()]
    [CimSession[]]
    ${CimSession},

    [int]
    ${ThrottleLimit},

    [switch]
    ${AsJob})

    DynamicParam {
        try 
        {
            if (-not $__cmdletization_exceptionHasBeenThrown)
            {
                $__cmdletization_objectModelWrapper = $script:ObjectModelWrapper::new()
                $__cmdletization_objectModelWrapper.Initialize($PSCmdlet, $script:ClassName, $script:ClassVersion, $script:ModuleVersion, $script:PrivateData)

                if ($__cmdletization_objectModelWrapper -is [System.Management.Automation.IDynamicParameters])
                {
                    ([System.Management.Automation.IDynamicParameters]$__cmdletization_objectModelWrapper).GetDynamicParameters()
                }
            }
        }
        catch
        {
            $__cmdletization_exceptionHasBeenThrown = $true
            throw
        }
    }

    Begin {
        $__cmdletization_exceptionHasBeenThrown = $false
        try 
        {
            __cmdletization_BindCommonParameters $__cmdletization_objectModelWrapper $PSBoundParameters
            $__cmdletization_objectModelWrapper.BeginProcessing()
        }
        catch
        {
            $__cmdletization_exceptionHasBeenThrown = $true
            throw
        }
    }
        

    Process {
        try 
        {
            if (-not $__cmdletization_exceptionHasBeenThrown)
            {
    $__cmdletization_queryBuilder = $__cmdletization_objectModelWrapper.GetQueryBuilder()


    $__cmdletization_objectModelWrapper.ProcessRecord($__cmdletization_queryBuilder)
            }
        }
        catch
        {
            $__cmdletization_exceptionHasBeenThrown = $true
            throw
        }
    }
        

    End {
        try
        {
            if (-not $__cmdletization_exceptionHasBeenThrown)
            {
                $__cmdletization_objectModelWrapper.EndProcessing()
            }
        }
        catch
        {
            throw
        }
    }

    # .EXTERNALHELP MSFT_MpComputerStatus.cdxml-Help.xml
}
Microsoft.PowerShell.Core\Export-ModuleMember -Function 'Get-MpComputerStatus' -Alias '*'
        
</Data>
<Data Name="ScriptBlockId">ae82bb02-319b-4af1-9301-aac41115dc0e</Data>
<Data Name="Path"></Data>
</EventData>
</Event>

<Event xmlns="http://schemas.microsoft.com/win/2004/08/events/event"><System><Provider Name="Microsoft-Windows-PowerShell" Guid="{a0c1853b-5c40-4b15-8766-3cf1c58f985a}"></Provider>
<EventID Qualifiers="">4105</EventID>
<Version>1</Version>
<Level>5</Level>
<Task>102</Task>
<Opcode>15</Opcode>
<Keywords>0x0000000000000000</Keywords>
<TimeCreated SystemTime="2025-04-10 06:31:33.723028"></TimeCreated>
<EventRecordID>3473</EventRecordID>
<Correlation ActivityID="{d72fe4f3-a9dd-0000-272f-31d7dda9db01}" RelatedActivityID=""></Correlation>
<Execution ProcessID="9808" ThreadID="4644"></Execution>
<Channel>Microsoft-Windows-PowerShell/Operational</Channel>
<Computer>DESKTOP-M3AKJSD</Computer>
<Security UserID="S-1-5-21-3999086100-426973801-4203759309-1002"></Security>
</System>
<EventData><Data Name="ScriptBlockId">ae82bb02-319b-4af1-9301-aac41115dc0e</Data>
<Data Name="RunspaceId">62516b95-d457-41c9-aa13-31b963bcf8bb</Data>
</EventData>
</Event>

<Event xmlns="http://schemas.microsoft.com/win/2004/08/events/event"><System><Provider Name="Microsoft-Windows-PowerShell" Guid="{a0c1853b-5c40-4b15-8766-3cf1c58f985a}"></Provider>
<EventID Qualifiers="">4103</EventID>
<Version>1</Version>
<Level>4</Level>
<Task>106</Task>
<Opcode>20</Opcode>
<Keywords>0x0000000000000000</Keywords>
<TimeCreated SystemTime="2025-04-10 06:31:33.723589"></TimeCreated>
<EventRecordID>3474</EventRecordID>
<Correlation ActivityID="{d72fe4f3-a9dd-0000-322f-31d7dda9db01}" RelatedActivityID=""></Correlation>
<Execution ProcessID="9808" ThreadID="4644"></Execution>
<Channel>Microsoft-Windows-PowerShell/Operational</Channel>
<Computer>DESKTOP-M3AKJSD</Computer>
<Security UserID="S-1-5-21-3999086100-426973801-4203759309-1002"></Security>
</System>
<EventData><Data Name="ContextInfo">        Severity = Informational
        Host Name = ConsoleHost
        Host Version = 5.1.26100.3624
        Host ID = 06070939-645a-4cb4-bb35-feff3e76ad09
        Host Application = C:\Windows\System32\WindowsPowerShell\v1.0\powershell.exe
        Engine Version = 5.1.26100.3624
        Runspace ID = 62516b95-d457-41c9-aa13-31b963bcf8bb
        Pipeline ID = 20
        Command Name = Set-StrictMode
        Command Type = Cmdlet
        Script Name = 
        Command Path = 
        Sequence Number = 62
        User = DESKTOP-M3AKJSD\User
        Connected User = 
        Shell ID = Microsoft.PowerShell
</Data>
<Data Name="UserData"></Data>
<Data Name="Payload">CommandInvocation(Set-StrictMode): "Set-StrictMode"
ParameterBinding(Set-StrictMode): name="Off"; value="True"
</Data>
</EventData>
</Event>

<Event xmlns="http://schemas.microsoft.com/win/2004/08/events/event"><System><Provider Name="Microsoft-Windows-PowerShell" Guid="{a0c1853b-5c40-4b15-8766-3cf1c58f985a}"></Provider>
<EventID Qualifiers="">4103</EventID>
<Version>1</Version>
<Level>4</Level>
<Task>106</Task>
<Opcode>20</Opcode>
<Keywords>0x0000000000000000</Keywords>
<TimeCreated SystemTime="2025-04-10 06:31:33.738802"></TimeCreated>
<EventRecordID>3475</EventRecordID>
<Correlation ActivityID="{d72fe4f3-a9dd-0000-332f-31d7dda9db01}" RelatedActivityID=""></Correlation>
<Execution ProcessID="9808" ThreadID="4644"></Execution>
<Channel>Microsoft-Windows-PowerShell/Operational</Channel>
<Computer>DESKTOP-M3AKJSD</Computer>
<Security UserID="S-1-5-21-3999086100-426973801-4203759309-1002"></Security>
</System>
<EventData><Data Name="ContextInfo">        Severity = Informational
        Host Name = ConsoleHost
        Host Version = 5.1.26100.3624
        Host ID = 06070939-645a-4cb4-bb35-feff3e76ad09
        Host Application = C:\Windows\System32\WindowsPowerShell\v1.0\powershell.exe
        Engine Version = 5.1.26100.3624
        Runspace ID = 62516b95-d457-41c9-aa13-31b963bcf8bb
        Pipeline ID = 20
        Command Name = Export-ModuleMember
        Command Type = Cmdlet
        Script Name = 
        Command Path = 
        Sequence Number = 64
        User = DESKTOP-M3AKJSD\User
        Connected User = 
        Shell ID = Microsoft.PowerShell
</Data>
<Data Name="UserData"></Data>
<Data Name="Payload">CommandInvocation(Export-ModuleMember): "Export-ModuleMember"
ParameterBinding(Export-ModuleMember): name="Function"; value=""
</Data>
</EventData>
</Event>

<Event xmlns="http://schemas.microsoft.com/win/2004/08/events/event"><System><Provider Name="Microsoft-Windows-PowerShell" Guid="{a0c1853b-5c40-4b15-8766-3cf1c58f985a}"></Provider>
<EventID Qualifiers="">4103</EventID>
<Version>1</Version>
<Level>4</Level>
<Task>106</Task>
<Opcode>20</Opcode>
<Keywords>0x0000000000000000</Keywords>
<TimeCreated SystemTime="2025-04-10 06:31:33.742430"></TimeCreated>
<EventRecordID>3476</EventRecordID>
<Correlation ActivityID="{d72fe4f3-a9dd-0000-342f-31d7dda9db01}" RelatedActivityID=""></Correlation>
<Execution ProcessID="9808" ThreadID="4644"></Execution>
<Channel>Microsoft-Windows-PowerShell/Operational</Channel>
<Computer>DESKTOP-M3AKJSD</Computer>
<Security UserID="S-1-5-21-3999086100-426973801-4203759309-1002"></Security>
</System>
<EventData><Data Name="ContextInfo">        Severity = Informational
        Host Name = ConsoleHost
        Host Version = 5.1.26100.3624
        Host ID = 06070939-645a-4cb4-bb35-feff3e76ad09
        Host Application = C:\Windows\System32\WindowsPowerShell\v1.0\powershell.exe
        Engine Version = 5.1.26100.3624
        Runspace ID = 62516b95-d457-41c9-aa13-31b963bcf8bb
        Pipeline ID = 20
        Command Name = Export-ModuleMember
        Command Type = Cmdlet
        Script Name = 
        Command Path = 
        Sequence Number = 66
        User = DESKTOP-M3AKJSD\User
        Connected User = 
        Shell ID = Microsoft.PowerShell
</Data>
<Data Name="UserData"></Data>
<Data Name="Payload">CommandInvocation(Export-ModuleMember): "Export-ModuleMember"
ParameterBinding(Export-ModuleMember): name="Function"; value="Get-MpComputerStatus"
ParameterBinding(Export-ModuleMember): name="Alias"; value="*"
</Data>
</EventData>
</Event>

<Event xmlns="http://schemas.microsoft.com/win/2004/08/events/event"><System><Provider Name="Microsoft-Windows-PowerShell" Guid="{a0c1853b-5c40-4b15-8766-3cf1c58f985a}"></Provider>
<EventID Qualifiers="">4106</EventID>
<Version>1</Version>
<Level>5</Level>
<Task>103</Task>
<Opcode>15</Opcode>
<Keywords>0x0000000000000000</Keywords>
<TimeCreated SystemTime="2025-04-10 06:31:33.742455"></TimeCreated>
<EventRecordID>3477</EventRecordID>
<Correlation ActivityID="{d72fe4f3-a9dd-0000-342f-31d7dda9db01}" RelatedActivityID=""></Correlation>
<Execution ProcessID="9808" ThreadID="4644"></Execution>
<Channel>Microsoft-Windows-PowerShell/Operational</Channel>
<Computer>DESKTOP-M3AKJSD</Computer>
<Security UserID="S-1-5-21-3999086100-426973801-4203759309-1002"></Security>
</System>
<EventData><Data Name="ScriptBlockId">ae82bb02-319b-4af1-9301-aac41115dc0e</Data>
<Data Name="RunspaceId">62516b95-d457-41c9-aa13-31b963bcf8bb</Data>
</EventData>
</Event>

<Event xmlns="http://schemas.microsoft.com/win/2004/08/events/event"><System><Provider Name="Microsoft-Windows-PowerShell" Guid="{a0c1853b-5c40-4b15-8766-3cf1c58f985a}"></Provider>
<EventID Qualifiers="">4104</EventID>
<Version>1</Version>
<Level>3</Level>
<Task>2</Task>
<Opcode>15</Opcode>
<Keywords>0x0000000000000000</Keywords>
<TimeCreated SystemTime="2025-04-10 06:31:34.038094"></TimeCreated>
<EventRecordID>3478</EventRecordID>
<Correlation ActivityID="{d72fe4f3-a9dd-0000-342f-31d7dda9db01}" RelatedActivityID=""></Correlation>
<Execution ProcessID="9808" ThreadID="4644"></Execution>
<Channel>Microsoft-Windows-PowerShell/Operational</Channel>
<Computer>DESKTOP-M3AKJSD</Computer>
<Security UserID="S-1-5-21-3999086100-426973801-4203759309-1002"></Security>
</System>
<EventData><Data Name="MessageNumber">1</Data>
<Data Name="MessageTotal">18</Data>
<Data Name="ScriptBlockText">
#requires -version 3.0

try { Microsoft.PowerShell.Core\Set-StrictMode -Off } catch { }

$script:MyModule = $MyInvocation.MyCommand.ScriptBlock.Module

$script:ClassName = 'root\Microsoft\Windows\Defender\MSFT_MpPreference'
$script:ClassVersion = '1.0'
$script:ModuleVersion = '1.0'
$script:ObjectModelWrapper = [Microsoft.PowerShell.Cmdletization.Cim.CimCmdletAdapter]

$script:PrivateData = [System.Collections.Generic.Dictionary[string,string]]::new()

Microsoft.PowerShell.Core\Export-ModuleMember -Function @()
        

function __cmdletization_BindCommonParameters
{
    param(
        $__cmdletization_objectModelWrapper,
        $myPSBoundParameters
    )       
                

        if ($myPSBoundParameters.ContainsKey('CimSession')) { 
            $__cmdletization_objectModelWrapper.PSObject.Properties['CimSession'].Value = $myPSBoundParameters['CimSession'] 
        }
                    

        if ($myPSBoundParameters.ContainsKey('ThrottleLimit')) { 
            $__cmdletization_objectModelWrapper.PSObject.Properties['ThrottleLimit'].Value = $myPSBoundParameters['ThrottleLimit'] 
        }
                    

        if ($myPSBoundParameters.ContainsKey('AsJob')) { 
            $__cmdletization_objectModelWrapper.PSObject.Properties['AsJob'].Value = $myPSBoundParameters['AsJob'] 
        }
                    

}
                

function Set-MpPreference
{
    [CmdletBinding(PositionalBinding=$false)]
    
    
    param(
    
    [Parameter(ParameterSetName='Set0')]
    [ValidateNotNull()]
    [ValidateNotNullOrEmpty()]
    [string[]]
    ${ExclusionPath},

    [Parameter(ParameterSetName='Set0')]
    [ValidateNotNull()]
    [ValidateNotNullOrEmpty()]
    [string[]]
    ${ExclusionExtension},

    [Parameter(ParameterSetName='Set0')]
    [ValidateNotNull()]
    [ValidateNotNullOrEmpty()]
    [string[]]
    ${ExclusionProcess},

    [Parameter(ParameterSetName='Set0')]
    [ValidateNotNull()]
    [ValidateNotNullOrEmpty()]
    [string[]]
    ${ExclusionIpAddress},

    [Parameter(ParameterSetName='Set0')]
    [Alias('rtsd')]
    [ValidateNotNull()]
    [ValidateNotNullOrEmpty()]
    [ValidateSet('Both','Incoming','Outcoming')]
    [Microsoft.PowerShell.Cmdletization.GeneratedTypes.MpPreference.ScanDirection]
    ${RealTimeScanDirection},

    [Parameter(ParameterSetName='Set0')]
    [Alias('qpiad')]
    [ValidateNotNull()]
    [ValidateNotNullOrEmpty()]
    [uint32]
    ${QuarantinePurgeItemsAfterDelay},

    [Parameter(ParameterSetName='Set0')]
    [Alias('rsd')]
    [ValidateNotNull()]
    [ValidateNotNullOrEmpty()]
    [ValidateSet('Everyday','Sunday','Monday','Tuesday','Wednesday','Thursday','Friday','Saturday','Never')]
    [Microsoft.PowerShell.Cmdletization.GeneratedTypes.MpPreference.Day]
    ${RemediationScheduleDay},

    [Parameter(ParameterSetName='Set0')]
    [Alias('rst')]
    [ValidateNotNull()]
    [ValidateNotNullOrEmpty()]
    [datetime]
    ${RemediationScheduleTime},

    [Parameter(ParameterSetName='Set0')]
    [Alias('repcs')]
    [ValidateSet('NotConfigured','Block','Audit','Off')]
    [Microsoft.PowerShell.Cmdletization.GeneratedTypes.MpPreference.NetworkBehaviorProtectionConfiguredState]
    ${RemoteEncryptionProtectionConfiguredState},

    [Parameter(ParameterSetName='Set0')]
    [Alias('repmbt')]
    [ValidateNotNull()]
    [ValidateNotNullOrEmpty()]
    [uint32]
    ${RemoteEncryptionProtectionMaxBlockTime},

    [Parameter(ParameterSetName='Set0')]
    [Alias('repa')]
    [ValidateSet('Low','Medium','High')]
    [Microsoft.PowerShell.Cmdletization.GeneratedTypes.MpPreference.Aggressiveness]
    ${RemoteEncryptionProtectionAggressiveness},

    [Parameter(ParameterSetName='Set0')]
    [Alias('repe')]
    [ValidateNotNull()]
    [ValidateNotNullOrEmpty()]
    [string[]]
    ${RemoteEncryptionProtectionExclusions},

    [Parameter(ParameterSetName='Set0')]
    [Alias('bfpcs')]
    [ValidateSet('NotConfigured','Block','Audit','Off')]
    [Microsoft.PowerShell.Cmdletization.GeneratedTypes.MpPreference.NetworkBehaviorProtectionConfiguredState]
    ${BruteForceProtectionConfiguredState},

    [Parameter(ParameterSetName='Set0')]
    [Alias('bfpmbt')]
    [ValidateNotNull()]
    [ValidateNotNullOrEmpty()]
    [uint32]
    ${BruteForceProtectionMaxBlockTime},

    [Parameter(ParameterSetName='Set0')]
    [Alias('bfpa')]
    [ValidateSet('Low','Medium','High')]
    [Microsoft.PowerShell.Cmdletization.GeneratedTypes.MpPreference.Aggressiveness]
    ${BruteForceProtectionAggressiveness},

    [Parameter(ParameterSetName='Set0')]
    [Alias('bfpe')]
    [ValidateNotNull()]
    [ValidateNotNullOrEmpty()]
    [string[]]
    ${BruteForceProtectionExclusions},

    [Parameter(ParameterSetName='Set0')]
    [Alias('bfplnb')]
    [ValidateNotNull()]
    [ValidateNotNullOrEmpty()]
    [bool]
    ${BruteForceProtectionLocalNetworkBlocking},

    [Parameter(ParameterSetName='Set0')]
    [Alias('bfpslp')]
    [ValidateNotNull()]
    [ValidateNotNullOrEmpty()]
    [bool]
    ${BruteForceProtectionSkipLearningPeriod},

    [Parameter(ParameterSetName='Set0')]
    [Alias('raat')]
    [ValidateNotNull()]
    [ValidateNotNullOrEmpty()]
    [uint32]
    ${ReportingAdditionalActionTimeOut},

    [Parameter(ParameterSetName='Set0')]
    [Alias('rcto')]
    [ValidateNotNull()]
    [ValidateNotNullOrEmpty()]
    [uint32]
    ${ReportingCriticalFailureTimeOut},

    [Parameter(ParameterSetName='Set0')]
    [Alias('rncto')]
    [ValidateNotNull()]
    [ValidateNotNullOrEmpty()]
    [uint32]
    ${ReportingNonCriticalTimeOut},

    [Parameter(ParameterSetName='Set0')]
    [Alias('shri')]
    [ValidateNotNull()]
    [ValidateNotNullOrEmpty()]
    [uint32]
    ${ServiceHealthReportInterval},

    [Parameter(ParameterSetName='Set0')]
    [Alias('rdsde')]
    [ValidateNotNull()]
    [ValidateNotNullOrEmpty()]
    [bool]
    ${ReportDynamicSignatureDroppedEvent},

    [Parameter(ParameterSetName='Set0')]
    [Alias('saclf')]
    [ValidateNotNull()]
    [ValidateNotNullOrEmpty()]
    [byte]
    ${ScanAvgCPULoadFactor},

    [Parameter(ParameterSetName='Set0')]
    [Alias('csbr')]
    [ValidateNotNull()]
    [ValidateNotNullOrEmpty()]
    [bool]
    ${CheckForSignaturesBeforeRunningScan},

    [Parameter(ParameterSetName='Set0')]
    [Alias('spiad')]
    [ValidateNotNull()]
    [ValidateNotNullOrEmpty()]
    [uint32]
    ${ScanPurgeItemsAfterDelay},

    [Parameter(ParameterSetName='Set0')]
    [Alias('soiie')]
    [ValidateNotNull()]
    [ValidateNotNullOrEmpty()]
    [bool]
    ${ScanOnlyIfIdleEnabled},

    [Parameter(ParameterSetName='Set0')]
    [ValidateNotNull()]
    [ValidateNotNullOrEmpty()]
    [ValidateSet('QuickScan','FullScan')]
    [Microsoft.PowerShell.Cmdletization.GeneratedTypes.MpPreference.ScanType]
    ${ScanParameters},

    [Parameter(ParameterSetName='Set0')]
    [Alias('scsd')]
    [ValidateNotNull()]
    [ValidateNotNullOrEmpty()]
    [ValidateSet('Everyday','Sunday','Monday','Tuesday','Wednesday','Thursday','Friday','Saturday','Never')]
    [Microsoft.PowerShell.Cmdletization.GeneratedTypes.MpPreference.Day]
    ${ScanScheduleDay},

    [Parameter(ParameterSetName='Set0')]
    [Alias('scsqst')]
    [ValidateNotNull()]
    [ValidateNotNullOrEmpty()]
    [datetime]
    ${ScanScheduleQuickScanTime},

    [Parameter(ParameterSetName='Set0')]
    [Alias('scst')]
    [ValidateNotNull()]
    [ValidateNotNullOrEmpty()]
    [datetime]
    ${ScanScheduleTime},

    [Parameter(ParameterSetName='Set0')]
    [Alias('tfsso')]
    [ValidateNotNull()]
    [ValidateNotNullOrEmpty()]
    [bool]
    ${ThrottleForScheduledScanOnly},

    [Parameter(ParameterSetName='Set0')]
    [Alias('sigfagp')]
    [ValidateNotNull()]
    [ValidateNotNullOrEmpty()]
    [uint32]
    ${SignatureFirstAuGracePeriod},

    [Parameter(ParameterSetName='Set0')]
    [Alias('sigagp')]
    [ValidateNotNull()]
    [ValidateNotNullOrEmpty()]
    [uint32]
    ${SignatureAuGracePeriod},

    [Parameter(ParameterSetName='Set0')]
    [Alias('sigdufss')]
    [ValidateNotNull()]
    [ValidateNotNullOrEmpty()]
    [string]
    ${SignatureDefinitionUpdateFileSharesSources},

    [Parameter(ParameterSetName='Set0')]
    [Alias('sigduoswo')]
    [ValidateNotNull()]
    [ValidateNotNullOrEmpty()]
    [bool]
    ${SignatureDisableUpdateOnStartupWithoutEngine},

    [Parameter(ParameterSetName='Set0')]
    [Alias('sfo')]
    [ValidateNotNull()]
    [ValidateNotNullOrEmpty()]
    [string]
    ${SignatureFallbackOrder},

    [Parameter(ParameterSetName='Set0')]
    [Alias('ssp','SecurityIntelligenceLocation','ssl')]
    [ValidateNotNull()]
    [ValidateNotNullOrEmpty()]
    [string]
    ${SharedSignaturesPath},

    [Parameter(ParameterSetName='Set0')]
    [Alias('sspsch','SecurityIntelligenceLocationUpdateAtScheduledTimeOnly')]
    [ValidateNotNull()]
    [ValidateNotNullOrEmpty()]
    [bool]
    ${SharedSignaturesPathUpdateAtScheduledTimeOnly},

    [Parameter(ParameterSetName='Set0')]
    [Alias('sigsd')]
    [ValidateNotNull()]
    [ValidateNotNullOrEmpty()]
    [ValidateSet('Everyday','Sunday','Monday','Tuesday','Wednesday','Thursday','Friday','Saturday','Never')]
    [Microsoft.PowerShell.Cmdletization.GeneratedTypes.MpPreference.Day]
    ${SignatureScheduleDay},

    [Parameter(ParameterSetName='Set0')]
    [Alias('sigst')]
    [ValidateNotNull()]
    [ValidateNotNullOrEmpty()]
    [datetime]
    ${SignatureScheduleTime},

    [Parameter(ParameterSetName='Set0')]
    [Alias('siguci')]
    [ValidateNotNull()]
    [ValidateNotNullOrEmpty()]
    [uint32]
    ${SignatureUpdateCatchupInterval},

    [Parameter(ParameterSetName='Set0')]
    [Alias('sigui')]
    [ValidateNotNull()]
    [ValidateNotNullOrEmpty()]
    [uint32]
    ${SignatureUpdateInterval},

    [Parameter(ParameterSetName='Set0')]
    [Alias('sigbui')]
    [ValidateNotNull()]
    [ValidateNotNullOrEmpty()]
    [uint32]
    ${SignatureBlobUpdateInterval},

    [Parameter(ParameterSetName='Set0')]
    [Alias('sigbfs')]
    [ValidateNotNull()]
    [ValidateNotNullOrEmpty()]
    [string]
    ${SignatureBlobFileSharesSources},

    [Parameter(ParameterSetName='Set0')]
    [Alias('mcupd')]
    [ValidateNotNull()]
    [ValidateNotNullOrEmpty()]
    [bool]
    ${MeteredConnectionUpdates},

    [Parameter(ParameterSetName='Set0')]
    [Alias('anpws')]
    [ValidateNotNull()]
    [ValidateNotNullOrEmpty()]
    [bool]
    ${AllowNetworkProtectionOnWinServer},

    [Parameter(ParameterSetName='Set0')]
    [Alias('ddtgp')]
    [ValidateNotNull()]
    [ValidateNotNullOrEmpty()]
    [bool]
    ${DisableDatagramProcessing},

    [Parameter(ParameterSetName='Set0')]
    [Alias('ecwtb')]
    [ValidateNotNull()]
    [ValidateNotNullOrEmpty()]
    [bool]
    ${EnableConvertWarnToBlock},

    [Parameter(ParameterSetName='Set0')]
    [ValidateNotNull()]
    [ValidateNotNullOrEmpty()]
    [bool]
    ${DisableCpuThrottleOnIdleScans},

    [Parameter(ParameterSetName='Set0')]
    [ValidateNotNull()]
    [ValidateNotNullOrEmpty()]
    [ValidateSet('Disabled','Basic','Advanced')]
    [Microsoft.PowerShell.Cmdletization.GeneratedTypes.MpPreference.MAPSReportingType]
    ${MAPSReporting},

    [Parameter(ParameterSetName='Set0')]
    [ValidateNotNull()]
    [ValidateNotNullOrEmpty()]
    [ValidateSet('AlwaysPrompt','SendSafeSamples','NeverSend','SendAllSamples')]
    [Microsoft.PowerShell.Cmdletization.GeneratedTypes.MpPreference.SubmitSamplesConsentType]
    ${SubmitSamplesConsent},

    [Parameter(ParameterSetName='Set0')]
    [Alias('dae')]
    [ValidateNotNull()]
    [ValidateNotNullOrEmpty()]
    [bool]
    ${DisableAutoExclusions},

    [Parameter(ParameterSetName='Set0')]
    [Alias('dpm')]
    [ValidateNotNull()]
    [ValidateNotNullOrEmpty()]
    [bool]
    ${DisablePrivacyMode},

    [Parameter(ParameterSetName='Set0')]
    [Alias('rstt')]
    [ValidateNotNull()]
    [ValidateNotNullOrEmpty()]
    [bool]
    ${RandomizeScheduleTaskTimes},

    [Parameter(ParameterSetName='Set0')]
    [Alias('srt')]
    [ValidateNotNull()]
    [ValidateNotNullOrEmpty()]
    [uint32]
    ${SchedulerRandomizationTime},

    [Parameter(ParameterSetName='Set0')]
    [Alias('dbm')]
    [ValidateNotNull()]
    [ValidateNotNullOrEmpty()]
    [bool]
    ${DisableBehaviorMonitoring},

    [Parameter(ParameterSetName='Set0')]
    [Alias('dips')]
    [ValidateNotNull()]
    [ValidateNotNullOrEmpty()]
    [bool]
    ${DisableIntrusionPreventionSystem},

    [Parameter(ParameterSetName='Set0')]
    [Alias('dioavp')]
    [ValidateNotNull()]
    [ValidateNotNullOrEmpty()]
    [bool]
    ${DisableIOAVProtection},

    [Parameter(ParameterSetName='Set0')]
    [Alias('drtm')]
    [ValidateNotNull()]
    [ValidateNotNullOrEmpty()]
    [bool]
    ${DisableRealtimeMonitoring},

    [Parameter(ParameterSetName='Set0')]
    [Alias('dscrptsc')]
    [ValidateNotNull()]
    [ValidateNotNullOrEmpty()]
    [bool]
    ${DisableScriptScanning},

    [Parameter(ParameterSetName='Set0')]
    [Alias('darchsc')]
    [ValidateNotNull()]
    [ValidateNotNullOrEmpty()]
    [bool]
    ${DisableArchiveScanning},

    [Parameter(ParameterSetName='Set0')]
    [Alias('dcfsc')]
    [ValidateNotNull()]
    [ValidateNotNullOrEmpty()]
    [bool]
    ${DisableCatchupFullScan},

    [Parameter(ParameterSetName='Set0')]
    [Alias('dcqsc')]
    [ValidateNotNull()]
    [ValidateNotNullOrEmpty()]
    [bool]
    ${DisableCatchupQuickScan},

    [Parameter(ParameterSetName='Set0')]
    [Alias('demsc')]
    [ValidateNotNull()]
    [ValidateNotNullOrEmpty()]
    [bool]
    ${DisableEmailScanning},

    [Parameter(ParameterSetName='Set0')]
    [Alias('drdsc')]
    [ValidateNotNull()]
    [ValidateNotNullOrEmpty()]
    [bool]
    ${DisableRemovableDriveScanning},

    [Parameter(ParameterSetName='Set0')]
    [Alias('drp')]
    [ValidateNotNull()]
    [ValidateNotNullOrEmpty()]
    [bool]
    ${DisableRestorePoint},

    [Parameter(ParameterSetName='Set0')]
    [Alias('dsmndfsc')]
    [ValidateNotNull()]
    [ValidateNotNullOrEmpty()]
    [bool]
    ${DisableScanningMappedNetworkDrivesForFullScan},

    [Parameter(ParameterSetName='Set0')]
    [Alias('dsnf')]
    [ValidateNotNull()]
    [ValidateNotNullOrEmpty()]
    [bool]
    ${DisableScanningNetworkFiles},

    [Parameter(ParameterSetName='Set0')]
    [Alias('adsnftioav')]
    [ValidateNotNull()]
    [ValidateNotNullOrEmpty()]
    [bool]
    ${ApplyDisableNetworkScanningToIOAV},

    [Parameter(ParameterSetName='Set0')]
    [ValidateNotNull()]
    [ValidateNotNullOrEmpty()]
    [bool]
    ${UILockdown},

    [Parameter(ParameterSetName='Set0')]
    [Alias('tiddefaci')]
    [ValidateNotNull()]
    [ValidateNotNullOrEmpty()]
    [long[]]
    ${ThreatIDDefaultAction_Ids},

    [Parameter(ParameterSetName='Set0')]
    [Alias('tiddefaca')]
    [ValidateNotNull()]
    [ValidateNotNullOrEmpty()]
    [Microsoft.PowerShell.Cmdletization.GeneratedTypes.MpPreference.ThreatAction[]]
    ${ThreatIDDefaultAction_Actions},

    [Parameter(ParameterSetName='Set0')]
    [Alias('unktdefac')]
    [ValidateNotNull()]
    [ValidateNotNullOrEmpty()]
    [Microsoft.PowerShell.Cmdletization.GeneratedTypes.MpPreference.ThreatAction]
    ${UnknownThreatDefaultAction},

    [Parameter(ParameterSetName='Set0')]
    [Alias('ltdefac')]
    [ValidateNotNull()]
    [ValidateNotNullOrEmpty()]
    [Microsoft.PowerShell.Cmdletization.GeneratedTypes.MpPreference.ThreatAction]
    ${LowThreatDefaultAction},

    [Parameter(ParameterSetName='Set0')]
    [Alias('mtdefac')]
    [ValidateNotNull()]
    [ValidateNotNullOrEmpty()]
    [Microsoft.PowerShell.Cmdletization.GeneratedTypes.MpPreference.ThreatAction]
    ${ModerateThreatDefaultAction},

    [Parameter(ParameterSetName='Set0')]
    [Alias('htdefac')]
    [ValidateNotNull()]
    [ValidateNotNullOrEmpty()]
    [Microsoft.PowerShell.Cmdletization.GeneratedTypes.MpPreference.ThreatAction]
    ${HighThreatDefaultAction},

    [Parameter(ParameterSetName='Set0')]
    [Alias('stdefac')]
    [ValidateNotNull()]
    [ValidateNotNullOrEmpty()]
    [Microsoft.PowerShell.Cmdletization.GeneratedTypes.MpPreference.ThreatAction]
    ${SevereThreatDefaultAction},

    [Parameter(ParameterSetName='Set0')]
    [switch]
    ${Force},

    [Parameter(ParameterSetName='Set0')]
    [Alias('dbaf')]
    [ValidateNotNull()]
    [ValidateNotNullOrEmpty()]
    [bool]
    ${DisableBlockAtFirstSeen},

    [Parameter(ParameterSetName='Set0')]
    [ValidateNotNull()]
    [ValidateNotNullOrEmpty()]
    [ValidateSet('Disabled','Enabled','AuditMode')]
    [Microsoft.PowerShell.Cmdletization.GeneratedTypes.MpPreference.PUAProtectionType]
    ${PUAProtection},

    [Parameter(ParameterSetName='Set0')]
    [ValidateNotNull()]
    [ValidateNotNullOrEmpty()]
    [ValidateSet('Default','Moderate','High','HighPlus','ZeroTolerance')]
    [Microsoft.PowerShell.Cmdletization.GeneratedTypes.MpPreference.CloudBlockLevelType]
    ${CloudBlockLevel},

    [Parameter(ParameterSetName='Set0')]
    [Alias('cloudextimeout')]
    [ValidateNotNull()]
    [ValidateNotNullOrEmpty()]
    [uint32]
    ${CloudExtendedTimeout},

    [Parameter(ParameterSetName='Set0')]
    [ValidateNotNull()]
    [ValidateNotNullOrEmpty()]
    [ValidateSet('Disabled','Enabled','AuditMode')]
    [Microsoft.PowerShell.Cmdletization.GeneratedTypes.MpPreference.ASRRuleActionType]
    ${EnableNetworkProtection},

    [Parameter(ParameterSetName='Set0')]
    [ValidateNotNull()]
    [ValidateNotNullOrEmpty()]
    [ValidateSet('Disabled','Enabled','AuditMode','BlockDiskModificationOnly','AuditDiskModificationOnly')]
    [Microsoft.PowerShell.Cmdletization.GeneratedTypes.MpPreference.ControlledFolderAccessType]
    ${EnableControlledFolderAccess},

    [Parameter(ParameterSetName='Set0')]
    [ValidateNotNull()]
    [ValidateNotNullOrEmpty()]
    [string[]]
    ${AttackSurfaceReductionOnlyExclusions},

    [Parameter(ParameterSetName='Set0')]
    [ValidateNotNull()]
    [ValidateNotNullOrEmpty()]
    [string[]]
    ${ControlledFolderAccessAllowedApplications},

    [Parameter(ParameterSetName='Set0')]
    [ValidateNotNull()]
    [ValidateNotNullOrEmpty()]
    [string[]]
    ${ControlledFolderAccessProtectedFolders},

    [Parameter(ParameterSetName='Set0')]
    [ValidateNotNull()]
    [ValidateNotNullOrEmpty()]
    [string[]]
    ${A</Data>
<Data Name="ScriptBlockId">f3ab7e19-d12c-424a-a44d-83c961e98f0c</Data>
<Data Name="Path"></Data>
</EventData>
</Event>

