<?xml version="1.1" encoding="utf-8" standalone="yes" ?>

<Events>
<Event xmlns="http://schemas.microsoft.com/win/2004/08/events/event"><System><Provider Name="Microsoft-Windows-PowerShell" Guid="{a0c1853b-5c40-4b15-8766-3cf1c58f985a}"></Provider>
<EventID Qualifiers="">53504</EventID>
<Version>1</Version>
<Level>4</Level>
<Task>111</Task>
<Opcode>10</Opcode>
<Keywords>0x0000000000000000</Keywords>
<TimeCreated SystemTime="2025-04-10 06:12:10.453863"></TimeCreated>
<EventRecordID>3115</EventRecordID>
<Correlation ActivityID="{d72fe4f3-a9dd-0002-2d74-30d7dda9db01}" RelatedActivityID=""></Correlation>
<Execution ProcessID="5616" ThreadID="5432"></Execution>
<Channel>Microsoft-Windows-PowerShell/Operational</Channel>
<Computer>DESKTOP-M3AKJSD</Computer>
<Security UserID="S-1-5-21-3999086100-426973801-4203759309-1002"></Security>
</System>
<EventData><Data Name="param1">5616</Data>
<Data Name="param2">DefaultAppDomain</Data>
</EventData>
</Event>

<Event xmlns="http://schemas.microsoft.com/win/2004/08/events/event"><System><Provider Name="Microsoft-Windows-PowerShell" Guid="{a0c1853b-5c40-4b15-8766-3cf1c58f985a}"></Provider>
<EventID Qualifiers="">4104</EventID>
<Version>1</Version>
<Level>5</Level>
<Task>2</Task>
<Opcode>15</Opcode>
<Keywords>0x0000000000000000</Keywords>
<TimeCreated SystemTime="2025-04-10 06:12:12.444792"></TimeCreated>
<EventRecordID>3116</EventRecordID>
<Correlation ActivityID="{d72fe4f3-a9dd-0002-5e74-30d7dda9db01}" RelatedActivityID=""></Correlation>
<Execution ProcessID="5616" ThreadID="2300"></Execution>
<Channel>Microsoft-Windows-PowerShell/Operational</Channel>
<Computer>DESKTOP-M3AKJSD</Computer>
<Security UserID="S-1-5-21-3999086100-426973801-4203759309-1002"></Security>
</System>
<EventData><Data Name="MessageNumber">1</Data>
<Data Name="MessageTotal">1</Data>
<Data Name="ScriptBlockText">
function Test-Caller {
    param(
        [Parameter(Mandatory=$true)]
        [System.Management.Automation.CallStackFrame[]]
        $CallStack
    )
    $caller = $CallStack[1]
    $location = $caller.Location
    Write-Verbose -Message $('caller: ' + $location) -Verbose
    if ($location -eq '&lt;No file&gt;') {
        throw 'Invoke-Expression cannot be used in a script'
    }
}

function Invoke-Expression {
    [CmdletBinding(HelpUri='https://go.microsoft.com/fwlink/?LinkID=2097030')]
param(
    [Parameter(Mandatory=$true, Position=0, ValueFromPipeline=$true)]
    [string]
    ${Command})

begin
{
    try {
        Test-Caller -CallStack (Get-PSCallStack)
        $outBuffer = $null
        if ($PSBoundParameters.TryGetValue('OutBuffer', [ref]$outBuffer))
        {
            $PSBoundParameters['OutBuffer'] = 1
        }

        $wrappedCmd = $ExecutionContext.InvokeCommand.GetCommand('Microsoft.PowerShell.Utility\Invoke-Expression', [System.Management.Automation.CommandTypes]::Cmdlet)
        $scriptCmd = {&amp; $wrappedCmd @PSBoundParameters }

        $steppablePipeline = $scriptCmd.GetSteppablePipeline($myInvocation.CommandOrigin)
        $steppablePipeline.Begin($PSCmdlet)
    } catch {
        throw
    }
}

process
{
    try {
        $steppablePipeline.Process($_)
    } catch {
        throw
    }
}

end
{
    try {
        $steppablePipeline.End()
    } catch {
        throw
    }
}
}

function Invoke-Command {
    [CmdletBinding(DefaultParameterSetName='InProcess', HelpUri='https://go.microsoft.com/fwlink/?LinkID=2096789', RemotingCapability='OwnedByCommand')]
    param(
        [Parameter(ParameterSetName='Session', Position=0)]
        [Parameter(ParameterSetName='FilePathRunspace', Position=0)]
        [ValidateNotNullOrEmpty()]
        [System.Management.Automation.Runspaces.PSSession[]]
        ${Session},

        [Parameter(ParameterSetName='ComputerName', Position=0)]
        [Parameter(ParameterSetName='FilePathComputerName', Position=0)]
        [Alias('Cn')]
        [ValidateNotNullOrEmpty()]
        [string[]]
        ${ComputerName},

        [Parameter(ParameterSetName='ComputerName', ValueFromPipelineByPropertyName=$true)]
        [Parameter(ParameterSetName='Uri', ValueFromPipelineByPropertyName=$true)]
        [Parameter(ParameterSetName='FilePathComputerName', ValueFromPipelineByPropertyName=$true)]
        [Parameter(ParameterSetName='FilePathUri', ValueFromPipelineByPropertyName=$true)]
        [Parameter(ParameterSetName='VMId', Mandatory=$true, ValueFromPipelineByPropertyName=$true)]
        [Parameter(ParameterSetName='VMName', Mandatory=$true, ValueFromPipelineByPropertyName=$true)]
        [Parameter(ParameterSetName='FilePathVMId', Mandatory=$true, ValueFromPipelineByPropertyName=$true)]
        [Parameter(ParameterSetName='FilePathVMName', Mandatory=$true, ValueFromPipelineByPropertyName=$true)]
        [pscredential]
        [System.Management.Automation.CredentialAttribute()]
        ${Credential},

        [Parameter(ParameterSetName='ComputerName')]
        [Parameter(ParameterSetName='FilePathComputerName')]
        [Parameter(ParameterSetName='SSHHost')]
        [ValidateRange(1, 65535)]
        [int]
        ${Port},

        [Parameter(ParameterSetName='ComputerName')]
        [Parameter(ParameterSetName='FilePathComputerName')]
        [switch]
        ${UseSSL},

        [Parameter(ParameterSetName='ComputerName', ValueFromPipelineByPropertyName=$true)]
        [Parameter(ParameterSetName='Uri', ValueFromPipelineByPropertyName=$true)]
        [Parameter(ParameterSetName='FilePathComputerName', ValueFromPipelineByPropertyName=$true)]
        [Parameter(ParameterSetName='FilePathUri', ValueFromPipelineByPropertyName=$true)]
        [Parameter(ParameterSetName='ContainerId', ValueFromPipelineByPropertyName=$true)]
        [Parameter(ParameterSetName='VMId', ValueFromPipelineByPropertyName=$true)]
        [Parameter(ParameterSetName='VMName', ValueFromPipelineByPropertyName=$true)]
        [Parameter(ParameterSetName='FilePathContainerId', ValueFromPipelineByPropertyName=$true)]
        [Parameter(ParameterSetName='FilePathVMId', ValueFromPipelineByPropertyName=$true)]
        [Parameter(ParameterSetName='FilePathVMName', ValueFromPipelineByPropertyName=$true)]
        [string]
        ${ConfigurationName},

        [Parameter(ParameterSetName='ComputerName', ValueFromPipelineByPropertyName=$true)]
        [Parameter(ParameterSetName='FilePathComputerName', ValueFromPipelineByPropertyName=$true)]
        [string]
        ${ApplicationName},

        [Parameter(ParameterSetName='ComputerName')]
        [Parameter(ParameterSetName='Session')]
        [Parameter(ParameterSetName='Uri')]
        [Parameter(ParameterSetName='FilePathComputerName')]
        [Parameter(ParameterSetName='FilePathRunspace')]
        [Parameter(ParameterSetName='FilePathUri')]
        [Parameter(ParameterSetName='VMId')]
        [Parameter(ParameterSetName='VMName')]
        [Parameter(ParameterSetName='ContainerId')]
        [Parameter(ParameterSetName='FilePathVMId')]
        [Parameter(ParameterSetName='FilePathVMName')]
        [Parameter(ParameterSetName='FilePathContainerId')]
        [int]
        ${ThrottleLimit},

        [Parameter(ParameterSetName='Uri', Position=0)]
        [Parameter(ParameterSetName='FilePathUri', Position=0)]
        [Alias('URI','CU')]
        [ValidateNotNullOrEmpty()]
        [uri[]]
        ${ConnectionUri},

        [Parameter(ParameterSetName='ComputerName')]
        [Parameter(ParameterSetName='Session')]
        [Parameter(ParameterSetName='Uri')]
        [Parameter(ParameterSetName='FilePathComputerName')]
        [Parameter(ParameterSetName='FilePathRunspace')]
        [Parameter(ParameterSetName='FilePathUri')]
        [Parameter(ParameterSetName='VMId')]
        [Parameter(ParameterSetName='VMName')]
        [Parameter(ParameterSetName='ContainerId')]
        [Parameter(ParameterSetName='FilePathVMId')]
        [Parameter(ParameterSetName='FilePathVMName')]
        [Parameter(ParameterSetName='FilePathContainerId')]
        [Parameter(ParameterSetName='SSHHost')]
        [Parameter(ParameterSetName='SSHHostHashParam')]
        [Parameter(ParameterSetName='FilePathSSHHost')]
        [Parameter(ParameterSetName='FilePathSSHHostHash')]
        [switch]
        ${AsJob},

        [Parameter(ParameterSetName='ComputerName')]
        [Parameter(ParameterSetName='FilePathComputerName')]
        [Parameter(ParameterSetName='Uri')]
        [Parameter(ParameterSetName='FilePathUri')]
        [Alias('Disconnected')]
        [switch]
        ${InDisconnectedSession},

        [Parameter(ParameterSetName='ComputerName')]
        [Parameter(ParameterSetName='FilePathComputerName')]
        [ValidateNotNullOrEmpty()]
        [string[]]
        ${SessionName},

        [Parameter(ParameterSetName='ComputerName')]
        [Parameter(ParameterSetName='Session')]
        [Parameter(ParameterSetName='Uri')]
        [Parameter(ParameterSetName='FilePathComputerName')]
        [Parameter(ParameterSetName='FilePathRunspace')]
        [Parameter(ParameterSetName='FilePathUri')]
        [Parameter(ParameterSetName='VMId')]
        [Parameter(ParameterSetName='VMName')]
        [Parameter(ParameterSetName='ContainerId')]
        [Parameter(ParameterSetName='FilePathVMId')]
        [Parameter(ParameterSetName='FilePathVMName')]
        [Parameter(ParameterSetName='FilePathContainerId')]
        [Parameter(ParameterSetName='SSHHost')]
        [Parameter(ParameterSetName='SSHHostHashParam')]
        [Parameter(ParameterSetName='FilePathSSHHost')]
        [Parameter(ParameterSetName='FilePathSSHHostHash')]
        [Alias('HCN')]
        [switch]
        ${HideComputerName},

        [Parameter(ParameterSetName='ComputerName')]
        [Parameter(ParameterSetName='Session')]
        [Parameter(ParameterSetName='Uri')]
        [Parameter(ParameterSetName='FilePathComputerName')]
        [Parameter(ParameterSetName='FilePathRunspace')]
        [Parameter(ParameterSetName='FilePathUri')]
        [Parameter(ParameterSetName='ContainerId')]
        [Parameter(ParameterSetName='FilePathContainerId')]
        [Parameter(ParameterSetName='SSHHostHashParam')]
        [Parameter(ParameterSetName='SSHHost')]
        [string]
        ${JobName},

        [Parameter(ParameterSetName='ComputerName', Mandatory=$true, Position=1)]
        [Parameter(ParameterSetName='Session', Mandatory=$true, Position=1)]
        [Parameter(ParameterSetName='Uri', Mandatory=$true, Position=1)]
        [Parameter(ParameterSetName='InProcess', Mandatory=$true, Position=0)]
        [Parameter(ParameterSetName='VMId', Mandatory=$true, Position=1)]
        [Parameter(ParameterSetName='VMName', Mandatory=$true, Position=1)]
        [Parameter(ParameterSetName='ContainerId', Mandatory=$true, Position=1)]
        [Parameter(ParameterSetName='SSHHost', Mandatory=$true, Position=1)]
        [Parameter(ParameterSetName='SSHHostHashParam', Mandatory=$true, Position=1)]
        [Alias('Command')]
        [ValidateNotNull()]
        [scriptblock]
        ${ScriptBlock},

        [Parameter(ParameterSetName='InProcess')]
        [switch]
        ${NoNewScope},

        [Parameter(ParameterSetName='FilePathComputerName', Mandatory=$true, Position=1)]
        [Parameter(ParameterSetName='FilePathRunspace', Mandatory=$true, Position=1)]
        [Parameter(ParameterSetName='FilePathUri', Mandatory=$true, Position=1)]
        [Parameter(ParameterSetName='FilePathVMId', Mandatory=$true, Position=1)]
        [Parameter(ParameterSetName='FilePathVMName', Mandatory=$true, Position=1)]
        [Parameter(ParameterSetName='FilePathContainerId', Mandatory=$true, Position=1)]
        [Parameter(ParameterSetName='FilePathSSHHost', Mandatory=$true)]
        [Parameter(ParameterSetName='FilePathSSHHostHash', Mandatory=$true)]
        [Alias('PSPath')]
        [ValidateNotNull()]
        [string]
        ${FilePath},

        [Parameter(ParameterSetName='Uri')]
        [Parameter(ParameterSetName='FilePathUri')]
        [switch]
        ${AllowRedirection},

        [Parameter(ParameterSetName='ComputerName')]
        [Parameter(ParameterSetName='Uri')]
        [Parameter(ParameterSetName='FilePathComputerName')]
        [Parameter(ParameterSetName='FilePathUri')]
        [System.Management.Automation.Remoting.PSSessionOption]
        ${SessionOption},

        [Parameter(ParameterSetName='ComputerName')]
        [Parameter(ParameterSetName='FilePathComputerName')]
        [Parameter(ParameterSetName='Uri')]
        [Parameter(ParameterSetName='FilePathUri')]
        [System.Management.Automation.Runspaces.AuthenticationMechanism]
        ${Authentication},

        [Parameter(ParameterSetName='ComputerName')]
        [Parameter(ParameterSetName='FilePathComputerName')]
        [Parameter(ParameterSetName='Uri')]
        [Parameter(ParameterSetName='FilePathUri')]
        [switch]
        ${EnableNetworkAccess},

        [Parameter(ParameterSetName='ContainerId')]
        [Parameter(ParameterSetName='FilePathContainerId')]
        [switch]
        ${RunAsAdministrator},

        [Parameter(ParameterSetName='SSHHost', Mandatory=$true)]
        [Parameter(ParameterSetName='FilePathSSHHost', Mandatory=$true)]
        [ValidateNotNullOrEmpty()]
        [string[]]
        ${HostName},

        [Parameter(ParameterSetName='SSHHost')]
        [Parameter(ParameterSetName='FilePathSSHHost')]
        [ValidateNotNullOrEmpty()]
        [string]
        ${UserName},

        [Parameter(ParameterSetName='SSHHost')]
        [Parameter(ParameterSetName='FilePathSSHHost')]
        [Alias('IdentityFilePath')]
        [ValidateNotNullOrEmpty()]
        [string]
        ${KeyFilePath},

        [Parameter(ParameterSetName='SSHHost')]
        [Parameter(ParameterSetName='FilePathSSHHost')]
        [string]
        ${Subsystem},

        [Parameter(ParameterSetName='SSHHost')]
        [Parameter(ParameterSetName='FilePathSSHHost')]
        [int]
        ${ConnectingTimeout},

        [Parameter(ParameterSetName='SSHHost')]
        [Parameter(ParameterSetName='FilePathSSHHost')]
        [ValidateSet('true')]
        [switch]
        ${SSHTransport},

        [Parameter(ParameterSetName='SSHHostHashParam', Mandatory=$true)]
        [Parameter(ParameterSetName='FilePathSSHHostHash', Mandatory=$true)]
        [ValidateNotNullOrEmpty()]
        [hashtable[]]
        ${SSHConnection},

        [Parameter(ParameterSetName='ComputerName')]
        [Parameter(ParameterSetName='Session')]
        [Parameter(ParameterSetName='Uri')]
        [Parameter(ParameterSetName='FilePathComputerName')]
        [Parameter(ParameterSetName='FilePathRunspace')]
        [Parameter(ParameterSetName='FilePathUri')]
        [Parameter(ParameterSetName='VMId')]
        [Parameter(ParameterSetName='VMName')]
        [Parameter(ParameterSetName='ContainerId')]
        [Parameter(ParameterSetName='FilePathVMId')]
        [Parameter(ParameterSetName='FilePathVMName')]
        [Parameter(ParameterSetName='FilePathContainerId')]
        [Parameter(ParameterSetName='SSHHost')]
        [Parameter(ParameterSetName='SSHHostHashParam')]
        [Parameter(ParameterSetName='FilePathSSHHost')]
        [Parameter(ParameterSetName='FilePathSSHHostHash')]
        [switch]
        ${RemoteDebug},

        [Parameter(ValueFromPipeline=$true)]
        [psobject]
        ${InputObject},

        [Alias('Args')]
        [System.Object[]]
        ${ArgumentList},

        [Parameter(ParameterSetName='VMId', Mandatory=$true, Position=0, ValueFromPipelineByPropertyName=$true)]
        [Parameter(ParameterSetName='FilePathVMId', Mandatory=$true, Position=0, ValueFromPipelineByPropertyName=$true)]
        [Alias('VMGuid')]
        [ValidateNotNullOrEmpty()]
        [guid[]]
        ${VMId},

        [Parameter(ParameterSetName='VMName', Mandatory=$true, ValueFromPipelineByPropertyName=$true)]
        [Parameter(ParameterSetName='FilePathVMName', Mandatory=$true, ValueFromPipelineByPropertyName=$true)]
        [ValidateNotNullOrEmpty()]
        [string[]]
        ${VMName},

        [Parameter(ParameterSetName='ContainerId', Mandatory=$true, ValueFromPipelineByPropertyName=$true)]
        [Parameter(ParameterSetName='FilePathContainerId', Mandatory=$true, ValueFromPipelineByPropertyName=$true)]
        [ValidateNotNullOrEmpty()]
        [string[]]
        ${ContainerId},

        [Parameter(ParameterSetName='ComputerName')]
        [Parameter(ParameterSetName='Uri')]
        [string]
        ${CertificateThumbprint})

    begin
    {
        try {
            Test-Caller -CallStack (Get-PSCallStack)
            $outBuffer = $null
            if ($PSBoundParameters.TryGetValue('OutBuffer', [ref]$outBuffer))
            {
                $PSBoundParameters['OutBuffer'] = 1
            }

            $wrappedCmd = $ExecutionContext.InvokeCommand.GetCommand('Microsoft.PowerShell.Core\Invoke-Command', [System.Management.Automation.CommandTypes]::Cmdlet)
            $scriptCmd = {&amp; $wrappedCmd @PSBoundParameters }

            $steppablePipeline = $scriptCmd.GetSteppablePipeline($myInvocation.CommandOrigin)
            $steppablePipeline.Begin($PSCmdlet)
        } catch {
            throw
        }
    }

    process
    {
        try {
            $steppablePipeline.Process($_)
        } catch {
            throw
        }
    }

    end
    {
        try {
            $steppablePipeline.End()
        } catch {
            throw
        }
    }

}

Export-ModuleMember -Function @(
    'Invoke-Expression'
    'Invoke-Command'
)</Data>
<Data Name="ScriptBlockId">1d7f1b84-94c2-4883-85ec-7addc4cd09f9</Data>
<Data Name="Path"></Data>
</EventData>
</Event>

<Event xmlns="http://schemas.microsoft.com/win/2004/08/events/event"><System><Provider Name="Microsoft-Windows-PowerShell" Guid="{a0c1853b-5c40-4b15-8766-3cf1c58f985a}"></Provider>
<EventID Qualifiers="">4105</EventID>
<Version>1</Version>
<Level>5</Level>
<Task>102</Task>
<Opcode>15</Opcode>
<Keywords>0x0000000000000000</Keywords>
<TimeCreated SystemTime="2025-04-10 06:12:12.444805"></TimeCreated>
<EventRecordID>3117</EventRecordID>
<Correlation ActivityID="{d72fe4f3-a9dd-0002-5e74-30d7dda9db01}" RelatedActivityID=""></Correlation>
<Execution ProcessID="5616" ThreadID="2300"></Execution>
<Channel>Microsoft-Windows-PowerShell/Operational</Channel>
<Computer>DESKTOP-M3AKJSD</Computer>
<Security UserID="S-1-5-21-3999086100-426973801-4203759309-1002"></Security>
</System>
<EventData><Data Name="ScriptBlockId">1d7f1b84-94c2-4883-85ec-7addc4cd09f9</Data>
<Data Name="RunspaceId">ac635bc2-7fac-47a2-9734-707b73c7c7e8</Data>
</EventData>
</Event>

<Event xmlns="http://schemas.microsoft.com/win/2004/08/events/event"><System><Provider Name="Microsoft-Windows-PowerShell" Guid="{a0c1853b-5c40-4b15-8766-3cf1c58f985a}"></Provider>
<EventID Qualifiers="">4106</EventID>
<Version>1</Version>
<Level>5</Level>
<Task>103</Task>
<Opcode>15</Opcode>
<Keywords>0x0000000000000000</Keywords>
<TimeCreated SystemTime="2025-04-10 06:12:12.761564"></TimeCreated>
<EventRecordID>3118</EventRecordID>
<Correlation ActivityID="{d72fe4f3-a9dd-0001-a693-30d7dda9db01}" RelatedActivityID=""></Correlation>
<Execution ProcessID="5616" ThreadID="2300"></Execution>
<Channel>Microsoft-Windows-PowerShell/Operational</Channel>
<Computer>DESKTOP-M3AKJSD</Computer>
<Security UserID="S-1-5-21-3999086100-426973801-4203759309-1002"></Security>
</System>
<EventData><Data Name="ScriptBlockId">1d7f1b84-94c2-4883-85ec-7addc4cd09f9</Data>
<Data Name="RunspaceId">ac635bc2-7fac-47a2-9734-707b73c7c7e8</Data>
</EventData>
</Event>

<Event xmlns="http://schemas.microsoft.com/win/2004/08/events/event"><System><Provider Name="Microsoft-Windows-PowerShell" Guid="{a0c1853b-5c40-4b15-8766-3cf1c58f985a}"></Provider>
<EventID Qualifiers="">4104</EventID>
<Version>1</Version>
<Level>5</Level>
<Task>2</Task>
<Opcode>15</Opcode>
<Keywords>0x0000000000000000</Keywords>
<TimeCreated SystemTime="2025-04-10 06:12:12.852074"></TimeCreated>
<EventRecordID>3119</EventRecordID>
<Correlation ActivityID="{d72fe4f3-a9dd-0000-219a-30d7dda9db01}" RelatedActivityID=""></Correlation>
<Execution ProcessID="5616" ThreadID="2568"></Execution>
<Channel>Microsoft-Windows-PowerShell/Operational</Channel>
<Computer>DESKTOP-M3AKJSD</Computer>
<Security UserID="S-1-5-21-3999086100-426973801-4203759309-1002"></Security>
</System>
<EventData><Data Name="MessageNumber">1</Data>
<Data Name="MessageTotal">1</Data>
<Data Name="ScriptBlockText">&amp; 'C:\WINDOWS\TEMP\SDIAG_1ce381e2-2110-4de5-b469-608e12337a67\TS_WERQueue.ps1'</Data>
<Data Name="ScriptBlockId">283574ec-3e27-4624-b4ea-f969b5e2d73d</Data>
<Data Name="Path"></Data>
</EventData>
</Event>

<Event xmlns="http://schemas.microsoft.com/win/2004/08/events/event"><System><Provider Name="Microsoft-Windows-PowerShell" Guid="{a0c1853b-5c40-4b15-8766-3cf1c58f985a}"></Provider>
<EventID Qualifiers="">4105</EventID>
<Version>1</Version>
<Level>5</Level>
<Task>102</Task>
<Opcode>15</Opcode>
<Keywords>0x0000000000000000</Keywords>
<TimeCreated SystemTime="2025-04-10 06:12:12.852077"></TimeCreated>
<EventRecordID>3120</EventRecordID>
<Correlation ActivityID="{d72fe4f3-a9dd-0000-219a-30d7dda9db01}" RelatedActivityID=""></Correlation>
<Execution ProcessID="5616" ThreadID="2568"></Execution>
<Channel>Microsoft-Windows-PowerShell/Operational</Channel>
<Computer>DESKTOP-M3AKJSD</Computer>
<Security UserID="S-1-5-21-3999086100-426973801-4203759309-1002"></Security>
</System>
<EventData><Data Name="ScriptBlockId">283574ec-3e27-4624-b4ea-f969b5e2d73d</Data>
<Data Name="RunspaceId">ac635bc2-7fac-47a2-9734-707b73c7c7e8</Data>
</EventData>
</Event>

<Event xmlns="http://schemas.microsoft.com/win/2004/08/events/event"><System><Provider Name="Microsoft-Windows-PowerShell" Guid="{a0c1853b-5c40-4b15-8766-3cf1c58f985a}"></Provider>
<EventID Qualifiers="">4104</EventID>
<Version>1</Version>
<Level>5</Level>
<Task>2</Task>
<Opcode>15</Opcode>
<Keywords>0x0000000000000000</Keywords>
<TimeCreated SystemTime="2025-04-10 06:12:13.299868"></TimeCreated>
<EventRecordID>3121</EventRecordID>
<Correlation ActivityID="{d72fe4f3-a9dd-0003-6d66-30d7dda9db01}" RelatedActivityID=""></Correlation>
<Execution ProcessID="5616" ThreadID="2568"></Execution>
<Channel>Microsoft-Windows-PowerShell/Operational</Channel>
<Computer>DESKTOP-M3AKJSD</Computer>
<Security UserID="S-1-5-21-3999086100-426973801-4203759309-1002"></Security>
</System>
<EventData><Data Name="MessageNumber">1</Data>
<Data Name="MessageTotal">1</Data>
<Data Name="ScriptBlockText"># Copyright &#169; 2008, Microsoft Corporation. All rights reserved.

trap {break}

# Include common library
. .\CL_Utility.ps1

Import-LocalizedData -BindingVariable localizationString -FileName CL_LocalizationData

# Troubleshooting WER queue
Write-DiagProgress -Activity $localizationString.CheckWERQueue

[double]$freeSpace = Get-FreeSpace
[double]$percentage = Get-Percentage
[string]$userReportPath = Get-UserReportPath
[string]$machineReportPath = Get-MachineReportPath

[double]$userReportSize = Get-FolderSize $userReportPath
[double]$machineReportSize = Get-FolderSize $machineReportPath
[double]$totalSize = Format-DiskSpaceMB ($userReportSize + $machineReportSize)

# Reporting
$systemDrive = Get-SystemDriveInfo
if($systemDrive -ne $null) {
    $systemDrive | Select-Object -Property @{Name=$localizationString.driveName;Expression={$_.DeviceID}},@{Name=$localizationString.FreeSpace;Expression={(Format-DiskSpaceGB $_.FreeSpace) + "GB"}},@{Name=$localizationString.totalSpace;Expression={(Format-DiskSpaceGB $_.Size) + "GB"}} | ConvertTo-Xml | Update-DiagReport -id SystemDriveInfo -Name $localizationString.systemDriveInfo_name -Description $localizationString.systemDriveInfo_description -rid "RC_WERQueue"
}

@{Name=$userReportPath;Space=$userReportSize} | Select-Object -Property @{Name=$localizationString.userReportPath;Expression={$_.Name}},@{Name=$localizationString.userReportSpace;Expression={(Format-DiskSpaceMB $_.Space) + "MB"}} | ConvertTo-Xml | Update-DiagReport -id UserReprotInfo -Name $localizationString.UserReportInfo_name -Description $localizationString.UserReportInfo_description -rid "RC_WERQueue"

@{Name=$machineReportPath;Space=$machineReportSize} | Select-Object -Property @{Name=$localizationString.MachineReportPath;Expression={$_.Name}},@{Name=$localizationString.MachineReportSpace;Expression={(Format-DiskSpaceMB $_.Space) + "MB"}} | ConvertTo-Xml | Update-DiagReport -id AdminReprotInfo -Name $localizationString.MachineReportInfo_name -Description $localizationString.MachineReportInfo_description -rid "RC_WERQueue"

if((($freeSpace + $userReportSize) -gt 0) -and ($percentage -ge 0)) {
    if(($userReportSize / ($freeSpace + $userReportSize)) * 100 -gt $percentage) {
        Update-Diagrootcause -ID "RC_WERQueue" -Detected $true -Parameter @{'UnwantedSpace'=(Format-DiskSpaceMB $totalSize)}
        return
    }
}

if((($freeSpace + $machineReportSize) -gt 0) -and ($percentage -ge 0)) {
    if(($machineReportSize / ($freeSpace + $machineReportSize) * 100 -gt $percentage)) {
        Update-DiagRootcause -ID "RC_WERQueue" -Detected $true -Parameter @{'UnwantedSpace'=(Format-DiskSpaceMB $totalSize)}
        return
    }
}

Update-DiagRootcause -ID "RC_WERQueue" -Detected $false -Parameter @{'UnwantedSpace'=(Format-DiskSpaceMB $totalSize)}
</Data>
<Data Name="ScriptBlockId">6a95808a-81e7-4ebc-8738-32d641da600d</Data>
<Data Name="Path">C:\WINDOWS\TEMP\SDIAG_1ce381e2-2110-4de5-b469-608e12337a67\TS_WERQueue.ps1</Data>
</EventData>
</Event>

<Event xmlns="http://schemas.microsoft.com/win/2004/08/events/event"><System><Provider Name="Microsoft-Windows-PowerShell" Guid="{a0c1853b-5c40-4b15-8766-3cf1c58f985a}"></Provider>
<EventID Qualifiers="">4105</EventID>
<Version>1</Version>
<Level>5</Level>
<Task>102</Task>
<Opcode>15</Opcode>
<Keywords>0x0000000000000000</Keywords>
<TimeCreated SystemTime="2025-04-10 06:12:13.299976"></TimeCreated>
<EventRecordID>3122</EventRecordID>
<Correlation ActivityID="{d72fe4f3-a9dd-0003-6d66-30d7dda9db01}" RelatedActivityID=""></Correlation>
<Execution ProcessID="5616" ThreadID="2568"></Execution>
<Channel>Microsoft-Windows-PowerShell/Operational</Channel>
<Computer>DESKTOP-M3AKJSD</Computer>
<Security UserID="S-1-5-21-3999086100-426973801-4203759309-1002"></Security>
</System>
<EventData><Data Name="ScriptBlockId">6a95808a-81e7-4ebc-8738-32d641da600d</Data>
<Data Name="RunspaceId">ac635bc2-7fac-47a2-9734-707b73c7c7e8</Data>
</EventData>
</Event>

<Event xmlns="http://schemas.microsoft.com/win/2004/08/events/event"><System><Provider Name="Microsoft-Windows-PowerShell" Guid="{a0c1853b-5c40-4b15-8766-3cf1c58f985a}"></Provider>
<EventID Qualifiers="">4104</EventID>
<Version>1</Version>
<Level>3</Level>
<Task>2</Task>
<Opcode>15</Opcode>
<Keywords>0x0000000000000000</Keywords>
<TimeCreated SystemTime="2025-04-10 06:12:13.445400"></TimeCreated>
<EventRecordID>3123</EventRecordID>
<Correlation ActivityID="{d72fe4f3-a9dd-0002-7c74-30d7dda9db01}" RelatedActivityID=""></Correlation>
<Execution ProcessID="5616" ThreadID="2568"></Execution>
<Channel>Microsoft-Windows-PowerShell/Operational</Channel>
<Computer>DESKTOP-M3AKJSD</Computer>
<Security UserID="S-1-5-21-3999086100-426973801-4203759309-1002"></Security>
</System>
<EventData><Data Name="MessageNumber">1</Data>
<Data Name="MessageTotal">1</Data>
<Data Name="ScriptBlockText"># Copyright &#169; 2008, Microsoft Corporation. All rights reserved.


#Common utility functions
Import-LocalizedData -BindingVariable localizationString -FileName CL_LocalizationData

# Function to get user troubleshooting history
function Get-UserTSHistoryPath {
    return "${env:localappdata}\diagnostics"
}

# Function to get admin troubleshooting history
function Get-AdminTSHistoryPath {
    return "${env:localappdata}\elevateddiagnostics"
}

# Function to get user report folder path
function Get-UserReportPath {
    return "${env:localappdata}\Microsoft\Windows\WER\ReportQueue"
}

# Function to get system report folder path
function Get-MachineReportPath {
    return "${env:AllUsersProfile}\Microsoft\Windows\WER\ReportQueue"
}

# Function to get threshold to check whether a folder is old
function Get-ThresholdForCheckOlderFile {
    [int]$threshold = -1
    return $threshold
}

# Function to get threshold for deleting WER folder
function Get-ThresholdForFileDeleting() {
    [string]$registryEntryPath = "HKLM:\SOFTWARE\Microsoft\Windows\Windows Error Reporting"
    [string]$registryEntryName = "PurgeThreshholdValueInKB"
    [double]$defaultValue = 10.0

    return Get-RegistryValue $registryEntryPath $registryEntryName $defaultValue
}

# Function to get the size of a directory in kb
function Get-FolderSize([string]$folder = $(throw "No folder is specified")) {
    if([String]::IsNullOrEmpty($folder) -or (-not(Test-Path $folder))) {
        return 0
    }

    if(-not $Global:DirectoryObject) {
        $Global:DirectoryObject = New-Object -comobject "Scripting.FileSystemObject"
    }

    return ($Global:DirectoryObject.GetFolder($folder).Size) / 1kb
}

# Function to delete a folder
function Delete-Folder([string]$folder = $(throw "No folder is specified")) {
    if([String]::IsNullOrEmpty($folder) -or (-not(Test-Path $folder))) {
        return
    }

    Remove-Item -literalPath $folder -Recurse -Force
}

# Function to delete old folders
function Delete-OldFolders($folder=$(throw "No folder is specified")) {
    if(($folder -eq $null) -or (-not(Test-Path $folder))) {
        return
    }

    [int]$threshold = Get-ThresholdForCheckOlderFile
    $folders = Get-ChildItem -LiteralPath ($folder.FullName) -Force | Where-Object {$_.PSIsContainer}
    if($folders -ne $null) {
        foreach($folder in $folders) {
            if((($folder.CreationTime).CompareTo((Get-Date).AddMonths($threshold))) -lt 0) {
                Delete-Folder ($folder.FullName)
            } else {
                Delete-OldFolders (Get-Item ($folder.FullName))
            }
        }
    }
}

# Function to get registry value
function Get-RegistryValue([string]$registryEntryPath = $(throw "No registry entry path is specified"), [string]$registryEntryName = $(throw "No registry entry name is specified"), [double]$defaultValue = 0.0) {
    [double]$registryEntryValue = $defaultValue

    $registryEntry = Get-ItemProperty -Path $registryEntryPath -Name $registryEntryName
    if($registryEntry -ne $null) {
        $registryEntryValue = $registryEntry.$registryEntryName
    }

	return $registryEntryValue
}

# Function to get the percentage that WER queue can take up
function Get-Percentage() {
    [string]$registryEntryPath = "HKLM:\SOFTWARE\Microsoft\Windows\Windows Error Reporting"
    [string]$registryEntryName = "MaxQueueSizePercentage"
    [double]$defaultValue = 100.0

    return Get-RegistryValue $registryEntryPath $registryEntryName $defaultValue
}

# Function to get free disk space on machine
function Get-FreeSpace {
    [double]$freeSpace = 0.0
    [string]$wql = "SELECT * FROM Win32_LogicalDisk WHERE MediaType=12"
    $drives = Get-WmiObject -query $wql
    if($null -ne $drives) {
        foreach($drive in $drives) {
            $freeSpace += ($drive.freeSpace)
        }
    }

    return ($freeSpace / 1KB)
}

# Function to get all unnecessary files
function Get-UnnecessaryFiles([string]$folder = $(throw "No folder is specified")) {
    if([String]::IsNullOrEmpty($folder) -or (-not(Test-Path $folder))) {
        return $null
    }

    [int]$threshold = Get-ThresholdForCheckOlderFile

    return (Get-ChildItem -literalPath $folder -Recurse -Force | Where-Object {($_.PSIsContainer) -and ((($_.CreationTime).CompareTo((Get-Date).AddMonths($threshold))) -lt 0)})
}

# Function to format disk space (KB -&gt; MB)
function Format-DiskSpaceMB([double]$space = $(throw "No space is specified")) {
    return [string]([Math]::Round(($space / 1KB), 3))
}

# Function to format disk space (B -&gt; GB)
Function Format-DiskSpaceGB([double]$space = $(throw "No space is specified")) {
    return [string]([Math]::Round(($space / 1GB), 3))
}

# Function to attach item to the list with delimiter "/"
function AttachTo-List([string]$list = $(throw "No list is specified"), [string]$item = $(throw "No item is specified"))
{
    if([String]::IsNullOrEmpty($list))
    {
        return $item
    }

    if([String]::IsNullOrEmpty($item))
    {
        return $list
    }

    return $list + "/" + $item
}

# Function to parse the the list with delimiter "/"
function Parse-List([string]$list = $(throw "No list is specified"))
{
    if($list -eq $null)
    {
        return $null
    }

    return $list.Split("/", [StringSplitOptions]::RemoveEmptyEntries)
}

# Function to get list length
function Get-ListLength([string]$list = $(throw "No list is specified"))
{
    if($list -eq $null)
    {
        return 0
    }

    $result = Parse-List $list

    if($result -is [string])
    {
        return 1
    }
    elseif($result -is [object[]])
    {
        return $result.count
    }
    else
    {
        return 0
    }
}

# Function to convert to WQL path
function ConvertTo-WQLPath([string]$wqlPath = $(throw "No WQL path is specified"))
{
    if($wqlPath -eq $null)
    {
        return ""
    }

    return $wqlPath.Replace("\", "\\")
}

# Function to check whether the shortcut is valid
function Test-ValidLink([Wmi]$wmiLinkFile = $(throw "No WMI link file is specified"))
{
    if(($wmiLinkFile -eq $null) -or ([String]::IsNullOrEmpty($wmiLinkFile.Target)))
    {
        return $false
    }

    return Test-Path $wmiLinkFile.Target
}

# Function to chech whether have permission to delete the shortcut file
function Test-Delete([Wmi]$wmiLinkFile = $(throw "No WMI link file is specified"))
{
    if($wmiLinkFile -eq $null)
    {
        return $false
    }

    return ($wmiLinkFile.AccessMask -band 0x10000) -eq 0x10000
}

# Function to get desktop path
function Get-DesktopPath()
{
$methodDefinition = @"
    public static string GetDesktopPath
    {
        get
        {
            return Environment.GetFolderPath(Environment.SpecialFolder.DesktopDirectory);
        }
    }
"@

    $type = Add-Type -MemberDefinition $methodDefinition -Name "DesktopPath" -PassThru

    return $type::GetDesktopPath
}

# Function to get startup path
function Get-StartupPath()
{
$methodDefinition = @"
    public static string GetStartupPath
    {
        get
        {
            return Environment.GetFolderPath(Environment.SpecialFolder.Startup);
        }
    }
"@

    $type = Add-Type -MemberDefinition $methodDefinition -Name "StartupPath" -PassThru

    return $type::GetStartupPath
}

# Function to remove all files in the list
function Remove-FileList([string]$list = $(throw "No list is specified"))
{
    if([String]::IsNullOrEmpty($list))
    {
        return
    }

    try
    {
        Parse-List $list | Foreach-Object {
            if(-not([String]::IsNullOrEmpty($_)))
            {
                Remove-Item $_ -Force
            }
        }
    }
    catch
    {
        $_ | ConvertTo-Xml | Update-DiagReport -id DeleteFileExceptions -Name $localizationString.filesFailToRemove_name -Description $localizationString.filesFailToRemove_description -Verbosity Warning
    }
}

# Function to get the last access time of an Icon
function Get-LastAccessTime([string]$filePath = $(throw "No file path is specified"))
{
    if([String]::IsNullOrEmpty($filePath) -or -not(Test-Path $filePath))
    {
        throw "No file path found"
    }

$typeDefinition = @"

using System;
using System.Collections.Generic;
using System.Runtime.InteropServices;
using ComType = System.Runtime.InteropServices.ComTypes;

public sealed class FileInfo
{
    private FileInfo()
    {
    }

    [StructLayout(LayoutKind.Sequential, CharSet = CharSet.Unicode)]
    struct UAINFO
    {
        internal int cbSize;
        internal int dwMask;
        internal float R;
        internal uint cLaunches;
        internal uint cSwitches;
        internal int dwTime;
        internal ComType.FILETIME ftExecute;
        [MarshalAs(UnmanagedType.Bool)] internal bool fExcludeFromMFU;

        internal UAINFO(int dwMask)
        {
            this.cbSize = Marshal.SizeOf(typeof(UAINFO));
            this.dwMask = dwMask;
            this.R = 0;
            this.cLaunches = 0;
            this.cSwitches = 0;
            this.dwTime = 0;
            this.ftExecute = new ComType.FILETIME();
            this.fExcludeFromMFU = false;
        }
    }

    internal const int UAIM_FILETIME = 1;
    internal static Guid UAIID_SHORTCUTS = new Guid("F4E57C4B-2036-45F0-A9AB-443BCFE33D9F");

    [ComImport, Guid("90D75131-43A6-4664-9AF8-DCCEB85A7462"), InterfaceType(ComInterfaceType.InterfaceIsIUnknown)]
    interface IShellUserAssist
    {
        int FireEvent(ref Guid pguidGrp, int eCmd, string pszPath, int dwTimeElapsed);
        int QueryEntry(ref Guid pguidGrp, string pszPath, ref UAINFO pui);
        int SetEntry(ref Guid pguidGrp, string pszPath, ref UAINFO pui);
        int RenameEntry(ref Guid pguidGrp, string pszFrom, string pszTo);
        int DeleteEntry(ref Guid pguidGrp, string pszPath);
        int Enable(bool fEnable);
    }

    [ComImport, Guid("DD313E04-FEFF-11d1-8ECD-0000F87A470C")]
    internal class UserAssist { }

    public static DateTime GetLastAccessTime(string filePath)
    {
        if(String.IsNullOrEmpty(filePath))
        {
            throw new ArgumentException("The file path is null or empty");
        }

        UAINFO uaInfo = new UAINFO(UAIM_FILETIME);
        IShellUserAssist iShellUserAssist = new UserAssist() as IShellUserAssist;
        if (iShellUserAssist == null)
        {
            throw new InvalidOperationException("Can't get iShellUserAssist interface");
        }

        try
        {
            Marshal.ThrowExceptionForHR(iShellUserAssist.QueryEntry(ref UAIID_SHORTCUTS, filePath, ref uaInfo));
        }
        catch
        {
            throw new InvalidOperationException("Can't query info about" + filePath);
        }

        long fileTime = (((long)uaInfo.ftExecute.dwHighDateTime) &lt;&lt; 32) + uaInfo.ftExecute.dwLowDateTime;

        return DateTime.FromFileTime(fileTime);
    }
}
"@

    $type = Add-Type -TypeDefinition $typeDefinition -PassThru

    return $type[0]::GetLastAccessTime($filePath)
}

# Function to check whether the icon is pointing to a file
function Test-FileShortcut([Wmi]$wmiLinkFile = $(throw "No wmi link file is specified"))
{
    if($wmiLinkFile -eq $null)
    {
        return $false
    }

    [string]$target = $wmiLinkFile.Target
    if([String]::IsNullOrEmpty($target) -or -not(Test-Path $target))
    {
        return $false
    }

    return -not((Get-Item $target).PSIsContainer)
}

# Function to create a choice in interaction page
function Get-Choice([string]$name = $(throw "No choice name is specified"), [string]$description = $(throw "No choice description is specified"),
                   [string]$value = $(throw "No choice value is specified"), [xml]$extension)
{
    return @{"Name"=$name;"Description"=$description;"Value"=$value;"ExtensionPoint"=$extension.InnerXml}
}

# Function to check whether the current machine is domain joined
Function Test-DomainJoined()
{
    return (Get-WmiObject -query "select * from win32_ntdomain where Status ='OK'") -ne $null
}

# Function to update time source
Function Update-TimeSource([string]$timeSource = $(throw "No time source is specified"))
{
    w32tm.exe /config /update /manualpeerlist:"$timeSource"
}

# Function to get system drive info
function Get-SystemDriveInfo() {
    [string]$wql = "SELECT * FROM Win32_LogicalDisk WHERE MediaType=12 AND Name = '" + ${env:systemdrive} + "'"
    return Get-WmiObject -query $wql
}

# Function to get time service status
function Get-ServiceStatus([string]$serviceName=$(throw "No service name is specified")) {
   [bool]$startService = $true

   [WMI]$timeService = @(Get-WmiObject -Query "Select * From Win32_Service Where Name = `"$serviceName`"")[0]
   if($null -ne $timeService) {
      [ServiceProcess.ServiceControllerStatus]$timeServicesStatus = (Get-Service $serviceName).Status
      if(([ServiceProcess.ServiceControllerStatus]::Stopped -eq $timeServicesStatus) -or ([ServiceProcess.ServiceControllerStatus]::StopPending -eq $timeServicesStatus)) {
         $startService = $false
      }
   }

   return $startService
}

# Function to wait for expected service status
function WaitFor-ServiceStatus([string]$serviceName=$(throw "No service name is specified"), [ServiceProcess.ServiceControllerStatus]$serviceStatus=$(throw "No service status is specified")) {
    [ServiceProcess.ServiceController]$sc = New-Object "ServiceProcess.ServiceController" $serviceName
    [TimeSpan]$timeOut = New-Object TimeSpan(0,0,0,5,0)
    $sc.WaitForStatus($serviceStatus, $timeOut)
}</Data>
<Data Name="ScriptBlockId">12ffbb93-b12e-43d2-b1ab-9a908a87a54b</Data>
<Data Name="Path">C:\WINDOWS\TEMP\SDIAG_1ce381e2-2110-4de5-b469-608e12337a67\CL_Utility.ps1</Data>
</EventData>
</Event>

<Event xmlns="http://schemas.microsoft.com/win/2004/08/events/event"><System><Provider Name="Microsoft-Windows-PowerShell" Guid="{a0c1853b-5c40-4b15-8766-3cf1c58f985a}"></Provider>
<EventID Qualifiers="">4105</EventID>
<Version>1</Version>
<Level>5</Level>
<Task>102</Task>
<Opcode>15</Opcode>
<Keywords>0x0000000000000000</Keywords>
<TimeCreated SystemTime="2025-04-10 06:12:13.445408"></TimeCreated>
<EventRecordID>3124</EventRecordID>
<Correlation ActivityID="{d72fe4f3-a9dd-0002-7c74-30d7dda9db01}" RelatedActivityID=""></Correlation>
<Execution ProcessID="5616" ThreadID="2568"></Execution>
<Channel>Microsoft-Windows-PowerShell/Operational</Channel>
<Computer>DESKTOP-M3AKJSD</Computer>
<Security UserID="S-1-5-21-3999086100-426973801-4203759309-1002"></Security>
</System>
<EventData><Data Name="ScriptBlockId">12ffbb93-b12e-43d2-b1ab-9a908a87a54b</Data>
<Data Name="RunspaceId">ac635bc2-7fac-47a2-9734-707b73c7c7e8</Data>
</EventData>
</Event>

<Event xmlns="http://schemas.microsoft.com/win/2004/08/events/event"><System><Provider Name="Microsoft-Windows-PowerShell" Guid="{a0c1853b-5c40-4b15-8766-3cf1c58f985a}"></Provider>
<EventID Qualifiers="">4104</EventID>
<Version>1</Version>
<Level>5</Level>
<Task>2</Task>
<Opcode>15</Opcode>
<Keywords>0x0000000000000000</Keywords>
<TimeCreated SystemTime="2025-04-10 06:12:13.537024"></TimeCreated>
<EventRecordID>3125</EventRecordID>
<Correlation ActivityID="{d72fe4f3-a9dd-0000-369a-30d7dda9db01}" RelatedActivityID=""></Correlation>
<Execution ProcessID="5616" ThreadID="2568"></Execution>
<Channel>Microsoft-Windows-PowerShell/Operational</Channel>
<Computer>DESKTOP-M3AKJSD</Computer>
<Security UserID="S-1-5-21-3999086100-426973801-4203759309-1002"></Security>
</System>
<EventData><Data Name="MessageNumber">1</Data>
<Data Name="MessageTotal">1</Data>
<Data Name="ScriptBlockText"># Localized	04/01/2024 04:51 AM (GMT)	303:7.2.30118 	CL_LocalizationData.psd1
ConvertFrom-StringData @'
###PSLOC
filesFailToRemove_description=Exceptions caught while removing files.
checkBrokenDesktopShortcuts_progress=Checking for broken shortcuts...
checkBrokenStartupShortcuts_progress=Checking for broken startup links...
brokenDesktopShortcuts_name=Broken desktop shortcuts
brokenDesktopShortcuts_description=List of desktop shortcuts for which the target executable no longer exists.
brokenStartupShortcuts_name=Broken startup shortcuts
brokenStartupShortcuts_description=List of startup shortcuts for which the target executable no longer exists.
deleteBrokenDesktopShortcuts_progress=Deleting broken shortcuts...
deleteBrokenStartupShortcuts_progress=Deleting broken startup links...
checkSystemTime_progress=Checking clock time...
syncSystemTime_progress=Synchronizing clock time...
timeDelayAgainstTimeServer_name=Clock synchronization
checkUnusedDesktopIcons_progress=Checking for unused desktop icons...
unusedDesktopShortcuts_name=Unused desktop shortcuts
unusedDesktopShortcuts_description=List of shortcuts that have not been recently accessed for
unusedTimeUnit=months.
deleteUnusedDesktopShortcuts_progress=Deleting unused shortcuts...
timeServerName=Time server name
samplesCollected=Samples collected
serverTime=Server time
localTime=Local time
timeDifference=Time difference
shortcutName=Shortcut name
CheckWERQueue=Checking for unnecessary files...
DeleteUserWERQueue=Deleting Windows error reports...
DeleteSystemWERQueue=Deleting Windows error reports...
CheckTSHistory=Checking for unnecessary files...
DeleteUserTSHistory=Deleting troubleshooting history...
DeleteAdminTSHistory=Deleting troubleshooting history...
freeSpace=Free space
totalSpace=Total space
driveName=Drive name
systemDriveInfo_name=Disk information
systemDriveInfo_description=Details of the system drive.
UserReportInfo_name=User Report details
UserReportInfo_description=Details of the Windows error reporting user queue.
userReportPath=Folder name
userReportSpace=Disk space
MachineReportInfo_name=System report details
MachineReportInfo_description=Details of the Windows error reporting system queue.
MachineReportPath=Folder name
MachineReportSpace=Disk space
reclaimedUserReportSize=Reclaimed space
ReclaimedUserReportInfo_name=Deleted user reports
ReclaimedUserReportInfo_description=Details of the updated Windows error reporting user queue.
reclaimedMachineReportSize=Reclaimed space
ReclaimedMachineReportInfo_name=Deleted system reports
ReclaimedMachineReportInfo_description=Details of the updated Windows error reporting system queue.
userTSHistoryPath=Folder name
adminTSHistoryPath=Folder name
UserTSHistoryInfo_name=User troubleshooting history details
UserTSHistoryInfo_description=Details of the user troubleshooting history logs.
AdminTSHistoryInfo_name=Administrator troubleshooting history details
AdminTSHistoryInfo_description=Details of the administrator troubleshooting history logs.
ReclaimedUserTSHistroyInfo_name=Deleted user troubleshooting history
ReclaimedUserTSHistroyInfo_description=Details of the updated user troubleshooting history folder.
ReclaimedAdminTSHistroyInfo_name=Deleted administrator troubleshooting history
ReclaimedAdminTSHistroyInfo_description=Details of the updated administrator troubleshooting history folder.
userTSHistorySize=Disk space
adminTSHistorySize=Disk space
###PSLOC
'@
</Data>
<Data Name="ScriptBlockId">5b47fed3-ed7d-45e4-a0d9-fe28a51ee625</Data>
<Data Name="Path"></Data>
</EventData>
</Event>

<Event xmlns="http://schemas.microsoft.com/win/2004/08/events/event"><System><Provider Name="Microsoft-Windows-PowerShell" Guid="{a0c1853b-5c40-4b15-8766-3cf1c58f985a}"></Provider>
<EventID Qualifiers="">4105</EventID>
<Version>1</Version>
<Level>5</Level>
<Task>102</Task>
<Opcode>15</Opcode>
<Keywords>0x0000000000000000</Keywords>
<TimeCreated SystemTime="2025-04-10 06:12:13.537027"></TimeCreated>
<EventRecordID>3126</EventRecordID>
<Correlation ActivityID="{d72fe4f3-a9dd-0000-369a-30d7dda9db01}" RelatedActivityID=""></Correlation>
<Execution ProcessID="5616" ThreadID="2568"></Execution>
<Channel>Microsoft-Windows-PowerShell/Operational</Channel>
<Computer>DESKTOP-M3AKJSD</Computer>
<Security UserID="S-1-5-21-3999086100-426973801-4203759309-1002"></Security>
</System>
<EventData><Data Name="ScriptBlockId">5b47fed3-ed7d-45e4-a0d9-fe28a51ee625</Data>
<Data Name="RunspaceId">ac635bc2-7fac-47a2-9734-707b73c7c7e8</Data>
</EventData>
</Event>

<Event xmlns="http://schemas.microsoft.com/win/2004/08/events/event"><System><Provider Name="Microsoft-Windows-PowerShell" Guid="{a0c1853b-5c40-4b15-8766-3cf1c58f985a}"></Provider>
<EventID Qualifiers="">4106</EventID>
<Version>1</Version>
<Level>5</Level>
<Task>103</Task>
<Opcode>15</Opcode>
<Keywords>0x0000000000000000</Keywords>
<TimeCreated SystemTime="2025-04-10 06:12:13.557367"></TimeCreated>
<EventRecordID>3127</EventRecordID>
<Correlation ActivityID="{d72fe4f3-a9dd-0000-379a-30d7dda9db01}" RelatedActivityID=""></Correlation>
<Execution ProcessID="5616" ThreadID="2568"></Execution>
<Channel>Microsoft-Windows-PowerShell/Operational</Channel>
<Computer>DESKTOP-M3AKJSD</Computer>
<Security UserID="S-1-5-21-3999086100-426973801-4203759309-1002"></Security>
</System>
<EventData><Data Name="ScriptBlockId">5b47fed3-ed7d-45e4-a0d9-fe28a51ee625</Data>
<Data Name="RunspaceId">ac635bc2-7fac-47a2-9734-707b73c7c7e8</Data>
</EventData>
</Event>

