<Event xmlns="http://schemas.microsoft.com/win/2004/08/events/event"><System><Provider Name="Microsoft-Windows-PowerShell" Guid="{a0c1853b-5c40-4b15-8766-3cf1c58f985a}"></Provider>
<EventID Qualifiers="">4106</EventID>
<Version>1</Version>
<Level>5</Level>
<Task>103</Task>
<Opcode>15</Opcode>
<Keywords>0x0000000000000000</Keywords>
<TimeCreated SystemTime="2025-04-10 06:12:15.144373"></TimeCreated>
<EventRecordID>3243</EventRecordID>
<Correlation ActivityID="{d72fe4f3-a9dd-0000-ac9a-30d7dda9db01}" RelatedActivityID=""></Correlation>
<Execution ProcessID="5616" ThreadID="6388"></Execution>
<Channel>Microsoft-Windows-PowerShell/Operational</Channel>
<Computer>DESKTOP-M3AKJSD</Computer>
<Security UserID="S-1-5-21-3999086100-426973801-4203759309-1002"></Security>
</System>
<EventData><Data Name="ScriptBlockId">1d9aa8c8-b149-4b8c-808e-6748d87d22fe</Data>
<Data Name="RunspaceId">ac635bc2-7fac-47a2-9734-707b73c7c7e8</Data>
</EventData>
</Event>

<Event xmlns="http://schemas.microsoft.com/win/2004/08/events/event"><System><Provider Name="Microsoft-Windows-PowerShell" Guid="{a0c1853b-5c40-4b15-8766-3cf1c58f985a}"></Provider>
<EventID Qualifiers="">40961</EventID>
<Version>1</Version>
<Level>4</Level>
<Task>4</Task>
<Opcode>1</Opcode>
<Keywords>0x0000000000000000</Keywords>
<TimeCreated SystemTime="2025-04-10 06:14:17.332258"></TimeCreated>
<EventRecordID>3244</EventRecordID>
<Correlation ActivityID="{d72fe4f3-a9dd-0002-0ba7-30d7dda9db01}" RelatedActivityID=""></Correlation>
<Execution ProcessID="7324" ThreadID="1720"></Execution>
<Channel>Microsoft-Windows-PowerShell/Operational</Channel>
<Computer>DESKTOP-M3AKJSD</Computer>
<Security UserID="S-1-5-21-3999086100-426973801-4203759309-1002"></Security>
</System>
<EventData></EventData>
</Event>

<Event xmlns="http://schemas.microsoft.com/win/2004/08/events/event"><System><Provider Name="Microsoft-Windows-PowerShell" Guid="{a0c1853b-5c40-4b15-8766-3cf1c58f985a}"></Provider>
<EventID Qualifiers="">53504</EventID>
<Version>1</Version>
<Level>4</Level>
<Task>111</Task>
<Opcode>10</Opcode>
<Keywords>0x0000000000000000</Keywords>
<TimeCreated SystemTime="2025-04-10 06:14:17.799990"></TimeCreated>
<EventRecordID>3245</EventRecordID>
<Correlation ActivityID="{d72fe4f3-a9dd-0002-0ba7-30d7dda9db01}" RelatedActivityID=""></Correlation>
<Execution ProcessID="7324" ThreadID="268"></Execution>
<Channel>Microsoft-Windows-PowerShell/Operational</Channel>
<Computer>DESKTOP-M3AKJSD</Computer>
<Security UserID="S-1-5-21-3999086100-426973801-4203759309-1002"></Security>
</System>
<EventData><Data Name="param1">7324</Data>
<Data Name="param2">DefaultAppDomain</Data>
</EventData>
</Event>

<Event xmlns="http://schemas.microsoft.com/win/2004/08/events/event"><System><Provider Name="Microsoft-Windows-PowerShell" Guid="{a0c1853b-5c40-4b15-8766-3cf1c58f985a}"></Provider>
<EventID Qualifiers="">4105</EventID>
<Version>1</Version>
<Level>5</Level>
<Task>102</Task>
<Opcode>15</Opcode>
<Keywords>0x0000000000000000</Keywords>
<TimeCreated SystemTime="2025-04-10 06:14:18.986750"></TimeCreated>
<EventRecordID>3246</EventRecordID>
<Correlation ActivityID="{d72fe4f3-a9dd-0003-948b-30d7dda9db01}" RelatedActivityID=""></Correlation>
<Execution ProcessID="7324" ThreadID="3216"></Execution>
<Channel>Microsoft-Windows-PowerShell/Operational</Channel>
<Computer>DESKTOP-M3AKJSD</Computer>
<Security UserID="S-1-5-21-3999086100-426973801-4203759309-1002"></Security>
</System>
<EventData><Data Name="ScriptBlockId">16b07f95-737a-4a21-88d9-b3abb1b792cb</Data>
<Data Name="RunspaceId">fb7ebb6f-5eb4-4c3d-be4f-5b37e59ad954</Data>
</EventData>
</Event>

<Event xmlns="http://schemas.microsoft.com/win/2004/08/events/event"><System><Provider Name="Microsoft-Windows-PowerShell" Guid="{a0c1853b-5c40-4b15-8766-3cf1c58f985a}"></Provider>
<EventID Qualifiers="">4106</EventID>
<Version>1</Version>
<Level>5</Level>
<Task>103</Task>
<Opcode>15</Opcode>
<Keywords>0x0000000000000000</Keywords>
<TimeCreated SystemTime="2025-04-10 06:14:19.002687"></TimeCreated>
<EventRecordID>3247</EventRecordID>
<Correlation ActivityID="{d72fe4f3-a9dd-0003-948b-30d7dda9db01}" RelatedActivityID=""></Correlation>
<Execution ProcessID="7324" ThreadID="3216"></Execution>
<Channel>Microsoft-Windows-PowerShell/Operational</Channel>
<Computer>DESKTOP-M3AKJSD</Computer>
<Security UserID="S-1-5-21-3999086100-426973801-4203759309-1002"></Security>
</System>
<EventData><Data Name="ScriptBlockId">16b07f95-737a-4a21-88d9-b3abb1b792cb</Data>
<Data Name="RunspaceId">fb7ebb6f-5eb4-4c3d-be4f-5b37e59ad954</Data>
</EventData>
</Event>

<Event xmlns="http://schemas.microsoft.com/win/2004/08/events/event"><System><Provider Name="Microsoft-Windows-PowerShell" Guid="{a0c1853b-5c40-4b15-8766-3cf1c58f985a}"></Provider>
<EventID Qualifiers="">4105</EventID>
<Version>1</Version>
<Level>5</Level>
<Task>102</Task>
<Opcode>15</Opcode>
<Keywords>0x0000000000000000</Keywords>
<TimeCreated SystemTime="2025-04-10 06:14:19.396448"></TimeCreated>
<EventRecordID>3248</EventRecordID>
<Correlation ActivityID="{d72fe4f3-a9dd-0003-948b-30d7dda9db01}" RelatedActivityID=""></Correlation>
<Execution ProcessID="7324" ThreadID="3216"></Execution>
<Channel>Microsoft-Windows-PowerShell/Operational</Channel>
<Computer>DESKTOP-M3AKJSD</Computer>
<Security UserID="S-1-5-21-3999086100-426973801-4203759309-1002"></Security>
</System>
<EventData><Data Name="ScriptBlockId">a11716af-122d-4fb9-878b-fa8050659836</Data>
<Data Name="RunspaceId">fb7ebb6f-5eb4-4c3d-be4f-5b37e59ad954</Data>
</EventData>
</Event>

<Event xmlns="http://schemas.microsoft.com/win/2004/08/events/event"><System><Provider Name="Microsoft-Windows-PowerShell" Guid="{a0c1853b-5c40-4b15-8766-3cf1c58f985a}"></Provider>
<EventID Qualifiers="">4106</EventID>
<Version>1</Version>
<Level>5</Level>
<Task>103</Task>
<Opcode>15</Opcode>
<Keywords>0x0000000000000000</Keywords>
<TimeCreated SystemTime="2025-04-10 06:14:19.399750"></TimeCreated>
<EventRecordID>3249</EventRecordID>
<Correlation ActivityID="{d72fe4f3-a9dd-0003-948b-30d7dda9db01}" RelatedActivityID=""></Correlation>
<Execution ProcessID="7324" ThreadID="3216"></Execution>
<Channel>Microsoft-Windows-PowerShell/Operational</Channel>
<Computer>DESKTOP-M3AKJSD</Computer>
<Security UserID="S-1-5-21-3999086100-426973801-4203759309-1002"></Security>
</System>
<EventData><Data Name="ScriptBlockId">a11716af-122d-4fb9-878b-fa8050659836</Data>
<Data Name="RunspaceId">fb7ebb6f-5eb4-4c3d-be4f-5b37e59ad954</Data>
</EventData>
</Event>

<Event xmlns="http://schemas.microsoft.com/win/2004/08/events/event"><System><Provider Name="Microsoft-Windows-PowerShell" Guid="{a0c1853b-5c40-4b15-8766-3cf1c58f985a}"></Provider>
<EventID Qualifiers="">40962</EventID>
<Version>1</Version>
<Level>4</Level>
<Task>4</Task>
<Opcode>2</Opcode>
<Keywords>0x0000000000000000</Keywords>
<TimeCreated SystemTime="2025-04-10 06:14:19.503407"></TimeCreated>
<EventRecordID>3250</EventRecordID>
<Correlation ActivityID="{d72fe4f3-a9dd-0002-0ba7-30d7dda9db01}" RelatedActivityID=""></Correlation>
<Execution ProcessID="7324" ThreadID="1720"></Execution>
<Channel>Microsoft-Windows-PowerShell/Operational</Channel>
<Computer>DESKTOP-M3AKJSD</Computer>
<Security UserID="S-1-5-21-3999086100-426973801-4203759309-1002"></Security>
</System>
<EventData></EventData>
</Event>

<Event xmlns="http://schemas.microsoft.com/win/2004/08/events/event"><System><Provider Name="Microsoft-Windows-PowerShell" Guid="{a0c1853b-5c40-4b15-8766-3cf1c58f985a}"></Provider>
<EventID Qualifiers="">4104</EventID>
<Version>1</Version>
<Level>5</Level>
<Task>2</Task>
<Opcode>15</Opcode>
<Keywords>0x0000000000000000</Keywords>
<TimeCreated SystemTime="2025-04-10 06:14:19.567364"></TimeCreated>
<EventRecordID>3251</EventRecordID>
<Correlation ActivityID="{d72fe4f3-a9dd-0003-9b8b-30d7dda9db01}" RelatedActivityID=""></Correlation>
<Execution ProcessID="7324" ThreadID="3216"></Execution>
<Channel>Microsoft-Windows-PowerShell/Operational</Channel>
<Computer>DESKTOP-M3AKJSD</Computer>
<Security UserID="S-1-5-21-3999086100-426973801-4203759309-1002"></Security>
</System>
<EventData><Data Name="MessageNumber">1</Data>
<Data Name="MessageTotal">1</Data>
<Data Name="ScriptBlockText">prompt</Data>
<Data Name="ScriptBlockId">2b6f7d5e-5c42-46b6-8110-6db0e820136f</Data>
<Data Name="Path"></Data>
</EventData>
</Event>

<Event xmlns="http://schemas.microsoft.com/win/2004/08/events/event"><System><Provider Name="Microsoft-Windows-PowerShell" Guid="{a0c1853b-5c40-4b15-8766-3cf1c58f985a}"></Provider>
<EventID Qualifiers="">4105</EventID>
<Version>1</Version>
<Level>5</Level>
<Task>102</Task>
<Opcode>15</Opcode>
<Keywords>0x0000000000000000</Keywords>
<TimeCreated SystemTime="2025-04-10 06:14:19.567373"></TimeCreated>
<EventRecordID>3252</EventRecordID>
<Correlation ActivityID="{d72fe4f3-a9dd-0003-9b8b-30d7dda9db01}" RelatedActivityID=""></Correlation>
<Execution ProcessID="7324" ThreadID="3216"></Execution>
<Channel>Microsoft-Windows-PowerShell/Operational</Channel>
<Computer>DESKTOP-M3AKJSD</Computer>
<Security UserID="S-1-5-21-3999086100-426973801-4203759309-1002"></Security>
</System>
<EventData><Data Name="ScriptBlockId">2b6f7d5e-5c42-46b6-8110-6db0e820136f</Data>
<Data Name="RunspaceId">fb7ebb6f-5eb4-4c3d-be4f-5b37e59ad954</Data>
</EventData>
</Event>

<Event xmlns="http://schemas.microsoft.com/win/2004/08/events/event"><System><Provider Name="Microsoft-Windows-PowerShell" Guid="{a0c1853b-5c40-4b15-8766-3cf1c58f985a}"></Provider>
<EventID Qualifiers="">4105</EventID>
<Version>1</Version>
<Level>5</Level>
<Task>102</Task>
<Opcode>15</Opcode>
<Keywords>0x0000000000000000</Keywords>
<TimeCreated SystemTime="2025-04-10 06:14:19.670521"></TimeCreated>
<EventRecordID>3253</EventRecordID>
<Correlation ActivityID="{d72fe4f3-a9dd-0000-efc4-30d7dda9db01}" RelatedActivityID=""></Correlation>
<Execution ProcessID="7324" ThreadID="3216"></Execution>
<Channel>Microsoft-Windows-PowerShell/Operational</Channel>
<Computer>DESKTOP-M3AKJSD</Computer>
<Security UserID="S-1-5-21-3999086100-426973801-4203759309-1002"></Security>
</System>
<EventData><Data Name="ScriptBlockId">d58c54e9-39c4-4888-bf45-2ceb4a6b8db1</Data>
<Data Name="RunspaceId">fb7ebb6f-5eb4-4c3d-be4f-5b37e59ad954</Data>
</EventData>
</Event>

<Event xmlns="http://schemas.microsoft.com/win/2004/08/events/event"><System><Provider Name="Microsoft-Windows-PowerShell" Guid="{a0c1853b-5c40-4b15-8766-3cf1c58f985a}"></Provider>
<EventID Qualifiers="">4106</EventID>
<Version>1</Version>
<Level>5</Level>
<Task>103</Task>
<Opcode>15</Opcode>
<Keywords>0x0000000000000000</Keywords>
<TimeCreated SystemTime="2025-04-10 06:14:19.768545"></TimeCreated>
<EventRecordID>3254</EventRecordID>
<Correlation ActivityID="{d72fe4f3-a9dd-0000-efc4-30d7dda9db01}" RelatedActivityID=""></Correlation>
<Execution ProcessID="7324" ThreadID="3216"></Execution>
<Channel>Microsoft-Windows-PowerShell/Operational</Channel>
<Computer>DESKTOP-M3AKJSD</Computer>
<Security UserID="S-1-5-21-3999086100-426973801-4203759309-1002"></Security>
</System>
<EventData><Data Name="ScriptBlockId">d58c54e9-39c4-4888-bf45-2ceb4a6b8db1</Data>
<Data Name="RunspaceId">fb7ebb6f-5eb4-4c3d-be4f-5b37e59ad954</Data>
</EventData>
</Event>

<Event xmlns="http://schemas.microsoft.com/win/2004/08/events/event"><System><Provider Name="Microsoft-Windows-PowerShell" Guid="{a0c1853b-5c40-4b15-8766-3cf1c58f985a}"></Provider>
<EventID Qualifiers="">4106</EventID>
<Version>1</Version>
<Level>5</Level>
<Task>103</Task>
<Opcode>15</Opcode>
<Keywords>0x0000000000000000</Keywords>
<TimeCreated SystemTime="2025-04-10 06:14:19.768776"></TimeCreated>
<EventRecordID>3255</EventRecordID>
<Correlation ActivityID="{d72fe4f3-a9dd-0000-efc4-30d7dda9db01}" RelatedActivityID=""></Correlation>
<Execution ProcessID="7324" ThreadID="3216"></Execution>
<Channel>Microsoft-Windows-PowerShell/Operational</Channel>
<Computer>DESKTOP-M3AKJSD</Computer>
<Security UserID="S-1-5-21-3999086100-426973801-4203759309-1002"></Security>
</System>
<EventData><Data Name="ScriptBlockId">2b6f7d5e-5c42-46b6-8110-6db0e820136f</Data>
<Data Name="RunspaceId">fb7ebb6f-5eb4-4c3d-be4f-5b37e59ad954</Data>
</EventData>
</Event>

<Event xmlns="http://schemas.microsoft.com/win/2004/08/events/event"><System><Provider Name="Microsoft-Windows-PowerShell" Guid="{a0c1853b-5c40-4b15-8766-3cf1c58f985a}"></Provider>
<EventID Qualifiers="">4105</EventID>
<Version>1</Version>
<Level>5</Level>
<Task>102</Task>
<Opcode>15</Opcode>
<Keywords>0x0000000000000000</Keywords>
<TimeCreated SystemTime="2025-04-10 06:14:19.801647"></TimeCreated>
<EventRecordID>3256</EventRecordID>
<Correlation ActivityID="{d72fe4f3-a9dd-0001-ddc7-30d7dda9db01}" RelatedActivityID=""></Correlation>
<Execution ProcessID="7324" ThreadID="3216"></Execution>
<Channel>Microsoft-Windows-PowerShell/Operational</Channel>
<Computer>DESKTOP-M3AKJSD</Computer>
<Security UserID="S-1-5-21-3999086100-426973801-4203759309-1002"></Security>
</System>
<EventData><Data Name="ScriptBlockId">a6d3e699-57af-4468-ba86-6ed81f70bd7a</Data>
<Data Name="RunspaceId">fb7ebb6f-5eb4-4c3d-be4f-5b37e59ad954</Data>
</EventData>
</Event>

<Event xmlns="http://schemas.microsoft.com/win/2004/08/events/event"><System><Provider Name="Microsoft-Windows-PowerShell" Guid="{a0c1853b-5c40-4b15-8766-3cf1c58f985a}"></Provider>
<EventID Qualifiers="">4103</EventID>
<Version>1</Version>
<Level>4</Level>
<Task>106</Task>
<Opcode>20</Opcode>
<Keywords>0x0000000000000000</Keywords>
<TimeCreated SystemTime="2025-04-10 06:14:19.811749"></TimeCreated>
<EventRecordID>3257</EventRecordID>
<Correlation ActivityID="{d72fe4f3-a9dd-0001-dec7-30d7dda9db01}" RelatedActivityID=""></Correlation>
<Execution ProcessID="7324" ThreadID="3216"></Execution>
<Channel>Microsoft-Windows-PowerShell/Operational</Channel>
<Computer>DESKTOP-M3AKJSD</Computer>
<Security UserID="S-1-5-21-3999086100-426973801-4203759309-1002"></Security>
</System>
<EventData><Data Name="ContextInfo">        Severity = Informational
        Host Name = ConsoleHost
        Host Version = 5.1.26100.3624
        Host ID = e48dc4c7-a738-457b-a737-5fc27651b8d9
        Host Application = C:\Windows\SysWOW64\WindowsPowerShell\v1.0\powershell.exe
        Engine Version = 5.1.26100.3624
        Runspace ID = fb7ebb6f-5eb4-4c3d-be4f-5b37e59ad954
        Pipeline ID = 3
        Command Name = Set-StrictMode
        Command Type = Cmdlet
        Script Name = C:\Program Files\WindowsPowerShell\Modules\PSReadLine\2.0.0\PSReadLine.psm1
        Command Path = 
        Sequence Number = 16
        User = DESKTOP-M3AKJSD\User
        Connected User = 
        Shell ID = Microsoft.PowerShell
</Data>
<Data Name="UserData"></Data>
<Data Name="Payload">CommandInvocation(Set-StrictMode): "Set-StrictMode"
ParameterBinding(Set-StrictMode): name="Off"; value="True"
</Data>
</EventData>
</Event>

<Event xmlns="http://schemas.microsoft.com/win/2004/08/events/event"><System><Provider Name="Microsoft-Windows-PowerShell" Guid="{a0c1853b-5c40-4b15-8766-3cf1c58f985a}"></Provider>
<EventID Qualifiers="">4104</EventID>
<Version>1</Version>
<Level>5</Level>
<Task>2</Task>
<Opcode>15</Opcode>
<Keywords>0x0000000000000000</Keywords>
<TimeCreated SystemTime="2025-04-10 06:14:19.883638"></TimeCreated>
<EventRecordID>3258</EventRecordID>
<Correlation ActivityID="{d72fe4f3-a9dd-0003-9c8b-30d7dda9db01}" RelatedActivityID=""></Correlation>
<Execution ProcessID="7324" ThreadID="3216"></Execution>
<Channel>Microsoft-Windows-PowerShell/Operational</Channel>
<Computer>DESKTOP-M3AKJSD</Computer>
<Security UserID="S-1-5-21-3999086100-426973801-4203759309-1002"></Security>
</System>
<EventData><Data Name="MessageNumber">1</Data>
<Data Name="MessageTotal">1</Data>
<Data Name="ScriptBlockText">$Host</Data>
<Data Name="ScriptBlockId">6a178c8b-6931-4189-878d-7eddc0f4a3ae</Data>
<Data Name="Path"></Data>
</EventData>
</Event>

<Event xmlns="http://schemas.microsoft.com/win/2004/08/events/event"><System><Provider Name="Microsoft-Windows-PowerShell" Guid="{a0c1853b-5c40-4b15-8766-3cf1c58f985a}"></Provider>
<EventID Qualifiers="">4105</EventID>
<Version>1</Version>
<Level>5</Level>
<Task>102</Task>
<Opcode>15</Opcode>
<Keywords>0x0000000000000000</Keywords>
<TimeCreated SystemTime="2025-04-10 06:14:19.883648"></TimeCreated>
<EventRecordID>3259</EventRecordID>
<Correlation ActivityID="{d72fe4f3-a9dd-0003-9c8b-30d7dda9db01}" RelatedActivityID=""></Correlation>
<Execution ProcessID="7324" ThreadID="3216"></Execution>
<Channel>Microsoft-Windows-PowerShell/Operational</Channel>
<Computer>DESKTOP-M3AKJSD</Computer>
<Security UserID="S-1-5-21-3999086100-426973801-4203759309-1002"></Security>
</System>
<EventData><Data Name="ScriptBlockId">6a178c8b-6931-4189-878d-7eddc0f4a3ae</Data>
<Data Name="RunspaceId">fb7ebb6f-5eb4-4c3d-be4f-5b37e59ad954</Data>
</EventData>
</Event>

<Event xmlns="http://schemas.microsoft.com/win/2004/08/events/event"><System><Provider Name="Microsoft-Windows-PowerShell" Guid="{a0c1853b-5c40-4b15-8766-3cf1c58f985a}"></Provider>
<EventID Qualifiers="">4106</EventID>
<Version>1</Version>
<Level>5</Level>
<Task>103</Task>
<Opcode>15</Opcode>
<Keywords>0x0000000000000000</Keywords>
<TimeCreated SystemTime="2025-04-10 06:14:19.887520"></TimeCreated>
<EventRecordID>3260</EventRecordID>
<Correlation ActivityID="{d72fe4f3-a9dd-0003-9c8b-30d7dda9db01}" RelatedActivityID=""></Correlation>
<Execution ProcessID="7324" ThreadID="3216"></Execution>
<Channel>Microsoft-Windows-PowerShell/Operational</Channel>
<Computer>DESKTOP-M3AKJSD</Computer>
<Security UserID="S-1-5-21-3999086100-426973801-4203759309-1002"></Security>
</System>
<EventData><Data Name="ScriptBlockId">6a178c8b-6931-4189-878d-7eddc0f4a3ae</Data>
<Data Name="RunspaceId">fb7ebb6f-5eb4-4c3d-be4f-5b37e59ad954</Data>
</EventData>
</Event>

<Event xmlns="http://schemas.microsoft.com/win/2004/08/events/event"><System><Provider Name="Microsoft-Windows-PowerShell" Guid="{a0c1853b-5c40-4b15-8766-3cf1c58f985a}"></Provider>
<EventID Qualifiers="">4105</EventID>
<Version>1</Version>
<Level>5</Level>
<Task>102</Task>
<Opcode>15</Opcode>
<Keywords>0x0000000000000000</Keywords>
<TimeCreated SystemTime="2025-04-10 06:14:19.914183"></TimeCreated>
<EventRecordID>3261</EventRecordID>
<Correlation ActivityID="{d72fe4f3-a9dd-0003-9c8b-30d7dda9db01}" RelatedActivityID=""></Correlation>
<Execution ProcessID="7324" ThreadID="3216"></Execution>
<Channel>Microsoft-Windows-PowerShell/Operational</Channel>
<Computer>DESKTOP-M3AKJSD</Computer>
<Security UserID="S-1-5-21-3999086100-426973801-4203759309-1002"></Security>
</System>
<EventData><Data Name="ScriptBlockId">d58c54e9-39c4-4888-bf45-2ceb4a6b8db1</Data>
<Data Name="RunspaceId">fb7ebb6f-5eb4-4c3d-be4f-5b37e59ad954</Data>
</EventData>
</Event>

<Event xmlns="http://schemas.microsoft.com/win/2004/08/events/event"><System><Provider Name="Microsoft-Windows-PowerShell" Guid="{a0c1853b-5c40-4b15-8766-3cf1c58f985a}"></Provider>
<EventID Qualifiers="">4106</EventID>
<Version>1</Version>
<Level>5</Level>
<Task>103</Task>
<Opcode>15</Opcode>
<Keywords>0x0000000000000000</Keywords>
<TimeCreated SystemTime="2025-04-10 06:14:19.914293"></TimeCreated>
<EventRecordID>3262</EventRecordID>
<Correlation ActivityID="{d72fe4f3-a9dd-0003-9c8b-30d7dda9db01}" RelatedActivityID=""></Correlation>
<Execution ProcessID="7324" ThreadID="3216"></Execution>
<Channel>Microsoft-Windows-PowerShell/Operational</Channel>
<Computer>DESKTOP-M3AKJSD</Computer>
<Security UserID="S-1-5-21-3999086100-426973801-4203759309-1002"></Security>
</System>
<EventData><Data Name="ScriptBlockId">d58c54e9-39c4-4888-bf45-2ceb4a6b8db1</Data>
<Data Name="RunspaceId">fb7ebb6f-5eb4-4c3d-be4f-5b37e59ad954</Data>
</EventData>
</Event>

<Event xmlns="http://schemas.microsoft.com/win/2004/08/events/event"><System><Provider Name="Microsoft-Windows-PowerShell" Guid="{a0c1853b-5c40-4b15-8766-3cf1c58f985a}"></Provider>
<EventID Qualifiers="">4106</EventID>
<Version>1</Version>
<Level>5</Level>
<Task>103</Task>
<Opcode>15</Opcode>
<Keywords>0x0000000000000000</Keywords>
<TimeCreated SystemTime="2025-04-10 06:14:22.171270"></TimeCreated>
<EventRecordID>3263</EventRecordID>
<Correlation ActivityID="{d72fe4f3-a9dd-0003-9c8b-30d7dda9db01}" RelatedActivityID=""></Correlation>
<Execution ProcessID="7324" ThreadID="3216"></Execution>
<Channel>Microsoft-Windows-PowerShell/Operational</Channel>
<Computer>DESKTOP-M3AKJSD</Computer>
<Security UserID="S-1-5-21-3999086100-426973801-4203759309-1002"></Security>
</System>
<EventData><Data Name="ScriptBlockId">a6d3e699-57af-4468-ba86-6ed81f70bd7a</Data>
<Data Name="RunspaceId">fb7ebb6f-5eb4-4c3d-be4f-5b37e59ad954</Data>
</EventData>
</Event>

<Event xmlns="http://schemas.microsoft.com/win/2004/08/events/event"><System><Provider Name="Microsoft-Windows-PowerShell" Guid="{a0c1853b-5c40-4b15-8766-3cf1c58f985a}"></Provider>
<EventID Qualifiers="">4103</EventID>
<Version>1</Version>
<Level>4</Level>
<Task>106</Task>
<Opcode>20</Opcode>
<Keywords>0x0000000000000000</Keywords>
<TimeCreated SystemTime="2025-04-10 06:14:22.171745"></TimeCreated>
<EventRecordID>3264</EventRecordID>
<Correlation ActivityID="{d72fe4f3-a9dd-0001-ddc7-30d7dda9db01}" RelatedActivityID=""></Correlation>
<Execution ProcessID="7324" ThreadID="3216"></Execution>
<Channel>Microsoft-Windows-PowerShell/Operational</Channel>
<Computer>DESKTOP-M3AKJSD</Computer>
<Security UserID="S-1-5-21-3999086100-426973801-4203759309-1002"></Security>
</System>
<EventData><Data Name="ContextInfo">        Severity = Informational
        Host Name = ConsoleHost
        Host Version = 5.1.26100.3624
        Host ID = e48dc4c7-a738-457b-a737-5fc27651b8d9
        Host Application = C:\Windows\SysWOW64\WindowsPowerShell\v1.0\powershell.exe
        Engine Version = 5.1.26100.3624
        Runspace ID = fb7ebb6f-5eb4-4c3d-be4f-5b37e59ad954
        Pipeline ID = 3
        Command Name = PSConsoleHostReadLine
        Command Type = Function
        Script Name = 
        Command Path = 
        Sequence Number = 18
        User = DESKTOP-M3AKJSD\User
        Connected User = 
        Shell ID = Microsoft.PowerShell
</Data>
<Data Name="UserData"></Data>
<Data Name="Payload">CommandInvocation(PSConsoleHostReadLine): "PSConsoleHostReadLine"
</Data>
</EventData>
</Event>

<Event xmlns="http://schemas.microsoft.com/win/2004/08/events/event"><System><Provider Name="Microsoft-Windows-PowerShell" Guid="{a0c1853b-5c40-4b15-8766-3cf1c58f985a}"></Provider>
<EventID Qualifiers="">4104</EventID>
<Version>1</Version>
<Level>5</Level>
<Task>2</Task>
<Opcode>15</Opcode>
<Keywords>0x0000000000000000</Keywords>
<TimeCreated SystemTime="2025-04-10 06:14:22.186295"></TimeCreated>
<EventRecordID>3265</EventRecordID>
<Correlation ActivityID="{d72fe4f3-a9dd-0001-53c8-30d7dda9db01}" RelatedActivityID=""></Correlation>
<Execution ProcessID="7324" ThreadID="3216"></Execution>
<Channel>Microsoft-Windows-PowerShell/Operational</Channel>
<Computer>DESKTOP-M3AKJSD</Computer>
<Security UserID="S-1-5-21-3999086100-426973801-4203759309-1002"></Security>
</System>
<EventData><Data Name="MessageNumber">1</Data>
<Data Name="MessageTotal">1</Data>
<Data Name="ScriptBlockText">reg add</Data>
<Data Name="ScriptBlockId">b8083b7f-e5bd-4f44-80d4-c1d7fdf577a2</Data>
<Data Name="Path"></Data>
</EventData>
</Event>

<Event xmlns="http://schemas.microsoft.com/win/2004/08/events/event"><System><Provider Name="Microsoft-Windows-PowerShell" Guid="{a0c1853b-5c40-4b15-8766-3cf1c58f985a}"></Provider>
<EventID Qualifiers="">4105</EventID>
<Version>1</Version>
<Level>5</Level>
<Task>102</Task>
<Opcode>15</Opcode>
<Keywords>0x0000000000000000</Keywords>
<TimeCreated SystemTime="2025-04-10 06:14:22.186298"></TimeCreated>
<EventRecordID>3266</EventRecordID>
<Correlation ActivityID="{d72fe4f3-a9dd-0001-53c8-30d7dda9db01}" RelatedActivityID=""></Correlation>
<Execution ProcessID="7324" ThreadID="3216"></Execution>
<Channel>Microsoft-Windows-PowerShell/Operational</Channel>
<Computer>DESKTOP-M3AKJSD</Computer>
<Security UserID="S-1-5-21-3999086100-426973801-4203759309-1002"></Security>
</System>
<EventData><Data Name="ScriptBlockId">b8083b7f-e5bd-4f44-80d4-c1d7fdf577a2</Data>
<Data Name="RunspaceId">fb7ebb6f-5eb4-4c3d-be4f-5b37e59ad954</Data>
</EventData>
</Event>

<Event xmlns="http://schemas.microsoft.com/win/2004/08/events/event"><System><Provider Name="Microsoft-Windows-PowerShell" Guid="{a0c1853b-5c40-4b15-8766-3cf1c58f985a}"></Provider>
<EventID Qualifiers="">4106</EventID>
<Version>1</Version>
<Level>5</Level>
<Task>103</Task>
<Opcode>15</Opcode>
<Keywords>0x0000000000000000</Keywords>
<TimeCreated SystemTime="2025-04-10 06:14:22.260170"></TimeCreated>
<EventRecordID>3267</EventRecordID>
<Correlation ActivityID="{d72fe4f3-a9dd-0000-0fc5-30d7dda9db01}" RelatedActivityID=""></Correlation>
<Execution ProcessID="7324" ThreadID="3216"></Execution>
<Channel>Microsoft-Windows-PowerShell/Operational</Channel>
<Computer>DESKTOP-M3AKJSD</Computer>
<Security UserID="S-1-5-21-3999086100-426973801-4203759309-1002"></Security>
</System>
<EventData><Data Name="ScriptBlockId">b8083b7f-e5bd-4f44-80d4-c1d7fdf577a2</Data>
<Data Name="RunspaceId">fb7ebb6f-5eb4-4c3d-be4f-5b37e59ad954</Data>
</EventData>
</Event>

<Event xmlns="http://schemas.microsoft.com/win/2004/08/events/event"><System><Provider Name="Microsoft-Windows-PowerShell" Guid="{a0c1853b-5c40-4b15-8766-3cf1c58f985a}"></Provider>
<EventID Qualifiers="">4103</EventID>
<Version>1</Version>
<Level>4</Level>
<Task>106</Task>
<Opcode>20</Opcode>
<Keywords>0x0000000000000000</Keywords>
<TimeCreated SystemTime="2025-04-10 06:14:22.262804"></TimeCreated>
<EventRecordID>3268</EventRecordID>
<Correlation ActivityID="{d72fe4f3-a9dd-0001-53c8-30d7dda9db01}" RelatedActivityID=""></Correlation>
<Execution ProcessID="7324" ThreadID="3216"></Execution>
<Channel>Microsoft-Windows-PowerShell/Operational</Channel>
<Computer>DESKTOP-M3AKJSD</Computer>
<Security UserID="S-1-5-21-3999086100-426973801-4203759309-1002"></Security>
</System>
<EventData><Data Name="ContextInfo">        Severity = Informational
        Host Name = ConsoleHost
        Host Version = 5.1.26100.3624
        Host ID = e48dc4c7-a738-457b-a737-5fc27651b8d9
        Host Application = C:\Windows\SysWOW64\WindowsPowerShell\v1.0\powershell.exe
        Engine Version = 5.1.26100.3624
        Runspace ID = fb7ebb6f-5eb4-4c3d-be4f-5b37e59ad954
        Pipeline ID = 5
        Command Name = 
        Command Type = Script
        Script Name = 
        Command Path = 
        Sequence Number = 20
        User = DESKTOP-M3AKJSD\User
        Connected User = 
        Shell ID = Microsoft.PowerShell
</Data>
<Data Name="UserData"></Data>
<Data Name="Payload">CommandInvocation(Out-Default): "Out-Default"
</Data>
</EventData>
</Event>

<Event xmlns="http://schemas.microsoft.com/win/2004/08/events/event"><System><Provider Name="Microsoft-Windows-PowerShell" Guid="{a0c1853b-5c40-4b15-8766-3cf1c58f985a}"></Provider>
<EventID Qualifiers="">4105</EventID>
<Version>1</Version>
<Level>5</Level>
<Task>102</Task>
<Opcode>15</Opcode>
<Keywords>0x0000000000000000</Keywords>
<TimeCreated SystemTime="2025-04-10 06:14:22.312475"></TimeCreated>
<EventRecordID>3269</EventRecordID>
<Correlation ActivityID="{d72fe4f3-a9dd-0002-0ba7-30d7dda9db01}" RelatedActivityID=""></Correlation>
<Execution ProcessID="7324" ThreadID="1720"></Execution>
<Channel>Microsoft-Windows-PowerShell/Operational</Channel>
<Computer>DESKTOP-M3AKJSD</Computer>
<Security UserID="S-1-5-21-3999086100-426973801-4203759309-1002"></Security>
</System>
<EventData><Data Name="ScriptBlockId">bd983917-7871-423a-ba1e-e57ad1b25899</Data>
<Data Name="RunspaceId">fb7ebb6f-5eb4-4c3d-be4f-5b37e59ad954</Data>
</EventData>
</Event>

<Event xmlns="http://schemas.microsoft.com/win/2004/08/events/event"><System><Provider Name="Microsoft-Windows-PowerShell" Guid="{a0c1853b-5c40-4b15-8766-3cf1c58f985a}"></Provider>
<EventID Qualifiers="">4106</EventID>
<Version>1</Version>
<Level>5</Level>
<Task>103</Task>
<Opcode>15</Opcode>
<Keywords>0x0000000000000000</Keywords>
<TimeCreated SystemTime="2025-04-10 06:14:22.315853"></TimeCreated>
<EventRecordID>3270</EventRecordID>
<Correlation ActivityID="{d72fe4f3-a9dd-0002-0ba7-30d7dda9db01}" RelatedActivityID=""></Correlation>
<Execution ProcessID="7324" ThreadID="1720"></Execution>
<Channel>Microsoft-Windows-PowerShell/Operational</Channel>
<Computer>DESKTOP-M3AKJSD</Computer>
<Security UserID="S-1-5-21-3999086100-426973801-4203759309-1002"></Security>
</System>
<EventData><Data Name="ScriptBlockId">bd983917-7871-423a-ba1e-e57ad1b25899</Data>
<Data Name="RunspaceId">fb7ebb6f-5eb4-4c3d-be4f-5b37e59ad954</Data>
</EventData>
</Event>

<Event xmlns="http://schemas.microsoft.com/win/2004/08/events/event"><System><Provider Name="Microsoft-Windows-PowerShell" Guid="{a0c1853b-5c40-4b15-8766-3cf1c58f985a}"></Provider>
<EventID Qualifiers="">4104</EventID>
<Version>1</Version>
<Level>5</Level>
<Task>2</Task>
<Opcode>15</Opcode>
<Keywords>0x0000000000000000</Keywords>
<TimeCreated SystemTime="2025-04-10 06:14:22.317467"></TimeCreated>
<EventRecordID>3271</EventRecordID>
<Correlation ActivityID="{d72fe4f3-a9dd-0000-10c5-30d7dda9db01}" RelatedActivityID=""></Correlation>
<Execution ProcessID="7324" ThreadID="3216"></Execution>
<Channel>Microsoft-Windows-PowerShell/Operational</Channel>
<Computer>DESKTOP-M3AKJSD</Computer>
<Security UserID="S-1-5-21-3999086100-426973801-4203759309-1002"></Security>
</System>
<EventData><Data Name="MessageNumber">1</Data>
<Data Name="MessageTotal">1</Data>
<Data Name="ScriptBlockText">prompt</Data>
<Data Name="ScriptBlockId">f2c269e2-e947-4669-87b5-c7123e50222a</Data>
<Data Name="Path"></Data>
</EventData>
</Event>

<Event xmlns="http://schemas.microsoft.com/win/2004/08/events/event"><System><Provider Name="Microsoft-Windows-PowerShell" Guid="{a0c1853b-5c40-4b15-8766-3cf1c58f985a}"></Provider>
<EventID Qualifiers="">4105</EventID>
<Version>1</Version>
<Level>5</Level>
<Task>102</Task>
<Opcode>15</Opcode>
<Keywords>0x0000000000000000</Keywords>
<TimeCreated SystemTime="2025-04-10 06:14:22.317471"></TimeCreated>
<EventRecordID>3272</EventRecordID>
<Correlation ActivityID="{d72fe4f3-a9dd-0000-10c5-30d7dda9db01}" RelatedActivityID=""></Correlation>
<Execution ProcessID="7324" ThreadID="3216"></Execution>
<Channel>Microsoft-Windows-PowerShell/Operational</Channel>
<Computer>DESKTOP-M3AKJSD</Computer>
<Security UserID="S-1-5-21-3999086100-426973801-4203759309-1002"></Security>
</System>
<EventData><Data Name="ScriptBlockId">f2c269e2-e947-4669-87b5-c7123e50222a</Data>
<Data Name="RunspaceId">fb7ebb6f-5eb4-4c3d-be4f-5b37e59ad954</Data>
</EventData>
</Event>

<Event xmlns="http://schemas.microsoft.com/win/2004/08/events/event"><System><Provider Name="Microsoft-Windows-PowerShell" Guid="{a0c1853b-5c40-4b15-8766-3cf1c58f985a}"></Provider>
<EventID Qualifiers="">4105</EventID>
<Version>1</Version>
<Level>5</Level>
<Task>102</Task>
<Opcode>15</Opcode>
<Keywords>0x0000000000000000</Keywords>
<TimeCreated SystemTime="2025-04-10 06:14:22.317537"></TimeCreated>
<EventRecordID>3273</EventRecordID>
<Correlation ActivityID="{d72fe4f3-a9dd-0000-11c5-30d7dda9db01}" RelatedActivityID=""></Correlation>
<Execution ProcessID="7324" ThreadID="3216"></Execution>
<Channel>Microsoft-Windows-PowerShell/Operational</Channel>
<Computer>DESKTOP-M3AKJSD</Computer>
<Security UserID="S-1-5-21-3999086100-426973801-4203759309-1002"></Security>
</System>
<EventData><Data Name="ScriptBlockId">d58c54e9-39c4-4888-bf45-2ceb4a6b8db1</Data>
<Data Name="RunspaceId">fb7ebb6f-5eb4-4c3d-be4f-5b37e59ad954</Data>
</EventData>
</Event>

<Event xmlns="http://schemas.microsoft.com/win/2004/08/events/event"><System><Provider Name="Microsoft-Windows-PowerShell" Guid="{a0c1853b-5c40-4b15-8766-3cf1c58f985a}"></Provider>
<EventID Qualifiers="">4106</EventID>
<Version>1</Version>
<Level>5</Level>
<Task>103</Task>
<Opcode>15</Opcode>
<Keywords>0x0000000000000000</Keywords>
<TimeCreated SystemTime="2025-04-10 06:14:22.317619"></TimeCreated>
<EventRecordID>3274</EventRecordID>
<Correlation ActivityID="{d72fe4f3-a9dd-0000-11c5-30d7dda9db01}" RelatedActivityID=""></Correlation>
<Execution ProcessID="7324" ThreadID="3216"></Execution>
<Channel>Microsoft-Windows-PowerShell/Operational</Channel>
<Computer>DESKTOP-M3AKJSD</Computer>
<Security UserID="S-1-5-21-3999086100-426973801-4203759309-1002"></Security>
</System>
<EventData><Data Name="ScriptBlockId">d58c54e9-39c4-4888-bf45-2ceb4a6b8db1</Data>
<Data Name="RunspaceId">fb7ebb6f-5eb4-4c3d-be4f-5b37e59ad954</Data>
</EventData>
</Event>

<Event xmlns="http://schemas.microsoft.com/win/2004/08/events/event"><System><Provider Name="Microsoft-Windows-PowerShell" Guid="{a0c1853b-5c40-4b15-8766-3cf1c58f985a}"></Provider>
<EventID Qualifiers="">4106</EventID>
<Version>1</Version>
<Level>5</Level>
<Task>103</Task>
<Opcode>15</Opcode>
<Keywords>0x0000000000000000</Keywords>
<TimeCreated SystemTime="2025-04-10 06:14:22.317629"></TimeCreated>
<EventRecordID>3275</EventRecordID>
<Correlation ActivityID="{d72fe4f3-a9dd-0000-11c5-30d7dda9db01}" RelatedActivityID=""></Correlation>
<Execution ProcessID="7324" ThreadID="3216"></Execution>
<Channel>Microsoft-Windows-PowerShell/Operational</Channel>
<Computer>DESKTOP-M3AKJSD</Computer>
<Security UserID="S-1-5-21-3999086100-426973801-4203759309-1002"></Security>
</System>
<EventData><Data Name="ScriptBlockId">f2c269e2-e947-4669-87b5-c7123e50222a</Data>
<Data Name="RunspaceId">fb7ebb6f-5eb4-4c3d-be4f-5b37e59ad954</Data>
</EventData>
</Event>

<Event xmlns="http://schemas.microsoft.com/win/2004/08/events/event"><System><Provider Name="Microsoft-Windows-PowerShell" Guid="{a0c1853b-5c40-4b15-8766-3cf1c58f985a}"></Provider>
<EventID Qualifiers="">4105</EventID>
<Version>1</Version>
<Level>5</Level>
<Task>102</Task>
<Opcode>15</Opcode>
<Keywords>0x0000000000000000</Keywords>
<TimeCreated SystemTime="2025-04-10 06:14:22.318277"></TimeCreated>
<EventRecordID>3276</EventRecordID>
<Correlation ActivityID="{d72fe4f3-a9dd-0000-12c5-30d7dda9db01}" RelatedActivityID=""></Correlation>
<Execution ProcessID="7324" ThreadID="3216"></Execution>
<Channel>Microsoft-Windows-PowerShell/Operational</Channel>
<Computer>DESKTOP-M3AKJSD</Computer>
<Security UserID="S-1-5-21-3999086100-426973801-4203759309-1002"></Security>
</System>
<EventData><Data Name="ScriptBlockId">a6d3e699-57af-4468-ba86-6ed81f70bd7a</Data>
<Data Name="RunspaceId">fb7ebb6f-5eb4-4c3d-be4f-5b37e59ad954</Data>
</EventData>
</Event>

<Event xmlns="http://schemas.microsoft.com/win/2004/08/events/event"><System><Provider Name="Microsoft-Windows-PowerShell" Guid="{a0c1853b-5c40-4b15-8766-3cf1c58f985a}"></Provider>
<EventID Qualifiers="">4103</EventID>
<Version>1</Version>
<Level>4</Level>
<Task>106</Task>
<Opcode>20</Opcode>
<Keywords>0x0000000000000000</Keywords>
<TimeCreated SystemTime="2025-04-10 06:14:22.318644"></TimeCreated>
<EventRecordID>3277</EventRecordID>
<Correlation ActivityID="{d72fe4f3-a9dd-0000-13c5-30d7dda9db01}" RelatedActivityID=""></Correlation>
<Execution ProcessID="7324" ThreadID="3216"></Execution>
<Channel>Microsoft-Windows-PowerShell/Operational</Channel>
<Computer>DESKTOP-M3AKJSD</Computer>
<Security UserID="S-1-5-21-3999086100-426973801-4203759309-1002"></Security>
</System>
<EventData><Data Name="ContextInfo">        Severity = Informational
        Host Name = ConsoleHost
        Host Version = 5.1.26100.3624
        Host ID = e48dc4c7-a738-457b-a737-5fc27651b8d9
        Host Application = C:\Windows\SysWOW64\WindowsPowerShell\v1.0\powershell.exe
        Engine Version = 5.1.26100.3624
        Runspace ID = fb7ebb6f-5eb4-4c3d-be4f-5b37e59ad954
        Pipeline ID = 7
        Command Name = Set-StrictMode
        Command Type = Cmdlet
        Script Name = C:\Program Files\WindowsPowerShell\Modules\PSReadLine\2.0.0\PSReadLine.psm1
        Command Path = 
        Sequence Number = 22
        User = DESKTOP-M3AKJSD\User
        Connected User = 
        Shell ID = Microsoft.PowerShell
</Data>
<Data Name="UserData"></Data>
<Data Name="Payload">CommandInvocation(Set-StrictMode): "Set-StrictMode"
ParameterBinding(Set-StrictMode): name="Off"; value="True"
</Data>
</EventData>
</Event>

<Event xmlns="http://schemas.microsoft.com/win/2004/08/events/event"><System><Provider Name="Microsoft-Windows-PowerShell" Guid="{a0c1853b-5c40-4b15-8766-3cf1c58f985a}"></Provider>
<EventID Qualifiers="">4106</EventID>
<Version>1</Version>
<Level>5</Level>
<Task>103</Task>
<Opcode>15</Opcode>
<Keywords>0x0000000000000000</Keywords>
<TimeCreated SystemTime="2025-04-10 06:14:28.857094"></TimeCreated>
<EventRecordID>3278</EventRecordID>
<Correlation ActivityID="{d72fe4f3-a9dd-0000-13c5-30d7dda9db01}" RelatedActivityID=""></Correlation>
<Execution ProcessID="7324" ThreadID="3216"></Execution>
<Channel>Microsoft-Windows-PowerShell/Operational</Channel>
<Computer>DESKTOP-M3AKJSD</Computer>
<Security UserID="S-1-5-21-3999086100-426973801-4203759309-1002"></Security>
</System>
<EventData><Data Name="ScriptBlockId">a6d3e699-57af-4468-ba86-6ed81f70bd7a</Data>
<Data Name="RunspaceId">fb7ebb6f-5eb4-4c3d-be4f-5b37e59ad954</Data>
</EventData>
</Event>

<Event xmlns="http://schemas.microsoft.com/win/2004/08/events/event"><System><Provider Name="Microsoft-Windows-PowerShell" Guid="{a0c1853b-5c40-4b15-8766-3cf1c58f985a}"></Provider>
<EventID Qualifiers="">4103</EventID>
<Version>1</Version>
<Level>4</Level>
<Task>106</Task>
<Opcode>20</Opcode>
<Keywords>0x0000000000000000</Keywords>
<TimeCreated SystemTime="2025-04-10 06:14:28.857452"></TimeCreated>
<EventRecordID>3279</EventRecordID>
<Correlation ActivityID="{d72fe4f3-a9dd-0000-12c5-30d7dda9db01}" RelatedActivityID=""></Correlation>
<Execution ProcessID="7324" ThreadID="3216"></Execution>
<Channel>Microsoft-Windows-PowerShell/Operational</Channel>
<Computer>DESKTOP-M3AKJSD</Computer>
<Security UserID="S-1-5-21-3999086100-426973801-4203759309-1002"></Security>
</System>
<EventData><Data Name="ContextInfo">        Severity = Informational
        Host Name = ConsoleHost
        Host Version = 5.1.26100.3624
        Host ID = e48dc4c7-a738-457b-a737-5fc27651b8d9
        Host Application = C:\Windows\SysWOW64\WindowsPowerShell\v1.0\powershell.exe
        Engine Version = 5.1.26100.3624
        Runspace ID = fb7ebb6f-5eb4-4c3d-be4f-5b37e59ad954
        Pipeline ID = 7
        Command Name = PSConsoleHostReadLine
        Command Type = Function
        Script Name = 
        Command Path = 
        Sequence Number = 24
        User = DESKTOP-M3AKJSD\User
        Connected User = 
        Shell ID = Microsoft.PowerShell
</Data>
<Data Name="UserData"></Data>
<Data Name="Payload">CommandInvocation(PSConsoleHostReadLine): "PSConsoleHostReadLine"
</Data>
</EventData>
</Event>

<Event xmlns="http://schemas.microsoft.com/win/2004/08/events/event"><System><Provider Name="Microsoft-Windows-PowerShell" Guid="{a0c1853b-5c40-4b15-8766-3cf1c58f985a}"></Provider>
<EventID Qualifiers="">4104</EventID>
<Version>1</Version>
<Level>5</Level>
<Task>2</Task>
<Opcode>15</Opcode>
<Keywords>0x0000000000000000</Keywords>
<TimeCreated SystemTime="2025-04-10 06:14:28.869680"></TimeCreated>
<EventRecordID>3280</EventRecordID>
<Correlation ActivityID="{d72fe4f3-a9dd-0001-71c8-30d7dda9db01}" RelatedActivityID=""></Correlation>
<Execution ProcessID="7324" ThreadID="3216"></Execution>
<Channel>Microsoft-Windows-PowerShell/Operational</Channel>
<Computer>DESKTOP-M3AKJSD</Computer>
<Security UserID="S-1-5-21-3999086100-426973801-4203759309-1002"></Security>
</System>
<EventData><Data Name="MessageNumber">1</Data>
<Data Name="MessageTotal">1</Data>
<Data Name="ScriptBlockText">reg add /?</Data>
<Data Name="ScriptBlockId">27b97b90-b36a-4ecb-afbd-dd24dd760cfd</Data>
<Data Name="Path"></Data>
</EventData>
</Event>

<Event xmlns="http://schemas.microsoft.com/win/2004/08/events/event"><System><Provider Name="Microsoft-Windows-PowerShell" Guid="{a0c1853b-5c40-4b15-8766-3cf1c58f985a}"></Provider>
<EventID Qualifiers="">4105</EventID>
<Version>1</Version>
<Level>5</Level>
<Task>102</Task>
<Opcode>15</Opcode>
<Keywords>0x0000000000000000</Keywords>
<TimeCreated SystemTime="2025-04-10 06:14:28.869686"></TimeCreated>
<EventRecordID>3281</EventRecordID>
<Correlation ActivityID="{d72fe4f3-a9dd-0001-71c8-30d7dda9db01}" RelatedActivityID=""></Correlation>
<Execution ProcessID="7324" ThreadID="3216"></Execution>
<Channel>Microsoft-Windows-PowerShell/Operational</Channel>
<Computer>DESKTOP-M3AKJSD</Computer>
<Security UserID="S-1-5-21-3999086100-426973801-4203759309-1002"></Security>
</System>
<EventData><Data Name="ScriptBlockId">27b97b90-b36a-4ecb-afbd-dd24dd760cfd</Data>
<Data Name="RunspaceId">fb7ebb6f-5eb4-4c3d-be4f-5b37e59ad954</Data>
</EventData>
</Event>

<Event xmlns="http://schemas.microsoft.com/win/2004/08/events/event"><System><Provider Name="Microsoft-Windows-PowerShell" Guid="{a0c1853b-5c40-4b15-8766-3cf1c58f985a}"></Provider>
<EventID Qualifiers="">4106</EventID>
<Version>1</Version>
<Level>5</Level>
<Task>103</Task>
<Opcode>15</Opcode>
<Keywords>0x0000000000000000</Keywords>
<TimeCreated SystemTime="2025-04-10 06:14:28.890425"></TimeCreated>
<EventRecordID>3282</EventRecordID>
<Correlation ActivityID="{d72fe4f3-a9dd-0001-72c8-30d7dda9db01}" RelatedActivityID=""></Correlation>
<Execution ProcessID="7324" ThreadID="3216"></Execution>
<Channel>Microsoft-Windows-PowerShell/Operational</Channel>
<Computer>DESKTOP-M3AKJSD</Computer>
<Security UserID="S-1-5-21-3999086100-426973801-4203759309-1002"></Security>
</System>
<EventData><Data Name="ScriptBlockId">27b97b90-b36a-4ecb-afbd-dd24dd760cfd</Data>
<Data Name="RunspaceId">fb7ebb6f-5eb4-4c3d-be4f-5b37e59ad954</Data>
</EventData>
</Event>

<Event xmlns="http://schemas.microsoft.com/win/2004/08/events/event"><System><Provider Name="Microsoft-Windows-PowerShell" Guid="{a0c1853b-5c40-4b15-8766-3cf1c58f985a}"></Provider>
<EventID Qualifiers="">4103</EventID>
<Version>1</Version>
<Level>4</Level>
<Task>106</Task>
<Opcode>20</Opcode>
<Keywords>0x0000000000000000</Keywords>
<TimeCreated SystemTime="2025-04-10 06:14:28.890938"></TimeCreated>
<EventRecordID>3283</EventRecordID>
<Correlation ActivityID="{d72fe4f3-a9dd-0001-71c8-30d7dda9db01}" RelatedActivityID=""></Correlation>
<Execution ProcessID="7324" ThreadID="3216"></Execution>
<Channel>Microsoft-Windows-PowerShell/Operational</Channel>
<Computer>DESKTOP-M3AKJSD</Computer>
<Security UserID="S-1-5-21-3999086100-426973801-4203759309-1002"></Security>
</System>
<EventData><Data Name="ContextInfo">        Severity = Informational
        Host Name = ConsoleHost
        Host Version = 5.1.26100.3624
        Host ID = e48dc4c7-a738-457b-a737-5fc27651b8d9
        Host Application = C:\Windows\SysWOW64\WindowsPowerShell\v1.0\powershell.exe
        Engine Version = 5.1.26100.3624
        Runspace ID = fb7ebb6f-5eb4-4c3d-be4f-5b37e59ad954
        Pipeline ID = 8
        Command Name = 
        Command Type = Script
        Script Name = 
        Command Path = 
        Sequence Number = 26
        User = DESKTOP-M3AKJSD\User
        Connected User = 
        Shell ID = Microsoft.PowerShell
</Data>
<Data Name="UserData"></Data>
<Data Name="Payload">CommandInvocation(Out-Default): "Out-Default"
</Data>
</EventData>
</Event>

<Event xmlns="http://schemas.microsoft.com/win/2004/08/events/event"><System><Provider Name="Microsoft-Windows-PowerShell" Guid="{a0c1853b-5c40-4b15-8766-3cf1c58f985a}"></Provider>
<EventID Qualifiers="">4105</EventID>
<Version>1</Version>
<Level>5</Level>
<Task>102</Task>
<Opcode>15</Opcode>
<Keywords>0x0000000000000000</Keywords>
<TimeCreated SystemTime="2025-04-10 06:14:28.891275"></TimeCreated>
<EventRecordID>3284</EventRecordID>
<Correlation ActivityID="{d72fe4f3-a9dd-0002-0ba7-30d7dda9db01}" RelatedActivityID=""></Correlation>
<Execution ProcessID="7324" ThreadID="1720"></Execution>
<Channel>Microsoft-Windows-PowerShell/Operational</Channel>
<Computer>DESKTOP-M3AKJSD</Computer>
<Security UserID="S-1-5-21-3999086100-426973801-4203759309-1002"></Security>
</System>
<EventData><Data Name="ScriptBlockId">bd983917-7871-423a-ba1e-e57ad1b25899</Data>
<Data Name="RunspaceId">fb7ebb6f-5eb4-4c3d-be4f-5b37e59ad954</Data>
</EventData>
</Event>

<Event xmlns="http://schemas.microsoft.com/win/2004/08/events/event"><System><Provider Name="Microsoft-Windows-PowerShell" Guid="{a0c1853b-5c40-4b15-8766-3cf1c58f985a}"></Provider>
<EventID Qualifiers="">4106</EventID>
<Version>1</Version>
<Level>5</Level>
<Task>103</Task>
<Opcode>15</Opcode>
<Keywords>0x0000000000000000</Keywords>
<TimeCreated SystemTime="2025-04-10 06:14:28.891333"></TimeCreated>
<EventRecordID>3285</EventRecordID>
<Correlation ActivityID="{d72fe4f3-a9dd-0002-0ba7-30d7dda9db01}" RelatedActivityID=""></Correlation>
<Execution ProcessID="7324" ThreadID="1720"></Execution>
<Channel>Microsoft-Windows-PowerShell/Operational</Channel>
<Computer>DESKTOP-M3AKJSD</Computer>
<Security UserID="S-1-5-21-3999086100-426973801-4203759309-1002"></Security>
</System>
<EventData><Data Name="ScriptBlockId">bd983917-7871-423a-ba1e-e57ad1b25899</Data>
<Data Name="RunspaceId">fb7ebb6f-5eb4-4c3d-be4f-5b37e59ad954</Data>
</EventData>
</Event>

<Event xmlns="http://schemas.microsoft.com/win/2004/08/events/event"><System><Provider Name="Microsoft-Windows-PowerShell" Guid="{a0c1853b-5c40-4b15-8766-3cf1c58f985a}"></Provider>
<EventID Qualifiers="">4104</EventID>
<Version>1</Version>
<Level>5</Level>
<Task>2</Task>
<Opcode>15</Opcode>
<Keywords>0x0000000000000000</Keywords>
<TimeCreated SystemTime="2025-04-10 06:14:28.892788"></TimeCreated>
<EventRecordID>3286</EventRecordID>
<Correlation ActivityID="{d72fe4f3-a9dd-0001-74c8-30d7dda9db01}" RelatedActivityID=""></Correlation>
<Execution ProcessID="7324" ThreadID="3216"></Execution>
<Channel>Microsoft-Windows-PowerShell/Operational</Channel>
<Computer>DESKTOP-M3AKJSD</Computer>
<Security UserID="S-1-5-21-3999086100-426973801-4203759309-1002"></Security>
</System>
<EventData><Data Name="MessageNumber">1</Data>
<Data Name="MessageTotal">1</Data>
<Data Name="ScriptBlockText">prompt</Data>
<Data Name="ScriptBlockId">6858b6db-11db-4ac9-9707-2984371b409d</Data>
<Data Name="Path"></Data>
</EventData>
</Event>

<Event xmlns="http://schemas.microsoft.com/win/2004/08/events/event"><System><Provider Name="Microsoft-Windows-PowerShell" Guid="{a0c1853b-5c40-4b15-8766-3cf1c58f985a}"></Provider>
<EventID Qualifiers="">4105</EventID>
<Version>1</Version>
<Level>5</Level>
<Task>102</Task>
<Opcode>15</Opcode>
<Keywords>0x0000000000000000</Keywords>
<TimeCreated SystemTime="2025-04-10 06:14:28.892792"></TimeCreated>
<EventRecordID>3287</EventRecordID>
<Correlation ActivityID="{d72fe4f3-a9dd-0001-74c8-30d7dda9db01}" RelatedActivityID=""></Correlation>
<Execution ProcessID="7324" ThreadID="3216"></Execution>
<Channel>Microsoft-Windows-PowerShell/Operational</Channel>
<Computer>DESKTOP-M3AKJSD</Computer>
<Security UserID="S-1-5-21-3999086100-426973801-4203759309-1002"></Security>
</System>
<EventData><Data Name="ScriptBlockId">6858b6db-11db-4ac9-9707-2984371b409d</Data>
<Data Name="RunspaceId">fb7ebb6f-5eb4-4c3d-be4f-5b37e59ad954</Data>
</EventData>
</Event>

<Event xmlns="http://schemas.microsoft.com/win/2004/08/events/event"><System><Provider Name="Microsoft-Windows-PowerShell" Guid="{a0c1853b-5c40-4b15-8766-3cf1c58f985a}"></Provider>
<EventID Qualifiers="">4105</EventID>
<Version>1</Version>
<Level>5</Level>
<Task>102</Task>
<Opcode>15</Opcode>
<Keywords>0x0000000000000000</Keywords>
<TimeCreated SystemTime="2025-04-10 06:14:28.892864"></TimeCreated>
<EventRecordID>3288</EventRecordID>
<Correlation ActivityID="{d72fe4f3-a9dd-0001-75c8-30d7dda9db01}" RelatedActivityID=""></Correlation>
<Execution ProcessID="7324" ThreadID="3216"></Execution>
<Channel>Microsoft-Windows-PowerShell/Operational</Channel>
<Computer>DESKTOP-M3AKJSD</Computer>
<Security UserID="S-1-5-21-3999086100-426973801-4203759309-1002"></Security>
</System>
<EventData><Data Name="ScriptBlockId">d58c54e9-39c4-4888-bf45-2ceb4a6b8db1</Data>
<Data Name="RunspaceId">fb7ebb6f-5eb4-4c3d-be4f-5b37e59ad954</Data>
</EventData>
</Event>

<Event xmlns="http://schemas.microsoft.com/win/2004/08/events/event"><System><Provider Name="Microsoft-Windows-PowerShell" Guid="{a0c1853b-5c40-4b15-8766-3cf1c58f985a}"></Provider>
<EventID Qualifiers="">4106</EventID>
<Version>1</Version>
<Level>5</Level>
<Task>103</Task>
<Opcode>15</Opcode>
<Keywords>0x0000000000000000</Keywords>
<TimeCreated SystemTime="2025-04-10 06:14:28.892948"></TimeCreated>
<EventRecordID>3289</EventRecordID>
<Correlation ActivityID="{d72fe4f3-a9dd-0001-75c8-30d7dda9db01}" RelatedActivityID=""></Correlation>
<Execution ProcessID="7324" ThreadID="3216"></Execution>
<Channel>Microsoft-Windows-PowerShell/Operational</Channel>
<Computer>DESKTOP-M3AKJSD</Computer>
<Security UserID="S-1-5-21-3999086100-426973801-4203759309-1002"></Security>
</System>
<EventData><Data Name="ScriptBlockId">d58c54e9-39c4-4888-bf45-2ceb4a6b8db1</Data>
<Data Name="RunspaceId">fb7ebb6f-5eb4-4c3d-be4f-5b37e59ad954</Data>
</EventData>
</Event>

<Event xmlns="http://schemas.microsoft.com/win/2004/08/events/event"><System><Provider Name="Microsoft-Windows-PowerShell" Guid="{a0c1853b-5c40-4b15-8766-3cf1c58f985a}"></Provider>
<EventID Qualifiers="">4106</EventID>
<Version>1</Version>
<Level>5</Level>
<Task>103</Task>
<Opcode>15</Opcode>
<Keywords>0x0000000000000000</Keywords>
<TimeCreated SystemTime="2025-04-10 06:14:28.892962"></TimeCreated>
<EventRecordID>3290</EventRecordID>
<Correlation ActivityID="{d72fe4f3-a9dd-0001-75c8-30d7dda9db01}" RelatedActivityID=""></Correlation>
<Execution ProcessID="7324" ThreadID="3216"></Execution>
<Channel>Microsoft-Windows-PowerShell/Operational</Channel>
<Computer>DESKTOP-M3AKJSD</Computer>
<Security UserID="S-1-5-21-3999086100-426973801-4203759309-1002"></Security>
</System>
<EventData><Data Name="ScriptBlockId">6858b6db-11db-4ac9-9707-2984371b409d</Data>
<Data Name="RunspaceId">fb7ebb6f-5eb4-4c3d-be4f-5b37e59ad954</Data>
</EventData>
</Event>

