<Event xmlns="http://schemas.microsoft.com/win/2004/08/events/event"><System><Provider Name="Microsoft-Windows-PowerShell" Guid="{a0c1853b-5c40-4b15-8766-3cf1c58f985a}"></Provider>
<EventID Qualifiers="">4103</EventID>
<Version>1</Version>
<Level>4</Level>
<Task>106</Task>
<Opcode>20</Opcode>
<Keywords>0x0000000000000000</Keywords>
<TimeCreated SystemTime="2025-04-10 06:36:12.070484"></TimeCreated>
<EventRecordID>3677</EventRecordID>
<Correlation ActivityID="{d72fe4f3-a9dd-0003-29d3-30d7dda9db01}" RelatedActivityID=""></Correlation>
<Execution ProcessID="9808" ThreadID="4644"></Execution>
<Channel>Microsoft-Windows-PowerShell/Operational</Channel>
<Computer>DESKTOP-M3AKJSD</Computer>
<Security UserID="S-1-5-21-3999086100-426973801-4203759309-1002"></Security>
</System>
<EventData><Data Name="ContextInfo">        Severity = Informational
        Host Name = ConsoleHost
        Host Version = 5.1.26100.3624
        Host ID = 06070939-645a-4cb4-bb35-feff3e76ad09
        Host Application = C:\Windows\System32\WindowsPowerShell\v1.0\powershell.exe
        Engine Version = 5.1.26100.3624
        Runspace ID = 62516b95-d457-41c9-aa13-31b963bcf8bb
        Pipeline ID = 40
        Command Name = PSConsoleHostReadLine
        Command Type = Function
        Script Name = 
        Command Path = 
        Sequence Number = 182
        User = DESKTOP-M3AKJSD\User
        Connected User = 
        Shell ID = Microsoft.PowerShell
</Data>
<Data Name="UserData"></Data>
<Data Name="Payload">CommandInvocation(PSConsoleHostReadLine): "PSConsoleHostReadLine"
</Data>
</EventData>
</Event>

<Event xmlns="http://schemas.microsoft.com/win/2004/08/events/event"><System><Provider Name="Microsoft-Windows-PowerShell" Guid="{a0c1853b-5c40-4b15-8766-3cf1c58f985a}"></Provider>
<EventID Qualifiers="">4104</EventID>
<Version>1</Version>
<Level>5</Level>
<Task>2</Task>
<Opcode>15</Opcode>
<Keywords>0x0000000000000000</Keywords>
<TimeCreated SystemTime="2025-04-10 06:36:12.072842"></TimeCreated>
<EventRecordID>3678</EventRecordID>
<Correlation ActivityID="{d72fe4f3-a9dd-0003-4bd3-30d7dda9db01}" RelatedActivityID=""></Correlation>
<Execution ProcessID="9808" ThreadID="4644"></Execution>
<Channel>Microsoft-Windows-PowerShell/Operational</Channel>
<Computer>DESKTOP-M3AKJSD</Computer>
<Security UserID="S-1-5-21-3999086100-426973801-4203759309-1002"></Security>
</System>
<EventData><Data Name="MessageNumber">1</Data>
<Data Name="MessageTotal">1</Data>
<Data Name="ScriptBlockText">cls</Data>
<Data Name="ScriptBlockId">6aed2513-f41f-42cf-8d46-6c9aae02c506</Data>
<Data Name="Path"></Data>
</EventData>
</Event>

<Event xmlns="http://schemas.microsoft.com/win/2004/08/events/event"><System><Provider Name="Microsoft-Windows-PowerShell" Guid="{a0c1853b-5c40-4b15-8766-3cf1c58f985a}"></Provider>
<EventID Qualifiers="">4105</EventID>
<Version>1</Version>
<Level>5</Level>
<Task>102</Task>
<Opcode>15</Opcode>
<Keywords>0x0000000000000000</Keywords>
<TimeCreated SystemTime="2025-04-10 06:36:12.072845"></TimeCreated>
<EventRecordID>3679</EventRecordID>
<Correlation ActivityID="{d72fe4f3-a9dd-0003-4bd3-30d7dda9db01}" RelatedActivityID=""></Correlation>
<Execution ProcessID="9808" ThreadID="4644"></Execution>
<Channel>Microsoft-Windows-PowerShell/Operational</Channel>
<Computer>DESKTOP-M3AKJSD</Computer>
<Security UserID="S-1-5-21-3999086100-426973801-4203759309-1002"></Security>
</System>
<EventData><Data Name="ScriptBlockId">6aed2513-f41f-42cf-8d46-6c9aae02c506</Data>
<Data Name="RunspaceId">62516b95-d457-41c9-aa13-31b963bcf8bb</Data>
</EventData>
</Event>

<Event xmlns="http://schemas.microsoft.com/win/2004/08/events/event"><System><Provider Name="Microsoft-Windows-PowerShell" Guid="{a0c1853b-5c40-4b15-8766-3cf1c58f985a}"></Provider>
<EventID Qualifiers="">4105</EventID>
<Version>1</Version>
<Level>5</Level>
<Task>102</Task>
<Opcode>15</Opcode>
<Keywords>0x0000000000000000</Keywords>
<TimeCreated SystemTime="2025-04-10 06:36:12.072952"></TimeCreated>
<EventRecordID>3680</EventRecordID>
<Correlation ActivityID="{d72fe4f3-a9dd-0003-4cd3-30d7dda9db01}" RelatedActivityID=""></Correlation>
<Execution ProcessID="9808" ThreadID="4644"></Execution>
<Channel>Microsoft-Windows-PowerShell/Operational</Channel>
<Computer>DESKTOP-M3AKJSD</Computer>
<Security UserID="S-1-5-21-3999086100-426973801-4203759309-1002"></Security>
</System>
<EventData><Data Name="ScriptBlockId">afaab350-e5f7-4bda-b7bb-d792e2ba37e9</Data>
<Data Name="RunspaceId">62516b95-d457-41c9-aa13-31b963bcf8bb</Data>
</EventData>
</Event>

<Event xmlns="http://schemas.microsoft.com/win/2004/08/events/event"><System><Provider Name="Microsoft-Windows-PowerShell" Guid="{a0c1853b-5c40-4b15-8766-3cf1c58f985a}"></Provider>
<EventID Qualifiers="">4106</EventID>
<Version>1</Version>
<Level>5</Level>
<Task>103</Task>
<Opcode>15</Opcode>
<Keywords>0x0000000000000000</Keywords>
<TimeCreated SystemTime="2025-04-10 06:36:12.124702"></TimeCreated>
<EventRecordID>3681</EventRecordID>
<Correlation ActivityID="{d72fe4f3-a9dd-0003-4cd3-30d7dda9db01}" RelatedActivityID=""></Correlation>
<Execution ProcessID="9808" ThreadID="4644"></Execution>
<Channel>Microsoft-Windows-PowerShell/Operational</Channel>
<Computer>DESKTOP-M3AKJSD</Computer>
<Security UserID="S-1-5-21-3999086100-426973801-4203759309-1002"></Security>
</System>
<EventData><Data Name="ScriptBlockId">afaab350-e5f7-4bda-b7bb-d792e2ba37e9</Data>
<Data Name="RunspaceId">62516b95-d457-41c9-aa13-31b963bcf8bb</Data>
</EventData>
</Event>

<Event xmlns="http://schemas.microsoft.com/win/2004/08/events/event"><System><Provider Name="Microsoft-Windows-PowerShell" Guid="{a0c1853b-5c40-4b15-8766-3cf1c58f985a}"></Provider>
<EventID Qualifiers="">4106</EventID>
<Version>1</Version>
<Level>5</Level>
<Task>103</Task>
<Opcode>15</Opcode>
<Keywords>0x0000000000000000</Keywords>
<TimeCreated SystemTime="2025-04-10 06:36:12.124765"></TimeCreated>
<EventRecordID>3682</EventRecordID>
<Correlation ActivityID="{d72fe4f3-a9dd-0003-4cd3-30d7dda9db01}" RelatedActivityID=""></Correlation>
<Execution ProcessID="9808" ThreadID="4644"></Execution>
<Channel>Microsoft-Windows-PowerShell/Operational</Channel>
<Computer>DESKTOP-M3AKJSD</Computer>
<Security UserID="S-1-5-21-3999086100-426973801-4203759309-1002"></Security>
</System>
<EventData><Data Name="ScriptBlockId">6aed2513-f41f-42cf-8d46-6c9aae02c506</Data>
<Data Name="RunspaceId">62516b95-d457-41c9-aa13-31b963bcf8bb</Data>
</EventData>
</Event>

<Event xmlns="http://schemas.microsoft.com/win/2004/08/events/event"><System><Provider Name="Microsoft-Windows-PowerShell" Guid="{a0c1853b-5c40-4b15-8766-3cf1c58f985a}"></Provider>
<EventID Qualifiers="">4103</EventID>
<Version>1</Version>
<Level>4</Level>
<Task>106</Task>
<Opcode>20</Opcode>
<Keywords>0x0000000000000000</Keywords>
<TimeCreated SystemTime="2025-04-10 06:36:12.125181"></TimeCreated>
<EventRecordID>3683</EventRecordID>
<Correlation ActivityID="{d72fe4f3-a9dd-0003-4bd3-30d7dda9db01}" RelatedActivityID=""></Correlation>
<Execution ProcessID="9808" ThreadID="4644"></Execution>
<Channel>Microsoft-Windows-PowerShell/Operational</Channel>
<Computer>DESKTOP-M3AKJSD</Computer>
<Security UserID="S-1-5-21-3999086100-426973801-4203759309-1002"></Security>
</System>
<EventData><Data Name="ContextInfo">        Severity = Informational
        Host Name = ConsoleHost
        Host Version = 5.1.26100.3624
        Host ID = 06070939-645a-4cb4-bb35-feff3e76ad09
        Host Application = C:\Windows\System32\WindowsPowerShell\v1.0\powershell.exe
        Engine Version = 5.1.26100.3624
        Runspace ID = 62516b95-d457-41c9-aa13-31b963bcf8bb
        Pipeline ID = 41
        Command Name = 
        Command Type = Script
        Script Name = 
        Command Path = 
        Sequence Number = 184
        User = DESKTOP-M3AKJSD\User
        Connected User = 
        Shell ID = Microsoft.PowerShell
</Data>
<Data Name="UserData"></Data>
<Data Name="Payload">CommandInvocation(Out-Default): "Out-Default"
</Data>
</EventData>
</Event>

<Event xmlns="http://schemas.microsoft.com/win/2004/08/events/event"><System><Provider Name="Microsoft-Windows-PowerShell" Guid="{a0c1853b-5c40-4b15-8766-3cf1c58f985a}"></Provider>
<EventID Qualifiers="">4105</EventID>
<Version>1</Version>
<Level>5</Level>
<Task>102</Task>
<Opcode>15</Opcode>
<Keywords>0x0000000000000000</Keywords>
<TimeCreated SystemTime="2025-04-10 06:36:12.125690"></TimeCreated>
<EventRecordID>3684</EventRecordID>
<Correlation ActivityID="{d72fe4f3-a9dd-0000-a012-31d7dda9db01}" RelatedActivityID=""></Correlation>
<Execution ProcessID="9808" ThreadID="10116"></Execution>
<Channel>Microsoft-Windows-PowerShell/Operational</Channel>
<Computer>DESKTOP-M3AKJSD</Computer>
<Security UserID="S-1-5-21-3999086100-426973801-4203759309-1002"></Security>
</System>
<EventData><Data Name="ScriptBlockId">34aecddc-0c86-4d33-ac3f-ea406960ccef</Data>
<Data Name="RunspaceId">62516b95-d457-41c9-aa13-31b963bcf8bb</Data>
</EventData>
</Event>

<Event xmlns="http://schemas.microsoft.com/win/2004/08/events/event"><System><Provider Name="Microsoft-Windows-PowerShell" Guid="{a0c1853b-5c40-4b15-8766-3cf1c58f985a}"></Provider>
<EventID Qualifiers="">4106</EventID>
<Version>1</Version>
<Level>5</Level>
<Task>103</Task>
<Opcode>15</Opcode>
<Keywords>0x0000000000000000</Keywords>
<TimeCreated SystemTime="2025-04-10 06:36:12.125755"></TimeCreated>
<EventRecordID>3685</EventRecordID>
<Correlation ActivityID="{d72fe4f3-a9dd-0000-a012-31d7dda9db01}" RelatedActivityID=""></Correlation>
<Execution ProcessID="9808" ThreadID="10116"></Execution>
<Channel>Microsoft-Windows-PowerShell/Operational</Channel>
<Computer>DESKTOP-M3AKJSD</Computer>
<Security UserID="S-1-5-21-3999086100-426973801-4203759309-1002"></Security>
</System>
<EventData><Data Name="ScriptBlockId">34aecddc-0c86-4d33-ac3f-ea406960ccef</Data>
<Data Name="RunspaceId">62516b95-d457-41c9-aa13-31b963bcf8bb</Data>
</EventData>
</Event>

<Event xmlns="http://schemas.microsoft.com/win/2004/08/events/event"><System><Provider Name="Microsoft-Windows-PowerShell" Guid="{a0c1853b-5c40-4b15-8766-3cf1c58f985a}"></Provider>
<EventID Qualifiers="">4104</EventID>
<Version>1</Version>
<Level>5</Level>
<Task>2</Task>
<Opcode>15</Opcode>
<Keywords>0x0000000000000000</Keywords>
<TimeCreated SystemTime="2025-04-10 06:36:12.127960"></TimeCreated>
<EventRecordID>3686</EventRecordID>
<Correlation ActivityID="{d72fe4f3-a9dd-0001-cb52-31d7dda9db01}" RelatedActivityID=""></Correlation>
<Execution ProcessID="9808" ThreadID="4644"></Execution>
<Channel>Microsoft-Windows-PowerShell/Operational</Channel>
<Computer>DESKTOP-M3AKJSD</Computer>
<Security UserID="S-1-5-21-3999086100-426973801-4203759309-1002"></Security>
</System>
<EventData><Data Name="MessageNumber">1</Data>
<Data Name="MessageTotal">1</Data>
<Data Name="ScriptBlockText">prompt</Data>
<Data Name="ScriptBlockId">acc3b95e-d717-477c-ad08-f0d71ef224e2</Data>
<Data Name="Path"></Data>
</EventData>
</Event>

<Event xmlns="http://schemas.microsoft.com/win/2004/08/events/event"><System><Provider Name="Microsoft-Windows-PowerShell" Guid="{a0c1853b-5c40-4b15-8766-3cf1c58f985a}"></Provider>
<EventID Qualifiers="">4105</EventID>
<Version>1</Version>
<Level>5</Level>
<Task>102</Task>
<Opcode>15</Opcode>
<Keywords>0x0000000000000000</Keywords>
<TimeCreated SystemTime="2025-04-10 06:36:12.127962"></TimeCreated>
<EventRecordID>3687</EventRecordID>
<Correlation ActivityID="{d72fe4f3-a9dd-0001-cb52-31d7dda9db01}" RelatedActivityID=""></Correlation>
<Execution ProcessID="9808" ThreadID="4644"></Execution>
<Channel>Microsoft-Windows-PowerShell/Operational</Channel>
<Computer>DESKTOP-M3AKJSD</Computer>
<Security UserID="S-1-5-21-3999086100-426973801-4203759309-1002"></Security>
</System>
<EventData><Data Name="ScriptBlockId">acc3b95e-d717-477c-ad08-f0d71ef224e2</Data>
<Data Name="RunspaceId">62516b95-d457-41c9-aa13-31b963bcf8bb</Data>
</EventData>
</Event>

<Event xmlns="http://schemas.microsoft.com/win/2004/08/events/event"><System><Provider Name="Microsoft-Windows-PowerShell" Guid="{a0c1853b-5c40-4b15-8766-3cf1c58f985a}"></Provider>
<EventID Qualifiers="">4105</EventID>
<Version>1</Version>
<Level>5</Level>
<Task>102</Task>
<Opcode>15</Opcode>
<Keywords>0x0000000000000000</Keywords>
<TimeCreated SystemTime="2025-04-10 06:36:12.128057"></TimeCreated>
<EventRecordID>3688</EventRecordID>
<Correlation ActivityID="{d72fe4f3-a9dd-0001-cc52-31d7dda9db01}" RelatedActivityID=""></Correlation>
<Execution ProcessID="9808" ThreadID="4644"></Execution>
<Channel>Microsoft-Windows-PowerShell/Operational</Channel>
<Computer>DESKTOP-M3AKJSD</Computer>
<Security UserID="S-1-5-21-3999086100-426973801-4203759309-1002"></Security>
</System>
<EventData><Data Name="ScriptBlockId">1a8b102e-758f-405f-af6e-5b82d08a2a07</Data>
<Data Name="RunspaceId">62516b95-d457-41c9-aa13-31b963bcf8bb</Data>
</EventData>
</Event>

<Event xmlns="http://schemas.microsoft.com/win/2004/08/events/event"><System><Provider Name="Microsoft-Windows-PowerShell" Guid="{a0c1853b-5c40-4b15-8766-3cf1c58f985a}"></Provider>
<EventID Qualifiers="">4106</EventID>
<Version>1</Version>
<Level>5</Level>
<Task>103</Task>
<Opcode>15</Opcode>
<Keywords>0x0000000000000000</Keywords>
<TimeCreated SystemTime="2025-04-10 06:36:12.128155"></TimeCreated>
<EventRecordID>3689</EventRecordID>
<Correlation ActivityID="{d72fe4f3-a9dd-0001-cc52-31d7dda9db01}" RelatedActivityID=""></Correlation>
<Execution ProcessID="9808" ThreadID="4644"></Execution>
<Channel>Microsoft-Windows-PowerShell/Operational</Channel>
<Computer>DESKTOP-M3AKJSD</Computer>
<Security UserID="S-1-5-21-3999086100-426973801-4203759309-1002"></Security>
</System>
<EventData><Data Name="ScriptBlockId">1a8b102e-758f-405f-af6e-5b82d08a2a07</Data>
<Data Name="RunspaceId">62516b95-d457-41c9-aa13-31b963bcf8bb</Data>
</EventData>
</Event>

<Event xmlns="http://schemas.microsoft.com/win/2004/08/events/event"><System><Provider Name="Microsoft-Windows-PowerShell" Guid="{a0c1853b-5c40-4b15-8766-3cf1c58f985a}"></Provider>
<EventID Qualifiers="">4106</EventID>
<Version>1</Version>
<Level>5</Level>
<Task>103</Task>
<Opcode>15</Opcode>
<Keywords>0x0000000000000000</Keywords>
<TimeCreated SystemTime="2025-04-10 06:36:12.128164"></TimeCreated>
<EventRecordID>3690</EventRecordID>
<Correlation ActivityID="{d72fe4f3-a9dd-0001-cc52-31d7dda9db01}" RelatedActivityID=""></Correlation>
<Execution ProcessID="9808" ThreadID="4644"></Execution>
<Channel>Microsoft-Windows-PowerShell/Operational</Channel>
<Computer>DESKTOP-M3AKJSD</Computer>
<Security UserID="S-1-5-21-3999086100-426973801-4203759309-1002"></Security>
</System>
<EventData><Data Name="ScriptBlockId">acc3b95e-d717-477c-ad08-f0d71ef224e2</Data>
<Data Name="RunspaceId">62516b95-d457-41c9-aa13-31b963bcf8bb</Data>
</EventData>
</Event>

<Event xmlns="http://schemas.microsoft.com/win/2004/08/events/event"><System><Provider Name="Microsoft-Windows-PowerShell" Guid="{a0c1853b-5c40-4b15-8766-3cf1c58f985a}"></Provider>
<EventID Qualifiers="">4105</EventID>
<Version>1</Version>
<Level>5</Level>
<Task>102</Task>
<Opcode>15</Opcode>
<Keywords>0x0000000000000000</Keywords>
<TimeCreated SystemTime="2025-04-10 06:36:12.130844"></TimeCreated>
<EventRecordID>3691</EventRecordID>
<Correlation ActivityID="{d72fe4f3-a9dd-0000-3e57-31d7dda9db01}" RelatedActivityID=""></Correlation>
<Execution ProcessID="9808" ThreadID="4644"></Execution>
<Channel>Microsoft-Windows-PowerShell/Operational</Channel>
<Computer>DESKTOP-M3AKJSD</Computer>
<Security UserID="S-1-5-21-3999086100-426973801-4203759309-1002"></Security>
</System>
<EventData><Data Name="ScriptBlockId">8a832e35-24e1-4fa8-a129-0098e18f7f1d</Data>
<Data Name="RunspaceId">62516b95-d457-41c9-aa13-31b963bcf8bb</Data>
</EventData>
</Event>

<Event xmlns="http://schemas.microsoft.com/win/2004/08/events/event"><System><Provider Name="Microsoft-Windows-PowerShell" Guid="{a0c1853b-5c40-4b15-8766-3cf1c58f985a}"></Provider>
<EventID Qualifiers="">4103</EventID>
<Version>1</Version>
<Level>4</Level>
<Task>106</Task>
<Opcode>20</Opcode>
<Keywords>0x0000000000000000</Keywords>
<TimeCreated SystemTime="2025-04-10 06:36:12.131424"></TimeCreated>
<EventRecordID>3692</EventRecordID>
<Correlation ActivityID="{d72fe4f3-a9dd-0000-3f57-31d7dda9db01}" RelatedActivityID=""></Correlation>
<Execution ProcessID="9808" ThreadID="4644"></Execution>
<Channel>Microsoft-Windows-PowerShell/Operational</Channel>
<Computer>DESKTOP-M3AKJSD</Computer>
<Security UserID="S-1-5-21-3999086100-426973801-4203759309-1002"></Security>
</System>
<EventData><Data Name="ContextInfo">        Severity = Informational
        Host Name = ConsoleHost
        Host Version = 5.1.26100.3624
        Host ID = 06070939-645a-4cb4-bb35-feff3e76ad09
        Host Application = C:\Windows\System32\WindowsPowerShell\v1.0\powershell.exe
        Engine Version = 5.1.26100.3624
        Runspace ID = 62516b95-d457-41c9-aa13-31b963bcf8bb
        Pipeline ID = 43
        Command Name = Set-StrictMode
        Command Type = Cmdlet
        Script Name = C:\Program Files\WindowsPowerShell\Modules\PSReadLine\2.0.0\PSReadLine.psm1
        Command Path = 
        Sequence Number = 186
        User = DESKTOP-M3AKJSD\User
        Connected User = 
        Shell ID = Microsoft.PowerShell
</Data>
<Data Name="UserData"></Data>
<Data Name="Payload">CommandInvocation(Set-StrictMode): "Set-StrictMode"
ParameterBinding(Set-StrictMode): name="Off"; value="True"
</Data>
</EventData>
</Event>

<Event xmlns="http://schemas.microsoft.com/win/2004/08/events/event"><System><Provider Name="Microsoft-Windows-PowerShell" Guid="{a0c1853b-5c40-4b15-8766-3cf1c58f985a}"></Provider>
<EventID Qualifiers="">4106</EventID>
<Version>1</Version>
<Level>5</Level>
<Task>103</Task>
<Opcode>15</Opcode>
<Keywords>0x0000000000000000</Keywords>
<TimeCreated SystemTime="2025-04-10 06:37:05.598085"></TimeCreated>
<EventRecordID>3693</EventRecordID>
<Correlation ActivityID="{d72fe4f3-a9dd-0000-3f57-31d7dda9db01}" RelatedActivityID=""></Correlation>
<Execution ProcessID="9808" ThreadID="4644"></Execution>
<Channel>Microsoft-Windows-PowerShell/Operational</Channel>
<Computer>DESKTOP-M3AKJSD</Computer>
<Security UserID="S-1-5-21-3999086100-426973801-4203759309-1002"></Security>
</System>
<EventData><Data Name="ScriptBlockId">8a832e35-24e1-4fa8-a129-0098e18f7f1d</Data>
<Data Name="RunspaceId">62516b95-d457-41c9-aa13-31b963bcf8bb</Data>
</EventData>
</Event>

<Event xmlns="http://schemas.microsoft.com/win/2004/08/events/event"><System><Provider Name="Microsoft-Windows-PowerShell" Guid="{a0c1853b-5c40-4b15-8766-3cf1c58f985a}"></Provider>
<EventID Qualifiers="">4103</EventID>
<Version>1</Version>
<Level>4</Level>
<Task>106</Task>
<Opcode>20</Opcode>
<Keywords>0x0000000000000000</Keywords>
<TimeCreated SystemTime="2025-04-10 06:37:05.598991"></TimeCreated>
<EventRecordID>3694</EventRecordID>
<Correlation ActivityID="{d72fe4f3-a9dd-0000-3e57-31d7dda9db01}" RelatedActivityID=""></Correlation>
<Execution ProcessID="9808" ThreadID="4644"></Execution>
<Channel>Microsoft-Windows-PowerShell/Operational</Channel>
<Computer>DESKTOP-M3AKJSD</Computer>
<Security UserID="S-1-5-21-3999086100-426973801-4203759309-1002"></Security>
</System>
<EventData><Data Name="ContextInfo">        Severity = Informational
        Host Name = ConsoleHost
        Host Version = 5.1.26100.3624
        Host ID = 06070939-645a-4cb4-bb35-feff3e76ad09
        Host Application = C:\Windows\System32\WindowsPowerShell\v1.0\powershell.exe
        Engine Version = 5.1.26100.3624
        Runspace ID = 62516b95-d457-41c9-aa13-31b963bcf8bb
        Pipeline ID = 43
        Command Name = PSConsoleHostReadLine
        Command Type = Function
        Script Name = 
        Command Path = 
        Sequence Number = 188
        User = DESKTOP-M3AKJSD\User
        Connected User = 
        Shell ID = Microsoft.PowerShell
</Data>
<Data Name="UserData"></Data>
<Data Name="Payload">CommandInvocation(PSConsoleHostReadLine): "PSConsoleHostReadLine"
</Data>
</EventData>
</Event>

<Event xmlns="http://schemas.microsoft.com/win/2004/08/events/event"><System><Provider Name="Microsoft-Windows-PowerShell" Guid="{a0c1853b-5c40-4b15-8766-3cf1c58f985a}"></Provider>
<EventID Qualifiers="">4104</EventID>
<Version>1</Version>
<Level>5</Level>
<Task>2</Task>
<Opcode>15</Opcode>
<Keywords>0x0000000000000000</Keywords>
<TimeCreated SystemTime="2025-04-10 06:37:05.629776"></TimeCreated>
<EventRecordID>3695</EventRecordID>
<Correlation ActivityID="{d72fe4f3-a9dd-0000-2d5b-31d7dda9db01}" RelatedActivityID=""></Correlation>
<Execution ProcessID="9808" ThreadID="4644"></Execution>
<Channel>Microsoft-Windows-PowerShell/Operational</Channel>
<Computer>DESKTOP-M3AKJSD</Computer>
<Security UserID="S-1-5-21-3999086100-426973801-4203759309-1002"></Security>
</System>
<EventData><Data Name="MessageNumber">1</Data>
<Data Name="MessageTotal">1</Data>
<Data Name="ScriptBlockText">Set-MpPreference -DisableRealtimeMonitoring $true -DisableScriptScanning $true -DisableBehaviorMonitoring $true -DisableIOAVProtection $true -DisableIntrusionPreventionSystem $true</Data>
<Data Name="ScriptBlockId">931bac4b-90da-4221-bbaf-0526c190f4c5</Data>
<Data Name="Path"></Data>
</EventData>
</Event>

<Event xmlns="http://schemas.microsoft.com/win/2004/08/events/event"><System><Provider Name="Microsoft-Windows-PowerShell" Guid="{a0c1853b-5c40-4b15-8766-3cf1c58f985a}"></Provider>
<EventID Qualifiers="">4105</EventID>
<Version>1</Version>
<Level>5</Level>
<Task>102</Task>
<Opcode>15</Opcode>
<Keywords>0x0000000000000000</Keywords>
<TimeCreated SystemTime="2025-04-10 06:37:05.629778"></TimeCreated>
<EventRecordID>3696</EventRecordID>
<Correlation ActivityID="{d72fe4f3-a9dd-0000-2d5b-31d7dda9db01}" RelatedActivityID=""></Correlation>
<Execution ProcessID="9808" ThreadID="4644"></Execution>
<Channel>Microsoft-Windows-PowerShell/Operational</Channel>
<Computer>DESKTOP-M3AKJSD</Computer>
<Security UserID="S-1-5-21-3999086100-426973801-4203759309-1002"></Security>
</System>
<EventData><Data Name="ScriptBlockId">931bac4b-90da-4221-bbaf-0526c190f4c5</Data>
<Data Name="RunspaceId">62516b95-d457-41c9-aa13-31b963bcf8bb</Data>
</EventData>
</Event>

<Event xmlns="http://schemas.microsoft.com/win/2004/08/events/event"><System><Provider Name="Microsoft-Windows-PowerShell" Guid="{a0c1853b-5c40-4b15-8766-3cf1c58f985a}"></Provider>
<EventID Qualifiers="">4105</EventID>
<Version>1</Version>
<Level>5</Level>
<Task>102</Task>
<Opcode>15</Opcode>
<Keywords>0x0000000000000000</Keywords>
<TimeCreated SystemTime="2025-04-10 06:37:05.631701"></TimeCreated>
<EventRecordID>3697</EventRecordID>
<Correlation ActivityID="{d72fe4f3-a9dd-0002-7914-31d7dda9db01}" RelatedActivityID=""></Correlation>
<Execution ProcessID="9808" ThreadID="4644"></Execution>
<Channel>Microsoft-Windows-PowerShell/Operational</Channel>
<Computer>DESKTOP-M3AKJSD</Computer>
<Security UserID="S-1-5-21-3999086100-426973801-4203759309-1002"></Security>
</System>
<EventData><Data Name="ScriptBlockId">567c325e-19d5-4563-9e92-cf47135cb4a4</Data>
<Data Name="RunspaceId">62516b95-d457-41c9-aa13-31b963bcf8bb</Data>
</EventData>
</Event>

<Event xmlns="http://schemas.microsoft.com/win/2004/08/events/event"><System><Provider Name="Microsoft-Windows-PowerShell" Guid="{a0c1853b-5c40-4b15-8766-3cf1c58f985a}"></Provider>
<EventID Qualifiers="">4106</EventID>
<Version>1</Version>
<Level>5</Level>
<Task>103</Task>
<Opcode>15</Opcode>
<Keywords>0x0000000000000000</Keywords>
<TimeCreated SystemTime="2025-04-10 06:37:05.631763"></TimeCreated>
<EventRecordID>3698</EventRecordID>
<Correlation ActivityID="{d72fe4f3-a9dd-0002-7914-31d7dda9db01}" RelatedActivityID=""></Correlation>
<Execution ProcessID="9808" ThreadID="4644"></Execution>
<Channel>Microsoft-Windows-PowerShell/Operational</Channel>
<Computer>DESKTOP-M3AKJSD</Computer>
<Security UserID="S-1-5-21-3999086100-426973801-4203759309-1002"></Security>
</System>
<EventData><Data Name="ScriptBlockId">567c325e-19d5-4563-9e92-cf47135cb4a4</Data>
<Data Name="RunspaceId">62516b95-d457-41c9-aa13-31b963bcf8bb</Data>
</EventData>
</Event>

<Event xmlns="http://schemas.microsoft.com/win/2004/08/events/event"><System><Provider Name="Microsoft-Windows-PowerShell" Guid="{a0c1853b-5c40-4b15-8766-3cf1c58f985a}"></Provider>
<EventID Qualifiers="">4103</EventID>
<Version>1</Version>
<Level>4</Level>
<Task>106</Task>
<Opcode>20</Opcode>
<Keywords>0x0000000000000000</Keywords>
<TimeCreated SystemTime="2025-04-10 06:37:05.914988"></TimeCreated>
<EventRecordID>3699</EventRecordID>
<Correlation ActivityID="{d72fe4f3-a9dd-0002-7814-31d7dda9db01}" RelatedActivityID=""></Correlation>
<Execution ProcessID="9808" ThreadID="4644"></Execution>
<Channel>Microsoft-Windows-PowerShell/Operational</Channel>
<Computer>DESKTOP-M3AKJSD</Computer>
<Security UserID="S-1-5-21-3999086100-426973801-4203759309-1002"></Security>
</System>
<EventData><Data Name="ContextInfo">        Severity = Informational
        Host Name = ConsoleHost
        Host Version = 5.1.26100.3624
        Host ID = 06070939-645a-4cb4-bb35-feff3e76ad09
        Host Application = C:\Windows\System32\WindowsPowerShell\v1.0\powershell.exe
        Engine Version = 5.1.26100.3624
        Runspace ID = 62516b95-d457-41c9-aa13-31b963bcf8bb
        Pipeline ID = 44
        Command Name = Set-MpPreference
        Command Type = Function
        Script Name = 
        Command Path = 
        Sequence Number = 190
        User = DESKTOP-M3AKJSD\User
        Connected User = 
        Shell ID = Microsoft.PowerShell
</Data>
<Data Name="UserData"></Data>
<Data Name="Payload">CommandInvocation(Set-MpPreference): "Set-MpPreference"
ParameterBinding(Set-MpPreference): name="DisableRealtimeMonitoring"; value="True"
ParameterBinding(Set-MpPreference): name="DisableScriptScanning"; value="True"
ParameterBinding(Set-MpPreference): name="DisableBehaviorMonitoring"; value="True"
ParameterBinding(Set-MpPreference): name="DisableIOAVProtection"; value="True"
ParameterBinding(Set-MpPreference): name="DisableIntrusionPreventionSystem"; value="True"
ParameterBinding(Set-MpPreference): name="QuarantinePurgeItemsAfterDelay"; value="0"
ParameterBinding(Set-MpPreference): name="RemoteEncryptionProtectionMaxBlockTime"; value="0"
ParameterBinding(Set-MpPreference): name="BruteForceProtectionMaxBlockTime"; value="0"
ParameterBinding(Set-MpPreference): name="BruteForceProtectionLocalNetworkBlocking"; value="False"
ParameterBinding(Set-MpPreference): name="BruteForceProtectionSkipLearningPeriod"; value="False"
ParameterBinding(Set-MpPreference): name="ReportingAdditionalActionTimeOut"; value="0"
ParameterBinding(Set-MpPreference): name="ReportingCriticalFailureTimeOut"; value="0"
ParameterBinding(Set-MpPreference): name="ReportingNonCriticalTimeOut"; value="0"
ParameterBinding(Set-MpPreference): name="ServiceHealthReportInterval"; value="0"
ParameterBinding(Set-MpPreference): name="ReportDynamicSignatureDroppedEvent"; value="False"
ParameterBinding(Set-MpPreference): name="ScanAvgCPULoadFactor"; value="0"
ParameterBinding(Set-MpPreference): name="CheckForSignaturesBeforeRunningScan"; value="False"
ParameterBinding(Set-MpPreference): name="ScanPurgeItemsAfterDelay"; value="0"
ParameterBinding(Set-MpPreference): name="ScanOnlyIfIdleEnabled"; value="False"
ParameterBinding(Set-MpPreference): name="ThrottleForScheduledScanOnly"; value="False"
ParameterBinding(Set-MpPreference): name="SignatureFirstAuGracePeriod"; value="0"
ParameterBinding(Set-MpPreference): name="SignatureAuGracePeriod"; value="0"
ParameterBinding(Set-MpPreference): name="SignatureDefinitionUpdateFileSharesSources"; value=""
ParameterBinding(Set-MpPreference): name="SignatureDisableUpdateOnStartupWithoutEngine"; value="False"
ParameterBinding(Set-MpPreference): name="SignatureFallbackOrder"; value=""
ParameterBinding(Set-MpPreference): name="SharedSignaturesPath"; value=""
ParameterBinding(Set-MpPreference): name="SharedSignaturesPathUpdateAtScheduledTimeOnly"; value="False"
ParameterBinding(Set-MpPreference): name="SignatureUpdateCatchupInterval"; value="0"
ParameterBinding(Set-MpPreference): name="SignatureUpdateInterval"; value="0"
ParameterBinding(Set-MpPreference): name="SignatureBlobUpdateInterval"; value="0"
ParameterBinding(Set-MpPreference): name="SignatureBlobFileSharesSources"; value=""
ParameterBinding(Set-MpPreference): name="MeteredConnectionUpdates"; value="False"
ParameterBinding(Set-MpPreference): name="AllowNetworkProtectionOnWinServer"; value="False"
ParameterBinding(Set-MpPreference): name="DisableDatagramProcessing"; value="False"
ParameterBinding(Set-MpPreference): name="EnableConvertWarnToBlock"; value="False"
ParameterBinding(Set-MpPreference): name="DisableCpuThrottleOnIdleScans"; value="False"
ParameterBinding(Set-MpPreference): name="DisableAutoExclusions"; value="False"
ParameterBinding(Set-MpPreference): name="DisablePrivacyMode"; value="False"
ParameterBinding(Set-MpPreference): name="RandomizeScheduleTaskTimes"; value="False"
ParameterBinding(Set-MpPreference): name="SchedulerRandomizationTime"; value="0"
ParameterBinding(Set-MpPreference): name="DisableArchiveScanning"; value="False"
ParameterBinding(Set-MpPreference): name="DisableCatchupFullScan"; value="False"
ParameterBinding(Set-MpPreference): name="DisableCatchupQuickScan"; value="False"
ParameterBinding(Set-MpPreference): name="DisableEmailScanning"; value="False"
ParameterBinding(Set-MpPreference): name="DisableRemovableDriveScanning"; value="False"
ParameterBinding(Set-MpPreference): name="DisableRestorePoint"; value="False"
ParameterBinding(Set-MpPreference): name="DisableScanningMappedNetworkDrivesForFullScan"; value="False"
ParameterBinding(Set-MpPreference): name="DisableScanningNetworkFiles"; value="False"
ParameterBinding(Set-MpPreference): name="ApplyDisableNetworkScanningToIOAV"; value="False"
ParameterBinding(Set-MpPreference): name="UILockdown"; value="False"
ParameterBinding(Set-MpPreference): name="Force"; value="False"
ParameterBinding(Set-MpPreference): name="DisableBlockAtFirstSeen"; value="False"
ParameterBinding(Set-MpPreference): name="CloudExtendedTimeout"; value="0"
ParameterBinding(Set-MpPreference): name="EnableLowCpuPriority"; value="False"
ParameterBinding(Set-MpPreference): name="EnableFileHashComputation"; value="False"
ParameterBinding(Set-MpPreference): name="EnableFullScanOnBatteryPower"; value="False"
ParameterBinding(Set-MpPreference): name="ProxyPacUrl"; value=""
ParameterBinding(Set-MpPreference): name="ProxyServer"; value=""
ParameterBinding(Set-MpPreference): name="ForceUseProxyOnly"; value="False"
ParameterBinding(Set-MpPreference): name="DisableTlsParsing"; value="False"
ParameterBinding(Set-MpPreference): name="DisableFtpParsing"; value="False"
ParameterBinding(Set-MpPreference): name="DisableHttpParsing"; value="False"
ParameterBinding(Set-MpPreference): name="DisableDnsParsing"; value="False"
ParameterBinding(Set-MpPreference): name="DisableDnsOverTcpParsing"; value="False"
ParameterBinding(Set-MpPreference): name="DisableSshParsing"; value="False"
ParameterBinding(Set-MpPreference): name="DisableGradualRelease"; value="False"
ParameterBinding(Set-MpPreference): name="AllowNetworkProtectionDownLevel"; value="False"
ParameterBinding(Set-MpPreference): name="AllowDatagramProcessingOnWinServer"; value="False"
ParameterBinding(Set-MpPreference): name="EnableDnsSinkhole"; value="False"
ParameterBinding(Set-MpPreference): name="DisableInboundConnectionFiltering"; value="False"
ParameterBinding(Set-MpPreference): name="DisableRdpParsing"; value="False"
ParameterBinding(Set-MpPreference): name="DisableNetworkProtectionPerfTelemetry"; value="False"
ParameterBinding(Set-MpPreference): name="TrustLabelProtectionStatus"; value="0"
ParameterBinding(Set-MpPreference): name="AllowSwitchToAsyncInspection"; value="False"
ParameterBinding(Set-MpPreference): name="ScanScheduleOffset"; value="0"
ParameterBinding(Set-MpPreference): name="DisableTDTFeature"; value="False"
ParameterBinding(Set-MpPreference): name="DisableTamperProtection"; value="False"
ParameterBinding(Set-MpPreference): name="DisableSmtpParsing"; value="False"
ParameterBinding(Set-MpPreference): name="DisableQuicParsing"; value="False"
ParameterBinding(Set-MpPreference): name="NetworkProtectionReputationMode"; value="0"
ParameterBinding(Set-MpPreference): name="EnableUdpSegmentationOffload"; value="False"
ParameterBinding(Set-MpPreference): name="EnableUdpReceiveOffload"; value="False"
ParameterBinding(Set-MpPreference): name="IntelTDTEnabled"; value="False"
ParameterBinding(Set-MpPreference): name="OobeEnableRtpAndSigUpdate"; value="False"
ParameterBinding(Set-MpPreference): name="DisableCacheMaintenance"; value="False"
ParameterBinding(Set-MpPreference): name="RemoveScanningThreadPoolCap"; value="False"
ParameterBinding(Set-MpPreference): name="DisableCoreServiceECSIntegration"; value="False"
ParameterBinding(Set-MpPreference): name="DisableCoreServiceTelemetry"; value="False"
ParameterBinding(Set-MpPreference): name="ThrottleLimit"; value="0"
ParameterBinding(Set-MpPreference): name="AsJob"; value="False"
</Data>
</EventData>
</Event>

<Event xmlns="http://schemas.microsoft.com/win/2004/08/events/event"><System><Provider Name="Microsoft-Windows-PowerShell" Guid="{a0c1853b-5c40-4b15-8766-3cf1c58f985a}"></Provider>
<EventID Qualifiers="">4106</EventID>
<Version>1</Version>
<Level>5</Level>
<Task>103</Task>
<Opcode>15</Opcode>
<Keywords>0x0000000000000000</Keywords>
<TimeCreated SystemTime="2025-04-10 06:37:05.915039"></TimeCreated>
<EventRecordID>3700</EventRecordID>
<Correlation ActivityID="{d72fe4f3-a9dd-0002-7814-31d7dda9db01}" RelatedActivityID=""></Correlation>
<Execution ProcessID="9808" ThreadID="4644"></Execution>
<Channel>Microsoft-Windows-PowerShell/Operational</Channel>
<Computer>DESKTOP-M3AKJSD</Computer>
<Security UserID="S-1-5-21-3999086100-426973801-4203759309-1002"></Security>
</System>
<EventData><Data Name="ScriptBlockId">931bac4b-90da-4221-bbaf-0526c190f4c5</Data>
<Data Name="RunspaceId">62516b95-d457-41c9-aa13-31b963bcf8bb</Data>
</EventData>
</Event>

<Event xmlns="http://schemas.microsoft.com/win/2004/08/events/event"><System><Provider Name="Microsoft-Windows-PowerShell" Guid="{a0c1853b-5c40-4b15-8766-3cf1c58f985a}"></Provider>
<EventID Qualifiers="">4103</EventID>
<Version>1</Version>
<Level>4</Level>
<Task>106</Task>
<Opcode>20</Opcode>
<Keywords>0x0000000000000000</Keywords>
<TimeCreated SystemTime="2025-04-10 06:37:05.915293"></TimeCreated>
<EventRecordID>3701</EventRecordID>
<Correlation ActivityID="{d72fe4f3-a9dd-0000-2d5b-31d7dda9db01}" RelatedActivityID=""></Correlation>
<Execution ProcessID="9808" ThreadID="4644"></Execution>
<Channel>Microsoft-Windows-PowerShell/Operational</Channel>
<Computer>DESKTOP-M3AKJSD</Computer>
<Security UserID="S-1-5-21-3999086100-426973801-4203759309-1002"></Security>
</System>
<EventData><Data Name="ContextInfo">        Severity = Informational
        Host Name = ConsoleHost
        Host Version = 5.1.26100.3624
        Host ID = 06070939-645a-4cb4-bb35-feff3e76ad09
        Host Application = C:\Windows\System32\WindowsPowerShell\v1.0\powershell.exe
        Engine Version = 5.1.26100.3624
        Runspace ID = 62516b95-d457-41c9-aa13-31b963bcf8bb
        Pipeline ID = 44
        Command Name = 
        Command Type = Script
        Script Name = 
        Command Path = 
        Sequence Number = 192
        User = DESKTOP-M3AKJSD\User
        Connected User = 
        Shell ID = Microsoft.PowerShell
</Data>
<Data Name="UserData"></Data>
<Data Name="Payload">CommandInvocation(Out-Default): "Out-Default"
</Data>
</EventData>
</Event>

<Event xmlns="http://schemas.microsoft.com/win/2004/08/events/event"><System><Provider Name="Microsoft-Windows-PowerShell" Guid="{a0c1853b-5c40-4b15-8766-3cf1c58f985a}"></Provider>
<EventID Qualifiers="">4105</EventID>
<Version>1</Version>
<Level>5</Level>
<Task>102</Task>
<Opcode>15</Opcode>
<Keywords>0x0000000000000000</Keywords>
<TimeCreated SystemTime="2025-04-10 06:37:05.915646"></TimeCreated>
<EventRecordID>3702</EventRecordID>
<Correlation ActivityID="{d72fe4f3-a9dd-0000-a012-31d7dda9db01}" RelatedActivityID=""></Correlation>
<Execution ProcessID="9808" ThreadID="10116"></Execution>
<Channel>Microsoft-Windows-PowerShell/Operational</Channel>
<Computer>DESKTOP-M3AKJSD</Computer>
<Security UserID="S-1-5-21-3999086100-426973801-4203759309-1002"></Security>
</System>
<EventData><Data Name="ScriptBlockId">34aecddc-0c86-4d33-ac3f-ea406960ccef</Data>
<Data Name="RunspaceId">62516b95-d457-41c9-aa13-31b963bcf8bb</Data>
</EventData>
</Event>

<Event xmlns="http://schemas.microsoft.com/win/2004/08/events/event"><System><Provider Name="Microsoft-Windows-PowerShell" Guid="{a0c1853b-5c40-4b15-8766-3cf1c58f985a}"></Provider>
<EventID Qualifiers="">4106</EventID>
<Version>1</Version>
<Level>5</Level>
<Task>103</Task>
<Opcode>15</Opcode>
<Keywords>0x0000000000000000</Keywords>
<TimeCreated SystemTime="2025-04-10 06:37:05.915695"></TimeCreated>
<EventRecordID>3703</EventRecordID>
<Correlation ActivityID="{d72fe4f3-a9dd-0000-a012-31d7dda9db01}" RelatedActivityID=""></Correlation>
<Execution ProcessID="9808" ThreadID="10116"></Execution>
<Channel>Microsoft-Windows-PowerShell/Operational</Channel>
<Computer>DESKTOP-M3AKJSD</Computer>
<Security UserID="S-1-5-21-3999086100-426973801-4203759309-1002"></Security>
</System>
<EventData><Data Name="ScriptBlockId">34aecddc-0c86-4d33-ac3f-ea406960ccef</Data>
<Data Name="RunspaceId">62516b95-d457-41c9-aa13-31b963bcf8bb</Data>
</EventData>
</Event>

<Event xmlns="http://schemas.microsoft.com/win/2004/08/events/event"><System><Provider Name="Microsoft-Windows-PowerShell" Guid="{a0c1853b-5c40-4b15-8766-3cf1c58f985a}"></Provider>
<EventID Qualifiers="">4104</EventID>
<Version>1</Version>
<Level>5</Level>
<Task>2</Task>
<Opcode>15</Opcode>
<Keywords>0x0000000000000000</Keywords>
<TimeCreated SystemTime="2025-04-10 06:37:05.917419"></TimeCreated>
<EventRecordID>3704</EventRecordID>
<Correlation ActivityID="{d72fe4f3-a9dd-0003-66d6-30d7dda9db01}" RelatedActivityID=""></Correlation>
<Execution ProcessID="9808" ThreadID="4644"></Execution>
<Channel>Microsoft-Windows-PowerShell/Operational</Channel>
<Computer>DESKTOP-M3AKJSD</Computer>
<Security UserID="S-1-5-21-3999086100-426973801-4203759309-1002"></Security>
</System>
<EventData><Data Name="MessageNumber">1</Data>
<Data Name="MessageTotal">1</Data>
<Data Name="ScriptBlockText">prompt</Data>
<Data Name="ScriptBlockId">64d28cde-03c8-4d6a-ab24-32c38f4ee4fe</Data>
<Data Name="Path"></Data>
</EventData>
</Event>

<Event xmlns="http://schemas.microsoft.com/win/2004/08/events/event"><System><Provider Name="Microsoft-Windows-PowerShell" Guid="{a0c1853b-5c40-4b15-8766-3cf1c58f985a}"></Provider>
<EventID Qualifiers="">4105</EventID>
<Version>1</Version>
<Level>5</Level>
<Task>102</Task>
<Opcode>15</Opcode>
<Keywords>0x0000000000000000</Keywords>
<TimeCreated SystemTime="2025-04-10 06:37:05.917421"></TimeCreated>
<EventRecordID>3705</EventRecordID>
<Correlation ActivityID="{d72fe4f3-a9dd-0003-66d6-30d7dda9db01}" RelatedActivityID=""></Correlation>
<Execution ProcessID="9808" ThreadID="4644"></Execution>
<Channel>Microsoft-Windows-PowerShell/Operational</Channel>
<Computer>DESKTOP-M3AKJSD</Computer>
<Security UserID="S-1-5-21-3999086100-426973801-4203759309-1002"></Security>
</System>
<EventData><Data Name="ScriptBlockId">64d28cde-03c8-4d6a-ab24-32c38f4ee4fe</Data>
<Data Name="RunspaceId">62516b95-d457-41c9-aa13-31b963bcf8bb</Data>
</EventData>
</Event>

<Event xmlns="http://schemas.microsoft.com/win/2004/08/events/event"><System><Provider Name="Microsoft-Windows-PowerShell" Guid="{a0c1853b-5c40-4b15-8766-3cf1c58f985a}"></Provider>
<EventID Qualifiers="">4105</EventID>
<Version>1</Version>
<Level>5</Level>
<Task>102</Task>
<Opcode>15</Opcode>
<Keywords>0x0000000000000000</Keywords>
<TimeCreated SystemTime="2025-04-10 06:37:05.917498"></TimeCreated>
<EventRecordID>3706</EventRecordID>
<Correlation ActivityID="{d72fe4f3-a9dd-0003-67d6-30d7dda9db01}" RelatedActivityID=""></Correlation>
<Execution ProcessID="9808" ThreadID="4644"></Execution>
<Channel>Microsoft-Windows-PowerShell/Operational</Channel>
<Computer>DESKTOP-M3AKJSD</Computer>
<Security UserID="S-1-5-21-3999086100-426973801-4203759309-1002"></Security>
</System>
<EventData><Data Name="ScriptBlockId">1a8b102e-758f-405f-af6e-5b82d08a2a07</Data>
<Data Name="RunspaceId">62516b95-d457-41c9-aa13-31b963bcf8bb</Data>
</EventData>
</Event>

<Event xmlns="http://schemas.microsoft.com/win/2004/08/events/event"><System><Provider Name="Microsoft-Windows-PowerShell" Guid="{a0c1853b-5c40-4b15-8766-3cf1c58f985a}"></Provider>
<EventID Qualifiers="">4106</EventID>
<Version>1</Version>
<Level>5</Level>
<Task>103</Task>
<Opcode>15</Opcode>
<Keywords>0x0000000000000000</Keywords>
<TimeCreated SystemTime="2025-04-10 06:37:05.917599"></TimeCreated>
<EventRecordID>3707</EventRecordID>
<Correlation ActivityID="{d72fe4f3-a9dd-0003-67d6-30d7dda9db01}" RelatedActivityID=""></Correlation>
<Execution ProcessID="9808" ThreadID="4644"></Execution>
<Channel>Microsoft-Windows-PowerShell/Operational</Channel>
<Computer>DESKTOP-M3AKJSD</Computer>
<Security UserID="S-1-5-21-3999086100-426973801-4203759309-1002"></Security>
</System>
<EventData><Data Name="ScriptBlockId">1a8b102e-758f-405f-af6e-5b82d08a2a07</Data>
<Data Name="RunspaceId">62516b95-d457-41c9-aa13-31b963bcf8bb</Data>
</EventData>
</Event>

<Event xmlns="http://schemas.microsoft.com/win/2004/08/events/event"><System><Provider Name="Microsoft-Windows-PowerShell" Guid="{a0c1853b-5c40-4b15-8766-3cf1c58f985a}"></Provider>
<EventID Qualifiers="">4106</EventID>
<Version>1</Version>
<Level>5</Level>
<Task>103</Task>
<Opcode>15</Opcode>
<Keywords>0x0000000000000000</Keywords>
<TimeCreated SystemTime="2025-04-10 06:37:05.917608"></TimeCreated>
<EventRecordID>3708</EventRecordID>
<Correlation ActivityID="{d72fe4f3-a9dd-0003-67d6-30d7dda9db01}" RelatedActivityID=""></Correlation>
<Execution ProcessID="9808" ThreadID="4644"></Execution>
<Channel>Microsoft-Windows-PowerShell/Operational</Channel>
<Computer>DESKTOP-M3AKJSD</Computer>
<Security UserID="S-1-5-21-3999086100-426973801-4203759309-1002"></Security>
</System>
<EventData><Data Name="ScriptBlockId">64d28cde-03c8-4d6a-ab24-32c38f4ee4fe</Data>
<Data Name="RunspaceId">62516b95-d457-41c9-aa13-31b963bcf8bb</Data>
</EventData>
</Event>

<Event xmlns="http://schemas.microsoft.com/win/2004/08/events/event"><System><Provider Name="Microsoft-Windows-PowerShell" Guid="{a0c1853b-5c40-4b15-8766-3cf1c58f985a}"></Provider>
<EventID Qualifiers="">4105</EventID>
<Version>1</Version>
<Level>5</Level>
<Task>102</Task>
<Opcode>15</Opcode>
<Keywords>0x0000000000000000</Keywords>
<TimeCreated SystemTime="2025-04-10 06:37:05.918612"></TimeCreated>
<EventRecordID>3709</EventRecordID>
<Correlation ActivityID="{d72fe4f3-a9dd-0001-7156-31d7dda9db01}" RelatedActivityID=""></Correlation>
<Execution ProcessID="9808" ThreadID="4644"></Execution>
<Channel>Microsoft-Windows-PowerShell/Operational</Channel>
<Computer>DESKTOP-M3AKJSD</Computer>
<Security UserID="S-1-5-21-3999086100-426973801-4203759309-1002"></Security>
</System>
<EventData><Data Name="ScriptBlockId">8a832e35-24e1-4fa8-a129-0098e18f7f1d</Data>
<Data Name="RunspaceId">62516b95-d457-41c9-aa13-31b963bcf8bb</Data>
</EventData>
</Event>

<Event xmlns="http://schemas.microsoft.com/win/2004/08/events/event"><System><Provider Name="Microsoft-Windows-PowerShell" Guid="{a0c1853b-5c40-4b15-8766-3cf1c58f985a}"></Provider>
<EventID Qualifiers="">4103</EventID>
<Version>1</Version>
<Level>4</Level>
<Task>106</Task>
<Opcode>20</Opcode>
<Keywords>0x0000000000000000</Keywords>
<TimeCreated SystemTime="2025-04-10 06:37:05.919065"></TimeCreated>
<EventRecordID>3710</EventRecordID>
<Correlation ActivityID="{d72fe4f3-a9dd-0001-7256-31d7dda9db01}" RelatedActivityID=""></Correlation>
<Execution ProcessID="9808" ThreadID="4644"></Execution>
<Channel>Microsoft-Windows-PowerShell/Operational</Channel>
<Computer>DESKTOP-M3AKJSD</Computer>
<Security UserID="S-1-5-21-3999086100-426973801-4203759309-1002"></Security>
</System>
<EventData><Data Name="ContextInfo">        Severity = Informational
        Host Name = ConsoleHost
        Host Version = 5.1.26100.3624
        Host ID = 06070939-645a-4cb4-bb35-feff3e76ad09
        Host Application = C:\Windows\System32\WindowsPowerShell\v1.0\powershell.exe
        Engine Version = 5.1.26100.3624
        Runspace ID = 62516b95-d457-41c9-aa13-31b963bcf8bb
        Pipeline ID = 46
        Command Name = Set-StrictMode
        Command Type = Cmdlet
        Script Name = C:\Program Files\WindowsPowerShell\Modules\PSReadLine\2.0.0\PSReadLine.psm1
        Command Path = 
        Sequence Number = 194
        User = DESKTOP-M3AKJSD\User
        Connected User = 
        Shell ID = Microsoft.PowerShell
</Data>
<Data Name="UserData"></Data>
<Data Name="Payload">CommandInvocation(Set-StrictMode): "Set-StrictMode"
ParameterBinding(Set-StrictMode): name="Off"; value="True"
</Data>
</EventData>
</Event>

<Event xmlns="http://schemas.microsoft.com/win/2004/08/events/event"><System><Provider Name="Microsoft-Windows-PowerShell" Guid="{a0c1853b-5c40-4b15-8766-3cf1c58f985a}"></Provider>
<EventID Qualifiers="">4106</EventID>
<Version>1</Version>
<Level>5</Level>
<Task>103</Task>
<Opcode>15</Opcode>
<Keywords>0x0000000000000000</Keywords>
<TimeCreated SystemTime="2025-04-10 06:37:39.287298"></TimeCreated>
<EventRecordID>3711</EventRecordID>
<Correlation ActivityID="{d72fe4f3-a9dd-0001-7256-31d7dda9db01}" RelatedActivityID=""></Correlation>
<Execution ProcessID="9808" ThreadID="4644"></Execution>
<Channel>Microsoft-Windows-PowerShell/Operational</Channel>
<Computer>DESKTOP-M3AKJSD</Computer>
<Security UserID="S-1-5-21-3999086100-426973801-4203759309-1002"></Security>
</System>
<EventData><Data Name="ScriptBlockId">8a832e35-24e1-4fa8-a129-0098e18f7f1d</Data>
<Data Name="RunspaceId">62516b95-d457-41c9-aa13-31b963bcf8bb</Data>
</EventData>
</Event>

<Event xmlns="http://schemas.microsoft.com/win/2004/08/events/event"><System><Provider Name="Microsoft-Windows-PowerShell" Guid="{a0c1853b-5c40-4b15-8766-3cf1c58f985a}"></Provider>
<EventID Qualifiers="">4103</EventID>
<Version>1</Version>
<Level>4</Level>
<Task>106</Task>
<Opcode>20</Opcode>
<Keywords>0x0000000000000000</Keywords>
<TimeCreated SystemTime="2025-04-10 06:37:39.288208"></TimeCreated>
<EventRecordID>3712</EventRecordID>
<Correlation ActivityID="{d72fe4f3-a9dd-0001-7156-31d7dda9db01}" RelatedActivityID=""></Correlation>
<Execution ProcessID="9808" ThreadID="4644"></Execution>
<Channel>Microsoft-Windows-PowerShell/Operational</Channel>
<Computer>DESKTOP-M3AKJSD</Computer>
<Security UserID="S-1-5-21-3999086100-426973801-4203759309-1002"></Security>
</System>
<EventData><Data Name="ContextInfo">        Severity = Informational
        Host Name = ConsoleHost
        Host Version = 5.1.26100.3624
        Host ID = 06070939-645a-4cb4-bb35-feff3e76ad09
        Host Application = C:\Windows\System32\WindowsPowerShell\v1.0\powershell.exe
        Engine Version = 5.1.26100.3624
        Runspace ID = 62516b95-d457-41c9-aa13-31b963bcf8bb
        Pipeline ID = 46
        Command Name = PSConsoleHostReadLine
        Command Type = Function
        Script Name = 
        Command Path = 
        Sequence Number = 196
        User = DESKTOP-M3AKJSD\User
        Connected User = 
        Shell ID = Microsoft.PowerShell
</Data>
<Data Name="UserData"></Data>
<Data Name="Payload">CommandInvocation(PSConsoleHostReadLine): "PSConsoleHostReadLine"
</Data>
</EventData>
</Event>

<Event xmlns="http://schemas.microsoft.com/win/2004/08/events/event"><System><Provider Name="Microsoft-Windows-PowerShell" Guid="{a0c1853b-5c40-4b15-8766-3cf1c58f985a}"></Provider>
<EventID Qualifiers="">4104</EventID>
<Version>1</Version>
<Level>5</Level>
<Task>2</Task>
<Opcode>15</Opcode>
<Keywords>0x0000000000000000</Keywords>
<TimeCreated SystemTime="2025-04-10 06:37:39.290251"></TimeCreated>
<EventRecordID>3713</EventRecordID>
<Correlation ActivityID="{d72fe4f3-a9dd-0001-6c59-31d7dda9db01}" RelatedActivityID=""></Correlation>
<Execution ProcessID="9808" ThreadID="4644"></Execution>
<Channel>Microsoft-Windows-PowerShell/Operational</Channel>
<Computer>DESKTOP-M3AKJSD</Computer>
<Security UserID="S-1-5-21-3999086100-426973801-4203759309-1002"></Security>
</System>
<EventData><Data Name="MessageNumber">1</Data>
<Data Name="MessageTotal">1</Data>
<Data Name="ScriptBlockText">cls</Data>
<Data Name="ScriptBlockId">5768381c-d376-43de-a8d2-9c2f8bc1054f</Data>
<Data Name="Path"></Data>
</EventData>
</Event>

<Event xmlns="http://schemas.microsoft.com/win/2004/08/events/event"><System><Provider Name="Microsoft-Windows-PowerShell" Guid="{a0c1853b-5c40-4b15-8766-3cf1c58f985a}"></Provider>
<EventID Qualifiers="">4105</EventID>
<Version>1</Version>
<Level>5</Level>
<Task>102</Task>
<Opcode>15</Opcode>
<Keywords>0x0000000000000000</Keywords>
<TimeCreated SystemTime="2025-04-10 06:37:39.290255"></TimeCreated>
<EventRecordID>3714</EventRecordID>
<Correlation ActivityID="{d72fe4f3-a9dd-0001-6c59-31d7dda9db01}" RelatedActivityID=""></Correlation>
<Execution ProcessID="9808" ThreadID="4644"></Execution>
<Channel>Microsoft-Windows-PowerShell/Operational</Channel>
<Computer>DESKTOP-M3AKJSD</Computer>
<Security UserID="S-1-5-21-3999086100-426973801-4203759309-1002"></Security>
</System>
<EventData><Data Name="ScriptBlockId">5768381c-d376-43de-a8d2-9c2f8bc1054f</Data>
<Data Name="RunspaceId">62516b95-d457-41c9-aa13-31b963bcf8bb</Data>
</EventData>
</Event>

