<Event xmlns="http://schemas.microsoft.com/win/2004/08/events/event"><System><Provider Name="Microsoft-Windows-PowerShell" Guid="{a0c1853b-5c40-4b15-8766-3cf1c58f985a}"></Provider>
<EventID Qualifiers="">4104</EventID>
<Version>1</Version>
<Level>5</Level>
<Task>2</Task>
<Opcode>15</Opcode>
<Keywords>0x0000000000000000</Keywords>
<TimeCreated SystemTime="2025-04-10 06:12:15.070435"></TimeCreated>
<EventRecordID>3200</EventRecordID>
<Correlation ActivityID="{d72fe4f3-a9dd-0002-ea74-30d7dda9db01}" RelatedActivityID=""></Correlation>
<Execution ProcessID="5616" ThreadID="6388"></Execution>
<Channel>Microsoft-Windows-PowerShell/Operational</Channel>
<Computer>DESKTOP-M3AKJSD</Computer>
<Security UserID="S-1-5-21-3999086100-426973801-4203759309-1002"></Security>
</System>
<EventData><Data Name="MessageNumber">1</Data>
<Data Name="MessageTotal">1</Data>
<Data Name="ScriptBlockText"># Localized	04/01/2024 04:51 AM (GMT)	303:7.2.30118 	CL_LocalizationData.psd1
ConvertFrom-StringData @'
###PSLOC
filesFailToRemove_description=Exceptions caught while removing files.
checkBrokenDesktopShortcuts_progress=Checking for broken shortcuts...
checkBrokenStartupShortcuts_progress=Checking for broken startup links...
brokenDesktopShortcuts_name=Broken desktop shortcuts
brokenDesktopShortcuts_description=List of desktop shortcuts for which the target executable no longer exists.
brokenStartupShortcuts_name=Broken startup shortcuts
brokenStartupShortcuts_description=List of startup shortcuts for which the target executable no longer exists.
deleteBrokenDesktopShortcuts_progress=Deleting broken shortcuts...
deleteBrokenStartupShortcuts_progress=Deleting broken startup links...
checkSystemTime_progress=Checking clock time...
syncSystemTime_progress=Synchronizing clock time...
timeDelayAgainstTimeServer_name=Clock synchronization
checkUnusedDesktopIcons_progress=Checking for unused desktop icons...
unusedDesktopShortcuts_name=Unused desktop shortcuts
unusedDesktopShortcuts_description=List of shortcuts that have not been recently accessed for
unusedTimeUnit=months.
deleteUnusedDesktopShortcuts_progress=Deleting unused shortcuts...
timeServerName=Time server name
samplesCollected=Samples collected
serverTime=Server time
localTime=Local time
timeDifference=Time difference
shortcutName=Shortcut name
CheckWERQueue=Checking for unnecessary files...
DeleteUserWERQueue=Deleting Windows error reports...
DeleteSystemWERQueue=Deleting Windows error reports...
CheckTSHistory=Checking for unnecessary files...
DeleteUserTSHistory=Deleting troubleshooting history...
DeleteAdminTSHistory=Deleting troubleshooting history...
freeSpace=Free space
totalSpace=Total space
driveName=Drive name
systemDriveInfo_name=Disk information
systemDriveInfo_description=Details of the system drive.
UserReportInfo_name=User Report details
UserReportInfo_description=Details of the Windows error reporting user queue.
userReportPath=Folder name
userReportSpace=Disk space
MachineReportInfo_name=System report details
MachineReportInfo_description=Details of the Windows error reporting system queue.
MachineReportPath=Folder name
MachineReportSpace=Disk space
reclaimedUserReportSize=Reclaimed space
ReclaimedUserReportInfo_name=Deleted user reports
ReclaimedUserReportInfo_description=Details of the updated Windows error reporting user queue.
reclaimedMachineReportSize=Reclaimed space
ReclaimedMachineReportInfo_name=Deleted system reports
ReclaimedMachineReportInfo_description=Details of the updated Windows error reporting system queue.
userTSHistoryPath=Folder name
adminTSHistoryPath=Folder name
UserTSHistoryInfo_name=User troubleshooting history details
UserTSHistoryInfo_description=Details of the user troubleshooting history logs.
AdminTSHistoryInfo_name=Administrator troubleshooting history details
AdminTSHistoryInfo_description=Details of the administrator troubleshooting history logs.
ReclaimedUserTSHistroyInfo_name=Deleted user troubleshooting history
ReclaimedUserTSHistroyInfo_description=Details of the updated user troubleshooting history folder.
ReclaimedAdminTSHistroyInfo_name=Deleted administrator troubleshooting history
ReclaimedAdminTSHistroyInfo_description=Details of the updated administrator troubleshooting history folder.
userTSHistorySize=Disk space
adminTSHistorySize=Disk space
###PSLOC
'@
</Data>
<Data Name="ScriptBlockId">d2590cc8-da31-4423-a7e5-0028310124e2</Data>
<Data Name="Path"></Data>
</EventData>
</Event>

<Event xmlns="http://schemas.microsoft.com/win/2004/08/events/event"><System><Provider Name="Microsoft-Windows-PowerShell" Guid="{a0c1853b-5c40-4b15-8766-3cf1c58f985a}"></Provider>
<EventID Qualifiers="">4105</EventID>
<Version>1</Version>
<Level>5</Level>
<Task>102</Task>
<Opcode>15</Opcode>
<Keywords>0x0000000000000000</Keywords>
<TimeCreated SystemTime="2025-04-10 06:12:15.070438"></TimeCreated>
<EventRecordID>3201</EventRecordID>
<Correlation ActivityID="{d72fe4f3-a9dd-0002-ea74-30d7dda9db01}" RelatedActivityID=""></Correlation>
<Execution ProcessID="5616" ThreadID="6388"></Execution>
<Channel>Microsoft-Windows-PowerShell/Operational</Channel>
<Computer>DESKTOP-M3AKJSD</Computer>
<Security UserID="S-1-5-21-3999086100-426973801-4203759309-1002"></Security>
</System>
<EventData><Data Name="ScriptBlockId">d2590cc8-da31-4423-a7e5-0028310124e2</Data>
<Data Name="RunspaceId">ac635bc2-7fac-47a2-9734-707b73c7c7e8</Data>
</EventData>
</Event>

<Event xmlns="http://schemas.microsoft.com/win/2004/08/events/event"><System><Provider Name="Microsoft-Windows-PowerShell" Guid="{a0c1853b-5c40-4b15-8766-3cf1c58f985a}"></Provider>
<EventID Qualifiers="">4106</EventID>
<Version>1</Version>
<Level>5</Level>
<Task>103</Task>
<Opcode>15</Opcode>
<Keywords>0x0000000000000000</Keywords>
<TimeCreated SystemTime="2025-04-10 06:12:15.079426"></TimeCreated>
<EventRecordID>3202</EventRecordID>
<Correlation ActivityID="{d72fe4f3-a9dd-0002-eb74-30d7dda9db01}" RelatedActivityID=""></Correlation>
<Execution ProcessID="5616" ThreadID="6388"></Execution>
<Channel>Microsoft-Windows-PowerShell/Operational</Channel>
<Computer>DESKTOP-M3AKJSD</Computer>
<Security UserID="S-1-5-21-3999086100-426973801-4203759309-1002"></Security>
</System>
<EventData><Data Name="ScriptBlockId">d2590cc8-da31-4423-a7e5-0028310124e2</Data>
<Data Name="RunspaceId">ac635bc2-7fac-47a2-9734-707b73c7c7e8</Data>
</EventData>
</Event>

<Event xmlns="http://schemas.microsoft.com/win/2004/08/events/event"><System><Provider Name="Microsoft-Windows-PowerShell" Guid="{a0c1853b-5c40-4b15-8766-3cf1c58f985a}"></Provider>
<EventID Qualifiers="">4106</EventID>
<Version>1</Version>
<Level>5</Level>
<Task>103</Task>
<Opcode>15</Opcode>
<Keywords>0x0000000000000000</Keywords>
<TimeCreated SystemTime="2025-04-10 06:12:15.079664"></TimeCreated>
<EventRecordID>3203</EventRecordID>
<Correlation ActivityID="{d72fe4f3-a9dd-0002-ea74-30d7dda9db01}" RelatedActivityID=""></Correlation>
<Execution ProcessID="5616" ThreadID="6388"></Execution>
<Channel>Microsoft-Windows-PowerShell/Operational</Channel>
<Computer>DESKTOP-M3AKJSD</Computer>
<Security UserID="S-1-5-21-3999086100-426973801-4203759309-1002"></Security>
</System>
<EventData><Data Name="ScriptBlockId">12ffbb93-b12e-43d2-b1ab-9a908a87a54b</Data>
<Data Name="RunspaceId">ac635bc2-7fac-47a2-9734-707b73c7c7e8</Data>
</EventData>
</Event>

<Event xmlns="http://schemas.microsoft.com/win/2004/08/events/event"><System><Provider Name="Microsoft-Windows-PowerShell" Guid="{a0c1853b-5c40-4b15-8766-3cf1c58f985a}"></Provider>
<EventID Qualifiers="">4104</EventID>
<Version>1</Version>
<Level>5</Level>
<Task>2</Task>
<Opcode>15</Opcode>
<Keywords>0x0000000000000000</Keywords>
<TimeCreated SystemTime="2025-04-10 06:12:15.082504"></TimeCreated>
<EventRecordID>3204</EventRecordID>
<Correlation ActivityID="{d72fe4f3-a9dd-0001-6294-30d7dda9db01}" RelatedActivityID=""></Correlation>
<Execution ProcessID="5616" ThreadID="6388"></Execution>
<Channel>Microsoft-Windows-PowerShell/Operational</Channel>
<Computer>DESKTOP-M3AKJSD</Computer>
<Security UserID="S-1-5-21-3999086100-426973801-4203759309-1002"></Security>
</System>
<EventData><Data Name="MessageNumber">1</Data>
<Data Name="MessageTotal">1</Data>
<Data Name="ScriptBlockText"># Localized	04/01/2024 04:51 AM (GMT)	303:7.2.30118 	CL_LocalizationData.psd1
ConvertFrom-StringData @'
###PSLOC
filesFailToRemove_description=Exceptions caught while removing files.
checkBrokenDesktopShortcuts_progress=Checking for broken shortcuts...
checkBrokenStartupShortcuts_progress=Checking for broken startup links...
brokenDesktopShortcuts_name=Broken desktop shortcuts
brokenDesktopShortcuts_description=List of desktop shortcuts for which the target executable no longer exists.
brokenStartupShortcuts_name=Broken startup shortcuts
brokenStartupShortcuts_description=List of startup shortcuts for which the target executable no longer exists.
deleteBrokenDesktopShortcuts_progress=Deleting broken shortcuts...
deleteBrokenStartupShortcuts_progress=Deleting broken startup links...
checkSystemTime_progress=Checking clock time...
syncSystemTime_progress=Synchronizing clock time...
timeDelayAgainstTimeServer_name=Clock synchronization
checkUnusedDesktopIcons_progress=Checking for unused desktop icons...
unusedDesktopShortcuts_name=Unused desktop shortcuts
unusedDesktopShortcuts_description=List of shortcuts that have not been recently accessed for
unusedTimeUnit=months.
deleteUnusedDesktopShortcuts_progress=Deleting unused shortcuts...
timeServerName=Time server name
samplesCollected=Samples collected
serverTime=Server time
localTime=Local time
timeDifference=Time difference
shortcutName=Shortcut name
CheckWERQueue=Checking for unnecessary files...
DeleteUserWERQueue=Deleting Windows error reports...
DeleteSystemWERQueue=Deleting Windows error reports...
CheckTSHistory=Checking for unnecessary files...
DeleteUserTSHistory=Deleting troubleshooting history...
DeleteAdminTSHistory=Deleting troubleshooting history...
freeSpace=Free space
totalSpace=Total space
driveName=Drive name
systemDriveInfo_name=Disk information
systemDriveInfo_description=Details of the system drive.
UserReportInfo_name=User Report details
UserReportInfo_description=Details of the Windows error reporting user queue.
userReportPath=Folder name
userReportSpace=Disk space
MachineReportInfo_name=System report details
MachineReportInfo_description=Details of the Windows error reporting system queue.
MachineReportPath=Folder name
MachineReportSpace=Disk space
reclaimedUserReportSize=Reclaimed space
ReclaimedUserReportInfo_name=Deleted user reports
ReclaimedUserReportInfo_description=Details of the updated Windows error reporting user queue.
reclaimedMachineReportSize=Reclaimed space
ReclaimedMachineReportInfo_name=Deleted system reports
ReclaimedMachineReportInfo_description=Details of the updated Windows error reporting system queue.
userTSHistoryPath=Folder name
adminTSHistoryPath=Folder name
UserTSHistoryInfo_name=User troubleshooting history details
UserTSHistoryInfo_description=Details of the user troubleshooting history logs.
AdminTSHistoryInfo_name=Administrator troubleshooting history details
AdminTSHistoryInfo_description=Details of the administrator troubleshooting history logs.
ReclaimedUserTSHistroyInfo_name=Deleted user troubleshooting history
ReclaimedUserTSHistroyInfo_description=Details of the updated user troubleshooting history folder.
ReclaimedAdminTSHistroyInfo_name=Deleted administrator troubleshooting history
ReclaimedAdminTSHistroyInfo_description=Details of the updated administrator troubleshooting history folder.
userTSHistorySize=Disk space
adminTSHistorySize=Disk space
###PSLOC
'@
</Data>
<Data Name="ScriptBlockId">eab2f8e0-bd06-47b1-a962-8aa548dd2cef</Data>
<Data Name="Path"></Data>
</EventData>
</Event>

<Event xmlns="http://schemas.microsoft.com/win/2004/08/events/event"><System><Provider Name="Microsoft-Windows-PowerShell" Guid="{a0c1853b-5c40-4b15-8766-3cf1c58f985a}"></Provider>
<EventID Qualifiers="">4105</EventID>
<Version>1</Version>
<Level>5</Level>
<Task>102</Task>
<Opcode>15</Opcode>
<Keywords>0x0000000000000000</Keywords>
<TimeCreated SystemTime="2025-04-10 06:12:15.082510"></TimeCreated>
<EventRecordID>3205</EventRecordID>
<Correlation ActivityID="{d72fe4f3-a9dd-0001-6294-30d7dda9db01}" RelatedActivityID=""></Correlation>
<Execution ProcessID="5616" ThreadID="6388"></Execution>
<Channel>Microsoft-Windows-PowerShell/Operational</Channel>
<Computer>DESKTOP-M3AKJSD</Computer>
<Security UserID="S-1-5-21-3999086100-426973801-4203759309-1002"></Security>
</System>
<EventData><Data Name="ScriptBlockId">eab2f8e0-bd06-47b1-a962-8aa548dd2cef</Data>
<Data Name="RunspaceId">ac635bc2-7fac-47a2-9734-707b73c7c7e8</Data>
</EventData>
</Event>

<Event xmlns="http://schemas.microsoft.com/win/2004/08/events/event"><System><Provider Name="Microsoft-Windows-PowerShell" Guid="{a0c1853b-5c40-4b15-8766-3cf1c58f985a}"></Provider>
<EventID Qualifiers="">4106</EventID>
<Version>1</Version>
<Level>5</Level>
<Task>103</Task>
<Opcode>15</Opcode>
<Keywords>0x0000000000000000</Keywords>
<TimeCreated SystemTime="2025-04-10 06:12:15.082729"></TimeCreated>
<EventRecordID>3206</EventRecordID>
<Correlation ActivityID="{d72fe4f3-a9dd-0003-c266-30d7dda9db01}" RelatedActivityID=""></Correlation>
<Execution ProcessID="5616" ThreadID="6388"></Execution>
<Channel>Microsoft-Windows-PowerShell/Operational</Channel>
<Computer>DESKTOP-M3AKJSD</Computer>
<Security UserID="S-1-5-21-3999086100-426973801-4203759309-1002"></Security>
</System>
<EventData><Data Name="ScriptBlockId">eab2f8e0-bd06-47b1-a962-8aa548dd2cef</Data>
<Data Name="RunspaceId">ac635bc2-7fac-47a2-9734-707b73c7c7e8</Data>
</EventData>
</Event>

<Event xmlns="http://schemas.microsoft.com/win/2004/08/events/event"><System><Provider Name="Microsoft-Windows-PowerShell" Guid="{a0c1853b-5c40-4b15-8766-3cf1c58f985a}"></Provider>
<EventID Qualifiers="">4104</EventID>
<Version>1</Version>
<Level>5</Level>
<Task>2</Task>
<Opcode>15</Opcode>
<Keywords>0x0000000000000000</Keywords>
<TimeCreated SystemTime="2025-04-10 06:12:15.087046"></TimeCreated>
<EventRecordID>3207</EventRecordID>
<Correlation ActivityID="{d72fe4f3-a9dd-0001-6694-30d7dda9db01}" RelatedActivityID=""></Correlation>
<Execution ProcessID="5616" ThreadID="6388"></Execution>
<Channel>Microsoft-Windows-PowerShell/Operational</Channel>
<Computer>DESKTOP-M3AKJSD</Computer>
<Security UserID="S-1-5-21-3999086100-426973801-4203759309-1002"></Security>
</System>
<EventData><Data Name="MessageNumber">1</Data>
<Data Name="MessageTotal">1</Data>
<Data Name="ScriptBlockText">function Get-UserTSHistoryPath {
    return "${env:localappdata}\diagnostics"
}</Data>
<Data Name="ScriptBlockId">56e856d4-40ce-4bc2-9b97-165ac70cc930</Data>
<Data Name="Path">C:\WINDOWS\TEMP\SDIAG_1ce381e2-2110-4de5-b469-608e12337a67\CL_Utility.ps1</Data>
</EventData>
</Event>

<Event xmlns="http://schemas.microsoft.com/win/2004/08/events/event"><System><Provider Name="Microsoft-Windows-PowerShell" Guid="{a0c1853b-5c40-4b15-8766-3cf1c58f985a}"></Provider>
<EventID Qualifiers="">4105</EventID>
<Version>1</Version>
<Level>5</Level>
<Task>102</Task>
<Opcode>15</Opcode>
<Keywords>0x0000000000000000</Keywords>
<TimeCreated SystemTime="2025-04-10 06:12:15.087049"></TimeCreated>
<EventRecordID>3208</EventRecordID>
<Correlation ActivityID="{d72fe4f3-a9dd-0001-6694-30d7dda9db01}" RelatedActivityID=""></Correlation>
<Execution ProcessID="5616" ThreadID="6388"></Execution>
<Channel>Microsoft-Windows-PowerShell/Operational</Channel>
<Computer>DESKTOP-M3AKJSD</Computer>
<Security UserID="S-1-5-21-3999086100-426973801-4203759309-1002"></Security>
</System>
<EventData><Data Name="ScriptBlockId">56e856d4-40ce-4bc2-9b97-165ac70cc930</Data>
<Data Name="RunspaceId">ac635bc2-7fac-47a2-9734-707b73c7c7e8</Data>
</EventData>
</Event>

<Event xmlns="http://schemas.microsoft.com/win/2004/08/events/event"><System><Provider Name="Microsoft-Windows-PowerShell" Guid="{a0c1853b-5c40-4b15-8766-3cf1c58f985a}"></Provider>
<EventID Qualifiers="">4106</EventID>
<Version>1</Version>
<Level>5</Level>
<Task>103</Task>
<Opcode>15</Opcode>
<Keywords>0x0000000000000000</Keywords>
<TimeCreated SystemTime="2025-04-10 06:12:15.087128"></TimeCreated>
<EventRecordID>3209</EventRecordID>
<Correlation ActivityID="{d72fe4f3-a9dd-0001-6694-30d7dda9db01}" RelatedActivityID=""></Correlation>
<Execution ProcessID="5616" ThreadID="6388"></Execution>
<Channel>Microsoft-Windows-PowerShell/Operational</Channel>
<Computer>DESKTOP-M3AKJSD</Computer>
<Security UserID="S-1-5-21-3999086100-426973801-4203759309-1002"></Security>
</System>
<EventData><Data Name="ScriptBlockId">56e856d4-40ce-4bc2-9b97-165ac70cc930</Data>
<Data Name="RunspaceId">ac635bc2-7fac-47a2-9734-707b73c7c7e8</Data>
</EventData>
</Event>

<Event xmlns="http://schemas.microsoft.com/win/2004/08/events/event"><System><Provider Name="Microsoft-Windows-PowerShell" Guid="{a0c1853b-5c40-4b15-8766-3cf1c58f985a}"></Provider>
<EventID Qualifiers="">4104</EventID>
<Version>1</Version>
<Level>5</Level>
<Task>2</Task>
<Opcode>15</Opcode>
<Keywords>0x0000000000000000</Keywords>
<TimeCreated SystemTime="2025-04-10 06:12:15.087395"></TimeCreated>
<EventRecordID>3210</EventRecordID>
<Correlation ActivityID="{d72fe4f3-a9dd-0001-6794-30d7dda9db01}" RelatedActivityID=""></Correlation>
<Execution ProcessID="5616" ThreadID="6388"></Execution>
<Channel>Microsoft-Windows-PowerShell/Operational</Channel>
<Computer>DESKTOP-M3AKJSD</Computer>
<Security UserID="S-1-5-21-3999086100-426973801-4203759309-1002"></Security>
</System>
<EventData><Data Name="MessageNumber">1</Data>
<Data Name="MessageTotal">1</Data>
<Data Name="ScriptBlockText">function Get-AdminTSHistoryPath {
    return "${env:localappdata}\elevateddiagnostics"
}</Data>
<Data Name="ScriptBlockId">2e596108-2f3f-416a-ba32-f4e21b3ed653</Data>
<Data Name="Path">C:\WINDOWS\TEMP\SDIAG_1ce381e2-2110-4de5-b469-608e12337a67\CL_Utility.ps1</Data>
</EventData>
</Event>

<Event xmlns="http://schemas.microsoft.com/win/2004/08/events/event"><System><Provider Name="Microsoft-Windows-PowerShell" Guid="{a0c1853b-5c40-4b15-8766-3cf1c58f985a}"></Provider>
<EventID Qualifiers="">4105</EventID>
<Version>1</Version>
<Level>5</Level>
<Task>102</Task>
<Opcode>15</Opcode>
<Keywords>0x0000000000000000</Keywords>
<TimeCreated SystemTime="2025-04-10 06:12:15.087399"></TimeCreated>
<EventRecordID>3211</EventRecordID>
<Correlation ActivityID="{d72fe4f3-a9dd-0001-6794-30d7dda9db01}" RelatedActivityID=""></Correlation>
<Execution ProcessID="5616" ThreadID="6388"></Execution>
<Channel>Microsoft-Windows-PowerShell/Operational</Channel>
<Computer>DESKTOP-M3AKJSD</Computer>
<Security UserID="S-1-5-21-3999086100-426973801-4203759309-1002"></Security>
</System>
<EventData><Data Name="ScriptBlockId">2e596108-2f3f-416a-ba32-f4e21b3ed653</Data>
<Data Name="RunspaceId">ac635bc2-7fac-47a2-9734-707b73c7c7e8</Data>
</EventData>
</Event>

<Event xmlns="http://schemas.microsoft.com/win/2004/08/events/event"><System><Provider Name="Microsoft-Windows-PowerShell" Guid="{a0c1853b-5c40-4b15-8766-3cf1c58f985a}"></Provider>
<EventID Qualifiers="">4106</EventID>
<Version>1</Version>
<Level>5</Level>
<Task>103</Task>
<Opcode>15</Opcode>
<Keywords>0x0000000000000000</Keywords>
<TimeCreated SystemTime="2025-04-10 06:12:15.087450"></TimeCreated>
<EventRecordID>3212</EventRecordID>
<Correlation ActivityID="{d72fe4f3-a9dd-0001-6794-30d7dda9db01}" RelatedActivityID=""></Correlation>
<Execution ProcessID="5616" ThreadID="6388"></Execution>
<Channel>Microsoft-Windows-PowerShell/Operational</Channel>
<Computer>DESKTOP-M3AKJSD</Computer>
<Security UserID="S-1-5-21-3999086100-426973801-4203759309-1002"></Security>
</System>
<EventData><Data Name="ScriptBlockId">2e596108-2f3f-416a-ba32-f4e21b3ed653</Data>
<Data Name="RunspaceId">ac635bc2-7fac-47a2-9734-707b73c7c7e8</Data>
</EventData>
</Event>

<Event xmlns="http://schemas.microsoft.com/win/2004/08/events/event"><System><Provider Name="Microsoft-Windows-PowerShell" Guid="{a0c1853b-5c40-4b15-8766-3cf1c58f985a}"></Provider>
<EventID Qualifiers="">4105</EventID>
<Version>1</Version>
<Level>5</Level>
<Task>102</Task>
<Opcode>15</Opcode>
<Keywords>0x0000000000000000</Keywords>
<TimeCreated SystemTime="2025-04-10 06:12:15.087502"></TimeCreated>
<EventRecordID>3213</EventRecordID>
<Correlation ActivityID="{d72fe4f3-a9dd-0001-6894-30d7dda9db01}" RelatedActivityID=""></Correlation>
<Execution ProcessID="5616" ThreadID="6388"></Execution>
<Channel>Microsoft-Windows-PowerShell/Operational</Channel>
<Computer>DESKTOP-M3AKJSD</Computer>
<Security UserID="S-1-5-21-3999086100-426973801-4203759309-1002"></Security>
</System>
<EventData><Data Name="ScriptBlockId">ed904556-f95e-4120-92e2-9f13c265453e</Data>
<Data Name="RunspaceId">ac635bc2-7fac-47a2-9734-707b73c7c7e8</Data>
</EventData>
</Event>

<Event xmlns="http://schemas.microsoft.com/win/2004/08/events/event"><System><Provider Name="Microsoft-Windows-PowerShell" Guid="{a0c1853b-5c40-4b15-8766-3cf1c58f985a}"></Provider>
<EventID Qualifiers="">4106</EventID>
<Version>1</Version>
<Level>5</Level>
<Task>103</Task>
<Opcode>15</Opcode>
<Keywords>0x0000000000000000</Keywords>
<TimeCreated SystemTime="2025-04-10 06:12:15.088573"></TimeCreated>
<EventRecordID>3214</EventRecordID>
<Correlation ActivityID="{d72fe4f3-a9dd-0001-6994-30d7dda9db01}" RelatedActivityID=""></Correlation>
<Execution ProcessID="5616" ThreadID="6388"></Execution>
<Channel>Microsoft-Windows-PowerShell/Operational</Channel>
<Computer>DESKTOP-M3AKJSD</Computer>
<Security UserID="S-1-5-21-3999086100-426973801-4203759309-1002"></Security>
</System>
<EventData><Data Name="ScriptBlockId">ed904556-f95e-4120-92e2-9f13c265453e</Data>
<Data Name="RunspaceId">ac635bc2-7fac-47a2-9734-707b73c7c7e8</Data>
</EventData>
</Event>

<Event xmlns="http://schemas.microsoft.com/win/2004/08/events/event"><System><Provider Name="Microsoft-Windows-PowerShell" Guid="{a0c1853b-5c40-4b15-8766-3cf1c58f985a}"></Provider>
<EventID Qualifiers="">4105</EventID>
<Version>1</Version>
<Level>5</Level>
<Task>102</Task>
<Opcode>15</Opcode>
<Keywords>0x0000000000000000</Keywords>
<TimeCreated SystemTime="2025-04-10 06:12:15.088739"></TimeCreated>
<EventRecordID>3215</EventRecordID>
<Correlation ActivityID="{d72fe4f3-a9dd-0002-ec74-30d7dda9db01}" RelatedActivityID=""></Correlation>
<Execution ProcessID="5616" ThreadID="6388"></Execution>
<Channel>Microsoft-Windows-PowerShell/Operational</Channel>
<Computer>DESKTOP-M3AKJSD</Computer>
<Security UserID="S-1-5-21-3999086100-426973801-4203759309-1002"></Security>
</System>
<EventData><Data Name="ScriptBlockId">ed904556-f95e-4120-92e2-9f13c265453e</Data>
<Data Name="RunspaceId">ac635bc2-7fac-47a2-9734-707b73c7c7e8</Data>
</EventData>
</Event>

<Event xmlns="http://schemas.microsoft.com/win/2004/08/events/event"><System><Provider Name="Microsoft-Windows-PowerShell" Guid="{a0c1853b-5c40-4b15-8766-3cf1c58f985a}"></Provider>
<EventID Qualifiers="">4106</EventID>
<Version>1</Version>
<Level>5</Level>
<Task>103</Task>
<Opcode>15</Opcode>
<Keywords>0x0000000000000000</Keywords>
<TimeCreated SystemTime="2025-04-10 06:12:15.089165"></TimeCreated>
<EventRecordID>3216</EventRecordID>
<Correlation ActivityID="{d72fe4f3-a9dd-0001-6a94-30d7dda9db01}" RelatedActivityID=""></Correlation>
<Execution ProcessID="5616" ThreadID="6388"></Execution>
<Channel>Microsoft-Windows-PowerShell/Operational</Channel>
<Computer>DESKTOP-M3AKJSD</Computer>
<Security UserID="S-1-5-21-3999086100-426973801-4203759309-1002"></Security>
</System>
<EventData><Data Name="ScriptBlockId">ed904556-f95e-4120-92e2-9f13c265453e</Data>
<Data Name="RunspaceId">ac635bc2-7fac-47a2-9734-707b73c7c7e8</Data>
</EventData>
</Event>

<Event xmlns="http://schemas.microsoft.com/win/2004/08/events/event"><System><Provider Name="Microsoft-Windows-PowerShell" Guid="{a0c1853b-5c40-4b15-8766-3cf1c58f985a}"></Provider>
<EventID Qualifiers="">4105</EventID>
<Version>1</Version>
<Level>5</Level>
<Task>102</Task>
<Opcode>15</Opcode>
<Keywords>0x0000000000000000</Keywords>
<TimeCreated SystemTime="2025-04-10 06:12:15.089235"></TimeCreated>
<EventRecordID>3217</EventRecordID>
<Correlation ActivityID="{d72fe4f3-a9dd-0001-6b94-30d7dda9db01}" RelatedActivityID=""></Correlation>
<Execution ProcessID="5616" ThreadID="6388"></Execution>
<Channel>Microsoft-Windows-PowerShell/Operational</Channel>
<Computer>DESKTOP-M3AKJSD</Computer>
<Security UserID="S-1-5-21-3999086100-426973801-4203759309-1002"></Security>
</System>
<EventData><Data Name="ScriptBlockId">a9acbe52-db8f-4a3d-947f-71049677e49f</Data>
<Data Name="RunspaceId">ac635bc2-7fac-47a2-9734-707b73c7c7e8</Data>
</EventData>
</Event>

<Event xmlns="http://schemas.microsoft.com/win/2004/08/events/event"><System><Provider Name="Microsoft-Windows-PowerShell" Guid="{a0c1853b-5c40-4b15-8766-3cf1c58f985a}"></Provider>
<EventID Qualifiers="">4106</EventID>
<Version>1</Version>
<Level>5</Level>
<Task>103</Task>
<Opcode>15</Opcode>
<Keywords>0x0000000000000000</Keywords>
<TimeCreated SystemTime="2025-04-10 06:12:15.089285"></TimeCreated>
<EventRecordID>3218</EventRecordID>
<Correlation ActivityID="{d72fe4f3-a9dd-0001-6b94-30d7dda9db01}" RelatedActivityID=""></Correlation>
<Execution ProcessID="5616" ThreadID="6388"></Execution>
<Channel>Microsoft-Windows-PowerShell/Operational</Channel>
<Computer>DESKTOP-M3AKJSD</Computer>
<Security UserID="S-1-5-21-3999086100-426973801-4203759309-1002"></Security>
</System>
<EventData><Data Name="ScriptBlockId">a9acbe52-db8f-4a3d-947f-71049677e49f</Data>
<Data Name="RunspaceId">ac635bc2-7fac-47a2-9734-707b73c7c7e8</Data>
</EventData>
</Event>

<Event xmlns="http://schemas.microsoft.com/win/2004/08/events/event"><System><Provider Name="Microsoft-Windows-PowerShell" Guid="{a0c1853b-5c40-4b15-8766-3cf1c58f985a}"></Provider>
<EventID Qualifiers="">4104</EventID>
<Version>1</Version>
<Level>5</Level>
<Task>2</Task>
<Opcode>15</Opcode>
<Keywords>0x0000000000000000</Keywords>
<TimeCreated SystemTime="2025-04-10 06:12:15.104574"></TimeCreated>
<EventRecordID>3219</EventRecordID>
<Correlation ActivityID="{d72fe4f3-a9dd-0003-c966-30d7dda9db01}" RelatedActivityID=""></Correlation>
<Execution ProcessID="5616" ThreadID="6388"></Execution>
<Channel>Microsoft-Windows-PowerShell/Operational</Channel>
<Computer>DESKTOP-M3AKJSD</Computer>
<Security UserID="S-1-5-21-3999086100-426973801-4203759309-1002"></Security>
</System>
<EventData><Data Name="MessageNumber">1</Data>
<Data Name="MessageTotal">1</Data>
<Data Name="ScriptBlockText">{$_.Name}</Data>
<Data Name="ScriptBlockId">2fab567c-05b4-4ad6-bf6a-bc70e8579e10</Data>
<Data Name="Path">C:\WINDOWS\TEMP\SDIAG_1ce381e2-2110-4de5-b469-608e12337a67\TS_DiagnosticHistory.ps1</Data>
</EventData>
</Event>

<Event xmlns="http://schemas.microsoft.com/win/2004/08/events/event"><System><Provider Name="Microsoft-Windows-PowerShell" Guid="{a0c1853b-5c40-4b15-8766-3cf1c58f985a}"></Provider>
<EventID Qualifiers="">4105</EventID>
<Version>1</Version>
<Level>5</Level>
<Task>102</Task>
<Opcode>15</Opcode>
<Keywords>0x0000000000000000</Keywords>
<TimeCreated SystemTime="2025-04-10 06:12:15.104578"></TimeCreated>
<EventRecordID>3220</EventRecordID>
<Correlation ActivityID="{d72fe4f3-a9dd-0003-c966-30d7dda9db01}" RelatedActivityID=""></Correlation>
<Execution ProcessID="5616" ThreadID="6388"></Execution>
<Channel>Microsoft-Windows-PowerShell/Operational</Channel>
<Computer>DESKTOP-M3AKJSD</Computer>
<Security UserID="S-1-5-21-3999086100-426973801-4203759309-1002"></Security>
</System>
<EventData><Data Name="ScriptBlockId">2fab567c-05b4-4ad6-bf6a-bc70e8579e10</Data>
<Data Name="RunspaceId">ac635bc2-7fac-47a2-9734-707b73c7c7e8</Data>
</EventData>
</Event>

<Event xmlns="http://schemas.microsoft.com/win/2004/08/events/event"><System><Provider Name="Microsoft-Windows-PowerShell" Guid="{a0c1853b-5c40-4b15-8766-3cf1c58f985a}"></Provider>
<EventID Qualifiers="">4106</EventID>
<Version>1</Version>
<Level>5</Level>
<Task>103</Task>
<Opcode>15</Opcode>
<Keywords>0x0000000000000000</Keywords>
<TimeCreated SystemTime="2025-04-10 06:12:15.104626"></TimeCreated>
<EventRecordID>3221</EventRecordID>
<Correlation ActivityID="{d72fe4f3-a9dd-0003-c966-30d7dda9db01}" RelatedActivityID=""></Correlation>
<Execution ProcessID="5616" ThreadID="6388"></Execution>
<Channel>Microsoft-Windows-PowerShell/Operational</Channel>
<Computer>DESKTOP-M3AKJSD</Computer>
<Security UserID="S-1-5-21-3999086100-426973801-4203759309-1002"></Security>
</System>
<EventData><Data Name="ScriptBlockId">2fab567c-05b4-4ad6-bf6a-bc70e8579e10</Data>
<Data Name="RunspaceId">ac635bc2-7fac-47a2-9734-707b73c7c7e8</Data>
</EventData>
</Event>

<Event xmlns="http://schemas.microsoft.com/win/2004/08/events/event"><System><Provider Name="Microsoft-Windows-PowerShell" Guid="{a0c1853b-5c40-4b15-8766-3cf1c58f985a}"></Provider>
<EventID Qualifiers="">4104</EventID>
<Version>1</Version>
<Level>5</Level>
<Task>2</Task>
<Opcode>15</Opcode>
<Keywords>0x0000000000000000</Keywords>
<TimeCreated SystemTime="2025-04-10 06:12:15.106064"></TimeCreated>
<EventRecordID>3222</EventRecordID>
<Correlation ActivityID="{d72fe4f3-a9dd-0003-c966-30d7dda9db01}" RelatedActivityID=""></Correlation>
<Execution ProcessID="5616" ThreadID="6388"></Execution>
<Channel>Microsoft-Windows-PowerShell/Operational</Channel>
<Computer>DESKTOP-M3AKJSD</Computer>
<Security UserID="S-1-5-21-3999086100-426973801-4203759309-1002"></Security>
</System>
<EventData><Data Name="MessageNumber">1</Data>
<Data Name="MessageTotal">1</Data>
<Data Name="ScriptBlockText">{(Format-DiskSpaceMB $_.Space) + "MB"}</Data>
<Data Name="ScriptBlockId">e55fbf48-04b8-47c2-b822-1db0f568c9eb</Data>
<Data Name="Path">C:\WINDOWS\TEMP\SDIAG_1ce381e2-2110-4de5-b469-608e12337a67\TS_DiagnosticHistory.ps1</Data>
</EventData>
</Event>

<Event xmlns="http://schemas.microsoft.com/win/2004/08/events/event"><System><Provider Name="Microsoft-Windows-PowerShell" Guid="{a0c1853b-5c40-4b15-8766-3cf1c58f985a}"></Provider>
<EventID Qualifiers="">4105</EventID>
<Version>1</Version>
<Level>5</Level>
<Task>102</Task>
<Opcode>15</Opcode>
<Keywords>0x0000000000000000</Keywords>
<TimeCreated SystemTime="2025-04-10 06:12:15.106066"></TimeCreated>
<EventRecordID>3223</EventRecordID>
<Correlation ActivityID="{d72fe4f3-a9dd-0003-c966-30d7dda9db01}" RelatedActivityID=""></Correlation>
<Execution ProcessID="5616" ThreadID="6388"></Execution>
<Channel>Microsoft-Windows-PowerShell/Operational</Channel>
<Computer>DESKTOP-M3AKJSD</Computer>
<Security UserID="S-1-5-21-3999086100-426973801-4203759309-1002"></Security>
</System>
<EventData><Data Name="ScriptBlockId">e55fbf48-04b8-47c2-b822-1db0f568c9eb</Data>
<Data Name="RunspaceId">ac635bc2-7fac-47a2-9734-707b73c7c7e8</Data>
</EventData>
</Event>

<Event xmlns="http://schemas.microsoft.com/win/2004/08/events/event"><System><Provider Name="Microsoft-Windows-PowerShell" Guid="{a0c1853b-5c40-4b15-8766-3cf1c58f985a}"></Provider>
<EventID Qualifiers="">4105</EventID>
<Version>1</Version>
<Level>5</Level>
<Task>102</Task>
<Opcode>15</Opcode>
<Keywords>0x0000000000000000</Keywords>
<TimeCreated SystemTime="2025-04-10 06:12:15.106213"></TimeCreated>
<EventRecordID>3224</EventRecordID>
<Correlation ActivityID="{d72fe4f3-a9dd-0003-ca66-30d7dda9db01}" RelatedActivityID=""></Correlation>
<Execution ProcessID="5616" ThreadID="6388"></Execution>
<Channel>Microsoft-Windows-PowerShell/Operational</Channel>
<Computer>DESKTOP-M3AKJSD</Computer>
<Security UserID="S-1-5-21-3999086100-426973801-4203759309-1002"></Security>
</System>
<EventData><Data Name="ScriptBlockId">a9acbe52-db8f-4a3d-947f-71049677e49f</Data>
<Data Name="RunspaceId">ac635bc2-7fac-47a2-9734-707b73c7c7e8</Data>
</EventData>
</Event>

<Event xmlns="http://schemas.microsoft.com/win/2004/08/events/event"><System><Provider Name="Microsoft-Windows-PowerShell" Guid="{a0c1853b-5c40-4b15-8766-3cf1c58f985a}"></Provider>
<EventID Qualifiers="">4106</EventID>
<Version>1</Version>
<Level>5</Level>
<Task>103</Task>
<Opcode>15</Opcode>
<Keywords>0x0000000000000000</Keywords>
<TimeCreated SystemTime="2025-04-10 06:12:15.106277"></TimeCreated>
<EventRecordID>3225</EventRecordID>
<Correlation ActivityID="{d72fe4f3-a9dd-0003-ca66-30d7dda9db01}" RelatedActivityID=""></Correlation>
<Execution ProcessID="5616" ThreadID="6388"></Execution>
<Channel>Microsoft-Windows-PowerShell/Operational</Channel>
<Computer>DESKTOP-M3AKJSD</Computer>
<Security UserID="S-1-5-21-3999086100-426973801-4203759309-1002"></Security>
</System>
<EventData><Data Name="ScriptBlockId">a9acbe52-db8f-4a3d-947f-71049677e49f</Data>
<Data Name="RunspaceId">ac635bc2-7fac-47a2-9734-707b73c7c7e8</Data>
</EventData>
</Event>

<Event xmlns="http://schemas.microsoft.com/win/2004/08/events/event"><System><Provider Name="Microsoft-Windows-PowerShell" Guid="{a0c1853b-5c40-4b15-8766-3cf1c58f985a}"></Provider>
<EventID Qualifiers="">4106</EventID>
<Version>1</Version>
<Level>5</Level>
<Task>103</Task>
<Opcode>15</Opcode>
<Keywords>0x0000000000000000</Keywords>
<TimeCreated SystemTime="2025-04-10 06:12:15.106302"></TimeCreated>
<EventRecordID>3226</EventRecordID>
<Correlation ActivityID="{d72fe4f3-a9dd-0003-ca66-30d7dda9db01}" RelatedActivityID=""></Correlation>
<Execution ProcessID="5616" ThreadID="6388"></Execution>
<Channel>Microsoft-Windows-PowerShell/Operational</Channel>
<Computer>DESKTOP-M3AKJSD</Computer>
<Security UserID="S-1-5-21-3999086100-426973801-4203759309-1002"></Security>
</System>
<EventData><Data Name="ScriptBlockId">e55fbf48-04b8-47c2-b822-1db0f568c9eb</Data>
<Data Name="RunspaceId">ac635bc2-7fac-47a2-9734-707b73c7c7e8</Data>
</EventData>
</Event>

<Event xmlns="http://schemas.microsoft.com/win/2004/08/events/event"><System><Provider Name="Microsoft-Windows-PowerShell" Guid="{a0c1853b-5c40-4b15-8766-3cf1c58f985a}"></Provider>
<EventID Qualifiers="">4104</EventID>
<Version>1</Version>
<Level>5</Level>
<Task>2</Task>
<Opcode>15</Opcode>
<Keywords>0x0000000000000000</Keywords>
<TimeCreated SystemTime="2025-04-10 06:12:15.123014"></TimeCreated>
<EventRecordID>3227</EventRecordID>
<Correlation ActivityID="{d72fe4f3-a9dd-0003-cc66-30d7dda9db01}" RelatedActivityID=""></Correlation>
<Execution ProcessID="5616" ThreadID="6388"></Execution>
<Channel>Microsoft-Windows-PowerShell/Operational</Channel>
<Computer>DESKTOP-M3AKJSD</Computer>
<Security UserID="S-1-5-21-3999086100-426973801-4203759309-1002"></Security>
</System>
<EventData><Data Name="MessageNumber">1</Data>
<Data Name="MessageTotal">1</Data>
<Data Name="ScriptBlockText">{$_.Name}</Data>
<Data Name="ScriptBlockId">96aef3c1-601e-49be-a7da-043fa4db75fa</Data>
<Data Name="Path">C:\WINDOWS\TEMP\SDIAG_1ce381e2-2110-4de5-b469-608e12337a67\TS_DiagnosticHistory.ps1</Data>
</EventData>
</Event>

<Event xmlns="http://schemas.microsoft.com/win/2004/08/events/event"><System><Provider Name="Microsoft-Windows-PowerShell" Guid="{a0c1853b-5c40-4b15-8766-3cf1c58f985a}"></Provider>
<EventID Qualifiers="">4105</EventID>
<Version>1</Version>
<Level>5</Level>
<Task>102</Task>
<Opcode>15</Opcode>
<Keywords>0x0000000000000000</Keywords>
<TimeCreated SystemTime="2025-04-10 06:12:15.123020"></TimeCreated>
<EventRecordID>3228</EventRecordID>
<Correlation ActivityID="{d72fe4f3-a9dd-0003-cc66-30d7dda9db01}" RelatedActivityID=""></Correlation>
<Execution ProcessID="5616" ThreadID="6388"></Execution>
<Channel>Microsoft-Windows-PowerShell/Operational</Channel>
<Computer>DESKTOP-M3AKJSD</Computer>
<Security UserID="S-1-5-21-3999086100-426973801-4203759309-1002"></Security>
</System>
<EventData><Data Name="ScriptBlockId">96aef3c1-601e-49be-a7da-043fa4db75fa</Data>
<Data Name="RunspaceId">ac635bc2-7fac-47a2-9734-707b73c7c7e8</Data>
</EventData>
</Event>

<Event xmlns="http://schemas.microsoft.com/win/2004/08/events/event"><System><Provider Name="Microsoft-Windows-PowerShell" Guid="{a0c1853b-5c40-4b15-8766-3cf1c58f985a}"></Provider>
<EventID Qualifiers="">4106</EventID>
<Version>1</Version>
<Level>5</Level>
<Task>103</Task>
<Opcode>15</Opcode>
<Keywords>0x0000000000000000</Keywords>
<TimeCreated SystemTime="2025-04-10 06:12:15.123056"></TimeCreated>
<EventRecordID>3229</EventRecordID>
<Correlation ActivityID="{d72fe4f3-a9dd-0003-cc66-30d7dda9db01}" RelatedActivityID=""></Correlation>
<Execution ProcessID="5616" ThreadID="6388"></Execution>
<Channel>Microsoft-Windows-PowerShell/Operational</Channel>
<Computer>DESKTOP-M3AKJSD</Computer>
<Security UserID="S-1-5-21-3999086100-426973801-4203759309-1002"></Security>
</System>
<EventData><Data Name="ScriptBlockId">96aef3c1-601e-49be-a7da-043fa4db75fa</Data>
<Data Name="RunspaceId">ac635bc2-7fac-47a2-9734-707b73c7c7e8</Data>
</EventData>
</Event>

<Event xmlns="http://schemas.microsoft.com/win/2004/08/events/event"><System><Provider Name="Microsoft-Windows-PowerShell" Guid="{a0c1853b-5c40-4b15-8766-3cf1c58f985a}"></Provider>
<EventID Qualifiers="">4104</EventID>
<Version>1</Version>
<Level>5</Level>
<Task>2</Task>
<Opcode>15</Opcode>
<Keywords>0x0000000000000000</Keywords>
<TimeCreated SystemTime="2025-04-10 06:12:15.124483"></TimeCreated>
<EventRecordID>3230</EventRecordID>
<Correlation ActivityID="{d72fe4f3-a9dd-0003-cc66-30d7dda9db01}" RelatedActivityID=""></Correlation>
<Execution ProcessID="5616" ThreadID="6388"></Execution>
<Channel>Microsoft-Windows-PowerShell/Operational</Channel>
<Computer>DESKTOP-M3AKJSD</Computer>
<Security UserID="S-1-5-21-3999086100-426973801-4203759309-1002"></Security>
</System>
<EventData><Data Name="MessageNumber">1</Data>
<Data Name="MessageTotal">1</Data>
<Data Name="ScriptBlockText">{(Format-DiskSpaceMB $_.Space) + "MB"}</Data>
<Data Name="ScriptBlockId">221c709f-0c52-403c-8beb-060e1891fb1b</Data>
<Data Name="Path">C:\WINDOWS\TEMP\SDIAG_1ce381e2-2110-4de5-b469-608e12337a67\TS_DiagnosticHistory.ps1</Data>
</EventData>
</Event>

<Event xmlns="http://schemas.microsoft.com/win/2004/08/events/event"><System><Provider Name="Microsoft-Windows-PowerShell" Guid="{a0c1853b-5c40-4b15-8766-3cf1c58f985a}"></Provider>
<EventID Qualifiers="">4105</EventID>
<Version>1</Version>
<Level>5</Level>
<Task>102</Task>
<Opcode>15</Opcode>
<Keywords>0x0000000000000000</Keywords>
<TimeCreated SystemTime="2025-04-10 06:12:15.124485"></TimeCreated>
<EventRecordID>3231</EventRecordID>
<Correlation ActivityID="{d72fe4f3-a9dd-0003-cc66-30d7dda9db01}" RelatedActivityID=""></Correlation>
<Execution ProcessID="5616" ThreadID="6388"></Execution>
<Channel>Microsoft-Windows-PowerShell/Operational</Channel>
<Computer>DESKTOP-M3AKJSD</Computer>
<Security UserID="S-1-5-21-3999086100-426973801-4203759309-1002"></Security>
</System>
<EventData><Data Name="ScriptBlockId">221c709f-0c52-403c-8beb-060e1891fb1b</Data>
<Data Name="RunspaceId">ac635bc2-7fac-47a2-9734-707b73c7c7e8</Data>
</EventData>
</Event>

<Event xmlns="http://schemas.microsoft.com/win/2004/08/events/event"><System><Provider Name="Microsoft-Windows-PowerShell" Guid="{a0c1853b-5c40-4b15-8766-3cf1c58f985a}"></Provider>
<EventID Qualifiers="">4105</EventID>
<Version>1</Version>
<Level>5</Level>
<Task>102</Task>
<Opcode>15</Opcode>
<Keywords>0x0000000000000000</Keywords>
<TimeCreated SystemTime="2025-04-10 06:12:15.124662"></TimeCreated>
<EventRecordID>3232</EventRecordID>
<Correlation ActivityID="{d72fe4f3-a9dd-0003-cf66-30d7dda9db01}" RelatedActivityID=""></Correlation>
<Execution ProcessID="5616" ThreadID="6388"></Execution>
<Channel>Microsoft-Windows-PowerShell/Operational</Channel>
<Computer>DESKTOP-M3AKJSD</Computer>
<Security UserID="S-1-5-21-3999086100-426973801-4203759309-1002"></Security>
</System>
<EventData><Data Name="ScriptBlockId">a9acbe52-db8f-4a3d-947f-71049677e49f</Data>
<Data Name="RunspaceId">ac635bc2-7fac-47a2-9734-707b73c7c7e8</Data>
</EventData>
</Event>

<Event xmlns="http://schemas.microsoft.com/win/2004/08/events/event"><System><Provider Name="Microsoft-Windows-PowerShell" Guid="{a0c1853b-5c40-4b15-8766-3cf1c58f985a}"></Provider>
<EventID Qualifiers="">4106</EventID>
<Version>1</Version>
<Level>5</Level>
<Task>103</Task>
<Opcode>15</Opcode>
<Keywords>0x0000000000000000</Keywords>
<TimeCreated SystemTime="2025-04-10 06:12:15.124733"></TimeCreated>
<EventRecordID>3233</EventRecordID>
<Correlation ActivityID="{d72fe4f3-a9dd-0003-cf66-30d7dda9db01}" RelatedActivityID=""></Correlation>
<Execution ProcessID="5616" ThreadID="6388"></Execution>
<Channel>Microsoft-Windows-PowerShell/Operational</Channel>
<Computer>DESKTOP-M3AKJSD</Computer>
<Security UserID="S-1-5-21-3999086100-426973801-4203759309-1002"></Security>
</System>
<EventData><Data Name="ScriptBlockId">a9acbe52-db8f-4a3d-947f-71049677e49f</Data>
<Data Name="RunspaceId">ac635bc2-7fac-47a2-9734-707b73c7c7e8</Data>
</EventData>
</Event>

<Event xmlns="http://schemas.microsoft.com/win/2004/08/events/event"><System><Provider Name="Microsoft-Windows-PowerShell" Guid="{a0c1853b-5c40-4b15-8766-3cf1c58f985a}"></Provider>
<EventID Qualifiers="">4106</EventID>
<Version>1</Version>
<Level>5</Level>
<Task>103</Task>
<Opcode>15</Opcode>
<Keywords>0x0000000000000000</Keywords>
<TimeCreated SystemTime="2025-04-10 06:12:15.124756"></TimeCreated>
<EventRecordID>3234</EventRecordID>
<Correlation ActivityID="{d72fe4f3-a9dd-0003-cf66-30d7dda9db01}" RelatedActivityID=""></Correlation>
<Execution ProcessID="5616" ThreadID="6388"></Execution>
<Channel>Microsoft-Windows-PowerShell/Operational</Channel>
<Computer>DESKTOP-M3AKJSD</Computer>
<Security UserID="S-1-5-21-3999086100-426973801-4203759309-1002"></Security>
</System>
<EventData><Data Name="ScriptBlockId">221c709f-0c52-403c-8beb-060e1891fb1b</Data>
<Data Name="RunspaceId">ac635bc2-7fac-47a2-9734-707b73c7c7e8</Data>
</EventData>
</Event>

<Event xmlns="http://schemas.microsoft.com/win/2004/08/events/event"><System><Provider Name="Microsoft-Windows-PowerShell" Guid="{a0c1853b-5c40-4b15-8766-3cf1c58f985a}"></Provider>
<EventID Qualifiers="">4104</EventID>
<Version>1</Version>
<Level>5</Level>
<Task>2</Task>
<Opcode>15</Opcode>
<Keywords>0x0000000000000000</Keywords>
<TimeCreated SystemTime="2025-04-10 06:12:15.135773"></TimeCreated>
<EventRecordID>3235</EventRecordID>
<Correlation ActivityID="{d72fe4f3-a9dd-0003-d066-30d7dda9db01}" RelatedActivityID=""></Correlation>
<Execution ProcessID="5616" ThreadID="6388"></Execution>
<Channel>Microsoft-Windows-PowerShell/Operational</Channel>
<Computer>DESKTOP-M3AKJSD</Computer>
<Security UserID="S-1-5-21-3999086100-426973801-4203759309-1002"></Security>
</System>
<EventData><Data Name="MessageNumber">1</Data>
<Data Name="MessageTotal">1</Data>
<Data Name="ScriptBlockText">function Test-UnnecessaryFiles([string]$folder = $(throw "No folder is specified")) {
    if([String]::IsNullOrEmpty($folder) -or (-not(Test-Path $folder))) {
        return $false
    }

    [int]$threshold = -1
    $folders = Get-ChildItem -literalPath $folder -Recurse -Force | Where-Object {($_.PSIsContainer) -and ((($_.CreationTime).CompareTo((Get-Date).AddMonths($threshold))) -lt 0)}

    return ($folders -ne $null)
}</Data>
<Data Name="ScriptBlockId">95dc85f4-ced5-468f-9a9d-1138c2219252</Data>
<Data Name="Path">C:\WINDOWS\TEMP\SDIAG_1ce381e2-2110-4de5-b469-608e12337a67\TS_DiagnosticHistory.ps1</Data>
</EventData>
</Event>

<Event xmlns="http://schemas.microsoft.com/win/2004/08/events/event"><System><Provider Name="Microsoft-Windows-PowerShell" Guid="{a0c1853b-5c40-4b15-8766-3cf1c58f985a}"></Provider>
<EventID Qualifiers="">4105</EventID>
<Version>1</Version>
<Level>5</Level>
<Task>102</Task>
<Opcode>15</Opcode>
<Keywords>0x0000000000000000</Keywords>
<TimeCreated SystemTime="2025-04-10 06:12:15.135778"></TimeCreated>
<EventRecordID>3236</EventRecordID>
<Correlation ActivityID="{d72fe4f3-a9dd-0003-d066-30d7dda9db01}" RelatedActivityID=""></Correlation>
<Execution ProcessID="5616" ThreadID="6388"></Execution>
<Channel>Microsoft-Windows-PowerShell/Operational</Channel>
<Computer>DESKTOP-M3AKJSD</Computer>
<Security UserID="S-1-5-21-3999086100-426973801-4203759309-1002"></Security>
</System>
<EventData><Data Name="ScriptBlockId">95dc85f4-ced5-468f-9a9d-1138c2219252</Data>
<Data Name="RunspaceId">ac635bc2-7fac-47a2-9734-707b73c7c7e8</Data>
</EventData>
</Event>

<Event xmlns="http://schemas.microsoft.com/win/2004/08/events/event"><System><Provider Name="Microsoft-Windows-PowerShell" Guid="{a0c1853b-5c40-4b15-8766-3cf1c58f985a}"></Provider>
<EventID Qualifiers="">4106</EventID>
<Version>1</Version>
<Level>5</Level>
<Task>103</Task>
<Opcode>15</Opcode>
<Keywords>0x0000000000000000</Keywords>
<TimeCreated SystemTime="2025-04-10 06:12:15.137781"></TimeCreated>
<EventRecordID>3237</EventRecordID>
<Correlation ActivityID="{d72fe4f3-a9dd-0001-7394-30d7dda9db01}" RelatedActivityID=""></Correlation>
<Execution ProcessID="5616" ThreadID="6388"></Execution>
<Channel>Microsoft-Windows-PowerShell/Operational</Channel>
<Computer>DESKTOP-M3AKJSD</Computer>
<Security UserID="S-1-5-21-3999086100-426973801-4203759309-1002"></Security>
</System>
<EventData><Data Name="ScriptBlockId">95dc85f4-ced5-468f-9a9d-1138c2219252</Data>
<Data Name="RunspaceId">ac635bc2-7fac-47a2-9734-707b73c7c7e8</Data>
</EventData>
</Event>

<Event xmlns="http://schemas.microsoft.com/win/2004/08/events/event"><System><Provider Name="Microsoft-Windows-PowerShell" Guid="{a0c1853b-5c40-4b15-8766-3cf1c58f985a}"></Provider>
<EventID Qualifiers="">4105</EventID>
<Version>1</Version>
<Level>5</Level>
<Task>102</Task>
<Opcode>15</Opcode>
<Keywords>0x0000000000000000</Keywords>
<TimeCreated SystemTime="2025-04-10 06:12:15.142586"></TimeCreated>
<EventRecordID>3238</EventRecordID>
<Correlation ActivityID="{d72fe4f3-a9dd-0003-d166-30d7dda9db01}" RelatedActivityID=""></Correlation>
<Execution ProcessID="5616" ThreadID="6388"></Execution>
<Channel>Microsoft-Windows-PowerShell/Operational</Channel>
<Computer>DESKTOP-M3AKJSD</Computer>
<Security UserID="S-1-5-21-3999086100-426973801-4203759309-1002"></Security>
</System>
<EventData><Data Name="ScriptBlockId">95dc85f4-ced5-468f-9a9d-1138c2219252</Data>
<Data Name="RunspaceId">ac635bc2-7fac-47a2-9734-707b73c7c7e8</Data>
</EventData>
</Event>

<Event xmlns="http://schemas.microsoft.com/win/2004/08/events/event"><System><Provider Name="Microsoft-Windows-PowerShell" Guid="{a0c1853b-5c40-4b15-8766-3cf1c58f985a}"></Provider>
<EventID Qualifiers="">4106</EventID>
<Version>1</Version>
<Level>5</Level>
<Task>103</Task>
<Opcode>15</Opcode>
<Keywords>0x0000000000000000</Keywords>
<TimeCreated SystemTime="2025-04-10 06:12:15.143028"></TimeCreated>
<EventRecordID>3239</EventRecordID>
<Correlation ActivityID="{d72fe4f3-a9dd-0003-d266-30d7dda9db01}" RelatedActivityID=""></Correlation>
<Execution ProcessID="5616" ThreadID="6388"></Execution>
<Channel>Microsoft-Windows-PowerShell/Operational</Channel>
<Computer>DESKTOP-M3AKJSD</Computer>
<Security UserID="S-1-5-21-3999086100-426973801-4203759309-1002"></Security>
</System>
<EventData><Data Name="ScriptBlockId">95dc85f4-ced5-468f-9a9d-1138c2219252</Data>
<Data Name="RunspaceId">ac635bc2-7fac-47a2-9734-707b73c7c7e8</Data>
</EventData>
</Event>

<Event xmlns="http://schemas.microsoft.com/win/2004/08/events/event"><System><Provider Name="Microsoft-Windows-PowerShell" Guid="{a0c1853b-5c40-4b15-8766-3cf1c58f985a}"></Provider>
<EventID Qualifiers="">4105</EventID>
<Version>1</Version>
<Level>5</Level>
<Task>102</Task>
<Opcode>15</Opcode>
<Keywords>0x0000000000000000</Keywords>
<TimeCreated SystemTime="2025-04-10 06:12:15.143097"></TimeCreated>
<EventRecordID>3240</EventRecordID>
<Correlation ActivityID="{d72fe4f3-a9dd-0003-d366-30d7dda9db01}" RelatedActivityID=""></Correlation>
<Execution ProcessID="5616" ThreadID="6388"></Execution>
<Channel>Microsoft-Windows-PowerShell/Operational</Channel>
<Computer>DESKTOP-M3AKJSD</Computer>
<Security UserID="S-1-5-21-3999086100-426973801-4203759309-1002"></Security>
</System>
<EventData><Data Name="ScriptBlockId">a9acbe52-db8f-4a3d-947f-71049677e49f</Data>
<Data Name="RunspaceId">ac635bc2-7fac-47a2-9734-707b73c7c7e8</Data>
</EventData>
</Event>

<Event xmlns="http://schemas.microsoft.com/win/2004/08/events/event"><System><Provider Name="Microsoft-Windows-PowerShell" Guid="{a0c1853b-5c40-4b15-8766-3cf1c58f985a}"></Provider>
<EventID Qualifiers="">4106</EventID>
<Version>1</Version>
<Level>5</Level>
<Task>103</Task>
<Opcode>15</Opcode>
<Keywords>0x0000000000000000</Keywords>
<TimeCreated SystemTime="2025-04-10 06:12:15.143755"></TimeCreated>
<EventRecordID>3241</EventRecordID>
<Correlation ActivityID="{d72fe4f3-a9dd-0003-d366-30d7dda9db01}" RelatedActivityID=""></Correlation>
<Execution ProcessID="5616" ThreadID="6388"></Execution>
<Channel>Microsoft-Windows-PowerShell/Operational</Channel>
<Computer>DESKTOP-M3AKJSD</Computer>
<Security UserID="S-1-5-21-3999086100-426973801-4203759309-1002"></Security>
</System>
<EventData><Data Name="ScriptBlockId">a9acbe52-db8f-4a3d-947f-71049677e49f</Data>
<Data Name="RunspaceId">ac635bc2-7fac-47a2-9734-707b73c7c7e8</Data>
</EventData>
</Event>

<Event xmlns="http://schemas.microsoft.com/win/2004/08/events/event"><System><Provider Name="Microsoft-Windows-PowerShell" Guid="{a0c1853b-5c40-4b15-8766-3cf1c58f985a}"></Provider>
<EventID Qualifiers="">4106</EventID>
<Version>1</Version>
<Level>5</Level>
<Task>103</Task>
<Opcode>15</Opcode>
<Keywords>0x0000000000000000</Keywords>
<TimeCreated SystemTime="2025-04-10 06:12:15.144363"></TimeCreated>
<EventRecordID>3242</EventRecordID>
<Correlation ActivityID="{d72fe4f3-a9dd-0003-d466-30d7dda9db01}" RelatedActivityID=""></Correlation>
<Execution ProcessID="5616" ThreadID="6388"></Execution>
<Channel>Microsoft-Windows-PowerShell/Operational</Channel>
<Computer>DESKTOP-M3AKJSD</Computer>
<Security UserID="S-1-5-21-3999086100-426973801-4203759309-1002"></Security>
</System>
<EventData><Data Name="ScriptBlockId">2c3c6ffa-468b-42a1-9464-858e0cb2cf27</Data>
<Data Name="RunspaceId">ac635bc2-7fac-47a2-9734-707b73c7c7e8</Data>
</EventData>
</Event>

