<Event xmlns="http://schemas.microsoft.com/win/2004/08/events/event"><System><Provider Name="Microsoft-Windows-PowerShell" Guid="{a0c1853b-5c40-4b15-8766-3cf1c58f985a}"></Provider>
<EventID Qualifiers="">4103</EventID>
<Version>1</Version>
<Level>4</Level>
<Task>106</Task>
<Opcode>20</Opcode>
<Keywords>0x0000000000000000</Keywords>
<TimeCreated SystemTime="2025-04-10 06:31:35.218849"></TimeCreated>
<EventRecordID>3557</EventRecordID>
<Correlation ActivityID="{d72fe4f3-a9dd-0000-992f-31d7dda9db01}" RelatedActivityID=""></Correlation>
<Execution ProcessID="9808" ThreadID="4644"></Execution>
<Channel>Microsoft-Windows-PowerShell/Operational</Channel>
<Computer>DESKTOP-M3AKJSD</Computer>
<Security UserID="S-1-5-21-3999086100-426973801-4203759309-1002"></Security>
</System>
<EventData><Data Name="ContextInfo">        Severity = Informational
        Host Name = ConsoleHost
        Host Version = 5.1.26100.3624
        Host ID = 06070939-645a-4cb4-bb35-feff3e76ad09
        Host Application = C:\Windows\System32\WindowsPowerShell\v1.0\powershell.exe
        Engine Version = 5.1.26100.3624
        Runspace ID = 62516b95-d457-41c9-aa13-31b963bcf8bb
        Pipeline ID = 18
        Command Name = Set-MpPreference
        Command Type = Function
        Script Name = 
        Command Path = 
        Sequence Number = 132
        User = DESKTOP-M3AKJSD\User
        Connected User = 
        Shell ID = Microsoft.PowerShell
</Data>
<Data Name="UserData"></Data>
<Data Name="Payload">CommandInvocation(Set-MpPreference): "Set-MpPreference"
ParameterBinding(Set-MpPreference): name="DisableIOAVProtection"; value="True"
ParameterBinding(Set-MpPreference): name="DisableEmailScanning"; value="True"
ParameterBinding(Set-MpPreference): name="DisableBlockAtFirstSeen"; value="True"
ParameterBinding(Set-MpPreference): name="QuarantinePurgeItemsAfterDelay"; value="0"
ParameterBinding(Set-MpPreference): name="RemoteEncryptionProtectionMaxBlockTime"; value="0"
ParameterBinding(Set-MpPreference): name="BruteForceProtectionMaxBlockTime"; value="0"
ParameterBinding(Set-MpPreference): name="BruteForceProtectionLocalNetworkBlocking"; value="False"
ParameterBinding(Set-MpPreference): name="BruteForceProtectionSkipLearningPeriod"; value="False"
ParameterBinding(Set-MpPreference): name="ReportingAdditionalActionTimeOut"; value="0"
ParameterBinding(Set-MpPreference): name="ReportingCriticalFailureTimeOut"; value="0"
ParameterBinding(Set-MpPreference): name="ReportingNonCriticalTimeOut"; value="0"
ParameterBinding(Set-MpPreference): name="ServiceHealthReportInterval"; value="0"
ParameterBinding(Set-MpPreference): name="ReportDynamicSignatureDroppedEvent"; value="False"
ParameterBinding(Set-MpPreference): name="ScanAvgCPULoadFactor"; value="0"
ParameterBinding(Set-MpPreference): name="CheckForSignaturesBeforeRunningScan"; value="False"
ParameterBinding(Set-MpPreference): name="ScanPurgeItemsAfterDelay"; value="0"
ParameterBinding(Set-MpPreference): name="ScanOnlyIfIdleEnabled"; value="False"
ParameterBinding(Set-MpPreference): name="ThrottleForScheduledScanOnly"; value="False"
ParameterBinding(Set-MpPreference): name="SignatureFirstAuGracePeriod"; value="0"
ParameterBinding(Set-MpPreference): name="SignatureAuGracePeriod"; value="0"
ParameterBinding(Set-MpPreference): name="SignatureDefinitionUpdateFileSharesSources"; value=""
ParameterBinding(Set-MpPreference): name="SignatureDisableUpdateOnStartupWithoutEngine"; value="False"
ParameterBinding(Set-MpPreference): name="SignatureFallbackOrder"; value=""
ParameterBinding(Set-MpPreference): name="SharedSignaturesPath"; value=""
ParameterBinding(Set-MpPreference): name="SharedSignaturesPathUpdateAtScheduledTimeOnly"; value="False"
ParameterBinding(Set-MpPreference): name="SignatureUpdateCatchupInterval"; value="0"
ParameterBinding(Set-MpPreference): name="SignatureUpdateInterval"; value="0"
ParameterBinding(Set-MpPreference): name="SignatureBlobUpdateInterval"; value="0"
ParameterBinding(Set-MpPreference): name="SignatureBlobFileSharesSources"; value=""
ParameterBinding(Set-MpPreference): name="MeteredConnectionUpdates"; value="False"
ParameterBinding(Set-MpPreference): name="AllowNetworkProtectionOnWinServer"; value="False"
ParameterBinding(Set-MpPreference): name="DisableDatagramProcessing"; value="False"
ParameterBinding(Set-MpPreference): name="EnableConvertWarnToBlock"; value="False"
ParameterBinding(Set-MpPreference): name="DisableCpuThrottleOnIdleScans"; value="False"
ParameterBinding(Set-MpPreference): name="DisableAutoExclusions"; value="False"
ParameterBinding(Set-MpPreference): name="DisablePrivacyMode"; value="False"
ParameterBinding(Set-MpPreference): name="RandomizeScheduleTaskTimes"; value="False"
ParameterBinding(Set-MpPreference): name="SchedulerRandomizationTime"; value="0"
ParameterBinding(Set-MpPreference): name="DisableBehaviorMonitoring"; value="False"
ParameterBinding(Set-MpPreference): name="DisableIntrusionPreventionSystem"; value="False"
ParameterBinding(Set-MpPreference): name="DisableRealtimeMonitoring"; value="False"
ParameterBinding(Set-MpPreference): name="DisableScriptScanning"; value="False"
ParameterBinding(Set-MpPreference): name="DisableArchiveScanning"; value="False"
ParameterBinding(Set-MpPreference): name="DisableCatchupFullScan"; value="False"
ParameterBinding(Set-MpPreference): name="DisableCatchupQuickScan"; value="False"
ParameterBinding(Set-MpPreference): name="DisableRemovableDriveScanning"; value="False"
ParameterBinding(Set-MpPreference): name="DisableRestorePoint"; value="False"
ParameterBinding(Set-MpPreference): name="DisableScanningMappedNetworkDrivesForFullScan"; value="False"
ParameterBinding(Set-MpPreference): name="DisableScanningNetworkFiles"; value="False"
ParameterBinding(Set-MpPreference): name="ApplyDisableNetworkScanningToIOAV"; value="False"
ParameterBinding(Set-MpPreference): name="UILockdown"; value="False"
ParameterBinding(Set-MpPreference): name="Force"; value="False"
ParameterBinding(Set-MpPreference): name="CloudExtendedTimeout"; value="0"
ParameterBinding(Set-MpPreference): name="EnableLowCpuPriority"; value="False"
ParameterBinding(Set-MpPreference): name="EnableFileHashComputation"; value="False"
ParameterBinding(Set-MpPreference): name="EnableFullScanOnBatteryPower"; value="False"
ParameterBinding(Set-MpPreference): name="ProxyPacUrl"; value=""
ParameterBinding(Set-MpPreference): name="ProxyServer"; value=""
ParameterBinding(Set-MpPreference): name="ForceUseProxyOnly"; value="False"
ParameterBinding(Set-MpPreference): name="DisableTlsParsing"; value="False"
ParameterBinding(Set-MpPreference): name="DisableFtpParsing"; value="False"
ParameterBinding(Set-MpPreference): name="DisableHttpParsing"; value="False"
ParameterBinding(Set-MpPreference): name="DisableDnsParsing"; value="False"
ParameterBinding(Set-MpPreference): name="DisableDnsOverTcpParsing"; value="False"
ParameterBinding(Set-MpPreference): name="DisableSshParsing"; value="False"
ParameterBinding(Set-MpPreference): name="DisableGradualRelease"; value="False"
ParameterBinding(Set-MpPreference): name="AllowNetworkProtectionDownLevel"; value="False"
ParameterBinding(Set-MpPreference): name="AllowDatagramProcessingOnWinServer"; value="False"
ParameterBinding(Set-MpPreference): name="EnableDnsSinkhole"; value="False"
ParameterBinding(Set-MpPreference): name="DisableInboundConnectionFiltering"; value="False"
ParameterBinding(Set-MpPreference): name="DisableRdpParsing"; value="False"
ParameterBinding(Set-MpPreference): name="DisableNetworkProtectionPerfTelemetry"; value="False"
ParameterBinding(Set-MpPreference): name="TrustLabelProtectionStatus"; value="0"
ParameterBinding(Set-MpPreference): name="AllowSwitchToAsyncInspection"; value="False"
ParameterBinding(Set-MpPreference): name="ScanScheduleOffset"; value="0"
ParameterBinding(Set-MpPreference): name="DisableTDTFeature"; value="False"
ParameterBinding(Set-MpPreference): name="DisableTamperProtection"; value="False"
ParameterBinding(Set-MpPreference): name="DisableSmtpParsing"; value="False"
ParameterBinding(Set-MpPreference): name="DisableQuicParsing"; value="False"
ParameterBinding(Set-MpPreference): name="NetworkProtectionReputationMode"; value="0"
ParameterBinding(Set-MpPreference): name="EnableUdpSegmentationOffload"; value="False"
ParameterBinding(Set-MpPreference): name="EnableUdpReceiveOffload"; value="False"
ParameterBinding(Set-MpPreference): name="IntelTDTEnabled"; value="False"
ParameterBinding(Set-MpPreference): name="OobeEnableRtpAndSigUpdate"; value="False"
ParameterBinding(Set-MpPreference): name="DisableCacheMaintenance"; value="False"
ParameterBinding(Set-MpPreference): name="RemoveScanningThreadPoolCap"; value="False"
ParameterBinding(Set-MpPreference): name="DisableCoreServiceECSIntegration"; value="False"
ParameterBinding(Set-MpPreference): name="DisableCoreServiceTelemetry"; value="False"
ParameterBinding(Set-MpPreference): name="ThrottleLimit"; value="0"
ParameterBinding(Set-MpPreference): name="AsJob"; value="False"
</Data>
</EventData>
</Event>

<Event xmlns="http://schemas.microsoft.com/win/2004/08/events/event"><System><Provider Name="Microsoft-Windows-PowerShell" Guid="{a0c1853b-5c40-4b15-8766-3cf1c58f985a}"></Provider>
<EventID Qualifiers="">4106</EventID>
<Version>1</Version>
<Level>5</Level>
<Task>103</Task>
<Opcode>15</Opcode>
<Keywords>0x0000000000000000</Keywords>
<TimeCreated SystemTime="2025-04-10 06:31:35.221550"></TimeCreated>
<EventRecordID>3558</EventRecordID>
<Correlation ActivityID="{d72fe4f3-a9dd-0000-992f-31d7dda9db01}" RelatedActivityID=""></Correlation>
<Execution ProcessID="9808" ThreadID="4644"></Execution>
<Channel>Microsoft-Windows-PowerShell/Operational</Channel>
<Computer>DESKTOP-M3AKJSD</Computer>
<Security UserID="S-1-5-21-3999086100-426973801-4203759309-1002"></Security>
</System>
<EventData><Data Name="ScriptBlockId">db55fc25-b6e7-4c04-bf27-37c1c540870a</Data>
<Data Name="RunspaceId">62516b95-d457-41c9-aa13-31b963bcf8bb</Data>
</EventData>
</Event>

<Event xmlns="http://schemas.microsoft.com/win/2004/08/events/event"><System><Provider Name="Microsoft-Windows-PowerShell" Guid="{a0c1853b-5c40-4b15-8766-3cf1c58f985a}"></Provider>
<EventID Qualifiers="">4103</EventID>
<Version>1</Version>
<Level>4</Level>
<Task>106</Task>
<Opcode>20</Opcode>
<Keywords>0x0000000000000000</Keywords>
<TimeCreated SystemTime="2025-04-10 06:31:35.221819"></TimeCreated>
<EventRecordID>3559</EventRecordID>
<Correlation ActivityID="{d72fe4f3-a9dd-0001-5d27-31d7dda9db01}" RelatedActivityID=""></Correlation>
<Execution ProcessID="9808" ThreadID="4644"></Execution>
<Channel>Microsoft-Windows-PowerShell/Operational</Channel>
<Computer>DESKTOP-M3AKJSD</Computer>
<Security UserID="S-1-5-21-3999086100-426973801-4203759309-1002"></Security>
</System>
<EventData><Data Name="ContextInfo">        Severity = Informational
        Host Name = ConsoleHost
        Host Version = 5.1.26100.3624
        Host ID = 06070939-645a-4cb4-bb35-feff3e76ad09
        Host Application = C:\Windows\System32\WindowsPowerShell\v1.0\powershell.exe
        Engine Version = 5.1.26100.3624
        Runspace ID = 62516b95-d457-41c9-aa13-31b963bcf8bb
        Pipeline ID = 18
        Command Name = 
        Command Type = Script
        Script Name = 
        Command Path = 
        Sequence Number = 134
        User = DESKTOP-M3AKJSD\User
        Connected User = 
        Shell ID = Microsoft.PowerShell
</Data>
<Data Name="UserData"></Data>
<Data Name="Payload">CommandInvocation(Out-Default): "Out-Default"
</Data>
</EventData>
</Event>

<Event xmlns="http://schemas.microsoft.com/win/2004/08/events/event"><System><Provider Name="Microsoft-Windows-PowerShell" Guid="{a0c1853b-5c40-4b15-8766-3cf1c58f985a}"></Provider>
<EventID Qualifiers="">4105</EventID>
<Version>1</Version>
<Level>5</Level>
<Task>102</Task>
<Opcode>15</Opcode>
<Keywords>0x0000000000000000</Keywords>
<TimeCreated SystemTime="2025-04-10 06:31:35.222309"></TimeCreated>
<EventRecordID>3560</EventRecordID>
<Correlation ActivityID="{d72fe4f3-a9dd-0000-a012-31d7dda9db01}" RelatedActivityID=""></Correlation>
<Execution ProcessID="9808" ThreadID="10116"></Execution>
<Channel>Microsoft-Windows-PowerShell/Operational</Channel>
<Computer>DESKTOP-M3AKJSD</Computer>
<Security UserID="S-1-5-21-3999086100-426973801-4203759309-1002"></Security>
</System>
<EventData><Data Name="ScriptBlockId">34aecddc-0c86-4d33-ac3f-ea406960ccef</Data>
<Data Name="RunspaceId">62516b95-d457-41c9-aa13-31b963bcf8bb</Data>
</EventData>
</Event>

<Event xmlns="http://schemas.microsoft.com/win/2004/08/events/event"><System><Provider Name="Microsoft-Windows-PowerShell" Guid="{a0c1853b-5c40-4b15-8766-3cf1c58f985a}"></Provider>
<EventID Qualifiers="">4106</EventID>
<Version>1</Version>
<Level>5</Level>
<Task>103</Task>
<Opcode>15</Opcode>
<Keywords>0x0000000000000000</Keywords>
<TimeCreated SystemTime="2025-04-10 06:31:35.222351"></TimeCreated>
<EventRecordID>3561</EventRecordID>
<Correlation ActivityID="{d72fe4f3-a9dd-0000-a012-31d7dda9db01}" RelatedActivityID=""></Correlation>
<Execution ProcessID="9808" ThreadID="10116"></Execution>
<Channel>Microsoft-Windows-PowerShell/Operational</Channel>
<Computer>DESKTOP-M3AKJSD</Computer>
<Security UserID="S-1-5-21-3999086100-426973801-4203759309-1002"></Security>
</System>
<EventData><Data Name="ScriptBlockId">34aecddc-0c86-4d33-ac3f-ea406960ccef</Data>
<Data Name="RunspaceId">62516b95-d457-41c9-aa13-31b963bcf8bb</Data>
</EventData>
</Event>

<Event xmlns="http://schemas.microsoft.com/win/2004/08/events/event"><System><Provider Name="Microsoft-Windows-PowerShell" Guid="{a0c1853b-5c40-4b15-8766-3cf1c58f985a}"></Provider>
<EventID Qualifiers="">4104</EventID>
<Version>1</Version>
<Level>5</Level>
<Task>2</Task>
<Opcode>15</Opcode>
<Keywords>0x0000000000000000</Keywords>
<TimeCreated SystemTime="2025-04-10 06:31:35.224178"></TimeCreated>
<EventRecordID>3562</EventRecordID>
<Correlation ActivityID="{d72fe4f3-a9dd-0000-ca2f-31d7dda9db01}" RelatedActivityID=""></Correlation>
<Execution ProcessID="9808" ThreadID="4644"></Execution>
<Channel>Microsoft-Windows-PowerShell/Operational</Channel>
<Computer>DESKTOP-M3AKJSD</Computer>
<Security UserID="S-1-5-21-3999086100-426973801-4203759309-1002"></Security>
</System>
<EventData><Data Name="MessageNumber">1</Data>
<Data Name="MessageTotal">1</Data>
<Data Name="ScriptBlockText">prompt</Data>
<Data Name="ScriptBlockId">bdd963e6-640b-4811-810e-b4fd20a28790</Data>
<Data Name="Path"></Data>
</EventData>
</Event>

<Event xmlns="http://schemas.microsoft.com/win/2004/08/events/event"><System><Provider Name="Microsoft-Windows-PowerShell" Guid="{a0c1853b-5c40-4b15-8766-3cf1c58f985a}"></Provider>
<EventID Qualifiers="">4105</EventID>
<Version>1</Version>
<Level>5</Level>
<Task>102</Task>
<Opcode>15</Opcode>
<Keywords>0x0000000000000000</Keywords>
<TimeCreated SystemTime="2025-04-10 06:31:35.224182"></TimeCreated>
<EventRecordID>3563</EventRecordID>
<Correlation ActivityID="{d72fe4f3-a9dd-0000-ca2f-31d7dda9db01}" RelatedActivityID=""></Correlation>
<Execution ProcessID="9808" ThreadID="4644"></Execution>
<Channel>Microsoft-Windows-PowerShell/Operational</Channel>
<Computer>DESKTOP-M3AKJSD</Computer>
<Security UserID="S-1-5-21-3999086100-426973801-4203759309-1002"></Security>
</System>
<EventData><Data Name="ScriptBlockId">bdd963e6-640b-4811-810e-b4fd20a28790</Data>
<Data Name="RunspaceId">62516b95-d457-41c9-aa13-31b963bcf8bb</Data>
</EventData>
</Event>

<Event xmlns="http://schemas.microsoft.com/win/2004/08/events/event"><System><Provider Name="Microsoft-Windows-PowerShell" Guid="{a0c1853b-5c40-4b15-8766-3cf1c58f985a}"></Provider>
<EventID Qualifiers="">4105</EventID>
<Version>1</Version>
<Level>5</Level>
<Task>102</Task>
<Opcode>15</Opcode>
<Keywords>0x0000000000000000</Keywords>
<TimeCreated SystemTime="2025-04-10 06:31:35.224243"></TimeCreated>
<EventRecordID>3564</EventRecordID>
<Correlation ActivityID="{d72fe4f3-a9dd-0000-cb2f-31d7dda9db01}" RelatedActivityID=""></Correlation>
<Execution ProcessID="9808" ThreadID="4644"></Execution>
<Channel>Microsoft-Windows-PowerShell/Operational</Channel>
<Computer>DESKTOP-M3AKJSD</Computer>
<Security UserID="S-1-5-21-3999086100-426973801-4203759309-1002"></Security>
</System>
<EventData><Data Name="ScriptBlockId">1a8b102e-758f-405f-af6e-5b82d08a2a07</Data>
<Data Name="RunspaceId">62516b95-d457-41c9-aa13-31b963bcf8bb</Data>
</EventData>
</Event>

<Event xmlns="http://schemas.microsoft.com/win/2004/08/events/event"><System><Provider Name="Microsoft-Windows-PowerShell" Guid="{a0c1853b-5c40-4b15-8766-3cf1c58f985a}"></Provider>
<EventID Qualifiers="">4106</EventID>
<Version>1</Version>
<Level>5</Level>
<Task>103</Task>
<Opcode>15</Opcode>
<Keywords>0x0000000000000000</Keywords>
<TimeCreated SystemTime="2025-04-10 06:31:35.224318"></TimeCreated>
<EventRecordID>3565</EventRecordID>
<Correlation ActivityID="{d72fe4f3-a9dd-0000-cb2f-31d7dda9db01}" RelatedActivityID=""></Correlation>
<Execution ProcessID="9808" ThreadID="4644"></Execution>
<Channel>Microsoft-Windows-PowerShell/Operational</Channel>
<Computer>DESKTOP-M3AKJSD</Computer>
<Security UserID="S-1-5-21-3999086100-426973801-4203759309-1002"></Security>
</System>
<EventData><Data Name="ScriptBlockId">1a8b102e-758f-405f-af6e-5b82d08a2a07</Data>
<Data Name="RunspaceId">62516b95-d457-41c9-aa13-31b963bcf8bb</Data>
</EventData>
</Event>

<Event xmlns="http://schemas.microsoft.com/win/2004/08/events/event"><System><Provider Name="Microsoft-Windows-PowerShell" Guid="{a0c1853b-5c40-4b15-8766-3cf1c58f985a}"></Provider>
<EventID Qualifiers="">4106</EventID>
<Version>1</Version>
<Level>5</Level>
<Task>103</Task>
<Opcode>15</Opcode>
<Keywords>0x0000000000000000</Keywords>
<TimeCreated SystemTime="2025-04-10 06:31:35.224323"></TimeCreated>
<EventRecordID>3566</EventRecordID>
<Correlation ActivityID="{d72fe4f3-a9dd-0000-cb2f-31d7dda9db01}" RelatedActivityID=""></Correlation>
<Execution ProcessID="9808" ThreadID="4644"></Execution>
<Channel>Microsoft-Windows-PowerShell/Operational</Channel>
<Computer>DESKTOP-M3AKJSD</Computer>
<Security UserID="S-1-5-21-3999086100-426973801-4203759309-1002"></Security>
</System>
<EventData><Data Name="ScriptBlockId">bdd963e6-640b-4811-810e-b4fd20a28790</Data>
<Data Name="RunspaceId">62516b95-d457-41c9-aa13-31b963bcf8bb</Data>
</EventData>
</Event>

<Event xmlns="http://schemas.microsoft.com/win/2004/08/events/event"><System><Provider Name="Microsoft-Windows-PowerShell" Guid="{a0c1853b-5c40-4b15-8766-3cf1c58f985a}"></Provider>
<EventID Qualifiers="">4105</EventID>
<Version>1</Version>
<Level>5</Level>
<Task>102</Task>
<Opcode>15</Opcode>
<Keywords>0x0000000000000000</Keywords>
<TimeCreated SystemTime="2025-04-10 06:31:35.225788"></TimeCreated>
<EventRecordID>3567</EventRecordID>
<Correlation ActivityID="{d72fe4f3-a9dd-0000-cc2f-31d7dda9db01}" RelatedActivityID=""></Correlation>
<Execution ProcessID="9808" ThreadID="4644"></Execution>
<Channel>Microsoft-Windows-PowerShell/Operational</Channel>
<Computer>DESKTOP-M3AKJSD</Computer>
<Security UserID="S-1-5-21-3999086100-426973801-4203759309-1002"></Security>
</System>
<EventData><Data Name="ScriptBlockId">8a832e35-24e1-4fa8-a129-0098e18f7f1d</Data>
<Data Name="RunspaceId">62516b95-d457-41c9-aa13-31b963bcf8bb</Data>
</EventData>
</Event>

<Event xmlns="http://schemas.microsoft.com/win/2004/08/events/event"><System><Provider Name="Microsoft-Windows-PowerShell" Guid="{a0c1853b-5c40-4b15-8766-3cf1c58f985a}"></Provider>
<EventID Qualifiers="">4103</EventID>
<Version>1</Version>
<Level>4</Level>
<Task>106</Task>
<Opcode>20</Opcode>
<Keywords>0x0000000000000000</Keywords>
<TimeCreated SystemTime="2025-04-10 06:31:35.226318"></TimeCreated>
<EventRecordID>3568</EventRecordID>
<Correlation ActivityID="{d72fe4f3-a9dd-0000-cd2f-31d7dda9db01}" RelatedActivityID=""></Correlation>
<Execution ProcessID="9808" ThreadID="4644"></Execution>
<Channel>Microsoft-Windows-PowerShell/Operational</Channel>
<Computer>DESKTOP-M3AKJSD</Computer>
<Security UserID="S-1-5-21-3999086100-426973801-4203759309-1002"></Security>
</System>
<EventData><Data Name="ContextInfo">        Severity = Informational
        Host Name = ConsoleHost
        Host Version = 5.1.26100.3624
        Host ID = 06070939-645a-4cb4-bb35-feff3e76ad09
        Host Application = C:\Windows\System32\WindowsPowerShell\v1.0\powershell.exe
        Engine Version = 5.1.26100.3624
        Runspace ID = 62516b95-d457-41c9-aa13-31b963bcf8bb
        Pipeline ID = 22
        Command Name = Set-StrictMode
        Command Type = Cmdlet
        Script Name = C:\Program Files\WindowsPowerShell\Modules\PSReadLine\2.0.0\PSReadLine.psm1
        Command Path = 
        Sequence Number = 136
        User = DESKTOP-M3AKJSD\User
        Connected User = 
        Shell ID = Microsoft.PowerShell
</Data>
<Data Name="UserData"></Data>
<Data Name="Payload">CommandInvocation(Set-StrictMode): "Set-StrictMode"
ParameterBinding(Set-StrictMode): name="Off"; value="True"
</Data>
</EventData>
</Event>

<Event xmlns="http://schemas.microsoft.com/win/2004/08/events/event"><System><Provider Name="Microsoft-Windows-PowerShell" Guid="{a0c1853b-5c40-4b15-8766-3cf1c58f985a}"></Provider>
<EventID Qualifiers="">4106</EventID>
<Version>1</Version>
<Level>5</Level>
<Task>103</Task>
<Opcode>15</Opcode>
<Keywords>0x0000000000000000</Keywords>
<TimeCreated SystemTime="2025-04-10 06:31:45.352343"></TimeCreated>
<EventRecordID>3569</EventRecordID>
<Correlation ActivityID="{d72fe4f3-a9dd-0000-cd2f-31d7dda9db01}" RelatedActivityID=""></Correlation>
<Execution ProcessID="9808" ThreadID="4644"></Execution>
<Channel>Microsoft-Windows-PowerShell/Operational</Channel>
<Computer>DESKTOP-M3AKJSD</Computer>
<Security UserID="S-1-5-21-3999086100-426973801-4203759309-1002"></Security>
</System>
<EventData><Data Name="ScriptBlockId">8a832e35-24e1-4fa8-a129-0098e18f7f1d</Data>
<Data Name="RunspaceId">62516b95-d457-41c9-aa13-31b963bcf8bb</Data>
</EventData>
</Event>

<Event xmlns="http://schemas.microsoft.com/win/2004/08/events/event"><System><Provider Name="Microsoft-Windows-PowerShell" Guid="{a0c1853b-5c40-4b15-8766-3cf1c58f985a}"></Provider>
<EventID Qualifiers="">4103</EventID>
<Version>1</Version>
<Level>4</Level>
<Task>106</Task>
<Opcode>20</Opcode>
<Keywords>0x0000000000000000</Keywords>
<TimeCreated SystemTime="2025-04-10 06:31:45.353140"></TimeCreated>
<EventRecordID>3570</EventRecordID>
<Correlation ActivityID="{d72fe4f3-a9dd-0000-cc2f-31d7dda9db01}" RelatedActivityID=""></Correlation>
<Execution ProcessID="9808" ThreadID="4644"></Execution>
<Channel>Microsoft-Windows-PowerShell/Operational</Channel>
<Computer>DESKTOP-M3AKJSD</Computer>
<Security UserID="S-1-5-21-3999086100-426973801-4203759309-1002"></Security>
</System>
<EventData><Data Name="ContextInfo">        Severity = Informational
        Host Name = ConsoleHost
        Host Version = 5.1.26100.3624
        Host ID = 06070939-645a-4cb4-bb35-feff3e76ad09
        Host Application = C:\Windows\System32\WindowsPowerShell\v1.0\powershell.exe
        Engine Version = 5.1.26100.3624
        Runspace ID = 62516b95-d457-41c9-aa13-31b963bcf8bb
        Pipeline ID = 22
        Command Name = PSConsoleHostReadLine
        Command Type = Function
        Script Name = 
        Command Path = 
        Sequence Number = 138
        User = DESKTOP-M3AKJSD\User
        Connected User = 
        Shell ID = Microsoft.PowerShell
</Data>
<Data Name="UserData"></Data>
<Data Name="Payload">CommandInvocation(PSConsoleHostReadLine): "PSConsoleHostReadLine"
</Data>
</EventData>
</Event>

<Event xmlns="http://schemas.microsoft.com/win/2004/08/events/event"><System><Provider Name="Microsoft-Windows-PowerShell" Guid="{a0c1853b-5c40-4b15-8766-3cf1c58f985a}"></Provider>
<EventID Qualifiers="">4104</EventID>
<Version>1</Version>
<Level>5</Level>
<Task>2</Task>
<Opcode>15</Opcode>
<Keywords>0x0000000000000000</Keywords>
<TimeCreated SystemTime="2025-04-10 06:31:45.384989"></TimeCreated>
<EventRecordID>3571</EventRecordID>
<Correlation ActivityID="{d72fe4f3-a9dd-0002-45fb-30d7dda9db01}" RelatedActivityID=""></Correlation>
<Execution ProcessID="9808" ThreadID="4644"></Execution>
<Channel>Microsoft-Windows-PowerShell/Operational</Channel>
<Computer>DESKTOP-M3AKJSD</Computer>
<Security UserID="S-1-5-21-3999086100-426973801-4203759309-1002"></Security>
</System>
<EventData><Data Name="MessageNumber">1</Data>
<Data Name="MessageTotal">1</Data>
<Data Name="ScriptBlockText">Set-MpPreference -DisableRealtimeMonitoring $true</Data>
<Data Name="ScriptBlockId">95769e62-39ef-45c0-b518-9f62984a2bd2</Data>
<Data Name="Path"></Data>
</EventData>
</Event>

<Event xmlns="http://schemas.microsoft.com/win/2004/08/events/event"><System><Provider Name="Microsoft-Windows-PowerShell" Guid="{a0c1853b-5c40-4b15-8766-3cf1c58f985a}"></Provider>
<EventID Qualifiers="">4105</EventID>
<Version>1</Version>
<Level>5</Level>
<Task>102</Task>
<Opcode>15</Opcode>
<Keywords>0x0000000000000000</Keywords>
<TimeCreated SystemTime="2025-04-10 06:31:45.384993"></TimeCreated>
<EventRecordID>3572</EventRecordID>
<Correlation ActivityID="{d72fe4f3-a9dd-0002-45fb-30d7dda9db01}" RelatedActivityID=""></Correlation>
<Execution ProcessID="9808" ThreadID="4644"></Execution>
<Channel>Microsoft-Windows-PowerShell/Operational</Channel>
<Computer>DESKTOP-M3AKJSD</Computer>
<Security UserID="S-1-5-21-3999086100-426973801-4203759309-1002"></Security>
</System>
<EventData><Data Name="ScriptBlockId">95769e62-39ef-45c0-b518-9f62984a2bd2</Data>
<Data Name="RunspaceId">62516b95-d457-41c9-aa13-31b963bcf8bb</Data>
</EventData>
</Event>

<Event xmlns="http://schemas.microsoft.com/win/2004/08/events/event"><System><Provider Name="Microsoft-Windows-PowerShell" Guid="{a0c1853b-5c40-4b15-8766-3cf1c58f985a}"></Provider>
<EventID Qualifiers="">4105</EventID>
<Version>1</Version>
<Level>5</Level>
<Task>102</Task>
<Opcode>15</Opcode>
<Keywords>0x0000000000000000</Keywords>
<TimeCreated SystemTime="2025-04-10 06:31:45.387238"></TimeCreated>
<EventRecordID>3573</EventRecordID>
<Correlation ActivityID="{d72fe4f3-a9dd-0000-de2f-31d7dda9db01}" RelatedActivityID=""></Correlation>
<Execution ProcessID="9808" ThreadID="4644"></Execution>
<Channel>Microsoft-Windows-PowerShell/Operational</Channel>
<Computer>DESKTOP-M3AKJSD</Computer>
<Security UserID="S-1-5-21-3999086100-426973801-4203759309-1002"></Security>
</System>
<EventData><Data Name="ScriptBlockId">567c325e-19d5-4563-9e92-cf47135cb4a4</Data>
<Data Name="RunspaceId">62516b95-d457-41c9-aa13-31b963bcf8bb</Data>
</EventData>
</Event>

<Event xmlns="http://schemas.microsoft.com/win/2004/08/events/event"><System><Provider Name="Microsoft-Windows-PowerShell" Guid="{a0c1853b-5c40-4b15-8766-3cf1c58f985a}"></Provider>
<EventID Qualifiers="">4106</EventID>
<Version>1</Version>
<Level>5</Level>
<Task>103</Task>
<Opcode>15</Opcode>
<Keywords>0x0000000000000000</Keywords>
<TimeCreated SystemTime="2025-04-10 06:31:45.387299"></TimeCreated>
<EventRecordID>3574</EventRecordID>
<Correlation ActivityID="{d72fe4f3-a9dd-0000-de2f-31d7dda9db01}" RelatedActivityID=""></Correlation>
<Execution ProcessID="9808" ThreadID="4644"></Execution>
<Channel>Microsoft-Windows-PowerShell/Operational</Channel>
<Computer>DESKTOP-M3AKJSD</Computer>
<Security UserID="S-1-5-21-3999086100-426973801-4203759309-1002"></Security>
</System>
<EventData><Data Name="ScriptBlockId">567c325e-19d5-4563-9e92-cf47135cb4a4</Data>
<Data Name="RunspaceId">62516b95-d457-41c9-aa13-31b963bcf8bb</Data>
</EventData>
</Event>

<Event xmlns="http://schemas.microsoft.com/win/2004/08/events/event"><System><Provider Name="Microsoft-Windows-PowerShell" Guid="{a0c1853b-5c40-4b15-8766-3cf1c58f985a}"></Provider>
<EventID Qualifiers="">4103</EventID>
<Version>1</Version>
<Level>4</Level>
<Task>106</Task>
<Opcode>20</Opcode>
<Keywords>0x0000000000000000</Keywords>
<TimeCreated SystemTime="2025-04-10 06:31:45.470758"></TimeCreated>
<EventRecordID>3575</EventRecordID>
<Correlation ActivityID="{d72fe4f3-a9dd-0002-46fb-30d7dda9db01}" RelatedActivityID=""></Correlation>
<Execution ProcessID="9808" ThreadID="4644"></Execution>
<Channel>Microsoft-Windows-PowerShell/Operational</Channel>
<Computer>DESKTOP-M3AKJSD</Computer>
<Security UserID="S-1-5-21-3999086100-426973801-4203759309-1002"></Security>
</System>
<EventData><Data Name="ContextInfo">        Severity = Informational
        Host Name = ConsoleHost
        Host Version = 5.1.26100.3624
        Host ID = 06070939-645a-4cb4-bb35-feff3e76ad09
        Host Application = C:\Windows\System32\WindowsPowerShell\v1.0\powershell.exe
        Engine Version = 5.1.26100.3624
        Runspace ID = 62516b95-d457-41c9-aa13-31b963bcf8bb
        Pipeline ID = 23
        Command Name = Set-MpPreference
        Command Type = Function
        Script Name = 
        Command Path = 
        Sequence Number = 140
        User = DESKTOP-M3AKJSD\User
        Connected User = 
        Shell ID = Microsoft.PowerShell
</Data>
<Data Name="UserData"></Data>
<Data Name="Payload">CommandInvocation(Set-MpPreference): "Set-MpPreference"
ParameterBinding(Set-MpPreference): name="DisableRealtimeMonitoring"; value="True"
ParameterBinding(Set-MpPreference): name="QuarantinePurgeItemsAfterDelay"; value="0"
ParameterBinding(Set-MpPreference): name="RemoteEncryptionProtectionMaxBlockTime"; value="0"
ParameterBinding(Set-MpPreference): name="BruteForceProtectionMaxBlockTime"; value="0"
ParameterBinding(Set-MpPreference): name="BruteForceProtectionLocalNetworkBlocking"; value="False"
ParameterBinding(Set-MpPreference): name="BruteForceProtectionSkipLearningPeriod"; value="False"
ParameterBinding(Set-MpPreference): name="ReportingAdditionalActionTimeOut"; value="0"
ParameterBinding(Set-MpPreference): name="ReportingCriticalFailureTimeOut"; value="0"
ParameterBinding(Set-MpPreference): name="ReportingNonCriticalTimeOut"; value="0"
ParameterBinding(Set-MpPreference): name="ServiceHealthReportInterval"; value="0"
ParameterBinding(Set-MpPreference): name="ReportDynamicSignatureDroppedEvent"; value="False"
ParameterBinding(Set-MpPreference): name="ScanAvgCPULoadFactor"; value="0"
ParameterBinding(Set-MpPreference): name="CheckForSignaturesBeforeRunningScan"; value="False"
ParameterBinding(Set-MpPreference): name="ScanPurgeItemsAfterDelay"; value="0"
ParameterBinding(Set-MpPreference): name="ScanOnlyIfIdleEnabled"; value="False"
ParameterBinding(Set-MpPreference): name="ThrottleForScheduledScanOnly"; value="False"
ParameterBinding(Set-MpPreference): name="SignatureFirstAuGracePeriod"; value="0"
ParameterBinding(Set-MpPreference): name="SignatureAuGracePeriod"; value="0"
ParameterBinding(Set-MpPreference): name="SignatureDefinitionUpdateFileSharesSources"; value=""
ParameterBinding(Set-MpPreference): name="SignatureDisableUpdateOnStartupWithoutEngine"; value="False"
ParameterBinding(Set-MpPreference): name="SignatureFallbackOrder"; value=""
ParameterBinding(Set-MpPreference): name="SharedSignaturesPath"; value=""
ParameterBinding(Set-MpPreference): name="SharedSignaturesPathUpdateAtScheduledTimeOnly"; value="False"
ParameterBinding(Set-MpPreference): name="SignatureUpdateCatchupInterval"; value="0"
ParameterBinding(Set-MpPreference): name="SignatureUpdateInterval"; value="0"
ParameterBinding(Set-MpPreference): name="SignatureBlobUpdateInterval"; value="0"
ParameterBinding(Set-MpPreference): name="SignatureBlobFileSharesSources"; value=""
ParameterBinding(Set-MpPreference): name="MeteredConnectionUpdates"; value="False"
ParameterBinding(Set-MpPreference): name="AllowNetworkProtectionOnWinServer"; value="False"
ParameterBinding(Set-MpPreference): name="DisableDatagramProcessing"; value="False"
ParameterBinding(Set-MpPreference): name="EnableConvertWarnToBlock"; value="False"
ParameterBinding(Set-MpPreference): name="DisableCpuThrottleOnIdleScans"; value="False"
ParameterBinding(Set-MpPreference): name="DisableAutoExclusions"; value="False"
ParameterBinding(Set-MpPreference): name="DisablePrivacyMode"; value="False"
ParameterBinding(Set-MpPreference): name="RandomizeScheduleTaskTimes"; value="False"
ParameterBinding(Set-MpPreference): name="SchedulerRandomizationTime"; value="0"
ParameterBinding(Set-MpPreference): name="DisableBehaviorMonitoring"; value="False"
ParameterBinding(Set-MpPreference): name="DisableIntrusionPreventionSystem"; value="False"
ParameterBinding(Set-MpPreference): name="DisableIOAVProtection"; value="False"
ParameterBinding(Set-MpPreference): name="DisableScriptScanning"; value="False"
ParameterBinding(Set-MpPreference): name="DisableArchiveScanning"; value="False"
ParameterBinding(Set-MpPreference): name="DisableCatchupFullScan"; value="False"
ParameterBinding(Set-MpPreference): name="DisableCatchupQuickScan"; value="False"
ParameterBinding(Set-MpPreference): name="DisableEmailScanning"; value="False"
ParameterBinding(Set-MpPreference): name="DisableRemovableDriveScanning"; value="False"
ParameterBinding(Set-MpPreference): name="DisableRestorePoint"; value="False"
ParameterBinding(Set-MpPreference): name="DisableScanningMappedNetworkDrivesForFullScan"; value="False"
ParameterBinding(Set-MpPreference): name="DisableScanningNetworkFiles"; value="False"
ParameterBinding(Set-MpPreference): name="ApplyDisableNetworkScanningToIOAV"; value="False"
ParameterBinding(Set-MpPreference): name="UILockdown"; value="False"
ParameterBinding(Set-MpPreference): name="Force"; value="False"
ParameterBinding(Set-MpPreference): name="DisableBlockAtFirstSeen"; value="False"
ParameterBinding(Set-MpPreference): name="CloudExtendedTimeout"; value="0"
ParameterBinding(Set-MpPreference): name="EnableLowCpuPriority"; value="False"
ParameterBinding(Set-MpPreference): name="EnableFileHashComputation"; value="False"
ParameterBinding(Set-MpPreference): name="EnableFullScanOnBatteryPower"; value="False"
ParameterBinding(Set-MpPreference): name="ProxyPacUrl"; value=""
ParameterBinding(Set-MpPreference): name="ProxyServer"; value=""
ParameterBinding(Set-MpPreference): name="ForceUseProxyOnly"; value="False"
ParameterBinding(Set-MpPreference): name="DisableTlsParsing"; value="False"
ParameterBinding(Set-MpPreference): name="DisableFtpParsing"; value="False"
ParameterBinding(Set-MpPreference): name="DisableHttpParsing"; value="False"
ParameterBinding(Set-MpPreference): name="DisableDnsParsing"; value="False"
ParameterBinding(Set-MpPreference): name="DisableDnsOverTcpParsing"; value="False"
ParameterBinding(Set-MpPreference): name="DisableSshParsing"; value="False"
ParameterBinding(Set-MpPreference): name="DisableGradualRelease"; value="False"
ParameterBinding(Set-MpPreference): name="AllowNetworkProtectionDownLevel"; value="False"
ParameterBinding(Set-MpPreference): name="AllowDatagramProcessingOnWinServer"; value="False"
ParameterBinding(Set-MpPreference): name="EnableDnsSinkhole"; value="False"
ParameterBinding(Set-MpPreference): name="DisableInboundConnectionFiltering"; value="False"
ParameterBinding(Set-MpPreference): name="DisableRdpParsing"; value="False"
ParameterBinding(Set-MpPreference): name="DisableNetworkProtectionPerfTelemetry"; value="False"
ParameterBinding(Set-MpPreference): name="TrustLabelProtectionStatus"; value="0"
ParameterBinding(Set-MpPreference): name="AllowSwitchToAsyncInspection"; value="False"
ParameterBinding(Set-MpPreference): name="ScanScheduleOffset"; value="0"
ParameterBinding(Set-MpPreference): name="DisableTDTFeature"; value="False"
ParameterBinding(Set-MpPreference): name="DisableTamperProtection"; value="False"
ParameterBinding(Set-MpPreference): name="DisableSmtpParsing"; value="False"
ParameterBinding(Set-MpPreference): name="DisableQuicParsing"; value="False"
ParameterBinding(Set-MpPreference): name="NetworkProtectionReputationMode"; value="0"
ParameterBinding(Set-MpPreference): name="EnableUdpSegmentationOffload"; value="False"
ParameterBinding(Set-MpPreference): name="EnableUdpReceiveOffload"; value="False"
ParameterBinding(Set-MpPreference): name="IntelTDTEnabled"; value="False"
ParameterBinding(Set-MpPreference): name="OobeEnableRtpAndSigUpdate"; value="False"
ParameterBinding(Set-MpPreference): name="DisableCacheMaintenance"; value="False"
ParameterBinding(Set-MpPreference): name="RemoveScanningThreadPoolCap"; value="False"
ParameterBinding(Set-MpPreference): name="DisableCoreServiceECSIntegration"; value="False"
ParameterBinding(Set-MpPreference): name="DisableCoreServiceTelemetry"; value="False"
ParameterBinding(Set-MpPreference): name="ThrottleLimit"; value="0"
ParameterBinding(Set-MpPreference): name="AsJob"; value="False"
</Data>
</EventData>
</Event>

<Event xmlns="http://schemas.microsoft.com/win/2004/08/events/event"><System><Provider Name="Microsoft-Windows-PowerShell" Guid="{a0c1853b-5c40-4b15-8766-3cf1c58f985a}"></Provider>
<EventID Qualifiers="">4106</EventID>
<Version>1</Version>
<Level>5</Level>
<Task>103</Task>
<Opcode>15</Opcode>
<Keywords>0x0000000000000000</Keywords>
<TimeCreated SystemTime="2025-04-10 06:31:45.470825"></TimeCreated>
<EventRecordID>3576</EventRecordID>
<Correlation ActivityID="{d72fe4f3-a9dd-0002-46fb-30d7dda9db01}" RelatedActivityID=""></Correlation>
<Execution ProcessID="9808" ThreadID="4644"></Execution>
<Channel>Microsoft-Windows-PowerShell/Operational</Channel>
<Computer>DESKTOP-M3AKJSD</Computer>
<Security UserID="S-1-5-21-3999086100-426973801-4203759309-1002"></Security>
</System>
<EventData><Data Name="ScriptBlockId">95769e62-39ef-45c0-b518-9f62984a2bd2</Data>
<Data Name="RunspaceId">62516b95-d457-41c9-aa13-31b963bcf8bb</Data>
</EventData>
</Event>

<Event xmlns="http://schemas.microsoft.com/win/2004/08/events/event"><System><Provider Name="Microsoft-Windows-PowerShell" Guid="{a0c1853b-5c40-4b15-8766-3cf1c58f985a}"></Provider>
<EventID Qualifiers="">4103</EventID>
<Version>1</Version>
<Level>4</Level>
<Task>106</Task>
<Opcode>20</Opcode>
<Keywords>0x0000000000000000</Keywords>
<TimeCreated SystemTime="2025-04-10 06:31:45.471060"></TimeCreated>
<EventRecordID>3577</EventRecordID>
<Correlation ActivityID="{d72fe4f3-a9dd-0002-45fb-30d7dda9db01}" RelatedActivityID=""></Correlation>
<Execution ProcessID="9808" ThreadID="4644"></Execution>
<Channel>Microsoft-Windows-PowerShell/Operational</Channel>
<Computer>DESKTOP-M3AKJSD</Computer>
<Security UserID="S-1-5-21-3999086100-426973801-4203759309-1002"></Security>
</System>
<EventData><Data Name="ContextInfo">        Severity = Informational
        Host Name = ConsoleHost
        Host Version = 5.1.26100.3624
        Host ID = 06070939-645a-4cb4-bb35-feff3e76ad09
        Host Application = C:\Windows\System32\WindowsPowerShell\v1.0\powershell.exe
        Engine Version = 5.1.26100.3624
        Runspace ID = 62516b95-d457-41c9-aa13-31b963bcf8bb
        Pipeline ID = 23
        Command Name = 
        Command Type = Script
        Script Name = 
        Command Path = 
        Sequence Number = 142
        User = DESKTOP-M3AKJSD\User
        Connected User = 
        Shell ID = Microsoft.PowerShell
</Data>
<Data Name="UserData"></Data>
<Data Name="Payload">CommandInvocation(Out-Default): "Out-Default"
</Data>
</EventData>
</Event>

<Event xmlns="http://schemas.microsoft.com/win/2004/08/events/event"><System><Provider Name="Microsoft-Windows-PowerShell" Guid="{a0c1853b-5c40-4b15-8766-3cf1c58f985a}"></Provider>
<EventID Qualifiers="">4105</EventID>
<Version>1</Version>
<Level>5</Level>
<Task>102</Task>
<Opcode>15</Opcode>
<Keywords>0x0000000000000000</Keywords>
<TimeCreated SystemTime="2025-04-10 06:31:45.471825"></TimeCreated>
<EventRecordID>3578</EventRecordID>
<Correlation ActivityID="{d72fe4f3-a9dd-0000-a012-31d7dda9db01}" RelatedActivityID=""></Correlation>
<Execution ProcessID="9808" ThreadID="10116"></Execution>
<Channel>Microsoft-Windows-PowerShell/Operational</Channel>
<Computer>DESKTOP-M3AKJSD</Computer>
<Security UserID="S-1-5-21-3999086100-426973801-4203759309-1002"></Security>
</System>
<EventData><Data Name="ScriptBlockId">34aecddc-0c86-4d33-ac3f-ea406960ccef</Data>
<Data Name="RunspaceId">62516b95-d457-41c9-aa13-31b963bcf8bb</Data>
</EventData>
</Event>

<Event xmlns="http://schemas.microsoft.com/win/2004/08/events/event"><System><Provider Name="Microsoft-Windows-PowerShell" Guid="{a0c1853b-5c40-4b15-8766-3cf1c58f985a}"></Provider>
<EventID Qualifiers="">4106</EventID>
<Version>1</Version>
<Level>5</Level>
<Task>103</Task>
<Opcode>15</Opcode>
<Keywords>0x0000000000000000</Keywords>
<TimeCreated SystemTime="2025-04-10 06:31:45.471901"></TimeCreated>
<EventRecordID>3579</EventRecordID>
<Correlation ActivityID="{d72fe4f3-a9dd-0000-a012-31d7dda9db01}" RelatedActivityID=""></Correlation>
<Execution ProcessID="9808" ThreadID="10116"></Execution>
<Channel>Microsoft-Windows-PowerShell/Operational</Channel>
<Computer>DESKTOP-M3AKJSD</Computer>
<Security UserID="S-1-5-21-3999086100-426973801-4203759309-1002"></Security>
</System>
<EventData><Data Name="ScriptBlockId">34aecddc-0c86-4d33-ac3f-ea406960ccef</Data>
<Data Name="RunspaceId">62516b95-d457-41c9-aa13-31b963bcf8bb</Data>
</EventData>
</Event>

<Event xmlns="http://schemas.microsoft.com/win/2004/08/events/event"><System><Provider Name="Microsoft-Windows-PowerShell" Guid="{a0c1853b-5c40-4b15-8766-3cf1c58f985a}"></Provider>
<EventID Qualifiers="">4104</EventID>
<Version>1</Version>
<Level>5</Level>
<Task>2</Task>
<Opcode>15</Opcode>
<Keywords>0x0000000000000000</Keywords>
<TimeCreated SystemTime="2025-04-10 06:31:45.473957"></TimeCreated>
<EventRecordID>3580</EventRecordID>
<Correlation ActivityID="{d72fe4f3-a9dd-0001-382a-31d7dda9db01}" RelatedActivityID=""></Correlation>
<Execution ProcessID="9808" ThreadID="4644"></Execution>
<Channel>Microsoft-Windows-PowerShell/Operational</Channel>
<Computer>DESKTOP-M3AKJSD</Computer>
<Security UserID="S-1-5-21-3999086100-426973801-4203759309-1002"></Security>
</System>
<EventData><Data Name="MessageNumber">1</Data>
<Data Name="MessageTotal">1</Data>
<Data Name="ScriptBlockText">prompt</Data>
<Data Name="ScriptBlockId">d7e9361c-2097-4939-909a-b5232258d51c</Data>
<Data Name="Path"></Data>
</EventData>
</Event>

<Event xmlns="http://schemas.microsoft.com/win/2004/08/events/event"><System><Provider Name="Microsoft-Windows-PowerShell" Guid="{a0c1853b-5c40-4b15-8766-3cf1c58f985a}"></Provider>
<EventID Qualifiers="">4105</EventID>
<Version>1</Version>
<Level>5</Level>
<Task>102</Task>
<Opcode>15</Opcode>
<Keywords>0x0000000000000000</Keywords>
<TimeCreated SystemTime="2025-04-10 06:31:45.473959"></TimeCreated>
<EventRecordID>3581</EventRecordID>
<Correlation ActivityID="{d72fe4f3-a9dd-0001-382a-31d7dda9db01}" RelatedActivityID=""></Correlation>
<Execution ProcessID="9808" ThreadID="4644"></Execution>
<Channel>Microsoft-Windows-PowerShell/Operational</Channel>
<Computer>DESKTOP-M3AKJSD</Computer>
<Security UserID="S-1-5-21-3999086100-426973801-4203759309-1002"></Security>
</System>
<EventData><Data Name="ScriptBlockId">d7e9361c-2097-4939-909a-b5232258d51c</Data>
<Data Name="RunspaceId">62516b95-d457-41c9-aa13-31b963bcf8bb</Data>
</EventData>
</Event>

<Event xmlns="http://schemas.microsoft.com/win/2004/08/events/event"><System><Provider Name="Microsoft-Windows-PowerShell" Guid="{a0c1853b-5c40-4b15-8766-3cf1c58f985a}"></Provider>
<EventID Qualifiers="">4105</EventID>
<Version>1</Version>
<Level>5</Level>
<Task>102</Task>
<Opcode>15</Opcode>
<Keywords>0x0000000000000000</Keywords>
<TimeCreated SystemTime="2025-04-10 06:31:45.474028"></TimeCreated>
<EventRecordID>3582</EventRecordID>
<Correlation ActivityID="{d72fe4f3-a9dd-0001-392a-31d7dda9db01}" RelatedActivityID=""></Correlation>
<Execution ProcessID="9808" ThreadID="4644"></Execution>
<Channel>Microsoft-Windows-PowerShell/Operational</Channel>
<Computer>DESKTOP-M3AKJSD</Computer>
<Security UserID="S-1-5-21-3999086100-426973801-4203759309-1002"></Security>
</System>
<EventData><Data Name="ScriptBlockId">1a8b102e-758f-405f-af6e-5b82d08a2a07</Data>
<Data Name="RunspaceId">62516b95-d457-41c9-aa13-31b963bcf8bb</Data>
</EventData>
</Event>

<Event xmlns="http://schemas.microsoft.com/win/2004/08/events/event"><System><Provider Name="Microsoft-Windows-PowerShell" Guid="{a0c1853b-5c40-4b15-8766-3cf1c58f985a}"></Provider>
<EventID Qualifiers="">4106</EventID>
<Version>1</Version>
<Level>5</Level>
<Task>103</Task>
<Opcode>15</Opcode>
<Keywords>0x0000000000000000</Keywords>
<TimeCreated SystemTime="2025-04-10 06:31:45.474115"></TimeCreated>
<EventRecordID>3583</EventRecordID>
<Correlation ActivityID="{d72fe4f3-a9dd-0001-392a-31d7dda9db01}" RelatedActivityID=""></Correlation>
<Execution ProcessID="9808" ThreadID="4644"></Execution>
<Channel>Microsoft-Windows-PowerShell/Operational</Channel>
<Computer>DESKTOP-M3AKJSD</Computer>
<Security UserID="S-1-5-21-3999086100-426973801-4203759309-1002"></Security>
</System>
<EventData><Data Name="ScriptBlockId">1a8b102e-758f-405f-af6e-5b82d08a2a07</Data>
<Data Name="RunspaceId">62516b95-d457-41c9-aa13-31b963bcf8bb</Data>
</EventData>
</Event>

<Event xmlns="http://schemas.microsoft.com/win/2004/08/events/event"><System><Provider Name="Microsoft-Windows-PowerShell" Guid="{a0c1853b-5c40-4b15-8766-3cf1c58f985a}"></Provider>
<EventID Qualifiers="">4106</EventID>
<Version>1</Version>
<Level>5</Level>
<Task>103</Task>
<Opcode>15</Opcode>
<Keywords>0x0000000000000000</Keywords>
<TimeCreated SystemTime="2025-04-10 06:31:45.474125"></TimeCreated>
<EventRecordID>3584</EventRecordID>
<Correlation ActivityID="{d72fe4f3-a9dd-0001-392a-31d7dda9db01}" RelatedActivityID=""></Correlation>
<Execution ProcessID="9808" ThreadID="4644"></Execution>
<Channel>Microsoft-Windows-PowerShell/Operational</Channel>
<Computer>DESKTOP-M3AKJSD</Computer>
<Security UserID="S-1-5-21-3999086100-426973801-4203759309-1002"></Security>
</System>
<EventData><Data Name="ScriptBlockId">d7e9361c-2097-4939-909a-b5232258d51c</Data>
<Data Name="RunspaceId">62516b95-d457-41c9-aa13-31b963bcf8bb</Data>
</EventData>
</Event>

<Event xmlns="http://schemas.microsoft.com/win/2004/08/events/event"><System><Provider Name="Microsoft-Windows-PowerShell" Guid="{a0c1853b-5c40-4b15-8766-3cf1c58f985a}"></Provider>
<EventID Qualifiers="">4105</EventID>
<Version>1</Version>
<Level>5</Level>
<Task>102</Task>
<Opcode>15</Opcode>
<Keywords>0x0000000000000000</Keywords>
<TimeCreated SystemTime="2025-04-10 06:31:45.475658"></TimeCreated>
<EventRecordID>3585</EventRecordID>
<Correlation ActivityID="{d72fe4f3-a9dd-0000-ee2f-31d7dda9db01}" RelatedActivityID=""></Correlation>
<Execution ProcessID="9808" ThreadID="4644"></Execution>
<Channel>Microsoft-Windows-PowerShell/Operational</Channel>
<Computer>DESKTOP-M3AKJSD</Computer>
<Security UserID="S-1-5-21-3999086100-426973801-4203759309-1002"></Security>
</System>
<EventData><Data Name="ScriptBlockId">8a832e35-24e1-4fa8-a129-0098e18f7f1d</Data>
<Data Name="RunspaceId">62516b95-d457-41c9-aa13-31b963bcf8bb</Data>
</EventData>
</Event>

<Event xmlns="http://schemas.microsoft.com/win/2004/08/events/event"><System><Provider Name="Microsoft-Windows-PowerShell" Guid="{a0c1853b-5c40-4b15-8766-3cf1c58f985a}"></Provider>
<EventID Qualifiers="">4103</EventID>
<Version>1</Version>
<Level>4</Level>
<Task>106</Task>
<Opcode>20</Opcode>
<Keywords>0x0000000000000000</Keywords>
<TimeCreated SystemTime="2025-04-10 06:31:45.476490"></TimeCreated>
<EventRecordID>3586</EventRecordID>
<Correlation ActivityID="{d72fe4f3-a9dd-0000-ef2f-31d7dda9db01}" RelatedActivityID=""></Correlation>
<Execution ProcessID="9808" ThreadID="4644"></Execution>
<Channel>Microsoft-Windows-PowerShell/Operational</Channel>
<Computer>DESKTOP-M3AKJSD</Computer>
<Security UserID="S-1-5-21-3999086100-426973801-4203759309-1002"></Security>
</System>
<EventData><Data Name="ContextInfo">        Severity = Informational
        Host Name = ConsoleHost
        Host Version = 5.1.26100.3624
        Host ID = 06070939-645a-4cb4-bb35-feff3e76ad09
        Host Application = C:\Windows\System32\WindowsPowerShell\v1.0\powershell.exe
        Engine Version = 5.1.26100.3624
        Runspace ID = 62516b95-d457-41c9-aa13-31b963bcf8bb
        Pipeline ID = 25
        Command Name = Set-StrictMode
        Command Type = Cmdlet
        Script Name = C:\Program Files\WindowsPowerShell\Modules\PSReadLine\2.0.0\PSReadLine.psm1
        Command Path = 
        Sequence Number = 144
        User = DESKTOP-M3AKJSD\User
        Connected User = 
        Shell ID = Microsoft.PowerShell
</Data>
<Data Name="UserData"></Data>
<Data Name="Payload">CommandInvocation(Set-StrictMode): "Set-StrictMode"
ParameterBinding(Set-StrictMode): name="Off"; value="True"
</Data>
</EventData>
</Event>

<Event xmlns="http://schemas.microsoft.com/win/2004/08/events/event"><System><Provider Name="Microsoft-Windows-PowerShell" Guid="{a0c1853b-5c40-4b15-8766-3cf1c58f985a}"></Provider>
<EventID Qualifiers="">4106</EventID>
<Version>1</Version>
<Level>5</Level>
<Task>103</Task>
<Opcode>15</Opcode>
<Keywords>0x0000000000000000</Keywords>
<TimeCreated SystemTime="2025-04-10 06:34:34.424931"></TimeCreated>
<EventRecordID>3587</EventRecordID>
<Correlation ActivityID="{d72fe4f3-a9dd-0000-ef2f-31d7dda9db01}" RelatedActivityID=""></Correlation>
<Execution ProcessID="9808" ThreadID="4644"></Execution>
<Channel>Microsoft-Windows-PowerShell/Operational</Channel>
<Computer>DESKTOP-M3AKJSD</Computer>
<Security UserID="S-1-5-21-3999086100-426973801-4203759309-1002"></Security>
</System>
<EventData><Data Name="ScriptBlockId">8a832e35-24e1-4fa8-a129-0098e18f7f1d</Data>
<Data Name="RunspaceId">62516b95-d457-41c9-aa13-31b963bcf8bb</Data>
</EventData>
</Event>

