<Event xmlns="http://schemas.microsoft.com/win/2004/08/events/event"><System><Provider Name="Microsoft-Windows-PowerShell" Guid="{a0c1853b-5c40-4b15-8766-3cf1c58f985a}"></Provider>
<EventID Qualifiers="">4106</EventID>
<Version>1</Version>
<Level>5</Level>
<Task>103</Task>
<Opcode>15</Opcode>
<Keywords>0x0000000000000000</Keywords>
<TimeCreated SystemTime="2025-04-10 06:12:13.629393"></TimeCreated>
<EventRecordID>3128</EventRecordID>
<Correlation ActivityID="{d72fe4f3-a9dd-0000-369a-30d7dda9db01}" RelatedActivityID=""></Correlation>
<Execution ProcessID="5616" ThreadID="2568"></Execution>
<Channel>Microsoft-Windows-PowerShell/Operational</Channel>
<Computer>DESKTOP-M3AKJSD</Computer>
<Security UserID="S-1-5-21-3999086100-426973801-4203759309-1002"></Security>
</System>
<EventData><Data Name="ScriptBlockId">12ffbb93-b12e-43d2-b1ab-9a908a87a54b</Data>
<Data Name="RunspaceId">ac635bc2-7fac-47a2-9734-707b73c7c7e8</Data>
</EventData>
</Event>

<Event xmlns="http://schemas.microsoft.com/win/2004/08/events/event"><System><Provider Name="Microsoft-Windows-PowerShell" Guid="{a0c1853b-5c40-4b15-8766-3cf1c58f985a}"></Provider>
<EventID Qualifiers="">4104</EventID>
<Version>1</Version>
<Level>5</Level>
<Task>2</Task>
<Opcode>15</Opcode>
<Keywords>0x0000000000000000</Keywords>
<TimeCreated SystemTime="2025-04-10 06:12:13.632296"></TimeCreated>
<EventRecordID>3129</EventRecordID>
<Correlation ActivityID="{d72fe4f3-a9dd-0002-7d74-30d7dda9db01}" RelatedActivityID=""></Correlation>
<Execution ProcessID="5616" ThreadID="2568"></Execution>
<Channel>Microsoft-Windows-PowerShell/Operational</Channel>
<Computer>DESKTOP-M3AKJSD</Computer>
<Security UserID="S-1-5-21-3999086100-426973801-4203759309-1002"></Security>
</System>
<EventData><Data Name="MessageNumber">1</Data>
<Data Name="MessageTotal">1</Data>
<Data Name="ScriptBlockText"># Localized	04/01/2024 04:51 AM (GMT)	303:7.2.30118 	CL_LocalizationData.psd1
ConvertFrom-StringData @'
###PSLOC
filesFailToRemove_description=Exceptions caught while removing files.
checkBrokenDesktopShortcuts_progress=Checking for broken shortcuts...
checkBrokenStartupShortcuts_progress=Checking for broken startup links...
brokenDesktopShortcuts_name=Broken desktop shortcuts
brokenDesktopShortcuts_description=List of desktop shortcuts for which the target executable no longer exists.
brokenStartupShortcuts_name=Broken startup shortcuts
brokenStartupShortcuts_description=List of startup shortcuts for which the target executable no longer exists.
deleteBrokenDesktopShortcuts_progress=Deleting broken shortcuts...
deleteBrokenStartupShortcuts_progress=Deleting broken startup links...
checkSystemTime_progress=Checking clock time...
syncSystemTime_progress=Synchronizing clock time...
timeDelayAgainstTimeServer_name=Clock synchronization
checkUnusedDesktopIcons_progress=Checking for unused desktop icons...
unusedDesktopShortcuts_name=Unused desktop shortcuts
unusedDesktopShortcuts_description=List of shortcuts that have not been recently accessed for
unusedTimeUnit=months.
deleteUnusedDesktopShortcuts_progress=Deleting unused shortcuts...
timeServerName=Time server name
samplesCollected=Samples collected
serverTime=Server time
localTime=Local time
timeDifference=Time difference
shortcutName=Shortcut name
CheckWERQueue=Checking for unnecessary files...
DeleteUserWERQueue=Deleting Windows error reports...
DeleteSystemWERQueue=Deleting Windows error reports...
CheckTSHistory=Checking for unnecessary files...
DeleteUserTSHistory=Deleting troubleshooting history...
DeleteAdminTSHistory=Deleting troubleshooting history...
freeSpace=Free space
totalSpace=Total space
driveName=Drive name
systemDriveInfo_name=Disk information
systemDriveInfo_description=Details of the system drive.
UserReportInfo_name=User Report details
UserReportInfo_description=Details of the Windows error reporting user queue.
userReportPath=Folder name
userReportSpace=Disk space
MachineReportInfo_name=System report details
MachineReportInfo_description=Details of the Windows error reporting system queue.
MachineReportPath=Folder name
MachineReportSpace=Disk space
reclaimedUserReportSize=Reclaimed space
ReclaimedUserReportInfo_name=Deleted user reports
ReclaimedUserReportInfo_description=Details of the updated Windows error reporting user queue.
reclaimedMachineReportSize=Reclaimed space
ReclaimedMachineReportInfo_name=Deleted system reports
ReclaimedMachineReportInfo_description=Details of the updated Windows error reporting system queue.
userTSHistoryPath=Folder name
adminTSHistoryPath=Folder name
UserTSHistoryInfo_name=User troubleshooting history details
UserTSHistoryInfo_description=Details of the user troubleshooting history logs.
AdminTSHistoryInfo_name=Administrator troubleshooting history details
AdminTSHistoryInfo_description=Details of the administrator troubleshooting history logs.
ReclaimedUserTSHistroyInfo_name=Deleted user troubleshooting history
ReclaimedUserTSHistroyInfo_description=Details of the updated user troubleshooting history folder.
ReclaimedAdminTSHistroyInfo_name=Deleted administrator troubleshooting history
ReclaimedAdminTSHistroyInfo_description=Details of the updated administrator troubleshooting history folder.
userTSHistorySize=Disk space
adminTSHistorySize=Disk space
###PSLOC
'@
</Data>
<Data Name="ScriptBlockId">62fb5b8b-faf5-4cf5-b642-8ed85ab9968c</Data>
<Data Name="Path"></Data>
</EventData>
</Event>

<Event xmlns="http://schemas.microsoft.com/win/2004/08/events/event"><System><Provider Name="Microsoft-Windows-PowerShell" Guid="{a0c1853b-5c40-4b15-8766-3cf1c58f985a}"></Provider>
<EventID Qualifiers="">4105</EventID>
<Version>1</Version>
<Level>5</Level>
<Task>102</Task>
<Opcode>15</Opcode>
<Keywords>0x0000000000000000</Keywords>
<TimeCreated SystemTime="2025-04-10 06:12:13.632299"></TimeCreated>
<EventRecordID>3130</EventRecordID>
<Correlation ActivityID="{d72fe4f3-a9dd-0002-7d74-30d7dda9db01}" RelatedActivityID=""></Correlation>
<Execution ProcessID="5616" ThreadID="2568"></Execution>
<Channel>Microsoft-Windows-PowerShell/Operational</Channel>
<Computer>DESKTOP-M3AKJSD</Computer>
<Security UserID="S-1-5-21-3999086100-426973801-4203759309-1002"></Security>
</System>
<EventData><Data Name="ScriptBlockId">62fb5b8b-faf5-4cf5-b642-8ed85ab9968c</Data>
<Data Name="RunspaceId">ac635bc2-7fac-47a2-9734-707b73c7c7e8</Data>
</EventData>
</Event>

<Event xmlns="http://schemas.microsoft.com/win/2004/08/events/event"><System><Provider Name="Microsoft-Windows-PowerShell" Guid="{a0c1853b-5c40-4b15-8766-3cf1c58f985a}"></Provider>
<EventID Qualifiers="">4106</EventID>
<Version>1</Version>
<Level>5</Level>
<Task>103</Task>
<Opcode>15</Opcode>
<Keywords>0x0000000000000000</Keywords>
<TimeCreated SystemTime="2025-04-10 06:12:13.632719"></TimeCreated>
<EventRecordID>3131</EventRecordID>
<Correlation ActivityID="{d72fe4f3-a9dd-0003-6f66-30d7dda9db01}" RelatedActivityID=""></Correlation>
<Execution ProcessID="5616" ThreadID="2568"></Execution>
<Channel>Microsoft-Windows-PowerShell/Operational</Channel>
<Computer>DESKTOP-M3AKJSD</Computer>
<Security UserID="S-1-5-21-3999086100-426973801-4203759309-1002"></Security>
</System>
<EventData><Data Name="ScriptBlockId">62fb5b8b-faf5-4cf5-b642-8ed85ab9968c</Data>
<Data Name="RunspaceId">ac635bc2-7fac-47a2-9734-707b73c7c7e8</Data>
</EventData>
</Event>

<Event xmlns="http://schemas.microsoft.com/win/2004/08/events/event"><System><Provider Name="Microsoft-Windows-PowerShell" Guid="{a0c1853b-5c40-4b15-8766-3cf1c58f985a}"></Provider>
<EventID Qualifiers="">4104</EventID>
<Version>1</Version>
<Level>5</Level>
<Task>2</Task>
<Opcode>15</Opcode>
<Keywords>0x0000000000000000</Keywords>
<TimeCreated SystemTime="2025-04-10 06:12:13.783541"></TimeCreated>
<EventRecordID>3132</EventRecordID>
<Correlation ActivityID="{d72fe4f3-a9dd-0002-7f74-30d7dda9db01}" RelatedActivityID=""></Correlation>
<Execution ProcessID="5616" ThreadID="2568"></Execution>
<Channel>Microsoft-Windows-PowerShell/Operational</Channel>
<Computer>DESKTOP-M3AKJSD</Computer>
<Security UserID="S-1-5-21-3999086100-426973801-4203759309-1002"></Security>
</System>
<EventData><Data Name="MessageNumber">1</Data>
<Data Name="MessageTotal">1</Data>
<Data Name="ScriptBlockText">function Get-FreeSpace {
    [double]$freeSpace = 0.0
    [string]$wql = "SELECT * FROM Win32_LogicalDisk WHERE MediaType=12"
    $drives = Get-WmiObject -query $wql
    if($null -ne $drives) {
        foreach($drive in $drives) {
            $freeSpace += ($drive.freeSpace)
        }
    }

    return ($freeSpace / 1KB)
}</Data>
<Data Name="ScriptBlockId">9950ccf9-a6fe-4802-9b96-8abdaef3c61b</Data>
<Data Name="Path">C:\WINDOWS\TEMP\SDIAG_1ce381e2-2110-4de5-b469-608e12337a67\CL_Utility.ps1</Data>
</EventData>
</Event>

<Event xmlns="http://schemas.microsoft.com/win/2004/08/events/event"><System><Provider Name="Microsoft-Windows-PowerShell" Guid="{a0c1853b-5c40-4b15-8766-3cf1c58f985a}"></Provider>
<EventID Qualifiers="">4105</EventID>
<Version>1</Version>
<Level>5</Level>
<Task>102</Task>
<Opcode>15</Opcode>
<Keywords>0x0000000000000000</Keywords>
<TimeCreated SystemTime="2025-04-10 06:12:13.783545"></TimeCreated>
<EventRecordID>3133</EventRecordID>
<Correlation ActivityID="{d72fe4f3-a9dd-0002-7f74-30d7dda9db01}" RelatedActivityID=""></Correlation>
<Execution ProcessID="5616" ThreadID="2568"></Execution>
<Channel>Microsoft-Windows-PowerShell/Operational</Channel>
<Computer>DESKTOP-M3AKJSD</Computer>
<Security UserID="S-1-5-21-3999086100-426973801-4203759309-1002"></Security>
</System>
<EventData><Data Name="ScriptBlockId">9950ccf9-a6fe-4802-9b96-8abdaef3c61b</Data>
<Data Name="RunspaceId">ac635bc2-7fac-47a2-9734-707b73c7c7e8</Data>
</EventData>
</Event>

<Event xmlns="http://schemas.microsoft.com/win/2004/08/events/event"><System><Provider Name="Microsoft-Windows-PowerShell" Guid="{a0c1853b-5c40-4b15-8766-3cf1c58f985a}"></Provider>
<EventID Qualifiers="">4106</EventID>
<Version>1</Version>
<Level>5</Level>
<Task>103</Task>
<Opcode>15</Opcode>
<Keywords>0x0000000000000000</Keywords>
<TimeCreated SystemTime="2025-04-10 06:12:14.070518"></TimeCreated>
<EventRecordID>3134</EventRecordID>
<Correlation ActivityID="{d72fe4f3-a9dd-0002-8074-30d7dda9db01}" RelatedActivityID=""></Correlation>
<Execution ProcessID="5616" ThreadID="2568"></Execution>
<Channel>Microsoft-Windows-PowerShell/Operational</Channel>
<Computer>DESKTOP-M3AKJSD</Computer>
<Security UserID="S-1-5-21-3999086100-426973801-4203759309-1002"></Security>
</System>
<EventData><Data Name="ScriptBlockId">9950ccf9-a6fe-4802-9b96-8abdaef3c61b</Data>
<Data Name="RunspaceId">ac635bc2-7fac-47a2-9734-707b73c7c7e8</Data>
</EventData>
</Event>

<Event xmlns="http://schemas.microsoft.com/win/2004/08/events/event"><System><Provider Name="Microsoft-Windows-PowerShell" Guid="{a0c1853b-5c40-4b15-8766-3cf1c58f985a}"></Provider>
<EventID Qualifiers="">4104</EventID>
<Version>1</Version>
<Level>5</Level>
<Task>2</Task>
<Opcode>15</Opcode>
<Keywords>0x0000000000000000</Keywords>
<TimeCreated SystemTime="2025-04-10 06:12:14.080772"></TimeCreated>
<EventRecordID>3135</EventRecordID>
<Correlation ActivityID="{d72fe4f3-a9dd-0002-8f74-30d7dda9db01}" RelatedActivityID=""></Correlation>
<Execution ProcessID="5616" ThreadID="2568"></Execution>
<Channel>Microsoft-Windows-PowerShell/Operational</Channel>
<Computer>DESKTOP-M3AKJSD</Computer>
<Security UserID="S-1-5-21-3999086100-426973801-4203759309-1002"></Security>
</System>
<EventData><Data Name="MessageNumber">1</Data>
<Data Name="MessageTotal">1</Data>
<Data Name="ScriptBlockText">function Get-Percentage() {
    [string]$registryEntryPath = "HKLM:\SOFTWARE\Microsoft\Windows\Windows Error Reporting"
    [string]$registryEntryName = "MaxQueueSizePercentage"
    [double]$defaultValue = 100.0

    return Get-RegistryValue $registryEntryPath $registryEntryName $defaultValue
}</Data>
<Data Name="ScriptBlockId">df0f7249-274b-4f4a-b06d-3c65cd0ed586</Data>
<Data Name="Path">C:\WINDOWS\TEMP\SDIAG_1ce381e2-2110-4de5-b469-608e12337a67\CL_Utility.ps1</Data>
</EventData>
</Event>

<Event xmlns="http://schemas.microsoft.com/win/2004/08/events/event"><System><Provider Name="Microsoft-Windows-PowerShell" Guid="{a0c1853b-5c40-4b15-8766-3cf1c58f985a}"></Provider>
<EventID Qualifiers="">4105</EventID>
<Version>1</Version>
<Level>5</Level>
<Task>102</Task>
<Opcode>15</Opcode>
<Keywords>0x0000000000000000</Keywords>
<TimeCreated SystemTime="2025-04-10 06:12:14.080776"></TimeCreated>
<EventRecordID>3136</EventRecordID>
<Correlation ActivityID="{d72fe4f3-a9dd-0002-8f74-30d7dda9db01}" RelatedActivityID=""></Correlation>
<Execution ProcessID="5616" ThreadID="2568"></Execution>
<Channel>Microsoft-Windows-PowerShell/Operational</Channel>
<Computer>DESKTOP-M3AKJSD</Computer>
<Security UserID="S-1-5-21-3999086100-426973801-4203759309-1002"></Security>
</System>
<EventData><Data Name="ScriptBlockId">df0f7249-274b-4f4a-b06d-3c65cd0ed586</Data>
<Data Name="RunspaceId">ac635bc2-7fac-47a2-9734-707b73c7c7e8</Data>
</EventData>
</Event>

<Event xmlns="http://schemas.microsoft.com/win/2004/08/events/event"><System><Provider Name="Microsoft-Windows-PowerShell" Guid="{a0c1853b-5c40-4b15-8766-3cf1c58f985a}"></Provider>
<EventID Qualifiers="">4104</EventID>
<Version>1</Version>
<Level>5</Level>
<Task>2</Task>
<Opcode>15</Opcode>
<Keywords>0x0000000000000000</Keywords>
<TimeCreated SystemTime="2025-04-10 06:12:14.099651"></TimeCreated>
<EventRecordID>3137</EventRecordID>
<Correlation ActivityID="{d72fe4f3-a9dd-0002-9074-30d7dda9db01}" RelatedActivityID=""></Correlation>
<Execution ProcessID="5616" ThreadID="2568"></Execution>
<Channel>Microsoft-Windows-PowerShell/Operational</Channel>
<Computer>DESKTOP-M3AKJSD</Computer>
<Security UserID="S-1-5-21-3999086100-426973801-4203759309-1002"></Security>
</System>
<EventData><Data Name="MessageNumber">1</Data>
<Data Name="MessageTotal">1</Data>
<Data Name="ScriptBlockText">function Get-RegistryValue([string]$registryEntryPath = $(throw "No registry entry path is specified"), [string]$registryEntryName = $(throw "No registry entry name is specified"), [double]$defaultValue = 0.0) {
    [double]$registryEntryValue = $defaultValue

    $registryEntry = Get-ItemProperty -Path $registryEntryPath -Name $registryEntryName
    if($registryEntry -ne $null) {
        $registryEntryValue = $registryEntry.$registryEntryName
    }

	return $registryEntryValue
}</Data>
<Data Name="ScriptBlockId">37878146-b0e5-41d2-affc-913596d8c861</Data>
<Data Name="Path">C:\WINDOWS\TEMP\SDIAG_1ce381e2-2110-4de5-b469-608e12337a67\CL_Utility.ps1</Data>
</EventData>
</Event>

<Event xmlns="http://schemas.microsoft.com/win/2004/08/events/event"><System><Provider Name="Microsoft-Windows-PowerShell" Guid="{a0c1853b-5c40-4b15-8766-3cf1c58f985a}"></Provider>
<EventID Qualifiers="">4105</EventID>
<Version>1</Version>
<Level>5</Level>
<Task>102</Task>
<Opcode>15</Opcode>
<Keywords>0x0000000000000000</Keywords>
<TimeCreated SystemTime="2025-04-10 06:12:14.099655"></TimeCreated>
<EventRecordID>3138</EventRecordID>
<Correlation ActivityID="{d72fe4f3-a9dd-0002-9074-30d7dda9db01}" RelatedActivityID=""></Correlation>
<Execution ProcessID="5616" ThreadID="2568"></Execution>
<Channel>Microsoft-Windows-PowerShell/Operational</Channel>
<Computer>DESKTOP-M3AKJSD</Computer>
<Security UserID="S-1-5-21-3999086100-426973801-4203759309-1002"></Security>
</System>
<EventData><Data Name="ScriptBlockId">37878146-b0e5-41d2-affc-913596d8c861</Data>
<Data Name="RunspaceId">ac635bc2-7fac-47a2-9734-707b73c7c7e8</Data>
</EventData>
</Event>

<Event xmlns="http://schemas.microsoft.com/win/2004/08/events/event"><System><Provider Name="Microsoft-Windows-PowerShell" Guid="{a0c1853b-5c40-4b15-8766-3cf1c58f985a}"></Provider>
<EventID Qualifiers="">4106</EventID>
<Version>1</Version>
<Level>5</Level>
<Task>103</Task>
<Opcode>15</Opcode>
<Keywords>0x0000000000000000</Keywords>
<TimeCreated SystemTime="2025-04-10 06:12:14.158484"></TimeCreated>
<EventRecordID>3139</EventRecordID>
<Correlation ActivityID="{d72fe4f3-a9dd-0001-e193-30d7dda9db01}" RelatedActivityID=""></Correlation>
<Execution ProcessID="5616" ThreadID="2568"></Execution>
<Channel>Microsoft-Windows-PowerShell/Operational</Channel>
<Computer>DESKTOP-M3AKJSD</Computer>
<Security UserID="S-1-5-21-3999086100-426973801-4203759309-1002"></Security>
</System>
<EventData><Data Name="ScriptBlockId">37878146-b0e5-41d2-affc-913596d8c861</Data>
<Data Name="RunspaceId">ac635bc2-7fac-47a2-9734-707b73c7c7e8</Data>
</EventData>
</Event>

<Event xmlns="http://schemas.microsoft.com/win/2004/08/events/event"><System><Provider Name="Microsoft-Windows-PowerShell" Guid="{a0c1853b-5c40-4b15-8766-3cf1c58f985a}"></Provider>
<EventID Qualifiers="">4106</EventID>
<Version>1</Version>
<Level>5</Level>
<Task>103</Task>
<Opcode>15</Opcode>
<Keywords>0x0000000000000000</Keywords>
<TimeCreated SystemTime="2025-04-10 06:12:14.158524"></TimeCreated>
<EventRecordID>3140</EventRecordID>
<Correlation ActivityID="{d72fe4f3-a9dd-0002-9074-30d7dda9db01}" RelatedActivityID=""></Correlation>
<Execution ProcessID="5616" ThreadID="2568"></Execution>
<Channel>Microsoft-Windows-PowerShell/Operational</Channel>
<Computer>DESKTOP-M3AKJSD</Computer>
<Security UserID="S-1-5-21-3999086100-426973801-4203759309-1002"></Security>
</System>
<EventData><Data Name="ScriptBlockId">df0f7249-274b-4f4a-b06d-3c65cd0ed586</Data>
<Data Name="RunspaceId">ac635bc2-7fac-47a2-9734-707b73c7c7e8</Data>
</EventData>
</Event>

<Event xmlns="http://schemas.microsoft.com/win/2004/08/events/event"><System><Provider Name="Microsoft-Windows-PowerShell" Guid="{a0c1853b-5c40-4b15-8766-3cf1c58f985a}"></Provider>
<EventID Qualifiers="">4104</EventID>
<Version>1</Version>
<Level>5</Level>
<Task>2</Task>
<Opcode>15</Opcode>
<Keywords>0x0000000000000000</Keywords>
<TimeCreated SystemTime="2025-04-10 06:12:14.161306"></TimeCreated>
<EventRecordID>3141</EventRecordID>
<Correlation ActivityID="{d72fe4f3-a9dd-0002-9174-30d7dda9db01}" RelatedActivityID=""></Correlation>
<Execution ProcessID="5616" ThreadID="2568"></Execution>
<Channel>Microsoft-Windows-PowerShell/Operational</Channel>
<Computer>DESKTOP-M3AKJSD</Computer>
<Security UserID="S-1-5-21-3999086100-426973801-4203759309-1002"></Security>
</System>
<EventData><Data Name="MessageNumber">1</Data>
<Data Name="MessageTotal">1</Data>
<Data Name="ScriptBlockText">function Get-UserReportPath {
    return "${env:localappdata}\Microsoft\Windows\WER\ReportQueue"
}</Data>
<Data Name="ScriptBlockId">61fb1431-4201-4638-89ec-e0b671f9f8b6</Data>
<Data Name="Path">C:\WINDOWS\TEMP\SDIAG_1ce381e2-2110-4de5-b469-608e12337a67\CL_Utility.ps1</Data>
</EventData>
</Event>

<Event xmlns="http://schemas.microsoft.com/win/2004/08/events/event"><System><Provider Name="Microsoft-Windows-PowerShell" Guid="{a0c1853b-5c40-4b15-8766-3cf1c58f985a}"></Provider>
<EventID Qualifiers="">4105</EventID>
<Version>1</Version>
<Level>5</Level>
<Task>102</Task>
<Opcode>15</Opcode>
<Keywords>0x0000000000000000</Keywords>
<TimeCreated SystemTime="2025-04-10 06:12:14.161310"></TimeCreated>
<EventRecordID>3142</EventRecordID>
<Correlation ActivityID="{d72fe4f3-a9dd-0002-9174-30d7dda9db01}" RelatedActivityID=""></Correlation>
<Execution ProcessID="5616" ThreadID="2568"></Execution>
<Channel>Microsoft-Windows-PowerShell/Operational</Channel>
<Computer>DESKTOP-M3AKJSD</Computer>
<Security UserID="S-1-5-21-3999086100-426973801-4203759309-1002"></Security>
</System>
<EventData><Data Name="ScriptBlockId">61fb1431-4201-4638-89ec-e0b671f9f8b6</Data>
<Data Name="RunspaceId">ac635bc2-7fac-47a2-9734-707b73c7c7e8</Data>
</EventData>
</Event>

<Event xmlns="http://schemas.microsoft.com/win/2004/08/events/event"><System><Provider Name="Microsoft-Windows-PowerShell" Guid="{a0c1853b-5c40-4b15-8766-3cf1c58f985a}"></Provider>
<EventID Qualifiers="">4106</EventID>
<Version>1</Version>
<Level>5</Level>
<Task>103</Task>
<Opcode>15</Opcode>
<Keywords>0x0000000000000000</Keywords>
<TimeCreated SystemTime="2025-04-10 06:12:14.171528"></TimeCreated>
<EventRecordID>3143</EventRecordID>
<Correlation ActivityID="{d72fe4f3-a9dd-0002-9174-30d7dda9db01}" RelatedActivityID=""></Correlation>
<Execution ProcessID="5616" ThreadID="2568"></Execution>
<Channel>Microsoft-Windows-PowerShell/Operational</Channel>
<Computer>DESKTOP-M3AKJSD</Computer>
<Security UserID="S-1-5-21-3999086100-426973801-4203759309-1002"></Security>
</System>
<EventData><Data Name="ScriptBlockId">61fb1431-4201-4638-89ec-e0b671f9f8b6</Data>
<Data Name="RunspaceId">ac635bc2-7fac-47a2-9734-707b73c7c7e8</Data>
</EventData>
</Event>

<Event xmlns="http://schemas.microsoft.com/win/2004/08/events/event"><System><Provider Name="Microsoft-Windows-PowerShell" Guid="{a0c1853b-5c40-4b15-8766-3cf1c58f985a}"></Provider>
<EventID Qualifiers="">4104</EventID>
<Version>1</Version>
<Level>5</Level>
<Task>2</Task>
<Opcode>15</Opcode>
<Keywords>0x0000000000000000</Keywords>
<TimeCreated SystemTime="2025-04-10 06:12:14.172056"></TimeCreated>
<EventRecordID>3144</EventRecordID>
<Correlation ActivityID="{d72fe4f3-a9dd-0002-9274-30d7dda9db01}" RelatedActivityID=""></Correlation>
<Execution ProcessID="5616" ThreadID="2568"></Execution>
<Channel>Microsoft-Windows-PowerShell/Operational</Channel>
<Computer>DESKTOP-M3AKJSD</Computer>
<Security UserID="S-1-5-21-3999086100-426973801-4203759309-1002"></Security>
</System>
<EventData><Data Name="MessageNumber">1</Data>
<Data Name="MessageTotal">1</Data>
<Data Name="ScriptBlockText">function Get-MachineReportPath {
    return "${env:AllUsersProfile}\Microsoft\Windows\WER\ReportQueue"
}</Data>
<Data Name="ScriptBlockId">072c9924-cc1c-46da-b7a8-aac2319266ce</Data>
<Data Name="Path">C:\WINDOWS\TEMP\SDIAG_1ce381e2-2110-4de5-b469-608e12337a67\CL_Utility.ps1</Data>
</EventData>
</Event>

<Event xmlns="http://schemas.microsoft.com/win/2004/08/events/event"><System><Provider Name="Microsoft-Windows-PowerShell" Guid="{a0c1853b-5c40-4b15-8766-3cf1c58f985a}"></Provider>
<EventID Qualifiers="">4105</EventID>
<Version>1</Version>
<Level>5</Level>
<Task>102</Task>
<Opcode>15</Opcode>
<Keywords>0x0000000000000000</Keywords>
<TimeCreated SystemTime="2025-04-10 06:12:14.172060"></TimeCreated>
<EventRecordID>3145</EventRecordID>
<Correlation ActivityID="{d72fe4f3-a9dd-0002-9274-30d7dda9db01}" RelatedActivityID=""></Correlation>
<Execution ProcessID="5616" ThreadID="2568"></Execution>
<Channel>Microsoft-Windows-PowerShell/Operational</Channel>
<Computer>DESKTOP-M3AKJSD</Computer>
<Security UserID="S-1-5-21-3999086100-426973801-4203759309-1002"></Security>
</System>
<EventData><Data Name="ScriptBlockId">072c9924-cc1c-46da-b7a8-aac2319266ce</Data>
<Data Name="RunspaceId">ac635bc2-7fac-47a2-9734-707b73c7c7e8</Data>
</EventData>
</Event>

<Event xmlns="http://schemas.microsoft.com/win/2004/08/events/event"><System><Provider Name="Microsoft-Windows-PowerShell" Guid="{a0c1853b-5c40-4b15-8766-3cf1c58f985a}"></Provider>
<EventID Qualifiers="">4106</EventID>
<Version>1</Version>
<Level>5</Level>
<Task>103</Task>
<Opcode>15</Opcode>
<Keywords>0x0000000000000000</Keywords>
<TimeCreated SystemTime="2025-04-10 06:12:14.172157"></TimeCreated>
<EventRecordID>3146</EventRecordID>
<Correlation ActivityID="{d72fe4f3-a9dd-0002-9274-30d7dda9db01}" RelatedActivityID=""></Correlation>
<Execution ProcessID="5616" ThreadID="2568"></Execution>
<Channel>Microsoft-Windows-PowerShell/Operational</Channel>
<Computer>DESKTOP-M3AKJSD</Computer>
<Security UserID="S-1-5-21-3999086100-426973801-4203759309-1002"></Security>
</System>
<EventData><Data Name="ScriptBlockId">072c9924-cc1c-46da-b7a8-aac2319266ce</Data>
<Data Name="RunspaceId">ac635bc2-7fac-47a2-9734-707b73c7c7e8</Data>
</EventData>
</Event>

<Event xmlns="http://schemas.microsoft.com/win/2004/08/events/event"><System><Provider Name="Microsoft-Windows-PowerShell" Guid="{a0c1853b-5c40-4b15-8766-3cf1c58f985a}"></Provider>
<EventID Qualifiers="">4104</EventID>
<Version>1</Version>
<Level>5</Level>
<Task>2</Task>
<Opcode>15</Opcode>
<Keywords>0x0000000000000000</Keywords>
<TimeCreated SystemTime="2025-04-10 06:12:14.191832"></TimeCreated>
<EventRecordID>3147</EventRecordID>
<Correlation ActivityID="{d72fe4f3-a9dd-0002-9374-30d7dda9db01}" RelatedActivityID=""></Correlation>
<Execution ProcessID="5616" ThreadID="2568"></Execution>
<Channel>Microsoft-Windows-PowerShell/Operational</Channel>
<Computer>DESKTOP-M3AKJSD</Computer>
<Security UserID="S-1-5-21-3999086100-426973801-4203759309-1002"></Security>
</System>
<EventData><Data Name="MessageNumber">1</Data>
<Data Name="MessageTotal">1</Data>
<Data Name="ScriptBlockText">function Get-FolderSize([string]$folder = $(throw "No folder is specified")) {
    if([String]::IsNullOrEmpty($folder) -or (-not(Test-Path $folder))) {
        return 0
    }

    if(-not $Global:DirectoryObject) {
        $Global:DirectoryObject = New-Object -comobject "Scripting.FileSystemObject"
    }

    return ($Global:DirectoryObject.GetFolder($folder).Size) / 1kb
}</Data>
<Data Name="ScriptBlockId">ed904556-f95e-4120-92e2-9f13c265453e</Data>
<Data Name="Path">C:\WINDOWS\TEMP\SDIAG_1ce381e2-2110-4de5-b469-608e12337a67\CL_Utility.ps1</Data>
</EventData>
</Event>

<Event xmlns="http://schemas.microsoft.com/win/2004/08/events/event"><System><Provider Name="Microsoft-Windows-PowerShell" Guid="{a0c1853b-5c40-4b15-8766-3cf1c58f985a}"></Provider>
<EventID Qualifiers="">4105</EventID>
<Version>1</Version>
<Level>5</Level>
<Task>102</Task>
<Opcode>15</Opcode>
<Keywords>0x0000000000000000</Keywords>
<TimeCreated SystemTime="2025-04-10 06:12:14.191835"></TimeCreated>
<EventRecordID>3148</EventRecordID>
<Correlation ActivityID="{d72fe4f3-a9dd-0002-9374-30d7dda9db01}" RelatedActivityID=""></Correlation>
<Execution ProcessID="5616" ThreadID="2568"></Execution>
<Channel>Microsoft-Windows-PowerShell/Operational</Channel>
<Computer>DESKTOP-M3AKJSD</Computer>
<Security UserID="S-1-5-21-3999086100-426973801-4203759309-1002"></Security>
</System>
<EventData><Data Name="ScriptBlockId">ed904556-f95e-4120-92e2-9f13c265453e</Data>
<Data Name="RunspaceId">ac635bc2-7fac-47a2-9734-707b73c7c7e8</Data>
</EventData>
</Event>

<Event xmlns="http://schemas.microsoft.com/win/2004/08/events/event"><System><Provider Name="Microsoft-Windows-PowerShell" Guid="{a0c1853b-5c40-4b15-8766-3cf1c58f985a}"></Provider>
<EventID Qualifiers="">4106</EventID>
<Version>1</Version>
<Level>5</Level>
<Task>103</Task>
<Opcode>15</Opcode>
<Keywords>0x0000000000000000</Keywords>
<TimeCreated SystemTime="2025-04-10 06:12:14.321705"></TimeCreated>
<EventRecordID>3149</EventRecordID>
<Correlation ActivityID="{d72fe4f3-a9dd-0003-7366-30d7dda9db01}" RelatedActivityID=""></Correlation>
<Execution ProcessID="5616" ThreadID="2568"></Execution>
<Channel>Microsoft-Windows-PowerShell/Operational</Channel>
<Computer>DESKTOP-M3AKJSD</Computer>
<Security UserID="S-1-5-21-3999086100-426973801-4203759309-1002"></Security>
</System>
<EventData><Data Name="ScriptBlockId">ed904556-f95e-4120-92e2-9f13c265453e</Data>
<Data Name="RunspaceId">ac635bc2-7fac-47a2-9734-707b73c7c7e8</Data>
</EventData>
</Event>

<Event xmlns="http://schemas.microsoft.com/win/2004/08/events/event"><System><Provider Name="Microsoft-Windows-PowerShell" Guid="{a0c1853b-5c40-4b15-8766-3cf1c58f985a}"></Provider>
<EventID Qualifiers="">4105</EventID>
<Version>1</Version>
<Level>5</Level>
<Task>102</Task>
<Opcode>15</Opcode>
<Keywords>0x0000000000000000</Keywords>
<TimeCreated SystemTime="2025-04-10 06:12:14.321880"></TimeCreated>
<EventRecordID>3150</EventRecordID>
<Correlation ActivityID="{d72fe4f3-a9dd-0002-9474-30d7dda9db01}" RelatedActivityID=""></Correlation>
<Execution ProcessID="5616" ThreadID="2568"></Execution>
<Channel>Microsoft-Windows-PowerShell/Operational</Channel>
<Computer>DESKTOP-M3AKJSD</Computer>
<Security UserID="S-1-5-21-3999086100-426973801-4203759309-1002"></Security>
</System>
<EventData><Data Name="ScriptBlockId">ed904556-f95e-4120-92e2-9f13c265453e</Data>
<Data Name="RunspaceId">ac635bc2-7fac-47a2-9734-707b73c7c7e8</Data>
</EventData>
</Event>

<Event xmlns="http://schemas.microsoft.com/win/2004/08/events/event"><System><Provider Name="Microsoft-Windows-PowerShell" Guid="{a0c1853b-5c40-4b15-8766-3cf1c58f985a}"></Provider>
<EventID Qualifiers="">4106</EventID>
<Version>1</Version>
<Level>5</Level>
<Task>103</Task>
<Opcode>15</Opcode>
<Keywords>0x0000000000000000</Keywords>
<TimeCreated SystemTime="2025-04-10 06:12:14.491035"></TimeCreated>
<EventRecordID>3151</EventRecordID>
<Correlation ActivityID="{d72fe4f3-a9dd-0002-9674-30d7dda9db01}" RelatedActivityID=""></Correlation>
<Execution ProcessID="5616" ThreadID="2568"></Execution>
<Channel>Microsoft-Windows-PowerShell/Operational</Channel>
<Computer>DESKTOP-M3AKJSD</Computer>
<Security UserID="S-1-5-21-3999086100-426973801-4203759309-1002"></Security>
</System>
<EventData><Data Name="ScriptBlockId">ed904556-f95e-4120-92e2-9f13c265453e</Data>
<Data Name="RunspaceId">ac635bc2-7fac-47a2-9734-707b73c7c7e8</Data>
</EventData>
</Event>

<Event xmlns="http://schemas.microsoft.com/win/2004/08/events/event"><System><Provider Name="Microsoft-Windows-PowerShell" Guid="{a0c1853b-5c40-4b15-8766-3cf1c58f985a}"></Provider>
<EventID Qualifiers="">4104</EventID>
<Version>1</Version>
<Level>5</Level>
<Task>2</Task>
<Opcode>15</Opcode>
<Keywords>0x0000000000000000</Keywords>
<TimeCreated SystemTime="2025-04-10 06:12:14.502199"></TimeCreated>
<EventRecordID>3152</EventRecordID>
<Correlation ActivityID="{d72fe4f3-a9dd-0002-9b74-30d7dda9db01}" RelatedActivityID=""></Correlation>
<Execution ProcessID="5616" ThreadID="2568"></Execution>
<Channel>Microsoft-Windows-PowerShell/Operational</Channel>
<Computer>DESKTOP-M3AKJSD</Computer>
<Security UserID="S-1-5-21-3999086100-426973801-4203759309-1002"></Security>
</System>
<EventData><Data Name="MessageNumber">1</Data>
<Data Name="MessageTotal">1</Data>
<Data Name="ScriptBlockText">function Format-DiskSpaceMB([double]$space = $(throw "No space is specified")) {
    return [string]([Math]::Round(($space / 1KB), 3))
}</Data>
<Data Name="ScriptBlockId">a9acbe52-db8f-4a3d-947f-71049677e49f</Data>
<Data Name="Path">C:\WINDOWS\TEMP\SDIAG_1ce381e2-2110-4de5-b469-608e12337a67\CL_Utility.ps1</Data>
</EventData>
</Event>

<Event xmlns="http://schemas.microsoft.com/win/2004/08/events/event"><System><Provider Name="Microsoft-Windows-PowerShell" Guid="{a0c1853b-5c40-4b15-8766-3cf1c58f985a}"></Provider>
<EventID Qualifiers="">4105</EventID>
<Version>1</Version>
<Level>5</Level>
<Task>102</Task>
<Opcode>15</Opcode>
<Keywords>0x0000000000000000</Keywords>
<TimeCreated SystemTime="2025-04-10 06:12:14.502205"></TimeCreated>
<EventRecordID>3153</EventRecordID>
<Correlation ActivityID="{d72fe4f3-a9dd-0002-9b74-30d7dda9db01}" RelatedActivityID=""></Correlation>
<Execution ProcessID="5616" ThreadID="2568"></Execution>
<Channel>Microsoft-Windows-PowerShell/Operational</Channel>
<Computer>DESKTOP-M3AKJSD</Computer>
<Security UserID="S-1-5-21-3999086100-426973801-4203759309-1002"></Security>
</System>
<EventData><Data Name="ScriptBlockId">a9acbe52-db8f-4a3d-947f-71049677e49f</Data>
<Data Name="RunspaceId">ac635bc2-7fac-47a2-9734-707b73c7c7e8</Data>
</EventData>
</Event>

<Event xmlns="http://schemas.microsoft.com/win/2004/08/events/event"><System><Provider Name="Microsoft-Windows-PowerShell" Guid="{a0c1853b-5c40-4b15-8766-3cf1c58f985a}"></Provider>
<EventID Qualifiers="">4106</EventID>
<Version>1</Version>
<Level>5</Level>
<Task>103</Task>
<Opcode>15</Opcode>
<Keywords>0x0000000000000000</Keywords>
<TimeCreated SystemTime="2025-04-10 06:12:14.519115"></TimeCreated>
<EventRecordID>3154</EventRecordID>
<Correlation ActivityID="{d72fe4f3-a9dd-0002-9b74-30d7dda9db01}" RelatedActivityID=""></Correlation>
<Execution ProcessID="5616" ThreadID="2568"></Execution>
<Channel>Microsoft-Windows-PowerShell/Operational</Channel>
<Computer>DESKTOP-M3AKJSD</Computer>
<Security UserID="S-1-5-21-3999086100-426973801-4203759309-1002"></Security>
</System>
<EventData><Data Name="ScriptBlockId">a9acbe52-db8f-4a3d-947f-71049677e49f</Data>
<Data Name="RunspaceId">ac635bc2-7fac-47a2-9734-707b73c7c7e8</Data>
</EventData>
</Event>

<Event xmlns="http://schemas.microsoft.com/win/2004/08/events/event"><System><Provider Name="Microsoft-Windows-PowerShell" Guid="{a0c1853b-5c40-4b15-8766-3cf1c58f985a}"></Provider>
<EventID Qualifiers="">4104</EventID>
<Version>1</Version>
<Level>5</Level>
<Task>2</Task>
<Opcode>15</Opcode>
<Keywords>0x0000000000000000</Keywords>
<TimeCreated SystemTime="2025-04-10 06:12:14.521156"></TimeCreated>
<EventRecordID>3155</EventRecordID>
<Correlation ActivityID="{d72fe4f3-a9dd-0003-7666-30d7dda9db01}" RelatedActivityID=""></Correlation>
<Execution ProcessID="5616" ThreadID="2568"></Execution>
<Channel>Microsoft-Windows-PowerShell/Operational</Channel>
<Computer>DESKTOP-M3AKJSD</Computer>
<Security UserID="S-1-5-21-3999086100-426973801-4203759309-1002"></Security>
</System>
<EventData><Data Name="MessageNumber">1</Data>
<Data Name="MessageTotal">1</Data>
<Data Name="ScriptBlockText">function Get-SystemDriveInfo() {
    [string]$wql = "SELECT * FROM Win32_LogicalDisk WHERE MediaType=12 AND Name = '" + ${env:systemdrive} + "'"
    return Get-WmiObject -query $wql
}</Data>
<Data Name="ScriptBlockId">50d50c74-bb4f-44ea-ac09-5e9bd48892a5</Data>
<Data Name="Path">C:\WINDOWS\TEMP\SDIAG_1ce381e2-2110-4de5-b469-608e12337a67\CL_Utility.ps1</Data>
</EventData>
</Event>

<Event xmlns="http://schemas.microsoft.com/win/2004/08/events/event"><System><Provider Name="Microsoft-Windows-PowerShell" Guid="{a0c1853b-5c40-4b15-8766-3cf1c58f985a}"></Provider>
<EventID Qualifiers="">4105</EventID>
<Version>1</Version>
<Level>5</Level>
<Task>102</Task>
<Opcode>15</Opcode>
<Keywords>0x0000000000000000</Keywords>
<TimeCreated SystemTime="2025-04-10 06:12:14.521160"></TimeCreated>
<EventRecordID>3156</EventRecordID>
<Correlation ActivityID="{d72fe4f3-a9dd-0003-7666-30d7dda9db01}" RelatedActivityID=""></Correlation>
<Execution ProcessID="5616" ThreadID="2568"></Execution>
<Channel>Microsoft-Windows-PowerShell/Operational</Channel>
<Computer>DESKTOP-M3AKJSD</Computer>
<Security UserID="S-1-5-21-3999086100-426973801-4203759309-1002"></Security>
</System>
<EventData><Data Name="ScriptBlockId">50d50c74-bb4f-44ea-ac09-5e9bd48892a5</Data>
<Data Name="RunspaceId">ac635bc2-7fac-47a2-9734-707b73c7c7e8</Data>
</EventData>
</Event>

<Event xmlns="http://schemas.microsoft.com/win/2004/08/events/event"><System><Provider Name="Microsoft-Windows-PowerShell" Guid="{a0c1853b-5c40-4b15-8766-3cf1c58f985a}"></Provider>
<EventID Qualifiers="">4106</EventID>
<Version>1</Version>
<Level>5</Level>
<Task>103</Task>
<Opcode>15</Opcode>
<Keywords>0x0000000000000000</Keywords>
<TimeCreated SystemTime="2025-04-10 06:12:14.549606"></TimeCreated>
<EventRecordID>3157</EventRecordID>
<Correlation ActivityID="{d72fe4f3-a9dd-0003-7766-30d7dda9db01}" RelatedActivityID=""></Correlation>
<Execution ProcessID="5616" ThreadID="2568"></Execution>
<Channel>Microsoft-Windows-PowerShell/Operational</Channel>
<Computer>DESKTOP-M3AKJSD</Computer>
<Security UserID="S-1-5-21-3999086100-426973801-4203759309-1002"></Security>
</System>
<EventData><Data Name="ScriptBlockId">50d50c74-bb4f-44ea-ac09-5e9bd48892a5</Data>
<Data Name="RunspaceId">ac635bc2-7fac-47a2-9734-707b73c7c7e8</Data>
</EventData>
</Event>

<Event xmlns="http://schemas.microsoft.com/win/2004/08/events/event"><System><Provider Name="Microsoft-Windows-PowerShell" Guid="{a0c1853b-5c40-4b15-8766-3cf1c58f985a}"></Provider>
<EventID Qualifiers="">4104</EventID>
<Version>1</Version>
<Level>5</Level>
<Task>2</Task>
<Opcode>15</Opcode>
<Keywords>0x0000000000000000</Keywords>
<TimeCreated SystemTime="2025-04-10 06:12:14.656031"></TimeCreated>
<EventRecordID>3158</EventRecordID>
<Correlation ActivityID="{d72fe4f3-a9dd-0000-549a-30d7dda9db01}" RelatedActivityID=""></Correlation>
<Execution ProcessID="5616" ThreadID="2568"></Execution>
<Channel>Microsoft-Windows-PowerShell/Operational</Channel>
<Computer>DESKTOP-M3AKJSD</Computer>
<Security UserID="S-1-5-21-3999086100-426973801-4203759309-1002"></Security>
</System>
<EventData><Data Name="MessageNumber">1</Data>
<Data Name="MessageTotal">1</Data>
<Data Name="ScriptBlockText">{$_.DeviceID}</Data>
<Data Name="ScriptBlockId">eb2e5112-1951-4883-bd4b-b29ac3ac4daf</Data>
<Data Name="Path">C:\WINDOWS\TEMP\SDIAG_1ce381e2-2110-4de5-b469-608e12337a67\TS_WERQueue.ps1</Data>
</EventData>
</Event>

<Event xmlns="http://schemas.microsoft.com/win/2004/08/events/event"><System><Provider Name="Microsoft-Windows-PowerShell" Guid="{a0c1853b-5c40-4b15-8766-3cf1c58f985a}"></Provider>
<EventID Qualifiers="">4105</EventID>
<Version>1</Version>
<Level>5</Level>
<Task>102</Task>
<Opcode>15</Opcode>
<Keywords>0x0000000000000000</Keywords>
<TimeCreated SystemTime="2025-04-10 06:12:14.656033"></TimeCreated>
<EventRecordID>3159</EventRecordID>
<Correlation ActivityID="{d72fe4f3-a9dd-0000-549a-30d7dda9db01}" RelatedActivityID=""></Correlation>
<Execution ProcessID="5616" ThreadID="2568"></Execution>
<Channel>Microsoft-Windows-PowerShell/Operational</Channel>
<Computer>DESKTOP-M3AKJSD</Computer>
<Security UserID="S-1-5-21-3999086100-426973801-4203759309-1002"></Security>
</System>
<EventData><Data Name="ScriptBlockId">eb2e5112-1951-4883-bd4b-b29ac3ac4daf</Data>
<Data Name="RunspaceId">ac635bc2-7fac-47a2-9734-707b73c7c7e8</Data>
</EventData>
</Event>

<Event xmlns="http://schemas.microsoft.com/win/2004/08/events/event"><System><Provider Name="Microsoft-Windows-PowerShell" Guid="{a0c1853b-5c40-4b15-8766-3cf1c58f985a}"></Provider>
<EventID Qualifiers="">4106</EventID>
<Version>1</Version>
<Level>5</Level>
<Task>103</Task>
<Opcode>15</Opcode>
<Keywords>0x0000000000000000</Keywords>
<TimeCreated SystemTime="2025-04-10 06:12:14.660723"></TimeCreated>
<EventRecordID>3160</EventRecordID>
<Correlation ActivityID="{d72fe4f3-a9dd-0000-549a-30d7dda9db01}" RelatedActivityID=""></Correlation>
<Execution ProcessID="5616" ThreadID="2568"></Execution>
<Channel>Microsoft-Windows-PowerShell/Operational</Channel>
<Computer>DESKTOP-M3AKJSD</Computer>
<Security UserID="S-1-5-21-3999086100-426973801-4203759309-1002"></Security>
</System>
<EventData><Data Name="ScriptBlockId">eb2e5112-1951-4883-bd4b-b29ac3ac4daf</Data>
<Data Name="RunspaceId">ac635bc2-7fac-47a2-9734-707b73c7c7e8</Data>
</EventData>
</Event>

<Event xmlns="http://schemas.microsoft.com/win/2004/08/events/event"><System><Provider Name="Microsoft-Windows-PowerShell" Guid="{a0c1853b-5c40-4b15-8766-3cf1c58f985a}"></Provider>
<EventID Qualifiers="">4104</EventID>
<Version>1</Version>
<Level>5</Level>
<Task>2</Task>
<Opcode>15</Opcode>
<Keywords>0x0000000000000000</Keywords>
<TimeCreated SystemTime="2025-04-10 06:12:14.684790"></TimeCreated>
<EventRecordID>3161</EventRecordID>
<Correlation ActivityID="{d72fe4f3-a9dd-0000-549a-30d7dda9db01}" RelatedActivityID=""></Correlation>
<Execution ProcessID="5616" ThreadID="2568"></Execution>
<Channel>Microsoft-Windows-PowerShell/Operational</Channel>
<Computer>DESKTOP-M3AKJSD</Computer>
<Security UserID="S-1-5-21-3999086100-426973801-4203759309-1002"></Security>
</System>
<EventData><Data Name="MessageNumber">1</Data>
<Data Name="MessageTotal">1</Data>
<Data Name="ScriptBlockText">{(Format-DiskSpaceGB $_.FreeSpace) + "GB"}</Data>
<Data Name="ScriptBlockId">5c6936f6-5fc1-4f11-a320-bcee564face1</Data>
<Data Name="Path">C:\WINDOWS\TEMP\SDIAG_1ce381e2-2110-4de5-b469-608e12337a67\TS_WERQueue.ps1</Data>
</EventData>
</Event>

<Event xmlns="http://schemas.microsoft.com/win/2004/08/events/event"><System><Provider Name="Microsoft-Windows-PowerShell" Guid="{a0c1853b-5c40-4b15-8766-3cf1c58f985a}"></Provider>
<EventID Qualifiers="">4105</EventID>
<Version>1</Version>
<Level>5</Level>
<Task>102</Task>
<Opcode>15</Opcode>
<Keywords>0x0000000000000000</Keywords>
<TimeCreated SystemTime="2025-04-10 06:12:14.684795"></TimeCreated>
<EventRecordID>3162</EventRecordID>
<Correlation ActivityID="{d72fe4f3-a9dd-0000-549a-30d7dda9db01}" RelatedActivityID=""></Correlation>
<Execution ProcessID="5616" ThreadID="2568"></Execution>
<Channel>Microsoft-Windows-PowerShell/Operational</Channel>
<Computer>DESKTOP-M3AKJSD</Computer>
<Security UserID="S-1-5-21-3999086100-426973801-4203759309-1002"></Security>
</System>
<EventData><Data Name="ScriptBlockId">5c6936f6-5fc1-4f11-a320-bcee564face1</Data>
<Data Name="RunspaceId">ac635bc2-7fac-47a2-9734-707b73c7c7e8</Data>
</EventData>
</Event>

<Event xmlns="http://schemas.microsoft.com/win/2004/08/events/event"><System><Provider Name="Microsoft-Windows-PowerShell" Guid="{a0c1853b-5c40-4b15-8766-3cf1c58f985a}"></Provider>
<EventID Qualifiers="">4104</EventID>
<Version>1</Version>
<Level>5</Level>
<Task>2</Task>
<Opcode>15</Opcode>
<Keywords>0x0000000000000000</Keywords>
<TimeCreated SystemTime="2025-04-10 06:12:14.696779"></TimeCreated>
<EventRecordID>3163</EventRecordID>
<Correlation ActivityID="{d72fe4f3-a9dd-0001-ff93-30d7dda9db01}" RelatedActivityID=""></Correlation>
<Execution ProcessID="5616" ThreadID="2568"></Execution>
<Channel>Microsoft-Windows-PowerShell/Operational</Channel>
<Computer>DESKTOP-M3AKJSD</Computer>
<Security UserID="S-1-5-21-3999086100-426973801-4203759309-1002"></Security>
</System>
<EventData><Data Name="MessageNumber">1</Data>
<Data Name="MessageTotal">1</Data>
<Data Name="ScriptBlockText">Function Format-DiskSpaceGB([double]$space = $(throw "No space is specified")) {
    return [string]([Math]::Round(($space / 1GB), 3))
}</Data>
<Data Name="ScriptBlockId">8b64b238-d4d3-42ee-81ec-3916444724eb</Data>
<Data Name="Path">C:\WINDOWS\TEMP\SDIAG_1ce381e2-2110-4de5-b469-608e12337a67\CL_Utility.ps1</Data>
</EventData>
</Event>

<Event xmlns="http://schemas.microsoft.com/win/2004/08/events/event"><System><Provider Name="Microsoft-Windows-PowerShell" Guid="{a0c1853b-5c40-4b15-8766-3cf1c58f985a}"></Provider>
<EventID Qualifiers="">4105</EventID>
<Version>1</Version>
<Level>5</Level>
<Task>102</Task>
<Opcode>15</Opcode>
<Keywords>0x0000000000000000</Keywords>
<TimeCreated SystemTime="2025-04-10 06:12:14.696783"></TimeCreated>
<EventRecordID>3164</EventRecordID>
<Correlation ActivityID="{d72fe4f3-a9dd-0001-ff93-30d7dda9db01}" RelatedActivityID=""></Correlation>
<Execution ProcessID="5616" ThreadID="2568"></Execution>
<Channel>Microsoft-Windows-PowerShell/Operational</Channel>
<Computer>DESKTOP-M3AKJSD</Computer>
<Security UserID="S-1-5-21-3999086100-426973801-4203759309-1002"></Security>
</System>
<EventData><Data Name="ScriptBlockId">8b64b238-d4d3-42ee-81ec-3916444724eb</Data>
<Data Name="RunspaceId">ac635bc2-7fac-47a2-9734-707b73c7c7e8</Data>
</EventData>
</Event>

<Event xmlns="http://schemas.microsoft.com/win/2004/08/events/event"><System><Provider Name="Microsoft-Windows-PowerShell" Guid="{a0c1853b-5c40-4b15-8766-3cf1c58f985a}"></Provider>
<EventID Qualifiers="">4106</EventID>
<Version>1</Version>
<Level>5</Level>
<Task>103</Task>
<Opcode>15</Opcode>
<Keywords>0x0000000000000000</Keywords>
<TimeCreated SystemTime="2025-04-10 06:12:14.696978"></TimeCreated>
<EventRecordID>3165</EventRecordID>
<Correlation ActivityID="{d72fe4f3-a9dd-0001-ff93-30d7dda9db01}" RelatedActivityID=""></Correlation>
<Execution ProcessID="5616" ThreadID="2568"></Execution>
<Channel>Microsoft-Windows-PowerShell/Operational</Channel>
<Computer>DESKTOP-M3AKJSD</Computer>
<Security UserID="S-1-5-21-3999086100-426973801-4203759309-1002"></Security>
</System>
<EventData><Data Name="ScriptBlockId">8b64b238-d4d3-42ee-81ec-3916444724eb</Data>
<Data Name="RunspaceId">ac635bc2-7fac-47a2-9734-707b73c7c7e8</Data>
</EventData>
</Event>

<Event xmlns="http://schemas.microsoft.com/win/2004/08/events/event"><System><Provider Name="Microsoft-Windows-PowerShell" Guid="{a0c1853b-5c40-4b15-8766-3cf1c58f985a}"></Provider>
<EventID Qualifiers="">4106</EventID>
<Version>1</Version>
<Level>5</Level>
<Task>103</Task>
<Opcode>15</Opcode>
<Keywords>0x0000000000000000</Keywords>
<TimeCreated SystemTime="2025-04-10 06:12:14.697014"></TimeCreated>
<EventRecordID>3166</EventRecordID>
<Correlation ActivityID="{d72fe4f3-a9dd-0001-ff93-30d7dda9db01}" RelatedActivityID=""></Correlation>
<Execution ProcessID="5616" ThreadID="2568"></Execution>
<Channel>Microsoft-Windows-PowerShell/Operational</Channel>
<Computer>DESKTOP-M3AKJSD</Computer>
<Security UserID="S-1-5-21-3999086100-426973801-4203759309-1002"></Security>
</System>
<EventData><Data Name="ScriptBlockId">5c6936f6-5fc1-4f11-a320-bcee564face1</Data>
<Data Name="RunspaceId">ac635bc2-7fac-47a2-9734-707b73c7c7e8</Data>
</EventData>
</Event>

<Event xmlns="http://schemas.microsoft.com/win/2004/08/events/event"><System><Provider Name="Microsoft-Windows-PowerShell" Guid="{a0c1853b-5c40-4b15-8766-3cf1c58f985a}"></Provider>
<EventID Qualifiers="">4104</EventID>
<Version>1</Version>
<Level>5</Level>
<Task>2</Task>
<Opcode>15</Opcode>
<Keywords>0x0000000000000000</Keywords>
<TimeCreated SystemTime="2025-04-10 06:12:14.716671"></TimeCreated>
<EventRecordID>3167</EventRecordID>
<Correlation ActivityID="{d72fe4f3-a9dd-0001-ff93-30d7dda9db01}" RelatedActivityID=""></Correlation>
<Execution ProcessID="5616" ThreadID="2568"></Execution>
<Channel>Microsoft-Windows-PowerShell/Operational</Channel>
<Computer>DESKTOP-M3AKJSD</Computer>
<Security UserID="S-1-5-21-3999086100-426973801-4203759309-1002"></Security>
</System>
<EventData><Data Name="MessageNumber">1</Data>
<Data Name="MessageTotal">1</Data>
<Data Name="ScriptBlockText">{(Format-DiskSpaceGB $_.Size) + "GB"}</Data>
<Data Name="ScriptBlockId">00939a7b-fbf4-4513-862d-4c148d6d48b1</Data>
<Data Name="Path">C:\WINDOWS\TEMP\SDIAG_1ce381e2-2110-4de5-b469-608e12337a67\TS_WERQueue.ps1</Data>
</EventData>
</Event>

<Event xmlns="http://schemas.microsoft.com/win/2004/08/events/event"><System><Provider Name="Microsoft-Windows-PowerShell" Guid="{a0c1853b-5c40-4b15-8766-3cf1c58f985a}"></Provider>
<EventID Qualifiers="">4105</EventID>
<Version>1</Version>
<Level>5</Level>
<Task>102</Task>
<Opcode>15</Opcode>
<Keywords>0x0000000000000000</Keywords>
<TimeCreated SystemTime="2025-04-10 06:12:14.716675"></TimeCreated>
<EventRecordID>3168</EventRecordID>
<Correlation ActivityID="{d72fe4f3-a9dd-0001-ff93-30d7dda9db01}" RelatedActivityID=""></Correlation>
<Execution ProcessID="5616" ThreadID="2568"></Execution>
<Channel>Microsoft-Windows-PowerShell/Operational</Channel>
<Computer>DESKTOP-M3AKJSD</Computer>
<Security UserID="S-1-5-21-3999086100-426973801-4203759309-1002"></Security>
</System>
<EventData><Data Name="ScriptBlockId">00939a7b-fbf4-4513-862d-4c148d6d48b1</Data>
<Data Name="RunspaceId">ac635bc2-7fac-47a2-9734-707b73c7c7e8</Data>
</EventData>
</Event>

<Event xmlns="http://schemas.microsoft.com/win/2004/08/events/event"><System><Provider Name="Microsoft-Windows-PowerShell" Guid="{a0c1853b-5c40-4b15-8766-3cf1c58f985a}"></Provider>
<EventID Qualifiers="">4105</EventID>
<Version>1</Version>
<Level>5</Level>
<Task>102</Task>
<Opcode>15</Opcode>
<Keywords>0x0000000000000000</Keywords>
<TimeCreated SystemTime="2025-04-10 06:12:14.721729"></TimeCreated>
<EventRecordID>3169</EventRecordID>
<Correlation ActivityID="{d72fe4f3-a9dd-0001-0894-30d7dda9db01}" RelatedActivityID=""></Correlation>
<Execution ProcessID="5616" ThreadID="2568"></Execution>
<Channel>Microsoft-Windows-PowerShell/Operational</Channel>
<Computer>DESKTOP-M3AKJSD</Computer>
<Security UserID="S-1-5-21-3999086100-426973801-4203759309-1002"></Security>
</System>
<EventData><Data Name="ScriptBlockId">8b64b238-d4d3-42ee-81ec-3916444724eb</Data>
<Data Name="RunspaceId">ac635bc2-7fac-47a2-9734-707b73c7c7e8</Data>
</EventData>
</Event>

<Event xmlns="http://schemas.microsoft.com/win/2004/08/events/event"><System><Provider Name="Microsoft-Windows-PowerShell" Guid="{a0c1853b-5c40-4b15-8766-3cf1c58f985a}"></Provider>
<EventID Qualifiers="">4106</EventID>
<Version>1</Version>
<Level>5</Level>
<Task>103</Task>
<Opcode>15</Opcode>
<Keywords>0x0000000000000000</Keywords>
<TimeCreated SystemTime="2025-04-10 06:12:14.721909"></TimeCreated>
<EventRecordID>3170</EventRecordID>
<Correlation ActivityID="{d72fe4f3-a9dd-0001-0894-30d7dda9db01}" RelatedActivityID=""></Correlation>
<Execution ProcessID="5616" ThreadID="2568"></Execution>
<Channel>Microsoft-Windows-PowerShell/Operational</Channel>
<Computer>DESKTOP-M3AKJSD</Computer>
<Security UserID="S-1-5-21-3999086100-426973801-4203759309-1002"></Security>
</System>
<EventData><Data Name="ScriptBlockId">8b64b238-d4d3-42ee-81ec-3916444724eb</Data>
<Data Name="RunspaceId">ac635bc2-7fac-47a2-9734-707b73c7c7e8</Data>
</EventData>
</Event>

<Event xmlns="http://schemas.microsoft.com/win/2004/08/events/event"><System><Provider Name="Microsoft-Windows-PowerShell" Guid="{a0c1853b-5c40-4b15-8766-3cf1c58f985a}"></Provider>
<EventID Qualifiers="">4106</EventID>
<Version>1</Version>
<Level>5</Level>
<Task>103</Task>
<Opcode>15</Opcode>
<Keywords>0x0000000000000000</Keywords>
<TimeCreated SystemTime="2025-04-10 06:12:14.722065"></TimeCreated>
<EventRecordID>3171</EventRecordID>
<Correlation ActivityID="{d72fe4f3-a9dd-0001-0894-30d7dda9db01}" RelatedActivityID=""></Correlation>
<Execution ProcessID="5616" ThreadID="2568"></Execution>
<Channel>Microsoft-Windows-PowerShell/Operational</Channel>
<Computer>DESKTOP-M3AKJSD</Computer>
<Security UserID="S-1-5-21-3999086100-426973801-4203759309-1002"></Security>
</System>
<EventData><Data Name="ScriptBlockId">00939a7b-fbf4-4513-862d-4c148d6d48b1</Data>
<Data Name="RunspaceId">ac635bc2-7fac-47a2-9734-707b73c7c7e8</Data>
</EventData>
</Event>

