<Event xmlns="http://schemas.microsoft.com/win/2004/08/events/event"><System><Provider Name="Microsoft-Windows-Sysmon" Guid="{5770385f-c22a-43e0-bf4c-06f5698ffbd9}"></Provider>
<EventID Qualifiers="">1</EventID>
<Version>5</Version>
<Level>4</Level>
<Task>1</Task>
<Opcode>0</Opcode>
<Keywords>0x8000000000000000</Keywords>
<TimeCreated SystemTime="2025-04-10 06:11:00.284615"></TimeCreated>
<EventRecordID>6793</EventRecordID>
<Correlation ActivityID="" RelatedActivityID=""></Correlation>
<Execution ProcessID="4420" ThreadID="5708"></Execution>
<Channel>Microsoft-Windows-Sysmon/Operational</Channel>
<Computer>DESKTOP-M3AKJSD</Computer>
<Security UserID="S-1-5-18"></Security>
</System>
<EventData><Data Name="RuleName">-</Data>
<Data Name="UtcTime">2025-04-10 06:11:00.243</Data>
<Data Name="ProcessGuid">{53c665d1-60f4-67f7-4101-000000001700}</Data>
<Data Name="ProcessId">560</Data>
<Data Name="Image">C:\Windows\SoftwareDistribution\Download\Install\UpdatePlatform.amd64fre.exe</Data>
<Data Name="FileVersion">4.18.25030.2</Data>
<Data Name="Description">AntiMalware Platform Update (amd64fre)</Data>
<Data Name="Product">Microsoft Malware Protection</Data>
<Data Name="Company">Microsoft Corporation</Data>
<Data Name="OriginalFileName">UpdatePlatform.exe</Data>
<Data Name="CommandLine">"C:\WINDOWS\SoftwareDistribution\Download\Install\UpdatePlatform.amd64fre.exe" </Data>
<Data Name="CurrentDirectory">C:\WINDOWS\SoftwareDistribution\Download\Install\</Data>
<Data Name="User">NT AUTHORITY\SYSTEM</Data>
<Data Name="LogonGuid">{53c665d1-5e7a-67f7-e703-000000000000}</Data>
<Data Name="LogonId">0x00000000000003e7</Data>
<Data Name="TerminalSessionId">0</Data>
<Data Name="IntegrityLevel">System</Data>
<Data Name="Hashes">MD5=400AFB3043D4E88DB2474DE58EACD32C,SHA256=C1DA012A0896724407A6BAB9A0CF774DDD627B7C02C0670DF618E60A8CAEB2D4,IMPHASH=1B8228588B13615766448489C5655246</Data>
<Data Name="ParentProcessGuid">{53c665d1-60f4-67f7-4001-000000001700}</Data>
<Data Name="ParentProcessId">924</Data>
<Data Name="ParentImage">C:\Windows\UUS\Packages\Preview\amd64\wuaucltcore.exe</Data>
<Data Name="ParentCommandLine">"C:\WINDOWS\uus\packages\preview\AMD64\wuaucltcore.exe" /DeploymentHandlerFullPath \\?\C:\Windows\UUS\Packages\Preview\AMD64\UpdateDeploy.dll /ClassId 3ca46957-76af-468a-961d-f9dfe0fd2122 /RunHandlerComServer</Data>
<Data Name="ParentUser">NT AUTHORITY\SYSTEM</Data>
</EventData>
</Event>

<Event xmlns="http://schemas.microsoft.com/win/2004/08/events/event"><System><Provider Name="Microsoft-Windows-Sysmon" Guid="{5770385f-c22a-43e0-bf4c-06f5698ffbd9}"></Provider>
<EventID Qualifiers="">11</EventID>
<Version>2</Version>
<Level>4</Level>
<Task>11</Task>
<Opcode>0</Opcode>
<Keywords>0x8000000000000000</Keywords>
<TimeCreated SystemTime="2025-04-10 06:11:00.459633"></TimeCreated>
<EventRecordID>6794</EventRecordID>
<Correlation ActivityID="" RelatedActivityID=""></Correlation>
<Execution ProcessID="4420" ThreadID="5708"></Execution>
<Channel>Microsoft-Windows-Sysmon/Operational</Channel>
<Computer>DESKTOP-M3AKJSD</Computer>
<Security UserID="S-1-5-18"></Security>
</System>
<EventData><Data Name="RuleName">DLL</Data>
<Data Name="UtcTime">2025-04-10 06:11:00.457</Data>
<Data Name="ProcessGuid">{53c665d1-60f4-67f7-4101-000000001700}</Data>
<Data Name="ProcessId">560</Data>
<Data Name="Image">C:\WINDOWS\SoftwareDistribution\Download\Install\UpdatePlatform.amd64fre.exe</Data>
<Data Name="TargetFilename">C:\Windows\SystemTemp\B5F79212-5146-451B-A48D-E564914E374C\DefenderCSP.dll</Data>
<Data Name="CreationUtcTime">2025-04-10 06:11:00.457</Data>
<Data Name="User">NT AUTHORITY\SYSTEM</Data>
</EventData>
</Event>

<Event xmlns="http://schemas.microsoft.com/win/2004/08/events/event"><System><Provider Name="Microsoft-Windows-Sysmon" Guid="{5770385f-c22a-43e0-bf4c-06f5698ffbd9}"></Provider>
<EventID Qualifiers="">11</EventID>
<Version>2</Version>
<Level>4</Level>
<Task>11</Task>
<Opcode>0</Opcode>
<Keywords>0x8000000000000000</Keywords>
<TimeCreated SystemTime="2025-04-10 06:11:00.470947"></TimeCreated>
<EventRecordID>6795</EventRecordID>
<Correlation ActivityID="" RelatedActivityID=""></Correlation>
<Execution ProcessID="4420" ThreadID="5708"></Execution>
<Channel>Microsoft-Windows-Sysmon/Operational</Channel>
<Computer>DESKTOP-M3AKJSD</Computer>
<Security UserID="S-1-5-18"></Security>
</System>
<EventData><Data Name="RuleName">DLL</Data>
<Data Name="UtcTime">2025-04-10 06:11:00.469</Data>
<Data Name="ProcessGuid">{53c665d1-60f4-67f7-4101-000000001700}</Data>
<Data Name="ProcessId">560</Data>
<Data Name="Image">C:\WINDOWS\SoftwareDistribution\Download\Install\UpdatePlatform.amd64fre.exe</Data>
<Data Name="TargetFilename">C:\Windows\SystemTemp\B5F79212-5146-451B-A48D-E564914E374C\MpAsDesc.dll</Data>
<Data Name="CreationUtcTime">2025-04-10 06:11:00.469</Data>
<Data Name="User">NT AUTHORITY\SYSTEM</Data>
</EventData>
</Event>

<Event xmlns="http://schemas.microsoft.com/win/2004/08/events/event"><System><Provider Name="Microsoft-Windows-Sysmon" Guid="{5770385f-c22a-43e0-bf4c-06f5698ffbd9}"></Provider>
<EventID Qualifiers="">11</EventID>
<Version>2</Version>
<Level>4</Level>
<Task>11</Task>
<Opcode>0</Opcode>
<Keywords>0x8000000000000000</Keywords>
<TimeCreated SystemTime="2025-04-10 06:11:00.479607"></TimeCreated>
<EventRecordID>6796</EventRecordID>
<Correlation ActivityID="" RelatedActivityID=""></Correlation>
<Execution ProcessID="4420" ThreadID="5708"></Execution>
<Channel>Microsoft-Windows-Sysmon/Operational</Channel>
<Computer>DESKTOP-M3AKJSD</Computer>
<Security UserID="S-1-5-18"></Security>
</System>
<EventData><Data Name="RuleName">DLL</Data>
<Data Name="UtcTime">2025-04-10 06:11:00.477</Data>
<Data Name="ProcessGuid">{53c665d1-60f4-67f7-4101-000000001700}</Data>
<Data Name="ProcessId">560</Data>
<Data Name="Image">C:\WINDOWS\SoftwareDistribution\Download\Install\UpdatePlatform.amd64fre.exe</Data>
<Data Name="TargetFilename">C:\Windows\SystemTemp\B5F79212-5146-451B-A48D-E564914E374C\MpAzSubmit.dll</Data>
<Data Name="CreationUtcTime">2025-04-10 06:11:00.477</Data>
<Data Name="User">NT AUTHORITY\SYSTEM</Data>
</EventData>
</Event>

<Event xmlns="http://schemas.microsoft.com/win/2004/08/events/event"><System><Provider Name="Microsoft-Windows-Sysmon" Guid="{5770385f-c22a-43e0-bf4c-06f5698ffbd9}"></Provider>
<EventID Qualifiers="">11</EventID>
<Version>2</Version>
<Level>4</Level>
<Task>11</Task>
<Opcode>0</Opcode>
<Keywords>0x8000000000000000</Keywords>
<TimeCreated SystemTime="2025-04-10 06:11:00.499994"></TimeCreated>
<EventRecordID>6797</EventRecordID>
<Correlation ActivityID="" RelatedActivityID=""></Correlation>
<Execution ProcessID="4420" ThreadID="5708"></Execution>
<Channel>Microsoft-Windows-Sysmon/Operational</Channel>
<Computer>DESKTOP-M3AKJSD</Computer>
<Security UserID="S-1-5-18"></Security>
</System>
<EventData><Data Name="RuleName">DLL</Data>
<Data Name="UtcTime">2025-04-10 06:11:00.498</Data>
<Data Name="ProcessGuid">{53c665d1-60f4-67f7-4101-000000001700}</Data>
<Data Name="ProcessId">560</Data>
<Data Name="Image">C:\WINDOWS\SoftwareDistribution\Download\Install\UpdatePlatform.amd64fre.exe</Data>
<Data Name="TargetFilename">C:\Windows\SystemTemp\B5F79212-5146-451B-A48D-E564914E374C\MpClient.dll</Data>
<Data Name="CreationUtcTime">2025-04-10 06:11:00.498</Data>
<Data Name="User">NT AUTHORITY\SYSTEM</Data>
</EventData>
</Event>

<Event xmlns="http://schemas.microsoft.com/win/2004/08/events/event"><System><Provider Name="Microsoft-Windows-Sysmon" Guid="{5770385f-c22a-43e0-bf4c-06f5698ffbd9}"></Provider>
<EventID Qualifiers="">11</EventID>
<Version>2</Version>
<Level>4</Level>
<Task>11</Task>
<Opcode>0</Opcode>
<Keywords>0x8000000000000000</Keywords>
<TimeCreated SystemTime="2025-04-10 06:11:00.520426"></TimeCreated>
<EventRecordID>6798</EventRecordID>
<Correlation ActivityID="" RelatedActivityID=""></Correlation>
<Execution ProcessID="4420" ThreadID="5708"></Execution>
<Channel>Microsoft-Windows-Sysmon/Operational</Channel>
<Computer>DESKTOP-M3AKJSD</Computer>
<Security UserID="S-1-5-18"></Security>
</System>
<EventData><Data Name="RuleName">DLL</Data>
<Data Name="UtcTime">2025-04-10 06:11:00.518</Data>
<Data Name="ProcessGuid">{53c665d1-60f4-67f7-4101-000000001700}</Data>
<Data Name="ProcessId">560</Data>
<Data Name="Image">C:\WINDOWS\SoftwareDistribution\Download\Install\UpdatePlatform.amd64fre.exe</Data>
<Data Name="TargetFilename">C:\Windows\SystemTemp\B5F79212-5146-451B-A48D-E564914E374C\MpCommu.dll</Data>
<Data Name="CreationUtcTime">2025-04-10 06:11:00.518</Data>
<Data Name="User">NT AUTHORITY\SYSTEM</Data>
</EventData>
</Event>

<Event xmlns="http://schemas.microsoft.com/win/2004/08/events/event"><System><Provider Name="Microsoft-Windows-Sysmon" Guid="{5770385f-c22a-43e0-bf4c-06f5698ffbd9}"></Provider>
<EventID Qualifiers="">11</EventID>
<Version>2</Version>
<Level>4</Level>
<Task>11</Task>
<Opcode>0</Opcode>
<Keywords>0x8000000000000000</Keywords>
<TimeCreated SystemTime="2025-04-10 06:11:00.530182"></TimeCreated>
<EventRecordID>6799</EventRecordID>
<Correlation ActivityID="" RelatedActivityID=""></Correlation>
<Execution ProcessID="4420" ThreadID="5708"></Execution>
<Channel>Microsoft-Windows-Sysmon/Operational</Channel>
<Computer>DESKTOP-M3AKJSD</Computer>
<Security UserID="S-1-5-18"></Security>
</System>
<EventData><Data Name="RuleName">DLL</Data>
<Data Name="UtcTime">2025-04-10 06:11:00.529</Data>
<Data Name="ProcessGuid">{53c665d1-60f4-67f7-4101-000000001700}</Data>
<Data Name="ProcessId">560</Data>
<Data Name="Image">C:\WINDOWS\SoftwareDistribution\Download\Install\UpdatePlatform.amd64fre.exe</Data>
<Data Name="TargetFilename">C:\Windows\SystemTemp\B5F79212-5146-451B-A48D-E564914E374C\MpDetours.dll</Data>
<Data Name="CreationUtcTime">2025-04-10 06:11:00.529</Data>
<Data Name="User">NT AUTHORITY\SYSTEM</Data>
</EventData>
</Event>

<Event xmlns="http://schemas.microsoft.com/win/2004/08/events/event"><System><Provider Name="Microsoft-Windows-Sysmon" Guid="{5770385f-c22a-43e0-bf4c-06f5698ffbd9}"></Provider>
<EventID Qualifiers="">11</EventID>
<Version>2</Version>
<Level>4</Level>
<Task>11</Task>
<Opcode>0</Opcode>
<Keywords>0x8000000000000000</Keywords>
<TimeCreated SystemTime="2025-04-10 06:11:00.538105"></TimeCreated>
<EventRecordID>6800</EventRecordID>
<Correlation ActivityID="" RelatedActivityID=""></Correlation>
<Execution ProcessID="4420" ThreadID="5708"></Execution>
<Channel>Microsoft-Windows-Sysmon/Operational</Channel>
<Computer>DESKTOP-M3AKJSD</Computer>
<Security UserID="S-1-5-18"></Security>
</System>
<EventData><Data Name="RuleName">DLL</Data>
<Data Name="UtcTime">2025-04-10 06:11:00.536</Data>
<Data Name="ProcessGuid">{53c665d1-60f4-67f7-4101-000000001700}</Data>
<Data Name="ProcessId">560</Data>
<Data Name="Image">C:\WINDOWS\SoftwareDistribution\Download\Install\UpdatePlatform.amd64fre.exe</Data>
<Data Name="TargetFilename">C:\Windows\SystemTemp\B5F79212-5146-451B-A48D-E564914E374C\MpDetoursCopyAccelerator.dll</Data>
<Data Name="CreationUtcTime">2025-04-10 06:11:00.536</Data>
<Data Name="User">NT AUTHORITY\SYSTEM</Data>
</EventData>
</Event>

<Event xmlns="http://schemas.microsoft.com/win/2004/08/events/event"><System><Provider Name="Microsoft-Windows-Sysmon" Guid="{5770385f-c22a-43e0-bf4c-06f5698ffbd9}"></Provider>
<EventID Qualifiers="">11</EventID>
<Version>2</Version>
<Level>4</Level>
<Task>11</Task>
<Opcode>0</Opcode>
<Keywords>0x8000000000000000</Keywords>
<TimeCreated SystemTime="2025-04-10 06:11:00.543480"></TimeCreated>
<EventRecordID>6801</EventRecordID>
<Correlation ActivityID="" RelatedActivityID=""></Correlation>
<Execution ProcessID="4420" ThreadID="5708"></Execution>
<Channel>Microsoft-Windows-Sysmon/Operational</Channel>
<Computer>DESKTOP-M3AKJSD</Computer>
<Security UserID="S-1-5-18"></Security>
</System>
<EventData><Data Name="RuleName">DLL</Data>
<Data Name="UtcTime">2025-04-10 06:11:00.541</Data>
<Data Name="ProcessGuid">{53c665d1-60f4-67f7-4101-000000001700}</Data>
<Data Name="ProcessId">560</Data>
<Data Name="Image">C:\WINDOWS\SoftwareDistribution\Download\Install\UpdatePlatform.amd64fre.exe</Data>
<Data Name="TargetFilename">C:\Windows\SystemTemp\B5F79212-5146-451B-A48D-E564914E374C\MpDlp.dll</Data>
<Data Name="CreationUtcTime">2025-04-10 06:11:00.541</Data>
<Data Name="User">NT AUTHORITY\SYSTEM</Data>
</EventData>
</Event>

<Event xmlns="http://schemas.microsoft.com/win/2004/08/events/event"><System><Provider Name="Microsoft-Windows-Sysmon" Guid="{5770385f-c22a-43e0-bf4c-06f5698ffbd9}"></Provider>
<EventID Qualifiers="">11</EventID>
<Version>2</Version>
<Level>4</Level>
<Task>11</Task>
<Opcode>0</Opcode>
<Keywords>0x8000000000000000</Keywords>
<TimeCreated SystemTime="2025-04-10 06:11:00.570820"></TimeCreated>
<EventRecordID>6802</EventRecordID>
<Correlation ActivityID="" RelatedActivityID=""></Correlation>
<Execution ProcessID="4420" ThreadID="5708"></Execution>
<Channel>Microsoft-Windows-Sysmon/Operational</Channel>
<Computer>DESKTOP-M3AKJSD</Computer>
<Security UserID="S-1-5-18"></Security>
</System>
<EventData><Data Name="RuleName">DLL</Data>
<Data Name="UtcTime">2025-04-10 06:11:00.569</Data>
<Data Name="ProcessGuid">{53c665d1-60f4-67f7-4101-000000001700}</Data>
<Data Name="ProcessId">560</Data>
<Data Name="Image">C:\WINDOWS\SoftwareDistribution\Download\Install\UpdatePlatform.amd64fre.exe</Data>
<Data Name="TargetFilename">C:\Windows\SystemTemp\B5F79212-5146-451B-A48D-E564914E374C\MpEvMsg.dll</Data>
<Data Name="CreationUtcTime">2025-04-10 06:11:00.569</Data>
<Data Name="User">NT AUTHORITY\SYSTEM</Data>
</EventData>
</Event>

<Event xmlns="http://schemas.microsoft.com/win/2004/08/events/event"><System><Provider Name="Microsoft-Windows-Sysmon" Guid="{5770385f-c22a-43e0-bf4c-06f5698ffbd9}"></Provider>
<EventID Qualifiers="">11</EventID>
<Version>2</Version>
<Level>4</Level>
<Task>11</Task>
<Opcode>0</Opcode>
<Keywords>0x8000000000000000</Keywords>
<TimeCreated SystemTime="2025-04-10 06:11:00.577225"></TimeCreated>
<EventRecordID>6803</EventRecordID>
<Correlation ActivityID="" RelatedActivityID=""></Correlation>
<Execution ProcessID="4420" ThreadID="5708"></Execution>
<Channel>Microsoft-Windows-Sysmon/Operational</Channel>
<Computer>DESKTOP-M3AKJSD</Computer>
<Security UserID="S-1-5-18"></Security>
</System>
<EventData><Data Name="RuleName">DLL</Data>
<Data Name="UtcTime">2025-04-10 06:11:00.576</Data>
<Data Name="ProcessGuid">{53c665d1-60f4-67f7-4101-000000001700}</Data>
<Data Name="ProcessId">560</Data>
<Data Name="Image">C:\WINDOWS\SoftwareDistribution\Download\Install\UpdatePlatform.amd64fre.exe</Data>
<Data Name="TargetFilename">C:\Windows\SystemTemp\B5F79212-5146-451B-A48D-E564914E374C\MpOAV.dll</Data>
<Data Name="CreationUtcTime">2025-04-10 06:11:00.576</Data>
<Data Name="User">NT AUTHORITY\SYSTEM</Data>
</EventData>
</Event>

<Event xmlns="http://schemas.microsoft.com/win/2004/08/events/event"><System><Provider Name="Microsoft-Windows-Sysmon" Guid="{5770385f-c22a-43e0-bf4c-06f5698ffbd9}"></Provider>
<EventID Qualifiers="">11</EventID>
<Version>2</Version>
<Level>4</Level>
<Task>11</Task>
<Opcode>0</Opcode>
<Keywords>0x8000000000000000</Keywords>
<TimeCreated SystemTime="2025-04-10 06:11:00.587416"></TimeCreated>
<EventRecordID>6804</EventRecordID>
<Correlation ActivityID="" RelatedActivityID=""></Correlation>
<Execution ProcessID="4420" ThreadID="5708"></Execution>
<Channel>Microsoft-Windows-Sysmon/Operational</Channel>
<Computer>DESKTOP-M3AKJSD</Computer>
<Security UserID="S-1-5-18"></Security>
</System>
<EventData><Data Name="RuleName">DLL</Data>
<Data Name="UtcTime">2025-04-10 06:11:00.585</Data>
<Data Name="ProcessGuid">{53c665d1-60f4-67f7-4101-000000001700}</Data>
<Data Name="ProcessId">560</Data>
<Data Name="Image">C:\WINDOWS\SoftwareDistribution\Download\Install\UpdatePlatform.amd64fre.exe</Data>
<Data Name="TargetFilename">C:\Windows\SystemTemp\B5F79212-5146-451B-A48D-E564914E374C\MpRtp.dll</Data>
<Data Name="CreationUtcTime">2025-04-10 06:11:00.585</Data>
<Data Name="User">NT AUTHORITY\SYSTEM</Data>
</EventData>
</Event>

<Event xmlns="http://schemas.microsoft.com/win/2004/08/events/event"><System><Provider Name="Microsoft-Windows-Sysmon" Guid="{5770385f-c22a-43e0-bf4c-06f5698ffbd9}"></Provider>
<EventID Qualifiers="">11</EventID>
<Version>2</Version>
<Level>4</Level>
<Task>11</Task>
<Opcode>0</Opcode>
<Keywords>0x8000000000000000</Keywords>
<TimeCreated SystemTime="2025-04-10 06:11:00.602722"></TimeCreated>
<EventRecordID>6805</EventRecordID>
<Correlation ActivityID="" RelatedActivityID=""></Correlation>
<Execution ProcessID="4420" ThreadID="5708"></Execution>
<Channel>Microsoft-Windows-Sysmon/Operational</Channel>
<Computer>DESKTOP-M3AKJSD</Computer>
<Security UserID="S-1-5-18"></Security>
</System>
<EventData><Data Name="RuleName">DLL</Data>
<Data Name="UtcTime">2025-04-10 06:11:00.600</Data>
<Data Name="ProcessGuid">{53c665d1-60f4-67f7-4101-000000001700}</Data>
<Data Name="ProcessId">560</Data>
<Data Name="Image">C:\WINDOWS\SoftwareDistribution\Download\Install\UpdatePlatform.amd64fre.exe</Data>
<Data Name="TargetFilename">C:\Windows\SystemTemp\B5F79212-5146-451B-A48D-E564914E374C\MpSenseComm.dll</Data>
<Data Name="CreationUtcTime">2025-04-10 06:11:00.600</Data>
<Data Name="User">NT AUTHORITY\SYSTEM</Data>
</EventData>
</Event>

<Event xmlns="http://schemas.microsoft.com/win/2004/08/events/event"><System><Provider Name="Microsoft-Windows-Sysmon" Guid="{5770385f-c22a-43e0-bf4c-06f5698ffbd9}"></Provider>
<EventID Qualifiers="">11</EventID>
<Version>2</Version>
<Level>4</Level>
<Task>11</Task>
<Opcode>0</Opcode>
<Keywords>0x8000000000000000</Keywords>
<TimeCreated SystemTime="2025-04-10 06:11:00.615812"></TimeCreated>
<EventRecordID>6806</EventRecordID>
<Correlation ActivityID="" RelatedActivityID=""></Correlation>
<Execution ProcessID="4420" ThreadID="5708"></Execution>
<Channel>Microsoft-Windows-Sysmon/Operational</Channel>
<Computer>DESKTOP-M3AKJSD</Computer>
<Security UserID="S-1-5-18"></Security>
</System>
<EventData><Data Name="RuleName">DLL</Data>
<Data Name="UtcTime">2025-04-10 06:11:00.614</Data>
<Data Name="ProcessGuid">{53c665d1-60f4-67f7-4101-000000001700}</Data>
<Data Name="ProcessId">560</Data>
<Data Name="Image">C:\WINDOWS\SoftwareDistribution\Download\Install\UpdatePlatform.amd64fre.exe</Data>
<Data Name="TargetFilename">C:\Windows\SystemTemp\B5F79212-5146-451B-A48D-E564914E374C\MpSvc.dll</Data>
<Data Name="CreationUtcTime">2025-04-10 06:11:00.614</Data>
<Data Name="User">NT AUTHORITY\SYSTEM</Data>
</EventData>
</Event>

<Event xmlns="http://schemas.microsoft.com/win/2004/08/events/event"><System><Provider Name="Microsoft-Windows-Sysmon" Guid="{5770385f-c22a-43e0-bf4c-06f5698ffbd9}"></Provider>
<EventID Qualifiers="">11</EventID>
<Version>2</Version>
<Level>4</Level>
<Task>11</Task>
<Opcode>0</Opcode>
<Keywords>0x8000000000000000</Keywords>
<TimeCreated SystemTime="2025-04-10 06:11:00.679146"></TimeCreated>
<EventRecordID>6807</EventRecordID>
<Correlation ActivityID="" RelatedActivityID=""></Correlation>
<Execution ProcessID="4420" ThreadID="5708"></Execution>
<Channel>Microsoft-Windows-Sysmon/Operational</Channel>
<Computer>DESKTOP-M3AKJSD</Computer>
<Security UserID="S-1-5-18"></Security>
</System>
<EventData><Data Name="RuleName">DLL</Data>
<Data Name="UtcTime">2025-04-10 06:11:00.676</Data>
<Data Name="ProcessGuid">{53c665d1-60f4-67f7-4101-000000001700}</Data>
<Data Name="ProcessId">560</Data>
<Data Name="Image">C:\WINDOWS\SoftwareDistribution\Download\Install\UpdatePlatform.amd64fre.exe</Data>
<Data Name="TargetFilename">C:\Windows\SystemTemp\B5F79212-5146-451B-A48D-E564914E374C\MpUpdate.dll</Data>
<Data Name="CreationUtcTime">2025-04-10 06:11:00.676</Data>
<Data Name="User">NT AUTHORITY\SYSTEM</Data>
</EventData>
</Event>

<Event xmlns="http://schemas.microsoft.com/win/2004/08/events/event"><System><Provider Name="Microsoft-Windows-Sysmon" Guid="{5770385f-c22a-43e0-bf4c-06f5698ffbd9}"></Provider>
<EventID Qualifiers="">11</EventID>
<Version>2</Version>
<Level>4</Level>
<Task>11</Task>
<Opcode>0</Opcode>
<Keywords>0x8000000000000000</Keywords>
<TimeCreated SystemTime="2025-04-10 06:11:00.688181"></TimeCreated>
<EventRecordID>6808</EventRecordID>
<Correlation ActivityID="" RelatedActivityID=""></Correlation>
<Execution ProcessID="4420" ThreadID="5708"></Execution>
<Channel>Microsoft-Windows-Sysmon/Operational</Channel>
<Computer>DESKTOP-M3AKJSD</Computer>
<Security UserID="S-1-5-18"></Security>
</System>
<EventData><Data Name="RuleName">DLL</Data>
<Data Name="UtcTime">2025-04-10 06:11:00.686</Data>
<Data Name="ProcessGuid">{53c665d1-60f4-67f7-4101-000000001700}</Data>
<Data Name="ProcessId">560</Data>
<Data Name="Image">C:\WINDOWS\SoftwareDistribution\Download\Install\UpdatePlatform.amd64fre.exe</Data>
<Data Name="TargetFilename">C:\Windows\SystemTemp\B5F79212-5146-451B-A48D-E564914E374C\MpUxAgent.dll</Data>
<Data Name="CreationUtcTime">2025-04-10 06:11:00.686</Data>
<Data Name="User">NT AUTHORITY\SYSTEM</Data>
</EventData>
</Event>

<Event xmlns="http://schemas.microsoft.com/win/2004/08/events/event"><System><Provider Name="Microsoft-Windows-Sysmon" Guid="{5770385f-c22a-43e0-bf4c-06f5698ffbd9}"></Provider>
<EventID Qualifiers="">11</EventID>
<Version>2</Version>
<Level>4</Level>
<Task>11</Task>
<Opcode>0</Opcode>
<Keywords>0x8000000000000000</Keywords>
<TimeCreated SystemTime="2025-04-10 06:11:00.700655"></TimeCreated>
<EventRecordID>6809</EventRecordID>
<Correlation ActivityID="" RelatedActivityID=""></Correlation>
<Execution ProcessID="4420" ThreadID="5708"></Execution>
<Channel>Microsoft-Windows-Sysmon/Operational</Channel>
<Computer>DESKTOP-M3AKJSD</Computer>
<Security UserID="S-1-5-18"></Security>
</System>
<EventData><Data Name="RuleName">DLL</Data>
<Data Name="UtcTime">2025-04-10 06:11:00.700</Data>
<Data Name="ProcessGuid">{53c665d1-60f4-67f7-4101-000000001700}</Data>
<Data Name="ProcessId">560</Data>
<Data Name="Image">C:\WINDOWS\SoftwareDistribution\Download\Install\UpdatePlatform.amd64fre.exe</Data>
<Data Name="TargetFilename">C:\Windows\SystemTemp\B5F79212-5146-451B-A48D-E564914E374C\MsMpLics.dll</Data>
<Data Name="CreationUtcTime">2025-04-10 06:11:00.700</Data>
<Data Name="User">NT AUTHORITY\SYSTEM</Data>
</EventData>
</Event>

<Event xmlns="http://schemas.microsoft.com/win/2004/08/events/event"><System><Provider Name="Microsoft-Windows-Sysmon" Guid="{5770385f-c22a-43e0-bf4c-06f5698ffbd9}"></Provider>
<EventID Qualifiers="">11</EventID>
<Version>2</Version>
<Level>4</Level>
<Task>11</Task>
<Opcode>0</Opcode>
<Keywords>0x8000000000000000</Keywords>
<TimeCreated SystemTime="2025-04-10 06:11:00.707932"></TimeCreated>
<EventRecordID>6810</EventRecordID>
<Correlation ActivityID="" RelatedActivityID=""></Correlation>
<Execution ProcessID="4420" ThreadID="5708"></Execution>
<Channel>Microsoft-Windows-Sysmon/Operational</Channel>
<Computer>DESKTOP-M3AKJSD</Computer>
<Security UserID="S-1-5-18"></Security>
</System>
<EventData><Data Name="RuleName">DLL</Data>
<Data Name="UtcTime">2025-04-10 06:11:00.707</Data>
<Data Name="ProcessGuid">{53c665d1-60f4-67f7-4101-000000001700}</Data>
<Data Name="ProcessId">560</Data>
<Data Name="Image">C:\WINDOWS\SoftwareDistribution\Download\Install\UpdatePlatform.amd64fre.exe</Data>
<Data Name="TargetFilename">C:\Windows\SystemTemp\B5F79212-5146-451B-A48D-E564914E374C\NpRep.dll</Data>
<Data Name="CreationUtcTime">2025-04-10 06:11:00.707</Data>
<Data Name="User">NT AUTHORITY\SYSTEM</Data>
</EventData>
</Event>

<Event xmlns="http://schemas.microsoft.com/win/2004/08/events/event"><System><Provider Name="Microsoft-Windows-Sysmon" Guid="{5770385f-c22a-43e0-bf4c-06f5698ffbd9}"></Provider>
<EventID Qualifiers="">13</EventID>
<Version>2</Version>
<Level>4</Level>
<Task>13</Task>
<Opcode>0</Opcode>
<Keywords>0x8000000000000000</Keywords>
<TimeCreated SystemTime="2025-04-10 06:11:00.716887"></TimeCreated>
<EventRecordID>6811</EventRecordID>
<Correlation ActivityID="" RelatedActivityID=""></Correlation>
<Execution ProcessID="4420" ThreadID="5708"></Execution>
<Channel>Microsoft-Windows-Sysmon/Operational</Channel>
<Computer>DESKTOP-M3AKJSD</Computer>
<Security UserID="S-1-5-18"></Security>
</System>
<EventData><Data Name="RuleName">InvDB-Path</Data>
<Data Name="EventType">SetValue</Data>
<Data Name="UtcTime">2025-04-10 06:11:00.714</Data>
<Data Name="ProcessGuid">{53c665d1-5e7e-67f7-4e00-000000001700}</Data>
<Data Name="ProcessId">3636</Data>
<Data Name="Image">C:\WINDOWS\System32\svchost.exe</Data>
<Data Name="TargetObject">\REGISTRY\A\{79a3493b-db73-20fc-d2fa-d48d56e9a633}\Root\InventoryApplicationFile\wuaucltcore.exe|8f589d9c10b9c557\LowerCaseLongPath</Data>
<Data Name="Details">c:\windows\uus\packages\preview\amd64\wuaucltcore.exe</Data>
<Data Name="User">NT AUTHORITY\SYSTEM</Data>
</EventData>
</Event>

<Event xmlns="http://schemas.microsoft.com/win/2004/08/events/event"><System><Provider Name="Microsoft-Windows-Sysmon" Guid="{5770385f-c22a-43e0-bf4c-06f5698ffbd9}"></Provider>
<EventID Qualifiers="">13</EventID>
<Version>2</Version>
<Level>4</Level>
<Task>13</Task>
<Opcode>0</Opcode>
<Keywords>0x8000000000000000</Keywords>
<TimeCreated SystemTime="2025-04-10 06:11:00.716993"></TimeCreated>
<EventRecordID>6812</EventRecordID>
<Correlation ActivityID="" RelatedActivityID=""></Correlation>
<Execution ProcessID="4420" ThreadID="5708"></Execution>
<Channel>Microsoft-Windows-Sysmon/Operational</Channel>
<Computer>DESKTOP-M3AKJSD</Computer>
<Security UserID="S-1-5-18"></Security>
</System>
<EventData><Data Name="RuleName">InvDB-Pub</Data>
<Data Name="EventType">SetValue</Data>
<Data Name="UtcTime">2025-04-10 06:11:00.714</Data>
<Data Name="ProcessGuid">{53c665d1-5e7e-67f7-4e00-000000001700}</Data>
<Data Name="ProcessId">3636</Data>
<Data Name="Image">C:\WINDOWS\System32\svchost.exe</Data>
<Data Name="TargetObject">\REGISTRY\A\{79a3493b-db73-20fc-d2fa-d48d56e9a633}\Root\InventoryApplicationFile\wuaucltcore.exe|8f589d9c10b9c557\Publisher</Data>
<Data Name="Details">microsoft corporation</Data>
<Data Name="User">NT AUTHORITY\SYSTEM</Data>
</EventData>
</Event>

<Event xmlns="http://schemas.microsoft.com/win/2004/08/events/event"><System><Provider Name="Microsoft-Windows-Sysmon" Guid="{5770385f-c22a-43e0-bf4c-06f5698ffbd9}"></Provider>
<EventID Qualifiers="">13</EventID>
<Version>2</Version>
<Level>4</Level>
<Task>13</Task>
<Opcode>0</Opcode>
<Keywords>0x8000000000000000</Keywords>
<TimeCreated SystemTime="2025-04-10 06:11:00.717205"></TimeCreated>
<EventRecordID>6813</EventRecordID>
<Correlation ActivityID="" RelatedActivityID=""></Correlation>
<Execution ProcessID="4420" ThreadID="5708"></Execution>
<Channel>Microsoft-Windows-Sysmon/Operational</Channel>
<Computer>DESKTOP-M3AKJSD</Computer>
<Security UserID="S-1-5-18"></Security>
</System>
<EventData><Data Name="RuleName">InvDB-CompileTimeClaim</Data>
<Data Name="EventType">SetValue</Data>
<Data Name="UtcTime">2025-04-10 06:11:00.714</Data>
<Data Name="ProcessGuid">{53c665d1-5e7e-67f7-4e00-000000001700}</Data>
<Data Name="ProcessId">3636</Data>
<Data Name="Image">C:\WINDOWS\System32\svchost.exe</Data>
<Data Name="TargetObject">\REGISTRY\A\{79a3493b-db73-20fc-d2fa-d48d56e9a633}\Root\InventoryApplicationFile\wuaucltcore.exe|8f589d9c10b9c557\LinkDate</Data>
<Data Name="Details">08/26/1970 11:41:52</Data>
<Data Name="User">NT AUTHORITY\SYSTEM</Data>
</EventData>
</Event>

<Event xmlns="http://schemas.microsoft.com/win/2004/08/events/event"><System><Provider Name="Microsoft-Windows-Sysmon" Guid="{5770385f-c22a-43e0-bf4c-06f5698ffbd9}"></Provider>
<EventID Qualifiers="">13</EventID>
<Version>2</Version>
<Level>4</Level>
<Task>13</Task>
<Opcode>0</Opcode>
<Keywords>0x8000000000000000</Keywords>
<TimeCreated SystemTime="2025-04-10 06:11:00.717245"></TimeCreated>
<EventRecordID>6814</EventRecordID>
<Correlation ActivityID="" RelatedActivityID=""></Correlation>
<Execution ProcessID="4420" ThreadID="5708"></Execution>
<Channel>Microsoft-Windows-Sysmon/Operational</Channel>
<Computer>DESKTOP-M3AKJSD</Computer>
<Security UserID="S-1-5-18"></Security>
</System>
<EventData><Data Name="RuleName">InvDB-Ver</Data>
<Data Name="EventType">SetValue</Data>
<Data Name="UtcTime">2025-04-10 06:11:00.714</Data>
<Data Name="ProcessGuid">{53c665d1-5e7e-67f7-4e00-000000001700}</Data>
<Data Name="ProcessId">3636</Data>
<Data Name="Image">C:\WINDOWS\System32\svchost.exe</Data>
<Data Name="TargetObject">\REGISTRY\A\{79a3493b-db73-20fc-d2fa-d48d56e9a633}\Root\InventoryApplicationFile\wuaucltcore.exe|8f589d9c10b9c557\BinProductVersion</Data>
<Data Name="Details">1406.2503.20012.0</Data>
<Data Name="User">NT AUTHORITY\SYSTEM</Data>
</EventData>
</Event>

<Event xmlns="http://schemas.microsoft.com/win/2004/08/events/event"><System><Provider Name="Microsoft-Windows-Sysmon" Guid="{5770385f-c22a-43e0-bf4c-06f5698ffbd9}"></Provider>
<EventID Qualifiers="">11</EventID>
<Version>2</Version>
<Level>4</Level>
<Task>11</Task>
<Opcode>0</Opcode>
<Keywords>0x8000000000000000</Keywords>
<TimeCreated SystemTime="2025-04-10 06:11:00.735445"></TimeCreated>
<EventRecordID>6815</EventRecordID>
<Correlation ActivityID="" RelatedActivityID=""></Correlation>
<Execution ProcessID="4420" ThreadID="5708"></Execution>
<Channel>Microsoft-Windows-Sysmon/Operational</Channel>
<Computer>DESKTOP-M3AKJSD</Computer>
<Security UserID="S-1-5-18"></Security>
</System>
<EventData><Data Name="RuleName">DLL</Data>
<Data Name="UtcTime">2025-04-10 06:11:00.732</Data>
<Data Name="ProcessGuid">{53c665d1-60f4-67f7-4101-000000001700}</Data>
<Data Name="ProcessId">560</Data>
<Data Name="Image">C:\WINDOWS\SoftwareDistribution\Download\Install\UpdatePlatform.amd64fre.exe</Data>
<Data Name="TargetFilename">C:\Windows\SystemTemp\B5F79212-5146-451B-A48D-E564914E374C\ProtectionManagement.dll</Data>
<Data Name="CreationUtcTime">2025-04-10 06:11:00.732</Data>
<Data Name="User">NT AUTHORITY\SYSTEM</Data>
</EventData>
</Event>

<Event xmlns="http://schemas.microsoft.com/win/2004/08/events/event"><System><Provider Name="Microsoft-Windows-Sysmon" Guid="{5770385f-c22a-43e0-bf4c-06f5698ffbd9}"></Provider>
<EventID Qualifiers="">11</EventID>
<Version>2</Version>
<Level>4</Level>
<Task>11</Task>
<Opcode>0</Opcode>
<Keywords>0x8000000000000000</Keywords>
<TimeCreated SystemTime="2025-04-10 06:11:00.751648"></TimeCreated>
<EventRecordID>6816</EventRecordID>
<Correlation ActivityID="" RelatedActivityID=""></Correlation>
<Execution ProcessID="4420" ThreadID="5708"></Execution>
<Channel>Microsoft-Windows-Sysmon/Operational</Channel>
<Computer>DESKTOP-M3AKJSD</Computer>
<Security UserID="S-1-5-18"></Security>
</System>
<EventData><Data Name="RuleName">DLL</Data>
<Data Name="UtcTime">2025-04-10 06:11:00.751</Data>
<Data Name="ProcessGuid">{53c665d1-60f4-67f7-4101-000000001700}</Data>
<Data Name="ProcessId">560</Data>
<Data Name="Image">C:\WINDOWS\SoftwareDistribution\Download\Install\UpdatePlatform.amd64fre.exe</Data>
<Data Name="TargetFilename">C:\Windows\SystemTemp\B5F79212-5146-451B-A48D-E564914E374C\endpointdlp.dll</Data>
<Data Name="CreationUtcTime">2025-04-10 06:11:00.751</Data>
<Data Name="User">NT AUTHORITY\SYSTEM</Data>
</EventData>
</Event>

<Event xmlns="http://schemas.microsoft.com/win/2004/08/events/event"><System><Provider Name="Microsoft-Windows-Sysmon" Guid="{5770385f-c22a-43e0-bf4c-06f5698ffbd9}"></Provider>
<EventID Qualifiers="">11</EventID>
<Version>2</Version>
<Level>4</Level>
<Task>11</Task>
<Opcode>0</Opcode>
<Keywords>0x8000000000000000</Keywords>
<TimeCreated SystemTime="2025-04-10 06:11:00.779799"></TimeCreated>
<EventRecordID>6817</EventRecordID>
<Correlation ActivityID="" RelatedActivityID=""></Correlation>
<Execution ProcessID="4420" ThreadID="5708"></Execution>
<Channel>Microsoft-Windows-Sysmon/Operational</Channel>
<Computer>DESKTOP-M3AKJSD</Computer>
<Security UserID="S-1-5-18"></Security>
</System>
<EventData><Data Name="RuleName">DLL</Data>
<Data Name="UtcTime">2025-04-10 06:11:00.777</Data>
<Data Name="ProcessGuid">{53c665d1-60f4-67f7-4101-000000001700}</Data>
<Data Name="ProcessId">560</Data>
<Data Name="Image">C:\WINDOWS\SoftwareDistribution\Download\Install\UpdatePlatform.amd64fre.exe</Data>
<Data Name="TargetFilename">C:\Windows\SystemTemp\B5F79212-5146-451B-A48D-E564914E374C\x86\MpAsDesc.dll</Data>
<Data Name="CreationUtcTime">2025-04-10 06:11:00.777</Data>
<Data Name="User">NT AUTHORITY\SYSTEM</Data>
</EventData>
</Event>

<Event xmlns="http://schemas.microsoft.com/win/2004/08/events/event"><System><Provider Name="Microsoft-Windows-Sysmon" Guid="{5770385f-c22a-43e0-bf4c-06f5698ffbd9}"></Provider>
<EventID Qualifiers="">11</EventID>
<Version>2</Version>
<Level>4</Level>
<Task>11</Task>
<Opcode>0</Opcode>
<Keywords>0x8000000000000000</Keywords>
<TimeCreated SystemTime="2025-04-10 06:11:00.787270"></TimeCreated>
<EventRecordID>6818</EventRecordID>
<Correlation ActivityID="" RelatedActivityID=""></Correlation>
<Execution ProcessID="4420" ThreadID="5708"></Execution>
<Channel>Microsoft-Windows-Sysmon/Operational</Channel>
<Computer>DESKTOP-M3AKJSD</Computer>
<Security UserID="S-1-5-18"></Security>
</System>
<EventData><Data Name="RuleName">DLL</Data>
<Data Name="UtcTime">2025-04-10 06:11:00.785</Data>
<Data Name="ProcessGuid">{53c665d1-60f4-67f7-4101-000000001700}</Data>
<Data Name="ProcessId">560</Data>
<Data Name="Image">C:\WINDOWS\SoftwareDistribution\Download\Install\UpdatePlatform.amd64fre.exe</Data>
<Data Name="TargetFilename">C:\Windows\SystemTemp\B5F79212-5146-451B-A48D-E564914E374C\x86\MpClient.dll</Data>
<Data Name="CreationUtcTime">2025-04-10 06:11:00.785</Data>
<Data Name="User">NT AUTHORITY\SYSTEM</Data>
</EventData>
</Event>

<Event xmlns="http://schemas.microsoft.com/win/2004/08/events/event"><System><Provider Name="Microsoft-Windows-Sysmon" Guid="{5770385f-c22a-43e0-bf4c-06f5698ffbd9}"></Provider>
<EventID Qualifiers="">11</EventID>
<Version>2</Version>
<Level>4</Level>
<Task>11</Task>
<Opcode>0</Opcode>
<Keywords>0x8000000000000000</Keywords>
<TimeCreated SystemTime="2025-04-10 06:11:00.808640"></TimeCreated>
<EventRecordID>6819</EventRecordID>
<Correlation ActivityID="" RelatedActivityID=""></Correlation>
<Execution ProcessID="4420" ThreadID="5708"></Execution>
<Channel>Microsoft-Windows-Sysmon/Operational</Channel>
<Computer>DESKTOP-M3AKJSD</Computer>
<Security UserID="S-1-5-18"></Security>
</System>
<EventData><Data Name="RuleName">DLL</Data>
<Data Name="UtcTime">2025-04-10 06:11:00.808</Data>
<Data Name="ProcessGuid">{53c665d1-60f4-67f7-4101-000000001700}</Data>
<Data Name="ProcessId">560</Data>
<Data Name="Image">C:\WINDOWS\SoftwareDistribution\Download\Install\UpdatePlatform.amd64fre.exe</Data>
<Data Name="TargetFilename">C:\Windows\SystemTemp\B5F79212-5146-451B-A48D-E564914E374C\x86\MpDetours.dll</Data>
<Data Name="CreationUtcTime">2025-04-10 06:11:00.808</Data>
<Data Name="User">NT AUTHORITY\SYSTEM</Data>
</EventData>
</Event>

<Event xmlns="http://schemas.microsoft.com/win/2004/08/events/event"><System><Provider Name="Microsoft-Windows-Sysmon" Guid="{5770385f-c22a-43e0-bf4c-06f5698ffbd9}"></Provider>
<EventID Qualifiers="">11</EventID>
<Version>2</Version>
<Level>4</Level>
<Task>11</Task>
<Opcode>0</Opcode>
<Keywords>0x8000000000000000</Keywords>
<TimeCreated SystemTime="2025-04-10 06:11:00.816700"></TimeCreated>
<EventRecordID>6820</EventRecordID>
<Correlation ActivityID="" RelatedActivityID=""></Correlation>
<Execution ProcessID="4420" ThreadID="5708"></Execution>
<Channel>Microsoft-Windows-Sysmon/Operational</Channel>
<Computer>DESKTOP-M3AKJSD</Computer>
<Security UserID="S-1-5-18"></Security>
</System>
<EventData><Data Name="RuleName">DLL</Data>
<Data Name="UtcTime">2025-04-10 06:11:00.815</Data>
<Data Name="ProcessGuid">{53c665d1-60f4-67f7-4101-000000001700}</Data>
<Data Name="ProcessId">560</Data>
<Data Name="Image">C:\WINDOWS\SoftwareDistribution\Download\Install\UpdatePlatform.amd64fre.exe</Data>
<Data Name="TargetFilename">C:\Windows\SystemTemp\B5F79212-5146-451B-A48D-E564914E374C\x86\MpDetoursCopyAccelerator.dll</Data>
<Data Name="CreationUtcTime">2025-04-10 06:11:00.815</Data>
<Data Name="User">NT AUTHORITY\SYSTEM</Data>
</EventData>
</Event>

<Event xmlns="http://schemas.microsoft.com/win/2004/08/events/event"><System><Provider Name="Microsoft-Windows-Sysmon" Guid="{5770385f-c22a-43e0-bf4c-06f5698ffbd9}"></Provider>
<EventID Qualifiers="">11</EventID>
<Version>2</Version>
<Level>4</Level>
<Task>11</Task>
<Opcode>0</Opcode>
<Keywords>0x8000000000000000</Keywords>
<TimeCreated SystemTime="2025-04-10 06:11:00.822580"></TimeCreated>
<EventRecordID>6821</EventRecordID>
<Correlation ActivityID="" RelatedActivityID=""></Correlation>
<Execution ProcessID="4420" ThreadID="5708"></Execution>
<Channel>Microsoft-Windows-Sysmon/Operational</Channel>
<Computer>DESKTOP-M3AKJSD</Computer>
<Security UserID="S-1-5-18"></Security>
</System>
<EventData><Data Name="RuleName">DLL</Data>
<Data Name="UtcTime">2025-04-10 06:11:00.822</Data>
<Data Name="ProcessGuid">{53c665d1-60f4-67f7-4101-000000001700}</Data>
<Data Name="ProcessId">560</Data>
<Data Name="Image">C:\WINDOWS\SoftwareDistribution\Download\Install\UpdatePlatform.amd64fre.exe</Data>
<Data Name="TargetFilename">C:\Windows\SystemTemp\B5F79212-5146-451B-A48D-E564914E374C\x86\MpOAV.dll</Data>
<Data Name="CreationUtcTime">2025-04-10 06:11:00.822</Data>
<Data Name="User">NT AUTHORITY\SYSTEM</Data>
</EventData>
</Event>

<Event xmlns="http://schemas.microsoft.com/win/2004/08/events/event"><System><Provider Name="Microsoft-Windows-Sysmon" Guid="{5770385f-c22a-43e0-bf4c-06f5698ffbd9}"></Provider>
<EventID Qualifiers="">11</EventID>
<Version>2</Version>
<Level>4</Level>
<Task>11</Task>
<Opcode>0</Opcode>
<Keywords>0x8000000000000000</Keywords>
<TimeCreated SystemTime="2025-04-10 06:11:00.831234"></TimeCreated>
<EventRecordID>6822</EventRecordID>
<Correlation ActivityID="" RelatedActivityID=""></Correlation>
<Execution ProcessID="4420" ThreadID="5708"></Execution>
<Channel>Microsoft-Windows-Sysmon/Operational</Channel>
<Computer>DESKTOP-M3AKJSD</Computer>
<Security UserID="S-1-5-18"></Security>
</System>
<EventData><Data Name="RuleName">DLL</Data>
<Data Name="UtcTime">2025-04-10 06:11:00.829</Data>
<Data Name="ProcessGuid">{53c665d1-60f4-67f7-4101-000000001700}</Data>
<Data Name="ProcessId">560</Data>
<Data Name="Image">C:\WINDOWS\SoftwareDistribution\Download\Install\UpdatePlatform.amd64fre.exe</Data>
<Data Name="TargetFilename">C:\Windows\SystemTemp\B5F79212-5146-451B-A48D-E564914E374C\x86\MsMpLics.dll</Data>
<Data Name="CreationUtcTime">2025-04-10 06:11:00.829</Data>
<Data Name="User">NT AUTHORITY\SYSTEM</Data>
</EventData>
</Event>

<Event xmlns="http://schemas.microsoft.com/win/2004/08/events/event"><System><Provider Name="Microsoft-Windows-Sysmon" Guid="{5770385f-c22a-43e0-bf4c-06f5698ffbd9}"></Provider>
<EventID Qualifiers="">11</EventID>
<Version>2</Version>
<Level>4</Level>
<Task>11</Task>
<Opcode>0</Opcode>
<Keywords>0x8000000000000000</Keywords>
<TimeCreated SystemTime="2025-04-10 06:11:00.835361"></TimeCreated>
<EventRecordID>6823</EventRecordID>
<Correlation ActivityID="" RelatedActivityID=""></Correlation>
<Execution ProcessID="4420" ThreadID="5708"></Execution>
<Channel>Microsoft-Windows-Sysmon/Operational</Channel>
<Computer>DESKTOP-M3AKJSD</Computer>
<Security UserID="S-1-5-18"></Security>
</System>
<EventData><Data Name="RuleName">DLL</Data>
<Data Name="UtcTime">2025-04-10 06:11:00.833</Data>
<Data Name="ProcessGuid">{53c665d1-60f4-67f7-4101-000000001700}</Data>
<Data Name="ProcessId">560</Data>
<Data Name="Image">C:\WINDOWS\SoftwareDistribution\Download\Install\UpdatePlatform.amd64fre.exe</Data>
<Data Name="TargetFilename">C:\Windows\SystemTemp\B5F79212-5146-451B-A48D-E564914E374C\x86\endpointdlp.dll</Data>
<Data Name="CreationUtcTime">2025-04-10 06:11:00.833</Data>
<Data Name="User">NT AUTHORITY\SYSTEM</Data>
</EventData>
</Event>

<Event xmlns="http://schemas.microsoft.com/win/2004/08/events/event"><System><Provider Name="Microsoft-Windows-Sysmon" Guid="{5770385f-c22a-43e0-bf4c-06f5698ffbd9}"></Provider>
<EventID Qualifiers="">11</EventID>
<Version>2</Version>
<Level>4</Level>
<Task>11</Task>
<Opcode>0</Opcode>
<Keywords>0x8000000000000000</Keywords>
<TimeCreated SystemTime="2025-04-10 06:11:00.849754"></TimeCreated>
<EventRecordID>6824</EventRecordID>
<Correlation ActivityID="" RelatedActivityID=""></Correlation>
<Execution ProcessID="4420" ThreadID="5708"></Execution>
<Channel>Microsoft-Windows-Sysmon/Operational</Channel>
<Computer>DESKTOP-M3AKJSD</Computer>
<Security UserID="S-1-5-18"></Security>
</System>
<EventData><Data Name="RuleName">EXE</Data>
<Data Name="UtcTime">2025-04-10 06:11:00.849</Data>
<Data Name="ProcessGuid">{53c665d1-60f4-67f7-4101-000000001700}</Data>
<Data Name="ProcessId">560</Data>
<Data Name="Image">C:\WINDOWS\SoftwareDistribution\Download\Install\UpdatePlatform.amd64fre.exe</Data>
<Data Name="TargetFilename">C:\Windows\SystemTemp\B5F79212-5146-451B-A48D-E564914E374C\ConfigSecurityPolicy.exe</Data>
<Data Name="CreationUtcTime">2025-04-10 06:11:00.849</Data>
<Data Name="User">NT AUTHORITY\SYSTEM</Data>
</EventData>
</Event>

<Event xmlns="http://schemas.microsoft.com/win/2004/08/events/event"><System><Provider Name="Microsoft-Windows-Sysmon" Guid="{5770385f-c22a-43e0-bf4c-06f5698ffbd9}"></Provider>
<EventID Qualifiers="">11</EventID>
<Version>2</Version>
<Level>4</Level>
<Task>11</Task>
<Opcode>0</Opcode>
<Keywords>0x8000000000000000</Keywords>
<TimeCreated SystemTime="2025-04-10 06:11:00.859058"></TimeCreated>
<EventRecordID>6825</EventRecordID>
<Correlation ActivityID="" RelatedActivityID=""></Correlation>
<Execution ProcessID="4420" ThreadID="5708"></Execution>
<Channel>Microsoft-Windows-Sysmon/Operational</Channel>
<Computer>DESKTOP-M3AKJSD</Computer>
<Security UserID="S-1-5-18"></Security>
</System>
<EventData><Data Name="RuleName">EXE</Data>
<Data Name="UtcTime">2025-04-10 06:11:00.858</Data>
<Data Name="ProcessGuid">{53c665d1-60f4-67f7-4101-000000001700}</Data>
<Data Name="ProcessId">560</Data>
<Data Name="Image">C:\WINDOWS\SoftwareDistribution\Download\Install\UpdatePlatform.amd64fre.exe</Data>
<Data Name="TargetFilename">C:\Windows\SystemTemp\B5F79212-5146-451B-A48D-E564914E374C\DlpUserAgent.exe</Data>
<Data Name="CreationUtcTime">2025-04-10 06:11:00.856</Data>
<Data Name="User">NT AUTHORITY\SYSTEM</Data>
</EventData>
</Event>

<Event xmlns="http://schemas.microsoft.com/win/2004/08/events/event"><System><Provider Name="Microsoft-Windows-Sysmon" Guid="{5770385f-c22a-43e0-bf4c-06f5698ffbd9}"></Provider>
<EventID Qualifiers="">11</EventID>
<Version>2</Version>
<Level>4</Level>
<Task>11</Task>
<Opcode>0</Opcode>
<Keywords>0x8000000000000000</Keywords>
<TimeCreated SystemTime="2025-04-10 06:11:00.867027"></TimeCreated>
<EventRecordID>6826</EventRecordID>
<Correlation ActivityID="" RelatedActivityID=""></Correlation>
<Execution ProcessID="4420" ThreadID="5708"></Execution>
<Channel>Microsoft-Windows-Sysmon/Operational</Channel>
<Computer>DESKTOP-M3AKJSD</Computer>
<Security UserID="S-1-5-18"></Security>
</System>
<EventData><Data Name="RuleName">EXE</Data>
<Data Name="UtcTime">2025-04-10 06:11:00.865</Data>
<Data Name="ProcessGuid">{53c665d1-60f4-67f7-4101-000000001700}</Data>
<Data Name="ProcessId">560</Data>
<Data Name="Image">C:\WINDOWS\SoftwareDistribution\Download\Install\UpdatePlatform.amd64fre.exe</Data>
<Data Name="TargetFilename">C:\Windows\SystemTemp\B5F79212-5146-451B-A48D-E564914E374C\MipDlp.exe</Data>
<Data Name="CreationUtcTime">2025-04-10 06:11:00.865</Data>
<Data Name="User">NT AUTHORITY\SYSTEM</Data>
</EventData>
</Event>

<Event xmlns="http://schemas.microsoft.com/win/2004/08/events/event"><System><Provider Name="Microsoft-Windows-Sysmon" Guid="{5770385f-c22a-43e0-bf4c-06f5698ffbd9}"></Provider>
<EventID Qualifiers="">11</EventID>
<Version>2</Version>
<Level>4</Level>
<Task>11</Task>
<Opcode>0</Opcode>
<Keywords>0x8000000000000000</Keywords>
<TimeCreated SystemTime="2025-04-10 06:11:00.876680"></TimeCreated>
<EventRecordID>6827</EventRecordID>
<Correlation ActivityID="" RelatedActivityID=""></Correlation>
<Execution ProcessID="4420" ThreadID="5708"></Execution>
<Channel>Microsoft-Windows-Sysmon/Operational</Channel>
<Computer>DESKTOP-M3AKJSD</Computer>
<Security UserID="S-1-5-18"></Security>
</System>
<EventData><Data Name="RuleName">EXE</Data>
<Data Name="UtcTime">2025-04-10 06:11:00.875</Data>
<Data Name="ProcessGuid">{53c665d1-60f4-67f7-4101-000000001700}</Data>
<Data Name="ProcessId">560</Data>
<Data Name="Image">C:\WINDOWS\SoftwareDistribution\Download\Install\UpdatePlatform.amd64fre.exe</Data>
<Data Name="TargetFilename">C:\Windows\SystemTemp\B5F79212-5146-451B-A48D-E564914E374C\MpCmdRun.exe</Data>
<Data Name="CreationUtcTime">2025-04-10 06:11:00.875</Data>
<Data Name="User">NT AUTHORITY\SYSTEM</Data>
</EventData>
</Event>

<Event xmlns="http://schemas.microsoft.com/win/2004/08/events/event"><System><Provider Name="Microsoft-Windows-Sysmon" Guid="{5770385f-c22a-43e0-bf4c-06f5698ffbd9}"></Provider>
<EventID Qualifiers="">11</EventID>
<Version>2</Version>
<Level>4</Level>
<Task>11</Task>
<Opcode>0</Opcode>
<Keywords>0x8000000000000000</Keywords>
<TimeCreated SystemTime="2025-04-10 06:11:00.896528"></TimeCreated>
<EventRecordID>6828</EventRecordID>
<Correlation ActivityID="" RelatedActivityID=""></Correlation>
<Execution ProcessID="4420" ThreadID="5708"></Execution>
<Channel>Microsoft-Windows-Sysmon/Operational</Channel>
<Computer>DESKTOP-M3AKJSD</Computer>
<Security UserID="S-1-5-18"></Security>
</System>
<EventData><Data Name="RuleName">EXE</Data>
<Data Name="UtcTime">2025-04-10 06:11:00.896</Data>
<Data Name="ProcessGuid">{53c665d1-60f4-67f7-4101-000000001700}</Data>
<Data Name="ProcessId">560</Data>
<Data Name="Image">C:\WINDOWS\SoftwareDistribution\Download\Install\UpdatePlatform.amd64fre.exe</Data>
<Data Name="TargetFilename">C:\Windows\SystemTemp\B5F79212-5146-451B-A48D-E564914E374C\MpCopyAccelerator.exe</Data>
<Data Name="CreationUtcTime">2025-04-10 06:11:00.893</Data>
<Data Name="User">NT AUTHORITY\SYSTEM</Data>
</EventData>
</Event>

<Event xmlns="http://schemas.microsoft.com/win/2004/08/events/event"><System><Provider Name="Microsoft-Windows-Sysmon" Guid="{5770385f-c22a-43e0-bf4c-06f5698ffbd9}"></Provider>
<EventID Qualifiers="">11</EventID>
<Version>2</Version>
<Level>4</Level>
<Task>11</Task>
<Opcode>0</Opcode>
<Keywords>0x8000000000000000</Keywords>
<TimeCreated SystemTime="2025-04-10 06:11:00.903419"></TimeCreated>
<EventRecordID>6829</EventRecordID>
<Correlation ActivityID="" RelatedActivityID=""></Correlation>
<Execution ProcessID="4420" ThreadID="5708"></Execution>
<Channel>Microsoft-Windows-Sysmon/Operational</Channel>
<Computer>DESKTOP-M3AKJSD</Computer>
<Security UserID="S-1-5-18"></Security>
</System>
<EventData><Data Name="RuleName">EXE</Data>
<Data Name="UtcTime">2025-04-10 06:11:00.902</Data>
<Data Name="ProcessGuid">{53c665d1-60f4-67f7-4101-000000001700}</Data>
<Data Name="ProcessId">560</Data>
<Data Name="Image">C:\WINDOWS\SoftwareDistribution\Download\Install\UpdatePlatform.amd64fre.exe</Data>
<Data Name="TargetFilename">C:\Windows\SystemTemp\B5F79212-5146-451B-A48D-E564914E374C\MpDefenderCoreService.exe</Data>
<Data Name="CreationUtcTime">2025-04-10 06:11:00.902</Data>
<Data Name="User">NT AUTHORITY\SYSTEM</Data>
</EventData>
</Event>

<Event xmlns="http://schemas.microsoft.com/win/2004/08/events/event"><System><Provider Name="Microsoft-Windows-Sysmon" Guid="{5770385f-c22a-43e0-bf4c-06f5698ffbd9}"></Provider>
<EventID Qualifiers="">11</EventID>
<Version>2</Version>
<Level>4</Level>
<Task>11</Task>
<Opcode>0</Opcode>
<Keywords>0x8000000000000000</Keywords>
<TimeCreated SystemTime="2025-04-10 06:11:00.932909"></TimeCreated>
<EventRecordID>6830</EventRecordID>
<Correlation ActivityID="" RelatedActivityID=""></Correlation>
<Execution ProcessID="4420" ThreadID="5708"></Execution>
<Channel>Microsoft-Windows-Sysmon/Operational</Channel>
<Computer>DESKTOP-M3AKJSD</Computer>
<Security UserID="S-1-5-18"></Security>
</System>
<EventData><Data Name="RuleName">EXE</Data>
<Data Name="UtcTime">2025-04-10 06:11:00.932</Data>
<Data Name="ProcessGuid">{53c665d1-60f4-67f7-4101-000000001700}</Data>
<Data Name="ProcessId">560</Data>
<Data Name="Image">C:\WINDOWS\SoftwareDistribution\Download\Install\UpdatePlatform.amd64fre.exe</Data>
<Data Name="TargetFilename">C:\Windows\SystemTemp\B5F79212-5146-451B-A48D-E564914E374C\MpDlpCmd.exe</Data>
<Data Name="CreationUtcTime">2025-04-10 06:11:00.932</Data>
<Data Name="User">NT AUTHORITY\SYSTEM</Data>
</EventData>
</Event>

<Event xmlns="http://schemas.microsoft.com/win/2004/08/events/event"><System><Provider Name="Microsoft-Windows-Sysmon" Guid="{5770385f-c22a-43e0-bf4c-06f5698ffbd9}"></Provider>
<EventID Qualifiers="">11</EventID>
<Version>2</Version>
<Level>4</Level>
<Task>11</Task>
<Opcode>0</Opcode>
<Keywords>0x8000000000000000</Keywords>
<TimeCreated SystemTime="2025-04-10 06:11:00.943016"></TimeCreated>
<EventRecordID>6831</EventRecordID>
<Correlation ActivityID="" RelatedActivityID=""></Correlation>
<Execution ProcessID="4420" ThreadID="5708"></Execution>
<Channel>Microsoft-Windows-Sysmon/Operational</Channel>
<Computer>DESKTOP-M3AKJSD</Computer>
<Security UserID="S-1-5-18"></Security>
</System>
<EventData><Data Name="RuleName">EXE</Data>
<Data Name="UtcTime">2025-04-10 06:11:00.941</Data>
<Data Name="ProcessGuid">{53c665d1-60f4-67f7-4101-000000001700}</Data>
<Data Name="ProcessId">560</Data>
<Data Name="Image">C:\WINDOWS\SoftwareDistribution\Download\Install\UpdatePlatform.amd64fre.exe</Data>
<Data Name="TargetFilename">C:\Windows\SystemTemp\B5F79212-5146-451B-A48D-E564914E374C\MpDlpService.exe</Data>
<Data Name="CreationUtcTime">2025-04-10 06:11:00.941</Data>
<Data Name="User">NT AUTHORITY\SYSTEM</Data>
</EventData>
</Event>

