<Event xmlns="http://schemas.microsoft.com/win/2004/08/events/event"><System><Provider Name="Microsoft-Windows-Sysmon" Guid="{5770385f-c22a-43e0-bf4c-06f5698ffbd9}"></Provider>
<EventID Qualifiers="">11</EventID>
<Version>2</Version>
<Level>4</Level>
<Task>11</Task>
<Opcode>0</Opcode>
<Keywords>0x8000000000000000</Keywords>
<TimeCreated SystemTime="2025-04-10 06:19:18.124582"></TimeCreated>
<EventRecordID>7433</EventRecordID>
<Correlation ActivityID="" RelatedActivityID=""></Correlation>
<Execution ProcessID="4420" ThreadID="5708"></Execution>
<Channel>Microsoft-Windows-Sysmon/Operational</Channel>
<Computer>DESKTOP-M3AKJSD</Computer>
<Security UserID="S-1-5-18"></Security>
</System>
<EventData><Data Name="RuleName">DLL</Data>
<Data Name="UtcTime">2025-04-10 06:19:18.123</Data>
<Data Name="ProcessGuid">{53c665d1-62d2-67f7-5e02-000000001700}</Data>
<Data Name="ProcessId">2148</Data>
<Data Name="Image">C:\Program Files (x86)\Microsoft Visual Studio\Installer\resources\app\ServiceHub\Services\Microsoft.VisualStudio.Setup.Service\BackgroundDownload.exe</Data>
<Data Name="TargetFilename">C:\Users\User\AppData\Local\Temp\pveqxquy.cim\resources\app\ServiceHub\Services\Microsoft.VisualStudio.Setup.Service\ja\StreamJsonRpc.resources.dll</Data>
<Data Name="CreationUtcTime">2025-04-10 06:19:18.123</Data>
<Data Name="User">DESKTOP-M3AKJSD\User</Data>
</EventData>
</Event>

<Event xmlns="http://schemas.microsoft.com/win/2004/08/events/event"><System><Provider Name="Microsoft-Windows-Sysmon" Guid="{5770385f-c22a-43e0-bf4c-06f5698ffbd9}"></Provider>
<EventID Qualifiers="">11</EventID>
<Version>2</Version>
<Level>4</Level>
<Task>11</Task>
<Opcode>0</Opcode>
<Keywords>0x8000000000000000</Keywords>
<TimeCreated SystemTime="2025-04-10 06:19:18.126352"></TimeCreated>
<EventRecordID>7434</EventRecordID>
<Correlation ActivityID="" RelatedActivityID=""></Correlation>
<Execution ProcessID="4420" ThreadID="5708"></Execution>
<Channel>Microsoft-Windows-Sysmon/Operational</Channel>
<Computer>DESKTOP-M3AKJSD</Computer>
<Security UserID="S-1-5-18"></Security>
</System>
<EventData><Data Name="RuleName">DLL</Data>
<Data Name="UtcTime">2025-04-10 06:19:18.126</Data>
<Data Name="ProcessGuid">{53c665d1-62d2-67f7-5e02-000000001700}</Data>
<Data Name="ProcessId">2148</Data>
<Data Name="Image">C:\Program Files (x86)\Microsoft Visual Studio\Installer\resources\app\ServiceHub\Services\Microsoft.VisualStudio.Setup.Service\BackgroundDownload.exe</Data>
<Data Name="TargetFilename">C:\Users\User\AppData\Local\Temp\pveqxquy.cim\resources\app\ServiceHub\Services\Microsoft.VisualStudio.Setup.Service\ja\VSIXInstaller.resources.dll</Data>
<Data Name="CreationUtcTime">2025-04-10 06:19:18.123</Data>
<Data Name="User">DESKTOP-M3AKJSD\User</Data>
</EventData>
</Event>

<Event xmlns="http://schemas.microsoft.com/win/2004/08/events/event"><System><Provider Name="Microsoft-Windows-Sysmon" Guid="{5770385f-c22a-43e0-bf4c-06f5698ffbd9}"></Provider>
<EventID Qualifiers="">11</EventID>
<Version>2</Version>
<Level>4</Level>
<Task>11</Task>
<Opcode>0</Opcode>
<Keywords>0x8000000000000000</Keywords>
<TimeCreated SystemTime="2025-04-10 06:19:18.130819"></TimeCreated>
<EventRecordID>7435</EventRecordID>
<Correlation ActivityID="" RelatedActivityID=""></Correlation>
<Execution ProcessID="4420" ThreadID="5708"></Execution>
<Channel>Microsoft-Windows-Sysmon/Operational</Channel>
<Computer>DESKTOP-M3AKJSD</Computer>
<Security UserID="S-1-5-18"></Security>
</System>
<EventData><Data Name="RuleName">DLL</Data>
<Data Name="UtcTime">2025-04-10 06:19:18.130</Data>
<Data Name="ProcessGuid">{53c665d1-62d2-67f7-5e02-000000001700}</Data>
<Data Name="ProcessId">2148</Data>
<Data Name="Image">C:\Program Files (x86)\Microsoft Visual Studio\Installer\resources\app\ServiceHub\Services\Microsoft.VisualStudio.Setup.Service\BackgroundDownload.exe</Data>
<Data Name="TargetFilename">C:\Users\User\AppData\Local\Temp\pveqxquy.cim\resources\app\ServiceHub\Services\Microsoft.VisualStudio.Setup.Service\ko\Microsoft.ServiceHub.Framework.resources.dll</Data>
<Data Name="CreationUtcTime">2025-04-10 06:19:18.130</Data>
<Data Name="User">DESKTOP-M3AKJSD\User</Data>
</EventData>
</Event>

<Event xmlns="http://schemas.microsoft.com/win/2004/08/events/event"><System><Provider Name="Microsoft-Windows-Sysmon" Guid="{5770385f-c22a-43e0-bf4c-06f5698ffbd9}"></Provider>
<EventID Qualifiers="">11</EventID>
<Version>2</Version>
<Level>4</Level>
<Task>11</Task>
<Opcode>0</Opcode>
<Keywords>0x8000000000000000</Keywords>
<TimeCreated SystemTime="2025-04-10 06:19:18.132202"></TimeCreated>
<EventRecordID>7436</EventRecordID>
<Correlation ActivityID="" RelatedActivityID=""></Correlation>
<Execution ProcessID="4420" ThreadID="5708"></Execution>
<Channel>Microsoft-Windows-Sysmon/Operational</Channel>
<Computer>DESKTOP-M3AKJSD</Computer>
<Security UserID="S-1-5-18"></Security>
</System>
<EventData><Data Name="RuleName">DLL</Data>
<Data Name="UtcTime">2025-04-10 06:19:18.130</Data>
<Data Name="ProcessGuid">{53c665d1-62d2-67f7-5e02-000000001700}</Data>
<Data Name="ProcessId">2148</Data>
<Data Name="Image">C:\Program Files (x86)\Microsoft Visual Studio\Installer\resources\app\ServiceHub\Services\Microsoft.VisualStudio.Setup.Service\BackgroundDownload.exe</Data>
<Data Name="TargetFilename">C:\Users\User\AppData\Local\Temp\pveqxquy.cim\resources\app\ServiceHub\Services\Microsoft.VisualStudio.Setup.Service\ko\Microsoft.ServiceHub.Resources.dll</Data>
<Data Name="CreationUtcTime">2025-04-10 06:19:18.130</Data>
<Data Name="User">DESKTOP-M3AKJSD\User</Data>
</EventData>
</Event>

<Event xmlns="http://schemas.microsoft.com/win/2004/08/events/event"><System><Provider Name="Microsoft-Windows-Sysmon" Guid="{5770385f-c22a-43e0-bf4c-06f5698ffbd9}"></Provider>
<EventID Qualifiers="">11</EventID>
<Version>2</Version>
<Level>4</Level>
<Task>11</Task>
<Opcode>0</Opcode>
<Keywords>0x8000000000000000</Keywords>
<TimeCreated SystemTime="2025-04-10 06:19:18.134903"></TimeCreated>
<EventRecordID>7437</EventRecordID>
<Correlation ActivityID="" RelatedActivityID=""></Correlation>
<Execution ProcessID="4420" ThreadID="5708"></Execution>
<Channel>Microsoft-Windows-Sysmon/Operational</Channel>
<Computer>DESKTOP-M3AKJSD</Computer>
<Security UserID="S-1-5-18"></Security>
</System>
<EventData><Data Name="RuleName">DLL</Data>
<Data Name="UtcTime">2025-04-10 06:19:18.132</Data>
<Data Name="ProcessGuid">{53c665d1-62e0-67f7-6b02-000000001700}</Data>
<Data Name="ProcessId">5412</Data>
<Data Name="Image">C:\Windows\Microsoft.NET\Framework64\v4.0.30319\mscorsvw.exe</Data>
<Data Name="TargetFilename">C:\Windows\assembly\NativeImages_v4.0.30319_64\Temp\1524-0\System.Xml.dll</Data>
<Data Name="CreationUtcTime">2025-04-10 06:19:18.132</Data>
<Data Name="User">NT AUTHORITY\SYSTEM</Data>
</EventData>
</Event>

<Event xmlns="http://schemas.microsoft.com/win/2004/08/events/event"><System><Provider Name="Microsoft-Windows-Sysmon" Guid="{5770385f-c22a-43e0-bf4c-06f5698ffbd9}"></Provider>
<EventID Qualifiers="">11</EventID>
<Version>2</Version>
<Level>4</Level>
<Task>11</Task>
<Opcode>0</Opcode>
<Keywords>0x8000000000000000</Keywords>
<TimeCreated SystemTime="2025-04-10 06:19:18.135040"></TimeCreated>
<EventRecordID>7438</EventRecordID>
<Correlation ActivityID="" RelatedActivityID=""></Correlation>
<Execution ProcessID="4420" ThreadID="5708"></Execution>
<Channel>Microsoft-Windows-Sysmon/Operational</Channel>
<Computer>DESKTOP-M3AKJSD</Computer>
<Security UserID="S-1-5-18"></Security>
</System>
<EventData><Data Name="RuleName">DLL</Data>
<Data Name="UtcTime">2025-04-10 06:19:18.132</Data>
<Data Name="ProcessGuid">{53c665d1-62d2-67f7-5e02-000000001700}</Data>
<Data Name="ProcessId">2148</Data>
<Data Name="Image">C:\Program Files (x86)\Microsoft Visual Studio\Installer\resources\app\ServiceHub\Services\Microsoft.VisualStudio.Setup.Service\BackgroundDownload.exe</Data>
<Data Name="TargetFilename">C:\Users\User\AppData\Local\Temp\pveqxquy.cim\resources\app\ServiceHub\Services\Microsoft.VisualStudio.Setup.Service\ko\Microsoft.TeamFoundation.Common.resources.dll</Data>
<Data Name="CreationUtcTime">2025-04-10 06:19:18.132</Data>
<Data Name="User">DESKTOP-M3AKJSD\User</Data>
</EventData>
</Event>

<Event xmlns="http://schemas.microsoft.com/win/2004/08/events/event"><System><Provider Name="Microsoft-Windows-Sysmon" Guid="{5770385f-c22a-43e0-bf4c-06f5698ffbd9}"></Provider>
<EventID Qualifiers="">11</EventID>
<Version>2</Version>
<Level>4</Level>
<Task>11</Task>
<Opcode>0</Opcode>
<Keywords>0x8000000000000000</Keywords>
<TimeCreated SystemTime="2025-04-10 06:19:18.138107"></TimeCreated>
<EventRecordID>7439</EventRecordID>
<Correlation ActivityID="" RelatedActivityID=""></Correlation>
<Execution ProcessID="4420" ThreadID="5708"></Execution>
<Channel>Microsoft-Windows-Sysmon/Operational</Channel>
<Computer>DESKTOP-M3AKJSD</Computer>
<Security UserID="S-1-5-18"></Security>
</System>
<EventData><Data Name="RuleName">DLL</Data>
<Data Name="UtcTime">2025-04-10 06:19:18.136</Data>
<Data Name="ProcessGuid">{53c665d1-62d2-67f7-5e02-000000001700}</Data>
<Data Name="ProcessId">2148</Data>
<Data Name="Image">C:\Program Files (x86)\Microsoft Visual Studio\Installer\resources\app\ServiceHub\Services\Microsoft.VisualStudio.Setup.Service\BackgroundDownload.exe</Data>
<Data Name="TargetFilename">C:\Users\User\AppData\Local\Temp\pveqxquy.cim\resources\app\ServiceHub\Services\Microsoft.VisualStudio.Setup.Service\ko\Microsoft.VisualStudio.Composition.resources.dll</Data>
<Data Name="CreationUtcTime">2025-04-10 06:19:18.136</Data>
<Data Name="User">DESKTOP-M3AKJSD\User</Data>
</EventData>
</Event>

<Event xmlns="http://schemas.microsoft.com/win/2004/08/events/event"><System><Provider Name="Microsoft-Windows-Sysmon" Guid="{5770385f-c22a-43e0-bf4c-06f5698ffbd9}"></Provider>
<EventID Qualifiers="">11</EventID>
<Version>2</Version>
<Level>4</Level>
<Task>11</Task>
<Opcode>0</Opcode>
<Keywords>0x8000000000000000</Keywords>
<TimeCreated SystemTime="2025-04-10 06:19:18.141525"></TimeCreated>
<EventRecordID>7440</EventRecordID>
<Correlation ActivityID="" RelatedActivityID=""></Correlation>
<Execution ProcessID="4420" ThreadID="5708"></Execution>
<Channel>Microsoft-Windows-Sysmon/Operational</Channel>
<Computer>DESKTOP-M3AKJSD</Computer>
<Security UserID="S-1-5-18"></Security>
</System>
<EventData><Data Name="RuleName">DLL</Data>
<Data Name="UtcTime">2025-04-10 06:19:18.141</Data>
<Data Name="ProcessGuid">{53c665d1-62d2-67f7-5e02-000000001700}</Data>
<Data Name="ProcessId">2148</Data>
<Data Name="Image">C:\Program Files (x86)\Microsoft Visual Studio\Installer\resources\app\ServiceHub\Services\Microsoft.VisualStudio.Setup.Service\BackgroundDownload.exe</Data>
<Data Name="TargetFilename">C:\Users\User\AppData\Local\Temp\pveqxquy.cim\resources\app\ServiceHub\Services\Microsoft.VisualStudio.Setup.Service\ko\Microsoft.VisualStudio.ExtensionEngine.resources.dll</Data>
<Data Name="CreationUtcTime">2025-04-10 06:19:18.138</Data>
<Data Name="User">DESKTOP-M3AKJSD\User</Data>
</EventData>
</Event>

<Event xmlns="http://schemas.microsoft.com/win/2004/08/events/event"><System><Provider Name="Microsoft-Windows-Sysmon" Guid="{5770385f-c22a-43e0-bf4c-06f5698ffbd9}"></Provider>
<EventID Qualifiers="">11</EventID>
<Version>2</Version>
<Level>4</Level>
<Task>11</Task>
<Opcode>0</Opcode>
<Keywords>0x8000000000000000</Keywords>
<TimeCreated SystemTime="2025-04-10 06:19:18.149334"></TimeCreated>
<EventRecordID>7441</EventRecordID>
<Correlation ActivityID="" RelatedActivityID=""></Correlation>
<Execution ProcessID="4420" ThreadID="5708"></Execution>
<Channel>Microsoft-Windows-Sysmon/Operational</Channel>
<Computer>DESKTOP-M3AKJSD</Computer>
<Security UserID="S-1-5-18"></Security>
</System>
<EventData><Data Name="RuleName">DLL</Data>
<Data Name="UtcTime">2025-04-10 06:19:18.148</Data>
<Data Name="ProcessGuid">{53c665d1-62d2-67f7-5e02-000000001700}</Data>
<Data Name="ProcessId">2148</Data>
<Data Name="Image">C:\Program Files (x86)\Microsoft Visual Studio\Installer\resources\app\ServiceHub\Services\Microsoft.VisualStudio.Setup.Service\BackgroundDownload.exe</Data>
<Data Name="TargetFilename">C:\Users\User\AppData\Local\Temp\pveqxquy.cim\resources\app\ServiceHub\Services\Microsoft.VisualStudio.Setup.Service\ko\Microsoft.VisualStudio.Imaging.resources.dll</Data>
<Data Name="CreationUtcTime">2025-04-10 06:19:18.148</Data>
<Data Name="User">DESKTOP-M3AKJSD\User</Data>
</EventData>
</Event>

<Event xmlns="http://schemas.microsoft.com/win/2004/08/events/event"><System><Provider Name="Microsoft-Windows-Sysmon" Guid="{5770385f-c22a-43e0-bf4c-06f5698ffbd9}"></Provider>
<EventID Qualifiers="">11</EventID>
<Version>2</Version>
<Level>4</Level>
<Task>11</Task>
<Opcode>0</Opcode>
<Keywords>0x8000000000000000</Keywords>
<TimeCreated SystemTime="2025-04-10 06:19:18.152479"></TimeCreated>
<EventRecordID>7442</EventRecordID>
<Correlation ActivityID="" RelatedActivityID=""></Correlation>
<Execution ProcessID="4420" ThreadID="5708"></Execution>
<Channel>Microsoft-Windows-Sysmon/Operational</Channel>
<Computer>DESKTOP-M3AKJSD</Computer>
<Security UserID="S-1-5-18"></Security>
</System>
<EventData><Data Name="RuleName">DLL</Data>
<Data Name="UtcTime">2025-04-10 06:19:18.150</Data>
<Data Name="ProcessGuid">{53c665d1-62d2-67f7-5e02-000000001700}</Data>
<Data Name="ProcessId">2148</Data>
<Data Name="Image">C:\Program Files (x86)\Microsoft Visual Studio\Installer\resources\app\ServiceHub\Services\Microsoft.VisualStudio.Setup.Service\BackgroundDownload.exe</Data>
<Data Name="TargetFilename">C:\Users\User\AppData\Local\Temp\pveqxquy.cim\resources\app\ServiceHub\Services\Microsoft.VisualStudio.Setup.Service\ko\Microsoft.VisualStudio.Services.Common.resources.dll</Data>
<Data Name="CreationUtcTime">2025-04-10 06:19:18.150</Data>
<Data Name="User">DESKTOP-M3AKJSD\User</Data>
</EventData>
</Event>

<Event xmlns="http://schemas.microsoft.com/win/2004/08/events/event"><System><Provider Name="Microsoft-Windows-Sysmon" Guid="{5770385f-c22a-43e0-bf4c-06f5698ffbd9}"></Provider>
<EventID Qualifiers="">11</EventID>
<Version>2</Version>
<Level>4</Level>
<Task>11</Task>
<Opcode>0</Opcode>
<Keywords>0x8000000000000000</Keywords>
<TimeCreated SystemTime="2025-04-10 06:19:18.154787"></TimeCreated>
<EventRecordID>7443</EventRecordID>
<Correlation ActivityID="" RelatedActivityID=""></Correlation>
<Execution ProcessID="4420" ThreadID="5708"></Execution>
<Channel>Microsoft-Windows-Sysmon/Operational</Channel>
<Computer>DESKTOP-M3AKJSD</Computer>
<Security UserID="S-1-5-18"></Security>
</System>
<EventData><Data Name="RuleName">DLL</Data>
<Data Name="UtcTime">2025-04-10 06:19:18.153</Data>
<Data Name="ProcessGuid">{53c665d1-62d2-67f7-5e02-000000001700}</Data>
<Data Name="ProcessId">2148</Data>
<Data Name="Image">C:\Program Files (x86)\Microsoft Visual Studio\Installer\resources\app\ServiceHub\Services\Microsoft.VisualStudio.Setup.Service\BackgroundDownload.exe</Data>
<Data Name="TargetFilename">C:\Users\User\AppData\Local\Temp\pveqxquy.cim\resources\app\ServiceHub\Services\Microsoft.VisualStudio.Setup.Service\ko\Microsoft.VisualStudio.Services.Gallery.WebApi.resources.dll</Data>
<Data Name="CreationUtcTime">2025-04-10 06:19:18.153</Data>
<Data Name="User">DESKTOP-M3AKJSD\User</Data>
</EventData>
</Event>

<Event xmlns="http://schemas.microsoft.com/win/2004/08/events/event"><System><Provider Name="Microsoft-Windows-Sysmon" Guid="{5770385f-c22a-43e0-bf4c-06f5698ffbd9}"></Provider>
<EventID Qualifiers="">11</EventID>
<Version>2</Version>
<Level>4</Level>
<Task>11</Task>
<Opcode>0</Opcode>
<Keywords>0x8000000000000000</Keywords>
<TimeCreated SystemTime="2025-04-10 06:19:18.156065"></TimeCreated>
<EventRecordID>7444</EventRecordID>
<Correlation ActivityID="" RelatedActivityID=""></Correlation>
<Execution ProcessID="4420" ThreadID="5708"></Execution>
<Channel>Microsoft-Windows-Sysmon/Operational</Channel>
<Computer>DESKTOP-M3AKJSD</Computer>
<Security UserID="S-1-5-18"></Security>
</System>
<EventData><Data Name="RuleName">DLL</Data>
<Data Name="UtcTime">2025-04-10 06:19:18.155</Data>
<Data Name="ProcessGuid">{53c665d1-62d2-67f7-5e02-000000001700}</Data>
<Data Name="ProcessId">2148</Data>
<Data Name="Image">C:\Program Files (x86)\Microsoft Visual Studio\Installer\resources\app\ServiceHub\Services\Microsoft.VisualStudio.Setup.Service\BackgroundDownload.exe</Data>
<Data Name="TargetFilename">C:\Users\User\AppData\Local\Temp\pveqxquy.cim\resources\app\ServiceHub\Services\Microsoft.VisualStudio.Setup.Service\ko\Microsoft.VisualStudio.Services.WebApi.resources.dll</Data>
<Data Name="CreationUtcTime">2025-04-10 06:19:18.155</Data>
<Data Name="User">DESKTOP-M3AKJSD\User</Data>
</EventData>
</Event>

<Event xmlns="http://schemas.microsoft.com/win/2004/08/events/event"><System><Provider Name="Microsoft-Windows-Sysmon" Guid="{5770385f-c22a-43e0-bf4c-06f5698ffbd9}"></Provider>
<EventID Qualifiers="">11</EventID>
<Version>2</Version>
<Level>4</Level>
<Task>11</Task>
<Opcode>0</Opcode>
<Keywords>0x8000000000000000</Keywords>
<TimeCreated SystemTime="2025-04-10 06:19:18.157875"></TimeCreated>
<EventRecordID>7445</EventRecordID>
<Correlation ActivityID="" RelatedActivityID=""></Correlation>
<Execution ProcessID="4420" ThreadID="5708"></Execution>
<Channel>Microsoft-Windows-Sysmon/Operational</Channel>
<Computer>DESKTOP-M3AKJSD</Computer>
<Security UserID="S-1-5-18"></Security>
</System>
<EventData><Data Name="RuleName">DLL</Data>
<Data Name="UtcTime">2025-04-10 06:19:18.155</Data>
<Data Name="ProcessGuid">{53c665d1-62d2-67f7-5e02-000000001700}</Data>
<Data Name="ProcessId">2148</Data>
<Data Name="Image">C:\Program Files (x86)\Microsoft Visual Studio\Installer\resources\app\ServiceHub\Services\Microsoft.VisualStudio.Setup.Service\BackgroundDownload.exe</Data>
<Data Name="TargetFilename">C:\Users\User\AppData\Local\Temp\pveqxquy.cim\resources\app\ServiceHub\Services\Microsoft.VisualStudio.Setup.Service\ko\Microsoft.VisualStudio.Setup.Common.resources.dll</Data>
<Data Name="CreationUtcTime">2025-04-10 06:19:18.155</Data>
<Data Name="User">DESKTOP-M3AKJSD\User</Data>
</EventData>
</Event>

<Event xmlns="http://schemas.microsoft.com/win/2004/08/events/event"><System><Provider Name="Microsoft-Windows-Sysmon" Guid="{5770385f-c22a-43e0-bf4c-06f5698ffbd9}"></Provider>
<EventID Qualifiers="">11</EventID>
<Version>2</Version>
<Level>4</Level>
<Task>11</Task>
<Opcode>0</Opcode>
<Keywords>0x8000000000000000</Keywords>
<TimeCreated SystemTime="2025-04-10 06:19:18.158943"></TimeCreated>
<EventRecordID>7446</EventRecordID>
<Correlation ActivityID="" RelatedActivityID=""></Correlation>
<Execution ProcessID="4420" ThreadID="5708"></Execution>
<Channel>Microsoft-Windows-Sysmon/Operational</Channel>
<Computer>DESKTOP-M3AKJSD</Computer>
<Security UserID="S-1-5-18"></Security>
</System>
<EventData><Data Name="RuleName">DLL</Data>
<Data Name="UtcTime">2025-04-10 06:19:18.157</Data>
<Data Name="ProcessGuid">{53c665d1-62d2-67f7-5e02-000000001700}</Data>
<Data Name="ProcessId">2148</Data>
<Data Name="Image">C:\Program Files (x86)\Microsoft Visual Studio\Installer\resources\app\ServiceHub\Services\Microsoft.VisualStudio.Setup.Service\BackgroundDownload.exe</Data>
<Data Name="TargetFilename">C:\Users\User\AppData\Local\Temp\pveqxquy.cim\resources\app\ServiceHub\Services\Microsoft.VisualStudio.Setup.Service\ko\Microsoft.VisualStudio.Setup.Download.resources.dll</Data>
<Data Name="CreationUtcTime">2025-04-10 06:19:18.157</Data>
<Data Name="User">DESKTOP-M3AKJSD\User</Data>
</EventData>
</Event>

<Event xmlns="http://schemas.microsoft.com/win/2004/08/events/event"><System><Provider Name="Microsoft-Windows-Sysmon" Guid="{5770385f-c22a-43e0-bf4c-06f5698ffbd9}"></Provider>
<EventID Qualifiers="">11</EventID>
<Version>2</Version>
<Level>4</Level>
<Task>11</Task>
<Opcode>0</Opcode>
<Keywords>0x8000000000000000</Keywords>
<TimeCreated SystemTime="2025-04-10 06:19:18.160257"></TimeCreated>
<EventRecordID>7447</EventRecordID>
<Correlation ActivityID="" RelatedActivityID=""></Correlation>
<Execution ProcessID="4420" ThreadID="5708"></Execution>
<Channel>Microsoft-Windows-Sysmon/Operational</Channel>
<Computer>DESKTOP-M3AKJSD</Computer>
<Security UserID="S-1-5-18"></Security>
</System>
<EventData><Data Name="RuleName">DLL</Data>
<Data Name="UtcTime">2025-04-10 06:19:18.157</Data>
<Data Name="ProcessGuid">{53c665d1-62d2-67f7-5e02-000000001700}</Data>
<Data Name="ProcessId">2148</Data>
<Data Name="Image">C:\Program Files (x86)\Microsoft Visual Studio\Installer\resources\app\ServiceHub\Services\Microsoft.VisualStudio.Setup.Service\BackgroundDownload.exe</Data>
<Data Name="TargetFilename">C:\Users\User\AppData\Local\Temp\pveqxquy.cim\resources\app\ServiceHub\Services\Microsoft.VisualStudio.Setup.Service\ko\Microsoft.VisualStudio.Setup.InstallerResources.resources.dll</Data>
<Data Name="CreationUtcTime">2025-04-10 06:19:18.157</Data>
<Data Name="User">DESKTOP-M3AKJSD\User</Data>
</EventData>
</Event>

<Event xmlns="http://schemas.microsoft.com/win/2004/08/events/event"><System><Provider Name="Microsoft-Windows-Sysmon" Guid="{5770385f-c22a-43e0-bf4c-06f5698ffbd9}"></Provider>
<EventID Qualifiers="">11</EventID>
<Version>2</Version>
<Level>4</Level>
<Task>11</Task>
<Opcode>0</Opcode>
<Keywords>0x8000000000000000</Keywords>
<TimeCreated SystemTime="2025-04-10 06:19:18.163034"></TimeCreated>
<EventRecordID>7448</EventRecordID>
<Correlation ActivityID="" RelatedActivityID=""></Correlation>
<Execution ProcessID="4420" ThreadID="5708"></Execution>
<Channel>Microsoft-Windows-Sysmon/Operational</Channel>
<Computer>DESKTOP-M3AKJSD</Computer>
<Security UserID="S-1-5-18"></Security>
</System>
<EventData><Data Name="RuleName">DLL</Data>
<Data Name="UtcTime">2025-04-10 06:19:18.160</Data>
<Data Name="ProcessGuid">{53c665d1-62d2-67f7-5e02-000000001700}</Data>
<Data Name="ProcessId">2148</Data>
<Data Name="Image">C:\Program Files (x86)\Microsoft Visual Studio\Installer\resources\app\ServiceHub\Services\Microsoft.VisualStudio.Setup.Service\BackgroundDownload.exe</Data>
<Data Name="TargetFilename">C:\Users\User\AppData\Local\Temp\pveqxquy.cim\resources\app\ServiceHub\Services\Microsoft.VisualStudio.Setup.Service\ko\Microsoft.VisualStudio.Setup.resources.dll</Data>
<Data Name="CreationUtcTime">2025-04-10 06:19:18.160</Data>
<Data Name="User">DESKTOP-M3AKJSD\User</Data>
</EventData>
</Event>

<Event xmlns="http://schemas.microsoft.com/win/2004/08/events/event"><System><Provider Name="Microsoft-Windows-Sysmon" Guid="{5770385f-c22a-43e0-bf4c-06f5698ffbd9}"></Provider>
<EventID Qualifiers="">11</EventID>
<Version>2</Version>
<Level>4</Level>
<Task>11</Task>
<Opcode>0</Opcode>
<Keywords>0x8000000000000000</Keywords>
<TimeCreated SystemTime="2025-04-10 06:19:18.165373"></TimeCreated>
<EventRecordID>7449</EventRecordID>
<Correlation ActivityID="" RelatedActivityID=""></Correlation>
<Execution ProcessID="4420" ThreadID="5708"></Execution>
<Channel>Microsoft-Windows-Sysmon/Operational</Channel>
<Computer>DESKTOP-M3AKJSD</Computer>
<Security UserID="S-1-5-18"></Security>
</System>
<EventData><Data Name="RuleName">DLL</Data>
<Data Name="UtcTime">2025-04-10 06:19:18.162</Data>
<Data Name="ProcessGuid">{53c665d1-62d2-67f7-5e02-000000001700}</Data>
<Data Name="ProcessId">2148</Data>
<Data Name="Image">C:\Program Files (x86)\Microsoft Visual Studio\Installer\resources\app\ServiceHub\Services\Microsoft.VisualStudio.Setup.Service\BackgroundDownload.exe</Data>
<Data Name="TargetFilename">C:\Users\User\AppData\Local\Temp\pveqxquy.cim\resources\app\ServiceHub\Services\Microsoft.VisualStudio.Setup.Service\ko\Microsoft.VisualStudio.Threading.resources.dll</Data>
<Data Name="CreationUtcTime">2025-04-10 06:19:18.162</Data>
<Data Name="User">DESKTOP-M3AKJSD\User</Data>
</EventData>
</Event>

<Event xmlns="http://schemas.microsoft.com/win/2004/08/events/event"><System><Provider Name="Microsoft-Windows-Sysmon" Guid="{5770385f-c22a-43e0-bf4c-06f5698ffbd9}"></Provider>
<EventID Qualifiers="">11</EventID>
<Version>2</Version>
<Level>4</Level>
<Task>11</Task>
<Opcode>0</Opcode>
<Keywords>0x8000000000000000</Keywords>
<TimeCreated SystemTime="2025-04-10 06:19:18.166754"></TimeCreated>
<EventRecordID>7450</EventRecordID>
<Correlation ActivityID="" RelatedActivityID=""></Correlation>
<Execution ProcessID="4420" ThreadID="5708"></Execution>
<Channel>Microsoft-Windows-Sysmon/Operational</Channel>
<Computer>DESKTOP-M3AKJSD</Computer>
<Security UserID="S-1-5-18"></Security>
</System>
<EventData><Data Name="RuleName">DLL</Data>
<Data Name="UtcTime">2025-04-10 06:19:18.165</Data>
<Data Name="ProcessGuid">{53c665d1-62d2-67f7-5e02-000000001700}</Data>
<Data Name="ProcessId">2148</Data>
<Data Name="Image">C:\Program Files (x86)\Microsoft Visual Studio\Installer\resources\app\ServiceHub\Services\Microsoft.VisualStudio.Setup.Service\BackgroundDownload.exe</Data>
<Data Name="TargetFilename">C:\Users\User\AppData\Local\Temp\pveqxquy.cim\resources\app\ServiceHub\Services\Microsoft.VisualStudio.Setup.Service\ko\Microsoft.VisualStudio.Utilities.resources.dll</Data>
<Data Name="CreationUtcTime">2025-04-10 06:19:18.165</Data>
<Data Name="User">DESKTOP-M3AKJSD\User</Data>
</EventData>
</Event>

<Event xmlns="http://schemas.microsoft.com/win/2004/08/events/event"><System><Provider Name="Microsoft-Windows-Sysmon" Guid="{5770385f-c22a-43e0-bf4c-06f5698ffbd9}"></Provider>
<EventID Qualifiers="">11</EventID>
<Version>2</Version>
<Level>4</Level>
<Task>11</Task>
<Opcode>0</Opcode>
<Keywords>0x8000000000000000</Keywords>
<TimeCreated SystemTime="2025-04-10 06:19:18.169395"></TimeCreated>
<EventRecordID>7451</EventRecordID>
<Correlation ActivityID="" RelatedActivityID=""></Correlation>
<Execution ProcessID="4420" ThreadID="5708"></Execution>
<Channel>Microsoft-Windows-Sysmon/Operational</Channel>
<Computer>DESKTOP-M3AKJSD</Computer>
<Security UserID="S-1-5-18"></Security>
</System>
<EventData><Data Name="RuleName">DLL</Data>
<Data Name="UtcTime">2025-04-10 06:19:18.167</Data>
<Data Name="ProcessGuid">{53c665d1-62d2-67f7-5e02-000000001700}</Data>
<Data Name="ProcessId">2148</Data>
<Data Name="Image">C:\Program Files (x86)\Microsoft Visual Studio\Installer\resources\app\ServiceHub\Services\Microsoft.VisualStudio.Setup.Service\BackgroundDownload.exe</Data>
<Data Name="TargetFilename">C:\Users\User\AppData\Local\Temp\pveqxquy.cim\resources\app\ServiceHub\Services\Microsoft.VisualStudio.Setup.Service\ko\Microsoft.VisualStudio.Validation.resources.dll</Data>
<Data Name="CreationUtcTime">2025-04-10 06:19:18.167</Data>
<Data Name="User">DESKTOP-M3AKJSD\User</Data>
</EventData>
</Event>

<Event xmlns="http://schemas.microsoft.com/win/2004/08/events/event"><System><Provider Name="Microsoft-Windows-Sysmon" Guid="{5770385f-c22a-43e0-bf4c-06f5698ffbd9}"></Provider>
<EventID Qualifiers="">11</EventID>
<Version>2</Version>
<Level>4</Level>
<Task>11</Task>
<Opcode>0</Opcode>
<Keywords>0x8000000000000000</Keywords>
<TimeCreated SystemTime="2025-04-10 06:19:18.171978"></TimeCreated>
<EventRecordID>7452</EventRecordID>
<Correlation ActivityID="" RelatedActivityID=""></Correlation>
<Execution ProcessID="4420" ThreadID="5708"></Execution>
<Channel>Microsoft-Windows-Sysmon/Operational</Channel>
<Computer>DESKTOP-M3AKJSD</Computer>
<Security UserID="S-1-5-18"></Security>
</System>
<EventData><Data Name="RuleName">DLL</Data>
<Data Name="UtcTime">2025-04-10 06:19:18.170</Data>
<Data Name="ProcessGuid">{53c665d1-62d2-67f7-5e02-000000001700}</Data>
<Data Name="ProcessId">2148</Data>
<Data Name="Image">C:\Program Files (x86)\Microsoft Visual Studio\Installer\resources\app\ServiceHub\Services\Microsoft.VisualStudio.Setup.Service\BackgroundDownload.exe</Data>
<Data Name="TargetFilename">C:\Users\User\AppData\Local\Temp\pveqxquy.cim\resources\app\ServiceHub\Services\Microsoft.VisualStudio.Setup.Service\ko\StreamJsonRpc.resources.dll</Data>
<Data Name="CreationUtcTime">2025-04-10 06:19:18.170</Data>
<Data Name="User">DESKTOP-M3AKJSD\User</Data>
</EventData>
</Event>

<Event xmlns="http://schemas.microsoft.com/win/2004/08/events/event"><System><Provider Name="Microsoft-Windows-Sysmon" Guid="{5770385f-c22a-43e0-bf4c-06f5698ffbd9}"></Provider>
<EventID Qualifiers="">11</EventID>
<Version>2</Version>
<Level>4</Level>
<Task>11</Task>
<Opcode>0</Opcode>
<Keywords>0x8000000000000000</Keywords>
<TimeCreated SystemTime="2025-04-10 06:19:18.174259"></TimeCreated>
<EventRecordID>7453</EventRecordID>
<Correlation ActivityID="" RelatedActivityID=""></Correlation>
<Execution ProcessID="4420" ThreadID="5708"></Execution>
<Channel>Microsoft-Windows-Sysmon/Operational</Channel>
<Computer>DESKTOP-M3AKJSD</Computer>
<Security UserID="S-1-5-18"></Security>
</System>
<EventData><Data Name="RuleName">DLL</Data>
<Data Name="UtcTime">2025-04-10 06:19:18.173</Data>
<Data Name="ProcessGuid">{53c665d1-62d2-67f7-5e02-000000001700}</Data>
<Data Name="ProcessId">2148</Data>
<Data Name="Image">C:\Program Files (x86)\Microsoft Visual Studio\Installer\resources\app\ServiceHub\Services\Microsoft.VisualStudio.Setup.Service\BackgroundDownload.exe</Data>
<Data Name="TargetFilename">C:\Users\User\AppData\Local\Temp\pveqxquy.cim\resources\app\ServiceHub\Services\Microsoft.VisualStudio.Setup.Service\ko\VSIXInstaller.resources.dll</Data>
<Data Name="CreationUtcTime">2025-04-10 06:19:18.173</Data>
<Data Name="User">DESKTOP-M3AKJSD\User</Data>
</EventData>
</Event>

<Event xmlns="http://schemas.microsoft.com/win/2004/08/events/event"><System><Provider Name="Microsoft-Windows-Sysmon" Guid="{5770385f-c22a-43e0-bf4c-06f5698ffbd9}"></Provider>
<EventID Qualifiers="">11</EventID>
<Version>2</Version>
<Level>4</Level>
<Task>11</Task>
<Opcode>0</Opcode>
<Keywords>0x8000000000000000</Keywords>
<TimeCreated SystemTime="2025-04-10 06:19:18.177998"></TimeCreated>
<EventRecordID>7454</EventRecordID>
<Correlation ActivityID="" RelatedActivityID=""></Correlation>
<Execution ProcessID="4420" ThreadID="5708"></Execution>
<Channel>Microsoft-Windows-Sysmon/Operational</Channel>
<Computer>DESKTOP-M3AKJSD</Computer>
<Security UserID="S-1-5-18"></Security>
</System>
<EventData><Data Name="RuleName">DLL</Data>
<Data Name="UtcTime">2025-04-10 06:19:18.177</Data>
<Data Name="ProcessGuid">{53c665d1-62d2-67f7-5e02-000000001700}</Data>
<Data Name="ProcessId">2148</Data>
<Data Name="Image">C:\Program Files (x86)\Microsoft Visual Studio\Installer\resources\app\ServiceHub\Services\Microsoft.VisualStudio.Setup.Service\BackgroundDownload.exe</Data>
<Data Name="TargetFilename">C:\Users\User\AppData\Local\Temp\pveqxquy.cim\resources\app\ServiceHub\Services\Microsoft.VisualStudio.Setup.Service\Markdig.dll</Data>
<Data Name="CreationUtcTime">2025-04-10 06:19:18.175</Data>
<Data Name="User">DESKTOP-M3AKJSD\User</Data>
</EventData>
</Event>

<Event xmlns="http://schemas.microsoft.com/win/2004/08/events/event"><System><Provider Name="Microsoft-Windows-Sysmon" Guid="{5770385f-c22a-43e0-bf4c-06f5698ffbd9}"></Provider>
<EventID Qualifiers="">11</EventID>
<Version>2</Version>
<Level>4</Level>
<Task>11</Task>
<Opcode>0</Opcode>
<Keywords>0x8000000000000000</Keywords>
<TimeCreated SystemTime="2025-04-10 06:19:18.186451"></TimeCreated>
<EventRecordID>7455</EventRecordID>
<Correlation ActivityID="" RelatedActivityID=""></Correlation>
<Execution ProcessID="4420" ThreadID="5708"></Execution>
<Channel>Microsoft-Windows-Sysmon/Operational</Channel>
<Computer>DESKTOP-M3AKJSD</Computer>
<Security UserID="S-1-5-18"></Security>
</System>
<EventData><Data Name="RuleName">DLL</Data>
<Data Name="UtcTime">2025-04-10 06:19:18.184</Data>
<Data Name="ProcessGuid">{53c665d1-62d2-67f7-5e02-000000001700}</Data>
<Data Name="ProcessId">2148</Data>
<Data Name="Image">C:\Program Files (x86)\Microsoft Visual Studio\Installer\resources\app\ServiceHub\Services\Microsoft.VisualStudio.Setup.Service\BackgroundDownload.exe</Data>
<Data Name="TargetFilename">C:\Users\User\AppData\Local\Temp\pveqxquy.cim\resources\app\ServiceHub\Services\Microsoft.VisualStudio.Setup.Service\Markdig.Wpf.dll</Data>
<Data Name="CreationUtcTime">2025-04-10 06:19:18.184</Data>
<Data Name="User">DESKTOP-M3AKJSD\User</Data>
</EventData>
</Event>

<Event xmlns="http://schemas.microsoft.com/win/2004/08/events/event"><System><Provider Name="Microsoft-Windows-Sysmon" Guid="{5770385f-c22a-43e0-bf4c-06f5698ffbd9}"></Provider>
<EventID Qualifiers="">11</EventID>
<Version>2</Version>
<Level>4</Level>
<Task>11</Task>
<Opcode>0</Opcode>
<Keywords>0x8000000000000000</Keywords>
<TimeCreated SystemTime="2025-04-10 06:19:18.188593"></TimeCreated>
<EventRecordID>7456</EventRecordID>
<Correlation ActivityID="" RelatedActivityID=""></Correlation>
<Execution ProcessID="4420" ThreadID="5708"></Execution>
<Channel>Microsoft-Windows-Sysmon/Operational</Channel>
<Computer>DESKTOP-M3AKJSD</Computer>
<Security UserID="S-1-5-18"></Security>
</System>
<EventData><Data Name="RuleName">DLL</Data>
<Data Name="UtcTime">2025-04-10 06:19:18.187</Data>
<Data Name="ProcessGuid">{53c665d1-62d2-67f7-5e02-000000001700}</Data>
<Data Name="ProcessId">2148</Data>
<Data Name="Image">C:\Program Files (x86)\Microsoft Visual Studio\Installer\resources\app\ServiceHub\Services\Microsoft.VisualStudio.Setup.Service\BackgroundDownload.exe</Data>
<Data Name="TargetFilename">C:\Users\User\AppData\Local\Temp\pveqxquy.cim\resources\app\ServiceHub\Services\Microsoft.VisualStudio.Setup.Service\MessagePack.Annotations.dll</Data>
<Data Name="CreationUtcTime">2025-04-10 06:19:18.187</Data>
<Data Name="User">DESKTOP-M3AKJSD\User</Data>
</EventData>
</Event>

<Event xmlns="http://schemas.microsoft.com/win/2004/08/events/event"><System><Provider Name="Microsoft-Windows-Sysmon" Guid="{5770385f-c22a-43e0-bf4c-06f5698ffbd9}"></Provider>
<EventID Qualifiers="">11</EventID>
<Version>2</Version>
<Level>4</Level>
<Task>11</Task>
<Opcode>0</Opcode>
<Keywords>0x8000000000000000</Keywords>
<TimeCreated SystemTime="2025-04-10 06:19:18.192526"></TimeCreated>
<EventRecordID>7457</EventRecordID>
<Correlation ActivityID="" RelatedActivityID=""></Correlation>
<Execution ProcessID="4420" ThreadID="5708"></Execution>
<Channel>Microsoft-Windows-Sysmon/Operational</Channel>
<Computer>DESKTOP-M3AKJSD</Computer>
<Security UserID="S-1-5-18"></Security>
</System>
<EventData><Data Name="RuleName">DLL</Data>
<Data Name="UtcTime">2025-04-10 06:19:18.191</Data>
<Data Name="ProcessGuid">{53c665d1-62d2-67f7-5e02-000000001700}</Data>
<Data Name="ProcessId">2148</Data>
<Data Name="Image">C:\Program Files (x86)\Microsoft Visual Studio\Installer\resources\app\ServiceHub\Services\Microsoft.VisualStudio.Setup.Service\BackgroundDownload.exe</Data>
<Data Name="TargetFilename">C:\Users\User\AppData\Local\Temp\pveqxquy.cim\resources\app\ServiceHub\Services\Microsoft.VisualStudio.Setup.Service\MessagePack.dll</Data>
<Data Name="CreationUtcTime">2025-04-10 06:19:18.189</Data>
<Data Name="User">DESKTOP-M3AKJSD\User</Data>
</EventData>
</Event>

<Event xmlns="http://schemas.microsoft.com/win/2004/08/events/event"><System><Provider Name="Microsoft-Windows-Sysmon" Guid="{5770385f-c22a-43e0-bf4c-06f5698ffbd9}"></Provider>
<EventID Qualifiers="">11</EventID>
<Version>2</Version>
<Level>4</Level>
<Task>11</Task>
<Opcode>0</Opcode>
<Keywords>0x8000000000000000</Keywords>
<TimeCreated SystemTime="2025-04-10 06:19:18.199347"></TimeCreated>
<EventRecordID>7458</EventRecordID>
<Correlation ActivityID="" RelatedActivityID=""></Correlation>
<Execution ProcessID="4420" ThreadID="5708"></Execution>
<Channel>Microsoft-Windows-Sysmon/Operational</Channel>
<Computer>DESKTOP-M3AKJSD</Computer>
<Security UserID="S-1-5-18"></Security>
</System>
<EventData><Data Name="RuleName">DLL</Data>
<Data Name="UtcTime">2025-04-10 06:19:18.199</Data>
<Data Name="ProcessGuid">{53c665d1-62d2-67f7-5e02-000000001700}</Data>
<Data Name="ProcessId">2148</Data>
<Data Name="Image">C:\Program Files (x86)\Microsoft Visual Studio\Installer\resources\app\ServiceHub\Services\Microsoft.VisualStudio.Setup.Service\BackgroundDownload.exe</Data>
<Data Name="TargetFilename">C:\Users\User\AppData\Local\Temp\pveqxquy.cim\resources\app\ServiceHub\Services\Microsoft.VisualStudio.Setup.Service\Microsoft.Bcl.AsyncInterfaces.dll</Data>
<Data Name="CreationUtcTime">2025-04-10 06:19:18.196</Data>
<Data Name="User">DESKTOP-M3AKJSD\User</Data>
</EventData>
</Event>

<Event xmlns="http://schemas.microsoft.com/win/2004/08/events/event"><System><Provider Name="Microsoft-Windows-Sysmon" Guid="{5770385f-c22a-43e0-bf4c-06f5698ffbd9}"></Provider>
<EventID Qualifiers="">11</EventID>
<Version>2</Version>
<Level>4</Level>
<Task>11</Task>
<Opcode>0</Opcode>
<Keywords>0x8000000000000000</Keywords>
<TimeCreated SystemTime="2025-04-10 06:19:18.202198"></TimeCreated>
<EventRecordID>7459</EventRecordID>
<Correlation ActivityID="" RelatedActivityID=""></Correlation>
<Execution ProcessID="4420" ThreadID="5708"></Execution>
<Channel>Microsoft-Windows-Sysmon/Operational</Channel>
<Computer>DESKTOP-M3AKJSD</Computer>
<Security UserID="S-1-5-18"></Security>
</System>
<EventData><Data Name="RuleName">DLL</Data>
<Data Name="UtcTime">2025-04-10 06:19:18.201</Data>
<Data Name="ProcessGuid">{53c665d1-62d2-67f7-5e02-000000001700}</Data>
<Data Name="ProcessId">2148</Data>
<Data Name="Image">C:\Program Files (x86)\Microsoft Visual Studio\Installer\resources\app\ServiceHub\Services\Microsoft.VisualStudio.Setup.Service\BackgroundDownload.exe</Data>
<Data Name="TargetFilename">C:\Users\User\AppData\Local\Temp\pveqxquy.cim\resources\app\ServiceHub\Services\Microsoft.VisualStudio.Setup.Service\Microsoft.Identity.Client.Broker.dll</Data>
<Data Name="CreationUtcTime">2025-04-10 06:19:18.199</Data>
<Data Name="User">DESKTOP-M3AKJSD\User</Data>
</EventData>
</Event>

<Event xmlns="http://schemas.microsoft.com/win/2004/08/events/event"><System><Provider Name="Microsoft-Windows-Sysmon" Guid="{5770385f-c22a-43e0-bf4c-06f5698ffbd9}"></Provider>
<EventID Qualifiers="">11</EventID>
<Version>2</Version>
<Level>4</Level>
<Task>11</Task>
<Opcode>0</Opcode>
<Keywords>0x8000000000000000</Keywords>
<TimeCreated SystemTime="2025-04-10 06:19:18.204271"></TimeCreated>
<EventRecordID>7460</EventRecordID>
<Correlation ActivityID="" RelatedActivityID=""></Correlation>
<Execution ProcessID="4420" ThreadID="5708"></Execution>
<Channel>Microsoft-Windows-Sysmon/Operational</Channel>
<Computer>DESKTOP-M3AKJSD</Computer>
<Security UserID="S-1-5-18"></Security>
</System>
<EventData><Data Name="RuleName">DLL</Data>
<Data Name="UtcTime">2025-04-10 06:19:18.201</Data>
<Data Name="ProcessGuid">{53c665d1-62d2-67f7-5e02-000000001700}</Data>
<Data Name="ProcessId">2148</Data>
<Data Name="Image">C:\Program Files (x86)\Microsoft Visual Studio\Installer\resources\app\ServiceHub\Services\Microsoft.VisualStudio.Setup.Service\BackgroundDownload.exe</Data>
<Data Name="TargetFilename">C:\Users\User\AppData\Local\Temp\pveqxquy.cim\resources\app\ServiceHub\Services\Microsoft.VisualStudio.Setup.Service\Microsoft.Identity.Client.dll</Data>
<Data Name="CreationUtcTime">2025-04-10 06:19:18.201</Data>
<Data Name="User">DESKTOP-M3AKJSD\User</Data>
</EventData>
</Event>

<Event xmlns="http://schemas.microsoft.com/win/2004/08/events/event"><System><Provider Name="Microsoft-Windows-Sysmon" Guid="{5770385f-c22a-43e0-bf4c-06f5698ffbd9}"></Provider>
<EventID Qualifiers="">11</EventID>
<Version>2</Version>
<Level>4</Level>
<Task>11</Task>
<Opcode>0</Opcode>
<Keywords>0x8000000000000000</Keywords>
<TimeCreated SystemTime="2025-04-10 06:19:18.224562"></TimeCreated>
<EventRecordID>7461</EventRecordID>
<Correlation ActivityID="" RelatedActivityID=""></Correlation>
<Execution ProcessID="4420" ThreadID="5708"></Execution>
<Channel>Microsoft-Windows-Sysmon/Operational</Channel>
<Computer>DESKTOP-M3AKJSD</Computer>
<Security UserID="S-1-5-18"></Security>
</System>
<EventData><Data Name="RuleName">DLL</Data>
<Data Name="UtcTime">2025-04-10 06:19:18.222</Data>
<Data Name="ProcessGuid">{53c665d1-62d2-67f7-5e02-000000001700}</Data>
<Data Name="ProcessId">2148</Data>
<Data Name="Image">C:\Program Files (x86)\Microsoft Visual Studio\Installer\resources\app\ServiceHub\Services\Microsoft.VisualStudio.Setup.Service\BackgroundDownload.exe</Data>
<Data Name="TargetFilename">C:\Users\User\AppData\Local\Temp\pveqxquy.cim\resources\app\ServiceHub\Services\Microsoft.VisualStudio.Setup.Service\Microsoft.Identity.Client.Extensions.Msal.dll</Data>
<Data Name="CreationUtcTime">2025-04-10 06:19:18.222</Data>
<Data Name="User">DESKTOP-M3AKJSD\User</Data>
</EventData>
</Event>

<Event xmlns="http://schemas.microsoft.com/win/2004/08/events/event"><System><Provider Name="Microsoft-Windows-Sysmon" Guid="{5770385f-c22a-43e0-bf4c-06f5698ffbd9}"></Provider>
<EventID Qualifiers="">11</EventID>
<Version>2</Version>
<Level>4</Level>
<Task>11</Task>
<Opcode>0</Opcode>
<Keywords>0x8000000000000000</Keywords>
<TimeCreated SystemTime="2025-04-10 06:19:18.227045"></TimeCreated>
<EventRecordID>7462</EventRecordID>
<Correlation ActivityID="" RelatedActivityID=""></Correlation>
<Execution ProcessID="4420" ThreadID="5708"></Execution>
<Channel>Microsoft-Windows-Sysmon/Operational</Channel>
<Computer>DESKTOP-M3AKJSD</Computer>
<Security UserID="S-1-5-18"></Security>
</System>
<EventData><Data Name="RuleName">DLL</Data>
<Data Name="UtcTime">2025-04-10 06:19:18.224</Data>
<Data Name="ProcessGuid">{53c665d1-62d2-67f7-5e02-000000001700}</Data>
<Data Name="ProcessId">2148</Data>
<Data Name="Image">C:\Program Files (x86)\Microsoft Visual Studio\Installer\resources\app\ServiceHub\Services\Microsoft.VisualStudio.Setup.Service\BackgroundDownload.exe</Data>
<Data Name="TargetFilename">C:\Users\User\AppData\Local\Temp\pveqxquy.cim\resources\app\ServiceHub\Services\Microsoft.VisualStudio.Setup.Service\Microsoft.Identity.Client.NativeInterop.dll</Data>
<Data Name="CreationUtcTime">2025-04-10 06:19:18.224</Data>
<Data Name="User">DESKTOP-M3AKJSD\User</Data>
</EventData>
</Event>

<Event xmlns="http://schemas.microsoft.com/win/2004/08/events/event"><System><Provider Name="Microsoft-Windows-Sysmon" Guid="{5770385f-c22a-43e0-bf4c-06f5698ffbd9}"></Provider>
<EventID Qualifiers="">11</EventID>
<Version>2</Version>
<Level>4</Level>
<Task>11</Task>
<Opcode>0</Opcode>
<Keywords>0x8000000000000000</Keywords>
<TimeCreated SystemTime="2025-04-10 06:19:18.242071"></TimeCreated>
<EventRecordID>7463</EventRecordID>
<Correlation ActivityID="" RelatedActivityID=""></Correlation>
<Execution ProcessID="4420" ThreadID="5708"></Execution>
<Channel>Microsoft-Windows-Sysmon/Operational</Channel>
<Computer>DESKTOP-M3AKJSD</Computer>
<Security UserID="S-1-5-18"></Security>
</System>
<EventData><Data Name="RuleName">DLL</Data>
<Data Name="UtcTime">2025-04-10 06:19:18.240</Data>
<Data Name="ProcessGuid">{53c665d1-62d2-67f7-5e02-000000001700}</Data>
<Data Name="ProcessId">2148</Data>
<Data Name="Image">C:\Program Files (x86)\Microsoft Visual Studio\Installer\resources\app\ServiceHub\Services\Microsoft.VisualStudio.Setup.Service\BackgroundDownload.exe</Data>
<Data Name="TargetFilename">C:\Users\User\AppData\Local\Temp\pveqxquy.cim\resources\app\ServiceHub\Services\Microsoft.VisualStudio.Setup.Service\Microsoft.IdentityModel.Abstractions.dll</Data>
<Data Name="CreationUtcTime">2025-04-10 06:19:18.224</Data>
<Data Name="User">DESKTOP-M3AKJSD\User</Data>
</EventData>
</Event>

<Event xmlns="http://schemas.microsoft.com/win/2004/08/events/event"><System><Provider Name="Microsoft-Windows-Sysmon" Guid="{5770385f-c22a-43e0-bf4c-06f5698ffbd9}"></Provider>
<EventID Qualifiers="">11</EventID>
<Version>2</Version>
<Level>4</Level>
<Task>11</Task>
<Opcode>0</Opcode>
<Keywords>0x8000000000000000</Keywords>
<TimeCreated SystemTime="2025-04-10 06:19:18.246298"></TimeCreated>
<EventRecordID>7464</EventRecordID>
<Correlation ActivityID="" RelatedActivityID=""></Correlation>
<Execution ProcessID="4420" ThreadID="5708"></Execution>
<Channel>Microsoft-Windows-Sysmon/Operational</Channel>
<Computer>DESKTOP-M3AKJSD</Computer>
<Security UserID="S-1-5-18"></Security>
</System>
<EventData><Data Name="RuleName">DLL</Data>
<Data Name="UtcTime">2025-04-10 06:19:18.245</Data>
<Data Name="ProcessGuid">{53c665d1-62d2-67f7-5e02-000000001700}</Data>
<Data Name="ProcessId">2148</Data>
<Data Name="Image">C:\Program Files (x86)\Microsoft Visual Studio\Installer\resources\app\ServiceHub\Services\Microsoft.VisualStudio.Setup.Service\BackgroundDownload.exe</Data>
<Data Name="TargetFilename">C:\Users\User\AppData\Local\Temp\pveqxquy.cim\resources\app\ServiceHub\Services\Microsoft.VisualStudio.Setup.Service\Microsoft.IdentityModel.JsonWebTokens.dll</Data>
<Data Name="CreationUtcTime">2025-04-10 06:19:18.245</Data>
<Data Name="User">DESKTOP-M3AKJSD\User</Data>
</EventData>
</Event>

<Event xmlns="http://schemas.microsoft.com/win/2004/08/events/event"><System><Provider Name="Microsoft-Windows-Sysmon" Guid="{5770385f-c22a-43e0-bf4c-06f5698ffbd9}"></Provider>
<EventID Qualifiers="">11</EventID>
<Version>2</Version>
<Level>4</Level>
<Task>11</Task>
<Opcode>0</Opcode>
<Keywords>0x8000000000000000</Keywords>
<TimeCreated SystemTime="2025-04-10 06:19:18.250681"></TimeCreated>
<EventRecordID>7465</EventRecordID>
<Correlation ActivityID="" RelatedActivityID=""></Correlation>
<Execution ProcessID="4420" ThreadID="5708"></Execution>
<Channel>Microsoft-Windows-Sysmon/Operational</Channel>
<Computer>DESKTOP-M3AKJSD</Computer>
<Security UserID="S-1-5-18"></Security>
</System>
<EventData><Data Name="RuleName">DLL</Data>
<Data Name="UtcTime">2025-04-10 06:19:18.248</Data>
<Data Name="ProcessGuid">{53c665d1-62d2-67f7-5e02-000000001700}</Data>
<Data Name="ProcessId">2148</Data>
<Data Name="Image">C:\Program Files (x86)\Microsoft Visual Studio\Installer\resources\app\ServiceHub\Services\Microsoft.VisualStudio.Setup.Service\BackgroundDownload.exe</Data>
<Data Name="TargetFilename">C:\Users\User\AppData\Local\Temp\pveqxquy.cim\resources\app\ServiceHub\Services\Microsoft.VisualStudio.Setup.Service\Microsoft.IdentityModel.Logging.dll</Data>
<Data Name="CreationUtcTime">2025-04-10 06:19:18.248</Data>
<Data Name="User">DESKTOP-M3AKJSD\User</Data>
</EventData>
</Event>

<Event xmlns="http://schemas.microsoft.com/win/2004/08/events/event"><System><Provider Name="Microsoft-Windows-Sysmon" Guid="{5770385f-c22a-43e0-bf4c-06f5698ffbd9}"></Provider>
<EventID Qualifiers="">11</EventID>
<Version>2</Version>
<Level>4</Level>
<Task>11</Task>
<Opcode>0</Opcode>
<Keywords>0x8000000000000000</Keywords>
<TimeCreated SystemTime="2025-04-10 06:19:18.252007"></TimeCreated>
<EventRecordID>7466</EventRecordID>
<Correlation ActivityID="" RelatedActivityID=""></Correlation>
<Execution ProcessID="4420" ThreadID="5708"></Execution>
<Channel>Microsoft-Windows-Sysmon/Operational</Channel>
<Computer>DESKTOP-M3AKJSD</Computer>
<Security UserID="S-1-5-18"></Security>
</System>
<EventData><Data Name="RuleName">DLL</Data>
<Data Name="UtcTime">2025-04-10 06:19:18.248</Data>
<Data Name="ProcessGuid">{53c665d1-62d2-67f7-5e02-000000001700}</Data>
<Data Name="ProcessId">2148</Data>
<Data Name="Image">C:\Program Files (x86)\Microsoft Visual Studio\Installer\resources\app\ServiceHub\Services\Microsoft.VisualStudio.Setup.Service\BackgroundDownload.exe</Data>
<Data Name="TargetFilename">C:\Users\User\AppData\Local\Temp\pveqxquy.cim\resources\app\ServiceHub\Services\Microsoft.VisualStudio.Setup.Service\Microsoft.IdentityModel.Tokens.dll</Data>
<Data Name="CreationUtcTime">2025-04-10 06:19:18.248</Data>
<Data Name="User">DESKTOP-M3AKJSD\User</Data>
</EventData>
</Event>

<Event xmlns="http://schemas.microsoft.com/win/2004/08/events/event"><System><Provider Name="Microsoft-Windows-Sysmon" Guid="{5770385f-c22a-43e0-bf4c-06f5698ffbd9}"></Provider>
<EventID Qualifiers="">11</EventID>
<Version>2</Version>
<Level>4</Level>
<Task>11</Task>
<Opcode>0</Opcode>
<Keywords>0x8000000000000000</Keywords>
<TimeCreated SystemTime="2025-04-10 06:19:18.262053"></TimeCreated>
<EventRecordID>7467</EventRecordID>
<Correlation ActivityID="" RelatedActivityID=""></Correlation>
<Execution ProcessID="4420" ThreadID="5708"></Execution>
<Channel>Microsoft-Windows-Sysmon/Operational</Channel>
<Computer>DESKTOP-M3AKJSD</Computer>
<Security UserID="S-1-5-18"></Security>
</System>
<EventData><Data Name="RuleName">DLL</Data>
<Data Name="UtcTime">2025-04-10 06:19:18.261</Data>
<Data Name="ProcessGuid">{53c665d1-62d2-67f7-5e02-000000001700}</Data>
<Data Name="ProcessId">2148</Data>
<Data Name="Image">C:\Program Files (x86)\Microsoft Visual Studio\Installer\resources\app\ServiceHub\Services\Microsoft.VisualStudio.Setup.Service\BackgroundDownload.exe</Data>
<Data Name="TargetFilename">C:\Users\User\AppData\Local\Temp\pveqxquy.cim\resources\app\ServiceHub\Services\Microsoft.VisualStudio.Setup.Service\Microsoft.Internal.VisualStudio.Interop.dll</Data>
<Data Name="CreationUtcTime">2025-04-10 06:19:18.259</Data>
<Data Name="User">DESKTOP-M3AKJSD\User</Data>
</EventData>
</Event>

