<Event xmlns="http://schemas.microsoft.com/win/2004/08/events/event"><System><Provider Name="Microsoft-Windows-Sysmon" Guid="{5770385f-c22a-43e0-bf4c-06f5698ffbd9}"></Provider>
<EventID Qualifiers="">13</EventID>
<Version>2</Version>
<Level>4</Level>
<Task>13</Task>
<Opcode>0</Opcode>
<Keywords>0x8000000000000000</Keywords>
<TimeCreated SystemTime="2025-04-10 06:11:05.675331"></TimeCreated>
<EventRecordID>6907</EventRecordID>
<Correlation ActivityID="" RelatedActivityID=""></Correlation>
<Execution ProcessID="4420" ThreadID="5708"></Execution>
<Channel>Microsoft-Windows-Sysmon/Operational</Channel>
<Computer>DESKTOP-M3AKJSD</Computer>
<Security UserID="S-1-5-18"></Security>
</System>
<EventData><Data Name="RuleName">T1031,T1050</Data>
<Data Name="EventType">SetValue</Data>
<Data Name="UtcTime">2025-04-10 06:11:05.673</Data>
<Data Name="ProcessGuid">{53c665d1-5e7a-67f7-0b00-000000001700}</Data>
<Data Name="ProcessId">832</Data>
<Data Name="Image">C:\WINDOWS\system32\services.exe</Data>
<Data Name="TargetObject">HKLM\System\CurrentControlSet\Services\WdNisSvc\ImagePath</Data>
<Data Name="Details">"%%ProgramData%%\Microsoft\Windows Defender\Platform\4.18.25030.2-0\NisSrv.exe"</Data>
<Data Name="User">NT AUTHORITY\SYSTEM</Data>
</EventData>
</Event>

<Event xmlns="http://schemas.microsoft.com/win/2004/08/events/event"><System><Provider Name="Microsoft-Windows-Sysmon" Guid="{5770385f-c22a-43e0-bf4c-06f5698ffbd9}"></Provider>
<EventID Qualifiers="">1</EventID>
<Version>5</Version>
<Level>4</Level>
<Task>1</Task>
<Opcode>0</Opcode>
<Keywords>0x8000000000000000</Keywords>
<TimeCreated SystemTime="2025-04-10 06:11:05.680889"></TimeCreated>
<EventRecordID>6908</EventRecordID>
<Correlation ActivityID="" RelatedActivityID=""></Correlation>
<Execution ProcessID="4420" ThreadID="5708"></Execution>
<Channel>Microsoft-Windows-Sysmon/Operational</Channel>
<Computer>DESKTOP-M3AKJSD</Computer>
<Security UserID="S-1-5-18"></Security>
</System>
<EventData><Data Name="RuleName">-</Data>
<Data Name="UtcTime">2025-04-10 06:11:05.680</Data>
<Data Name="ProcessGuid">{53c665d1-60f9-67f7-4701-000000001700}</Data>
<Data Name="ProcessId">6508</Data>
<Data Name="Image">C:\Windows\System32\wevtutil.exe</Data>
<Data Name="FileVersion">10.0.26100.1150 (WinBuild.160101.0800)</Data>
<Data Name="Description">Windows Event Log Utility</Data>
<Data Name="Product">Microsoft&#174; Windows&#174; Operating System</Data>
<Data Name="Company">Microsoft Corporation</Data>
<Data Name="OriginalFileName">wevtutil.exe</Data>
<Data Name="CommandLine">C:\WINDOWS\system32\wevtutil.exe uninstall-manifest "C:\ProgramData\Microsoft\Windows Defender\Platform\4.18.25030.2-0\Microsoft-Antimalware-AMFilter.man"</Data>
<Data Name="CurrentDirectory">C:\WINDOWS\system32\</Data>
<Data Name="User">NT AUTHORITY\SYSTEM</Data>
<Data Name="LogonGuid">{53c665d1-5e7a-67f7-e703-000000000000}</Data>
<Data Name="LogonId">0x00000000000003e7</Data>
<Data Name="TerminalSessionId">0</Data>
<Data Name="IntegrityLevel">System</Data>
<Data Name="Hashes">MD5=AF54D4FA49CD679D47064D30BD1B7641,SHA256=0EA582D5A4EB48096B40C2F7A102E465DAEA69C816C8FAEA481B68D8FD0929D5,IMPHASH=9D0B0164498DEE3DA72DF328E7AE8C0B</Data>
<Data Name="ParentProcessGuid">{53c665d1-60f8-67f7-4601-000000001700}</Data>
<Data Name="ParentProcessId">7220</Data>
<Data Name="ParentImage">C:\ProgramData\Microsoft\Windows Defender\Platform\4.18.25020.1009-0\MsMpEng.exe</Data>
<Data Name="ParentCommandLine">"C:\ProgramData\Microsoft\Windows Defender\Platform\4.18.25020.1009-0\MsMpEng.exe"</Data>
<Data Name="ParentUser">NT AUTHORITY\SYSTEM</Data>
</EventData>
</Event>

<Event xmlns="http://schemas.microsoft.com/win/2004/08/events/event"><System><Provider Name="Microsoft-Windows-Sysmon" Guid="{5770385f-c22a-43e0-bf4c-06f5698ffbd9}"></Provider>
<EventID Qualifiers="">1</EventID>
<Version>5</Version>
<Level>4</Level>
<Task>1</Task>
<Opcode>0</Opcode>
<Keywords>0x8000000000000000</Keywords>
<TimeCreated SystemTime="2025-04-10 06:11:05.815281"></TimeCreated>
<EventRecordID>6909</EventRecordID>
<Correlation ActivityID="" RelatedActivityID=""></Correlation>
<Execution ProcessID="4420" ThreadID="5708"></Execution>
<Channel>Microsoft-Windows-Sysmon/Operational</Channel>
<Computer>DESKTOP-M3AKJSD</Computer>
<Security UserID="S-1-5-18"></Security>
</System>
<EventData><Data Name="RuleName">-</Data>
<Data Name="UtcTime">2025-04-10 06:11:05.814</Data>
<Data Name="ProcessGuid">{53c665d1-60f9-67f7-4901-000000001700}</Data>
<Data Name="ProcessId">2568</Data>
<Data Name="Image">C:\Windows\System32\wevtutil.exe</Data>
<Data Name="FileVersion">10.0.26100.1150 (WinBuild.160101.0800)</Data>
<Data Name="Description">Windows Event Log Utility</Data>
<Data Name="Product">Microsoft&#174; Windows&#174; Operating System</Data>
<Data Name="Company">Microsoft Corporation</Data>
<Data Name="OriginalFileName">wevtutil.exe</Data>
<Data Name="CommandLine">C:\WINDOWS\system32\wevtutil.exe install-manifest "C:\ProgramData\Microsoft\Windows Defender\Platform\4.18.25030.2-0\Microsoft-Antimalware-AMFilter.man" "/resourceFilePath:C:\ProgramData\Microsoft\Windows Defender\Platform\4.18.25030.2-0\Drivers\WdFilter.sys" "/messageFilePath:C:\ProgramData\Microsoft\Windows Defender\Platform\4.18.25030.2-0\Drivers\WdFilter.sys" "/parameterFilePath:C:\ProgramData\Microsoft\Windows Defender\Platform\4.18.25030.2-0\Drivers\WdFilter.sys"</Data>
<Data Name="CurrentDirectory">C:\WINDOWS\system32\</Data>
<Data Name="User">NT AUTHORITY\SYSTEM</Data>
<Data Name="LogonGuid">{53c665d1-5e7a-67f7-e703-000000000000}</Data>
<Data Name="LogonId">0x00000000000003e7</Data>
<Data Name="TerminalSessionId">0</Data>
<Data Name="IntegrityLevel">System</Data>
<Data Name="Hashes">MD5=AF54D4FA49CD679D47064D30BD1B7641,SHA256=0EA582D5A4EB48096B40C2F7A102E465DAEA69C816C8FAEA481B68D8FD0929D5,IMPHASH=9D0B0164498DEE3DA72DF328E7AE8C0B</Data>
<Data Name="ParentProcessGuid">{53c665d1-60f8-67f7-4601-000000001700}</Data>
<Data Name="ParentProcessId">7220</Data>
<Data Name="ParentImage">C:\ProgramData\Microsoft\Windows Defender\Platform\4.18.25020.1009-0\MsMpEng.exe</Data>
<Data Name="ParentCommandLine">"C:\ProgramData\Microsoft\Windows Defender\Platform\4.18.25020.1009-0\MsMpEng.exe"</Data>
<Data Name="ParentUser">NT AUTHORITY\SYSTEM</Data>
</EventData>
</Event>

<Event xmlns="http://schemas.microsoft.com/win/2004/08/events/event"><System><Provider Name="Microsoft-Windows-Sysmon" Guid="{5770385f-c22a-43e0-bf4c-06f5698ffbd9}"></Provider>
<EventID Qualifiers="">1</EventID>
<Version>5</Version>
<Level>4</Level>
<Task>1</Task>
<Opcode>0</Opcode>
<Keywords>0x8000000000000000</Keywords>
<TimeCreated SystemTime="2025-04-10 06:11:05.892149"></TimeCreated>
<EventRecordID>6910</EventRecordID>
<Correlation ActivityID="" RelatedActivityID=""></Correlation>
<Execution ProcessID="4420" ThreadID="5708"></Execution>
<Channel>Microsoft-Windows-Sysmon/Operational</Channel>
<Computer>DESKTOP-M3AKJSD</Computer>
<Security UserID="S-1-5-18"></Security>
</System>
<EventData><Data Name="RuleName">-</Data>
<Data Name="UtcTime">2025-04-10 06:11:05.891</Data>
<Data Name="ProcessGuid">{53c665d1-60f9-67f7-4b01-000000001700}</Data>
<Data Name="ProcessId">3924</Data>
<Data Name="Image">C:\Windows\System32\wevtutil.exe</Data>
<Data Name="FileVersion">10.0.26100.1150 (WinBuild.160101.0800)</Data>
<Data Name="Description">Windows Event Log Utility</Data>
<Data Name="Product">Microsoft&#174; Windows&#174; Operating System</Data>
<Data Name="Company">Microsoft Corporation</Data>
<Data Name="OriginalFileName">wevtutil.exe</Data>
<Data Name="CommandLine">C:\WINDOWS\system32\wevtutil.exe uninstall-manifest "C:\ProgramData\Microsoft\Windows Defender\Platform\4.18.25030.2-0\Microsoft-Windows-Windows Defender.man"</Data>
<Data Name="CurrentDirectory">C:\WINDOWS\system32\</Data>
<Data Name="User">NT AUTHORITY\SYSTEM</Data>
<Data Name="LogonGuid">{53c665d1-5e7a-67f7-e703-000000000000}</Data>
<Data Name="LogonId">0x00000000000003e7</Data>
<Data Name="TerminalSessionId">0</Data>
<Data Name="IntegrityLevel">System</Data>
<Data Name="Hashes">MD5=AF54D4FA49CD679D47064D30BD1B7641,SHA256=0EA582D5A4EB48096B40C2F7A102E465DAEA69C816C8FAEA481B68D8FD0929D5,IMPHASH=9D0B0164498DEE3DA72DF328E7AE8C0B</Data>
<Data Name="ParentProcessGuid">{53c665d1-60f8-67f7-4601-000000001700}</Data>
<Data Name="ParentProcessId">7220</Data>
<Data Name="ParentImage">C:\ProgramData\Microsoft\Windows Defender\Platform\4.18.25020.1009-0\MsMpEng.exe</Data>
<Data Name="ParentCommandLine">"C:\ProgramData\Microsoft\Windows Defender\Platform\4.18.25020.1009-0\MsMpEng.exe"</Data>
<Data Name="ParentUser">NT AUTHORITY\SYSTEM</Data>
</EventData>
</Event>

<Event xmlns="http://schemas.microsoft.com/win/2004/08/events/event"><System><Provider Name="Microsoft-Windows-Sysmon" Guid="{5770385f-c22a-43e0-bf4c-06f5698ffbd9}"></Provider>
<EventID Qualifiers="">12</EventID>
<Version>2</Version>
<Level>4</Level>
<Task>12</Task>
<Opcode>0</Opcode>
<Keywords>0x8000000000000000</Keywords>
<TimeCreated SystemTime="2025-04-10 06:11:05.972509"></TimeCreated>
<EventRecordID>6911</EventRecordID>
<Correlation ActivityID="" RelatedActivityID=""></Correlation>
<Execution ProcessID="4420" ThreadID="5708"></Execution>
<Channel>Microsoft-Windows-Sysmon/Operational</Channel>
<Computer>DESKTOP-M3AKJSD</Computer>
<Security UserID="S-1-5-18"></Security>
</System>
<EventData><Data Name="RuleName">-</Data>
<Data Name="EventType">DeleteKey</Data>
<Data Name="UtcTime">2025-04-10 06:11:05.971</Data>
<Data Name="ProcessGuid">{53c665d1-60f9-67f7-4b01-000000001700}</Data>
<Data Name="ProcessId">3924</Data>
<Data Name="Image">C:\WINDOWS\system32\wevtutil.exe</Data>
<Data Name="TargetObject">HKLM\SOFTWARE\Microsoft\Windows\CurrentVersion\WINEVT\Channels\Microsoft-Windows-Windows Defender/Operational</Data>
<Data Name="User">NT AUTHORITY\SYSTEM</Data>
</EventData>
</Event>

<Event xmlns="http://schemas.microsoft.com/win/2004/08/events/event"><System><Provider Name="Microsoft-Windows-Sysmon" Guid="{5770385f-c22a-43e0-bf4c-06f5698ffbd9}"></Provider>
<EventID Qualifiers="">12</EventID>
<Version>2</Version>
<Level>4</Level>
<Task>12</Task>
<Opcode>0</Opcode>
<Keywords>0x8000000000000000</Keywords>
<TimeCreated SystemTime="2025-04-10 06:11:05.998392"></TimeCreated>
<EventRecordID>6912</EventRecordID>
<Correlation ActivityID="" RelatedActivityID=""></Correlation>
<Execution ProcessID="4420" ThreadID="5708"></Execution>
<Channel>Microsoft-Windows-Sysmon/Operational</Channel>
<Computer>DESKTOP-M3AKJSD</Computer>
<Security UserID="S-1-5-18"></Security>
</System>
<EventData><Data Name="RuleName">-</Data>
<Data Name="EventType">DeleteKey</Data>
<Data Name="UtcTime">2025-04-10 06:11:05.997</Data>
<Data Name="ProcessGuid">{53c665d1-60f9-67f7-4b01-000000001700}</Data>
<Data Name="ProcessId">3924</Data>
<Data Name="Image">C:\WINDOWS\system32\wevtutil.exe</Data>
<Data Name="TargetObject">HKLM\SOFTWARE\Microsoft\Windows\CurrentVersion\WINEVT\Channels\Microsoft-Windows-Windows Defender/WHC</Data>
<Data Name="User">NT AUTHORITY\SYSTEM</Data>
</EventData>
</Event>

<Event xmlns="http://schemas.microsoft.com/win/2004/08/events/event"><System><Provider Name="Microsoft-Windows-Sysmon" Guid="{5770385f-c22a-43e0-bf4c-06f5698ffbd9}"></Provider>
<EventID Qualifiers="">1</EventID>
<Version>5</Version>
<Level>4</Level>
<Task>1</Task>
<Opcode>0</Opcode>
<Keywords>0x8000000000000000</Keywords>
<TimeCreated SystemTime="2025-04-10 06:11:06.009401"></TimeCreated>
<EventRecordID>6913</EventRecordID>
<Correlation ActivityID="" RelatedActivityID=""></Correlation>
<Execution ProcessID="4420" ThreadID="5708"></Execution>
<Channel>Microsoft-Windows-Sysmon/Operational</Channel>
<Computer>DESKTOP-M3AKJSD</Computer>
<Security UserID="S-1-5-18"></Security>
</System>
<EventData><Data Name="RuleName">-</Data>
<Data Name="UtcTime">2025-04-10 06:11:06.008</Data>
<Data Name="ProcessGuid">{53c665d1-60fa-67f7-4d01-000000001700}</Data>
<Data Name="ProcessId">5096</Data>
<Data Name="Image">C:\Windows\System32\wevtutil.exe</Data>
<Data Name="FileVersion">10.0.26100.1150 (WinBuild.160101.0800)</Data>
<Data Name="Description">Windows Event Log Utility</Data>
<Data Name="Product">Microsoft&#174; Windows&#174; Operating System</Data>
<Data Name="Company">Microsoft Corporation</Data>
<Data Name="OriginalFileName">wevtutil.exe</Data>
<Data Name="CommandLine">C:\WINDOWS\system32\wevtutil.exe install-manifest "C:\ProgramData\Microsoft\Windows Defender\Platform\4.18.25030.2-0\Microsoft-Windows-Windows Defender.man" "/resourceFilePath:C:\ProgramData\Microsoft\Windows Defender\Platform\4.18.25030.2-0\MpEvMsg.dll" "/messageFilePath:C:\ProgramData\Microsoft\Windows Defender\Platform\4.18.25030.2-0\MpEvMsg.dll" "/parameterFilePath:C:\ProgramData\Microsoft\Windows Defender\Platform\4.18.25030.2-0\MpEvMsg.dll"</Data>
<Data Name="CurrentDirectory">C:\WINDOWS\system32\</Data>
<Data Name="User">NT AUTHORITY\SYSTEM</Data>
<Data Name="LogonGuid">{53c665d1-5e7a-67f7-e703-000000000000}</Data>
<Data Name="LogonId">0x00000000000003e7</Data>
<Data Name="TerminalSessionId">0</Data>
<Data Name="IntegrityLevel">System</Data>
<Data Name="Hashes">MD5=AF54D4FA49CD679D47064D30BD1B7641,SHA256=0EA582D5A4EB48096B40C2F7A102E465DAEA69C816C8FAEA481B68D8FD0929D5,IMPHASH=9D0B0164498DEE3DA72DF328E7AE8C0B</Data>
<Data Name="ParentProcessGuid">{53c665d1-60f8-67f7-4601-000000001700}</Data>
<Data Name="ParentProcessId">7220</Data>
<Data Name="ParentImage">C:\ProgramData\Microsoft\Windows Defender\Platform\4.18.25020.1009-0\MsMpEng.exe</Data>
<Data Name="ParentCommandLine">"C:\ProgramData\Microsoft\Windows Defender\Platform\4.18.25020.1009-0\MsMpEng.exe"</Data>
<Data Name="ParentUser">NT AUTHORITY\SYSTEM</Data>
</EventData>
</Event>

<Event xmlns="http://schemas.microsoft.com/win/2004/08/events/event"><System><Provider Name="Microsoft-Windows-Sysmon" Guid="{5770385f-c22a-43e0-bf4c-06f5698ffbd9}"></Provider>
<EventID Qualifiers="">13</EventID>
<Version>2</Version>
<Level>4</Level>
<Task>13</Task>
<Opcode>0</Opcode>
<Keywords>0x8000000000000000</Keywords>
<TimeCreated SystemTime="2025-04-10 06:11:06.090178"></TimeCreated>
<EventRecordID>6914</EventRecordID>
<Correlation ActivityID="" RelatedActivityID=""></Correlation>
<Execution ProcessID="4420" ThreadID="5708"></Execution>
<Channel>Microsoft-Windows-Sysmon/Operational</Channel>
<Computer>DESKTOP-M3AKJSD</Computer>
<Security UserID="S-1-5-18"></Security>
</System>
<EventData><Data Name="RuleName">-</Data>
<Data Name="EventType">SetValue</Data>
<Data Name="UtcTime">2025-04-10 06:11:06.088</Data>
<Data Name="ProcessGuid">{53c665d1-60fa-67f7-4d01-000000001700}</Data>
<Data Name="ProcessId">5096</Data>
<Data Name="Image">C:\WINDOWS\system32\wevtutil.exe</Data>
<Data Name="TargetObject">HKLM\SOFTWARE\Microsoft\Windows\CurrentVersion\WINEVT\Channels\Microsoft-Windows-Windows Defender/Operational\OwningPublisher</Data>
<Data Name="Details">{11cd958a-c507-4ef3-b3f2-5fd9dfbd2c78}</Data>
<Data Name="User">NT AUTHORITY\SYSTEM</Data>
</EventData>
</Event>

<Event xmlns="http://schemas.microsoft.com/win/2004/08/events/event"><System><Provider Name="Microsoft-Windows-Sysmon" Guid="{5770385f-c22a-43e0-bf4c-06f5698ffbd9}"></Provider>
<EventID Qualifiers="">13</EventID>
<Version>2</Version>
<Level>4</Level>
<Task>13</Task>
<Opcode>0</Opcode>
<Keywords>0x8000000000000000</Keywords>
<TimeCreated SystemTime="2025-04-10 06:11:06.090227"></TimeCreated>
<EventRecordID>6915</EventRecordID>
<Correlation ActivityID="" RelatedActivityID=""></Correlation>
<Execution ProcessID="4420" ThreadID="5708"></Execution>
<Channel>Microsoft-Windows-Sysmon/Operational</Channel>
<Computer>DESKTOP-M3AKJSD</Computer>
<Security UserID="S-1-5-18"></Security>
</System>
<EventData><Data Name="RuleName">-</Data>
<Data Name="EventType">SetValue</Data>
<Data Name="UtcTime">2025-04-10 06:11:06.088</Data>
<Data Name="ProcessGuid">{53c665d1-60fa-67f7-4d01-000000001700}</Data>
<Data Name="ProcessId">5096</Data>
<Data Name="Image">C:\WINDOWS\system32\wevtutil.exe</Data>
<Data Name="TargetObject">HKLM\SOFTWARE\Microsoft\Windows\CurrentVersion\WINEVT\Channels\Microsoft-Windows-Windows Defender/Operational\Enabled</Data>
<Data Name="Details">DWORD (0x00000001)</Data>
<Data Name="User">NT AUTHORITY\SYSTEM</Data>
</EventData>
</Event>

<Event xmlns="http://schemas.microsoft.com/win/2004/08/events/event"><System><Provider Name="Microsoft-Windows-Sysmon" Guid="{5770385f-c22a-43e0-bf4c-06f5698ffbd9}"></Provider>
<EventID Qualifiers="">13</EventID>
<Version>2</Version>
<Level>4</Level>
<Task>13</Task>
<Opcode>0</Opcode>
<Keywords>0x8000000000000000</Keywords>
<TimeCreated SystemTime="2025-04-10 06:11:06.090269"></TimeCreated>
<EventRecordID>6916</EventRecordID>
<Correlation ActivityID="" RelatedActivityID=""></Correlation>
<Execution ProcessID="4420" ThreadID="5708"></Execution>
<Channel>Microsoft-Windows-Sysmon/Operational</Channel>
<Computer>DESKTOP-M3AKJSD</Computer>
<Security UserID="S-1-5-18"></Security>
</System>
<EventData><Data Name="RuleName">-</Data>
<Data Name="EventType">SetValue</Data>
<Data Name="UtcTime">2025-04-10 06:11:06.088</Data>
<Data Name="ProcessGuid">{53c665d1-60fa-67f7-4d01-000000001700}</Data>
<Data Name="ProcessId">5096</Data>
<Data Name="Image">C:\WINDOWS\system32\wevtutil.exe</Data>
<Data Name="TargetObject">HKLM\SOFTWARE\Microsoft\Windows\CurrentVersion\WINEVT\Channels\Microsoft-Windows-Windows Defender/Operational\Isolation</Data>
<Data Name="Details">DWORD (0x00000001)</Data>
<Data Name="User">NT AUTHORITY\SYSTEM</Data>
</EventData>
</Event>

<Event xmlns="http://schemas.microsoft.com/win/2004/08/events/event"><System><Provider Name="Microsoft-Windows-Sysmon" Guid="{5770385f-c22a-43e0-bf4c-06f5698ffbd9}"></Provider>
<EventID Qualifiers="">13</EventID>
<Version>2</Version>
<Level>4</Level>
<Task>13</Task>
<Opcode>0</Opcode>
<Keywords>0x8000000000000000</Keywords>
<TimeCreated SystemTime="2025-04-10 06:11:06.090313"></TimeCreated>
<EventRecordID>6917</EventRecordID>
<Correlation ActivityID="" RelatedActivityID=""></Correlation>
<Execution ProcessID="4420" ThreadID="5708"></Execution>
<Channel>Microsoft-Windows-Sysmon/Operational</Channel>
<Computer>DESKTOP-M3AKJSD</Computer>
<Security UserID="S-1-5-18"></Security>
</System>
<EventData><Data Name="RuleName">-</Data>
<Data Name="EventType">SetValue</Data>
<Data Name="UtcTime">2025-04-10 06:11:06.088</Data>
<Data Name="ProcessGuid">{53c665d1-60fa-67f7-4d01-000000001700}</Data>
<Data Name="ProcessId">5096</Data>
<Data Name="Image">C:\WINDOWS\system32\wevtutil.exe</Data>
<Data Name="TargetObject">HKLM\SOFTWARE\Microsoft\Windows\CurrentVersion\WINEVT\Channels\Microsoft-Windows-Windows Defender/Operational\ChannelAccess</Data>
<Data Name="Details">O:BAG:SYD:(A;;0xf0007;;;SY)(A;;0x7;;;BA)(A;;0x3;;;BO)(A;;0x5;;;SO)(A;;0x1;;;IU)(A;;0x3;;;SU)(A;;0x1;;;S-1-5-3)(A;;0x2;;;S-1-5-33)(A;;0x1;;;S-1-5-32-573)</Data>
<Data Name="User">NT AUTHORITY\SYSTEM</Data>
</EventData>
</Event>

<Event xmlns="http://schemas.microsoft.com/win/2004/08/events/event"><System><Provider Name="Microsoft-Windows-Sysmon" Guid="{5770385f-c22a-43e0-bf4c-06f5698ffbd9}"></Provider>
<EventID Qualifiers="">13</EventID>
<Version>2</Version>
<Level>4</Level>
<Task>13</Task>
<Opcode>0</Opcode>
<Keywords>0x8000000000000000</Keywords>
<TimeCreated SystemTime="2025-04-10 06:11:06.090355"></TimeCreated>
<EventRecordID>6918</EventRecordID>
<Correlation ActivityID="" RelatedActivityID=""></Correlation>
<Execution ProcessID="4420" ThreadID="5708"></Execution>
<Channel>Microsoft-Windows-Sysmon/Operational</Channel>
<Computer>DESKTOP-M3AKJSD</Computer>
<Security UserID="S-1-5-18"></Security>
</System>
<EventData><Data Name="RuleName">-</Data>
<Data Name="EventType">SetValue</Data>
<Data Name="UtcTime">2025-04-10 06:11:06.088</Data>
<Data Name="ProcessGuid">{53c665d1-60fa-67f7-4d01-000000001700}</Data>
<Data Name="ProcessId">5096</Data>
<Data Name="Image">C:\WINDOWS\system32\wevtutil.exe</Data>
<Data Name="TargetObject">HKLM\SOFTWARE\Microsoft\Windows\CurrentVersion\WINEVT\Channels\Microsoft-Windows-Windows Defender/Operational\MaxSize</Data>
<Data Name="Details">DWORD (0x01000000)</Data>
<Data Name="User">NT AUTHORITY\SYSTEM</Data>
</EventData>
</Event>

<Event xmlns="http://schemas.microsoft.com/win/2004/08/events/event"><System><Provider Name="Microsoft-Windows-Sysmon" Guid="{5770385f-c22a-43e0-bf4c-06f5698ffbd9}"></Provider>
<EventID Qualifiers="">13</EventID>
<Version>2</Version>
<Level>4</Level>
<Task>13</Task>
<Opcode>0</Opcode>
<Keywords>0x8000000000000000</Keywords>
<TimeCreated SystemTime="2025-04-10 06:11:06.090397"></TimeCreated>
<EventRecordID>6919</EventRecordID>
<Correlation ActivityID="" RelatedActivityID=""></Correlation>
<Execution ProcessID="4420" ThreadID="5708"></Execution>
<Channel>Microsoft-Windows-Sysmon/Operational</Channel>
<Computer>DESKTOP-M3AKJSD</Computer>
<Security UserID="S-1-5-18"></Security>
</System>
<EventData><Data Name="RuleName">-</Data>
<Data Name="EventType">SetValue</Data>
<Data Name="UtcTime">2025-04-10 06:11:06.088</Data>
<Data Name="ProcessGuid">{53c665d1-60fa-67f7-4d01-000000001700}</Data>
<Data Name="ProcessId">5096</Data>
<Data Name="Image">C:\WINDOWS\system32\wevtutil.exe</Data>
<Data Name="TargetObject">HKLM\SOFTWARE\Microsoft\Windows\CurrentVersion\WINEVT\Channels\Microsoft-Windows-Windows Defender/Operational\MaxSizeUpper</Data>
<Data Name="Details">DWORD (0x00000000)</Data>
<Data Name="User">NT AUTHORITY\SYSTEM</Data>
</EventData>
</Event>

<Event xmlns="http://schemas.microsoft.com/win/2004/08/events/event"><System><Provider Name="Microsoft-Windows-Sysmon" Guid="{5770385f-c22a-43e0-bf4c-06f5698ffbd9}"></Provider>
<EventID Qualifiers="">13</EventID>
<Version>2</Version>
<Level>4</Level>
<Task>13</Task>
<Opcode>0</Opcode>
<Keywords>0x8000000000000000</Keywords>
<TimeCreated SystemTime="2025-04-10 06:11:06.090437"></TimeCreated>
<EventRecordID>6920</EventRecordID>
<Correlation ActivityID="" RelatedActivityID=""></Correlation>
<Execution ProcessID="4420" ThreadID="5708"></Execution>
<Channel>Microsoft-Windows-Sysmon/Operational</Channel>
<Computer>DESKTOP-M3AKJSD</Computer>
<Security UserID="S-1-5-18"></Security>
</System>
<EventData><Data Name="RuleName">-</Data>
<Data Name="EventType">SetValue</Data>
<Data Name="UtcTime">2025-04-10 06:11:06.088</Data>
<Data Name="ProcessGuid">{53c665d1-60fa-67f7-4d01-000000001700}</Data>
<Data Name="ProcessId">5096</Data>
<Data Name="Image">C:\WINDOWS\system32\wevtutil.exe</Data>
<Data Name="TargetObject">HKLM\SOFTWARE\Microsoft\Windows\CurrentVersion\WINEVT\Channels\Microsoft-Windows-Windows Defender/Operational\Type</Data>
<Data Name="Details">DWORD (0x00000001)</Data>
<Data Name="User">NT AUTHORITY\SYSTEM</Data>
</EventData>
</Event>

<Event xmlns="http://schemas.microsoft.com/win/2004/08/events/event"><System><Provider Name="Microsoft-Windows-Sysmon" Guid="{5770385f-c22a-43e0-bf4c-06f5698ffbd9}"></Provider>
<EventID Qualifiers="">13</EventID>
<Version>2</Version>
<Level>4</Level>
<Task>13</Task>
<Opcode>0</Opcode>
<Keywords>0x8000000000000000</Keywords>
<TimeCreated SystemTime="2025-04-10 06:11:06.090487"></TimeCreated>
<EventRecordID>6921</EventRecordID>
<Correlation ActivityID="" RelatedActivityID=""></Correlation>
<Execution ProcessID="4420" ThreadID="5708"></Execution>
<Channel>Microsoft-Windows-Sysmon/Operational</Channel>
<Computer>DESKTOP-M3AKJSD</Computer>
<Security UserID="S-1-5-18"></Security>
</System>
<EventData><Data Name="RuleName">-</Data>
<Data Name="EventType">SetValue</Data>
<Data Name="UtcTime">2025-04-10 06:11:06.088</Data>
<Data Name="ProcessGuid">{53c665d1-60fa-67f7-4d01-000000001700}</Data>
<Data Name="ProcessId">5096</Data>
<Data Name="Image">C:\WINDOWS\system32\wevtutil.exe</Data>
<Data Name="TargetObject">HKLM\SOFTWARE\Microsoft\Windows\CurrentVersion\WINEVT\Channels\Microsoft-Windows-Windows Defender/WHC\OwningPublisher</Data>
<Data Name="Details">{11cd958a-c507-4ef3-b3f2-5fd9dfbd2c78}</Data>
<Data Name="User">NT AUTHORITY\SYSTEM</Data>
</EventData>
</Event>

<Event xmlns="http://schemas.microsoft.com/win/2004/08/events/event"><System><Provider Name="Microsoft-Windows-Sysmon" Guid="{5770385f-c22a-43e0-bf4c-06f5698ffbd9}"></Provider>
<EventID Qualifiers="">13</EventID>
<Version>2</Version>
<Level>4</Level>
<Task>13</Task>
<Opcode>0</Opcode>
<Keywords>0x8000000000000000</Keywords>
<TimeCreated SystemTime="2025-04-10 06:11:06.090527"></TimeCreated>
<EventRecordID>6922</EventRecordID>
<Correlation ActivityID="" RelatedActivityID=""></Correlation>
<Execution ProcessID="4420" ThreadID="5708"></Execution>
<Channel>Microsoft-Windows-Sysmon/Operational</Channel>
<Computer>DESKTOP-M3AKJSD</Computer>
<Security UserID="S-1-5-18"></Security>
</System>
<EventData><Data Name="RuleName">-</Data>
<Data Name="EventType">SetValue</Data>
<Data Name="UtcTime">2025-04-10 06:11:06.088</Data>
<Data Name="ProcessGuid">{53c665d1-60fa-67f7-4d01-000000001700}</Data>
<Data Name="ProcessId">5096</Data>
<Data Name="Image">C:\WINDOWS\system32\wevtutil.exe</Data>
<Data Name="TargetObject">HKLM\SOFTWARE\Microsoft\Windows\CurrentVersion\WINEVT\Channels\Microsoft-Windows-Windows Defender/WHC\Enabled</Data>
<Data Name="Details">DWORD (0x00000001)</Data>
<Data Name="User">NT AUTHORITY\SYSTEM</Data>
</EventData>
</Event>

<Event xmlns="http://schemas.microsoft.com/win/2004/08/events/event"><System><Provider Name="Microsoft-Windows-Sysmon" Guid="{5770385f-c22a-43e0-bf4c-06f5698ffbd9}"></Provider>
<EventID Qualifiers="">13</EventID>
<Version>2</Version>
<Level>4</Level>
<Task>13</Task>
<Opcode>0</Opcode>
<Keywords>0x8000000000000000</Keywords>
<TimeCreated SystemTime="2025-04-10 06:11:06.090565"></TimeCreated>
<EventRecordID>6923</EventRecordID>
<Correlation ActivityID="" RelatedActivityID=""></Correlation>
<Execution ProcessID="4420" ThreadID="5708"></Execution>
<Channel>Microsoft-Windows-Sysmon/Operational</Channel>
<Computer>DESKTOP-M3AKJSD</Computer>
<Security UserID="S-1-5-18"></Security>
</System>
<EventData><Data Name="RuleName">-</Data>
<Data Name="EventType">SetValue</Data>
<Data Name="UtcTime">2025-04-10 06:11:06.088</Data>
<Data Name="ProcessGuid">{53c665d1-60fa-67f7-4d01-000000001700}</Data>
<Data Name="ProcessId">5096</Data>
<Data Name="Image">C:\WINDOWS\system32\wevtutil.exe</Data>
<Data Name="TargetObject">HKLM\SOFTWARE\Microsoft\Windows\CurrentVersion\WINEVT\Channels\Microsoft-Windows-Windows Defender/WHC\Isolation</Data>
<Data Name="Details">DWORD (0x00000001)</Data>
<Data Name="User">NT AUTHORITY\SYSTEM</Data>
</EventData>
</Event>

<Event xmlns="http://schemas.microsoft.com/win/2004/08/events/event"><System><Provider Name="Microsoft-Windows-Sysmon" Guid="{5770385f-c22a-43e0-bf4c-06f5698ffbd9}"></Provider>
<EventID Qualifiers="">13</EventID>
<Version>2</Version>
<Level>4</Level>
<Task>13</Task>
<Opcode>0</Opcode>
<Keywords>0x8000000000000000</Keywords>
<TimeCreated SystemTime="2025-04-10 06:11:06.090605"></TimeCreated>
<EventRecordID>6924</EventRecordID>
<Correlation ActivityID="" RelatedActivityID=""></Correlation>
<Execution ProcessID="4420" ThreadID="5708"></Execution>
<Channel>Microsoft-Windows-Sysmon/Operational</Channel>
<Computer>DESKTOP-M3AKJSD</Computer>
<Security UserID="S-1-5-18"></Security>
</System>
<EventData><Data Name="RuleName">-</Data>
<Data Name="EventType">SetValue</Data>
<Data Name="UtcTime">2025-04-10 06:11:06.088</Data>
<Data Name="ProcessGuid">{53c665d1-60fa-67f7-4d01-000000001700}</Data>
<Data Name="ProcessId">5096</Data>
<Data Name="Image">C:\WINDOWS\system32\wevtutil.exe</Data>
<Data Name="TargetObject">HKLM\SOFTWARE\Microsoft\Windows\CurrentVersion\WINEVT\Channels\Microsoft-Windows-Windows Defender/WHC\ChannelAccess</Data>
<Data Name="Details">O:BAG:SYD:(A;;0xf0007;;;SY)(A;;0x7;;;BA)(A;;0x3;;;BO)(A;;0x5;;;SO)(A;;0x1;;;IU)(A;;0x3;;;SU)(A;;0x1;;;S-1-5-3)(A;;0x2;;;S-1-5-33)(A;;0x1;;;S-1-5-32-573)</Data>
<Data Name="User">NT AUTHORITY\SYSTEM</Data>
</EventData>
</Event>

<Event xmlns="http://schemas.microsoft.com/win/2004/08/events/event"><System><Provider Name="Microsoft-Windows-Sysmon" Guid="{5770385f-c22a-43e0-bf4c-06f5698ffbd9}"></Provider>
<EventID Qualifiers="">13</EventID>
<Version>2</Version>
<Level>4</Level>
<Task>13</Task>
<Opcode>0</Opcode>
<Keywords>0x8000000000000000</Keywords>
<TimeCreated SystemTime="2025-04-10 06:11:06.090643"></TimeCreated>
<EventRecordID>6925</EventRecordID>
<Correlation ActivityID="" RelatedActivityID=""></Correlation>
<Execution ProcessID="4420" ThreadID="5708"></Execution>
<Channel>Microsoft-Windows-Sysmon/Operational</Channel>
<Computer>DESKTOP-M3AKJSD</Computer>
<Security UserID="S-1-5-18"></Security>
</System>
<EventData><Data Name="RuleName">-</Data>
<Data Name="EventType">SetValue</Data>
<Data Name="UtcTime">2025-04-10 06:11:06.088</Data>
<Data Name="ProcessGuid">{53c665d1-60fa-67f7-4d01-000000001700}</Data>
<Data Name="ProcessId">5096</Data>
<Data Name="Image">C:\WINDOWS\system32\wevtutil.exe</Data>
<Data Name="TargetObject">HKLM\SOFTWARE\Microsoft\Windows\CurrentVersion\WINEVT\Channels\Microsoft-Windows-Windows Defender/WHC\MaxSize</Data>
<Data Name="Details">DWORD (0x00040000)</Data>
<Data Name="User">NT AUTHORITY\SYSTEM</Data>
</EventData>
</Event>

<Event xmlns="http://schemas.microsoft.com/win/2004/08/events/event"><System><Provider Name="Microsoft-Windows-Sysmon" Guid="{5770385f-c22a-43e0-bf4c-06f5698ffbd9}"></Provider>
<EventID Qualifiers="">13</EventID>
<Version>2</Version>
<Level>4</Level>
<Task>13</Task>
<Opcode>0</Opcode>
<Keywords>0x8000000000000000</Keywords>
<TimeCreated SystemTime="2025-04-10 06:11:06.090681"></TimeCreated>
<EventRecordID>6926</EventRecordID>
<Correlation ActivityID="" RelatedActivityID=""></Correlation>
<Execution ProcessID="4420" ThreadID="5708"></Execution>
<Channel>Microsoft-Windows-Sysmon/Operational</Channel>
<Computer>DESKTOP-M3AKJSD</Computer>
<Security UserID="S-1-5-18"></Security>
</System>
<EventData><Data Name="RuleName">-</Data>
<Data Name="EventType">SetValue</Data>
<Data Name="UtcTime">2025-04-10 06:11:06.088</Data>
<Data Name="ProcessGuid">{53c665d1-60fa-67f7-4d01-000000001700}</Data>
<Data Name="ProcessId">5096</Data>
<Data Name="Image">C:\WINDOWS\system32\wevtutil.exe</Data>
<Data Name="TargetObject">HKLM\SOFTWARE\Microsoft\Windows\CurrentVersion\WINEVT\Channels\Microsoft-Windows-Windows Defender/WHC\MaxSizeUpper</Data>
<Data Name="Details">DWORD (0x00000000)</Data>
<Data Name="User">NT AUTHORITY\SYSTEM</Data>
</EventData>
</Event>

<Event xmlns="http://schemas.microsoft.com/win/2004/08/events/event"><System><Provider Name="Microsoft-Windows-Sysmon" Guid="{5770385f-c22a-43e0-bf4c-06f5698ffbd9}"></Provider>
<EventID Qualifiers="">13</EventID>
<Version>2</Version>
<Level>4</Level>
<Task>13</Task>
<Opcode>0</Opcode>
<Keywords>0x8000000000000000</Keywords>
<TimeCreated SystemTime="2025-04-10 06:11:06.090723"></TimeCreated>
<EventRecordID>6927</EventRecordID>
<Correlation ActivityID="" RelatedActivityID=""></Correlation>
<Execution ProcessID="4420" ThreadID="5708"></Execution>
<Channel>Microsoft-Windows-Sysmon/Operational</Channel>
<Computer>DESKTOP-M3AKJSD</Computer>
<Security UserID="S-1-5-18"></Security>
</System>
<EventData><Data Name="RuleName">-</Data>
<Data Name="EventType">SetValue</Data>
<Data Name="UtcTime">2025-04-10 06:11:06.088</Data>
<Data Name="ProcessGuid">{53c665d1-60fa-67f7-4d01-000000001700}</Data>
<Data Name="ProcessId">5096</Data>
<Data Name="Image">C:\WINDOWS\system32\wevtutil.exe</Data>
<Data Name="TargetObject">HKLM\SOFTWARE\Microsoft\Windows\CurrentVersion\WINEVT\Channels\Microsoft-Windows-Windows Defender/WHC\Type</Data>
<Data Name="Details">DWORD (0x00000001)</Data>
<Data Name="User">NT AUTHORITY\SYSTEM</Data>
</EventData>
</Event>

<Event xmlns="http://schemas.microsoft.com/win/2004/08/events/event"><System><Provider Name="Microsoft-Windows-Sysmon" Guid="{5770385f-c22a-43e0-bf4c-06f5698ffbd9}"></Provider>
<EventID Qualifiers="">1</EventID>
<Version>5</Version>
<Level>4</Level>
<Task>1</Task>
<Opcode>0</Opcode>
<Keywords>0x8000000000000000</Keywords>
<TimeCreated SystemTime="2025-04-10 06:11:06.417536"></TimeCreated>
<EventRecordID>6928</EventRecordID>
<Correlation ActivityID="" RelatedActivityID=""></Correlation>
<Execution ProcessID="4420" ThreadID="5708"></Execution>
<Channel>Microsoft-Windows-Sysmon/Operational</Channel>
<Computer>DESKTOP-M3AKJSD</Computer>
<Security UserID="S-1-5-18"></Security>
</System>
<EventData><Data Name="RuleName">-</Data>
<Data Name="UtcTime">2025-04-10 06:11:06.416</Data>
<Data Name="ProcessGuid">{53c665d1-60fa-67f7-4f01-000000001700}</Data>
<Data Name="ProcessId">8604</Data>
<Data Name="Image">C:\Windows\System32\wevtutil.exe</Data>
<Data Name="FileVersion">10.0.26100.1150 (WinBuild.160101.0800)</Data>
<Data Name="Description">Windows Event Log Utility</Data>
<Data Name="Product">Microsoft&#174; Windows&#174; Operating System</Data>
<Data Name="Company">Microsoft Corporation</Data>
<Data Name="OriginalFileName">wevtutil.exe</Data>
<Data Name="CommandLine">C:\WINDOWS\system32\wevtutil.exe uninstall-manifest "C:\ProgramData\Microsoft\Windows Defender\Platform\4.18.25030.2-0\Microsoft-Antimalware-Service.man"</Data>
<Data Name="CurrentDirectory">C:\WINDOWS\system32\</Data>
<Data Name="User">NT AUTHORITY\SYSTEM</Data>
<Data Name="LogonGuid">{53c665d1-5e7a-67f7-e703-000000000000}</Data>
<Data Name="LogonId">0x00000000000003e7</Data>
<Data Name="TerminalSessionId">0</Data>
<Data Name="IntegrityLevel">System</Data>
<Data Name="Hashes">MD5=AF54D4FA49CD679D47064D30BD1B7641,SHA256=0EA582D5A4EB48096B40C2F7A102E465DAEA69C816C8FAEA481B68D8FD0929D5,IMPHASH=9D0B0164498DEE3DA72DF328E7AE8C0B</Data>
<Data Name="ParentProcessGuid">{53c665d1-60f8-67f7-4601-000000001700}</Data>
<Data Name="ParentProcessId">7220</Data>
<Data Name="ParentImage">C:\ProgramData\Microsoft\Windows Defender\Platform\4.18.25020.1009-0\MsMpEng.exe</Data>
<Data Name="ParentCommandLine">"C:\ProgramData\Microsoft\Windows Defender\Platform\4.18.25020.1009-0\MsMpEng.exe"</Data>
<Data Name="ParentUser">NT AUTHORITY\SYSTEM</Data>
</EventData>
</Event>

<Event xmlns="http://schemas.microsoft.com/win/2004/08/events/event"><System><Provider Name="Microsoft-Windows-Sysmon" Guid="{5770385f-c22a-43e0-bf4c-06f5698ffbd9}"></Provider>
<EventID Qualifiers="">1</EventID>
<Version>5</Version>
<Level>4</Level>
<Task>1</Task>
<Opcode>0</Opcode>
<Keywords>0x8000000000000000</Keywords>
<TimeCreated SystemTime="2025-04-10 06:11:06.491615"></TimeCreated>
<EventRecordID>6929</EventRecordID>
<Correlation ActivityID="" RelatedActivityID=""></Correlation>
<Execution ProcessID="4420" ThreadID="5708"></Execution>
<Channel>Microsoft-Windows-Sysmon/Operational</Channel>
<Computer>DESKTOP-M3AKJSD</Computer>
<Security UserID="S-1-5-18"></Security>
</System>
<EventData><Data Name="RuleName">-</Data>
<Data Name="UtcTime">2025-04-10 06:11:06.490</Data>
<Data Name="ProcessGuid">{53c665d1-60fa-67f7-5101-000000001700}</Data>
<Data Name="ProcessId">4572</Data>
<Data Name="Image">C:\Windows\System32\wevtutil.exe</Data>
<Data Name="FileVersion">10.0.26100.1150 (WinBuild.160101.0800)</Data>
<Data Name="Description">Windows Event Log Utility</Data>
<Data Name="Product">Microsoft&#174; Windows&#174; Operating System</Data>
<Data Name="Company">Microsoft Corporation</Data>
<Data Name="OriginalFileName">wevtutil.exe</Data>
<Data Name="CommandLine">C:\WINDOWS\system32\wevtutil.exe install-manifest "C:\ProgramData\Microsoft\Windows Defender\Platform\4.18.25030.2-0\Microsoft-Antimalware-Service.man" "/resourceFilePath:C:\ProgramData\Microsoft\Windows Defender\Platform\4.18.25030.2-0\MpSvc.dll" "/messageFilePath:C:\ProgramData\Microsoft\Windows Defender\Platform\4.18.25030.2-0\MpSvc.dll" "/parameterFilePath:C:\ProgramData\Microsoft\Windows Defender\Platform\4.18.25030.2-0\MpSvc.dll"</Data>
<Data Name="CurrentDirectory">C:\WINDOWS\system32\</Data>
<Data Name="User">NT AUTHORITY\SYSTEM</Data>
<Data Name="LogonGuid">{53c665d1-5e7a-67f7-e703-000000000000}</Data>
<Data Name="LogonId">0x00000000000003e7</Data>
<Data Name="TerminalSessionId">0</Data>
<Data Name="IntegrityLevel">System</Data>
<Data Name="Hashes">MD5=AF54D4FA49CD679D47064D30BD1B7641,SHA256=0EA582D5A4EB48096B40C2F7A102E465DAEA69C816C8FAEA481B68D8FD0929D5,IMPHASH=9D0B0164498DEE3DA72DF328E7AE8C0B</Data>
<Data Name="ParentProcessGuid">{53c665d1-60f8-67f7-4601-000000001700}</Data>
<Data Name="ParentProcessId">7220</Data>
<Data Name="ParentImage">C:\ProgramData\Microsoft\Windows Defender\Platform\4.18.25020.1009-0\MsMpEng.exe</Data>
<Data Name="ParentCommandLine">"C:\ProgramData\Microsoft\Windows Defender\Platform\4.18.25020.1009-0\MsMpEng.exe"</Data>
<Data Name="ParentUser">NT AUTHORITY\SYSTEM</Data>
</EventData>
</Event>

<Event xmlns="http://schemas.microsoft.com/win/2004/08/events/event"><System><Provider Name="Microsoft-Windows-Sysmon" Guid="{5770385f-c22a-43e0-bf4c-06f5698ffbd9}"></Provider>
<EventID Qualifiers="">1</EventID>
<Version>5</Version>
<Level>4</Level>
<Task>1</Task>
<Opcode>0</Opcode>
<Keywords>0x8000000000000000</Keywords>
<TimeCreated SystemTime="2025-04-10 06:11:06.566483"></TimeCreated>
<EventRecordID>6930</EventRecordID>
<Correlation ActivityID="" RelatedActivityID=""></Correlation>
<Execution ProcessID="4420" ThreadID="5708"></Execution>
<Channel>Microsoft-Windows-Sysmon/Operational</Channel>
<Computer>DESKTOP-M3AKJSD</Computer>
<Security UserID="S-1-5-18"></Security>
</System>
<EventData><Data Name="RuleName">-</Data>
<Data Name="UtcTime">2025-04-10 06:11:06.565</Data>
<Data Name="ProcessGuid">{53c665d1-60fa-67f7-5301-000000001700}</Data>
<Data Name="ProcessId">6320</Data>
<Data Name="Image">C:\Windows\System32\wevtutil.exe</Data>
<Data Name="FileVersion">10.0.26100.1150 (WinBuild.160101.0800)</Data>
<Data Name="Description">Windows Event Log Utility</Data>
<Data Name="Product">Microsoft&#174; Windows&#174; Operating System</Data>
<Data Name="Company">Microsoft Corporation</Data>
<Data Name="OriginalFileName">wevtutil.exe</Data>
<Data Name="CommandLine">C:\WINDOWS\system32\wevtutil.exe uninstall-manifest "C:\ProgramData\Microsoft\Windows Defender\Platform\4.18.25030.2-0\Microsoft-Antimalware-NIS.man"</Data>
<Data Name="CurrentDirectory">C:\WINDOWS\system32\</Data>
<Data Name="User">NT AUTHORITY\SYSTEM</Data>
<Data Name="LogonGuid">{53c665d1-5e7a-67f7-e703-000000000000}</Data>
<Data Name="LogonId">0x00000000000003e7</Data>
<Data Name="TerminalSessionId">0</Data>
<Data Name="IntegrityLevel">System</Data>
<Data Name="Hashes">MD5=AF54D4FA49CD679D47064D30BD1B7641,SHA256=0EA582D5A4EB48096B40C2F7A102E465DAEA69C816C8FAEA481B68D8FD0929D5,IMPHASH=9D0B0164498DEE3DA72DF328E7AE8C0B</Data>
<Data Name="ParentProcessGuid">{53c665d1-60f8-67f7-4601-000000001700}</Data>
<Data Name="ParentProcessId">7220</Data>
<Data Name="ParentImage">C:\ProgramData\Microsoft\Windows Defender\Platform\4.18.25020.1009-0\MsMpEng.exe</Data>
<Data Name="ParentCommandLine">"C:\ProgramData\Microsoft\Windows Defender\Platform\4.18.25020.1009-0\MsMpEng.exe"</Data>
<Data Name="ParentUser">NT AUTHORITY\SYSTEM</Data>
</EventData>
</Event>

<Event xmlns="http://schemas.microsoft.com/win/2004/08/events/event"><System><Provider Name="Microsoft-Windows-Sysmon" Guid="{5770385f-c22a-43e0-bf4c-06f5698ffbd9}"></Provider>
<EventID Qualifiers="">1</EventID>
<Version>5</Version>
<Level>4</Level>
<Task>1</Task>
<Opcode>0</Opcode>
<Keywords>0x8000000000000000</Keywords>
<TimeCreated SystemTime="2025-04-10 06:11:06.611855"></TimeCreated>
<EventRecordID>6931</EventRecordID>
<Correlation ActivityID="" RelatedActivityID=""></Correlation>
<Execution ProcessID="4420" ThreadID="5708"></Execution>
<Channel>Microsoft-Windows-Sysmon/Operational</Channel>
<Computer>DESKTOP-M3AKJSD</Computer>
<Security UserID="S-1-5-18"></Security>
</System>
<EventData><Data Name="RuleName">-</Data>
<Data Name="UtcTime">2025-04-10 06:11:06.611</Data>
<Data Name="ProcessGuid">{53c665d1-60fa-67f7-5501-000000001700}</Data>
<Data Name="ProcessId">6136</Data>
<Data Name="Image">C:\Windows\System32\wevtutil.exe</Data>
<Data Name="FileVersion">10.0.26100.1150 (WinBuild.160101.0800)</Data>
<Data Name="Description">Windows Event Log Utility</Data>
<Data Name="Product">Microsoft&#174; Windows&#174; Operating System</Data>
<Data Name="Company">Microsoft Corporation</Data>
<Data Name="OriginalFileName">wevtutil.exe</Data>
<Data Name="CommandLine">C:\WINDOWS\system32\wevtutil.exe install-manifest "C:\ProgramData\Microsoft\Windows Defender\Platform\4.18.25030.2-0\Microsoft-Antimalware-NIS.man" "/resourceFilePath:C:\ProgramData\Microsoft\Windows Defender\Platform\4.18.25030.2-0\NisSrv.exe" "/messageFilePath:C:\ProgramData\Microsoft\Windows Defender\Platform\4.18.25030.2-0\NisSrv.exe" "/parameterFilePath:C:\ProgramData\Microsoft\Windows Defender\Platform\4.18.25030.2-0\NisSrv.exe"</Data>
<Data Name="CurrentDirectory">C:\WINDOWS\system32\</Data>
<Data Name="User">NT AUTHORITY\SYSTEM</Data>
<Data Name="LogonGuid">{53c665d1-5e7a-67f7-e703-000000000000}</Data>
<Data Name="LogonId">0x00000000000003e7</Data>
<Data Name="TerminalSessionId">0</Data>
<Data Name="IntegrityLevel">System</Data>
<Data Name="Hashes">MD5=AF54D4FA49CD679D47064D30BD1B7641,SHA256=0EA582D5A4EB48096B40C2F7A102E465DAEA69C816C8FAEA481B68D8FD0929D5,IMPHASH=9D0B0164498DEE3DA72DF328E7AE8C0B</Data>
<Data Name="ParentProcessGuid">{53c665d1-60f8-67f7-4601-000000001700}</Data>
<Data Name="ParentProcessId">7220</Data>
<Data Name="ParentImage">C:\ProgramData\Microsoft\Windows Defender\Platform\4.18.25020.1009-0\MsMpEng.exe</Data>
<Data Name="ParentCommandLine">"C:\ProgramData\Microsoft\Windows Defender\Platform\4.18.25020.1009-0\MsMpEng.exe"</Data>
<Data Name="ParentUser">NT AUTHORITY\SYSTEM</Data>
</EventData>
</Event>

<Event xmlns="http://schemas.microsoft.com/win/2004/08/events/event"><System><Provider Name="Microsoft-Windows-Sysmon" Guid="{5770385f-c22a-43e0-bf4c-06f5698ffbd9}"></Provider>
<EventID Qualifiers="">1</EventID>
<Version>5</Version>
<Level>4</Level>
<Task>1</Task>
<Opcode>0</Opcode>
<Keywords>0x8000000000000000</Keywords>
<TimeCreated SystemTime="2025-04-10 06:11:06.679100"></TimeCreated>
<EventRecordID>6932</EventRecordID>
<Correlation ActivityID="" RelatedActivityID=""></Correlation>
<Execution ProcessID="4420" ThreadID="5708"></Execution>
<Channel>Microsoft-Windows-Sysmon/Operational</Channel>
<Computer>DESKTOP-M3AKJSD</Computer>
<Security UserID="S-1-5-18"></Security>
</System>
<EventData><Data Name="RuleName">-</Data>
<Data Name="UtcTime">2025-04-10 06:11:06.678</Data>
<Data Name="ProcessGuid">{53c665d1-60fa-67f7-5701-000000001700}</Data>
<Data Name="ProcessId">5548</Data>
<Data Name="Image">C:\Windows\System32\wevtutil.exe</Data>
<Data Name="FileVersion">10.0.26100.1150 (WinBuild.160101.0800)</Data>
<Data Name="Description">Windows Event Log Utility</Data>
<Data Name="Product">Microsoft&#174; Windows&#174; Operating System</Data>
<Data Name="Company">Microsoft Corporation</Data>
<Data Name="OriginalFileName">wevtutil.exe</Data>
<Data Name="CommandLine">C:\WINDOWS\system32\wevtutil.exe uninstall-manifest "C:\ProgramData\Microsoft\Windows Defender\Platform\4.18.25030.2-0\Microsoft-Antimalware-RTP.man"</Data>
<Data Name="CurrentDirectory">C:\WINDOWS\system32\</Data>
<Data Name="User">NT AUTHORITY\SYSTEM</Data>
<Data Name="LogonGuid">{53c665d1-5e7a-67f7-e703-000000000000}</Data>
<Data Name="LogonId">0x00000000000003e7</Data>
<Data Name="TerminalSessionId">0</Data>
<Data Name="IntegrityLevel">System</Data>
<Data Name="Hashes">MD5=AF54D4FA49CD679D47064D30BD1B7641,SHA256=0EA582D5A4EB48096B40C2F7A102E465DAEA69C816C8FAEA481B68D8FD0929D5,IMPHASH=9D0B0164498DEE3DA72DF328E7AE8C0B</Data>
<Data Name="ParentProcessGuid">{53c665d1-60f8-67f7-4601-000000001700}</Data>
<Data Name="ParentProcessId">7220</Data>
<Data Name="ParentImage">C:\ProgramData\Microsoft\Windows Defender\Platform\4.18.25020.1009-0\MsMpEng.exe</Data>
<Data Name="ParentCommandLine">"C:\ProgramData\Microsoft\Windows Defender\Platform\4.18.25020.1009-0\MsMpEng.exe"</Data>
<Data Name="ParentUser">NT AUTHORITY\SYSTEM</Data>
</EventData>
</Event>

<Event xmlns="http://schemas.microsoft.com/win/2004/08/events/event"><System><Provider Name="Microsoft-Windows-Sysmon" Guid="{5770385f-c22a-43e0-bf4c-06f5698ffbd9}"></Provider>
<EventID Qualifiers="">1</EventID>
<Version>5</Version>
<Level>4</Level>
<Task>1</Task>
<Opcode>0</Opcode>
<Keywords>0x8000000000000000</Keywords>
<TimeCreated SystemTime="2025-04-10 06:11:06.754240"></TimeCreated>
<EventRecordID>6933</EventRecordID>
<Correlation ActivityID="" RelatedActivityID=""></Correlation>
<Execution ProcessID="4420" ThreadID="5708"></Execution>
<Channel>Microsoft-Windows-Sysmon/Operational</Channel>
<Computer>DESKTOP-M3AKJSD</Computer>
<Security UserID="S-1-5-18"></Security>
</System>
<EventData><Data Name="RuleName">-</Data>
<Data Name="UtcTime">2025-04-10 06:11:06.752</Data>
<Data Name="ProcessGuid">{53c665d1-60fa-67f7-5901-000000001700}</Data>
<Data Name="ProcessId">8028</Data>
<Data Name="Image">C:\Windows\System32\wevtutil.exe</Data>
<Data Name="FileVersion">10.0.26100.1150 (WinBuild.160101.0800)</Data>
<Data Name="Description">Windows Event Log Utility</Data>
<Data Name="Product">Microsoft&#174; Windows&#174; Operating System</Data>
<Data Name="Company">Microsoft Corporation</Data>
<Data Name="OriginalFileName">wevtutil.exe</Data>
<Data Name="CommandLine">C:\WINDOWS\system32\wevtutil.exe install-manifest "C:\ProgramData\Microsoft\Windows Defender\Platform\4.18.25030.2-0\Microsoft-Antimalware-RTP.man" "/resourceFilePath:C:\ProgramData\Microsoft\Windows Defender\Platform\4.18.25030.2-0\MpRtp.dll" "/messageFilePath:C:\ProgramData\Microsoft\Windows Defender\Platform\4.18.25030.2-0\MpRtp.dll" "/parameterFilePath:C:\ProgramData\Microsoft\Windows Defender\Platform\4.18.25030.2-0\MpRtp.dll"</Data>
<Data Name="CurrentDirectory">C:\WINDOWS\system32\</Data>
<Data Name="User">NT AUTHORITY\SYSTEM</Data>
<Data Name="LogonGuid">{53c665d1-5e7a-67f7-e703-000000000000}</Data>
<Data Name="LogonId">0x00000000000003e7</Data>
<Data Name="TerminalSessionId">0</Data>
<Data Name="IntegrityLevel">System</Data>
<Data Name="Hashes">MD5=AF54D4FA49CD679D47064D30BD1B7641,SHA256=0EA582D5A4EB48096B40C2F7A102E465DAEA69C816C8FAEA481B68D8FD0929D5,IMPHASH=9D0B0164498DEE3DA72DF328E7AE8C0B</Data>
<Data Name="ParentProcessGuid">{53c665d1-60f8-67f7-4601-000000001700}</Data>
<Data Name="ParentProcessId">7220</Data>
<Data Name="ParentImage">C:\ProgramData\Microsoft\Windows Defender\Platform\4.18.25020.1009-0\MsMpEng.exe</Data>
<Data Name="ParentCommandLine">"C:\ProgramData\Microsoft\Windows Defender\Platform\4.18.25020.1009-0\MsMpEng.exe"</Data>
<Data Name="ParentUser">NT AUTHORITY\SYSTEM</Data>
</EventData>
</Event>

<Event xmlns="http://schemas.microsoft.com/win/2004/08/events/event"><System><Provider Name="Microsoft-Windows-Sysmon" Guid="{5770385f-c22a-43e0-bf4c-06f5698ffbd9}"></Provider>
<EventID Qualifiers="">1</EventID>
<Version>5</Version>
<Level>4</Level>
<Task>1</Task>
<Opcode>0</Opcode>
<Keywords>0x8000000000000000</Keywords>
<TimeCreated SystemTime="2025-04-10 06:11:06.828472"></TimeCreated>
<EventRecordID>6934</EventRecordID>
<Correlation ActivityID="" RelatedActivityID=""></Correlation>
<Execution ProcessID="4420" ThreadID="5708"></Execution>
<Channel>Microsoft-Windows-Sysmon/Operational</Channel>
<Computer>DESKTOP-M3AKJSD</Computer>
<Security UserID="S-1-5-18"></Security>
</System>
<EventData><Data Name="RuleName">-</Data>
<Data Name="UtcTime">2025-04-10 06:11:06.827</Data>
<Data Name="ProcessGuid">{53c665d1-60fa-67f7-5b01-000000001700}</Data>
<Data Name="ProcessId">8024</Data>
<Data Name="Image">C:\Windows\System32\wevtutil.exe</Data>
<Data Name="FileVersion">10.0.26100.1150 (WinBuild.160101.0800)</Data>
<Data Name="Description">Windows Event Log Utility</Data>
<Data Name="Product">Microsoft&#174; Windows&#174; Operating System</Data>
<Data Name="Company">Microsoft Corporation</Data>
<Data Name="OriginalFileName">wevtutil.exe</Data>
<Data Name="CommandLine">C:\WINDOWS\system32\wevtutil.exe uninstall-manifest "C:\ProgramData\Microsoft\Windows Defender\Platform\4.18.25030.2-0\Microsoft-Antimalware-Protection.man"</Data>
<Data Name="CurrentDirectory">C:\WINDOWS\system32\</Data>
<Data Name="User">NT AUTHORITY\SYSTEM</Data>
<Data Name="LogonGuid">{53c665d1-5e7a-67f7-e703-000000000000}</Data>
<Data Name="LogonId">0x00000000000003e7</Data>
<Data Name="TerminalSessionId">0</Data>
<Data Name="IntegrityLevel">System</Data>
<Data Name="Hashes">MD5=AF54D4FA49CD679D47064D30BD1B7641,SHA256=0EA582D5A4EB48096B40C2F7A102E465DAEA69C816C8FAEA481B68D8FD0929D5,IMPHASH=9D0B0164498DEE3DA72DF328E7AE8C0B</Data>
<Data Name="ParentProcessGuid">{53c665d1-60f8-67f7-4601-000000001700}</Data>
<Data Name="ParentProcessId">7220</Data>
<Data Name="ParentImage">C:\ProgramData\Microsoft\Windows Defender\Platform\4.18.25020.1009-0\MsMpEng.exe</Data>
<Data Name="ParentCommandLine">"C:\ProgramData\Microsoft\Windows Defender\Platform\4.18.25020.1009-0\MsMpEng.exe"</Data>
<Data Name="ParentUser">NT AUTHORITY\SYSTEM</Data>
</EventData>
</Event>

