<Event xmlns="http://schemas.microsoft.com/win/2004/08/events/event"><System><Provider Name="Microsoft-Windows-Sysmon" Guid="{5770385f-c22a-43e0-bf4c-06f5698ffbd9}"></Provider>
<EventID Qualifiers="">11</EventID>
<Version>2</Version>
<Level>4</Level>
<Task>11</Task>
<Opcode>0</Opcode>
<Keywords>0x8000000000000000</Keywords>
<TimeCreated SystemTime="2025-04-10 06:19:18.266722"></TimeCreated>
<EventRecordID>7468</EventRecordID>
<Correlation ActivityID="" RelatedActivityID=""></Correlation>
<Execution ProcessID="4420" ThreadID="5708"></Execution>
<Channel>Microsoft-Windows-Sysmon/Operational</Channel>
<Computer>DESKTOP-M3AKJSD</Computer>
<Security UserID="S-1-5-18"></Security>
</System>
<EventData><Data Name="RuleName">DLL</Data>
<Data Name="UtcTime">2025-04-10 06:19:18.264</Data>
<Data Name="ProcessGuid">{53c665d1-62d2-67f7-5e02-000000001700}</Data>
<Data Name="ProcessId">2148</Data>
<Data Name="Image">C:\Program Files (x86)\Microsoft Visual Studio\Installer\resources\app\ServiceHub\Services\Microsoft.VisualStudio.Setup.Service\BackgroundDownload.exe</Data>
<Data Name="TargetFilename">C:\Users\User\AppData\Local\Temp\pveqxquy.cim\resources\app\ServiceHub\Services\Microsoft.VisualStudio.Setup.Service\Microsoft.Internal.VisualStudio.Shell.Framework.dll</Data>
<Data Name="CreationUtcTime">2025-04-10 06:19:18.264</Data>
<Data Name="User">DESKTOP-M3AKJSD\User</Data>
</EventData>
</Event>

<Event xmlns="http://schemas.microsoft.com/win/2004/08/events/event"><System><Provider Name="Microsoft-Windows-Sysmon" Guid="{5770385f-c22a-43e0-bf4c-06f5698ffbd9}"></Provider>
<EventID Qualifiers="">11</EventID>
<Version>2</Version>
<Level>4</Level>
<Task>11</Task>
<Opcode>0</Opcode>
<Keywords>0x8000000000000000</Keywords>
<TimeCreated SystemTime="2025-04-10 06:19:18.268772"></TimeCreated>
<EventRecordID>7469</EventRecordID>
<Correlation ActivityID="" RelatedActivityID=""></Correlation>
<Execution ProcessID="4420" ThreadID="5708"></Execution>
<Channel>Microsoft-Windows-Sysmon/Operational</Channel>
<Computer>DESKTOP-M3AKJSD</Computer>
<Security UserID="S-1-5-18"></Security>
</System>
<EventData><Data Name="RuleName">DLL</Data>
<Data Name="UtcTime">2025-04-10 06:19:18.267</Data>
<Data Name="ProcessGuid">{53c665d1-62d2-67f7-5e02-000000001700}</Data>
<Data Name="ProcessId">2148</Data>
<Data Name="Image">C:\Program Files (x86)\Microsoft Visual Studio\Installer\resources\app\ServiceHub\Services\Microsoft.VisualStudio.Setup.Service\BackgroundDownload.exe</Data>
<Data Name="TargetFilename">C:\Users\User\AppData\Local\Temp\pveqxquy.cim\resources\app\ServiceHub\Services\Microsoft.VisualStudio.Setup.Service\Microsoft.IO.Redist.dll</Data>
<Data Name="CreationUtcTime">2025-04-10 06:19:18.267</Data>
<Data Name="User">DESKTOP-M3AKJSD\User</Data>
</EventData>
</Event>

<Event xmlns="http://schemas.microsoft.com/win/2004/08/events/event"><System><Provider Name="Microsoft-Windows-Sysmon" Guid="{5770385f-c22a-43e0-bf4c-06f5698ffbd9}"></Provider>
<EventID Qualifiers="">11</EventID>
<Version>2</Version>
<Level>4</Level>
<Task>11</Task>
<Opcode>0</Opcode>
<Keywords>0x8000000000000000</Keywords>
<TimeCreated SystemTime="2025-04-10 06:19:18.271667"></TimeCreated>
<EventRecordID>7470</EventRecordID>
<Correlation ActivityID="" RelatedActivityID=""></Correlation>
<Execution ProcessID="4420" ThreadID="5708"></Execution>
<Channel>Microsoft-Windows-Sysmon/Operational</Channel>
<Computer>DESKTOP-M3AKJSD</Computer>
<Security UserID="S-1-5-18"></Security>
</System>
<EventData><Data Name="RuleName">DLL</Data>
<Data Name="UtcTime">2025-04-10 06:19:18.269</Data>
<Data Name="ProcessGuid">{53c665d1-62d2-67f7-5e02-000000001700}</Data>
<Data Name="ProcessId">2148</Data>
<Data Name="Image">C:\Program Files (x86)\Microsoft Visual Studio\Installer\resources\app\ServiceHub\Services\Microsoft.VisualStudio.Setup.Service\BackgroundDownload.exe</Data>
<Data Name="TargetFilename">C:\Users\User\AppData\Local\Temp\pveqxquy.cim\resources\app\ServiceHub\Services\Microsoft.VisualStudio.Setup.Service\Microsoft.NET.StringTools.dll</Data>
<Data Name="CreationUtcTime">2025-04-10 06:19:18.269</Data>
<Data Name="User">DESKTOP-M3AKJSD\User</Data>
</EventData>
</Event>

<Event xmlns="http://schemas.microsoft.com/win/2004/08/events/event"><System><Provider Name="Microsoft-Windows-Sysmon" Guid="{5770385f-c22a-43e0-bf4c-06f5698ffbd9}"></Provider>
<EventID Qualifiers="">11</EventID>
<Version>2</Version>
<Level>4</Level>
<Task>11</Task>
<Opcode>0</Opcode>
<Keywords>0x8000000000000000</Keywords>
<TimeCreated SystemTime="2025-04-10 06:19:18.279736"></TimeCreated>
<EventRecordID>7471</EventRecordID>
<Correlation ActivityID="" RelatedActivityID=""></Correlation>
<Execution ProcessID="4420" ThreadID="5708"></Execution>
<Channel>Microsoft-Windows-Sysmon/Operational</Channel>
<Computer>DESKTOP-M3AKJSD</Computer>
<Security UserID="S-1-5-18"></Security>
</System>
<EventData><Data Name="RuleName">DLL</Data>
<Data Name="UtcTime">2025-04-10 06:19:18.278</Data>
<Data Name="ProcessGuid">{53c665d1-62d2-67f7-5e02-000000001700}</Data>
<Data Name="ProcessId">2148</Data>
<Data Name="Image">C:\Program Files (x86)\Microsoft Visual Studio\Installer\resources\app\ServiceHub\Services\Microsoft.VisualStudio.Setup.Service\BackgroundDownload.exe</Data>
<Data Name="TargetFilename">C:\Users\User\AppData\Local\Temp\pveqxquy.cim\resources\app\ServiceHub\Services\Microsoft.VisualStudio.Setup.Service\Microsoft.ServiceHub.Framework.dll</Data>
<Data Name="CreationUtcTime">2025-04-10 06:19:18.274</Data>
<Data Name="User">DESKTOP-M3AKJSD\User</Data>
</EventData>
</Event>

<Event xmlns="http://schemas.microsoft.com/win/2004/08/events/event"><System><Provider Name="Microsoft-Windows-Sysmon" Guid="{5770385f-c22a-43e0-bf4c-06f5698ffbd9}"></Provider>
<EventID Qualifiers="">11</EventID>
<Version>2</Version>
<Level>4</Level>
<Task>11</Task>
<Opcode>0</Opcode>
<Keywords>0x8000000000000000</Keywords>
<TimeCreated SystemTime="2025-04-10 06:19:18.284609"></TimeCreated>
<EventRecordID>7472</EventRecordID>
<Correlation ActivityID="" RelatedActivityID=""></Correlation>
<Execution ProcessID="4420" ThreadID="5708"></Execution>
<Channel>Microsoft-Windows-Sysmon/Operational</Channel>
<Computer>DESKTOP-M3AKJSD</Computer>
<Security UserID="S-1-5-18"></Security>
</System>
<EventData><Data Name="RuleName">DLL</Data>
<Data Name="UtcTime">2025-04-10 06:19:18.283</Data>
<Data Name="ProcessGuid">{53c665d1-62d2-67f7-5e02-000000001700}</Data>
<Data Name="ProcessId">2148</Data>
<Data Name="Image">C:\Program Files (x86)\Microsoft Visual Studio\Installer\resources\app\ServiceHub\Services\Microsoft.VisualStudio.Setup.Service\BackgroundDownload.exe</Data>
<Data Name="TargetFilename">C:\Users\User\AppData\Local\Temp\pveqxquy.cim\resources\app\ServiceHub\Services\Microsoft.VisualStudio.Setup.Service\Microsoft.ServiceHub.Resources.dll</Data>
<Data Name="CreationUtcTime">2025-04-10 06:19:18.283</Data>
<Data Name="User">DESKTOP-M3AKJSD\User</Data>
</EventData>
</Event>

<Event xmlns="http://schemas.microsoft.com/win/2004/08/events/event"><System><Provider Name="Microsoft-Windows-Sysmon" Guid="{5770385f-c22a-43e0-bf4c-06f5698ffbd9}"></Provider>
<EventID Qualifiers="">11</EventID>
<Version>2</Version>
<Level>4</Level>
<Task>11</Task>
<Opcode>0</Opcode>
<Keywords>0x8000000000000000</Keywords>
<TimeCreated SystemTime="2025-04-10 06:19:18.286743"></TimeCreated>
<EventRecordID>7473</EventRecordID>
<Correlation ActivityID="" RelatedActivityID=""></Correlation>
<Execution ProcessID="4420" ThreadID="5708"></Execution>
<Channel>Microsoft-Windows-Sysmon/Operational</Channel>
<Computer>DESKTOP-M3AKJSD</Computer>
<Security UserID="S-1-5-18"></Security>
</System>
<EventData><Data Name="RuleName">DLL</Data>
<Data Name="UtcTime">2025-04-10 06:19:18.285</Data>
<Data Name="ProcessGuid">{53c665d1-62d2-67f7-5e02-000000001700}</Data>
<Data Name="ProcessId">2148</Data>
<Data Name="Image">C:\Program Files (x86)\Microsoft Visual Studio\Installer\resources\app\ServiceHub\Services\Microsoft.VisualStudio.Setup.Service\BackgroundDownload.exe</Data>
<Data Name="TargetFilename">C:\Users\User\AppData\Local\Temp\pveqxquy.cim\resources\app\ServiceHub\Services\Microsoft.VisualStudio.Setup.Service\Microsoft.TeamFoundation.Common.dll</Data>
<Data Name="CreationUtcTime">2025-04-10 06:19:18.285</Data>
<Data Name="User">DESKTOP-M3AKJSD\User</Data>
</EventData>
</Event>

<Event xmlns="http://schemas.microsoft.com/win/2004/08/events/event"><System><Provider Name="Microsoft-Windows-Sysmon" Guid="{5770385f-c22a-43e0-bf4c-06f5698ffbd9}"></Provider>
<EventID Qualifiers="">11</EventID>
<Version>2</Version>
<Level>4</Level>
<Task>11</Task>
<Opcode>0</Opcode>
<Keywords>0x8000000000000000</Keywords>
<TimeCreated SystemTime="2025-04-10 06:19:18.295073"></TimeCreated>
<EventRecordID>7474</EventRecordID>
<Correlation ActivityID="" RelatedActivityID=""></Correlation>
<Execution ProcessID="4420" ThreadID="5708"></Execution>
<Channel>Microsoft-Windows-Sysmon/Operational</Channel>
<Computer>DESKTOP-M3AKJSD</Computer>
<Security UserID="S-1-5-18"></Security>
</System>
<EventData><Data Name="RuleName">DLL</Data>
<Data Name="UtcTime">2025-04-10 06:19:18.293</Data>
<Data Name="ProcessGuid">{53c665d1-62d2-67f7-5e02-000000001700}</Data>
<Data Name="ProcessId">2148</Data>
<Data Name="Image">C:\Program Files (x86)\Microsoft Visual Studio\Installer\resources\app\ServiceHub\Services\Microsoft.VisualStudio.Setup.Service\BackgroundDownload.exe</Data>
<Data Name="TargetFilename">C:\Users\User\AppData\Local\Temp\pveqxquy.cim\resources\app\ServiceHub\Services\Microsoft.VisualStudio.Setup.Service\Microsoft.Toolkit.Uwp.Notifications.dll</Data>
<Data Name="CreationUtcTime">2025-04-10 06:19:18.293</Data>
<Data Name="User">DESKTOP-M3AKJSD\User</Data>
</EventData>
</Event>

<Event xmlns="http://schemas.microsoft.com/win/2004/08/events/event"><System><Provider Name="Microsoft-Windows-Sysmon" Guid="{5770385f-c22a-43e0-bf4c-06f5698ffbd9}"></Provider>
<EventID Qualifiers="">11</EventID>
<Version>2</Version>
<Level>4</Level>
<Task>11</Task>
<Opcode>0</Opcode>
<Keywords>0x8000000000000000</Keywords>
<TimeCreated SystemTime="2025-04-10 06:19:18.299261"></TimeCreated>
<EventRecordID>7475</EventRecordID>
<Correlation ActivityID="" RelatedActivityID=""></Correlation>
<Execution ProcessID="4420" ThreadID="5708"></Execution>
<Channel>Microsoft-Windows-Sysmon/Operational</Channel>
<Computer>DESKTOP-M3AKJSD</Computer>
<Security UserID="S-1-5-18"></Security>
</System>
<EventData><Data Name="RuleName">DLL</Data>
<Data Name="UtcTime">2025-04-10 06:19:18.297</Data>
<Data Name="ProcessGuid">{53c665d1-62d2-67f7-5e02-000000001700}</Data>
<Data Name="ProcessId">2148</Data>
<Data Name="Image">C:\Program Files (x86)\Microsoft Visual Studio\Installer\resources\app\ServiceHub\Services\Microsoft.VisualStudio.Setup.Service\BackgroundDownload.exe</Data>
<Data Name="TargetFilename">C:\Users\User\AppData\Local\Temp\pveqxquy.cim\resources\app\ServiceHub\Services\Microsoft.VisualStudio.Setup.Service\Microsoft.VisualStudio.Composition.dll</Data>
<Data Name="CreationUtcTime">2025-04-10 06:19:18.297</Data>
<Data Name="User">DESKTOP-M3AKJSD\User</Data>
</EventData>
</Event>

<Event xmlns="http://schemas.microsoft.com/win/2004/08/events/event"><System><Provider Name="Microsoft-Windows-Sysmon" Guid="{5770385f-c22a-43e0-bf4c-06f5698ffbd9}"></Provider>
<EventID Qualifiers="">11</EventID>
<Version>2</Version>
<Level>4</Level>
<Task>11</Task>
<Opcode>0</Opcode>
<Keywords>0x8000000000000000</Keywords>
<TimeCreated SystemTime="2025-04-10 06:19:18.306578"></TimeCreated>
<EventRecordID>7476</EventRecordID>
<Correlation ActivityID="" RelatedActivityID=""></Correlation>
<Execution ProcessID="4420" ThreadID="5708"></Execution>
<Channel>Microsoft-Windows-Sysmon/Operational</Channel>
<Computer>DESKTOP-M3AKJSD</Computer>
<Security UserID="S-1-5-18"></Security>
</System>
<EventData><Data Name="RuleName">DLL</Data>
<Data Name="UtcTime">2025-04-10 06:19:18.304</Data>
<Data Name="ProcessGuid">{53c665d1-62d2-67f7-5e02-000000001700}</Data>
<Data Name="ProcessId">2148</Data>
<Data Name="Image">C:\Program Files (x86)\Microsoft Visual Studio\Installer\resources\app\ServiceHub\Services\Microsoft.VisualStudio.Setup.Service\BackgroundDownload.exe</Data>
<Data Name="TargetFilename">C:\Users\User\AppData\Local\Temp\pveqxquy.cim\resources\app\ServiceHub\Services\Microsoft.VisualStudio.Setup.Service\Microsoft.VisualStudio.ExtensionEngine.dll</Data>
<Data Name="CreationUtcTime">2025-04-10 06:19:18.304</Data>
<Data Name="User">DESKTOP-M3AKJSD\User</Data>
</EventData>
</Event>

<Event xmlns="http://schemas.microsoft.com/win/2004/08/events/event"><System><Provider Name="Microsoft-Windows-Sysmon" Guid="{5770385f-c22a-43e0-bf4c-06f5698ffbd9}"></Provider>
<EventID Qualifiers="">11</EventID>
<Version>2</Version>
<Level>4</Level>
<Task>11</Task>
<Opcode>0</Opcode>
<Keywords>0x8000000000000000</Keywords>
<TimeCreated SystemTime="2025-04-10 06:19:18.319073"></TimeCreated>
<EventRecordID>7477</EventRecordID>
<Correlation ActivityID="" RelatedActivityID=""></Correlation>
<Execution ProcessID="4420" ThreadID="5708"></Execution>
<Channel>Microsoft-Windows-Sysmon/Operational</Channel>
<Computer>DESKTOP-M3AKJSD</Computer>
<Security UserID="S-1-5-18"></Security>
</System>
<EventData><Data Name="RuleName">DLL</Data>
<Data Name="UtcTime">2025-04-10 06:19:18.316</Data>
<Data Name="ProcessGuid">{53c665d1-62d2-67f7-5e02-000000001700}</Data>
<Data Name="ProcessId">2148</Data>
<Data Name="Image">C:\Program Files (x86)\Microsoft Visual Studio\Installer\resources\app\ServiceHub\Services\Microsoft.VisualStudio.Setup.Service\BackgroundDownload.exe</Data>
<Data Name="TargetFilename">C:\Users\User\AppData\Local\Temp\pveqxquy.cim\resources\app\ServiceHub\Services\Microsoft.VisualStudio.Setup.Service\Microsoft.VisualStudio.ExtensionEngineContract.dll</Data>
<Data Name="CreationUtcTime">2025-04-10 06:19:18.316</Data>
<Data Name="User">DESKTOP-M3AKJSD\User</Data>
</EventData>
</Event>

<Event xmlns="http://schemas.microsoft.com/win/2004/08/events/event"><System><Provider Name="Microsoft-Windows-Sysmon" Guid="{5770385f-c22a-43e0-bf4c-06f5698ffbd9}"></Provider>
<EventID Qualifiers="">11</EventID>
<Version>2</Version>
<Level>4</Level>
<Task>11</Task>
<Opcode>0</Opcode>
<Keywords>0x8000000000000000</Keywords>
<TimeCreated SystemTime="2025-04-10 06:19:18.327824"></TimeCreated>
<EventRecordID>7478</EventRecordID>
<Correlation ActivityID="" RelatedActivityID=""></Correlation>
<Execution ProcessID="4420" ThreadID="5708"></Execution>
<Channel>Microsoft-Windows-Sysmon/Operational</Channel>
<Computer>DESKTOP-M3AKJSD</Computer>
<Security UserID="S-1-5-18"></Security>
</System>
<EventData><Data Name="RuleName">DLL</Data>
<Data Name="UtcTime">2025-04-10 06:19:18.325</Data>
<Data Name="ProcessGuid">{53c665d1-62d2-67f7-5e02-000000001700}</Data>
<Data Name="ProcessId">2148</Data>
<Data Name="Image">C:\Program Files (x86)\Microsoft Visual Studio\Installer\resources\app\ServiceHub\Services\Microsoft.VisualStudio.Setup.Service\BackgroundDownload.exe</Data>
<Data Name="TargetFilename">C:\Users\User\AppData\Local\Temp\pveqxquy.cim\resources\app\ServiceHub\Services\Microsoft.VisualStudio.Setup.Service\Microsoft.VisualStudio.ExtensionManager.dll</Data>
<Data Name="CreationUtcTime">2025-04-10 06:19:18.325</Data>
<Data Name="User">DESKTOP-M3AKJSD\User</Data>
</EventData>
</Event>

<Event xmlns="http://schemas.microsoft.com/win/2004/08/events/event"><System><Provider Name="Microsoft-Windows-Sysmon" Guid="{5770385f-c22a-43e0-bf4c-06f5698ffbd9}"></Provider>
<EventID Qualifiers="">11</EventID>
<Version>2</Version>
<Level>4</Level>
<Task>11</Task>
<Opcode>0</Opcode>
<Keywords>0x8000000000000000</Keywords>
<TimeCreated SystemTime="2025-04-10 06:19:18.331406"></TimeCreated>
<EventRecordID>7479</EventRecordID>
<Correlation ActivityID="" RelatedActivityID=""></Correlation>
<Execution ProcessID="4420" ThreadID="5708"></Execution>
<Channel>Microsoft-Windows-Sysmon/Operational</Channel>
<Computer>DESKTOP-M3AKJSD</Computer>
<Security UserID="S-1-5-18"></Security>
</System>
<EventData><Data Name="RuleName">DLL</Data>
<Data Name="UtcTime">2025-04-10 06:19:18.330</Data>
<Data Name="ProcessGuid">{53c665d1-62d2-67f7-5e02-000000001700}</Data>
<Data Name="ProcessId">2148</Data>
<Data Name="Image">C:\Program Files (x86)\Microsoft Visual Studio\Installer\resources\app\ServiceHub\Services\Microsoft.VisualStudio.Setup.Service\BackgroundDownload.exe</Data>
<Data Name="TargetFilename">C:\Users\User\AppData\Local\Temp\pveqxquy.cim\resources\app\ServiceHub\Services\Microsoft.VisualStudio.Setup.Service\Microsoft.VisualStudio.Imaging.dll</Data>
<Data Name="CreationUtcTime">2025-04-10 06:19:18.330</Data>
<Data Name="User">DESKTOP-M3AKJSD\User</Data>
</EventData>
</Event>

<Event xmlns="http://schemas.microsoft.com/win/2004/08/events/event"><System><Provider Name="Microsoft-Windows-Sysmon" Guid="{5770385f-c22a-43e0-bf4c-06f5698ffbd9}"></Provider>
<EventID Qualifiers="">11</EventID>
<Version>2</Version>
<Level>4</Level>
<Task>11</Task>
<Opcode>0</Opcode>
<Keywords>0x8000000000000000</Keywords>
<TimeCreated SystemTime="2025-04-10 06:19:18.337545"></TimeCreated>
<EventRecordID>7480</EventRecordID>
<Correlation ActivityID="" RelatedActivityID=""></Correlation>
<Execution ProcessID="4420" ThreadID="5708"></Execution>
<Channel>Microsoft-Windows-Sysmon/Operational</Channel>
<Computer>DESKTOP-M3AKJSD</Computer>
<Security UserID="S-1-5-18"></Security>
</System>
<EventData><Data Name="RuleName">DLL</Data>
<Data Name="UtcTime">2025-04-10 06:19:18.335</Data>
<Data Name="ProcessGuid">{53c665d1-62d2-67f7-5e02-000000001700}</Data>
<Data Name="ProcessId">2148</Data>
<Data Name="Image">C:\Program Files (x86)\Microsoft Visual Studio\Installer\resources\app\ServiceHub\Services\Microsoft.VisualStudio.Setup.Service\BackgroundDownload.exe</Data>
<Data Name="TargetFilename">C:\Users\User\AppData\Local\Temp\pveqxquy.cim\resources\app\ServiceHub\Services\Microsoft.VisualStudio.Setup.Service\Microsoft.VisualStudio.Imaging.Interop.14.0.DesignTime.dll</Data>
<Data Name="CreationUtcTime">2025-04-10 06:19:18.333</Data>
<Data Name="User">DESKTOP-M3AKJSD\User</Data>
</EventData>
</Event>

<Event xmlns="http://schemas.microsoft.com/win/2004/08/events/event"><System><Provider Name="Microsoft-Windows-Sysmon" Guid="{5770385f-c22a-43e0-bf4c-06f5698ffbd9}"></Provider>
<EventID Qualifiers="">11</EventID>
<Version>2</Version>
<Level>4</Level>
<Task>11</Task>
<Opcode>0</Opcode>
<Keywords>0x8000000000000000</Keywords>
<TimeCreated SystemTime="2025-04-10 06:19:18.339180"></TimeCreated>
<EventRecordID>7481</EventRecordID>
<Correlation ActivityID="" RelatedActivityID=""></Correlation>
<Execution ProcessID="4420" ThreadID="5708"></Execution>
<Channel>Microsoft-Windows-Sysmon/Operational</Channel>
<Computer>DESKTOP-M3AKJSD</Computer>
<Security UserID="S-1-5-18"></Security>
</System>
<EventData><Data Name="RuleName">DLL</Data>
<Data Name="UtcTime">2025-04-10 06:19:18.338</Data>
<Data Name="ProcessGuid">{53c665d1-62d2-67f7-5e02-000000001700}</Data>
<Data Name="ProcessId">2148</Data>
<Data Name="Image">C:\Program Files (x86)\Microsoft Visual Studio\Installer\resources\app\ServiceHub\Services\Microsoft.VisualStudio.Setup.Service\BackgroundDownload.exe</Data>
<Data Name="TargetFilename">C:\Users\User\AppData\Local\Temp\pveqxquy.cim\resources\app\ServiceHub\Services\Microsoft.VisualStudio.Setup.Service\Microsoft.VisualStudio.Interop.dll</Data>
<Data Name="CreationUtcTime">2025-04-10 06:19:18.338</Data>
<Data Name="User">DESKTOP-M3AKJSD\User</Data>
</EventData>
</Event>

<Event xmlns="http://schemas.microsoft.com/win/2004/08/events/event"><System><Provider Name="Microsoft-Windows-Sysmon" Guid="{5770385f-c22a-43e0-bf4c-06f5698ffbd9}"></Provider>
<EventID Qualifiers="">11</EventID>
<Version>2</Version>
<Level>4</Level>
<Task>11</Task>
<Opcode>0</Opcode>
<Keywords>0x8000000000000000</Keywords>
<TimeCreated SystemTime="2025-04-10 06:19:18.360926"></TimeCreated>
<EventRecordID>7482</EventRecordID>
<Correlation ActivityID="" RelatedActivityID=""></Correlation>
<Execution ProcessID="4420" ThreadID="5708"></Execution>
<Channel>Microsoft-Windows-Sysmon/Operational</Channel>
<Computer>DESKTOP-M3AKJSD</Computer>
<Security UserID="S-1-5-18"></Security>
</System>
<EventData><Data Name="RuleName">DLL</Data>
<Data Name="UtcTime">2025-04-10 06:19:18.360</Data>
<Data Name="ProcessGuid">{53c665d1-62d2-67f7-5e02-000000001700}</Data>
<Data Name="ProcessId">2148</Data>
<Data Name="Image">C:\Program Files (x86)\Microsoft Visual Studio\Installer\resources\app\ServiceHub\Services\Microsoft.VisualStudio.Setup.Service\BackgroundDownload.exe</Data>
<Data Name="TargetFilename">C:\Users\User\AppData\Local\Temp\pveqxquy.cim\resources\app\ServiceHub\Services\Microsoft.VisualStudio.Setup.Service\Microsoft.VisualStudio.RemoteControl.dll</Data>
<Data Name="CreationUtcTime">2025-04-10 06:19:18.360</Data>
<Data Name="User">DESKTOP-M3AKJSD\User</Data>
</EventData>
</Event>

<Event xmlns="http://schemas.microsoft.com/win/2004/08/events/event"><System><Provider Name="Microsoft-Windows-Sysmon" Guid="{5770385f-c22a-43e0-bf4c-06f5698ffbd9}"></Provider>
<EventID Qualifiers="">11</EventID>
<Version>2</Version>
<Level>4</Level>
<Task>11</Task>
<Opcode>0</Opcode>
<Keywords>0x8000000000000000</Keywords>
<TimeCreated SystemTime="2025-04-10 06:19:18.363016"></TimeCreated>
<EventRecordID>7483</EventRecordID>
<Correlation ActivityID="" RelatedActivityID=""></Correlation>
<Execution ProcessID="4420" ThreadID="5708"></Execution>
<Channel>Microsoft-Windows-Sysmon/Operational</Channel>
<Computer>DESKTOP-M3AKJSD</Computer>
<Security UserID="S-1-5-18"></Security>
</System>
<EventData><Data Name="RuleName">DLL</Data>
<Data Name="UtcTime">2025-04-10 06:19:18.360</Data>
<Data Name="ProcessGuid">{53c665d1-62d2-67f7-5e02-000000001700}</Data>
<Data Name="ProcessId">2148</Data>
<Data Name="Image">C:\Program Files (x86)\Microsoft Visual Studio\Installer\resources\app\ServiceHub\Services\Microsoft.VisualStudio.Setup.Service\BackgroundDownload.exe</Data>
<Data Name="TargetFilename">C:\Users\User\AppData\Local\Temp\pveqxquy.cim\resources\app\ServiceHub\Services\Microsoft.VisualStudio.Setup.Service\Microsoft.VisualStudio.RpcContracts.dll</Data>
<Data Name="CreationUtcTime">2025-04-10 06:19:18.360</Data>
<Data Name="User">DESKTOP-M3AKJSD\User</Data>
</EventData>
</Event>

<Event xmlns="http://schemas.microsoft.com/win/2004/08/events/event"><System><Provider Name="Microsoft-Windows-Sysmon" Guid="{5770385f-c22a-43e0-bf4c-06f5698ffbd9}"></Provider>
<EventID Qualifiers="">11</EventID>
<Version>2</Version>
<Level>4</Level>
<Task>11</Task>
<Opcode>0</Opcode>
<Keywords>0x8000000000000000</Keywords>
<TimeCreated SystemTime="2025-04-10 06:19:18.365862"></TimeCreated>
<EventRecordID>7484</EventRecordID>
<Correlation ActivityID="" RelatedActivityID=""></Correlation>
<Execution ProcessID="4420" ThreadID="5708"></Execution>
<Channel>Microsoft-Windows-Sysmon/Operational</Channel>
<Computer>DESKTOP-M3AKJSD</Computer>
<Security UserID="S-1-5-18"></Security>
</System>
<EventData><Data Name="RuleName">DLL</Data>
<Data Name="UtcTime">2025-04-10 06:19:18.365</Data>
<Data Name="ProcessGuid">{53c665d1-62d2-67f7-5e02-000000001700}</Data>
<Data Name="ProcessId">2148</Data>
<Data Name="Image">C:\Program Files (x86)\Microsoft Visual Studio\Installer\resources\app\ServiceHub\Services\Microsoft.VisualStudio.Setup.Service\BackgroundDownload.exe</Data>
<Data Name="TargetFilename">C:\Users\User\AppData\Local\Temp\pveqxquy.cim\resources\app\ServiceHub\Services\Microsoft.VisualStudio.Setup.Service\Microsoft.VisualStudio.Services.Common.dll</Data>
<Data Name="CreationUtcTime">2025-04-10 06:19:18.362</Data>
<Data Name="User">DESKTOP-M3AKJSD\User</Data>
</EventData>
</Event>

<Event xmlns="http://schemas.microsoft.com/win/2004/08/events/event"><System><Provider Name="Microsoft-Windows-Sysmon" Guid="{5770385f-c22a-43e0-bf4c-06f5698ffbd9}"></Provider>
<EventID Qualifiers="">11</EventID>
<Version>2</Version>
<Level>4</Level>
<Task>11</Task>
<Opcode>0</Opcode>
<Keywords>0x8000000000000000</Keywords>
<TimeCreated SystemTime="2025-04-10 06:19:18.372995"></TimeCreated>
<EventRecordID>7485</EventRecordID>
<Correlation ActivityID="" RelatedActivityID=""></Correlation>
<Execution ProcessID="4420" ThreadID="5708"></Execution>
<Channel>Microsoft-Windows-Sysmon/Operational</Channel>
<Computer>DESKTOP-M3AKJSD</Computer>
<Security UserID="S-1-5-18"></Security>
</System>
<EventData><Data Name="RuleName">DLL</Data>
<Data Name="UtcTime">2025-04-10 06:19:18.371</Data>
<Data Name="ProcessGuid">{53c665d1-62d2-67f7-5e02-000000001700}</Data>
<Data Name="ProcessId">2148</Data>
<Data Name="Image">C:\Program Files (x86)\Microsoft Visual Studio\Installer\resources\app\ServiceHub\Services\Microsoft.VisualStudio.Setup.Service\BackgroundDownload.exe</Data>
<Data Name="TargetFilename">C:\Users\User\AppData\Local\Temp\pveqxquy.cim\resources\app\ServiceHub\Services\Microsoft.VisualStudio.Setup.Service\Microsoft.VisualStudio.Services.Gallery.WebApi.dll</Data>
<Data Name="CreationUtcTime">2025-04-10 06:19:18.371</Data>
<Data Name="User">DESKTOP-M3AKJSD\User</Data>
</EventData>
</Event>

<Event xmlns="http://schemas.microsoft.com/win/2004/08/events/event"><System><Provider Name="Microsoft-Windows-Sysmon" Guid="{5770385f-c22a-43e0-bf4c-06f5698ffbd9}"></Provider>
<EventID Qualifiers="">11</EventID>
<Version>2</Version>
<Level>4</Level>
<Task>11</Task>
<Opcode>0</Opcode>
<Keywords>0x8000000000000000</Keywords>
<TimeCreated SystemTime="2025-04-10 06:19:18.376656"></TimeCreated>
<EventRecordID>7486</EventRecordID>
<Correlation ActivityID="" RelatedActivityID=""></Correlation>
<Execution ProcessID="4420" ThreadID="5708"></Execution>
<Channel>Microsoft-Windows-Sysmon/Operational</Channel>
<Computer>DESKTOP-M3AKJSD</Computer>
<Security UserID="S-1-5-18"></Security>
</System>
<EventData><Data Name="RuleName">DLL</Data>
<Data Name="UtcTime">2025-04-10 06:19:18.374</Data>
<Data Name="ProcessGuid">{53c665d1-62d2-67f7-5e02-000000001700}</Data>
<Data Name="ProcessId">2148</Data>
<Data Name="Image">C:\Program Files (x86)\Microsoft Visual Studio\Installer\resources\app\ServiceHub\Services\Microsoft.VisualStudio.Setup.Service\BackgroundDownload.exe</Data>
<Data Name="TargetFilename">C:\Users\User\AppData\Local\Temp\pveqxquy.cim\resources\app\ServiceHub\Services\Microsoft.VisualStudio.Setup.Service\Microsoft.VisualStudio.Services.WebApi.dll</Data>
<Data Name="CreationUtcTime">2025-04-10 06:19:18.374</Data>
<Data Name="User">DESKTOP-M3AKJSD\User</Data>
</EventData>
</Event>

<Event xmlns="http://schemas.microsoft.com/win/2004/08/events/event"><System><Provider Name="Microsoft-Windows-Sysmon" Guid="{5770385f-c22a-43e0-bf4c-06f5698ffbd9}"></Provider>
<EventID Qualifiers="">11</EventID>
<Version>2</Version>
<Level>4</Level>
<Task>11</Task>
<Opcode>0</Opcode>
<Keywords>0x8000000000000000</Keywords>
<TimeCreated SystemTime="2025-04-10 06:19:18.394901"></TimeCreated>
<EventRecordID>7487</EventRecordID>
<Correlation ActivityID="" RelatedActivityID=""></Correlation>
<Execution ProcessID="4420" ThreadID="5708"></Execution>
<Channel>Microsoft-Windows-Sysmon/Operational</Channel>
<Computer>DESKTOP-M3AKJSD</Computer>
<Security UserID="S-1-5-18"></Security>
</System>
<EventData><Data Name="RuleName">DLL</Data>
<Data Name="UtcTime">2025-04-10 06:19:18.392</Data>
<Data Name="ProcessGuid">{53c665d1-62d2-67f7-5e02-000000001700}</Data>
<Data Name="ProcessId">2148</Data>
<Data Name="Image">C:\Program Files (x86)\Microsoft Visual Studio\Installer\resources\app\ServiceHub\Services\Microsoft.VisualStudio.Setup.Service\BackgroundDownload.exe</Data>
<Data Name="TargetFilename">C:\Users\User\AppData\Local\Temp\pveqxquy.cim\resources\app\ServiceHub\Services\Microsoft.VisualStudio.Setup.Service\Microsoft.VisualStudio.Setup.Common.dll</Data>
<Data Name="CreationUtcTime">2025-04-10 06:19:18.392</Data>
<Data Name="User">DESKTOP-M3AKJSD\User</Data>
</EventData>
</Event>

<Event xmlns="http://schemas.microsoft.com/win/2004/08/events/event"><System><Provider Name="Microsoft-Windows-Sysmon" Guid="{5770385f-c22a-43e0-bf4c-06f5698ffbd9}"></Provider>
<EventID Qualifiers="">11</EventID>
<Version>2</Version>
<Level>4</Level>
<Task>11</Task>
<Opcode>0</Opcode>
<Keywords>0x8000000000000000</Keywords>
<TimeCreated SystemTime="2025-04-10 06:19:18.403351"></TimeCreated>
<EventRecordID>7488</EventRecordID>
<Correlation ActivityID="" RelatedActivityID=""></Correlation>
<Execution ProcessID="4420" ThreadID="5708"></Execution>
<Channel>Microsoft-Windows-Sysmon/Operational</Channel>
<Computer>DESKTOP-M3AKJSD</Computer>
<Security UserID="S-1-5-18"></Security>
</System>
<EventData><Data Name="RuleName">DLL</Data>
<Data Name="UtcTime">2025-04-10 06:19:18.402</Data>
<Data Name="ProcessGuid">{53c665d1-62d2-67f7-5e02-000000001700}</Data>
<Data Name="ProcessId">2148</Data>
<Data Name="Image">C:\Program Files (x86)\Microsoft Visual Studio\Installer\resources\app\ServiceHub\Services\Microsoft.VisualStudio.Setup.Service\BackgroundDownload.exe</Data>
<Data Name="TargetFilename">C:\Users\User\AppData\Local\Temp\pveqxquy.cim\resources\app\ServiceHub\Services\Microsoft.VisualStudio.Setup.Service\Microsoft.VisualStudio.Setup.dll</Data>
<Data Name="CreationUtcTime">2025-04-10 06:19:18.402</Data>
<Data Name="User">DESKTOP-M3AKJSD\User</Data>
</EventData>
</Event>

<Event xmlns="http://schemas.microsoft.com/win/2004/08/events/event"><System><Provider Name="Microsoft-Windows-Sysmon" Guid="{5770385f-c22a-43e0-bf4c-06f5698ffbd9}"></Provider>
<EventID Qualifiers="">11</EventID>
<Version>2</Version>
<Level>4</Level>
<Task>11</Task>
<Opcode>0</Opcode>
<Keywords>0x8000000000000000</Keywords>
<TimeCreated SystemTime="2025-04-10 06:19:18.421070"></TimeCreated>
<EventRecordID>7489</EventRecordID>
<Correlation ActivityID="" RelatedActivityID=""></Correlation>
<Execution ProcessID="4420" ThreadID="5708"></Execution>
<Channel>Microsoft-Windows-Sysmon/Operational</Channel>
<Computer>DESKTOP-M3AKJSD</Computer>
<Security UserID="S-1-5-18"></Security>
</System>
<EventData><Data Name="RuleName">DLL</Data>
<Data Name="UtcTime">2025-04-10 06:19:18.420</Data>
<Data Name="ProcessGuid">{53c665d1-62d2-67f7-5e02-000000001700}</Data>
<Data Name="ProcessId">2148</Data>
<Data Name="Image">C:\Program Files (x86)\Microsoft Visual Studio\Installer\resources\app\ServiceHub\Services\Microsoft.VisualStudio.Setup.Service\BackgroundDownload.exe</Data>
<Data Name="TargetFilename">C:\Users\User\AppData\Local\Temp\pveqxquy.cim\resources\app\ServiceHub\Services\Microsoft.VisualStudio.Setup.Service\Microsoft.VisualStudio.Setup.Download.dll</Data>
<Data Name="CreationUtcTime">2025-04-10 06:19:18.418</Data>
<Data Name="User">DESKTOP-M3AKJSD\User</Data>
</EventData>
</Event>

<Event xmlns="http://schemas.microsoft.com/win/2004/08/events/event"><System><Provider Name="Microsoft-Windows-Sysmon" Guid="{5770385f-c22a-43e0-bf4c-06f5698ffbd9}"></Provider>
<EventID Qualifiers="">11</EventID>
<Version>2</Version>
<Level>4</Level>
<Task>11</Task>
<Opcode>0</Opcode>
<Keywords>0x8000000000000000</Keywords>
<TimeCreated SystemTime="2025-04-10 06:19:18.428638"></TimeCreated>
<EventRecordID>7490</EventRecordID>
<Correlation ActivityID="" RelatedActivityID=""></Correlation>
<Execution ProcessID="4420" ThreadID="5708"></Execution>
<Channel>Microsoft-Windows-Sysmon/Operational</Channel>
<Computer>DESKTOP-M3AKJSD</Computer>
<Security UserID="S-1-5-18"></Security>
</System>
<EventData><Data Name="RuleName">DLL</Data>
<Data Name="UtcTime">2025-04-10 06:19:18.428</Data>
<Data Name="ProcessGuid">{53c665d1-62d2-67f7-5e02-000000001700}</Data>
<Data Name="ProcessId">2148</Data>
<Data Name="Image">C:\Program Files (x86)\Microsoft Visual Studio\Installer\resources\app\ServiceHub\Services\Microsoft.VisualStudio.Setup.Service\BackgroundDownload.exe</Data>
<Data Name="TargetFilename">C:\Users\User\AppData\Local\Temp\pveqxquy.cim\resources\app\ServiceHub\Services\Microsoft.VisualStudio.Setup.Service\Microsoft.VisualStudio.Setup.InstallerResources.dll</Data>
<Data Name="CreationUtcTime">2025-04-10 06:19:18.425</Data>
<Data Name="User">DESKTOP-M3AKJSD\User</Data>
</EventData>
</Event>

<Event xmlns="http://schemas.microsoft.com/win/2004/08/events/event"><System><Provider Name="Microsoft-Windows-Sysmon" Guid="{5770385f-c22a-43e0-bf4c-06f5698ffbd9}"></Provider>
<EventID Qualifiers="">11</EventID>
<Version>2</Version>
<Level>4</Level>
<Task>11</Task>
<Opcode>0</Opcode>
<Keywords>0x8000000000000000</Keywords>
<TimeCreated SystemTime="2025-04-10 06:19:18.436560"></TimeCreated>
<EventRecordID>7491</EventRecordID>
<Correlation ActivityID="" RelatedActivityID=""></Correlation>
<Execution ProcessID="4420" ThreadID="5708"></Execution>
<Channel>Microsoft-Windows-Sysmon/Operational</Channel>
<Computer>DESKTOP-M3AKJSD</Computer>
<Security UserID="S-1-5-18"></Security>
</System>
<EventData><Data Name="RuleName">DLL</Data>
<Data Name="UtcTime">2025-04-10 06:19:18.434</Data>
<Data Name="ProcessGuid">{53c665d1-62d2-67f7-5e02-000000001700}</Data>
<Data Name="ProcessId">2148</Data>
<Data Name="Image">C:\Program Files (x86)\Microsoft Visual Studio\Installer\resources\app\ServiceHub\Services\Microsoft.VisualStudio.Setup.Service\BackgroundDownload.exe</Data>
<Data Name="TargetFilename">C:\Users\User\AppData\Local\Temp\pveqxquy.cim\resources\app\ServiceHub\Services\Microsoft.VisualStudio.Setup.Service\Microsoft.VisualStudio.Setup.NuGet.Packaging.dll</Data>
<Data Name="CreationUtcTime">2025-04-10 06:19:18.434</Data>
<Data Name="User">DESKTOP-M3AKJSD\User</Data>
</EventData>
</Event>

<Event xmlns="http://schemas.microsoft.com/win/2004/08/events/event"><System><Provider Name="Microsoft-Windows-Sysmon" Guid="{5770385f-c22a-43e0-bf4c-06f5698ffbd9}"></Provider>
<EventID Qualifiers="">11</EventID>
<Version>2</Version>
<Level>4</Level>
<Task>11</Task>
<Opcode>0</Opcode>
<Keywords>0x8000000000000000</Keywords>
<TimeCreated SystemTime="2025-04-10 06:19:18.457066"></TimeCreated>
<EventRecordID>7492</EventRecordID>
<Correlation ActivityID="" RelatedActivityID=""></Correlation>
<Execution ProcessID="4420" ThreadID="5708"></Execution>
<Channel>Microsoft-Windows-Sysmon/Operational</Channel>
<Computer>DESKTOP-M3AKJSD</Computer>
<Security UserID="S-1-5-18"></Security>
</System>
<EventData><Data Name="RuleName">DLL</Data>
<Data Name="UtcTime">2025-04-10 06:19:18.455</Data>
<Data Name="ProcessGuid">{53c665d1-62d2-67f7-5e02-000000001700}</Data>
<Data Name="ProcessId">2148</Data>
<Data Name="Image">C:\Program Files (x86)\Microsoft Visual Studio\Installer\resources\app\ServiceHub\Services\Microsoft.VisualStudio.Setup.Service\BackgroundDownload.exe</Data>
<Data Name="TargetFilename">C:\Users\User\AppData\Local\Temp\pveqxquy.cim\resources\app\ServiceHub\Services\Microsoft.VisualStudio.Setup.Service\Microsoft.VisualStudio.Shell.15.0.dll</Data>
<Data Name="CreationUtcTime">2025-04-10 06:19:18.455</Data>
<Data Name="User">DESKTOP-M3AKJSD\User</Data>
</EventData>
</Event>

<Event xmlns="http://schemas.microsoft.com/win/2004/08/events/event"><System><Provider Name="Microsoft-Windows-Sysmon" Guid="{5770385f-c22a-43e0-bf4c-06f5698ffbd9}"></Provider>
<EventID Qualifiers="">11</EventID>
<Version>2</Version>
<Level>4</Level>
<Task>11</Task>
<Opcode>0</Opcode>
<Keywords>0x8000000000000000</Keywords>
<TimeCreated SystemTime="2025-04-10 06:19:18.487898"></TimeCreated>
<EventRecordID>7493</EventRecordID>
<Correlation ActivityID="" RelatedActivityID=""></Correlation>
<Execution ProcessID="4420" ThreadID="5708"></Execution>
<Channel>Microsoft-Windows-Sysmon/Operational</Channel>
<Computer>DESKTOP-M3AKJSD</Computer>
<Security UserID="S-1-5-18"></Security>
</System>
<EventData><Data Name="RuleName">DLL</Data>
<Data Name="UtcTime">2025-04-10 06:19:18.487</Data>
<Data Name="ProcessGuid">{53c665d1-62d2-67f7-5e02-000000001700}</Data>
<Data Name="ProcessId">2148</Data>
<Data Name="Image">C:\Program Files (x86)\Microsoft Visual Studio\Installer\resources\app\ServiceHub\Services\Microsoft.VisualStudio.Setup.Service\BackgroundDownload.exe</Data>
<Data Name="TargetFilename">C:\Users\User\AppData\Local\Temp\pveqxquy.cim\resources\app\ServiceHub\Services\Microsoft.VisualStudio.Setup.Service\Microsoft.VisualStudio.Shell.Framework.dll</Data>
<Data Name="CreationUtcTime">2025-04-10 06:19:18.485</Data>
<Data Name="User">DESKTOP-M3AKJSD\User</Data>
</EventData>
</Event>

<Event xmlns="http://schemas.microsoft.com/win/2004/08/events/event"><System><Provider Name="Microsoft-Windows-Sysmon" Guid="{5770385f-c22a-43e0-bf4c-06f5698ffbd9}"></Provider>
<EventID Qualifiers="">11</EventID>
<Version>2</Version>
<Level>4</Level>
<Task>11</Task>
<Opcode>0</Opcode>
<Keywords>0x8000000000000000</Keywords>
<TimeCreated SystemTime="2025-04-10 06:19:18.492657"></TimeCreated>
<EventRecordID>7494</EventRecordID>
<Correlation ActivityID="" RelatedActivityID=""></Correlation>
<Execution ProcessID="4420" ThreadID="5708"></Execution>
<Channel>Microsoft-Windows-Sysmon/Operational</Channel>
<Computer>DESKTOP-M3AKJSD</Computer>
<Security UserID="S-1-5-18"></Security>
</System>
<EventData><Data Name="RuleName">DLL</Data>
<Data Name="UtcTime">2025-04-10 06:19:18.491</Data>
<Data Name="ProcessGuid">{53c665d1-62d2-67f7-5e02-000000001700}</Data>
<Data Name="ProcessId">2148</Data>
<Data Name="Image">C:\Program Files (x86)\Microsoft Visual Studio\Installer\resources\app\ServiceHub\Services\Microsoft.VisualStudio.Setup.Service\BackgroundDownload.exe</Data>
<Data Name="TargetFilename">C:\Users\User\AppData\Local\Temp\pveqxquy.cim\resources\app\ServiceHub\Services\Microsoft.VisualStudio.Setup.Service\Microsoft.VisualStudio.Telemetry.dll</Data>
<Data Name="CreationUtcTime">2025-04-10 06:19:18.489</Data>
<Data Name="User">DESKTOP-M3AKJSD\User</Data>
</EventData>
</Event>

<Event xmlns="http://schemas.microsoft.com/win/2004/08/events/event"><System><Provider Name="Microsoft-Windows-Sysmon" Guid="{5770385f-c22a-43e0-bf4c-06f5698ffbd9}"></Provider>
<EventID Qualifiers="">11</EventID>
<Version>2</Version>
<Level>4</Level>
<Task>11</Task>
<Opcode>0</Opcode>
<Keywords>0x8000000000000000</Keywords>
<TimeCreated SystemTime="2025-04-10 06:19:18.503166"></TimeCreated>
<EventRecordID>7495</EventRecordID>
<Correlation ActivityID="" RelatedActivityID=""></Correlation>
<Execution ProcessID="4420" ThreadID="5708"></Execution>
<Channel>Microsoft-Windows-Sysmon/Operational</Channel>
<Computer>DESKTOP-M3AKJSD</Computer>
<Security UserID="S-1-5-18"></Security>
</System>
<EventData><Data Name="RuleName">DLL</Data>
<Data Name="UtcTime">2025-04-10 06:19:18.501</Data>
<Data Name="ProcessGuid">{53c665d1-62d2-67f7-5e02-000000001700}</Data>
<Data Name="ProcessId">2148</Data>
<Data Name="Image">C:\Program Files (x86)\Microsoft Visual Studio\Installer\resources\app\ServiceHub\Services\Microsoft.VisualStudio.Setup.Service\BackgroundDownload.exe</Data>
<Data Name="TargetFilename">C:\Users\User\AppData\Local\Temp\pveqxquy.cim\resources\app\ServiceHub\Services\Microsoft.VisualStudio.Setup.Service\Microsoft.VisualStudio.Threading.dll</Data>
<Data Name="CreationUtcTime">2025-04-10 06:19:18.501</Data>
<Data Name="User">DESKTOP-M3AKJSD\User</Data>
</EventData>
</Event>

<Event xmlns="http://schemas.microsoft.com/win/2004/08/events/event"><System><Provider Name="Microsoft-Windows-Sysmon" Guid="{5770385f-c22a-43e0-bf4c-06f5698ffbd9}"></Provider>
<EventID Qualifiers="">11</EventID>
<Version>2</Version>
<Level>4</Level>
<Task>11</Task>
<Opcode>0</Opcode>
<Keywords>0x8000000000000000</Keywords>
<TimeCreated SystemTime="2025-04-10 06:19:18.509687"></TimeCreated>
<EventRecordID>7496</EventRecordID>
<Correlation ActivityID="" RelatedActivityID=""></Correlation>
<Execution ProcessID="4420" ThreadID="5708"></Execution>
<Channel>Microsoft-Windows-Sysmon/Operational</Channel>
<Computer>DESKTOP-M3AKJSD</Computer>
<Security UserID="S-1-5-18"></Security>
</System>
<EventData><Data Name="RuleName">DLL</Data>
<Data Name="UtcTime">2025-04-10 06:19:18.508</Data>
<Data Name="ProcessGuid">{53c665d1-62d2-67f7-5e02-000000001700}</Data>
<Data Name="ProcessId">2148</Data>
<Data Name="Image">C:\Program Files (x86)\Microsoft Visual Studio\Installer\resources\app\ServiceHub\Services\Microsoft.VisualStudio.Setup.Service\BackgroundDownload.exe</Data>
<Data Name="TargetFilename">C:\Users\User\AppData\Local\Temp\pveqxquy.cim\resources\app\ServiceHub\Services\Microsoft.VisualStudio.Setup.Service\Microsoft.VisualStudio.Utilities.dll</Data>
<Data Name="CreationUtcTime">2025-04-10 06:19:18.508</Data>
<Data Name="User">DESKTOP-M3AKJSD\User</Data>
</EventData>
</Event>

<Event xmlns="http://schemas.microsoft.com/win/2004/08/events/event"><System><Provider Name="Microsoft-Windows-Sysmon" Guid="{5770385f-c22a-43e0-bf4c-06f5698ffbd9}"></Provider>
<EventID Qualifiers="">11</EventID>
<Version>2</Version>
<Level>4</Level>
<Task>11</Task>
<Opcode>0</Opcode>
<Keywords>0x8000000000000000</Keywords>
<TimeCreated SystemTime="2025-04-10 06:19:18.521456"></TimeCreated>
<EventRecordID>7497</EventRecordID>
<Correlation ActivityID="" RelatedActivityID=""></Correlation>
<Execution ProcessID="4420" ThreadID="5708"></Execution>
<Channel>Microsoft-Windows-Sysmon/Operational</Channel>
<Computer>DESKTOP-M3AKJSD</Computer>
<Security UserID="S-1-5-18"></Security>
</System>
<EventData><Data Name="RuleName">DLL</Data>
<Data Name="UtcTime">2025-04-10 06:19:18.520</Data>
<Data Name="ProcessGuid">{53c665d1-62d2-67f7-5e02-000000001700}</Data>
<Data Name="ProcessId">2148</Data>
<Data Name="Image">C:\Program Files (x86)\Microsoft Visual Studio\Installer\resources\app\ServiceHub\Services\Microsoft.VisualStudio.Setup.Service\BackgroundDownload.exe</Data>
<Data Name="TargetFilename">C:\Users\User\AppData\Local\Temp\pveqxquy.cim\resources\app\ServiceHub\Services\Microsoft.VisualStudio.Setup.Service\Microsoft.VisualStudio.Utilities.Internal.dll</Data>
<Data Name="CreationUtcTime">2025-04-10 06:19:18.520</Data>
<Data Name="User">DESKTOP-M3AKJSD\User</Data>
</EventData>
</Event>

<Event xmlns="http://schemas.microsoft.com/win/2004/08/events/event"><System><Provider Name="Microsoft-Windows-Sysmon" Guid="{5770385f-c22a-43e0-bf4c-06f5698ffbd9}"></Provider>
<EventID Qualifiers="">11</EventID>
<Version>2</Version>
<Level>4</Level>
<Task>11</Task>
<Opcode>0</Opcode>
<Keywords>0x8000000000000000</Keywords>
<TimeCreated SystemTime="2025-04-10 06:19:18.523445"></TimeCreated>
<EventRecordID>7498</EventRecordID>
<Correlation ActivityID="" RelatedActivityID=""></Correlation>
<Execution ProcessID="4420" ThreadID="5708"></Execution>
<Channel>Microsoft-Windows-Sysmon/Operational</Channel>
<Computer>DESKTOP-M3AKJSD</Computer>
<Security UserID="S-1-5-18"></Security>
</System>
<EventData><Data Name="RuleName">DLL</Data>
<Data Name="UtcTime">2025-04-10 06:19:18.522</Data>
<Data Name="ProcessGuid">{53c665d1-62d2-67f7-5e02-000000001700}</Data>
<Data Name="ProcessId">2148</Data>
<Data Name="Image">C:\Program Files (x86)\Microsoft Visual Studio\Installer\resources\app\ServiceHub\Services\Microsoft.VisualStudio.Setup.Service\BackgroundDownload.exe</Data>
<Data Name="TargetFilename">C:\Users\User\AppData\Local\Temp\pveqxquy.cim\resources\app\ServiceHub\Services\Microsoft.VisualStudio.Setup.Service\Microsoft.VisualStudio.Validation.dll</Data>
<Data Name="CreationUtcTime">2025-04-10 06:19:18.522</Data>
<Data Name="User">DESKTOP-M3AKJSD\User</Data>
</EventData>
</Event>

<Event xmlns="http://schemas.microsoft.com/win/2004/08/events/event"><System><Provider Name="Microsoft-Windows-Sysmon" Guid="{5770385f-c22a-43e0-bf4c-06f5698ffbd9}"></Provider>
<EventID Qualifiers="">11</EventID>
<Version>2</Version>
<Level>4</Level>
<Task>11</Task>
<Opcode>0</Opcode>
<Keywords>0x8000000000000000</Keywords>
<TimeCreated SystemTime="2025-04-10 06:19:18.526794"></TimeCreated>
<EventRecordID>7499</EventRecordID>
<Correlation ActivityID="" RelatedActivityID=""></Correlation>
<Execution ProcessID="4420" ThreadID="5708"></Execution>
<Channel>Microsoft-Windows-Sysmon/Operational</Channel>
<Computer>DESKTOP-M3AKJSD</Computer>
<Security UserID="S-1-5-18"></Security>
</System>
<EventData><Data Name="RuleName">DLL</Data>
<Data Name="UtcTime">2025-04-10 06:19:18.525</Data>
<Data Name="ProcessGuid">{53c665d1-62d2-67f7-5e02-000000001700}</Data>
<Data Name="ProcessId">2148</Data>
<Data Name="Image">C:\Program Files (x86)\Microsoft Visual Studio\Installer\resources\app\ServiceHub\Services\Microsoft.VisualStudio.Setup.Service\BackgroundDownload.exe</Data>
<Data Name="TargetFilename">C:\Users\User\AppData\Local\Temp\pveqxquy.cim\resources\app\ServiceHub\Services\Microsoft.VisualStudio.Setup.Service\Microsoft.Win32.Registry.dll</Data>
<Data Name="CreationUtcTime">2025-04-10 06:19:18.525</Data>
<Data Name="User">DESKTOP-M3AKJSD\User</Data>
</EventData>
</Event>

<Event xmlns="http://schemas.microsoft.com/win/2004/08/events/event"><System><Provider Name="Microsoft-Windows-Sysmon" Guid="{5770385f-c22a-43e0-bf4c-06f5698ffbd9}"></Provider>
<EventID Qualifiers="">11</EventID>
<Version>2</Version>
<Level>4</Level>
<Task>11</Task>
<Opcode>0</Opcode>
<Keywords>0x8000000000000000</Keywords>
<TimeCreated SystemTime="2025-04-10 06:19:18.529337"></TimeCreated>
<EventRecordID>7500</EventRecordID>
<Correlation ActivityID="" RelatedActivityID=""></Correlation>
<Execution ProcessID="4420" ThreadID="5708"></Execution>
<Channel>Microsoft-Windows-Sysmon/Operational</Channel>
<Computer>DESKTOP-M3AKJSD</Computer>
<Security UserID="S-1-5-18"></Security>
</System>
<EventData><Data Name="RuleName">DLL</Data>
<Data Name="UtcTime">2025-04-10 06:19:18.527</Data>
<Data Name="ProcessGuid">{53c665d1-62d2-67f7-5e02-000000001700}</Data>
<Data Name="ProcessId">2148</Data>
<Data Name="Image">C:\Program Files (x86)\Microsoft Visual Studio\Installer\resources\app\ServiceHub\Services\Microsoft.VisualStudio.Setup.Service\BackgroundDownload.exe</Data>
<Data Name="TargetFilename">C:\Users\User\AppData\Local\Temp\pveqxquy.cim\resources\app\ServiceHub\Services\Microsoft.VisualStudio.Setup.Service\Microsoft.Xaml.Behaviors.dll</Data>
<Data Name="CreationUtcTime">2025-04-10 06:19:18.527</Data>
<Data Name="User">DESKTOP-M3AKJSD\User</Data>
</EventData>
</Event>

<Event xmlns="http://schemas.microsoft.com/win/2004/08/events/event"><System><Provider Name="Microsoft-Windows-Sysmon" Guid="{5770385f-c22a-43e0-bf4c-06f5698ffbd9}"></Provider>
<EventID Qualifiers="">11</EventID>
<Version>2</Version>
<Level>4</Level>
<Task>11</Task>
<Opcode>0</Opcode>
<Keywords>0x8000000000000000</Keywords>
<TimeCreated SystemTime="2025-04-10 06:19:18.531992"></TimeCreated>
<EventRecordID>7501</EventRecordID>
<Correlation ActivityID="" RelatedActivityID=""></Correlation>
<Execution ProcessID="4420" ThreadID="5708"></Execution>
<Channel>Microsoft-Windows-Sysmon/Operational</Channel>
<Computer>DESKTOP-M3AKJSD</Computer>
<Security UserID="S-1-5-18"></Security>
</System>
<EventData><Data Name="RuleName">DLL</Data>
<Data Name="UtcTime">2025-04-10 06:19:18.531</Data>
<Data Name="ProcessGuid">{53c665d1-62d2-67f7-5e02-000000001700}</Data>
<Data Name="ProcessId">2148</Data>
<Data Name="Image">C:\Program Files (x86)\Microsoft Visual Studio\Installer\resources\app\ServiceHub\Services\Microsoft.VisualStudio.Setup.Service\BackgroundDownload.exe</Data>
<Data Name="TargetFilename">C:\Users\User\AppData\Local\Temp\pveqxquy.cim\resources\app\ServiceHub\Services\Microsoft.VisualStudio.Setup.Service\msalruntime_x86.dll</Data>
<Data Name="CreationUtcTime">2025-04-10 06:19:18.529</Data>
<Data Name="User">DESKTOP-M3AKJSD\User</Data>
</EventData>
</Event>

<Event xmlns="http://schemas.microsoft.com/win/2004/08/events/event"><System><Provider Name="Microsoft-Windows-Sysmon" Guid="{5770385f-c22a-43e0-bf4c-06f5698ffbd9}"></Provider>
<EventID Qualifiers="">11</EventID>
<Version>2</Version>
<Level>4</Level>
<Task>11</Task>
<Opcode>0</Opcode>
<Keywords>0x8000000000000000</Keywords>
<TimeCreated SystemTime="2025-04-10 06:19:18.555506"></TimeCreated>
<EventRecordID>7502</EventRecordID>
<Correlation ActivityID="" RelatedActivityID=""></Correlation>
<Execution ProcessID="4420" ThreadID="5708"></Execution>
<Channel>Microsoft-Windows-Sysmon/Operational</Channel>
<Computer>DESKTOP-M3AKJSD</Computer>
<Security UserID="S-1-5-18"></Security>
</System>
<EventData><Data Name="RuleName">DLL</Data>
<Data Name="UtcTime">2025-04-10 06:19:18.553</Data>
<Data Name="ProcessGuid">{53c665d1-62d2-67f7-5e02-000000001700}</Data>
<Data Name="ProcessId">2148</Data>
<Data Name="Image">C:\Program Files (x86)\Microsoft Visual Studio\Installer\resources\app\ServiceHub\Services\Microsoft.VisualStudio.Setup.Service\BackgroundDownload.exe</Data>
<Data Name="TargetFilename">C:\Users\User\AppData\Local\Temp\pveqxquy.cim\resources\app\ServiceHub\Services\Microsoft.VisualStudio.Setup.Service\Nerdbank.Streams.dll</Data>
<Data Name="CreationUtcTime">2025-04-10 06:19:18.553</Data>
<Data Name="User">DESKTOP-M3AKJSD\User</Data>
</EventData>
</Event>

