<Event xmlns="http://schemas.microsoft.com/win/2004/08/events/event"><System><Provider Name="Microsoft-Windows-Sysmon" Guid="{5770385f-c22a-43e0-bf4c-06f5698ffbd9}"></Provider>
<EventID Qualifiers="">1</EventID>
<Version>5</Version>
<Level>4</Level>
<Task>1</Task>
<Opcode>0</Opcode>
<Keywords>0x8000000000000000</Keywords>
<TimeCreated SystemTime="2025-04-10 06:00:36.697380"></TimeCreated>
<EventRecordID>6526</EventRecordID>
<Correlation ActivityID="" RelatedActivityID=""></Correlation>
<Execution ProcessID="4420" ThreadID="5708"></Execution>
<Channel>Microsoft-Windows-Sysmon/Operational</Channel>
<Computer>DESKTOP-M3AKJSD</Computer>
<Security UserID="S-1-5-18"></Security>
</System>
<EventData><Data Name="RuleName">-</Data>
<Data Name="UtcTime">2025-04-10 06:00:36.674</Data>
<Data Name="ProcessGuid">{53c665d1-5e84-67f7-8000-000000001700}</Data>
<Data Name="ProcessId">6004</Data>
<Data Name="Image">C:\Windows\System32\VSSVC.exe</Data>
<Data Name="FileVersion">10.0.26100.3323 (WinBuild.160101.0800)</Data>
<Data Name="Description">Microsoft&#174; Volume Shadow Copy Service</Data>
<Data Name="Product">Microsoft&#174; Windows&#174; Operating System</Data>
<Data Name="Company">Microsoft Corporation</Data>
<Data Name="OriginalFileName">VSSVC.EXE</Data>
<Data Name="CommandLine">C:\WINDOWS\system32\vssvc.exe</Data>
<Data Name="CurrentDirectory">C:\WINDOWS\system32\</Data>
<Data Name="User">NT AUTHORITY\SYSTEM</Data>
<Data Name="LogonGuid">{53c665d1-5e7a-67f7-e703-000000000000}</Data>
<Data Name="LogonId">0x00000000000003e7</Data>
<Data Name="TerminalSessionId">0</Data>
<Data Name="IntegrityLevel">System</Data>
<Data Name="Hashes">MD5=3559C1EDC443935C920C259275FEC4B6,SHA256=6FB3F8164246636719919B53EC34522B1A332F4D0CFFCE30C88DC2CC596C9979,IMPHASH=632AC2019A2FB34FA7F16C068866AB50</Data>
<Data Name="ParentProcessGuid">{53c665d1-5e7a-67f7-0b00-000000001700}</Data>
<Data Name="ParentProcessId">832</Data>
<Data Name="ParentImage">C:\Windows\System32\services.exe</Data>
<Data Name="ParentCommandLine">C:\WINDOWS\system32\services.exe</Data>
<Data Name="ParentUser">NT AUTHORITY\SYSTEM</Data>
</EventData>
</Event>

<Event xmlns="http://schemas.microsoft.com/win/2004/08/events/event"><System><Provider Name="Microsoft-Windows-Sysmon" Guid="{5770385f-c22a-43e0-bf4c-06f5698ffbd9}"></Provider>
<EventID Qualifiers="">1</EventID>
<Version>5</Version>
<Level>4</Level>
<Task>1</Task>
<Opcode>0</Opcode>
<Keywords>0x8000000000000000</Keywords>
<TimeCreated SystemTime="2025-04-10 06:00:36.781239"></TimeCreated>
<EventRecordID>6527</EventRecordID>
<Correlation ActivityID="" RelatedActivityID=""></Correlation>
<Execution ProcessID="4420" ThreadID="5708"></Execution>
<Channel>Microsoft-Windows-Sysmon/Operational</Channel>
<Computer>DESKTOP-M3AKJSD</Computer>
<Security UserID="S-1-5-18"></Security>
</System>
<EventData><Data Name="RuleName">-</Data>
<Data Name="UtcTime">2025-04-10 06:00:36.780</Data>
<Data Name="ProcessGuid">{53c665d1-5e84-67f7-8100-000000001700}</Data>
<Data Name="ProcessId">4228</Data>
<Data Name="Image">C:\Windows\System32\wevtutil.exe</Data>
<Data Name="FileVersion">10.0.26100.1150 (WinBuild.160101.0800)</Data>
<Data Name="Description">Windows Event Log Utility</Data>
<Data Name="Product">Microsoft&#174; Windows&#174; Operating System</Data>
<Data Name="Company">Microsoft Corporation</Data>
<Data Name="OriginalFileName">wevtutil.exe</Data>
<Data Name="CommandLine">C:\WINDOWS\system32\wevtutil.exe uninstall-manifest "C:\ProgramData\Microsoft\Windows Defender\Platform\4.18.25020.1009-0\Microsoft-Antimalware-NIS.man"</Data>
<Data Name="CurrentDirectory">C:\WINDOWS\system32\</Data>
<Data Name="User">NT AUTHORITY\SYSTEM</Data>
<Data Name="LogonGuid">{53c665d1-5e7a-67f7-e703-000000000000}</Data>
<Data Name="LogonId">0x00000000000003e7</Data>
<Data Name="TerminalSessionId">0</Data>
<Data Name="IntegrityLevel">System</Data>
<Data Name="Hashes">MD5=AF54D4FA49CD679D47064D30BD1B7641,SHA256=0EA582D5A4EB48096B40C2F7A102E465DAEA69C816C8FAEA481B68D8FD0929D5,IMPHASH=9D0B0164498DEE3DA72DF328E7AE8C0B</Data>
<Data Name="ParentProcessGuid">{53c665d1-5e7f-67f7-5b00-000000001700}</Data>
<Data Name="ParentProcessId">4452</Data>
<Data Name="ParentImage">C:\ProgramData\Microsoft\Windows Defender\Platform\4.18.25020.1009-0\MsMpEng.exe</Data>
<Data Name="ParentCommandLine">"C:\ProgramData\Microsoft\Windows Defender\Platform\4.18.25020.1009-0\MsMpEng.exe"</Data>
<Data Name="ParentUser">NT AUTHORITY\SYSTEM</Data>
</EventData>
</Event>

<Event xmlns="http://schemas.microsoft.com/win/2004/08/events/event"><System><Provider Name="Microsoft-Windows-Sysmon" Guid="{5770385f-c22a-43e0-bf4c-06f5698ffbd9}"></Provider>
<EventID Qualifiers="">1</EventID>
<Version>5</Version>
<Level>4</Level>
<Task>1</Task>
<Opcode>0</Opcode>
<Keywords>0x8000000000000000</Keywords>
<TimeCreated SystemTime="2025-04-10 06:00:36.860849"></TimeCreated>
<EventRecordID>6528</EventRecordID>
<Correlation ActivityID="" RelatedActivityID=""></Correlation>
<Execution ProcessID="4420" ThreadID="5708"></Execution>
<Channel>Microsoft-Windows-Sysmon/Operational</Channel>
<Computer>DESKTOP-M3AKJSD</Computer>
<Security UserID="S-1-5-18"></Security>
</System>
<EventData><Data Name="RuleName">-</Data>
<Data Name="UtcTime">2025-04-10 06:00:36.859</Data>
<Data Name="ProcessGuid">{53c665d1-5e84-67f7-8300-000000001700}</Data>
<Data Name="ProcessId">6016</Data>
<Data Name="Image">C:\Windows\System32\wevtutil.exe</Data>
<Data Name="FileVersion">10.0.26100.1150 (WinBuild.160101.0800)</Data>
<Data Name="Description">Windows Event Log Utility</Data>
<Data Name="Product">Microsoft&#174; Windows&#174; Operating System</Data>
<Data Name="Company">Microsoft Corporation</Data>
<Data Name="OriginalFileName">wevtutil.exe</Data>
<Data Name="CommandLine">C:\WINDOWS\system32\wevtutil.exe install-manifest "C:\ProgramData\Microsoft\Windows Defender\Platform\4.18.25020.1009-0\Microsoft-Antimalware-NIS.man" "/resourceFilePath:C:\ProgramData\Microsoft\Windows Defender\Platform\4.18.25020.1009-0\NisSrv.exe" "/messageFilePath:C:\ProgramData\Microsoft\Windows Defender\Platform\4.18.25020.1009-0\NisSrv.exe" "/parameterFilePath:C:\ProgramData\Microsoft\Windows Defender\Platform\4.18.25020.1009-0\NisSrv.exe"</Data>
<Data Name="CurrentDirectory">C:\WINDOWS\system32\</Data>
<Data Name="User">NT AUTHORITY\SYSTEM</Data>
<Data Name="LogonGuid">{53c665d1-5e7a-67f7-e703-000000000000}</Data>
<Data Name="LogonId">0x00000000000003e7</Data>
<Data Name="TerminalSessionId">0</Data>
<Data Name="IntegrityLevel">System</Data>
<Data Name="Hashes">MD5=AF54D4FA49CD679D47064D30BD1B7641,SHA256=0EA582D5A4EB48096B40C2F7A102E465DAEA69C816C8FAEA481B68D8FD0929D5,IMPHASH=9D0B0164498DEE3DA72DF328E7AE8C0B</Data>
<Data Name="ParentProcessGuid">{53c665d1-5e7f-67f7-5b00-000000001700}</Data>
<Data Name="ParentProcessId">4452</Data>
<Data Name="ParentImage">C:\ProgramData\Microsoft\Windows Defender\Platform\4.18.25020.1009-0\MsMpEng.exe</Data>
<Data Name="ParentCommandLine">"C:\ProgramData\Microsoft\Windows Defender\Platform\4.18.25020.1009-0\MsMpEng.exe"</Data>
<Data Name="ParentUser">NT AUTHORITY\SYSTEM</Data>
</EventData>
</Event>

<Event xmlns="http://schemas.microsoft.com/win/2004/08/events/event"><System><Provider Name="Microsoft-Windows-Sysmon" Guid="{5770385f-c22a-43e0-bf4c-06f5698ffbd9}"></Provider>
<EventID Qualifiers="">1</EventID>
<Version>5</Version>
<Level>4</Level>
<Task>1</Task>
<Opcode>0</Opcode>
<Keywords>0x8000000000000000</Keywords>
<TimeCreated SystemTime="2025-04-10 06:00:36.981899"></TimeCreated>
<EventRecordID>6529</EventRecordID>
<Correlation ActivityID="" RelatedActivityID=""></Correlation>
<Execution ProcessID="4420" ThreadID="5708"></Execution>
<Channel>Microsoft-Windows-Sysmon/Operational</Channel>
<Computer>DESKTOP-M3AKJSD</Computer>
<Security UserID="S-1-5-18"></Security>
</System>
<EventData><Data Name="RuleName">-</Data>
<Data Name="UtcTime">2025-04-10 06:00:36.980</Data>
<Data Name="ProcessGuid">{53c665d1-5e84-67f7-8500-000000001700}</Data>
<Data Name="ProcessId">5956</Data>
<Data Name="Image">C:\Windows\System32\wevtutil.exe</Data>
<Data Name="FileVersion">10.0.26100.1150 (WinBuild.160101.0800)</Data>
<Data Name="Description">Windows Event Log Utility</Data>
<Data Name="Product">Microsoft&#174; Windows&#174; Operating System</Data>
<Data Name="Company">Microsoft Corporation</Data>
<Data Name="OriginalFileName">wevtutil.exe</Data>
<Data Name="CommandLine">C:\WINDOWS\system32\wevtutil.exe uninstall-manifest "C:\ProgramData\Microsoft\Windows Defender\Platform\4.18.25020.1009-0\Microsoft-Antimalware-RTP.man"</Data>
<Data Name="CurrentDirectory">C:\WINDOWS\system32\</Data>
<Data Name="User">NT AUTHORITY\SYSTEM</Data>
<Data Name="LogonGuid">{53c665d1-5e7a-67f7-e703-000000000000}</Data>
<Data Name="LogonId">0x00000000000003e7</Data>
<Data Name="TerminalSessionId">0</Data>
<Data Name="IntegrityLevel">System</Data>
<Data Name="Hashes">MD5=AF54D4FA49CD679D47064D30BD1B7641,SHA256=0EA582D5A4EB48096B40C2F7A102E465DAEA69C816C8FAEA481B68D8FD0929D5,IMPHASH=9D0B0164498DEE3DA72DF328E7AE8C0B</Data>
<Data Name="ParentProcessGuid">{53c665d1-5e7f-67f7-5b00-000000001700}</Data>
<Data Name="ParentProcessId">4452</Data>
<Data Name="ParentImage">C:\ProgramData\Microsoft\Windows Defender\Platform\4.18.25020.1009-0\MsMpEng.exe</Data>
<Data Name="ParentCommandLine">"C:\ProgramData\Microsoft\Windows Defender\Platform\4.18.25020.1009-0\MsMpEng.exe"</Data>
<Data Name="ParentUser">NT AUTHORITY\SYSTEM</Data>
</EventData>
</Event>

<Event xmlns="http://schemas.microsoft.com/win/2004/08/events/event"><System><Provider Name="Microsoft-Windows-Sysmon" Guid="{5770385f-c22a-43e0-bf4c-06f5698ffbd9}"></Provider>
<EventID Qualifiers="">1</EventID>
<Version>5</Version>
<Level>4</Level>
<Task>1</Task>
<Opcode>0</Opcode>
<Keywords>0x8000000000000000</Keywords>
<TimeCreated SystemTime="2025-04-10 06:00:37.096228"></TimeCreated>
<EventRecordID>6530</EventRecordID>
<Correlation ActivityID="" RelatedActivityID=""></Correlation>
<Execution ProcessID="4420" ThreadID="5708"></Execution>
<Channel>Microsoft-Windows-Sysmon/Operational</Channel>
<Computer>DESKTOP-M3AKJSD</Computer>
<Security UserID="S-1-5-18"></Security>
</System>
<EventData><Data Name="RuleName">-</Data>
<Data Name="UtcTime">2025-04-10 06:00:37.094</Data>
<Data Name="ProcessGuid">{53c665d1-5e85-67f7-8700-000000001700}</Data>
<Data Name="ProcessId">5020</Data>
<Data Name="Image">C:\Windows\System32\wevtutil.exe</Data>
<Data Name="FileVersion">10.0.26100.1150 (WinBuild.160101.0800)</Data>
<Data Name="Description">Windows Event Log Utility</Data>
<Data Name="Product">Microsoft&#174; Windows&#174; Operating System</Data>
<Data Name="Company">Microsoft Corporation</Data>
<Data Name="OriginalFileName">wevtutil.exe</Data>
<Data Name="CommandLine">C:\WINDOWS\system32\wevtutil.exe install-manifest "C:\ProgramData\Microsoft\Windows Defender\Platform\4.18.25020.1009-0\Microsoft-Antimalware-RTP.man" "/resourceFilePath:C:\ProgramData\Microsoft\Windows Defender\Platform\4.18.25020.1009-0\MpRtp.dll" "/messageFilePath:C:\ProgramData\Microsoft\Windows Defender\Platform\4.18.25020.1009-0\MpRtp.dll" "/parameterFilePath:C:\ProgramData\Microsoft\Windows Defender\Platform\4.18.25020.1009-0\MpRtp.dll"</Data>
<Data Name="CurrentDirectory">C:\WINDOWS\system32\</Data>
<Data Name="User">NT AUTHORITY\SYSTEM</Data>
<Data Name="LogonGuid">{53c665d1-5e7a-67f7-e703-000000000000}</Data>
<Data Name="LogonId">0x00000000000003e7</Data>
<Data Name="TerminalSessionId">0</Data>
<Data Name="IntegrityLevel">System</Data>
<Data Name="Hashes">MD5=AF54D4FA49CD679D47064D30BD1B7641,SHA256=0EA582D5A4EB48096B40C2F7A102E465DAEA69C816C8FAEA481B68D8FD0929D5,IMPHASH=9D0B0164498DEE3DA72DF328E7AE8C0B</Data>
<Data Name="ParentProcessGuid">{53c665d1-5e7f-67f7-5b00-000000001700}</Data>
<Data Name="ParentProcessId">4452</Data>
<Data Name="ParentImage">C:\ProgramData\Microsoft\Windows Defender\Platform\4.18.25020.1009-0\MsMpEng.exe</Data>
<Data Name="ParentCommandLine">"C:\ProgramData\Microsoft\Windows Defender\Platform\4.18.25020.1009-0\MsMpEng.exe"</Data>
<Data Name="ParentUser">NT AUTHORITY\SYSTEM</Data>
</EventData>
</Event>

<Event xmlns="http://schemas.microsoft.com/win/2004/08/events/event"><System><Provider Name="Microsoft-Windows-Sysmon" Guid="{5770385f-c22a-43e0-bf4c-06f5698ffbd9}"></Provider>
<EventID Qualifiers="">1</EventID>
<Version>5</Version>
<Level>4</Level>
<Task>1</Task>
<Opcode>0</Opcode>
<Keywords>0x8000000000000000</Keywords>
<TimeCreated SystemTime="2025-04-10 06:00:37.204296"></TimeCreated>
<EventRecordID>6531</EventRecordID>
<Correlation ActivityID="" RelatedActivityID=""></Correlation>
<Execution ProcessID="4420" ThreadID="5708"></Execution>
<Channel>Microsoft-Windows-Sysmon/Operational</Channel>
<Computer>DESKTOP-M3AKJSD</Computer>
<Security UserID="S-1-5-18"></Security>
</System>
<EventData><Data Name="RuleName">-</Data>
<Data Name="UtcTime">2025-04-10 06:00:37.203</Data>
<Data Name="ProcessGuid">{53c665d1-5e85-67f7-8900-000000001700}</Data>
<Data Name="ProcessId">4324</Data>
<Data Name="Image">C:\Windows\System32\wevtutil.exe</Data>
<Data Name="FileVersion">10.0.26100.1150 (WinBuild.160101.0800)</Data>
<Data Name="Description">Windows Event Log Utility</Data>
<Data Name="Product">Microsoft&#174; Windows&#174; Operating System</Data>
<Data Name="Company">Microsoft Corporation</Data>
<Data Name="OriginalFileName">wevtutil.exe</Data>
<Data Name="CommandLine">C:\WINDOWS\system32\wevtutil.exe uninstall-manifest "C:\ProgramData\Microsoft\Windows Defender\Platform\4.18.25020.1009-0\Microsoft-Antimalware-Protection.man"</Data>
<Data Name="CurrentDirectory">C:\WINDOWS\system32\</Data>
<Data Name="User">NT AUTHORITY\SYSTEM</Data>
<Data Name="LogonGuid">{53c665d1-5e7a-67f7-e703-000000000000}</Data>
<Data Name="LogonId">0x00000000000003e7</Data>
<Data Name="TerminalSessionId">0</Data>
<Data Name="IntegrityLevel">System</Data>
<Data Name="Hashes">MD5=AF54D4FA49CD679D47064D30BD1B7641,SHA256=0EA582D5A4EB48096B40C2F7A102E465DAEA69C816C8FAEA481B68D8FD0929D5,IMPHASH=9D0B0164498DEE3DA72DF328E7AE8C0B</Data>
<Data Name="ParentProcessGuid">{53c665d1-5e7f-67f7-5b00-000000001700}</Data>
<Data Name="ParentProcessId">4452</Data>
<Data Name="ParentImage">C:\ProgramData\Microsoft\Windows Defender\Platform\4.18.25020.1009-0\MsMpEng.exe</Data>
<Data Name="ParentCommandLine">"C:\ProgramData\Microsoft\Windows Defender\Platform\4.18.25020.1009-0\MsMpEng.exe"</Data>
<Data Name="ParentUser">NT AUTHORITY\SYSTEM</Data>
</EventData>
</Event>

<Event xmlns="http://schemas.microsoft.com/win/2004/08/events/event"><System><Provider Name="Microsoft-Windows-Sysmon" Guid="{5770385f-c22a-43e0-bf4c-06f5698ffbd9}"></Provider>
<EventID Qualifiers="">1</EventID>
<Version>5</Version>
<Level>4</Level>
<Task>1</Task>
<Opcode>0</Opcode>
<Keywords>0x8000000000000000</Keywords>
<TimeCreated SystemTime="2025-04-10 06:00:37.361607"></TimeCreated>
<EventRecordID>6532</EventRecordID>
<Correlation ActivityID="" RelatedActivityID=""></Correlation>
<Execution ProcessID="4420" ThreadID="5708"></Execution>
<Channel>Microsoft-Windows-Sysmon/Operational</Channel>
<Computer>DESKTOP-M3AKJSD</Computer>
<Security UserID="S-1-5-18"></Security>
</System>
<EventData><Data Name="RuleName">-</Data>
<Data Name="UtcTime">2025-04-10 06:00:37.360</Data>
<Data Name="ProcessGuid">{53c665d1-5e85-67f7-8b00-000000001700}</Data>
<Data Name="ProcessId">5972</Data>
<Data Name="Image">C:\Windows\System32\wevtutil.exe</Data>
<Data Name="FileVersion">10.0.26100.1150 (WinBuild.160101.0800)</Data>
<Data Name="Description">Windows Event Log Utility</Data>
<Data Name="Product">Microsoft&#174; Windows&#174; Operating System</Data>
<Data Name="Company">Microsoft Corporation</Data>
<Data Name="OriginalFileName">wevtutil.exe</Data>
<Data Name="CommandLine">C:\WINDOWS\system32\wevtutil.exe install-manifest "C:\ProgramData\Microsoft\Windows Defender\Platform\4.18.25020.1009-0\Microsoft-Antimalware-Protection.man" "/resourceFilePath:C:\ProgramData\Microsoft\Windows Defender\Platform\4.18.25020.1009-0\MpClient.dll" "/messageFilePath:C:\ProgramData\Microsoft\Windows Defender\Platform\4.18.25020.1009-0\MpClient.dll" "/parameterFilePath:C:\ProgramData\Microsoft\Windows Defender\Platform\4.18.25020.1009-0\MpClient.dll"</Data>
<Data Name="CurrentDirectory">C:\WINDOWS\system32\</Data>
<Data Name="User">NT AUTHORITY\SYSTEM</Data>
<Data Name="LogonGuid">{53c665d1-5e7a-67f7-e703-000000000000}</Data>
<Data Name="LogonId">0x00000000000003e7</Data>
<Data Name="TerminalSessionId">0</Data>
<Data Name="IntegrityLevel">System</Data>
<Data Name="Hashes">MD5=AF54D4FA49CD679D47064D30BD1B7641,SHA256=0EA582D5A4EB48096B40C2F7A102E465DAEA69C816C8FAEA481B68D8FD0929D5,IMPHASH=9D0B0164498DEE3DA72DF328E7AE8C0B</Data>
<Data Name="ParentProcessGuid">{53c665d1-5e7f-67f7-5b00-000000001700}</Data>
<Data Name="ParentProcessId">4452</Data>
<Data Name="ParentImage">C:\ProgramData\Microsoft\Windows Defender\Platform\4.18.25020.1009-0\MsMpEng.exe</Data>
<Data Name="ParentCommandLine">"C:\ProgramData\Microsoft\Windows Defender\Platform\4.18.25020.1009-0\MsMpEng.exe"</Data>
<Data Name="ParentUser">NT AUTHORITY\SYSTEM</Data>
</EventData>
</Event>

<Event xmlns="http://schemas.microsoft.com/win/2004/08/events/event"><System><Provider Name="Microsoft-Windows-Sysmon" Guid="{5770385f-c22a-43e0-bf4c-06f5698ffbd9}"></Provider>
<EventID Qualifiers="">13</EventID>
<Version>2</Version>
<Level>4</Level>
<Task>13</Task>
<Opcode>0</Opcode>
<Keywords>0x8000000000000000</Keywords>
<TimeCreated SystemTime="2025-04-10 06:00:37.480646"></TimeCreated>
<EventRecordID>6533</EventRecordID>
<Correlation ActivityID="" RelatedActivityID=""></Correlation>
<Execution ProcessID="4420" ThreadID="5708"></Execution>
<Channel>Microsoft-Windows-Sysmon/Operational</Channel>
<Computer>DESKTOP-M3AKJSD</Computer>
<Security UserID="S-1-5-18"></Security>
</System>
<EventData><Data Name="RuleName">T1122</Data>
<Data Name="EventType">SetValue</Data>
<Data Name="UtcTime">2025-04-10 06:00:37.479</Data>
<Data Name="ProcessGuid">{53c665d1-5e7f-67f7-5b00-000000001700}</Data>
<Data Name="ProcessId">4452</Data>
<Data Name="Image">C:\ProgramData\Microsoft\Windows Defender\Platform\4.18.25020.1009-0\MsMpEng.exe</Data>
<Data Name="TargetObject">HKCR\CLSID\{2DCD7FDB-8809-48E4-8E4F-3157C57CF987}\InprocServer32\(Default)</Data>
<Data Name="Details">C:\ProgramData\Microsoft\Windows Defender\Platform\4.18.25020.1009-0\MPUXAGENT.DLL</Data>
<Data Name="User">NT AUTHORITY\SYSTEM</Data>
</EventData>
</Event>

<Event xmlns="http://schemas.microsoft.com/win/2004/08/events/event"><System><Provider Name="Microsoft-Windows-Sysmon" Guid="{5770385f-c22a-43e0-bf4c-06f5698ffbd9}"></Provider>
<EventID Qualifiers="">13</EventID>
<Version>2</Version>
<Level>4</Level>
<Task>13</Task>
<Opcode>0</Opcode>
<Keywords>0x8000000000000000</Keywords>
<TimeCreated SystemTime="2025-04-10 06:00:37.481976"></TimeCreated>
<EventRecordID>6534</EventRecordID>
<Correlation ActivityID="" RelatedActivityID=""></Correlation>
<Execution ProcessID="4420" ThreadID="5708"></Execution>
<Channel>Microsoft-Windows-Sysmon/Operational</Channel>
<Computer>DESKTOP-M3AKJSD</Computer>
<Security UserID="S-1-5-18"></Security>
</System>
<EventData><Data Name="RuleName">T1122</Data>
<Data Name="EventType">SetValue</Data>
<Data Name="UtcTime">2025-04-10 06:00:37.479</Data>
<Data Name="ProcessGuid">{53c665d1-5e7f-67f7-5b00-000000001700}</Data>
<Data Name="ProcessId">4452</Data>
<Data Name="Image">C:\ProgramData\Microsoft\Windows Defender\Platform\4.18.25020.1009-0\MsMpEng.exe</Data>
<Data Name="TargetObject">HKCR\CLSID\{4DB116D1-9B24-4DFC-946B-BFE03E852002}\InProcServer32\(Default)</Data>
<Data Name="Details">C:\ProgramData\Microsoft\Windows Defender\Platform\4.18.25020.1009-0\MPUXAGENT.DLL</Data>
<Data Name="User">NT AUTHORITY\SYSTEM</Data>
</EventData>
</Event>

<Event xmlns="http://schemas.microsoft.com/win/2004/08/events/event"><System><Provider Name="Microsoft-Windows-Sysmon" Guid="{5770385f-c22a-43e0-bf4c-06f5698ffbd9}"></Provider>
<EventID Qualifiers="">13</EventID>
<Version>2</Version>
<Level>4</Level>
<Task>13</Task>
<Opcode>0</Opcode>
<Keywords>0x8000000000000000</Keywords>
<TimeCreated SystemTime="2025-04-10 06:00:37.483538"></TimeCreated>
<EventRecordID>6535</EventRecordID>
<Correlation ActivityID="" RelatedActivityID=""></Correlation>
<Execution ProcessID="4420" ThreadID="5708"></Execution>
<Channel>Microsoft-Windows-Sysmon/Operational</Channel>
<Computer>DESKTOP-M3AKJSD</Computer>
<Security UserID="S-1-5-18"></Security>
</System>
<EventData><Data Name="RuleName">T1031,T1050</Data>
<Data Name="EventType">SetValue</Data>
<Data Name="UtcTime">2025-04-10 06:00:37.482</Data>
<Data Name="ProcessGuid">{53c665d1-5e7a-67f7-0b00-000000001700}</Data>
<Data Name="ProcessId">832</Data>
<Data Name="Image">C:\WINDOWS\system32\services.exe</Data>
<Data Name="TargetObject">HKLM\System\CurrentControlSet\Services\MDCoreSvc\Start</Data>
<Data Name="Details">DWORD (0x00000002)</Data>
<Data Name="User">NT AUTHORITY\SYSTEM</Data>
</EventData>
</Event>

<Event xmlns="http://schemas.microsoft.com/win/2004/08/events/event"><System><Provider Name="Microsoft-Windows-Sysmon" Guid="{5770385f-c22a-43e0-bf4c-06f5698ffbd9}"></Provider>
<EventID Qualifiers="">13</EventID>
<Version>2</Version>
<Level>4</Level>
<Task>13</Task>
<Opcode>0</Opcode>
<Keywords>0x8000000000000000</Keywords>
<TimeCreated SystemTime="2025-04-10 06:00:37.511599"></TimeCreated>
<EventRecordID>6536</EventRecordID>
<Correlation ActivityID="" RelatedActivityID=""></Correlation>
<Execution ProcessID="4420" ThreadID="5708"></Execution>
<Channel>Microsoft-Windows-Sysmon/Operational</Channel>
<Computer>DESKTOP-M3AKJSD</Computer>
<Security UserID="S-1-5-18"></Security>
</System>
<EventData><Data Name="RuleName">-</Data>
<Data Name="EventType">SetValue</Data>
<Data Name="UtcTime">2025-04-10 06:00:37.509</Data>
<Data Name="ProcessGuid">{53c665d1-5e7f-67f7-5b00-000000001700}</Data>
<Data Name="ProcessId">4452</Data>
<Data Name="Image">C:\ProgramData\Microsoft\Windows Defender\Platform\4.18.25020.1009-0\MsMpEng.exe</Data>
<Data Name="TargetObject">HKCR\*\shellex\ContextMenuHandlers\EPP\(Default)</Data>
<Data Name="Details">{09A47860-11B0-4DA5-AFA5-26D86198A780}</Data>
<Data Name="User">NT AUTHORITY\SYSTEM</Data>
</EventData>
</Event>

<Event xmlns="http://schemas.microsoft.com/win/2004/08/events/event"><System><Provider Name="Microsoft-Windows-Sysmon" Guid="{5770385f-c22a-43e0-bf4c-06f5698ffbd9}"></Provider>
<EventID Qualifiers="">13</EventID>
<Version>2</Version>
<Level>4</Level>
<Task>13</Task>
<Opcode>0</Opcode>
<Keywords>0x8000000000000000</Keywords>
<TimeCreated SystemTime="2025-04-10 06:00:37.511635"></TimeCreated>
<EventRecordID>6537</EventRecordID>
<Correlation ActivityID="" RelatedActivityID=""></Correlation>
<Execution ProcessID="4420" ThreadID="5708"></Execution>
<Channel>Microsoft-Windows-Sysmon/Operational</Channel>
<Computer>DESKTOP-M3AKJSD</Computer>
<Security UserID="S-1-5-18"></Security>
</System>
<EventData><Data Name="RuleName">-</Data>
<Data Name="EventType">SetValue</Data>
<Data Name="UtcTime">2025-04-10 06:00:37.509</Data>
<Data Name="ProcessGuid">{53c665d1-5e7f-67f7-5b00-000000001700}</Data>
<Data Name="ProcessId">4452</Data>
<Data Name="Image">C:\ProgramData\Microsoft\Windows Defender\Platform\4.18.25020.1009-0\MsMpEng.exe</Data>
<Data Name="TargetObject">HKCR\Drive\shellex\ContextMenuHandlers\EPP\(Default)</Data>
<Data Name="Details">{09A47860-11B0-4DA5-AFA5-26D86198A780}</Data>
<Data Name="User">NT AUTHORITY\SYSTEM</Data>
</EventData>
</Event>

<Event xmlns="http://schemas.microsoft.com/win/2004/08/events/event"><System><Provider Name="Microsoft-Windows-Sysmon" Guid="{5770385f-c22a-43e0-bf4c-06f5698ffbd9}"></Provider>
<EventID Qualifiers="">13</EventID>
<Version>2</Version>
<Level>4</Level>
<Task>13</Task>
<Opcode>0</Opcode>
<Keywords>0x8000000000000000</Keywords>
<TimeCreated SystemTime="2025-04-10 06:00:37.511665"></TimeCreated>
<EventRecordID>6538</EventRecordID>
<Correlation ActivityID="" RelatedActivityID=""></Correlation>
<Execution ProcessID="4420" ThreadID="5708"></Execution>
<Channel>Microsoft-Windows-Sysmon/Operational</Channel>
<Computer>DESKTOP-M3AKJSD</Computer>
<Security UserID="S-1-5-18"></Security>
</System>
<EventData><Data Name="RuleName">-</Data>
<Data Name="EventType">SetValue</Data>
<Data Name="UtcTime">2025-04-10 06:00:37.509</Data>
<Data Name="ProcessGuid">{53c665d1-5e7f-67f7-5b00-000000001700}</Data>
<Data Name="ProcessId">4452</Data>
<Data Name="Image">C:\ProgramData\Microsoft\Windows Defender\Platform\4.18.25020.1009-0\MsMpEng.exe</Data>
<Data Name="TargetObject">HKCR\Directory\shellex\ContextMenuHandlers\EPP\(Default)</Data>
<Data Name="Details">{09A47860-11B0-4DA5-AFA5-26D86198A780}</Data>
<Data Name="User">NT AUTHORITY\SYSTEM</Data>
</EventData>
</Event>

<Event xmlns="http://schemas.microsoft.com/win/2004/08/events/event"><System><Provider Name="Microsoft-Windows-Sysmon" Guid="{5770385f-c22a-43e0-bf4c-06f5698ffbd9}"></Provider>
<EventID Qualifiers="">1</EventID>
<Version>5</Version>
<Level>4</Level>
<Task>1</Task>
<Opcode>0</Opcode>
<Keywords>0x8000000000000000</Keywords>
<TimeCreated SystemTime="2025-04-10 06:00:39.658264"></TimeCreated>
<EventRecordID>6539</EventRecordID>
<Correlation ActivityID="" RelatedActivityID=""></Correlation>
<Execution ProcessID="4420" ThreadID="5708"></Execution>
<Channel>Microsoft-Windows-Sysmon/Operational</Channel>
<Computer>DESKTOP-M3AKJSD</Computer>
<Security UserID="S-1-5-18"></Security>
</System>
<EventData><Data Name="RuleName">-</Data>
<Data Name="UtcTime">2025-04-10 06:00:39.653</Data>
<Data Name="ProcessGuid">{53c665d1-5e87-67f7-8d00-000000001700}</Data>
<Data Name="ProcessId">5204</Data>
<Data Name="Image">C:\Windows\servicing\TrustedInstaller.exe</Data>
<Data Name="FileVersion">10.0.26100.3624 (WinBuild.160101.0800)</Data>
<Data Name="Description">Windows Modules Installer</Data>
<Data Name="Product">Microsoft&#174; Windows&#174; Operating System</Data>
<Data Name="Company">Microsoft Corporation</Data>
<Data Name="OriginalFileName">TrustedInstaller.exe</Data>
<Data Name="CommandLine">C:\WINDOWS\servicing\TrustedInstaller.exe</Data>
<Data Name="CurrentDirectory">C:\WINDOWS\system32\</Data>
<Data Name="User">NT AUTHORITY\SYSTEM</Data>
<Data Name="LogonGuid">{53c665d1-5e7a-67f7-e703-000000000000}</Data>
<Data Name="LogonId">0x00000000000003e7</Data>
<Data Name="TerminalSessionId">0</Data>
<Data Name="IntegrityLevel">System</Data>
<Data Name="Hashes">MD5=363B90DB3DE392CFF8C6EE4577F8112E,SHA256=7AC3C0053BEE89F51AD4B8FAC62EBE05053B1232085688512D7362F55F3E8E09,IMPHASH=AB52561940CC63E2E5F7211055568874</Data>
<Data Name="ParentProcessGuid">{53c665d1-5e7a-67f7-0b00-000000001700}</Data>
<Data Name="ParentProcessId">832</Data>
<Data Name="ParentImage">C:\Windows\System32\services.exe</Data>
<Data Name="ParentCommandLine">C:\WINDOWS\system32\services.exe</Data>
<Data Name="ParentUser">NT AUTHORITY\SYSTEM</Data>
</EventData>
</Event>

<Event xmlns="http://schemas.microsoft.com/win/2004/08/events/event"><System><Provider Name="Microsoft-Windows-Sysmon" Guid="{5770385f-c22a-43e0-bf4c-06f5698ffbd9}"></Provider>
<EventID Qualifiers="">1</EventID>
<Version>5</Version>
<Level>4</Level>
<Task>1</Task>
<Opcode>0</Opcode>
<Keywords>0x8000000000000000</Keywords>
<TimeCreated SystemTime="2025-04-10 06:00:39.713511"></TimeCreated>
<EventRecordID>6540</EventRecordID>
<Correlation ActivityID="" RelatedActivityID=""></Correlation>
<Execution ProcessID="4420" ThreadID="5708"></Execution>
<Channel>Microsoft-Windows-Sysmon/Operational</Channel>
<Computer>DESKTOP-M3AKJSD</Computer>
<Security UserID="S-1-5-18"></Security>
</System>
<EventData><Data Name="RuleName">-</Data>
<Data Name="UtcTime">2025-04-10 06:00:39.708</Data>
<Data Name="ProcessGuid">{53c665d1-5e87-67f7-8e00-000000001700}</Data>
<Data Name="ProcessId">3832</Data>
<Data Name="Image">C:\Windows\WinSxS\amd64_microsoft-windows-servicingstack_31bf3856ad364e35_10.0.26100.3764_none_a5067b2d776484b6\TiWorker.exe</Data>
<Data Name="FileVersion">10.0.26100.3764 (WinBuild.160101.0800)</Data>
<Data Name="Description">Windows Modules Installer Worker</Data>
<Data Name="Product">Microsoft&#174; Windows&#174; Operating System</Data>
<Data Name="Company">Microsoft Corporation</Data>
<Data Name="OriginalFileName">TiWorker.exe</Data>
<Data Name="CommandLine">C:\WINDOWS\winsxs\amd64_microsoft-windows-servicingstack_31bf3856ad364e35_10.0.26100.3764_none_a5067b2d776484b6\TiWorker.exe -Embedding</Data>
<Data Name="CurrentDirectory">C:\WINDOWS\system32\</Data>
<Data Name="User">NT AUTHORITY\SYSTEM</Data>
<Data Name="LogonGuid">{53c665d1-5e7a-67f7-e703-000000000000}</Data>
<Data Name="LogonId">0x00000000000003e7</Data>
<Data Name="TerminalSessionId">0</Data>
<Data Name="IntegrityLevel">System</Data>
<Data Name="Hashes">MD5=C9A271ACF18C95FE631D05C6ED5C845D,SHA256=A297F54CC6679401B8B05D1E4CA8D21321833915E291331FFF86412BC508FDD2,IMPHASH=2C8692CBEABC524537CF910B077CE6B1</Data>
<Data Name="ParentProcessGuid">{53c665d1-5e7a-67f7-0d00-000000001700}</Data>
<Data Name="ParentProcessId">992</Data>
<Data Name="ParentImage">C:\Windows\System32\svchost.exe</Data>
<Data Name="ParentCommandLine">C:\WINDOWS\system32\svchost.exe -k DcomLaunch -p</Data>
<Data Name="ParentUser">NT AUTHORITY\SYSTEM</Data>
</EventData>
</Event>

<Event xmlns="http://schemas.microsoft.com/win/2004/08/events/event"><System><Provider Name="Microsoft-Windows-Sysmon" Guid="{5770385f-c22a-43e0-bf4c-06f5698ffbd9}"></Provider>
<EventID Qualifiers="">11</EventID>
<Version>2</Version>
<Level>4</Level>
<Task>11</Task>
<Opcode>0</Opcode>
<Keywords>0x8000000000000000</Keywords>
<TimeCreated SystemTime="2025-04-10 06:00:40.000826"></TimeCreated>
<EventRecordID>6541</EventRecordID>
<Correlation ActivityID="" RelatedActivityID=""></Correlation>
<Execution ProcessID="4420" ThreadID="5708"></Execution>
<Channel>Microsoft-Windows-Sysmon/Operational</Channel>
<Computer>DESKTOP-M3AKJSD</Computer>
<Security UserID="S-1-5-18"></Security>
</System>
<EventData><Data Name="RuleName">DLL</Data>
<Data Name="UtcTime">2025-04-10 06:00:39.999</Data>
<Data Name="ProcessGuid">{53c665d1-5e7c-67f7-4300-000000001700}</Data>
<Data Name="ProcessId">3328</Data>
<Data Name="Image">C:\WINDOWS\system32\svchost.exe</Data>
<Data Name="TargetFilename">C:\Windows\SoftwareDistribution\Download\9e23639a605c687a8e197b7004c8f628\Metadata\UpdateAgent.dll</Data>
<Data Name="CreationUtcTime">2025-04-05 09:55:36.000</Data>
<Data Name="User">NT AUTHORITY\SYSTEM</Data>
</EventData>
</Event>

<Event xmlns="http://schemas.microsoft.com/win/2004/08/events/event"><System><Provider Name="Microsoft-Windows-Sysmon" Guid="{5770385f-c22a-43e0-bf4c-06f5698ffbd9}"></Provider>
<EventID Qualifiers="">11</EventID>
<Version>2</Version>
<Level>4</Level>
<Task>11</Task>
<Opcode>0</Opcode>
<Keywords>0x8000000000000000</Keywords>
<TimeCreated SystemTime="2025-04-10 06:00:40.041613"></TimeCreated>
<EventRecordID>6542</EventRecordID>
<Correlation ActivityID="" RelatedActivityID=""></Correlation>
<Execution ProcessID="4420" ThreadID="5708"></Execution>
<Channel>Microsoft-Windows-Sysmon/Operational</Channel>
<Computer>DESKTOP-M3AKJSD</Computer>
<Security UserID="S-1-5-18"></Security>
</System>
<EventData><Data Name="RuleName">DLL</Data>
<Data Name="UtcTime">2025-04-10 06:00:40.040</Data>
<Data Name="ProcessGuid">{53c665d1-5e7c-67f7-4300-000000001700}</Data>
<Data Name="ProcessId">3328</Data>
<Data Name="Image">C:\WINDOWS\system32\svchost.exe</Data>
<Data Name="TargetFilename">C:\Windows\SoftwareDistribution\Download\9e23639a605c687a8e197b7004c8f628\Metadata\dpx.dll</Data>
<Data Name="CreationUtcTime">2025-04-05 10:21:50.000</Data>
<Data Name="User">NT AUTHORITY\SYSTEM</Data>
</EventData>
</Event>

<Event xmlns="http://schemas.microsoft.com/win/2004/08/events/event"><System><Provider Name="Microsoft-Windows-Sysmon" Guid="{5770385f-c22a-43e0-bf4c-06f5698ffbd9}"></Provider>
<EventID Qualifiers="">11</EventID>
<Version>2</Version>
<Level>4</Level>
<Task>11</Task>
<Opcode>0</Opcode>
<Keywords>0x8000000000000000</Keywords>
<TimeCreated SystemTime="2025-04-10 06:00:40.052565"></TimeCreated>
<EventRecordID>6543</EventRecordID>
<Correlation ActivityID="" RelatedActivityID=""></Correlation>
<Execution ProcessID="4420" ThreadID="5708"></Execution>
<Channel>Microsoft-Windows-Sysmon/Operational</Channel>
<Computer>DESKTOP-M3AKJSD</Computer>
<Security UserID="S-1-5-18"></Security>
</System>
<EventData><Data Name="RuleName">DLL</Data>
<Data Name="UtcTime">2025-04-10 06:00:40.052</Data>
<Data Name="ProcessGuid">{53c665d1-5e7c-67f7-4300-000000001700}</Data>
<Data Name="ProcessId">3328</Data>
<Data Name="Image">C:\WINDOWS\system32\svchost.exe</Data>
<Data Name="TargetFilename">C:\Windows\SoftwareDistribution\Download\9e23639a605c687a8e197b7004c8f628\Metadata\Mitigation.dll</Data>
<Data Name="CreationUtcTime">2025-04-05 15:06:26.000</Data>
<Data Name="User">NT AUTHORITY\SYSTEM</Data>
</EventData>
</Event>

<Event xmlns="http://schemas.microsoft.com/win/2004/08/events/event"><System><Provider Name="Microsoft-Windows-Sysmon" Guid="{5770385f-c22a-43e0-bf4c-06f5698ffbd9}"></Provider>
<EventID Qualifiers="">11</EventID>
<Version>2</Version>
<Level>4</Level>
<Task>11</Task>
<Opcode>0</Opcode>
<Keywords>0x8000000000000000</Keywords>
<TimeCreated SystemTime="2025-04-10 06:00:40.058208"></TimeCreated>
<EventRecordID>6544</EventRecordID>
<Correlation ActivityID="" RelatedActivityID=""></Correlation>
<Execution ProcessID="4420" ThreadID="5708"></Execution>
<Channel>Microsoft-Windows-Sysmon/Operational</Channel>
<Computer>DESKTOP-M3AKJSD</Computer>
<Security UserID="S-1-5-18"></Security>
</System>
<EventData><Data Name="RuleName">DLL</Data>
<Data Name="UtcTime">2025-04-10 06:00:40.056</Data>
<Data Name="ProcessGuid">{53c665d1-5e7c-67f7-4300-000000001700}</Data>
<Data Name="ProcessId">3328</Data>
<Data Name="Image">C:\WINDOWS\system32\svchost.exe</Data>
<Data Name="TargetFilename">C:\Windows\SoftwareDistribution\Download\9e23639a605c687a8e197b7004c8f628\Metadata\UAOneSettings.dll</Data>
<Data Name="CreationUtcTime">2025-04-05 10:10:54.000</Data>
<Data Name="User">NT AUTHORITY\SYSTEM</Data>
</EventData>
</Event>

<Event xmlns="http://schemas.microsoft.com/win/2004/08/events/event"><System><Provider Name="Microsoft-Windows-Sysmon" Guid="{5770385f-c22a-43e0-bf4c-06f5698ffbd9}"></Provider>
<EventID Qualifiers="">11</EventID>
<Version>2</Version>
<Level>4</Level>
<Task>11</Task>
<Opcode>0</Opcode>
<Keywords>0x8000000000000000</Keywords>
<TimeCreated SystemTime="2025-04-10 06:00:40.060276"></TimeCreated>
<EventRecordID>6545</EventRecordID>
<Correlation ActivityID="" RelatedActivityID=""></Correlation>
<Execution ProcessID="4420" ThreadID="5708"></Execution>
<Channel>Microsoft-Windows-Sysmon/Operational</Channel>
<Computer>DESKTOP-M3AKJSD</Computer>
<Security UserID="S-1-5-18"></Security>
</System>
<EventData><Data Name="RuleName">DLL</Data>
<Data Name="UtcTime">2025-04-10 06:00:40.059</Data>
<Data Name="ProcessGuid">{53c665d1-5e7c-67f7-4300-000000001700}</Data>
<Data Name="ProcessId">3328</Data>
<Data Name="Image">C:\WINDOWS\system32\svchost.exe</Data>
<Data Name="TargetFilename">C:\Windows\SoftwareDistribution\Download\9e23639a605c687a8e197b7004c8f628\Metadata\wcp.dll</Data>
<Data Name="CreationUtcTime">2025-04-05 10:20:10.000</Data>
<Data Name="User">NT AUTHORITY\SYSTEM</Data>
</EventData>
</Event>

<Event xmlns="http://schemas.microsoft.com/win/2004/08/events/event"><System><Provider Name="Microsoft-Windows-Sysmon" Guid="{5770385f-c22a-43e0-bf4c-06f5698ffbd9}"></Provider>
<EventID Qualifiers="">11</EventID>
<Version>2</Version>
<Level>4</Level>
<Task>11</Task>
<Opcode>0</Opcode>
<Keywords>0x8000000000000000</Keywords>
<TimeCreated SystemTime="2025-04-10 06:00:40.097685"></TimeCreated>
<EventRecordID>6546</EventRecordID>
<Correlation ActivityID="" RelatedActivityID=""></Correlation>
<Execution ProcessID="4420" ThreadID="5708"></Execution>
<Channel>Microsoft-Windows-Sysmon/Operational</Channel>
<Computer>DESKTOP-M3AKJSD</Computer>
<Security UserID="S-1-5-18"></Security>
</System>
<EventData><Data Name="RuleName">DLL</Data>
<Data Name="UtcTime">2025-04-10 06:00:40.097</Data>
<Data Name="ProcessGuid">{53c665d1-5e7c-67f7-4300-000000001700}</Data>
<Data Name="ProcessId">3328</Data>
<Data Name="Image">C:\WINDOWS\system32\svchost.exe</Data>
<Data Name="TargetFilename">C:\Windows\SoftwareDistribution\Download\9e23639a605c687a8e197b7004c8f628\Metadata\TurboStack.dll</Data>
<Data Name="CreationUtcTime">2025-04-05 09:55:42.000</Data>
<Data Name="User">NT AUTHORITY\SYSTEM</Data>
</EventData>
</Event>

<Event xmlns="http://schemas.microsoft.com/win/2004/08/events/event"><System><Provider Name="Microsoft-Windows-Sysmon" Guid="{5770385f-c22a-43e0-bf4c-06f5698ffbd9}"></Provider>
<EventID Qualifiers="">11</EventID>
<Version>2</Version>
<Level>4</Level>
<Task>11</Task>
<Opcode>0</Opcode>
<Keywords>0x8000000000000000</Keywords>
<TimeCreated SystemTime="2025-04-10 06:00:40.120266"></TimeCreated>
<EventRecordID>6547</EventRecordID>
<Correlation ActivityID="" RelatedActivityID=""></Correlation>
<Execution ProcessID="4420" ThreadID="5708"></Execution>
<Channel>Microsoft-Windows-Sysmon/Operational</Channel>
<Computer>DESKTOP-M3AKJSD</Computer>
<Security UserID="S-1-5-18"></Security>
</System>
<EventData><Data Name="RuleName">DLL</Data>
<Data Name="UtcTime">2025-04-10 06:00:40.118</Data>
<Data Name="ProcessGuid">{53c665d1-5e7c-67f7-4300-000000001700}</Data>
<Data Name="ProcessId">3328</Data>
<Data Name="Image">C:\WINDOWS\system32\svchost.exe</Data>
<Data Name="TargetFilename">C:\Windows\SoftwareDistribution\Download\9e23639a605c687a8e197b7004c8f628\Metadata\ReserveManager.dll</Data>
<Data Name="CreationUtcTime">2025-04-05 09:55:50.000</Data>
<Data Name="User">NT AUTHORITY\SYSTEM</Data>
</EventData>
</Event>

<Event xmlns="http://schemas.microsoft.com/win/2004/08/events/event"><System><Provider Name="Microsoft-Windows-Sysmon" Guid="{5770385f-c22a-43e0-bf4c-06f5698ffbd9}"></Provider>
<EventID Qualifiers="">11</EventID>
<Version>2</Version>
<Level>4</Level>
<Task>11</Task>
<Opcode>0</Opcode>
<Keywords>0x8000000000000000</Keywords>
<TimeCreated SystemTime="2025-04-10 06:00:40.126974"></TimeCreated>
<EventRecordID>6548</EventRecordID>
<Correlation ActivityID="" RelatedActivityID=""></Correlation>
<Execution ProcessID="4420" ThreadID="5708"></Execution>
<Channel>Microsoft-Windows-Sysmon/Operational</Channel>
<Computer>DESKTOP-M3AKJSD</Computer>
<Security UserID="S-1-5-18"></Security>
</System>
<EventData><Data Name="RuleName">DLL</Data>
<Data Name="UtcTime">2025-04-10 06:00:40.124</Data>
<Data Name="ProcessGuid">{53c665d1-5e7c-67f7-4300-000000001700}</Data>
<Data Name="ProcessId">3328</Data>
<Data Name="Image">C:\WINDOWS\system32\svchost.exe</Data>
<Data Name="TargetFilename">C:\Windows\SoftwareDistribution\Download\9e23639a605c687a8e197b7004c8f628\Metadata\WinREAgent.dll</Data>
<Data Name="CreationUtcTime">2025-04-05 14:53:52.000</Data>
<Data Name="User">NT AUTHORITY\SYSTEM</Data>
</EventData>
</Event>

<Event xmlns="http://schemas.microsoft.com/win/2004/08/events/event"><System><Provider Name="Microsoft-Windows-Sysmon" Guid="{5770385f-c22a-43e0-bf4c-06f5698ffbd9}"></Provider>
<EventID Qualifiers="">11</EventID>
<Version>2</Version>
<Level>4</Level>
<Task>11</Task>
<Opcode>0</Opcode>
<Keywords>0x8000000000000000</Keywords>
<TimeCreated SystemTime="2025-04-10 06:00:40.136610"></TimeCreated>
<EventRecordID>6549</EventRecordID>
<Correlation ActivityID="" RelatedActivityID=""></Correlation>
<Execution ProcessID="4420" ThreadID="5708"></Execution>
<Channel>Microsoft-Windows-Sysmon/Operational</Channel>
<Computer>DESKTOP-M3AKJSD</Computer>
<Security UserID="S-1-5-18"></Security>
</System>
<EventData><Data Name="RuleName">DLL</Data>
<Data Name="UtcTime">2025-04-10 06:00:40.136</Data>
<Data Name="ProcessGuid">{53c665d1-5e7c-67f7-4300-000000001700}</Data>
<Data Name="ProcessId">3328</Data>
<Data Name="Image">C:\WINDOWS\system32\svchost.exe</Data>
<Data Name="TargetFilename">C:\Windows\SoftwareDistribution\Download\9e23639a605c687a8e197b7004c8f628\Metadata\UpdateCompression.dll</Data>
<Data Name="CreationUtcTime">2025-04-05 09:55:30.000</Data>
<Data Name="User">NT AUTHORITY\SYSTEM</Data>
</EventData>
</Event>

<Event xmlns="http://schemas.microsoft.com/win/2004/08/events/event"><System><Provider Name="Microsoft-Windows-Sysmon" Guid="{5770385f-c22a-43e0-bf4c-06f5698ffbd9}"></Provider>
<EventID Qualifiers="">11</EventID>
<Version>2</Version>
<Level>4</Level>
<Task>11</Task>
<Opcode>0</Opcode>
<Keywords>0x8000000000000000</Keywords>
<TimeCreated SystemTime="2025-04-10 06:00:40.145920"></TimeCreated>
<EventRecordID>6550</EventRecordID>
<Correlation ActivityID="" RelatedActivityID=""></Correlation>
<Execution ProcessID="4420" ThreadID="5708"></Execution>
<Channel>Microsoft-Windows-Sysmon/Operational</Channel>
<Computer>DESKTOP-M3AKJSD</Computer>
<Security UserID="S-1-5-18"></Security>
</System>
<EventData><Data Name="RuleName">DLL</Data>
<Data Name="UtcTime">2025-04-10 06:00:40.144</Data>
<Data Name="ProcessGuid">{53c665d1-5e7c-67f7-4300-000000001700}</Data>
<Data Name="ProcessId">3328</Data>
<Data Name="Image">C:\WINDOWS\system32\svchost.exe</Data>
<Data Name="TargetFilename">C:\Windows\SoftwareDistribution\Download\9e23639a605c687a8e197b7004c8f628\Metadata\updatedeploy.dll</Data>
<Data Name="CreationUtcTime">2025-04-05 09:57:26.000</Data>
<Data Name="User">NT AUTHORITY\SYSTEM</Data>
</EventData>
</Event>

<Event xmlns="http://schemas.microsoft.com/win/2004/08/events/event"><System><Provider Name="Microsoft-Windows-Sysmon" Guid="{5770385f-c22a-43e0-bf4c-06f5698ffbd9}"></Provider>
<EventID Qualifiers="">13</EventID>
<Version>2</Version>
<Level>4</Level>
<Task>13</Task>
<Opcode>0</Opcode>
<Keywords>0x8000000000000000</Keywords>
<TimeCreated SystemTime="2025-04-10 06:00:40.148066"></TimeCreated>
<EventRecordID>6551</EventRecordID>
<Correlation ActivityID="" RelatedActivityID=""></Correlation>
<Execution ProcessID="4420" ThreadID="5708"></Execution>
<Channel>Microsoft-Windows-Sysmon/Operational</Channel>
<Computer>DESKTOP-M3AKJSD</Computer>
<Security UserID="S-1-5-18"></Security>
</System>
<EventData><Data Name="RuleName">T1031,T1050</Data>
<Data Name="EventType">SetValue</Data>
<Data Name="UtcTime">2025-04-10 06:00:40.147</Data>
<Data Name="ProcessGuid">{53c665d1-5e7a-67f7-0b00-000000001700}</Data>
<Data Name="ProcessId">832</Data>
<Data Name="Image">C:\WINDOWS\system32\services.exe</Data>
<Data Name="TargetObject">HKLM\System\CurrentControlSet\Services\WdNisDrv\Start</Data>
<Data Name="Details">DWORD (0x00000003)</Data>
<Data Name="User">NT AUTHORITY\SYSTEM</Data>
</EventData>
</Event>

<Event xmlns="http://schemas.microsoft.com/win/2004/08/events/event"><System><Provider Name="Microsoft-Windows-Sysmon" Guid="{5770385f-c22a-43e0-bf4c-06f5698ffbd9}"></Provider>
<EventID Qualifiers="">11</EventID>
<Version>2</Version>
<Level>4</Level>
<Task>11</Task>
<Opcode>0</Opcode>
<Keywords>0x8000000000000000</Keywords>
<TimeCreated SystemTime="2025-04-10 06:00:40.155939"></TimeCreated>
<EventRecordID>6552</EventRecordID>
<Correlation ActivityID="" RelatedActivityID=""></Correlation>
<Execution ProcessID="4420" ThreadID="5708"></Execution>
<Channel>Microsoft-Windows-Sysmon/Operational</Channel>
<Computer>DESKTOP-M3AKJSD</Computer>
<Security UserID="S-1-5-18"></Security>
</System>
<EventData><Data Name="RuleName">DLL</Data>
<Data Name="UtcTime">2025-04-10 06:00:40.153</Data>
<Data Name="ProcessGuid">{53c665d1-5e7c-67f7-4300-000000001700}</Data>
<Data Name="ProcessId">3328</Data>
<Data Name="Image">C:\WINDOWS\system32\svchost.exe</Data>
<Data Name="TargetFilename">C:\Windows\SoftwareDistribution\Download\9e23639a605c687a8e197b7004c8f628\Metadata\AppxDeviceInventory.dll</Data>
<Data Name="CreationUtcTime">2025-04-05 10:21:38.000</Data>
<Data Name="User">NT AUTHORITY\SYSTEM</Data>
</EventData>
</Event>

<Event xmlns="http://schemas.microsoft.com/win/2004/08/events/event"><System><Provider Name="Microsoft-Windows-Sysmon" Guid="{5770385f-c22a-43e0-bf4c-06f5698ffbd9}"></Provider>
<EventID Qualifiers="">11</EventID>
<Version>2</Version>
<Level>4</Level>
<Task>11</Task>
<Opcode>0</Opcode>
<Keywords>0x8000000000000000</Keywords>
<TimeCreated SystemTime="2025-04-10 06:00:40.167225"></TimeCreated>
<EventRecordID>6553</EventRecordID>
<Correlation ActivityID="" RelatedActivityID=""></Correlation>
<Execution ProcessID="4420" ThreadID="5708"></Execution>
<Channel>Microsoft-Windows-Sysmon/Operational</Channel>
<Computer>DESKTOP-M3AKJSD</Computer>
<Security UserID="S-1-5-18"></Security>
</System>
<EventData><Data Name="RuleName">DLL</Data>
<Data Name="UtcTime">2025-04-10 06:00:40.166</Data>
<Data Name="ProcessGuid">{53c665d1-5e7c-67f7-4300-000000001700}</Data>
<Data Name="ProcessId">3328</Data>
<Data Name="Image">C:\WINDOWS\system32\svchost.exe</Data>
<Data Name="TargetFilename">C:\Windows\SoftwareDistribution\Download\9e23639a605c687a8e197b7004c8f628\Metadata\MsixPackageProvisioner.dll</Data>
<Data Name="CreationUtcTime">2025-04-05 10:26:36.000</Data>
<Data Name="User">NT AUTHORITY\SYSTEM</Data>
</EventData>
</Event>

<Event xmlns="http://schemas.microsoft.com/win/2004/08/events/event"><System><Provider Name="Microsoft-Windows-Sysmon" Guid="{5770385f-c22a-43e0-bf4c-06f5698ffbd9}"></Provider>
<EventID Qualifiers="">1</EventID>
<Version>5</Version>
<Level>4</Level>
<Task>1</Task>
<Opcode>0</Opcode>
<Keywords>0x8000000000000000</Keywords>
<TimeCreated SystemTime="2025-04-10 06:00:40.253885"></TimeCreated>
<EventRecordID>6554</EventRecordID>
<Correlation ActivityID="" RelatedActivityID=""></Correlation>
<Execution ProcessID="4420" ThreadID="5708"></Execution>
<Channel>Microsoft-Windows-Sysmon/Operational</Channel>
<Computer>DESKTOP-M3AKJSD</Computer>
<Security UserID="S-1-5-18"></Security>
</System>
<EventData><Data Name="RuleName">-</Data>
<Data Name="UtcTime">2025-04-10 06:00:40.211</Data>
<Data Name="ProcessGuid">{53c665d1-5e88-67f7-9000-000000001700}</Data>
<Data Name="ProcessId">6160</Data>
<Data Name="Image">C:\ProgramData\Microsoft\Windows Defender\Platform\4.18.25020.1009-0\NisSrv.exe</Data>
<Data Name="FileVersion">4.18.25020.1009 (f9825cc40e26f897bbd18abcfcc53873f7599597)</Data>
<Data Name="Description">Microsoft Network Realtime Inspection Service</Data>
<Data Name="Product">Microsoft&#174; Windows&#174; Operating System</Data>
<Data Name="Company">Microsoft Corporation</Data>
<Data Name="OriginalFileName">NisSrv.exe</Data>
<Data Name="CommandLine">"C:\ProgramData\Microsoft\Windows Defender\Platform\4.18.25020.1009-0\NisSrv.exe"</Data>
<Data Name="CurrentDirectory">C:\WINDOWS\system32\</Data>
<Data Name="User">NT AUTHORITY\LOCAL SERVICE</Data>
<Data Name="LogonGuid">{53c665d1-5e7a-67f7-e503-000000000000}</Data>
<Data Name="LogonId">0x00000000000003e5</Data>
<Data Name="TerminalSessionId">0</Data>
<Data Name="IntegrityLevel">System</Data>
<Data Name="Hashes">MD5=3CF93D16B6017B5D0A31E384D48EB89C,SHA256=DFDF0C9BB0D99E10E9B956C300B0B490FF4C9FC869E60B1E199B5D2106762A4C,IMPHASH=BC85E0CB532AB955EA1C7283FD00B0D9</Data>
<Data Name="ParentProcessGuid">{53c665d1-5e7a-67f7-0b00-000000001700}</Data>
<Data Name="ParentProcessId">832</Data>
<Data Name="ParentImage">C:\Windows\System32\services.exe</Data>
<Data Name="ParentCommandLine">C:\WINDOWS\system32\services.exe</Data>
<Data Name="ParentUser">NT AUTHORITY\SYSTEM</Data>
</EventData>
</Event>

<Event xmlns="http://schemas.microsoft.com/win/2004/08/events/event"><System><Provider Name="Microsoft-Windows-Sysmon" Guid="{5770385f-c22a-43e0-bf4c-06f5698ffbd9}"></Provider>
<EventID Qualifiers="">22</EventID>
<Version>5</Version>
<Level>4</Level>
<Task>22</Task>
<Opcode>0</Opcode>
<Keywords>0x8000000000000000</Keywords>
<TimeCreated SystemTime="2025-04-10 06:00:41.744884"></TimeCreated>
<EventRecordID>6555</EventRecordID>
<Correlation ActivityID="" RelatedActivityID=""></Correlation>
<Execution ProcessID="4420" ThreadID="5732"></Execution>
<Channel>Microsoft-Windows-Sysmon/Operational</Channel>
<Computer>DESKTOP-M3AKJSD</Computer>
<Security UserID="S-1-5-18"></Security>
</System>
<EventData><Data Name="RuleName">-</Data>
<Data Name="UtcTime">2025-04-10 06:00:40.475</Data>
<Data Name="ProcessGuid">{53c665d1-5e7b-67f7-3000-000000001700}</Data>
<Data Name="ProcessId">2480</Data>
<Data Name="QueryName">vmw-keyid-d52c0ac3e85ef7a81566f9f9c3c871974b784aa3.microsoftaik.azure.net</Data>
<Data Name="QueryStatus">0</Data>
<Data Name="QueryResults">type: 5 prdf.aadg.msidentity.com;type: 5 www.tm.f.prd.aadg.trafficmanager.net;2603:1046:2000:88::9;2603:1046:2000:88::a;::ffff:20.190.145.128;::ffff:20.190.145.139;</Data>
<Data Name="Image">C:\Windows\System32\taskhostw.exe</Data>
<Data Name="User">NT AUTHORITY\SYSTEM</Data>
</EventData>
</Event>

