<Event xmlns="http://schemas.microsoft.com/win/2004/08/events/event"><System><Provider Name="Microsoft-Windows-Sysmon" Guid="{5770385f-c22a-43e0-bf4c-06f5698ffbd9}"></Provider>
<EventID Qualifiers="">1</EventID>
<Version>5</Version>
<Level>4</Level>
<Task>1</Task>
<Opcode>0</Opcode>
<Keywords>0x8000000000000000</Keywords>
<TimeCreated SystemTime="2025-04-10 06:00:57.704678"></TimeCreated>
<EventRecordID>6556</EventRecordID>
<Correlation ActivityID="" RelatedActivityID=""></Correlation>
<Execution ProcessID="4420" ThreadID="5708"></Execution>
<Channel>Microsoft-Windows-Sysmon/Operational</Channel>
<Computer>DESKTOP-M3AKJSD</Computer>
<Security UserID="S-1-5-18"></Security>
</System>
<EventData><Data Name="RuleName">-</Data>
<Data Name="UtcTime">2025-04-10 06:00:57.696</Data>
<Data Name="ProcessGuid">{53c665d1-5e99-67f7-9300-000000001700}</Data>
<Data Name="ProcessId">6476</Data>
<Data Name="Image">C:\Windows\System32\SIHClient.exe</Data>
<Data Name="FileVersion">1309.2503.16012.0</Data>
<Data Name="Description">SIH Client</Data>
<Data Name="Product">Microsoft&#174; Windows&#174; Operating System</Data>
<Data Name="Company">Microsoft Corporation</Data>
<Data Name="OriginalFileName">sihclient.exe</Data>
<Data Name="CommandLine">C:\WINDOWS\System32\sihclient.exe  /cv CB80umb2r0iaHHhiNwDY0g.0.1</Data>
<Data Name="CurrentDirectory">C:\WINDOWS\system32\</Data>
<Data Name="User">NT AUTHORITY\SYSTEM</Data>
<Data Name="LogonGuid">{53c665d1-5e7a-67f7-e703-000000000000}</Data>
<Data Name="LogonId">0x00000000000003e7</Data>
<Data Name="TerminalSessionId">0</Data>
<Data Name="IntegrityLevel">System</Data>
<Data Name="Hashes">MD5=628EEDF01A06EB5D5279D1DA69E81053,SHA256=E125BBF483E4B7125B21F82CAC387F3404AFA5DCCBA95877825BD2553B40C619,IMPHASH=5B3C407F303DB19F5867D6C5B9D22B97</Data>
<Data Name="ParentProcessGuid">{53c665d1-5e7b-67f7-2600-000000001700}</Data>
<Data Name="ParentProcessId">1968</Data>
<Data Name="ParentImage">C:\Windows\System32\upfc.exe</Data>
<Data Name="ParentCommandLine">C:\WINDOWS\System32\Upfc.exe /launchtype boot /cv CB80umb2r0iaHHhiNwDY0g.0</Data>
<Data Name="ParentUser">NT AUTHORITY\SYSTEM</Data>
</EventData>
</Event>

<Event xmlns="http://schemas.microsoft.com/win/2004/08/events/event"><System><Provider Name="Microsoft-Windows-Sysmon" Guid="{5770385f-c22a-43e0-bf4c-06f5698ffbd9}"></Provider>
<EventID Qualifiers="">1</EventID>
<Version>5</Version>
<Level>4</Level>
<Task>1</Task>
<Opcode>0</Opcode>
<Keywords>0x8000000000000000</Keywords>
<TimeCreated SystemTime="2025-04-10 06:00:58.771473"></TimeCreated>
<EventRecordID>6557</EventRecordID>
<Correlation ActivityID="" RelatedActivityID=""></Correlation>
<Execution ProcessID="4420" ThreadID="5708"></Execution>
<Channel>Microsoft-Windows-Sysmon/Operational</Channel>
<Computer>DESKTOP-M3AKJSD</Computer>
<Security UserID="S-1-5-18"></Security>
</System>
<EventData><Data Name="RuleName">-</Data>
<Data Name="UtcTime">2025-04-10 06:00:58.754</Data>
<Data Name="ProcessGuid">{53c665d1-5e9a-67f7-9500-000000001700}</Data>
<Data Name="ProcessId">6688</Data>
<Data Name="Image">C:\ProgramData\Microsoft\Windows Defender\Platform\4.18.25020.1009-0\MpCmdRun.exe</Data>
<Data Name="FileVersion">4.18.25020.1009 (f9825cc40e26f897bbd18abcfcc53873f7599597)</Data>
<Data Name="Description">Microsoft Malware Protection Command Line Utility</Data>
<Data Name="Product">Microsoft&#174; Windows&#174; Operating System</Data>
<Data Name="Company">Microsoft Corporation</Data>
<Data Name="OriginalFileName">MpCmdRun.exe</Data>
<Data Name="CommandLine">"C:\ProgramData\Microsoft\Windows Defender\Platform\4.18.25020.1009-0\MpCmdRun.exe" -IdleTask -TaskName WdVerification</Data>
<Data Name="CurrentDirectory">C:\WINDOWS\system32\</Data>
<Data Name="User">NT AUTHORITY\SYSTEM</Data>
<Data Name="LogonGuid">{53c665d1-5e7a-67f7-e703-000000000000}</Data>
<Data Name="LogonId">0x00000000000003e7</Data>
<Data Name="TerminalSessionId">0</Data>
<Data Name="IntegrityLevel">System</Data>
<Data Name="Hashes">MD5=0C59216E81F46376ECB6501C1E003DFA,SHA256=E46A588465CFFE407FF8D7BA58D7716FECA2B2F82FAAC291AB561F3C1259ED24,IMPHASH=573E1EF237F03048F95BE73E5B61F862</Data>
<Data Name="ParentProcessGuid">{53c665d1-5e7b-67f7-2000-000000001700}</Data>
<Data Name="ParentProcessId">1744</Data>
<Data Name="ParentImage">C:\Windows\System32\svchost.exe</Data>
<Data Name="ParentCommandLine">C:\WINDOWS\system32\svchost.exe -k netsvcs -p -s Schedule</Data>
<Data Name="ParentUser">NT AUTHORITY\SYSTEM</Data>
</EventData>
</Event>

<Event xmlns="http://schemas.microsoft.com/win/2004/08/events/event"><System><Provider Name="Microsoft-Windows-Sysmon" Guid="{5770385f-c22a-43e0-bf4c-06f5698ffbd9}"></Provider>
<EventID Qualifiers="">22</EventID>
<Version>5</Version>
<Level>4</Level>
<Task>22</Task>
<Opcode>0</Opcode>
<Keywords>0x8000000000000000</Keywords>
<TimeCreated SystemTime="2025-04-10 06:00:58.790785"></TimeCreated>
<EventRecordID>6558</EventRecordID>
<Correlation ActivityID="" RelatedActivityID=""></Correlation>
<Execution ProcessID="4420" ThreadID="5732"></Execution>
<Channel>Microsoft-Windows-Sysmon/Operational</Channel>
<Computer>DESKTOP-M3AKJSD</Computer>
<Security UserID="S-1-5-18"></Security>
</System>
<EventData><Data Name="RuleName">-</Data>
<Data Name="UtcTime">2025-04-10 06:00:57.790</Data>
<Data Name="ProcessGuid">{53c665d1-5e7e-67f7-4a00-000000001700}</Data>
<Data Name="ProcessId">3860</Data>
<Data Name="QueryName">DESKTOP-M3AKJSD</Data>
<Data Name="QueryStatus">0</Data>
<Data Name="QueryResults">fe80::1204:4ea5:585f:4495;2401:4900:1c07:6be3:a520:cdc8:f7ce:11fa;2401:4900:1c07:6be3:38b1:506c:75c0:4a06;::ffff:192.168.1.10;</Data>
<Data Name="Image">C:\Windows\System32\spoolsv.exe</Data>
<Data Name="User">NT AUTHORITY\SYSTEM</Data>
</EventData>
</Event>

<Event xmlns="http://schemas.microsoft.com/win/2004/08/events/event"><System><Provider Name="Microsoft-Windows-Sysmon" Guid="{5770385f-c22a-43e0-bf4c-06f5698ffbd9}"></Provider>
<EventID Qualifiers="">22</EventID>
<Version>5</Version>
<Level>4</Level>
<Task>22</Task>
<Opcode>0</Opcode>
<Keywords>0x8000000000000000</Keywords>
<TimeCreated SystemTime="2025-04-10 06:00:58.790812"></TimeCreated>
<EventRecordID>6559</EventRecordID>
<Correlation ActivityID="" RelatedActivityID=""></Correlation>
<Execution ProcessID="4420" ThreadID="5732"></Execution>
<Channel>Microsoft-Windows-Sysmon/Operational</Channel>
<Computer>DESKTOP-M3AKJSD</Computer>
<Security UserID="S-1-5-18"></Security>
</System>
<EventData><Data Name="RuleName">-</Data>
<Data Name="UtcTime">2025-04-10 06:00:58.033</Data>
<Data Name="ProcessGuid">{53c665d1-5e7e-67f7-4a00-000000001700}</Data>
<Data Name="ProcessId">3860</Data>
<Data Name="QueryName">DESKTOP-M3AKJSD</Data>
<Data Name="QueryStatus">0</Data>
<Data Name="QueryResults">192.168.1.10;</Data>
<Data Name="Image">C:\Windows\System32\spoolsv.exe</Data>
<Data Name="User">NT AUTHORITY\SYSTEM</Data>
</EventData>
</Event>

<Event xmlns="http://schemas.microsoft.com/win/2004/08/events/event"><System><Provider Name="Microsoft-Windows-Sysmon" Guid="{5770385f-c22a-43e0-bf4c-06f5698ffbd9}"></Provider>
<EventID Qualifiers="">22</EventID>
<Version>5</Version>
<Level>4</Level>
<Task>22</Task>
<Opcode>0</Opcode>
<Keywords>0x8000000000000000</Keywords>
<TimeCreated SystemTime="2025-04-10 06:00:58.790821"></TimeCreated>
<EventRecordID>6560</EventRecordID>
<Correlation ActivityID="" RelatedActivityID=""></Correlation>
<Execution ProcessID="4420" ThreadID="5732"></Execution>
<Channel>Microsoft-Windows-Sysmon/Operational</Channel>
<Computer>DESKTOP-M3AKJSD</Computer>
<Security UserID="S-1-5-18"></Security>
</System>
<EventData><Data Name="RuleName">-</Data>
<Data Name="UtcTime">2025-04-10 06:00:58.033</Data>
<Data Name="ProcessGuid">{53c665d1-5e7e-67f7-4a00-000000001700}</Data>
<Data Name="ProcessId">3860</Data>
<Data Name="QueryName">DESKTOP-M3AKJSD</Data>
<Data Name="QueryStatus">0</Data>
<Data Name="QueryResults">fe80::1204:4ea5:585f:4495;2401:4900:1c07:6be3:a520:cdc8:f7ce:11fa;2401:4900:1c07:6be3:38b1:506c:75c0:4a06;</Data>
<Data Name="Image">C:\Windows\System32\spoolsv.exe</Data>
<Data Name="User">NT AUTHORITY\SYSTEM</Data>
</EventData>
</Event>

<Event xmlns="http://schemas.microsoft.com/win/2004/08/events/event"><System><Provider Name="Microsoft-Windows-Sysmon" Guid="{5770385f-c22a-43e0-bf4c-06f5698ffbd9}"></Provider>
<EventID Qualifiers="">1</EventID>
<Version>5</Version>
<Level>4</Level>
<Task>1</Task>
<Opcode>0</Opcode>
<Keywords>0x8000000000000000</Keywords>
<TimeCreated SystemTime="2025-04-10 06:00:59.101135"></TimeCreated>
<EventRecordID>6561</EventRecordID>
<Correlation ActivityID="" RelatedActivityID=""></Correlation>
<Execution ProcessID="4420" ThreadID="5708"></Execution>
<Channel>Microsoft-Windows-Sysmon/Operational</Channel>
<Computer>DESKTOP-M3AKJSD</Computer>
<Security UserID="S-1-5-18"></Security>
</System>
<EventData><Data Name="RuleName">-</Data>
<Data Name="UtcTime">2025-04-10 06:00:59.098</Data>
<Data Name="ProcessGuid">{53c665d1-5e9b-67f7-9700-000000001700}</Data>
<Data Name="ProcessId">6748</Data>
<Data Name="Image">C:\ProgramData\Microsoft\Windows Defender\Platform\4.18.25020.1009-0\MpCmdRun.exe</Data>
<Data Name="FileVersion">4.18.25020.1009 (f9825cc40e26f897bbd18abcfcc53873f7599597)</Data>
<Data Name="Description">Microsoft Malware Protection Command Line Utility</Data>
<Data Name="Product">Microsoft&#174; Windows&#174; Operating System</Data>
<Data Name="Company">Microsoft Corporation</Data>
<Data Name="OriginalFileName">MpCmdRun.exe</Data>
<Data Name="CommandLine">"C:\ProgramData\Microsoft\Windows Defender\Platform\4.18.25020.1009-0\MpCmdRun.exe" GetDeviceTicket -AccessKey 2D1C86CA-B418-CFC5-E411-8DFB6F73133F </Data>
<Data Name="CurrentDirectory">C:\WINDOWS\system32\</Data>
<Data Name="User">NT AUTHORITY\NETWORK SERVICE</Data>
<Data Name="LogonGuid">{53c665d1-5e7a-67f7-e403-000000000000}</Data>
<Data Name="LogonId">0x00000000000003e4</Data>
<Data Name="TerminalSessionId">0</Data>
<Data Name="IntegrityLevel">System</Data>
<Data Name="Hashes">MD5=0C59216E81F46376ECB6501C1E003DFA,SHA256=E46A588465CFFE407FF8D7BA58D7716FECA2B2F82FAAC291AB561F3C1259ED24,IMPHASH=573E1EF237F03048F95BE73E5B61F862</Data>
<Data Name="ParentProcessGuid">{53c665d1-5e7f-67f7-5b00-000000001700}</Data>
<Data Name="ParentProcessId">4452</Data>
<Data Name="ParentImage">C:\ProgramData\Microsoft\Windows Defender\Platform\4.18.25020.1009-0\MsMpEng.exe</Data>
<Data Name="ParentCommandLine">"C:\ProgramData\Microsoft\Windows Defender\Platform\4.18.25020.1009-0\MsMpEng.exe"</Data>
<Data Name="ParentUser">NT AUTHORITY\SYSTEM</Data>
</EventData>
</Event>

<Event xmlns="http://schemas.microsoft.com/win/2004/08/events/event"><System><Provider Name="Microsoft-Windows-Sysmon" Guid="{5770385f-c22a-43e0-bf4c-06f5698ffbd9}"></Provider>
<EventID Qualifiers="">1</EventID>
<Version>5</Version>
<Level>4</Level>
<Task>1</Task>
<Opcode>0</Opcode>
<Keywords>0x8000000000000000</Keywords>
<TimeCreated SystemTime="2025-04-10 06:01:01.277386"></TimeCreated>
<EventRecordID>6562</EventRecordID>
<Correlation ActivityID="" RelatedActivityID=""></Correlation>
<Execution ProcessID="4420" ThreadID="5708"></Execution>
<Channel>Microsoft-Windows-Sysmon/Operational</Channel>
<Computer>DESKTOP-M3AKJSD</Computer>
<Security UserID="S-1-5-18"></Security>
</System>
<EventData><Data Name="RuleName">-</Data>
<Data Name="UtcTime">2025-04-10 06:01:01.274</Data>
<Data Name="ProcessGuid">{53c665d1-5e9d-67f7-9900-000000001700}</Data>
<Data Name="ProcessId">6908</Data>
<Data Name="Image">C:\Windows\System32\svchost.exe</Data>
<Data Name="FileVersion">10.0.26100.1150 (WinBuild.160101.0800)</Data>
<Data Name="Description">Host Process for Windows Services</Data>
<Data Name="Product">Microsoft&#174; Windows&#174; Operating System</Data>
<Data Name="Company">Microsoft Corporation</Data>
<Data Name="OriginalFileName">svchost.exe</Data>
<Data Name="CommandLine">C:\WINDOWS\System32\svchost.exe -k LocalSystemNetworkRestricted -p</Data>
<Data Name="CurrentDirectory">C:\WINDOWS\system32\</Data>
<Data Name="User">NT AUTHORITY\SYSTEM</Data>
<Data Name="LogonGuid">{53c665d1-5e7a-67f7-e703-000000000000}</Data>
<Data Name="LogonId">0x00000000000003e7</Data>
<Data Name="TerminalSessionId">0</Data>
<Data Name="IntegrityLevel">System</Data>
<Data Name="Hashes">MD5=0CD128F416A04C06D50EC56392C25D9F,SHA256=324451797AC909A4DD40C7A2F7347EF91F6B7C786941AD5035F609C0FC15EDAA,IMPHASH=DE43BD45CC98C143357416C7519ECCFD</Data>
<Data Name="ParentProcessGuid">{53c665d1-5e7a-67f7-0b00-000000001700}</Data>
<Data Name="ParentProcessId">832</Data>
<Data Name="ParentImage">C:\Windows\System32\services.exe</Data>
<Data Name="ParentCommandLine">C:\WINDOWS\system32\services.exe</Data>
<Data Name="ParentUser">NT AUTHORITY\SYSTEM</Data>
</EventData>
</Event>

<Event xmlns="http://schemas.microsoft.com/win/2004/08/events/event"><System><Provider Name="Microsoft-Windows-Sysmon" Guid="{5770385f-c22a-43e0-bf4c-06f5698ffbd9}"></Provider>
<EventID Qualifiers="">1</EventID>
<Version>5</Version>
<Level>4</Level>
<Task>1</Task>
<Opcode>0</Opcode>
<Keywords>0x8000000000000000</Keywords>
<TimeCreated SystemTime="2025-04-10 06:01:28.345722"></TimeCreated>
<EventRecordID>6563</EventRecordID>
<Correlation ActivityID="" RelatedActivityID=""></Correlation>
<Execution ProcessID="4420" ThreadID="5708"></Execution>
<Channel>Microsoft-Windows-Sysmon/Operational</Channel>
<Computer>DESKTOP-M3AKJSD</Computer>
<Security UserID="S-1-5-18"></Security>
</System>
<EventData><Data Name="RuleName">-</Data>
<Data Name="UtcTime">2025-04-10 06:01:28.343</Data>
<Data Name="ProcessGuid">{53c665d1-5eb8-67f7-9c00-000000001700}</Data>
<Data Name="ProcessId">5540</Data>
<Data Name="Image">C:\Windows\System32\dxgiadaptercache.exe</Data>
<Data Name="FileVersion">10.0.26100.3624 (WinBuild.160101.0800)</Data>
<Data Name="Description">DXGI Adapter Cache</Data>
<Data Name="Product">Microsoft&#174; Windows&#174; Operating System</Data>
<Data Name="Company">Microsoft Corporation</Data>
<Data Name="OriginalFileName">DXGIAdapterCache.exe</Data>
<Data Name="CommandLine">"C:\WINDOWS\system32\dxgiadaptercache.exe"</Data>
<Data Name="CurrentDirectory">C:\WINDOWS\system32\</Data>
<Data Name="User">NT AUTHORITY\SYSTEM</Data>
<Data Name="LogonGuid">{53c665d1-5e7a-67f7-e703-000000000000}</Data>
<Data Name="LogonId">0x00000000000003e7</Data>
<Data Name="TerminalSessionId">0</Data>
<Data Name="IntegrityLevel">System</Data>
<Data Name="Hashes">MD5=FFE4EF2EAE85C9D317027E7C6C6FAE30,SHA256=82AB1C8BA6D2AC0D51DAEF246A35CA54AD49F52CC7B9241FC7CBA1832D5B3936,IMPHASH=618B67EACA04EA41C7FD785E4ACC7038</Data>
<Data Name="ParentProcessGuid">{53c665d1-5e7b-67f7-2000-000000001700}</Data>
<Data Name="ParentProcessId">1744</Data>
<Data Name="ParentImage">C:\Windows\System32\svchost.exe</Data>
<Data Name="ParentCommandLine">C:\WINDOWS\system32\svchost.exe -k netsvcs -p -s Schedule</Data>
<Data Name="ParentUser">NT AUTHORITY\SYSTEM</Data>
</EventData>
</Event>

<Event xmlns="http://schemas.microsoft.com/win/2004/08/events/event"><System><Provider Name="Microsoft-Windows-Sysmon" Guid="{5770385f-c22a-43e0-bf4c-06f5698ffbd9}"></Provider>
<EventID Qualifiers="">1</EventID>
<Version>5</Version>
<Level>4</Level>
<Task>1</Task>
<Opcode>0</Opcode>
<Keywords>0x8000000000000000</Keywords>
<TimeCreated SystemTime="2025-04-10 06:02:27.561613"></TimeCreated>
<EventRecordID>6564</EventRecordID>
<Correlation ActivityID="" RelatedActivityID=""></Correlation>
<Execution ProcessID="4420" ThreadID="5708"></Execution>
<Channel>Microsoft-Windows-Sysmon/Operational</Channel>
<Computer>DESKTOP-M3AKJSD</Computer>
<Security UserID="S-1-5-18"></Security>
</System>
<EventData><Data Name="RuleName">-</Data>
<Data Name="UtcTime">2025-04-10 06:02:27.557</Data>
<Data Name="ProcessGuid">{53c665d1-5ef3-67f7-9d00-000000001700}</Data>
<Data Name="ProcessId">5444</Data>
<Data Name="Image">C:\Windows\System32\appidpolicyconverter.exe</Data>
<Data Name="FileVersion">10.0.26100.3037 (WinBuild.160101.0800)</Data>
<Data Name="Description">AppID Policy Converter Task</Data>
<Data Name="Product">Microsoft&#174; Windows&#174; Operating System</Data>
<Data Name="Company">Microsoft Corporation</Data>
<Data Name="OriginalFileName">AppIDPolicyConverter.exe</Data>
<Data Name="CommandLine">"C:\WINDOWS\system32\appidpolicyconverter.exe"</Data>
<Data Name="CurrentDirectory">C:\WINDOWS\system32\</Data>
<Data Name="User">NT AUTHORITY\SYSTEM</Data>
<Data Name="LogonGuid">{53c665d1-5e7a-67f7-e703-000000000000}</Data>
<Data Name="LogonId">0x00000000000003e7</Data>
<Data Name="TerminalSessionId">0</Data>
<Data Name="IntegrityLevel">System</Data>
<Data Name="Hashes">MD5=0FFBB4FEACA5ECFE63ABDA89E4590357,SHA256=6DDF58B70300A3AC7A20493C1AB2A728967FB7ACE55C1D1C68A75E4765E46D78,IMPHASH=EE6363D2375CFB1A505C3D494F2EA076</Data>
<Data Name="ParentProcessGuid">{53c665d1-5e7b-67f7-2000-000000001700}</Data>
<Data Name="ParentProcessId">1744</Data>
<Data Name="ParentImage">C:\Windows\System32\svchost.exe</Data>
<Data Name="ParentCommandLine">C:\WINDOWS\system32\svchost.exe -k netsvcs -p -s Schedule</Data>
<Data Name="ParentUser">NT AUTHORITY\SYSTEM</Data>
</EventData>
</Event>

<Event xmlns="http://schemas.microsoft.com/win/2004/08/events/event"><System><Provider Name="Microsoft-Windows-Sysmon" Guid="{5770385f-c22a-43e0-bf4c-06f5698ffbd9}"></Provider>
<EventID Qualifiers="">1</EventID>
<Version>5</Version>
<Level>4</Level>
<Task>1</Task>
<Opcode>0</Opcode>
<Keywords>0x8000000000000000</Keywords>
<TimeCreated SystemTime="2025-04-10 06:02:31.643522"></TimeCreated>
<EventRecordID>6565</EventRecordID>
<Correlation ActivityID="" RelatedActivityID=""></Correlation>
<Execution ProcessID="4420" ThreadID="5708"></Execution>
<Channel>Microsoft-Windows-Sysmon/Operational</Channel>
<Computer>DESKTOP-M3AKJSD</Computer>
<Security UserID="S-1-5-18"></Security>
</System>
<EventData><Data Name="RuleName">-</Data>
<Data Name="UtcTime">2025-04-10 06:02:31.640</Data>
<Data Name="ProcessGuid">{53c665d1-5ef7-67f7-9f00-000000001700}</Data>
<Data Name="ProcessId">1728</Data>
<Data Name="Image">C:\Windows\System32\svchost.exe</Data>
<Data Name="FileVersion">10.0.26100.1150 (WinBuild.160101.0800)</Data>
<Data Name="Description">Host Process for Windows Services</Data>
<Data Name="Product">Microsoft&#174; Windows&#174; Operating System</Data>
<Data Name="Company">Microsoft Corporation</Data>
<Data Name="OriginalFileName">svchost.exe</Data>
<Data Name="CommandLine">C:\WINDOWS\system32\svchost.exe -k LocalService -p -s CDPSvc</Data>
<Data Name="CurrentDirectory">C:\WINDOWS\system32\</Data>
<Data Name="User">NT AUTHORITY\LOCAL SERVICE</Data>
<Data Name="LogonGuid">{53c665d1-5e7a-67f7-e503-000000000000}</Data>
<Data Name="LogonId">0x00000000000003e5</Data>
<Data Name="TerminalSessionId">0</Data>
<Data Name="IntegrityLevel">System</Data>
<Data Name="Hashes">MD5=0CD128F416A04C06D50EC56392C25D9F,SHA256=324451797AC909A4DD40C7A2F7347EF91F6B7C786941AD5035F609C0FC15EDAA,IMPHASH=DE43BD45CC98C143357416C7519ECCFD</Data>
<Data Name="ParentProcessGuid">{53c665d1-5e7a-67f7-0b00-000000001700}</Data>
<Data Name="ParentProcessId">832</Data>
<Data Name="ParentImage">C:\Windows\System32\services.exe</Data>
<Data Name="ParentCommandLine">C:\WINDOWS\system32\services.exe</Data>
<Data Name="ParentUser">NT AUTHORITY\SYSTEM</Data>
</EventData>
</Event>

<Event xmlns="http://schemas.microsoft.com/win/2004/08/events/event"><System><Provider Name="Microsoft-Windows-Sysmon" Guid="{5770385f-c22a-43e0-bf4c-06f5698ffbd9}"></Provider>
<EventID Qualifiers="">1</EventID>
<Version>5</Version>
<Level>4</Level>
<Task>1</Task>
<Opcode>0</Opcode>
<Keywords>0x8000000000000000</Keywords>
<TimeCreated SystemTime="2025-04-10 06:02:31.919815"></TimeCreated>
<EventRecordID>6566</EventRecordID>
<Correlation ActivityID="" RelatedActivityID=""></Correlation>
<Execution ProcessID="4420" ThreadID="5708"></Execution>
<Channel>Microsoft-Windows-Sysmon/Operational</Channel>
<Computer>DESKTOP-M3AKJSD</Computer>
<Security UserID="S-1-5-18"></Security>
</System>
<EventData><Data Name="RuleName">-</Data>
<Data Name="UtcTime">2025-04-10 06:02:31.915</Data>
<Data Name="ProcessGuid">{53c665d1-5ef7-67f7-a000-000000001700}</Data>
<Data Name="ProcessId">3532</Data>
<Data Name="Image">C:\Program Files (x86)\Microsoft\EdgeUpdate\MicrosoftEdgeUpdate.exe</Data>
<Data Name="FileVersion">1.3.185.27</Data>
<Data Name="Description">Microsoft Edge Update</Data>
<Data Name="Product">Microsoft Edge Update</Data>
<Data Name="Company">Microsoft Corporation</Data>
<Data Name="OriginalFileName">msedgeupdate.dll</Data>
<Data Name="CommandLine">"C:\Program Files (x86)\Microsoft\EdgeUpdate\MicrosoftEdgeUpdate.exe" /svc</Data>
<Data Name="CurrentDirectory">C:\WINDOWS\system32\</Data>
<Data Name="User">NT AUTHORITY\SYSTEM</Data>
<Data Name="LogonGuid">{53c665d1-5e7a-67f7-e703-000000000000}</Data>
<Data Name="LogonId">0x00000000000003e7</Data>
<Data Name="TerminalSessionId">0</Data>
<Data Name="IntegrityLevel">System</Data>
<Data Name="Hashes">MD5=733ADFA5081059A471115660D7C11EBB,SHA256=F3C7BAB6A7652E58719CE96EDFEFF483316668BD48D912694F1175FB397B86FD,IMPHASH=CD3B2D99C6655A5D4A14E30E380F5BF9</Data>
<Data Name="ParentProcessGuid">{53c665d1-5e7a-67f7-0b00-000000001700}</Data>
<Data Name="ParentProcessId">832</Data>
<Data Name="ParentImage">C:\Windows\System32\services.exe</Data>
<Data Name="ParentCommandLine">C:\WINDOWS\system32\services.exe</Data>
<Data Name="ParentUser">NT AUTHORITY\SYSTEM</Data>
</EventData>
</Event>

<Event xmlns="http://schemas.microsoft.com/win/2004/08/events/event"><System><Provider Name="Microsoft-Windows-Sysmon" Guid="{5770385f-c22a-43e0-bf4c-06f5698ffbd9}"></Provider>
<EventID Qualifiers="">1</EventID>
<Version>5</Version>
<Level>4</Level>
<Task>1</Task>
<Opcode>0</Opcode>
<Keywords>0x8000000000000000</Keywords>
<TimeCreated SystemTime="2025-04-10 06:02:32.256258"></TimeCreated>
<EventRecordID>6567</EventRecordID>
<Correlation ActivityID="" RelatedActivityID=""></Correlation>
<Execution ProcessID="4420" ThreadID="5708"></Execution>
<Channel>Microsoft-Windows-Sysmon/Operational</Channel>
<Computer>DESKTOP-M3AKJSD</Computer>
<Security UserID="S-1-5-18"></Security>
</System>
<EventData><Data Name="RuleName">-</Data>
<Data Name="UtcTime">2025-04-10 06:02:32.254</Data>
<Data Name="ProcessGuid">{53c665d1-5ef8-67f7-a100-000000001700}</Data>
<Data Name="ProcessId">1972</Data>
<Data Name="Image">C:\Program Files (x86)\Microsoft\EdgeUpdate\MicrosoftEdgeUpdate.exe</Data>
<Data Name="FileVersion">1.3.185.27</Data>
<Data Name="Description">Microsoft Edge Update</Data>
<Data Name="Product">Microsoft Edge Update</Data>
<Data Name="Company">Microsoft Corporation</Data>
<Data Name="OriginalFileName">msedgeupdate.dll</Data>
<Data Name="CommandLine">"C:\Program Files (x86)\Microsoft\EdgeUpdate\MicrosoftEdgeUpdate.exe" /c</Data>
<Data Name="CurrentDirectory">C:\Program Files (x86)\Microsoft\EdgeUpdate\1.3.195.49\</Data>
<Data Name="User">NT AUTHORITY\SYSTEM</Data>
<Data Name="LogonGuid">{53c665d1-5e7a-67f7-e703-000000000000}</Data>
<Data Name="LogonId">0x00000000000003e7</Data>
<Data Name="TerminalSessionId">0</Data>
<Data Name="IntegrityLevel">System</Data>
<Data Name="Hashes">MD5=733ADFA5081059A471115660D7C11EBB,SHA256=F3C7BAB6A7652E58719CE96EDFEFF483316668BD48D912694F1175FB397B86FD,IMPHASH=CD3B2D99C6655A5D4A14E30E380F5BF9</Data>
<Data Name="ParentProcessGuid">{53c665d1-5ef7-67f7-a000-000000001700}</Data>
<Data Name="ParentProcessId">3532</Data>
<Data Name="ParentImage">C:\Program Files (x86)\Microsoft\EdgeUpdate\MicrosoftEdgeUpdate.exe</Data>
<Data Name="ParentCommandLine">"C:\Program Files (x86)\Microsoft\EdgeUpdate\MicrosoftEdgeUpdate.exe" /svc</Data>
<Data Name="ParentUser">NT AUTHORITY\SYSTEM</Data>
</EventData>
</Event>

<Event xmlns="http://schemas.microsoft.com/win/2004/08/events/event"><System><Provider Name="Microsoft-Windows-Sysmon" Guid="{5770385f-c22a-43e0-bf4c-06f5698ffbd9}"></Provider>
<EventID Qualifiers="">1</EventID>
<Version>5</Version>
<Level>4</Level>
<Task>1</Task>
<Opcode>0</Opcode>
<Keywords>0x8000000000000000</Keywords>
<TimeCreated SystemTime="2025-04-10 06:02:32.373739"></TimeCreated>
<EventRecordID>6568</EventRecordID>
<Correlation ActivityID="" RelatedActivityID=""></Correlation>
<Execution ProcessID="4420" ThreadID="5708"></Execution>
<Channel>Microsoft-Windows-Sysmon/Operational</Channel>
<Computer>DESKTOP-M3AKJSD</Computer>
<Security UserID="S-1-5-18"></Security>
</System>
<EventData><Data Name="RuleName">-</Data>
<Data Name="UtcTime">2025-04-10 06:02:32.372</Data>
<Data Name="ProcessGuid">{53c665d1-5ef8-67f7-a200-000000001700}</Data>
<Data Name="ProcessId">6676</Data>
<Data Name="Image">C:\Windows\System32\svchost.exe</Data>
<Data Name="FileVersion">10.0.26100.1150 (WinBuild.160101.0800)</Data>
<Data Name="Description">Host Process for Windows Services</Data>
<Data Name="Product">Microsoft&#174; Windows&#174; Operating System</Data>
<Data Name="Company">Microsoft Corporation</Data>
<Data Name="OriginalFileName">svchost.exe</Data>
<Data Name="CommandLine">C:\WINDOWS\system32\svchost.exe -k InvSvcGroup -p -s InventorySvc</Data>
<Data Name="CurrentDirectory">C:\WINDOWS\system32\</Data>
<Data Name="User">NT AUTHORITY\SYSTEM</Data>
<Data Name="LogonGuid">{53c665d1-5e7a-67f7-e703-000000000000}</Data>
<Data Name="LogonId">0x00000000000003e7</Data>
<Data Name="TerminalSessionId">0</Data>
<Data Name="IntegrityLevel">System</Data>
<Data Name="Hashes">MD5=0CD128F416A04C06D50EC56392C25D9F,SHA256=324451797AC909A4DD40C7A2F7347EF91F6B7C786941AD5035F609C0FC15EDAA,IMPHASH=DE43BD45CC98C143357416C7519ECCFD</Data>
<Data Name="ParentProcessGuid">{53c665d1-5e7a-67f7-0b00-000000001700}</Data>
<Data Name="ParentProcessId">832</Data>
<Data Name="ParentImage">C:\Windows\System32\services.exe</Data>
<Data Name="ParentCommandLine">C:\WINDOWS\system32\services.exe</Data>
<Data Name="ParentUser">NT AUTHORITY\SYSTEM</Data>
</EventData>
</Event>

<Event xmlns="http://schemas.microsoft.com/win/2004/08/events/event"><System><Provider Name="Microsoft-Windows-Sysmon" Guid="{5770385f-c22a-43e0-bf4c-06f5698ffbd9}"></Provider>
<EventID Qualifiers="">1</EventID>
<Version>5</Version>
<Level>4</Level>
<Task>1</Task>
<Opcode>0</Opcode>
<Keywords>0x8000000000000000</Keywords>
<TimeCreated SystemTime="2025-04-10 06:02:32.661510"></TimeCreated>
<EventRecordID>6569</EventRecordID>
<Correlation ActivityID="" RelatedActivityID=""></Correlation>
<Execution ProcessID="4420" ThreadID="5708"></Execution>
<Channel>Microsoft-Windows-Sysmon/Operational</Channel>
<Computer>DESKTOP-M3AKJSD</Computer>
<Security UserID="S-1-5-18"></Security>
</System>
<EventData><Data Name="RuleName">-</Data>
<Data Name="UtcTime">2025-04-10 06:02:32.659</Data>
<Data Name="ProcessGuid">{53c665d1-5ef8-67f7-a400-000000001700}</Data>
<Data Name="ProcessId">6568</Data>
<Data Name="Image">C:\Windows\System32\svchost.exe</Data>
<Data Name="FileVersion">10.0.26100.1150 (WinBuild.160101.0800)</Data>
<Data Name="Description">Host Process for Windows Services</Data>
<Data Name="Product">Microsoft&#174; Windows&#174; Operating System</Data>
<Data Name="Company">Microsoft Corporation</Data>
<Data Name="OriginalFileName">svchost.exe</Data>
<Data Name="CommandLine">C:\WINDOWS\system32\svchost.exe -k LocalSystemNetworkRestricted -p -s PcaSvc</Data>
<Data Name="CurrentDirectory">C:\WINDOWS\system32\</Data>
<Data Name="User">NT AUTHORITY\SYSTEM</Data>
<Data Name="LogonGuid">{53c665d1-5e7a-67f7-e703-000000000000}</Data>
<Data Name="LogonId">0x00000000000003e7</Data>
<Data Name="TerminalSessionId">0</Data>
<Data Name="IntegrityLevel">System</Data>
<Data Name="Hashes">MD5=0CD128F416A04C06D50EC56392C25D9F,SHA256=324451797AC909A4DD40C7A2F7347EF91F6B7C786941AD5035F609C0FC15EDAA,IMPHASH=DE43BD45CC98C143357416C7519ECCFD</Data>
<Data Name="ParentProcessGuid">{53c665d1-5e7a-67f7-0b00-000000001700}</Data>
<Data Name="ParentProcessId">832</Data>
<Data Name="ParentImage">C:\Windows\System32\services.exe</Data>
<Data Name="ParentCommandLine">C:\WINDOWS\system32\services.exe</Data>
<Data Name="ParentUser">NT AUTHORITY\SYSTEM</Data>
</EventData>
</Event>

<Event xmlns="http://schemas.microsoft.com/win/2004/08/events/event"><System><Provider Name="Microsoft-Windows-Sysmon" Guid="{5770385f-c22a-43e0-bf4c-06f5698ffbd9}"></Provider>
<EventID Qualifiers="">1</EventID>
<Version>5</Version>
<Level>4</Level>
<Task>1</Task>
<Opcode>0</Opcode>
<Keywords>0x8000000000000000</Keywords>
<TimeCreated SystemTime="2025-04-10 06:02:33.835939"></TimeCreated>
<EventRecordID>6570</EventRecordID>
<Correlation ActivityID="" RelatedActivityID=""></Correlation>
<Execution ProcessID="4420" ThreadID="5708"></Execution>
<Channel>Microsoft-Windows-Sysmon/Operational</Channel>
<Computer>DESKTOP-M3AKJSD</Computer>
<Security UserID="S-1-5-18"></Security>
</System>
<EventData><Data Name="RuleName">-</Data>
<Data Name="UtcTime">2025-04-10 06:02:33.833</Data>
<Data Name="ProcessGuid">{53c665d1-5ef9-67f7-a500-000000001700}</Data>
<Data Name="ProcessId">7032</Data>
<Data Name="Image">C:\Windows\System32\svchost.exe</Data>
<Data Name="FileVersion">10.0.26100.1150 (WinBuild.160101.0800)</Data>
<Data Name="Description">Host Process for Windows Services</Data>
<Data Name="Product">Microsoft&#174; Windows&#174; Operating System</Data>
<Data Name="Company">Microsoft Corporation</Data>
<Data Name="OriginalFileName">svchost.exe</Data>
<Data Name="CommandLine">C:\WINDOWS\system32\svchost.exe -k netsvcs -p -s UsoSvc</Data>
<Data Name="CurrentDirectory">C:\WINDOWS\system32\</Data>
<Data Name="User">NT AUTHORITY\SYSTEM</Data>
<Data Name="LogonGuid">{53c665d1-5e7a-67f7-e703-000000000000}</Data>
<Data Name="LogonId">0x00000000000003e7</Data>
<Data Name="TerminalSessionId">0</Data>
<Data Name="IntegrityLevel">System</Data>
<Data Name="Hashes">MD5=0CD128F416A04C06D50EC56392C25D9F,SHA256=324451797AC909A4DD40C7A2F7347EF91F6B7C786941AD5035F609C0FC15EDAA,IMPHASH=DE43BD45CC98C143357416C7519ECCFD</Data>
<Data Name="ParentProcessGuid">{53c665d1-5e7a-67f7-0b00-000000001700}</Data>
<Data Name="ParentProcessId">832</Data>
<Data Name="ParentImage">C:\Windows\System32\services.exe</Data>
<Data Name="ParentCommandLine">C:\WINDOWS\system32\services.exe</Data>
<Data Name="ParentUser">NT AUTHORITY\SYSTEM</Data>
</EventData>
</Event>

<Event xmlns="http://schemas.microsoft.com/win/2004/08/events/event"><System><Provider Name="Microsoft-Windows-Sysmon" Guid="{5770385f-c22a-43e0-bf4c-06f5698ffbd9}"></Provider>
<EventID Qualifiers="">1</EventID>
<Version>5</Version>
<Level>4</Level>
<Task>1</Task>
<Opcode>0</Opcode>
<Keywords>0x8000000000000000</Keywords>
<TimeCreated SystemTime="2025-04-10 06:02:34.063854"></TimeCreated>
<EventRecordID>6571</EventRecordID>
<Correlation ActivityID="" RelatedActivityID=""></Correlation>
<Execution ProcessID="4420" ThreadID="5708"></Execution>
<Channel>Microsoft-Windows-Sysmon/Operational</Channel>
<Computer>DESKTOP-M3AKJSD</Computer>
<Security UserID="S-1-5-18"></Security>
</System>
<EventData><Data Name="RuleName">-</Data>
<Data Name="UtcTime">2025-04-10 06:02:34.037</Data>
<Data Name="ProcessGuid">{53c665d1-5efa-67f7-a700-000000001700}</Data>
<Data Name="ProcessId">1636</Data>
<Data Name="Image">C:\Windows\UUS\Packages\Preview\amd64\MoUsoCoreWorker.exe</Data>
<Data Name="FileVersion">1406.2503.20012.0</Data>
<Data Name="Description">MoUSO Core Worker Process</Data>
<Data Name="Product">Microsoft&#174; Windows&#174; Operating System</Data>
<Data Name="Company">Microsoft Corporation</Data>
<Data Name="OriginalFileName">MoUSOCoreWorker.exe</Data>
<Data Name="CommandLine">"C:\WINDOWS\uus\packages\preview\AMD64\MoUsoCoreWorker.exe" useprivatenamespaces</Data>
<Data Name="CurrentDirectory">C:\WINDOWS\system32\</Data>
<Data Name="User">NT AUTHORITY\SYSTEM</Data>
<Data Name="LogonGuid">{53c665d1-5e7a-67f7-e703-000000000000}</Data>
<Data Name="LogonId">0x00000000000003e7</Data>
<Data Name="TerminalSessionId">0</Data>
<Data Name="IntegrityLevel">System</Data>
<Data Name="Hashes">MD5=0001DDC4DBA93C0B4EA54D15AC31F97C,SHA256=C69D3D49D722F36426416F6332CD47340BDD6EAA88CD6C0E88E51E14FEAE1781,IMPHASH=8685980F3A83F79F80FEDE0EAAD302C2</Data>
<Data Name="ParentProcessGuid">{53c665d1-5ef9-67f7-a500-000000001700}</Data>
<Data Name="ParentProcessId">7032</Data>
<Data Name="ParentImage">C:\Windows\System32\svchost.exe</Data>
<Data Name="ParentCommandLine">C:\WINDOWS\system32\svchost.exe -k netsvcs -p -s UsoSvc</Data>
<Data Name="ParentUser">NT AUTHORITY\SYSTEM</Data>
</EventData>
</Event>

<Event xmlns="http://schemas.microsoft.com/win/2004/08/events/event"><System><Provider Name="Microsoft-Windows-Sysmon" Guid="{5770385f-c22a-43e0-bf4c-06f5698ffbd9}"></Provider>
<EventID Qualifiers="">1</EventID>
<Version>5</Version>
<Level>4</Level>
<Task>1</Task>
<Opcode>0</Opcode>
<Keywords>0x8000000000000000</Keywords>
<TimeCreated SystemTime="2025-04-10 06:02:34.378744"></TimeCreated>
<EventRecordID>6572</EventRecordID>
<Correlation ActivityID="" RelatedActivityID=""></Correlation>
<Execution ProcessID="4420" ThreadID="5708"></Execution>
<Channel>Microsoft-Windows-Sysmon/Operational</Channel>
<Computer>DESKTOP-M3AKJSD</Computer>
<Security UserID="S-1-5-18"></Security>
</System>
<EventData><Data Name="RuleName">-</Data>
<Data Name="UtcTime">2025-04-10 06:02:34.376</Data>
<Data Name="ProcessGuid">{53c665d1-5efa-67f7-a900-000000001700}</Data>
<Data Name="ProcessId">5460</Data>
<Data Name="Image">C:\Windows\System32\svchost.exe</Data>
<Data Name="FileVersion">10.0.26100.1150 (WinBuild.160101.0800)</Data>
<Data Name="Description">Host Process for Windows Services</Data>
<Data Name="Product">Microsoft&#174; Windows&#174; Operating System</Data>
<Data Name="Company">Microsoft Corporation</Data>
<Data Name="OriginalFileName">svchost.exe</Data>
<Data Name="CommandLine">C:\WINDOWS\System32\svchost.exe -k LocalServiceNetworkRestricted -p -s wscsvc</Data>
<Data Name="CurrentDirectory">C:\WINDOWS\system32\</Data>
<Data Name="User">NT AUTHORITY\LOCAL SERVICE</Data>
<Data Name="LogonGuid">{53c665d1-5e7a-67f7-e503-000000000000}</Data>
<Data Name="LogonId">0x00000000000003e5</Data>
<Data Name="TerminalSessionId">0</Data>
<Data Name="IntegrityLevel">System</Data>
<Data Name="Hashes">MD5=0CD128F416A04C06D50EC56392C25D9F,SHA256=324451797AC909A4DD40C7A2F7347EF91F6B7C786941AD5035F609C0FC15EDAA,IMPHASH=DE43BD45CC98C143357416C7519ECCFD</Data>
<Data Name="ParentProcessGuid">{53c665d1-5e7a-67f7-0b00-000000001700}</Data>
<Data Name="ParentProcessId">832</Data>
<Data Name="ParentImage">C:\Windows\System32\services.exe</Data>
<Data Name="ParentCommandLine">C:\WINDOWS\system32\services.exe</Data>
<Data Name="ParentUser">NT AUTHORITY\SYSTEM</Data>
</EventData>
</Event>

<Event xmlns="http://schemas.microsoft.com/win/2004/08/events/event"><System><Provider Name="Microsoft-Windows-Sysmon" Guid="{5770385f-c22a-43e0-bf4c-06f5698ffbd9}"></Provider>
<EventID Qualifiers="">11</EventID>
<Version>2</Version>
<Level>4</Level>
<Task>11</Task>
<Opcode>0</Opcode>
<Keywords>0x8000000000000000</Keywords>
<TimeCreated SystemTime="2025-04-10 06:02:34.475702"></TimeCreated>
<EventRecordID>6573</EventRecordID>
<Correlation ActivityID="" RelatedActivityID=""></Correlation>
<Execution ProcessID="4420" ThreadID="5708"></Execution>
<Channel>Microsoft-Windows-Sysmon/Operational</Channel>
<Computer>DESKTOP-M3AKJSD</Computer>
<Security UserID="S-1-5-18"></Security>
</System>
<EventData><Data Name="RuleName">DLL</Data>
<Data Name="UtcTime">2025-04-10 06:02:34.474</Data>
<Data Name="ProcessGuid">{53c665d1-5e7c-67f7-4300-000000001700}</Data>
<Data Name="ProcessId">3328</Data>
<Data Name="Image">C:\WINDOWS\system32\svchost.exe</Data>
<Data Name="TargetFilename">C:\Windows\SoftwareDistribution\Download\9e23639a605c687a8e197b7004c8f628\Metadata\UpdateAgent.dll</Data>
<Data Name="CreationUtcTime">2025-04-05 09:55:36.000</Data>
<Data Name="User">NT AUTHORITY\SYSTEM</Data>
</EventData>
</Event>

<Event xmlns="http://schemas.microsoft.com/win/2004/08/events/event"><System><Provider Name="Microsoft-Windows-Sysmon" Guid="{5770385f-c22a-43e0-bf4c-06f5698ffbd9}"></Provider>
<EventID Qualifiers="">11</EventID>
<Version>2</Version>
<Level>4</Level>
<Task>11</Task>
<Opcode>0</Opcode>
<Keywords>0x8000000000000000</Keywords>
<TimeCreated SystemTime="2025-04-10 06:02:34.500845"></TimeCreated>
<EventRecordID>6574</EventRecordID>
<Correlation ActivityID="" RelatedActivityID=""></Correlation>
<Execution ProcessID="4420" ThreadID="5708"></Execution>
<Channel>Microsoft-Windows-Sysmon/Operational</Channel>
<Computer>DESKTOP-M3AKJSD</Computer>
<Security UserID="S-1-5-18"></Security>
</System>
<EventData><Data Name="RuleName">DLL</Data>
<Data Name="UtcTime">2025-04-10 06:02:34.500</Data>
<Data Name="ProcessGuid">{53c665d1-5e7c-67f7-4300-000000001700}</Data>
<Data Name="ProcessId">3328</Data>
<Data Name="Image">C:\WINDOWS\system32\svchost.exe</Data>
<Data Name="TargetFilename">C:\Windows\SoftwareDistribution\Download\9e23639a605c687a8e197b7004c8f628\Metadata\dpx.dll</Data>
<Data Name="CreationUtcTime">2025-04-05 10:21:50.000</Data>
<Data Name="User">NT AUTHORITY\SYSTEM</Data>
</EventData>
</Event>

<Event xmlns="http://schemas.microsoft.com/win/2004/08/events/event"><System><Provider Name="Microsoft-Windows-Sysmon" Guid="{5770385f-c22a-43e0-bf4c-06f5698ffbd9}"></Provider>
<EventID Qualifiers="">13</EventID>
<Version>2</Version>
<Level>4</Level>
<Task>13</Task>
<Opcode>0</Opcode>
<Keywords>0x8000000000000000</Keywords>
<TimeCreated SystemTime="2025-04-10 06:02:34.501371"></TimeCreated>
<EventRecordID>6575</EventRecordID>
<Correlation ActivityID="" RelatedActivityID=""></Correlation>
<Execution ProcessID="4420" ThreadID="5708"></Execution>
<Channel>Microsoft-Windows-Sysmon/Operational</Channel>
<Computer>DESKTOP-M3AKJSD</Computer>
<Security UserID="S-1-5-18"></Security>
</System>
<EventData><Data Name="RuleName">InvDB-Path</Data>
<Data Name="EventType">SetValue</Data>
<Data Name="UtcTime">2025-04-10 06:02:34.500</Data>
<Data Name="ProcessGuid">{53c665d1-5e7e-67f7-4e00-000000001700}</Data>
<Data Name="ProcessId">3636</Data>
<Data Name="Image">C:\WINDOWS\System32\svchost.exe</Data>
<Data Name="TargetObject">\REGISTRY\A\{79a3493b-db73-20fc-d2fa-d48d56e9a633}\Root\InventoryApplicationFile\mousocoreworker.|e675c876712df52e\LowerCaseLongPath</Data>
<Data Name="Details">c:\windows\uus\packages\preview\amd64\mousocoreworker.exe</Data>
<Data Name="User">NT AUTHORITY\SYSTEM</Data>
</EventData>
</Event>

<Event xmlns="http://schemas.microsoft.com/win/2004/08/events/event"><System><Provider Name="Microsoft-Windows-Sysmon" Guid="{5770385f-c22a-43e0-bf4c-06f5698ffbd9}"></Provider>
<EventID Qualifiers="">13</EventID>
<Version>2</Version>
<Level>4</Level>
<Task>13</Task>
<Opcode>0</Opcode>
<Keywords>0x8000000000000000</Keywords>
<TimeCreated SystemTime="2025-04-10 06:02:34.501486"></TimeCreated>
<EventRecordID>6576</EventRecordID>
<Correlation ActivityID="" RelatedActivityID=""></Correlation>
<Execution ProcessID="4420" ThreadID="5708"></Execution>
<Channel>Microsoft-Windows-Sysmon/Operational</Channel>
<Computer>DESKTOP-M3AKJSD</Computer>
<Security UserID="S-1-5-18"></Security>
</System>
<EventData><Data Name="RuleName">InvDB-Pub</Data>
<Data Name="EventType">SetValue</Data>
<Data Name="UtcTime">2025-04-10 06:02:34.500</Data>
<Data Name="ProcessGuid">{53c665d1-5e7e-67f7-4e00-000000001700}</Data>
<Data Name="ProcessId">3636</Data>
<Data Name="Image">C:\WINDOWS\System32\svchost.exe</Data>
<Data Name="TargetObject">\REGISTRY\A\{79a3493b-db73-20fc-d2fa-d48d56e9a633}\Root\InventoryApplicationFile\mousocoreworker.|e675c876712df52e\Publisher</Data>
<Data Name="Details">microsoft corporation</Data>
<Data Name="User">NT AUTHORITY\SYSTEM</Data>
</EventData>
</Event>

<Event xmlns="http://schemas.microsoft.com/win/2004/08/events/event"><System><Provider Name="Microsoft-Windows-Sysmon" Guid="{5770385f-c22a-43e0-bf4c-06f5698ffbd9}"></Provider>
<EventID Qualifiers="">13</EventID>
<Version>2</Version>
<Level>4</Level>
<Task>13</Task>
<Opcode>0</Opcode>
<Keywords>0x8000000000000000</Keywords>
<TimeCreated SystemTime="2025-04-10 06:02:34.501730"></TimeCreated>
<EventRecordID>6577</EventRecordID>
<Correlation ActivityID="" RelatedActivityID=""></Correlation>
<Execution ProcessID="4420" ThreadID="5708"></Execution>
<Channel>Microsoft-Windows-Sysmon/Operational</Channel>
<Computer>DESKTOP-M3AKJSD</Computer>
<Security UserID="S-1-5-18"></Security>
</System>
<EventData><Data Name="RuleName">InvDB-CompileTimeClaim</Data>
<Data Name="EventType">SetValue</Data>
<Data Name="UtcTime">2025-04-10 06:02:34.500</Data>
<Data Name="ProcessGuid">{53c665d1-5e7e-67f7-4e00-000000001700}</Data>
<Data Name="ProcessId">3636</Data>
<Data Name="Image">C:\WINDOWS\System32\svchost.exe</Data>
<Data Name="TargetObject">\REGISTRY\A\{79a3493b-db73-20fc-d2fa-d48d56e9a633}\Root\InventoryApplicationFile\mousocoreworker.|e675c876712df52e\LinkDate</Data>
<Data Name="Details">03/13/1973 08:23:08</Data>
<Data Name="User">NT AUTHORITY\SYSTEM</Data>
</EventData>
</Event>

<Event xmlns="http://schemas.microsoft.com/win/2004/08/events/event"><System><Provider Name="Microsoft-Windows-Sysmon" Guid="{5770385f-c22a-43e0-bf4c-06f5698ffbd9}"></Provider>
<EventID Qualifiers="">13</EventID>
<Version>2</Version>
<Level>4</Level>
<Task>13</Task>
<Opcode>0</Opcode>
<Keywords>0x8000000000000000</Keywords>
<TimeCreated SystemTime="2025-04-10 06:02:34.501785"></TimeCreated>
<EventRecordID>6578</EventRecordID>
<Correlation ActivityID="" RelatedActivityID=""></Correlation>
<Execution ProcessID="4420" ThreadID="5708"></Execution>
<Channel>Microsoft-Windows-Sysmon/Operational</Channel>
<Computer>DESKTOP-M3AKJSD</Computer>
<Security UserID="S-1-5-18"></Security>
</System>
<EventData><Data Name="RuleName">InvDB-Ver</Data>
<Data Name="EventType">SetValue</Data>
<Data Name="UtcTime">2025-04-10 06:02:34.500</Data>
<Data Name="ProcessGuid">{53c665d1-5e7e-67f7-4e00-000000001700}</Data>
<Data Name="ProcessId">3636</Data>
<Data Name="Image">C:\WINDOWS\System32\svchost.exe</Data>
<Data Name="TargetObject">\REGISTRY\A\{79a3493b-db73-20fc-d2fa-d48d56e9a633}\Root\InventoryApplicationFile\mousocoreworker.|e675c876712df52e\BinProductVersion</Data>
<Data Name="Details">1406.2503.20012.0</Data>
<Data Name="User">NT AUTHORITY\SYSTEM</Data>
</EventData>
</Event>

<Event xmlns="http://schemas.microsoft.com/win/2004/08/events/event"><System><Provider Name="Microsoft-Windows-Sysmon" Guid="{5770385f-c22a-43e0-bf4c-06f5698ffbd9}"></Provider>
<EventID Qualifiers="">11</EventID>
<Version>2</Version>
<Level>4</Level>
<Task>11</Task>
<Opcode>0</Opcode>
<Keywords>0x8000000000000000</Keywords>
<TimeCreated SystemTime="2025-04-10 06:02:34.508034"></TimeCreated>
<EventRecordID>6579</EventRecordID>
<Correlation ActivityID="" RelatedActivityID=""></Correlation>
<Execution ProcessID="4420" ThreadID="5708"></Execution>
<Channel>Microsoft-Windows-Sysmon/Operational</Channel>
<Computer>DESKTOP-M3AKJSD</Computer>
<Security UserID="S-1-5-18"></Security>
</System>
<EventData><Data Name="RuleName">DLL</Data>
<Data Name="UtcTime">2025-04-10 06:02:34.507</Data>
<Data Name="ProcessGuid">{53c665d1-5e7c-67f7-4300-000000001700}</Data>
<Data Name="ProcessId">3328</Data>
<Data Name="Image">C:\WINDOWS\system32\svchost.exe</Data>
<Data Name="TargetFilename">C:\Windows\SoftwareDistribution\Download\9e23639a605c687a8e197b7004c8f628\Metadata\Mitigation.dll</Data>
<Data Name="CreationUtcTime">2025-04-05 15:06:26.000</Data>
<Data Name="User">NT AUTHORITY\SYSTEM</Data>
</EventData>
</Event>

<Event xmlns="http://schemas.microsoft.com/win/2004/08/events/event"><System><Provider Name="Microsoft-Windows-Sysmon" Guid="{5770385f-c22a-43e0-bf4c-06f5698ffbd9}"></Provider>
<EventID Qualifiers="">11</EventID>
<Version>2</Version>
<Level>4</Level>
<Task>11</Task>
<Opcode>0</Opcode>
<Keywords>0x8000000000000000</Keywords>
<TimeCreated SystemTime="2025-04-10 06:02:34.511894"></TimeCreated>
<EventRecordID>6580</EventRecordID>
<Correlation ActivityID="" RelatedActivityID=""></Correlation>
<Execution ProcessID="4420" ThreadID="5708"></Execution>
<Channel>Microsoft-Windows-Sysmon/Operational</Channel>
<Computer>DESKTOP-M3AKJSD</Computer>
<Security UserID="S-1-5-18"></Security>
</System>
<EventData><Data Name="RuleName">DLL</Data>
<Data Name="UtcTime">2025-04-10 06:02:34.511</Data>
<Data Name="ProcessGuid">{53c665d1-5e7c-67f7-4300-000000001700}</Data>
<Data Name="ProcessId">3328</Data>
<Data Name="Image">C:\WINDOWS\system32\svchost.exe</Data>
<Data Name="TargetFilename">C:\Windows\SoftwareDistribution\Download\9e23639a605c687a8e197b7004c8f628\Metadata\UAOneSettings.dll</Data>
<Data Name="CreationUtcTime">2025-04-05 10:10:54.000</Data>
<Data Name="User">NT AUTHORITY\SYSTEM</Data>
</EventData>
</Event>

<Event xmlns="http://schemas.microsoft.com/win/2004/08/events/event"><System><Provider Name="Microsoft-Windows-Sysmon" Guid="{5770385f-c22a-43e0-bf4c-06f5698ffbd9}"></Provider>
<EventID Qualifiers="">11</EventID>
<Version>2</Version>
<Level>4</Level>
<Task>11</Task>
<Opcode>0</Opcode>
<Keywords>0x8000000000000000</Keywords>
<TimeCreated SystemTime="2025-04-10 06:02:34.513769"></TimeCreated>
<EventRecordID>6581</EventRecordID>
<Correlation ActivityID="" RelatedActivityID=""></Correlation>
<Execution ProcessID="4420" ThreadID="5708"></Execution>
<Channel>Microsoft-Windows-Sysmon/Operational</Channel>
<Computer>DESKTOP-M3AKJSD</Computer>
<Security UserID="S-1-5-18"></Security>
</System>
<EventData><Data Name="RuleName">DLL</Data>
<Data Name="UtcTime">2025-04-10 06:02:34.513</Data>
<Data Name="ProcessGuid">{53c665d1-5e7c-67f7-4300-000000001700}</Data>
<Data Name="ProcessId">3328</Data>
<Data Name="Image">C:\WINDOWS\system32\svchost.exe</Data>
<Data Name="TargetFilename">C:\Windows\SoftwareDistribution\Download\9e23639a605c687a8e197b7004c8f628\Metadata\wcp.dll</Data>
<Data Name="CreationUtcTime">2025-04-05 10:20:10.000</Data>
<Data Name="User">NT AUTHORITY\SYSTEM</Data>
</EventData>
</Event>

<Event xmlns="http://schemas.microsoft.com/win/2004/08/events/event"><System><Provider Name="Microsoft-Windows-Sysmon" Guid="{5770385f-c22a-43e0-bf4c-06f5698ffbd9}"></Provider>
<EventID Qualifiers="">11</EventID>
<Version>2</Version>
<Level>4</Level>
<Task>11</Task>
<Opcode>0</Opcode>
<Keywords>0x8000000000000000</Keywords>
<TimeCreated SystemTime="2025-04-10 06:02:34.541399"></TimeCreated>
<EventRecordID>6582</EventRecordID>
<Correlation ActivityID="" RelatedActivityID=""></Correlation>
<Execution ProcessID="4420" ThreadID="5708"></Execution>
<Channel>Microsoft-Windows-Sysmon/Operational</Channel>
<Computer>DESKTOP-M3AKJSD</Computer>
<Security UserID="S-1-5-18"></Security>
</System>
<EventData><Data Name="RuleName">DLL</Data>
<Data Name="UtcTime">2025-04-10 06:02:34.540</Data>
<Data Name="ProcessGuid">{53c665d1-5e7c-67f7-4300-000000001700}</Data>
<Data Name="ProcessId">3328</Data>
<Data Name="Image">C:\WINDOWS\system32\svchost.exe</Data>
<Data Name="TargetFilename">C:\Windows\SoftwareDistribution\Download\9e23639a605c687a8e197b7004c8f628\Metadata\TurboStack.dll</Data>
<Data Name="CreationUtcTime">2025-04-05 09:55:42.000</Data>
<Data Name="User">NT AUTHORITY\SYSTEM</Data>
</EventData>
</Event>

<Event xmlns="http://schemas.microsoft.com/win/2004/08/events/event"><System><Provider Name="Microsoft-Windows-Sysmon" Guid="{5770385f-c22a-43e0-bf4c-06f5698ffbd9}"></Provider>
<EventID Qualifiers="">11</EventID>
<Version>2</Version>
<Level>4</Level>
<Task>11</Task>
<Opcode>0</Opcode>
<Keywords>0x8000000000000000</Keywords>
<TimeCreated SystemTime="2025-04-10 06:02:34.554771"></TimeCreated>
<EventRecordID>6583</EventRecordID>
<Correlation ActivityID="" RelatedActivityID=""></Correlation>
<Execution ProcessID="4420" ThreadID="5708"></Execution>
<Channel>Microsoft-Windows-Sysmon/Operational</Channel>
<Computer>DESKTOP-M3AKJSD</Computer>
<Security UserID="S-1-5-18"></Security>
</System>
<EventData><Data Name="RuleName">DLL</Data>
<Data Name="UtcTime">2025-04-10 06:02:34.553</Data>
<Data Name="ProcessGuid">{53c665d1-5e7c-67f7-4300-000000001700}</Data>
<Data Name="ProcessId">3328</Data>
<Data Name="Image">C:\WINDOWS\system32\svchost.exe</Data>
<Data Name="TargetFilename">C:\Windows\SoftwareDistribution\Download\9e23639a605c687a8e197b7004c8f628\Metadata\ReserveManager.dll</Data>
<Data Name="CreationUtcTime">2025-04-05 09:55:50.000</Data>
<Data Name="User">NT AUTHORITY\SYSTEM</Data>
</EventData>
</Event>

<Event xmlns="http://schemas.microsoft.com/win/2004/08/events/event"><System><Provider Name="Microsoft-Windows-Sysmon" Guid="{5770385f-c22a-43e0-bf4c-06f5698ffbd9}"></Provider>
<EventID Qualifiers="">11</EventID>
<Version>2</Version>
<Level>4</Level>
<Task>11</Task>
<Opcode>0</Opcode>
<Keywords>0x8000000000000000</Keywords>
<TimeCreated SystemTime="2025-04-10 06:02:34.558048"></TimeCreated>
<EventRecordID>6584</EventRecordID>
<Correlation ActivityID="" RelatedActivityID=""></Correlation>
<Execution ProcessID="4420" ThreadID="5708"></Execution>
<Channel>Microsoft-Windows-Sysmon/Operational</Channel>
<Computer>DESKTOP-M3AKJSD</Computer>
<Security UserID="S-1-5-18"></Security>
</System>
<EventData><Data Name="RuleName">DLL</Data>
<Data Name="UtcTime">2025-04-10 06:02:34.555</Data>
<Data Name="ProcessGuid">{53c665d1-5e7c-67f7-4300-000000001700}</Data>
<Data Name="ProcessId">3328</Data>
<Data Name="Image">C:\WINDOWS\system32\svchost.exe</Data>
<Data Name="TargetFilename">C:\Windows\SoftwareDistribution\Download\9e23639a605c687a8e197b7004c8f628\Metadata\WinREAgent.dll</Data>
<Data Name="CreationUtcTime">2025-04-05 14:53:52.000</Data>
<Data Name="User">NT AUTHORITY\SYSTEM</Data>
</EventData>
</Event>

