<Event xmlns="http://schemas.microsoft.com/win/2004/08/events/event"><System><Provider Name="Microsoft-Windows-Sysmon" Guid="{5770385f-c22a-43e0-bf4c-06f5698ffbd9}"></Provider>
<EventID Qualifiers="">11</EventID>
<Version>2</Version>
<Level>4</Level>
<Task>11</Task>
<Opcode>0</Opcode>
<Keywords>0x8000000000000000</Keywords>
<TimeCreated SystemTime="2025-04-10 06:19:18.954931"></TimeCreated>
<EventRecordID>7643</EventRecordID>
<Correlation ActivityID="" RelatedActivityID=""></Correlation>
<Execution ProcessID="4420" ThreadID="5708"></Execution>
<Channel>Microsoft-Windows-Sysmon/Operational</Channel>
<Computer>DESKTOP-M3AKJSD</Computer>
<Security UserID="S-1-5-18"></Security>
</System>
<EventData><Data Name="RuleName">DLL</Data>
<Data Name="UtcTime">2025-04-10 06:19:18.953</Data>
<Data Name="ProcessGuid">{53c665d1-62d2-67f7-5e02-000000001700}</Data>
<Data Name="ProcessId">2148</Data>
<Data Name="Image">C:\Program Files (x86)\Microsoft Visual Studio\Installer\resources\app\ServiceHub\Services\Microsoft.VisualStudio.Setup.Service\BackgroundDownload.exe</Data>
<Data Name="TargetFilename">C:\Users\User\AppData\Local\Temp\pveqxquy.cim\resources\app\ServiceHub\Services\Microsoft.VisualStudio.Setup.Service\zh-Hant\Microsoft.VisualStudio.Imaging.resources.dll</Data>
<Data Name="CreationUtcTime">2025-04-10 06:19:18.953</Data>
<Data Name="User">DESKTOP-M3AKJSD\User</Data>
</EventData>
</Event>

<Event xmlns="http://schemas.microsoft.com/win/2004/08/events/event"><System><Provider Name="Microsoft-Windows-Sysmon" Guid="{5770385f-c22a-43e0-bf4c-06f5698ffbd9}"></Provider>
<EventID Qualifiers="">11</EventID>
<Version>2</Version>
<Level>4</Level>
<Task>11</Task>
<Opcode>0</Opcode>
<Keywords>0x8000000000000000</Keywords>
<TimeCreated SystemTime="2025-04-10 06:19:18.957176"></TimeCreated>
<EventRecordID>7644</EventRecordID>
<Correlation ActivityID="" RelatedActivityID=""></Correlation>
<Execution ProcessID="4420" ThreadID="5708"></Execution>
<Channel>Microsoft-Windows-Sysmon/Operational</Channel>
<Computer>DESKTOP-M3AKJSD</Computer>
<Security UserID="S-1-5-18"></Security>
</System>
<EventData><Data Name="RuleName">DLL</Data>
<Data Name="UtcTime">2025-04-10 06:19:18.956</Data>
<Data Name="ProcessGuid">{53c665d1-62d2-67f7-5e02-000000001700}</Data>
<Data Name="ProcessId">2148</Data>
<Data Name="Image">C:\Program Files (x86)\Microsoft Visual Studio\Installer\resources\app\ServiceHub\Services\Microsoft.VisualStudio.Setup.Service\BackgroundDownload.exe</Data>
<Data Name="TargetFilename">C:\Users\User\AppData\Local\Temp\pveqxquy.cim\resources\app\ServiceHub\Services\Microsoft.VisualStudio.Setup.Service\zh-Hant\Microsoft.VisualStudio.Services.Common.resources.dll</Data>
<Data Name="CreationUtcTime">2025-04-10 06:19:18.956</Data>
<Data Name="User">DESKTOP-M3AKJSD\User</Data>
</EventData>
</Event>

<Event xmlns="http://schemas.microsoft.com/win/2004/08/events/event"><System><Provider Name="Microsoft-Windows-Sysmon" Guid="{5770385f-c22a-43e0-bf4c-06f5698ffbd9}"></Provider>
<EventID Qualifiers="">11</EventID>
<Version>2</Version>
<Level>4</Level>
<Task>11</Task>
<Opcode>0</Opcode>
<Keywords>0x8000000000000000</Keywords>
<TimeCreated SystemTime="2025-04-10 06:19:18.958765"></TimeCreated>
<EventRecordID>7645</EventRecordID>
<Correlation ActivityID="" RelatedActivityID=""></Correlation>
<Execution ProcessID="4420" ThreadID="5708"></Execution>
<Channel>Microsoft-Windows-Sysmon/Operational</Channel>
<Computer>DESKTOP-M3AKJSD</Computer>
<Security UserID="S-1-5-18"></Security>
</System>
<EventData><Data Name="RuleName">DLL</Data>
<Data Name="UtcTime">2025-04-10 06:19:18.956</Data>
<Data Name="ProcessGuid">{53c665d1-62d2-67f7-5e02-000000001700}</Data>
<Data Name="ProcessId">2148</Data>
<Data Name="Image">C:\Program Files (x86)\Microsoft Visual Studio\Installer\resources\app\ServiceHub\Services\Microsoft.VisualStudio.Setup.Service\BackgroundDownload.exe</Data>
<Data Name="TargetFilename">C:\Users\User\AppData\Local\Temp\pveqxquy.cim\resources\app\ServiceHub\Services\Microsoft.VisualStudio.Setup.Service\zh-Hant\Microsoft.VisualStudio.Services.Gallery.WebApi.resources.dll</Data>
<Data Name="CreationUtcTime">2025-04-10 06:19:18.956</Data>
<Data Name="User">DESKTOP-M3AKJSD\User</Data>
</EventData>
</Event>

<Event xmlns="http://schemas.microsoft.com/win/2004/08/events/event"><System><Provider Name="Microsoft-Windows-Sysmon" Guid="{5770385f-c22a-43e0-bf4c-06f5698ffbd9}"></Provider>
<EventID Qualifiers="">11</EventID>
<Version>2</Version>
<Level>4</Level>
<Task>11</Task>
<Opcode>0</Opcode>
<Keywords>0x8000000000000000</Keywords>
<TimeCreated SystemTime="2025-04-10 06:19:18.960512"></TimeCreated>
<EventRecordID>7646</EventRecordID>
<Correlation ActivityID="" RelatedActivityID=""></Correlation>
<Execution ProcessID="4420" ThreadID="5708"></Execution>
<Channel>Microsoft-Windows-Sysmon/Operational</Channel>
<Computer>DESKTOP-M3AKJSD</Computer>
<Security UserID="S-1-5-18"></Security>
</System>
<EventData><Data Name="RuleName">DLL</Data>
<Data Name="UtcTime">2025-04-10 06:19:18.958</Data>
<Data Name="ProcessGuid">{53c665d1-62d2-67f7-5e02-000000001700}</Data>
<Data Name="ProcessId">2148</Data>
<Data Name="Image">C:\Program Files (x86)\Microsoft Visual Studio\Installer\resources\app\ServiceHub\Services\Microsoft.VisualStudio.Setup.Service\BackgroundDownload.exe</Data>
<Data Name="TargetFilename">C:\Users\User\AppData\Local\Temp\pveqxquy.cim\resources\app\ServiceHub\Services\Microsoft.VisualStudio.Setup.Service\zh-Hant\Microsoft.VisualStudio.Services.WebApi.resources.dll</Data>
<Data Name="CreationUtcTime">2025-04-10 06:19:18.958</Data>
<Data Name="User">DESKTOP-M3AKJSD\User</Data>
</EventData>
</Event>

<Event xmlns="http://schemas.microsoft.com/win/2004/08/events/event"><System><Provider Name="Microsoft-Windows-Sysmon" Guid="{5770385f-c22a-43e0-bf4c-06f5698ffbd9}"></Provider>
<EventID Qualifiers="">11</EventID>
<Version>2</Version>
<Level>4</Level>
<Task>11</Task>
<Opcode>0</Opcode>
<Keywords>0x8000000000000000</Keywords>
<TimeCreated SystemTime="2025-04-10 06:19:18.962767"></TimeCreated>
<EventRecordID>7647</EventRecordID>
<Correlation ActivityID="" RelatedActivityID=""></Correlation>
<Execution ProcessID="4420" ThreadID="5708"></Execution>
<Channel>Microsoft-Windows-Sysmon/Operational</Channel>
<Computer>DESKTOP-M3AKJSD</Computer>
<Security UserID="S-1-5-18"></Security>
</System>
<EventData><Data Name="RuleName">DLL</Data>
<Data Name="UtcTime">2025-04-10 06:19:18.961</Data>
<Data Name="ProcessGuid">{53c665d1-62d2-67f7-5e02-000000001700}</Data>
<Data Name="ProcessId">2148</Data>
<Data Name="Image">C:\Program Files (x86)\Microsoft Visual Studio\Installer\resources\app\ServiceHub\Services\Microsoft.VisualStudio.Setup.Service\BackgroundDownload.exe</Data>
<Data Name="TargetFilename">C:\Users\User\AppData\Local\Temp\pveqxquy.cim\resources\app\ServiceHub\Services\Microsoft.VisualStudio.Setup.Service\zh-Hant\Microsoft.VisualStudio.Setup.Common.resources.dll</Data>
<Data Name="CreationUtcTime">2025-04-10 06:19:18.961</Data>
<Data Name="User">DESKTOP-M3AKJSD\User</Data>
</EventData>
</Event>

<Event xmlns="http://schemas.microsoft.com/win/2004/08/events/event"><System><Provider Name="Microsoft-Windows-Sysmon" Guid="{5770385f-c22a-43e0-bf4c-06f5698ffbd9}"></Provider>
<EventID Qualifiers="">11</EventID>
<Version>2</Version>
<Level>4</Level>
<Task>11</Task>
<Opcode>0</Opcode>
<Keywords>0x8000000000000000</Keywords>
<TimeCreated SystemTime="2025-04-10 06:19:18.964554"></TimeCreated>
<EventRecordID>7648</EventRecordID>
<Correlation ActivityID="" RelatedActivityID=""></Correlation>
<Execution ProcessID="4420" ThreadID="5708"></Execution>
<Channel>Microsoft-Windows-Sysmon/Operational</Channel>
<Computer>DESKTOP-M3AKJSD</Computer>
<Security UserID="S-1-5-18"></Security>
</System>
<EventData><Data Name="RuleName">DLL</Data>
<Data Name="UtcTime">2025-04-10 06:19:18.963</Data>
<Data Name="ProcessGuid">{53c665d1-62d2-67f7-5e02-000000001700}</Data>
<Data Name="ProcessId">2148</Data>
<Data Name="Image">C:\Program Files (x86)\Microsoft Visual Studio\Installer\resources\app\ServiceHub\Services\Microsoft.VisualStudio.Setup.Service\BackgroundDownload.exe</Data>
<Data Name="TargetFilename">C:\Users\User\AppData\Local\Temp\pveqxquy.cim\resources\app\ServiceHub\Services\Microsoft.VisualStudio.Setup.Service\zh-Hant\Microsoft.VisualStudio.Setup.Download.resources.dll</Data>
<Data Name="CreationUtcTime">2025-04-10 06:19:18.963</Data>
<Data Name="User">DESKTOP-M3AKJSD\User</Data>
</EventData>
</Event>

<Event xmlns="http://schemas.microsoft.com/win/2004/08/events/event"><System><Provider Name="Microsoft-Windows-Sysmon" Guid="{5770385f-c22a-43e0-bf4c-06f5698ffbd9}"></Provider>
<EventID Qualifiers="">11</EventID>
<Version>2</Version>
<Level>4</Level>
<Task>11</Task>
<Opcode>0</Opcode>
<Keywords>0x8000000000000000</Keywords>
<TimeCreated SystemTime="2025-04-10 06:19:18.965714"></TimeCreated>
<EventRecordID>7649</EventRecordID>
<Correlation ActivityID="" RelatedActivityID=""></Correlation>
<Execution ProcessID="4420" ThreadID="5708"></Execution>
<Channel>Microsoft-Windows-Sysmon/Operational</Channel>
<Computer>DESKTOP-M3AKJSD</Computer>
<Security UserID="S-1-5-18"></Security>
</System>
<EventData><Data Name="RuleName">DLL</Data>
<Data Name="UtcTime">2025-04-10 06:19:18.963</Data>
<Data Name="ProcessGuid">{53c665d1-62d2-67f7-5e02-000000001700}</Data>
<Data Name="ProcessId">2148</Data>
<Data Name="Image">C:\Program Files (x86)\Microsoft Visual Studio\Installer\resources\app\ServiceHub\Services\Microsoft.VisualStudio.Setup.Service\BackgroundDownload.exe</Data>
<Data Name="TargetFilename">C:\Users\User\AppData\Local\Temp\pveqxquy.cim\resources\app\ServiceHub\Services\Microsoft.VisualStudio.Setup.Service\zh-Hant\Microsoft.VisualStudio.Setup.InstallerResources.resources.dll</Data>
<Data Name="CreationUtcTime">2025-04-10 06:19:18.963</Data>
<Data Name="User">DESKTOP-M3AKJSD\User</Data>
</EventData>
</Event>

<Event xmlns="http://schemas.microsoft.com/win/2004/08/events/event"><System><Provider Name="Microsoft-Windows-Sysmon" Guid="{5770385f-c22a-43e0-bf4c-06f5698ffbd9}"></Provider>
<EventID Qualifiers="">11</EventID>
<Version>2</Version>
<Level>4</Level>
<Task>11</Task>
<Opcode>0</Opcode>
<Keywords>0x8000000000000000</Keywords>
<TimeCreated SystemTime="2025-04-10 06:19:18.967413"></TimeCreated>
<EventRecordID>7650</EventRecordID>
<Correlation ActivityID="" RelatedActivityID=""></Correlation>
<Execution ProcessID="4420" ThreadID="5708"></Execution>
<Channel>Microsoft-Windows-Sysmon/Operational</Channel>
<Computer>DESKTOP-M3AKJSD</Computer>
<Security UserID="S-1-5-18"></Security>
</System>
<EventData><Data Name="RuleName">DLL</Data>
<Data Name="UtcTime">2025-04-10 06:19:18.966</Data>
<Data Name="ProcessGuid">{53c665d1-62d2-67f7-5e02-000000001700}</Data>
<Data Name="ProcessId">2148</Data>
<Data Name="Image">C:\Program Files (x86)\Microsoft Visual Studio\Installer\resources\app\ServiceHub\Services\Microsoft.VisualStudio.Setup.Service\BackgroundDownload.exe</Data>
<Data Name="TargetFilename">C:\Users\User\AppData\Local\Temp\pveqxquy.cim\resources\app\ServiceHub\Services\Microsoft.VisualStudio.Setup.Service\zh-Hant\Microsoft.VisualStudio.Setup.resources.dll</Data>
<Data Name="CreationUtcTime">2025-04-10 06:19:18.966</Data>
<Data Name="User">DESKTOP-M3AKJSD\User</Data>
</EventData>
</Event>

<Event xmlns="http://schemas.microsoft.com/win/2004/08/events/event"><System><Provider Name="Microsoft-Windows-Sysmon" Guid="{5770385f-c22a-43e0-bf4c-06f5698ffbd9}"></Provider>
<EventID Qualifiers="">11</EventID>
<Version>2</Version>
<Level>4</Level>
<Task>11</Task>
<Opcode>0</Opcode>
<Keywords>0x8000000000000000</Keywords>
<TimeCreated SystemTime="2025-04-10 06:19:18.969007"></TimeCreated>
<EventRecordID>7651</EventRecordID>
<Correlation ActivityID="" RelatedActivityID=""></Correlation>
<Execution ProcessID="4420" ThreadID="5708"></Execution>
<Channel>Microsoft-Windows-Sysmon/Operational</Channel>
<Computer>DESKTOP-M3AKJSD</Computer>
<Security UserID="S-1-5-18"></Security>
</System>
<EventData><Data Name="RuleName">DLL</Data>
<Data Name="UtcTime">2025-04-10 06:19:18.968</Data>
<Data Name="ProcessGuid">{53c665d1-62d2-67f7-5e02-000000001700}</Data>
<Data Name="ProcessId">2148</Data>
<Data Name="Image">C:\Program Files (x86)\Microsoft Visual Studio\Installer\resources\app\ServiceHub\Services\Microsoft.VisualStudio.Setup.Service\BackgroundDownload.exe</Data>
<Data Name="TargetFilename">C:\Users\User\AppData\Local\Temp\pveqxquy.cim\resources\app\ServiceHub\Services\Microsoft.VisualStudio.Setup.Service\zh-Hant\Microsoft.VisualStudio.Threading.resources.dll</Data>
<Data Name="CreationUtcTime">2025-04-10 06:19:18.966</Data>
<Data Name="User">DESKTOP-M3AKJSD\User</Data>
</EventData>
</Event>

<Event xmlns="http://schemas.microsoft.com/win/2004/08/events/event"><System><Provider Name="Microsoft-Windows-Sysmon" Guid="{5770385f-c22a-43e0-bf4c-06f5698ffbd9}"></Provider>
<EventID Qualifiers="">11</EventID>
<Version>2</Version>
<Level>4</Level>
<Task>11</Task>
<Opcode>0</Opcode>
<Keywords>0x8000000000000000</Keywords>
<TimeCreated SystemTime="2025-04-10 06:19:18.970234"></TimeCreated>
<EventRecordID>7652</EventRecordID>
<Correlation ActivityID="" RelatedActivityID=""></Correlation>
<Execution ProcessID="4420" ThreadID="5708"></Execution>
<Channel>Microsoft-Windows-Sysmon/Operational</Channel>
<Computer>DESKTOP-M3AKJSD</Computer>
<Security UserID="S-1-5-18"></Security>
</System>
<EventData><Data Name="RuleName">DLL</Data>
<Data Name="UtcTime">2025-04-10 06:19:18.968</Data>
<Data Name="ProcessGuid">{53c665d1-62d2-67f7-5e02-000000001700}</Data>
<Data Name="ProcessId">2148</Data>
<Data Name="Image">C:\Program Files (x86)\Microsoft Visual Studio\Installer\resources\app\ServiceHub\Services\Microsoft.VisualStudio.Setup.Service\BackgroundDownload.exe</Data>
<Data Name="TargetFilename">C:\Users\User\AppData\Local\Temp\pveqxquy.cim\resources\app\ServiceHub\Services\Microsoft.VisualStudio.Setup.Service\zh-Hant\Microsoft.VisualStudio.Utilities.resources.dll</Data>
<Data Name="CreationUtcTime">2025-04-10 06:19:18.968</Data>
<Data Name="User">DESKTOP-M3AKJSD\User</Data>
</EventData>
</Event>

<Event xmlns="http://schemas.microsoft.com/win/2004/08/events/event"><System><Provider Name="Microsoft-Windows-Sysmon" Guid="{5770385f-c22a-43e0-bf4c-06f5698ffbd9}"></Provider>
<EventID Qualifiers="">11</EventID>
<Version>2</Version>
<Level>4</Level>
<Task>11</Task>
<Opcode>0</Opcode>
<Keywords>0x8000000000000000</Keywords>
<TimeCreated SystemTime="2025-04-10 06:19:18.971212"></TimeCreated>
<EventRecordID>7653</EventRecordID>
<Correlation ActivityID="" RelatedActivityID=""></Correlation>
<Execution ProcessID="4420" ThreadID="5708"></Execution>
<Channel>Microsoft-Windows-Sysmon/Operational</Channel>
<Computer>DESKTOP-M3AKJSD</Computer>
<Security UserID="S-1-5-18"></Security>
</System>
<EventData><Data Name="RuleName">DLL</Data>
<Data Name="UtcTime">2025-04-10 06:19:18.970</Data>
<Data Name="ProcessGuid">{53c665d1-62d2-67f7-5e02-000000001700}</Data>
<Data Name="ProcessId">2148</Data>
<Data Name="Image">C:\Program Files (x86)\Microsoft Visual Studio\Installer\resources\app\ServiceHub\Services\Microsoft.VisualStudio.Setup.Service\BackgroundDownload.exe</Data>
<Data Name="TargetFilename">C:\Users\User\AppData\Local\Temp\pveqxquy.cim\resources\app\ServiceHub\Services\Microsoft.VisualStudio.Setup.Service\zh-Hant\Microsoft.VisualStudio.Validation.resources.dll</Data>
<Data Name="CreationUtcTime">2025-04-10 06:19:18.970</Data>
<Data Name="User">DESKTOP-M3AKJSD\User</Data>
</EventData>
</Event>

<Event xmlns="http://schemas.microsoft.com/win/2004/08/events/event"><System><Provider Name="Microsoft-Windows-Sysmon" Guid="{5770385f-c22a-43e0-bf4c-06f5698ffbd9}"></Provider>
<EventID Qualifiers="">11</EventID>
<Version>2</Version>
<Level>4</Level>
<Task>11</Task>
<Opcode>0</Opcode>
<Keywords>0x8000000000000000</Keywords>
<TimeCreated SystemTime="2025-04-10 06:19:18.972284"></TimeCreated>
<EventRecordID>7654</EventRecordID>
<Correlation ActivityID="" RelatedActivityID=""></Correlation>
<Execution ProcessID="4420" ThreadID="5708"></Execution>
<Channel>Microsoft-Windows-Sysmon/Operational</Channel>
<Computer>DESKTOP-M3AKJSD</Computer>
<Security UserID="S-1-5-18"></Security>
</System>
<EventData><Data Name="RuleName">DLL</Data>
<Data Name="UtcTime">2025-04-10 06:19:18.970</Data>
<Data Name="ProcessGuid">{53c665d1-62d2-67f7-5e02-000000001700}</Data>
<Data Name="ProcessId">2148</Data>
<Data Name="Image">C:\Program Files (x86)\Microsoft Visual Studio\Installer\resources\app\ServiceHub\Services\Microsoft.VisualStudio.Setup.Service\BackgroundDownload.exe</Data>
<Data Name="TargetFilename">C:\Users\User\AppData\Local\Temp\pveqxquy.cim\resources\app\ServiceHub\Services\Microsoft.VisualStudio.Setup.Service\zh-Hant\StreamJsonRpc.resources.dll</Data>
<Data Name="CreationUtcTime">2025-04-10 06:19:18.970</Data>
<Data Name="User">DESKTOP-M3AKJSD\User</Data>
</EventData>
</Event>

<Event xmlns="http://schemas.microsoft.com/win/2004/08/events/event"><System><Provider Name="Microsoft-Windows-Sysmon" Guid="{5770385f-c22a-43e0-bf4c-06f5698ffbd9}"></Provider>
<EventID Qualifiers="">11</EventID>
<Version>2</Version>
<Level>4</Level>
<Task>11</Task>
<Opcode>0</Opcode>
<Keywords>0x8000000000000000</Keywords>
<TimeCreated SystemTime="2025-04-10 06:19:18.973652"></TimeCreated>
<EventRecordID>7655</EventRecordID>
<Correlation ActivityID="" RelatedActivityID=""></Correlation>
<Execution ProcessID="4420" ThreadID="5708"></Execution>
<Channel>Microsoft-Windows-Sysmon/Operational</Channel>
<Computer>DESKTOP-M3AKJSD</Computer>
<Security UserID="S-1-5-18"></Security>
</System>
<EventData><Data Name="RuleName">DLL</Data>
<Data Name="UtcTime">2025-04-10 06:19:18.972</Data>
<Data Name="ProcessGuid">{53c665d1-62d2-67f7-5e02-000000001700}</Data>
<Data Name="ProcessId">2148</Data>
<Data Name="Image">C:\Program Files (x86)\Microsoft Visual Studio\Installer\resources\app\ServiceHub\Services\Microsoft.VisualStudio.Setup.Service\BackgroundDownload.exe</Data>
<Data Name="TargetFilename">C:\Users\User\AppData\Local\Temp\pveqxquy.cim\resources\app\ServiceHub\Services\Microsoft.VisualStudio.Setup.Service\zh-Hant\VSIXInstaller.resources.dll</Data>
<Data Name="CreationUtcTime">2025-04-10 06:19:18.972</Data>
<Data Name="User">DESKTOP-M3AKJSD\User</Data>
</EventData>
</Event>

<Event xmlns="http://schemas.microsoft.com/win/2004/08/events/event"><System><Provider Name="Microsoft-Windows-Sysmon" Guid="{5770385f-c22a-43e0-bf4c-06f5698ffbd9}"></Provider>
<EventID Qualifiers="">11</EventID>
<Version>2</Version>
<Level>4</Level>
<Task>11</Task>
<Opcode>0</Opcode>
<Keywords>0x8000000000000000</Keywords>
<TimeCreated SystemTime="2025-04-10 06:19:18.975832"></TimeCreated>
<EventRecordID>7656</EventRecordID>
<Correlation ActivityID="" RelatedActivityID=""></Correlation>
<Execution ProcessID="4420" ThreadID="5708"></Execution>
<Channel>Microsoft-Windows-Sysmon/Operational</Channel>
<Computer>DESKTOP-M3AKJSD</Computer>
<Security UserID="S-1-5-18"></Security>
</System>
<EventData><Data Name="RuleName">DLL</Data>
<Data Name="UtcTime">2025-04-10 06:19:18.975</Data>
<Data Name="ProcessGuid">{53c665d1-62d2-67f7-5e02-000000001700}</Data>
<Data Name="ProcessId">2148</Data>
<Data Name="Image">C:\Program Files (x86)\Microsoft Visual Studio\Installer\resources\app\ServiceHub\Services\Microsoft.VisualStudio.Setup.Service\BackgroundDownload.exe</Data>
<Data Name="TargetFilename">C:\Users\User\AppData\Local\Temp\pveqxquy.cim\ru\vs_layout.resources.dll</Data>
<Data Name="CreationUtcTime">2025-04-10 06:19:18.975</Data>
<Data Name="User">DESKTOP-M3AKJSD\User</Data>
</EventData>
</Event>

<Event xmlns="http://schemas.microsoft.com/win/2004/08/events/event"><System><Provider Name="Microsoft-Windows-Sysmon" Guid="{5770385f-c22a-43e0-bf4c-06f5698ffbd9}"></Provider>
<EventID Qualifiers="">11</EventID>
<Version>2</Version>
<Level>4</Level>
<Task>11</Task>
<Opcode>0</Opcode>
<Keywords>0x8000000000000000</Keywords>
<TimeCreated SystemTime="2025-04-10 06:19:18.976974"></TimeCreated>
<EventRecordID>7657</EventRecordID>
<Correlation ActivityID="" RelatedActivityID=""></Correlation>
<Execution ProcessID="4420" ThreadID="5708"></Execution>
<Channel>Microsoft-Windows-Sysmon/Operational</Channel>
<Computer>DESKTOP-M3AKJSD</Computer>
<Security UserID="S-1-5-18"></Security>
</System>
<EventData><Data Name="RuleName">EXE</Data>
<Data Name="UtcTime">2025-04-10 06:19:18.975</Data>
<Data Name="ProcessGuid">{53c665d1-62d2-67f7-5e02-000000001700}</Data>
<Data Name="ProcessId">2148</Data>
<Data Name="Image">C:\Program Files (x86)\Microsoft Visual Studio\Installer\resources\app\ServiceHub\Services\Microsoft.VisualStudio.Setup.Service\BackgroundDownload.exe</Data>
<Data Name="TargetFilename">C:\Users\User\AppData\Local\Temp\pveqxquy.cim\setup.exe</Data>
<Data Name="CreationUtcTime">2025-04-10 06:19:18.975</Data>
<Data Name="User">DESKTOP-M3AKJSD\User</Data>
</EventData>
</Event>

<Event xmlns="http://schemas.microsoft.com/win/2004/08/events/event"><System><Provider Name="Microsoft-Windows-Sysmon" Guid="{5770385f-c22a-43e0-bf4c-06f5698ffbd9}"></Provider>
<EventID Qualifiers="">11</EventID>
<Version>2</Version>
<Level>4</Level>
<Task>11</Task>
<Opcode>0</Opcode>
<Keywords>0x8000000000000000</Keywords>
<TimeCreated SystemTime="2025-04-10 06:19:18.989973"></TimeCreated>
<EventRecordID>7658</EventRecordID>
<Correlation ActivityID="" RelatedActivityID=""></Correlation>
<Execution ProcessID="4420" ThreadID="5708"></Execution>
<Channel>Microsoft-Windows-Sysmon/Operational</Channel>
<Computer>DESKTOP-M3AKJSD</Computer>
<Security UserID="S-1-5-18"></Security>
</System>
<EventData><Data Name="RuleName">DLL</Data>
<Data Name="UtcTime">2025-04-10 06:19:18.987</Data>
<Data Name="ProcessGuid">{53c665d1-62e6-67f7-7002-000000001700}</Data>
<Data Name="ProcessId">6012</Data>
<Data Name="Image">C:\Windows\Microsoft.NET\Framework64\v4.0.30319\mscorsvw.exe</Data>
<Data Name="TargetFilename">C:\Windows\assembly\NativeImages_v4.0.30319_64\Temp\177c-0\napcrypt.dll</Data>
<Data Name="CreationUtcTime">2025-04-10 06:19:18.987</Data>
<Data Name="User">NT AUTHORITY\SYSTEM</Data>
</EventData>
</Event>

<Event xmlns="http://schemas.microsoft.com/win/2004/08/events/event"><System><Provider Name="Microsoft-Windows-Sysmon" Guid="{5770385f-c22a-43e0-bf4c-06f5698ffbd9}"></Provider>
<EventID Qualifiers="">11</EventID>
<Version>2</Version>
<Level>4</Level>
<Task>11</Task>
<Opcode>0</Opcode>
<Keywords>0x8000000000000000</Keywords>
<TimeCreated SystemTime="2025-04-10 06:19:19.006966"></TimeCreated>
<EventRecordID>7659</EventRecordID>
<Correlation ActivityID="" RelatedActivityID=""></Correlation>
<Execution ProcessID="4420" ThreadID="5708"></Execution>
<Channel>Microsoft-Windows-Sysmon/Operational</Channel>
<Computer>DESKTOP-M3AKJSD</Computer>
<Security UserID="S-1-5-18"></Security>
</System>
<EventData><Data Name="RuleName">DLL</Data>
<Data Name="UtcTime">2025-04-10 06:19:19.005</Data>
<Data Name="ProcessGuid">{53c665d1-62d2-67f7-5e02-000000001700}</Data>
<Data Name="ProcessId">2148</Data>
<Data Name="Image">C:\Program Files (x86)\Microsoft Visual Studio\Installer\resources\app\ServiceHub\Services\Microsoft.VisualStudio.Setup.Service\BackgroundDownload.exe</Data>
<Data Name="TargetFilename">C:\Users\User\AppData\Local\Temp\pveqxquy.cim\tr\vs_layout.resources.dll</Data>
<Data Name="CreationUtcTime">2025-04-10 06:19:19.005</Data>
<Data Name="User">DESKTOP-M3AKJSD\User</Data>
</EventData>
</Event>

<Event xmlns="http://schemas.microsoft.com/win/2004/08/events/event"><System><Provider Name="Microsoft-Windows-Sysmon" Guid="{5770385f-c22a-43e0-bf4c-06f5698ffbd9}"></Provider>
<EventID Qualifiers="">11</EventID>
<Version>2</Version>
<Level>4</Level>
<Task>11</Task>
<Opcode>0</Opcode>
<Keywords>0x8000000000000000</Keywords>
<TimeCreated SystemTime="2025-04-10 06:19:19.008303"></TimeCreated>
<EventRecordID>7660</EventRecordID>
<Correlation ActivityID="" RelatedActivityID=""></Correlation>
<Execution ProcessID="4420" ThreadID="5708"></Execution>
<Channel>Microsoft-Windows-Sysmon/Operational</Channel>
<Computer>DESKTOP-M3AKJSD</Computer>
<Security UserID="S-1-5-18"></Security>
</System>
<EventData><Data Name="RuleName">EXE</Data>
<Data Name="UtcTime">2025-04-10 06:19:19.007</Data>
<Data Name="ProcessGuid">{53c665d1-62d2-67f7-5e02-000000001700}</Data>
<Data Name="ProcessId">2148</Data>
<Data Name="Image">C:\Program Files (x86)\Microsoft Visual Studio\Installer\resources\app\ServiceHub\Services\Microsoft.VisualStudio.Setup.Service\BackgroundDownload.exe</Data>
<Data Name="TargetFilename">C:\Users\User\AppData\Local\Temp\pveqxquy.cim\VSInstallerElevationService.exe</Data>
<Data Name="CreationUtcTime">2025-04-10 06:19:19.007</Data>
<Data Name="User">DESKTOP-M3AKJSD\User</Data>
</EventData>
</Event>

<Event xmlns="http://schemas.microsoft.com/win/2004/08/events/event"><System><Provider Name="Microsoft-Windows-Sysmon" Guid="{5770385f-c22a-43e0-bf4c-06f5698ffbd9}"></Provider>
<EventID Qualifiers="">11</EventID>
<Version>2</Version>
<Level>4</Level>
<Task>11</Task>
<Opcode>0</Opcode>
<Keywords>0x8000000000000000</Keywords>
<TimeCreated SystemTime="2025-04-10 06:19:19.011129"></TimeCreated>
<EventRecordID>7661</EventRecordID>
<Correlation ActivityID="" RelatedActivityID=""></Correlation>
<Execution ProcessID="4420" ThreadID="5708"></Execution>
<Channel>Microsoft-Windows-Sysmon/Operational</Channel>
<Computer>DESKTOP-M3AKJSD</Computer>
<Security UserID="S-1-5-18"></Security>
</System>
<EventData><Data Name="RuleName">EXE</Data>
<Data Name="UtcTime">2025-04-10 06:19:19.010</Data>
<Data Name="ProcessGuid">{53c665d1-62d2-67f7-5e02-000000001700}</Data>
<Data Name="ProcessId">2148</Data>
<Data Name="Image">C:\Program Files (x86)\Microsoft Visual Studio\Installer\resources\app\ServiceHub\Services\Microsoft.VisualStudio.Setup.Service\BackgroundDownload.exe</Data>
<Data Name="TargetFilename">C:\Users\User\AppData\Local\Temp\pveqxquy.cim\vswhere.exe</Data>
<Data Name="CreationUtcTime">2025-04-10 06:19:19.010</Data>
<Data Name="User">DESKTOP-M3AKJSD\User</Data>
</EventData>
</Event>

<Event xmlns="http://schemas.microsoft.com/win/2004/08/events/event"><System><Provider Name="Microsoft-Windows-Sysmon" Guid="{5770385f-c22a-43e0-bf4c-06f5698ffbd9}"></Provider>
<EventID Qualifiers="">11</EventID>
<Version>2</Version>
<Level>4</Level>
<Task>11</Task>
<Opcode>0</Opcode>
<Keywords>0x8000000000000000</Keywords>
<TimeCreated SystemTime="2025-04-10 06:19:19.016651"></TimeCreated>
<EventRecordID>7662</EventRecordID>
<Correlation ActivityID="" RelatedActivityID=""></Correlation>
<Execution ProcessID="4420" ThreadID="5708"></Execution>
<Channel>Microsoft-Windows-Sysmon/Operational</Channel>
<Computer>DESKTOP-M3AKJSD</Computer>
<Security UserID="S-1-5-18"></Security>
</System>
<EventData><Data Name="RuleName">EXE</Data>
<Data Name="UtcTime">2025-04-10 06:19:19.016</Data>
<Data Name="ProcessGuid">{53c665d1-62d2-67f7-5e02-000000001700}</Data>
<Data Name="ProcessId">2148</Data>
<Data Name="Image">C:\Program Files (x86)\Microsoft Visual Studio\Installer\resources\app\ServiceHub\Services\Microsoft.VisualStudio.Setup.Service\BackgroundDownload.exe</Data>
<Data Name="TargetFilename">C:\Users\User\AppData\Local\Temp\pveqxquy.cim\vs_installer.exe</Data>
<Data Name="CreationUtcTime">2025-04-10 06:19:19.016</Data>
<Data Name="User">DESKTOP-M3AKJSD\User</Data>
</EventData>
</Event>

<Event xmlns="http://schemas.microsoft.com/win/2004/08/events/event"><System><Provider Name="Microsoft-Windows-Sysmon" Guid="{5770385f-c22a-43e0-bf4c-06f5698ffbd9}"></Provider>
<EventID Qualifiers="">11</EventID>
<Version>2</Version>
<Level>4</Level>
<Task>11</Task>
<Opcode>0</Opcode>
<Keywords>0x8000000000000000</Keywords>
<TimeCreated SystemTime="2025-04-10 06:19:19.023373"></TimeCreated>
<EventRecordID>7663</EventRecordID>
<Correlation ActivityID="" RelatedActivityID=""></Correlation>
<Execution ProcessID="4420" ThreadID="5708"></Execution>
<Channel>Microsoft-Windows-Sysmon/Operational</Channel>
<Computer>DESKTOP-M3AKJSD</Computer>
<Security UserID="S-1-5-18"></Security>
</System>
<EventData><Data Name="RuleName">EXE</Data>
<Data Name="UtcTime">2025-04-10 06:19:19.021</Data>
<Data Name="ProcessGuid">{53c665d1-62d2-67f7-5e02-000000001700}</Data>
<Data Name="ProcessId">2148</Data>
<Data Name="Image">C:\Program Files (x86)\Microsoft Visual Studio\Installer\resources\app\ServiceHub\Services\Microsoft.VisualStudio.Setup.Service\BackgroundDownload.exe</Data>
<Data Name="TargetFilename">C:\Users\User\AppData\Local\Temp\pveqxquy.cim\vs_installer.windows.exe</Data>
<Data Name="CreationUtcTime">2025-04-10 06:19:19.021</Data>
<Data Name="User">DESKTOP-M3AKJSD\User</Data>
</EventData>
</Event>

<Event xmlns="http://schemas.microsoft.com/win/2004/08/events/event"><System><Provider Name="Microsoft-Windows-Sysmon" Guid="{5770385f-c22a-43e0-bf4c-06f5698ffbd9}"></Provider>
<EventID Qualifiers="">11</EventID>
<Version>2</Version>
<Level>4</Level>
<Task>11</Task>
<Opcode>0</Opcode>
<Keywords>0x8000000000000000</Keywords>
<TimeCreated SystemTime="2025-04-10 06:19:19.025082"></TimeCreated>
<EventRecordID>7664</EventRecordID>
<Correlation ActivityID="" RelatedActivityID=""></Correlation>
<Execution ProcessID="4420" ThreadID="5708"></Execution>
<Channel>Microsoft-Windows-Sysmon/Operational</Channel>
<Computer>DESKTOP-M3AKJSD</Computer>
<Security UserID="S-1-5-18"></Security>
</System>
<EventData><Data Name="RuleName">EXE</Data>
<Data Name="UtcTime">2025-04-10 06:19:19.023</Data>
<Data Name="ProcessGuid">{53c665d1-62d2-67f7-5e02-000000001700}</Data>
<Data Name="ProcessId">2148</Data>
<Data Name="Image">C:\Program Files (x86)\Microsoft Visual Studio\Installer\resources\app\ServiceHub\Services\Microsoft.VisualStudio.Setup.Service\BackgroundDownload.exe</Data>
<Data Name="TargetFilename">C:\Users\User\AppData\Local\Temp\pveqxquy.cim\vs_installershell.exe</Data>
<Data Name="CreationUtcTime">2025-04-10 06:19:19.023</Data>
<Data Name="User">DESKTOP-M3AKJSD\User</Data>
</EventData>
</Event>

<Event xmlns="http://schemas.microsoft.com/win/2004/08/events/event"><System><Provider Name="Microsoft-Windows-Sysmon" Guid="{5770385f-c22a-43e0-bf4c-06f5698ffbd9}"></Provider>
<EventID Qualifiers="">11</EventID>
<Version>2</Version>
<Level>4</Level>
<Task>11</Task>
<Opcode>0</Opcode>
<Keywords>0x8000000000000000</Keywords>
<TimeCreated SystemTime="2025-04-10 06:19:19.031937"></TimeCreated>
<EventRecordID>7665</EventRecordID>
<Correlation ActivityID="" RelatedActivityID=""></Correlation>
<Execution ProcessID="4420" ThreadID="5708"></Execution>
<Channel>Microsoft-Windows-Sysmon/Operational</Channel>
<Computer>DESKTOP-M3AKJSD</Computer>
<Security UserID="S-1-5-18"></Security>
</System>
<EventData><Data Name="RuleName">EXE</Data>
<Data Name="UtcTime">2025-04-10 06:19:19.030</Data>
<Data Name="ProcessGuid">{53c665d1-62d2-67f7-5e02-000000001700}</Data>
<Data Name="ProcessId">2148</Data>
<Data Name="Image">C:\Program Files (x86)\Microsoft Visual Studio\Installer\resources\app\ServiceHub\Services\Microsoft.VisualStudio.Setup.Service\BackgroundDownload.exe</Data>
<Data Name="TargetFilename">C:\Users\User\AppData\Local\Temp\pveqxquy.cim\vs_layout.exe</Data>
<Data Name="CreationUtcTime">2025-04-10 06:19:19.030</Data>
<Data Name="User">DESKTOP-M3AKJSD\User</Data>
</EventData>
</Event>

<Event xmlns="http://schemas.microsoft.com/win/2004/08/events/event"><System><Provider Name="Microsoft-Windows-Sysmon" Guid="{5770385f-c22a-43e0-bf4c-06f5698ffbd9}"></Provider>
<EventID Qualifiers="">11</EventID>
<Version>2</Version>
<Level>4</Level>
<Task>11</Task>
<Opcode>0</Opcode>
<Keywords>0x8000000000000000</Keywords>
<TimeCreated SystemTime="2025-04-10 06:19:19.036633"></TimeCreated>
<EventRecordID>7666</EventRecordID>
<Correlation ActivityID="" RelatedActivityID=""></Correlation>
<Execution ProcessID="4420" ThreadID="5708"></Execution>
<Channel>Microsoft-Windows-Sysmon/Operational</Channel>
<Computer>DESKTOP-M3AKJSD</Computer>
<Security UserID="S-1-5-18"></Security>
</System>
<EventData><Data Name="RuleName">DLL</Data>
<Data Name="UtcTime">2025-04-10 06:19:19.034</Data>
<Data Name="ProcessGuid">{53c665d1-62d2-67f7-5e02-000000001700}</Data>
<Data Name="ProcessId">2148</Data>
<Data Name="Image">C:\Program Files (x86)\Microsoft Visual Studio\Installer\resources\app\ServiceHub\Services\Microsoft.VisualStudio.Setup.Service\BackgroundDownload.exe</Data>
<Data Name="TargetFilename">C:\Users\User\AppData\Local\Temp\pveqxquy.cim\zh-Hans\vs_layout.resources.dll</Data>
<Data Name="CreationUtcTime">2025-04-10 06:19:19.034</Data>
<Data Name="User">DESKTOP-M3AKJSD\User</Data>
</EventData>
</Event>

<Event xmlns="http://schemas.microsoft.com/win/2004/08/events/event"><System><Provider Name="Microsoft-Windows-Sysmon" Guid="{5770385f-c22a-43e0-bf4c-06f5698ffbd9}"></Provider>
<EventID Qualifiers="">11</EventID>
<Version>2</Version>
<Level>4</Level>
<Task>11</Task>
<Opcode>0</Opcode>
<Keywords>0x8000000000000000</Keywords>
<TimeCreated SystemTime="2025-04-10 06:19:19.037861"></TimeCreated>
<EventRecordID>7667</EventRecordID>
<Correlation ActivityID="" RelatedActivityID=""></Correlation>
<Execution ProcessID="4420" ThreadID="5708"></Execution>
<Channel>Microsoft-Windows-Sysmon/Operational</Channel>
<Computer>DESKTOP-M3AKJSD</Computer>
<Security UserID="S-1-5-18"></Security>
</System>
<EventData><Data Name="RuleName">DLL</Data>
<Data Name="UtcTime">2025-04-10 06:19:19.037</Data>
<Data Name="ProcessGuid">{53c665d1-62d2-67f7-5e02-000000001700}</Data>
<Data Name="ProcessId">2148</Data>
<Data Name="Image">C:\Program Files (x86)\Microsoft Visual Studio\Installer\resources\app\ServiceHub\Services\Microsoft.VisualStudio.Setup.Service\BackgroundDownload.exe</Data>
<Data Name="TargetFilename">C:\Users\User\AppData\Local\Temp\pveqxquy.cim\zh-Hant\vs_layout.resources.dll</Data>
<Data Name="CreationUtcTime">2025-04-10 06:19:19.037</Data>
<Data Name="User">DESKTOP-M3AKJSD\User</Data>
</EventData>
</Event>

<Event xmlns="http://schemas.microsoft.com/win/2004/08/events/event"><System><Provider Name="Microsoft-Windows-Sysmon" Guid="{5770385f-c22a-43e0-bf4c-06f5698ffbd9}"></Provider>
<EventID Qualifiers="">1</EventID>
<Version>5</Version>
<Level>4</Level>
<Task>1</Task>
<Opcode>0</Opcode>
<Keywords>0x8000000000000000</Keywords>
<TimeCreated SystemTime="2025-04-10 06:19:19.338991"></TimeCreated>
<EventRecordID>7668</EventRecordID>
<Correlation ActivityID="" RelatedActivityID=""></Correlation>
<Execution ProcessID="4420" ThreadID="5708"></Execution>
<Channel>Microsoft-Windows-Sysmon/Operational</Channel>
<Computer>DESKTOP-M3AKJSD</Computer>
<Security UserID="S-1-5-18"></Security>
</System>
<EventData><Data Name="RuleName">-</Data>
<Data Name="UtcTime">2025-04-10 06:19:19.333</Data>
<Data Name="ProcessGuid">{53c665d1-62e7-67f7-7702-000000001700}</Data>
<Data Name="ProcessId">9984</Data>
<Data Name="Image">C:\Users\User\AppData\Local\Temp\pveqxquy.cim\resources\app\ServiceHub\Services\Microsoft.VisualStudio.Setup.Service\BackgroundDownload.exe</Data>
<Data Name="FileVersion">3.13.2069.59209</Data>
<Data Name="Description">Visual Studio Background Download</Data>
<Data Name="Product">Visual Studio</Data>
<Data Name="Company">Microsoft</Data>
<Data Name="OriginalFileName">BackgroundDownload.exe</Data>
<Data Name="CommandLine">"C:\Users\User\AppData\Local\Temp\pveqxquy.cim\resources\app\ServiceHub\Services\Microsoft.VisualStudio.Setup.Service\BackgroundDownload.exe" --child --activityId ea9ed184-500b-418d-9170-7ef54e75ad9d --childClientVersion 3.13.2069.286064652 --childClientInstallerVersion 3.13.2069.59209 </Data>
<Data Name="CurrentDirectory">C:\Users\User\AppData\Local\Temp\pveqxquy.cim\resources\app\ServiceHub\Services\Microsoft.VisualStudio.Setup.Service\</Data>
<Data Name="User">DESKTOP-M3AKJSD\User</Data>
<Data Name="LogonGuid">{53c665d1-5fe9-67f7-1257-120000000000}</Data>
<Data Name="LogonId">0x0000000000125712</Data>
<Data Name="TerminalSessionId">1</Data>
<Data Name="IntegrityLevel">Medium</Data>
<Data Name="Hashes">MD5=45EA72BFB31F05D7617165A4D40A4F65,SHA256=4F027EF5001E0C2B5D5D1E455A832257AB70C02FE79FFC678490B6A35DED3391,IMPHASH=F34D5F2D4577ED6D9CEEC516C1F5A744</Data>
<Data Name="ParentProcessGuid">{53c665d1-62d2-67f7-5e02-000000001700}</Data>
<Data Name="ParentProcessId">2148</Data>
<Data Name="ParentImage">C:\Program Files (x86)\Microsoft Visual Studio\Installer\resources\app\ServiceHub\Services\Microsoft.VisualStudio.Setup.Service\BackgroundDownload.exe</Data>
<Data Name="ParentCommandLine">"C:\Program Files (x86)\Microsoft Visual Studio\Installer\resources\app\ServiceHub\Services\Microsoft.VisualStudio.Setup.Service\BackgroundDownload.exe"</Data>
<Data Name="ParentUser">DESKTOP-M3AKJSD\User</Data>
</EventData>
</Event>

<Event xmlns="http://schemas.microsoft.com/win/2004/08/events/event"><System><Provider Name="Microsoft-Windows-Sysmon" Guid="{5770385f-c22a-43e0-bf4c-06f5698ffbd9}"></Provider>
<EventID Qualifiers="">22</EventID>
<Version>5</Version>
<Level>4</Level>
<Task>22</Task>
<Opcode>0</Opcode>
<Keywords>0x8000000000000000</Keywords>
<TimeCreated SystemTime="2025-04-10 06:19:23.609602"></TimeCreated>
<EventRecordID>7669</EventRecordID>
<Correlation ActivityID="" RelatedActivityID=""></Correlation>
<Execution ProcessID="4420" ThreadID="5732"></Execution>
<Channel>Microsoft-Windows-Sysmon/Operational</Channel>
<Computer>DESKTOP-M3AKJSD</Computer>
<Security UserID="S-1-5-18"></Security>
</System>
<EventData><Data Name="RuleName">-</Data>
<Data Name="UtcTime">2025-04-10 06:19:21.614</Data>
<Data Name="ProcessGuid">{53c665d1-62e7-67f7-7702-000000001700}</Data>
<Data Name="ProcessId">9984</Data>
<Data Name="QueryName">aka.ms</Data>
<Data Name="QueryStatus">0</Data>
<Data Name="QueryResults">::ffff:2.20.234.11;</Data>
<Data Name="Image">C:\Users\User\AppData\Local\Temp\pveqxquy.cim\resources\app\ServiceHub\Services\Microsoft.VisualStudio.Setup.Service\BackgroundDownload.exe</Data>
<Data Name="User">DESKTOP-M3AKJSD\User</Data>
</EventData>
</Event>

<Event xmlns="http://schemas.microsoft.com/win/2004/08/events/event"><System><Provider Name="Microsoft-Windows-Sysmon" Guid="{5770385f-c22a-43e0-bf4c-06f5698ffbd9}"></Provider>
<EventID Qualifiers="">22</EventID>
<Version>5</Version>
<Level>4</Level>
<Task>22</Task>
<Opcode>0</Opcode>
<Keywords>0x8000000000000000</Keywords>
<TimeCreated SystemTime="2025-04-10 06:19:23.609730"></TimeCreated>
<EventRecordID>7670</EventRecordID>
<Correlation ActivityID="" RelatedActivityID=""></Correlation>
<Execution ProcessID="4420" ThreadID="5732"></Execution>
<Channel>Microsoft-Windows-Sysmon/Operational</Channel>
<Computer>DESKTOP-M3AKJSD</Computer>
<Security UserID="S-1-5-18"></Security>
</System>
<EventData><Data Name="RuleName">-</Data>
<Data Name="UtcTime">2025-04-10 06:19:21.761</Data>
<Data Name="ProcessGuid">{53c665d1-62e7-67f7-7702-000000001700}</Data>
<Data Name="ProcessId">9984</Data>
<Data Name="QueryName">default.exp-tas.com</Data>
<Data Name="QueryStatus">0</Data>
<Data Name="QueryResults">type: 5 deault-exp-tas-com.e-0014.e-msedge.net;type: 5 e-0014.e-msedge.net;::ffff:13.107.5.93;</Data>
<Data Name="Image">C:\Users\User\AppData\Local\Temp\pveqxquy.cim\resources\app\ServiceHub\Services\Microsoft.VisualStudio.Setup.Service\BackgroundDownload.exe</Data>
<Data Name="User">DESKTOP-M3AKJSD\User</Data>
</EventData>
</Event>

<Event xmlns="http://schemas.microsoft.com/win/2004/08/events/event"><System><Provider Name="Microsoft-Windows-Sysmon" Guid="{5770385f-c22a-43e0-bf4c-06f5698ffbd9}"></Provider>
<EventID Qualifiers="">3</EventID>
<Version>5</Version>
<Level>4</Level>
<Task>3</Task>
<Opcode>0</Opcode>
<Keywords>0x8000000000000000</Keywords>
<TimeCreated SystemTime="2025-04-10 06:19:23.655079"></TimeCreated>
<EventRecordID>7671</EventRecordID>
<Correlation ActivityID="" RelatedActivityID=""></Correlation>
<Execution ProcessID="4420" ThreadID="5716"></Execution>
<Channel>Microsoft-Windows-Sysmon/Operational</Channel>
<Computer>DESKTOP-M3AKJSD</Computer>
<Security UserID="S-1-5-18"></Security>
</System>
<EventData><Data Name="RuleName">Usermode</Data>
<Data Name="UtcTime">2025-04-10 06:19:21.681</Data>
<Data Name="ProcessGuid">{53c665d1-62e7-67f7-7702-000000001700}</Data>
<Data Name="ProcessId">9984</Data>
<Data Name="Image">C:\Users\User\AppData\Local\Temp\pveqxquy.cim\resources\app\ServiceHub\Services\Microsoft.VisualStudio.Setup.Service\BackgroundDownload.exe</Data>
<Data Name="User">DESKTOP-M3AKJSD\User</Data>
<Data Name="Protocol">tcp</Data>
<Data Name="Initiated">True</Data>
<Data Name="SourceIsIpv6">True</Data>
<Data Name="SourceIp">2401:4900:1c07:6be3:a520:cdc8:f7ce:11fa</Data>
<Data Name="SourceHostname">DESKTOP-M3AKJSD</Data>
<Data Name="SourcePort">49890</Data>
<Data Name="SourcePortName">-</Data>
<Data Name="DestinationIsIpv6">True</Data>
<Data Name="DestinationIp">2600:140f:2400:19a:0:0:0:2c1a</Data>
<Data Name="DestinationHostname">-</Data>
<Data Name="DestinationPort">443</Data>
<Data Name="DestinationPortName">https</Data>
</EventData>
</Event>

<Event xmlns="http://schemas.microsoft.com/win/2004/08/events/event"><System><Provider Name="Microsoft-Windows-Sysmon" Guid="{5770385f-c22a-43e0-bf4c-06f5698ffbd9}"></Provider>
<EventID Qualifiers="">3</EventID>
<Version>5</Version>
<Level>4</Level>
<Task>3</Task>
<Opcode>0</Opcode>
<Keywords>0x8000000000000000</Keywords>
<TimeCreated SystemTime="2025-04-10 06:19:23.655117"></TimeCreated>
<EventRecordID>7672</EventRecordID>
<Correlation ActivityID="" RelatedActivityID=""></Correlation>
<Execution ProcessID="4420" ThreadID="5716"></Execution>
<Channel>Microsoft-Windows-Sysmon/Operational</Channel>
<Computer>DESKTOP-M3AKJSD</Computer>
<Security UserID="S-1-5-18"></Security>
</System>
<EventData><Data Name="RuleName">Usermode</Data>
<Data Name="UtcTime">2025-04-10 06:19:21.779</Data>
<Data Name="ProcessGuid">{53c665d1-62e7-67f7-7702-000000001700}</Data>
<Data Name="ProcessId">9984</Data>
<Data Name="Image">C:\Users\User\AppData\Local\Temp\pveqxquy.cim\resources\app\ServiceHub\Services\Microsoft.VisualStudio.Setup.Service\BackgroundDownload.exe</Data>
<Data Name="User">DESKTOP-M3AKJSD\User</Data>
<Data Name="Protocol">tcp</Data>
<Data Name="Initiated">True</Data>
<Data Name="SourceIsIpv6">False</Data>
<Data Name="SourceIp">192.168.1.10</Data>
<Data Name="SourceHostname">DESKTOP-M3AKJSD</Data>
<Data Name="SourcePort">49887</Data>
<Data Name="SourcePortName">-</Data>
<Data Name="DestinationIsIpv6">False</Data>
<Data Name="DestinationIp">2.20.234.11</Data>
<Data Name="DestinationHostname">-</Data>
<Data Name="DestinationPort">443</Data>
<Data Name="DestinationPortName">https</Data>
</EventData>
</Event>

<Event xmlns="http://schemas.microsoft.com/win/2004/08/events/event"><System><Provider Name="Microsoft-Windows-Sysmon" Guid="{5770385f-c22a-43e0-bf4c-06f5698ffbd9}"></Provider>
<EventID Qualifiers="">3</EventID>
<Version>5</Version>
<Level>4</Level>
<Task>3</Task>
<Opcode>0</Opcode>
<Keywords>0x8000000000000000</Keywords>
<TimeCreated SystemTime="2025-04-10 06:19:23.655130"></TimeCreated>
<EventRecordID>7673</EventRecordID>
<Correlation ActivityID="" RelatedActivityID=""></Correlation>
<Execution ProcessID="4420" ThreadID="5716"></Execution>
<Channel>Microsoft-Windows-Sysmon/Operational</Channel>
<Computer>DESKTOP-M3AKJSD</Computer>
<Security UserID="S-1-5-18"></Security>
</System>
<EventData><Data Name="RuleName">Usermode</Data>
<Data Name="UtcTime">2025-04-10 06:19:21.791</Data>
<Data Name="ProcessGuid">{53c665d1-62e7-67f7-7702-000000001700}</Data>
<Data Name="ProcessId">9984</Data>
<Data Name="Image">C:\Users\User\AppData\Local\Temp\pveqxquy.cim\resources\app\ServiceHub\Services\Microsoft.VisualStudio.Setup.Service\BackgroundDownload.exe</Data>
<Data Name="User">DESKTOP-M3AKJSD\User</Data>
<Data Name="Protocol">tcp</Data>
<Data Name="Initiated">True</Data>
<Data Name="SourceIsIpv6">False</Data>
<Data Name="SourceIp">192.168.1.10</Data>
<Data Name="SourceHostname">DESKTOP-M3AKJSD</Data>
<Data Name="SourcePort">49892</Data>
<Data Name="SourcePortName">-</Data>
<Data Name="DestinationIsIpv6">False</Data>
<Data Name="DestinationIp">13.107.5.93</Data>
<Data Name="DestinationHostname">-</Data>
<Data Name="DestinationPort">443</Data>
<Data Name="DestinationPortName">https</Data>
</EventData>
</Event>

<Event xmlns="http://schemas.microsoft.com/win/2004/08/events/event"><System><Provider Name="Microsoft-Windows-Sysmon" Guid="{5770385f-c22a-43e0-bf4c-06f5698ffbd9}"></Provider>
<EventID Qualifiers="">3</EventID>
<Version>5</Version>
<Level>4</Level>
<Task>3</Task>
<Opcode>0</Opcode>
<Keywords>0x8000000000000000</Keywords>
<TimeCreated SystemTime="2025-04-10 06:19:23.655142"></TimeCreated>
<EventRecordID>7674</EventRecordID>
<Correlation ActivityID="" RelatedActivityID=""></Correlation>
<Execution ProcessID="4420" ThreadID="5716"></Execution>
<Channel>Microsoft-Windows-Sysmon/Operational</Channel>
<Computer>DESKTOP-M3AKJSD</Computer>
<Security UserID="S-1-5-18"></Security>
</System>
<EventData><Data Name="RuleName">Usermode</Data>
<Data Name="UtcTime">2025-04-10 06:19:21.809</Data>
<Data Name="ProcessGuid">{53c665d1-62e7-67f7-7702-000000001700}</Data>
<Data Name="ProcessId">9984</Data>
<Data Name="Image">C:\Users\User\AppData\Local\Temp\pveqxquy.cim\resources\app\ServiceHub\Services\Microsoft.VisualStudio.Setup.Service\BackgroundDownload.exe</Data>
<Data Name="User">DESKTOP-M3AKJSD\User</Data>
<Data Name="Protocol">tcp</Data>
<Data Name="Initiated">True</Data>
<Data Name="SourceIsIpv6">False</Data>
<Data Name="SourceIp">192.168.1.10</Data>
<Data Name="SourceHostname">DESKTOP-M3AKJSD</Data>
<Data Name="SourcePort">49888</Data>
<Data Name="SourcePortName">-</Data>
<Data Name="DestinationIsIpv6">False</Data>
<Data Name="DestinationIp">2.20.234.11</Data>
<Data Name="DestinationHostname">-</Data>
<Data Name="DestinationPort">443</Data>
<Data Name="DestinationPortName">https</Data>
</EventData>
</Event>

<Event xmlns="http://schemas.microsoft.com/win/2004/08/events/event"><System><Provider Name="Microsoft-Windows-Sysmon" Guid="{5770385f-c22a-43e0-bf4c-06f5698ffbd9}"></Provider>
<EventID Qualifiers="">3</EventID>
<Version>5</Version>
<Level>4</Level>
<Task>3</Task>
<Opcode>0</Opcode>
<Keywords>0x8000000000000000</Keywords>
<TimeCreated SystemTime="2025-04-10 06:19:23.655151"></TimeCreated>
<EventRecordID>7675</EventRecordID>
<Correlation ActivityID="" RelatedActivityID=""></Correlation>
<Execution ProcessID="4420" ThreadID="5716"></Execution>
<Channel>Microsoft-Windows-Sysmon/Operational</Channel>
<Computer>DESKTOP-M3AKJSD</Computer>
<Security UserID="S-1-5-18"></Security>
</System>
<EventData><Data Name="RuleName">Usermode</Data>
<Data Name="UtcTime">2025-04-10 06:19:21.820</Data>
<Data Name="ProcessGuid">{53c665d1-62e7-67f7-7702-000000001700}</Data>
<Data Name="ProcessId">9984</Data>
<Data Name="Image">C:\Users\User\AppData\Local\Temp\pveqxquy.cim\resources\app\ServiceHub\Services\Microsoft.VisualStudio.Setup.Service\BackgroundDownload.exe</Data>
<Data Name="User">DESKTOP-M3AKJSD\User</Data>
<Data Name="Protocol">tcp</Data>
<Data Name="Initiated">True</Data>
<Data Name="SourceIsIpv6">False</Data>
<Data Name="SourceIp">192.168.1.10</Data>
<Data Name="SourceHostname">DESKTOP-M3AKJSD</Data>
<Data Name="SourcePort">49889</Data>
<Data Name="SourcePortName">-</Data>
<Data Name="DestinationIsIpv6">False</Data>
<Data Name="DestinationIp">2.20.234.11</Data>
<Data Name="DestinationHostname">-</Data>
<Data Name="DestinationPort">443</Data>
<Data Name="DestinationPortName">https</Data>
</EventData>
</Event>

<Event xmlns="http://schemas.microsoft.com/win/2004/08/events/event"><System><Provider Name="Microsoft-Windows-Sysmon" Guid="{5770385f-c22a-43e0-bf4c-06f5698ffbd9}"></Provider>
<EventID Qualifiers="">3</EventID>
<Version>5</Version>
<Level>4</Level>
<Task>3</Task>
<Opcode>0</Opcode>
<Keywords>0x8000000000000000</Keywords>
<TimeCreated SystemTime="2025-04-10 06:19:23.655163"></TimeCreated>
<EventRecordID>7676</EventRecordID>
<Correlation ActivityID="" RelatedActivityID=""></Correlation>
<Execution ProcessID="4420" ThreadID="5716"></Execution>
<Channel>Microsoft-Windows-Sysmon/Operational</Channel>
<Computer>DESKTOP-M3AKJSD</Computer>
<Security UserID="S-1-5-18"></Security>
</System>
<EventData><Data Name="RuleName">Usermode</Data>
<Data Name="UtcTime">2025-04-10 06:19:21.879</Data>
<Data Name="ProcessGuid">{53c665d1-62e7-67f7-7702-000000001700}</Data>
<Data Name="ProcessId">9984</Data>
<Data Name="Image">C:\Users\User\AppData\Local\Temp\pveqxquy.cim\resources\app\ServiceHub\Services\Microsoft.VisualStudio.Setup.Service\BackgroundDownload.exe</Data>
<Data Name="User">DESKTOP-M3AKJSD\User</Data>
<Data Name="Protocol">tcp</Data>
<Data Name="Initiated">True</Data>
<Data Name="SourceIsIpv6">False</Data>
<Data Name="SourceIp">192.168.1.10</Data>
<Data Name="SourceHostname">DESKTOP-M3AKJSD</Data>
<Data Name="SourcePort">49891</Data>
<Data Name="SourcePortName">-</Data>
<Data Name="DestinationIsIpv6">False</Data>
<Data Name="DestinationIp">2.20.234.11</Data>
<Data Name="DestinationHostname">-</Data>
<Data Name="DestinationPort">443</Data>
<Data Name="DestinationPortName">https</Data>
</EventData>
</Event>

