<Event xmlns="http://schemas.microsoft.com/win/2004/08/events/event"><System><Provider Name="Microsoft-Windows-Sysmon" Guid="{5770385f-c22a-43e0-bf4c-06f5698ffbd9}"></Provider>
<EventID Qualifiers="">1</EventID>
<Version>5</Version>
<Level>4</Level>
<Task>1</Task>
<Opcode>0</Opcode>
<Keywords>0x8000000000000000</Keywords>
<TimeCreated SystemTime="2025-04-10 06:18:58.565327"></TimeCreated>
<EventRecordID>7256</EventRecordID>
<Correlation ActivityID="" RelatedActivityID=""></Correlation>
<Execution ProcessID="4420" ThreadID="5708"></Execution>
<Channel>Microsoft-Windows-Sysmon/Operational</Channel>
<Computer>DESKTOP-M3AKJSD</Computer>
<Security UserID="S-1-5-18"></Security>
</System>
<EventData><Data Name="RuleName">-</Data>
<Data Name="UtcTime">2025-04-10 06:18:58.557</Data>
<Data Name="ProcessGuid">{53c665d1-62d2-67f7-5d02-000000001700}</Data>
<Data Name="ProcessId">6692</Data>
<Data Name="Image">C:\Windows\System32\taskhostw.exe</Data>
<Data Name="FileVersion">10.0.26100.3624 (WinBuild.160101.0800)</Data>
<Data Name="Description">Host Process for Windows Tasks</Data>
<Data Name="Product">Microsoft&#174; Windows&#174; Operating System</Data>
<Data Name="Company">Microsoft Corporation</Data>
<Data Name="OriginalFileName">taskhostw.exe</Data>
<Data Name="CommandLine">taskhostw.exe {222A245B-E637-4AE9-A93F-A59CA119A75E}</Data>
<Data Name="CurrentDirectory">C:\WINDOWS\system32\</Data>
<Data Name="User">NT AUTHORITY\SYSTEM</Data>
<Data Name="LogonGuid">{53c665d1-5e7a-67f7-e703-000000000000}</Data>
<Data Name="LogonId">0x00000000000003e7</Data>
<Data Name="TerminalSessionId">0</Data>
<Data Name="IntegrityLevel">System</Data>
<Data Name="Hashes">MD5=DE35D9FE13EA48A238AAC8C3355078C5,SHA256=C772A80788FF09DCA0AF997FE8449D81555B02399E4AB357213ECFAC5501783F,IMPHASH=2196268E7A2880E3ADC74481297D0C4B</Data>
<Data Name="ParentProcessGuid">{53c665d1-5e7b-67f7-2000-000000001700}</Data>
<Data Name="ParentProcessId">1744</Data>
<Data Name="ParentImage">C:\Windows\System32\svchost.exe</Data>
<Data Name="ParentCommandLine">C:\WINDOWS\system32\svchost.exe -k netsvcs -p -s Schedule</Data>
<Data Name="ParentUser">NT AUTHORITY\SYSTEM</Data>
</EventData>
</Event>

<Event xmlns="http://schemas.microsoft.com/win/2004/08/events/event"><System><Provider Name="Microsoft-Windows-Sysmon" Guid="{5770385f-c22a-43e0-bf4c-06f5698ffbd9}"></Provider>
<EventID Qualifiers="">1</EventID>
<Version>5</Version>
<Level>4</Level>
<Task>1</Task>
<Opcode>0</Opcode>
<Keywords>0x8000000000000000</Keywords>
<TimeCreated SystemTime="2025-04-10 06:18:58.566168"></TimeCreated>
<EventRecordID>7257</EventRecordID>
<Correlation ActivityID="" RelatedActivityID=""></Correlation>
<Execution ProcessID="4420" ThreadID="5708"></Execution>
<Channel>Microsoft-Windows-Sysmon/Operational</Channel>
<Computer>DESKTOP-M3AKJSD</Computer>
<Security UserID="S-1-5-18"></Security>
</System>
<EventData><Data Name="RuleName">-</Data>
<Data Name="UtcTime">2025-04-10 06:18:58.559</Data>
<Data Name="ProcessGuid">{53c665d1-62d2-67f7-5e02-000000001700}</Data>
<Data Name="ProcessId">2148</Data>
<Data Name="Image">C:\Program Files (x86)\Microsoft Visual Studio\Installer\resources\app\ServiceHub\Services\Microsoft.VisualStudio.Setup.Service\BackgroundDownload.exe</Data>
<Data Name="FileVersion">3.12.2320.19252</Data>
<Data Name="Description">Visual Studio Background Download</Data>
<Data Name="Product">Visual Studio</Data>
<Data Name="Company">Microsoft</Data>
<Data Name="OriginalFileName">BackgroundDownload.exe</Data>
<Data Name="CommandLine">"C:\Program Files (x86)\Microsoft Visual Studio\Installer\resources\app\ServiceHub\Services\Microsoft.VisualStudio.Setup.Service\BackgroundDownload.exe"</Data>
<Data Name="CurrentDirectory">C:\WINDOWS\system32\</Data>
<Data Name="User">DESKTOP-M3AKJSD\User</Data>
<Data Name="LogonGuid">{53c665d1-5fe9-67f7-1257-120000000000}</Data>
<Data Name="LogonId">0x0000000000125712</Data>
<Data Name="TerminalSessionId">1</Data>
<Data Name="IntegrityLevel">Medium</Data>
<Data Name="Hashes">MD5=28CED1B12FEB03FE46CBF633CACBF90A,SHA256=ED4C43E690113330FD3BF69F4CC9DEC1F6E3A895891C335957CD8747F317F3F9,IMPHASH=F34D5F2D4577ED6D9CEEC516C1F5A744</Data>
<Data Name="ParentProcessGuid">{53c665d1-5e7b-67f7-2000-000000001700}</Data>
<Data Name="ParentProcessId">1744</Data>
<Data Name="ParentImage">C:\Windows\System32\svchost.exe</Data>
<Data Name="ParentCommandLine">C:\WINDOWS\system32\svchost.exe -k netsvcs -p -s Schedule</Data>
<Data Name="ParentUser">NT AUTHORITY\SYSTEM</Data>
</EventData>
</Event>

<Event xmlns="http://schemas.microsoft.com/win/2004/08/events/event"><System><Provider Name="Microsoft-Windows-Sysmon" Guid="{5770385f-c22a-43e0-bf4c-06f5698ffbd9}"></Provider>
<EventID Qualifiers="">1</EventID>
<Version>5</Version>
<Level>4</Level>
<Task>1</Task>
<Opcode>0</Opcode>
<Keywords>0x8000000000000000</Keywords>
<TimeCreated SystemTime="2025-04-10 06:18:58.878199"></TimeCreated>
<EventRecordID>7258</EventRecordID>
<Correlation ActivityID="" RelatedActivityID=""></Correlation>
<Execution ProcessID="4420" ThreadID="5708"></Execution>
<Channel>Microsoft-Windows-Sysmon/Operational</Channel>
<Computer>DESKTOP-M3AKJSD</Computer>
<Security UserID="S-1-5-18"></Security>
</System>
<EventData><Data Name="RuleName">-</Data>
<Data Name="UtcTime">2025-04-10 06:18:58.871</Data>
<Data Name="ProcessGuid">{53c665d1-62d2-67f7-6002-000000001700}</Data>
<Data Name="ProcessId">4812</Data>
<Data Name="Image">C:\Windows\Microsoft.NET\Framework64\v4.0.30319\ngentask.exe</Data>
<Data Name="FileVersion">4.8.9032.0 built by: NET481REL1</Data>
<Data Name="Description">Microsoft .NET Framework optimization service</Data>
<Data Name="Product">Microsoft&#174; .NET Framework</Data>
<Data Name="Company">Microsoft Corporation</Data>
<Data Name="OriginalFileName">NGenTask.exe</Data>
<Data Name="CommandLine">"C:\Windows\Microsoft.NET\Framework64\v4.0.30319\NGenTask.exe" /RuntimeWide /Critical /StopEvent:540</Data>
<Data Name="CurrentDirectory">C:\WINDOWS\system32\</Data>
<Data Name="User">NT AUTHORITY\SYSTEM</Data>
<Data Name="LogonGuid">{53c665d1-5e7a-67f7-e703-000000000000}</Data>
<Data Name="LogonId">0x00000000000003e7</Data>
<Data Name="TerminalSessionId">0</Data>
<Data Name="IntegrityLevel">System</Data>
<Data Name="Hashes">MD5=1CA52739F7F494012F1AACC925328C7F,SHA256=9FD133B11ABCBBED33CCEA71BD4743E8F35E42CD637FB763F5AB2A8FBB9B6261,IMPHASH=00000000000000000000000000000000</Data>
<Data Name="ParentProcessGuid">{53c665d1-62d2-67f7-5d02-000000001700}</Data>
<Data Name="ParentProcessId">6692</Data>
<Data Name="ParentImage">C:\Windows\System32\taskhostw.exe</Data>
<Data Name="ParentCommandLine">taskhostw.exe {222A245B-E637-4AE9-A93F-A59CA119A75E}</Data>
<Data Name="ParentUser">NT AUTHORITY\SYSTEM</Data>
</EventData>
</Event>

<Event xmlns="http://schemas.microsoft.com/win/2004/08/events/event"><System><Provider Name="Microsoft-Windows-Sysmon" Guid="{5770385f-c22a-43e0-bf4c-06f5698ffbd9}"></Provider>
<EventID Qualifiers="">1</EventID>
<Version>5</Version>
<Level>4</Level>
<Task>1</Task>
<Opcode>0</Opcode>
<Keywords>0x8000000000000000</Keywords>
<TimeCreated SystemTime="2025-04-10 06:18:58.894159"></TimeCreated>
<EventRecordID>7259</EventRecordID>
<Correlation ActivityID="" RelatedActivityID=""></Correlation>
<Execution ProcessID="4420" ThreadID="5708"></Execution>
<Channel>Microsoft-Windows-Sysmon/Operational</Channel>
<Computer>DESKTOP-M3AKJSD</Computer>
<Security UserID="S-1-5-18"></Security>
</System>
<EventData><Data Name="RuleName">-</Data>
<Data Name="UtcTime">2025-04-10 06:18:58.887</Data>
<Data Name="ProcessGuid">{53c665d1-62d2-67f7-6102-000000001700}</Data>
<Data Name="ProcessId">8308</Data>
<Data Name="Image">C:\Windows\Microsoft.NET\Framework\v4.0.30319\ngentask.exe</Data>
<Data Name="FileVersion">4.8.9032.0 built by: NET481REL1</Data>
<Data Name="Description">Microsoft .NET Framework optimization service</Data>
<Data Name="Product">Microsoft&#174; .NET Framework</Data>
<Data Name="Company">Microsoft Corporation</Data>
<Data Name="OriginalFileName">NGenTask.exe</Data>
<Data Name="CommandLine">"C:\Windows\Microsoft.NET\Framework\v4.0.30319\NGenTask.exe" /RuntimeWide /Critical /StopEvent:548</Data>
<Data Name="CurrentDirectory">C:\WINDOWS\system32\</Data>
<Data Name="User">NT AUTHORITY\SYSTEM</Data>
<Data Name="LogonGuid">{53c665d1-5e7a-67f7-e703-000000000000}</Data>
<Data Name="LogonId">0x00000000000003e7</Data>
<Data Name="TerminalSessionId">0</Data>
<Data Name="IntegrityLevel">System</Data>
<Data Name="Hashes">MD5=22EA2B65E14D50E28BDD50010B06AACF,SHA256=EFE1C3D4543EAA67A436B933EFFA65FE3FBA358ADE1EF01B3F92F4971E92A1AD,IMPHASH=F34D5F2D4577ED6D9CEEC516C1F5A744</Data>
<Data Name="ParentProcessGuid">{53c665d1-62d2-67f7-5d02-000000001700}</Data>
<Data Name="ParentProcessId">6692</Data>
<Data Name="ParentImage">C:\Windows\System32\taskhostw.exe</Data>
<Data Name="ParentCommandLine">taskhostw.exe {222A245B-E637-4AE9-A93F-A59CA119A75E}</Data>
<Data Name="ParentUser">NT AUTHORITY\SYSTEM</Data>
</EventData>
</Event>

<Event xmlns="http://schemas.microsoft.com/win/2004/08/events/event"><System><Provider Name="Microsoft-Windows-Sysmon" Guid="{5770385f-c22a-43e0-bf4c-06f5698ffbd9}"></Provider>
<EventID Qualifiers="">22</EventID>
<Version>5</Version>
<Level>4</Level>
<Task>22</Task>
<Opcode>0</Opcode>
<Keywords>0x8000000000000000</Keywords>
<TimeCreated SystemTime="2025-04-10 06:19:02.465403"></TimeCreated>
<EventRecordID>7260</EventRecordID>
<Correlation ActivityID="" RelatedActivityID=""></Correlation>
<Execution ProcessID="4420" ThreadID="5732"></Execution>
<Channel>Microsoft-Windows-Sysmon/Operational</Channel>
<Computer>DESKTOP-M3AKJSD</Computer>
<Security UserID="S-1-5-18"></Security>
</System>
<EventData><Data Name="RuleName">-</Data>
<Data Name="UtcTime">2025-04-10 06:19:01.483</Data>
<Data Name="ProcessGuid">{53c665d1-62d2-67f7-5e02-000000001700}</Data>
<Data Name="ProcessId">2148</Data>
<Data Name="QueryName">aka.ms</Data>
<Data Name="QueryStatus">0</Data>
<Data Name="QueryResults">::ffff:23.47.169.168;</Data>
<Data Name="Image">C:\Program Files (x86)\Microsoft Visual Studio\Installer\resources\app\ServiceHub\Services\Microsoft.VisualStudio.Setup.Service\BackgroundDownload.exe</Data>
<Data Name="User">DESKTOP-M3AKJSD\User</Data>
</EventData>
</Event>

<Event xmlns="http://schemas.microsoft.com/win/2004/08/events/event"><System><Provider Name="Microsoft-Windows-Sysmon" Guid="{5770385f-c22a-43e0-bf4c-06f5698ffbd9}"></Provider>
<EventID Qualifiers="">22</EventID>
<Version>5</Version>
<Level>4</Level>
<Task>22</Task>
<Opcode>0</Opcode>
<Keywords>0x8000000000000000</Keywords>
<TimeCreated SystemTime="2025-04-10 06:19:02.465467"></TimeCreated>
<EventRecordID>7261</EventRecordID>
<Correlation ActivityID="" RelatedActivityID=""></Correlation>
<Execution ProcessID="4420" ThreadID="5732"></Execution>
<Channel>Microsoft-Windows-Sysmon/Operational</Channel>
<Computer>DESKTOP-M3AKJSD</Computer>
<Security UserID="S-1-5-18"></Security>
</System>
<EventData><Data Name="RuleName">-</Data>
<Data Name="UtcTime">2025-04-10 06:19:01.666</Data>
<Data Name="ProcessGuid">{53c665d1-62d2-67f7-5e02-000000001700}</Data>
<Data Name="ProcessId">2148</Data>
<Data Name="QueryName">default.exp-tas.com</Data>
<Data Name="QueryStatus">0</Data>
<Data Name="QueryResults">type: 5 deault-exp-tas-com.e-0014.e-msedge.net;type: 5 e-0014.e-msedge.net;::ffff:13.107.5.93;</Data>
<Data Name="Image">C:\Program Files (x86)\Microsoft Visual Studio\Installer\resources\app\ServiceHub\Services\Microsoft.VisualStudio.Setup.Service\BackgroundDownload.exe</Data>
<Data Name="User">DESKTOP-M3AKJSD\User</Data>
</EventData>
</Event>

<Event xmlns="http://schemas.microsoft.com/win/2004/08/events/event"><System><Provider Name="Microsoft-Windows-Sysmon" Guid="{5770385f-c22a-43e0-bf4c-06f5698ffbd9}"></Provider>
<EventID Qualifiers="">11</EventID>
<Version>2</Version>
<Level>4</Level>
<Task>11</Task>
<Opcode>0</Opcode>
<Keywords>0x8000000000000000</Keywords>
<TimeCreated SystemTime="2025-04-10 06:19:10.111021"></TimeCreated>
<EventRecordID>7262</EventRecordID>
<Correlation ActivityID="" RelatedActivityID=""></Correlation>
<Execution ProcessID="4420" ThreadID="5708"></Execution>
<Channel>Microsoft-Windows-Sysmon/Operational</Channel>
<Computer>DESKTOP-M3AKJSD</Computer>
<Security UserID="S-1-5-18"></Security>
</System>
<EventData><Data Name="RuleName">DLL</Data>
<Data Name="UtcTime">2025-04-10 06:19:10.108</Data>
<Data Name="ProcessGuid">{53c665d1-62d3-67f7-6702-000000001700}</Data>
<Data Name="ProcessId">9236</Data>
<Data Name="Image">C:\Windows\Microsoft.NET\Framework64\v4.0.30319\mscorsvw.exe</Data>
<Data Name="TargetFilename">C:\Windows\assembly\NativeImages_v4.0.30319_64\Temp\2414-0\System.Windows.Forms.dll</Data>
<Data Name="CreationUtcTime">2025-04-10 06:19:10.108</Data>
<Data Name="User">NT AUTHORITY\SYSTEM</Data>
</EventData>
</Event>

<Event xmlns="http://schemas.microsoft.com/win/2004/08/events/event"><System><Provider Name="Microsoft-Windows-Sysmon" Guid="{5770385f-c22a-43e0-bf4c-06f5698ffbd9}"></Provider>
<EventID Qualifiers="">11</EventID>
<Version>2</Version>
<Level>4</Level>
<Task>11</Task>
<Opcode>0</Opcode>
<Keywords>0x8000000000000000</Keywords>
<TimeCreated SystemTime="2025-04-10 06:19:12.217506"></TimeCreated>
<EventRecordID>7263</EventRecordID>
<Correlation ActivityID="" RelatedActivityID=""></Correlation>
<Execution ProcessID="4420" ThreadID="5708"></Execution>
<Channel>Microsoft-Windows-Sysmon/Operational</Channel>
<Computer>DESKTOP-M3AKJSD</Computer>
<Security UserID="S-1-5-18"></Security>
</System>
<EventData><Data Name="RuleName">DLL</Data>
<Data Name="UtcTime">2025-04-10 06:19:12.215</Data>
<Data Name="ProcessGuid">{53c665d1-62de-67f7-6902-000000001700}</Data>
<Data Name="ProcessId">5780</Data>
<Data Name="Image">C:\Windows\Microsoft.NET\Framework64\v4.0.30319\mscorsvw.exe</Data>
<Data Name="TargetFilename">C:\Windows\assembly\NativeImages_v4.0.30319_64\Temp\1694-0\System.Xaml.dll</Data>
<Data Name="CreationUtcTime">2025-04-10 06:19:12.215</Data>
<Data Name="User">NT AUTHORITY\SYSTEM</Data>
</EventData>
</Event>

<Event xmlns="http://schemas.microsoft.com/win/2004/08/events/event"><System><Provider Name="Microsoft-Windows-Sysmon" Guid="{5770385f-c22a-43e0-bf4c-06f5698ffbd9}"></Provider>
<EventID Qualifiers="">11</EventID>
<Version>2</Version>
<Level>4</Level>
<Task>11</Task>
<Opcode>0</Opcode>
<Keywords>0x8000000000000000</Keywords>
<TimeCreated SystemTime="2025-04-10 06:19:17.471655"></TimeCreated>
<EventRecordID>7264</EventRecordID>
<Correlation ActivityID="" RelatedActivityID=""></Correlation>
<Execution ProcessID="4420" ThreadID="5708"></Execution>
<Channel>Microsoft-Windows-Sysmon/Operational</Channel>
<Computer>DESKTOP-M3AKJSD</Computer>
<Security UserID="S-1-5-18"></Security>
</System>
<EventData><Data Name="RuleName">DLL</Data>
<Data Name="UtcTime">2025-04-10 06:19:17.470</Data>
<Data Name="ProcessGuid">{53c665d1-62d2-67f7-5e02-000000001700}</Data>
<Data Name="ProcessId">2148</Data>
<Data Name="Image">C:\Program Files (x86)\Microsoft Visual Studio\Installer\resources\app\ServiceHub\Services\Microsoft.VisualStudio.Setup.Service\BackgroundDownload.exe</Data>
<Data Name="TargetFilename">C:\Users\User\AppData\Local\Temp\pveqxquy.cim\cs\vs_layout.resources.dll</Data>
<Data Name="CreationUtcTime">2025-04-10 06:19:17.470</Data>
<Data Name="User">DESKTOP-M3AKJSD\User</Data>
</EventData>
</Event>

<Event xmlns="http://schemas.microsoft.com/win/2004/08/events/event"><System><Provider Name="Microsoft-Windows-Sysmon" Guid="{5770385f-c22a-43e0-bf4c-06f5698ffbd9}"></Provider>
<EventID Qualifiers="">11</EventID>
<Version>2</Version>
<Level>4</Level>
<Task>11</Task>
<Opcode>0</Opcode>
<Keywords>0x8000000000000000</Keywords>
<TimeCreated SystemTime="2025-04-10 06:19:17.473274"></TimeCreated>
<EventRecordID>7265</EventRecordID>
<Correlation ActivityID="" RelatedActivityID=""></Correlation>
<Execution ProcessID="4420" ThreadID="5708"></Execution>
<Channel>Microsoft-Windows-Sysmon/Operational</Channel>
<Computer>DESKTOP-M3AKJSD</Computer>
<Security UserID="S-1-5-18"></Security>
</System>
<EventData><Data Name="RuleName">DLL</Data>
<Data Name="UtcTime">2025-04-10 06:19:17.472</Data>
<Data Name="ProcessGuid">{53c665d1-62d2-67f7-5e02-000000001700}</Data>
<Data Name="ProcessId">2148</Data>
<Data Name="Image">C:\Program Files (x86)\Microsoft Visual Studio\Installer\resources\app\ServiceHub\Services\Microsoft.VisualStudio.Setup.Service\BackgroundDownload.exe</Data>
<Data Name="TargetFilename">C:\Users\User\AppData\Local\Temp\pveqxquy.cim\de\vs_layout.resources.dll</Data>
<Data Name="CreationUtcTime">2025-04-10 06:19:17.472</Data>
<Data Name="User">DESKTOP-M3AKJSD\User</Data>
</EventData>
</Event>

<Event xmlns="http://schemas.microsoft.com/win/2004/08/events/event"><System><Provider Name="Microsoft-Windows-Sysmon" Guid="{5770385f-c22a-43e0-bf4c-06f5698ffbd9}"></Provider>
<EventID Qualifiers="">11</EventID>
<Version>2</Version>
<Level>4</Level>
<Task>11</Task>
<Opcode>0</Opcode>
<Keywords>0x8000000000000000</Keywords>
<TimeCreated SystemTime="2025-04-10 06:19:17.475056"></TimeCreated>
<EventRecordID>7266</EventRecordID>
<Correlation ActivityID="" RelatedActivityID=""></Correlation>
<Execution ProcessID="4420" ThreadID="5708"></Execution>
<Channel>Microsoft-Windows-Sysmon/Operational</Channel>
<Computer>DESKTOP-M3AKJSD</Computer>
<Security UserID="S-1-5-18"></Security>
</System>
<EventData><Data Name="RuleName">DLL</Data>
<Data Name="UtcTime">2025-04-10 06:19:17.472</Data>
<Data Name="ProcessGuid">{53c665d1-62d2-67f7-5e02-000000001700}</Data>
<Data Name="ProcessId">2148</Data>
<Data Name="Image">C:\Program Files (x86)\Microsoft Visual Studio\Installer\resources\app\ServiceHub\Services\Microsoft.VisualStudio.Setup.Service\BackgroundDownload.exe</Data>
<Data Name="TargetFilename">C:\Users\User\AppData\Local\Temp\pveqxquy.cim\es\vs_layout.resources.dll</Data>
<Data Name="CreationUtcTime">2025-04-10 06:19:17.472</Data>
<Data Name="User">DESKTOP-M3AKJSD\User</Data>
</EventData>
</Event>

<Event xmlns="http://schemas.microsoft.com/win/2004/08/events/event"><System><Provider Name="Microsoft-Windows-Sysmon" Guid="{5770385f-c22a-43e0-bf4c-06f5698ffbd9}"></Provider>
<EventID Qualifiers="">11</EventID>
<Version>2</Version>
<Level>4</Level>
<Task>11</Task>
<Opcode>0</Opcode>
<Keywords>0x8000000000000000</Keywords>
<TimeCreated SystemTime="2025-04-10 06:19:17.476089"></TimeCreated>
<EventRecordID>7267</EventRecordID>
<Correlation ActivityID="" RelatedActivityID=""></Correlation>
<Execution ProcessID="4420" ThreadID="5708"></Execution>
<Channel>Microsoft-Windows-Sysmon/Operational</Channel>
<Computer>DESKTOP-M3AKJSD</Computer>
<Security UserID="S-1-5-18"></Security>
</System>
<EventData><Data Name="RuleName">EXE</Data>
<Data Name="UtcTime">2025-04-10 06:19:17.475</Data>
<Data Name="ProcessGuid">{53c665d1-62d2-67f7-5e02-000000001700}</Data>
<Data Name="ProcessId">2148</Data>
<Data Name="Image">C:\Program Files (x86)\Microsoft Visual Studio\Installer\resources\app\ServiceHub\Services\Microsoft.VisualStudio.Setup.Service\BackgroundDownload.exe</Data>
<Data Name="TargetFilename">C:\Users\User\AppData\Local\Temp\pveqxquy.cim\feedback.exe</Data>
<Data Name="CreationUtcTime">2025-04-10 06:19:17.475</Data>
<Data Name="User">DESKTOP-M3AKJSD\User</Data>
</EventData>
</Event>

<Event xmlns="http://schemas.microsoft.com/win/2004/08/events/event"><System><Provider Name="Microsoft-Windows-Sysmon" Guid="{5770385f-c22a-43e0-bf4c-06f5698ffbd9}"></Provider>
<EventID Qualifiers="">11</EventID>
<Version>2</Version>
<Level>4</Level>
<Task>11</Task>
<Opcode>0</Opcode>
<Keywords>0x8000000000000000</Keywords>
<TimeCreated SystemTime="2025-04-10 06:19:17.482904"></TimeCreated>
<EventRecordID>7268</EventRecordID>
<Correlation ActivityID="" RelatedActivityID=""></Correlation>
<Execution ProcessID="4420" ThreadID="5708"></Execution>
<Channel>Microsoft-Windows-Sysmon/Operational</Channel>
<Computer>DESKTOP-M3AKJSD</Computer>
<Security UserID="S-1-5-18"></Security>
</System>
<EventData><Data Name="RuleName">DLL</Data>
<Data Name="UtcTime">2025-04-10 06:19:17.482</Data>
<Data Name="ProcessGuid">{53c665d1-62d2-67f7-5e02-000000001700}</Data>
<Data Name="ProcessId">2148</Data>
<Data Name="Image">C:\Program Files (x86)\Microsoft Visual Studio\Installer\resources\app\ServiceHub\Services\Microsoft.VisualStudio.Setup.Service\BackgroundDownload.exe</Data>
<Data Name="TargetFilename">C:\Users\User\AppData\Local\Temp\pveqxquy.cim\Feedback\amd64\KernelTraceControl.dll</Data>
<Data Name="CreationUtcTime">2025-04-10 06:19:17.482</Data>
<Data Name="User">DESKTOP-M3AKJSD\User</Data>
</EventData>
</Event>

<Event xmlns="http://schemas.microsoft.com/win/2004/08/events/event"><System><Provider Name="Microsoft-Windows-Sysmon" Guid="{5770385f-c22a-43e0-bf4c-06f5698ffbd9}"></Provider>
<EventID Qualifiers="">11</EventID>
<Version>2</Version>
<Level>4</Level>
<Task>11</Task>
<Opcode>0</Opcode>
<Keywords>0x8000000000000000</Keywords>
<TimeCreated SystemTime="2025-04-10 06:19:17.486616"></TimeCreated>
<EventRecordID>7269</EventRecordID>
<Correlation ActivityID="" RelatedActivityID=""></Correlation>
<Execution ProcessID="4420" ThreadID="5708"></Execution>
<Channel>Microsoft-Windows-Sysmon/Operational</Channel>
<Computer>DESKTOP-M3AKJSD</Computer>
<Security UserID="S-1-5-18"></Security>
</System>
<EventData><Data Name="RuleName">DLL</Data>
<Data Name="UtcTime">2025-04-10 06:19:17.484</Data>
<Data Name="ProcessGuid">{53c665d1-62d2-67f7-5e02-000000001700}</Data>
<Data Name="ProcessId">2148</Data>
<Data Name="Image">C:\Program Files (x86)\Microsoft Visual Studio\Installer\resources\app\ServiceHub\Services\Microsoft.VisualStudio.Setup.Service\BackgroundDownload.exe</Data>
<Data Name="TargetFilename">C:\Users\User\AppData\Local\Temp\pveqxquy.cim\Feedback\amd64\msdia140.dll</Data>
<Data Name="CreationUtcTime">2025-04-10 06:19:17.484</Data>
<Data Name="User">DESKTOP-M3AKJSD\User</Data>
</EventData>
</Event>

<Event xmlns="http://schemas.microsoft.com/win/2004/08/events/event"><System><Provider Name="Microsoft-Windows-Sysmon" Guid="{5770385f-c22a-43e0-bf4c-06f5698ffbd9}"></Provider>
<EventID Qualifiers="">11</EventID>
<Version>2</Version>
<Level>4</Level>
<Task>11</Task>
<Opcode>0</Opcode>
<Keywords>0x8000000000000000</Keywords>
<TimeCreated SystemTime="2025-04-10 06:19:17.506144"></TimeCreated>
<EventRecordID>7270</EventRecordID>
<Correlation ActivityID="" RelatedActivityID=""></Correlation>
<Execution ProcessID="4420" ThreadID="5708"></Execution>
<Channel>Microsoft-Windows-Sysmon/Operational</Channel>
<Computer>DESKTOP-M3AKJSD</Computer>
<Security UserID="S-1-5-18"></Security>
</System>
<EventData><Data Name="RuleName">DLL</Data>
<Data Name="UtcTime">2025-04-10 06:19:17.503</Data>
<Data Name="ProcessGuid">{53c665d1-62d2-67f7-5e02-000000001700}</Data>
<Data Name="ProcessId">2148</Data>
<Data Name="Image">C:\Program Files (x86)\Microsoft Visual Studio\Installer\resources\app\ServiceHub\Services\Microsoft.VisualStudio.Setup.Service\BackgroundDownload.exe</Data>
<Data Name="TargetFilename">C:\Users\User\AppData\Local\Temp\pveqxquy.cim\Feedback\amd64\msvcp140.dll</Data>
<Data Name="CreationUtcTime">2025-04-10 06:19:17.503</Data>
<Data Name="User">DESKTOP-M3AKJSD\User</Data>
</EventData>
</Event>

<Event xmlns="http://schemas.microsoft.com/win/2004/08/events/event"><System><Provider Name="Microsoft-Windows-Sysmon" Guid="{5770385f-c22a-43e0-bf4c-06f5698ffbd9}"></Provider>
<EventID Qualifiers="">11</EventID>
<Version>2</Version>
<Level>4</Level>
<Task>11</Task>
<Opcode>0</Opcode>
<Keywords>0x8000000000000000</Keywords>
<TimeCreated SystemTime="2025-04-10 06:19:17.512508"></TimeCreated>
<EventRecordID>7271</EventRecordID>
<Correlation ActivityID="" RelatedActivityID=""></Correlation>
<Execution ProcessID="4420" ThreadID="5708"></Execution>
<Channel>Microsoft-Windows-Sysmon/Operational</Channel>
<Computer>DESKTOP-M3AKJSD</Computer>
<Security UserID="S-1-5-18"></Security>
</System>
<EventData><Data Name="RuleName">DLL</Data>
<Data Name="UtcTime">2025-04-10 06:19:17.511</Data>
<Data Name="ProcessGuid">{53c665d1-62d2-67f7-5e02-000000001700}</Data>
<Data Name="ProcessId">2148</Data>
<Data Name="Image">C:\Program Files (x86)\Microsoft Visual Studio\Installer\resources\app\ServiceHub\Services\Microsoft.VisualStudio.Setup.Service\BackgroundDownload.exe</Data>
<Data Name="TargetFilename">C:\Users\User\AppData\Local\Temp\pveqxquy.cim\Feedback\amd64\vcruntime140.dll</Data>
<Data Name="CreationUtcTime">2025-04-10 06:19:17.511</Data>
<Data Name="User">DESKTOP-M3AKJSD\User</Data>
</EventData>
</Event>

<Event xmlns="http://schemas.microsoft.com/win/2004/08/events/event"><System><Provider Name="Microsoft-Windows-Sysmon" Guid="{5770385f-c22a-43e0-bf4c-06f5698ffbd9}"></Provider>
<EventID Qualifiers="">11</EventID>
<Version>2</Version>
<Level>4</Level>
<Task>11</Task>
<Opcode>0</Opcode>
<Keywords>0x8000000000000000</Keywords>
<TimeCreated SystemTime="2025-04-10 06:19:17.515265"></TimeCreated>
<EventRecordID>7272</EventRecordID>
<Correlation ActivityID="" RelatedActivityID=""></Correlation>
<Execution ProcessID="4420" ThreadID="5708"></Execution>
<Channel>Microsoft-Windows-Sysmon/Operational</Channel>
<Computer>DESKTOP-M3AKJSD</Computer>
<Security UserID="S-1-5-18"></Security>
</System>
<EventData><Data Name="RuleName">DLL</Data>
<Data Name="UtcTime">2025-04-10 06:19:17.513</Data>
<Data Name="ProcessGuid">{53c665d1-62d2-67f7-5e02-000000001700}</Data>
<Data Name="ProcessId">2148</Data>
<Data Name="Image">C:\Program Files (x86)\Microsoft Visual Studio\Installer\resources\app\ServiceHub\Services\Microsoft.VisualStudio.Setup.Service\BackgroundDownload.exe</Data>
<Data Name="TargetFilename">C:\Users\User\AppData\Local\Temp\pveqxquy.cim\Feedback\amd64\vcruntime140_1.dll</Data>
<Data Name="CreationUtcTime">2025-04-10 06:19:17.513</Data>
<Data Name="User">DESKTOP-M3AKJSD\User</Data>
</EventData>
</Event>

<Event xmlns="http://schemas.microsoft.com/win/2004/08/events/event"><System><Provider Name="Microsoft-Windows-Sysmon" Guid="{5770385f-c22a-43e0-bf4c-06f5698ffbd9}"></Provider>
<EventID Qualifiers="">11</EventID>
<Version>2</Version>
<Level>4</Level>
<Task>11</Task>
<Opcode>0</Opcode>
<Keywords>0x8000000000000000</Keywords>
<TimeCreated SystemTime="2025-04-10 06:19:17.517160"></TimeCreated>
<EventRecordID>7273</EventRecordID>
<Correlation ActivityID="" RelatedActivityID=""></Correlation>
<Execution ProcessID="4420" ThreadID="5708"></Execution>
<Channel>Microsoft-Windows-Sysmon/Operational</Channel>
<Computer>DESKTOP-M3AKJSD</Computer>
<Security UserID="S-1-5-18"></Security>
</System>
<EventData><Data Name="RuleName">DLL</Data>
<Data Name="UtcTime">2025-04-10 06:19:17.516</Data>
<Data Name="ProcessGuid">{53c665d1-62d2-67f7-5e02-000000001700}</Data>
<Data Name="ProcessId">2148</Data>
<Data Name="Image">C:\Program Files (x86)\Microsoft Visual Studio\Installer\resources\app\ServiceHub\Services\Microsoft.VisualStudio.Setup.Service\BackgroundDownload.exe</Data>
<Data Name="TargetFilename">C:\Users\User\AppData\Local\Temp\pveqxquy.cim\Feedback\arm64\KernelTraceControl.dll</Data>
<Data Name="CreationUtcTime">2025-04-10 06:19:17.516</Data>
<Data Name="User">DESKTOP-M3AKJSD\User</Data>
</EventData>
</Event>

<Event xmlns="http://schemas.microsoft.com/win/2004/08/events/event"><System><Provider Name="Microsoft-Windows-Sysmon" Guid="{5770385f-c22a-43e0-bf4c-06f5698ffbd9}"></Provider>
<EventID Qualifiers="">11</EventID>
<Version>2</Version>
<Level>4</Level>
<Task>11</Task>
<Opcode>0</Opcode>
<Keywords>0x8000000000000000</Keywords>
<TimeCreated SystemTime="2025-04-10 06:19:17.520723"></TimeCreated>
<EventRecordID>7274</EventRecordID>
<Correlation ActivityID="" RelatedActivityID=""></Correlation>
<Execution ProcessID="4420" ThreadID="5708"></Execution>
<Channel>Microsoft-Windows-Sysmon/Operational</Channel>
<Computer>DESKTOP-M3AKJSD</Computer>
<Security UserID="S-1-5-18"></Security>
</System>
<EventData><Data Name="RuleName">DLL</Data>
<Data Name="UtcTime">2025-04-10 06:19:17.518</Data>
<Data Name="ProcessGuid">{53c665d1-62d2-67f7-5e02-000000001700}</Data>
<Data Name="ProcessId">2148</Data>
<Data Name="Image">C:\Program Files (x86)\Microsoft Visual Studio\Installer\resources\app\ServiceHub\Services\Microsoft.VisualStudio.Setup.Service\BackgroundDownload.exe</Data>
<Data Name="TargetFilename">C:\Users\User\AppData\Local\Temp\pveqxquy.cim\Feedback\arm64\msdia140.dll</Data>
<Data Name="CreationUtcTime">2025-04-10 06:19:17.518</Data>
<Data Name="User">DESKTOP-M3AKJSD\User</Data>
</EventData>
</Event>

<Event xmlns="http://schemas.microsoft.com/win/2004/08/events/event"><System><Provider Name="Microsoft-Windows-Sysmon" Guid="{5770385f-c22a-43e0-bf4c-06f5698ffbd9}"></Provider>
<EventID Qualifiers="">11</EventID>
<Version>2</Version>
<Level>4</Level>
<Task>11</Task>
<Opcode>0</Opcode>
<Keywords>0x8000000000000000</Keywords>
<TimeCreated SystemTime="2025-04-10 06:19:17.558294"></TimeCreated>
<EventRecordID>7275</EventRecordID>
<Correlation ActivityID="" RelatedActivityID=""></Correlation>
<Execution ProcessID="4420" ThreadID="5708"></Execution>
<Channel>Microsoft-Windows-Sysmon/Operational</Channel>
<Computer>DESKTOP-M3AKJSD</Computer>
<Security UserID="S-1-5-18"></Security>
</System>
<EventData><Data Name="RuleName">DLL</Data>
<Data Name="UtcTime">2025-04-10 06:19:17.556</Data>
<Data Name="ProcessGuid">{53c665d1-62d2-67f7-5e02-000000001700}</Data>
<Data Name="ProcessId">2148</Data>
<Data Name="Image">C:\Program Files (x86)\Microsoft Visual Studio\Installer\resources\app\ServiceHub\Services\Microsoft.VisualStudio.Setup.Service\BackgroundDownload.exe</Data>
<Data Name="TargetFilename">C:\Users\User\AppData\Local\Temp\pveqxquy.cim\Feedback\arm64\msvcp140.dll</Data>
<Data Name="CreationUtcTime">2025-04-10 06:19:17.556</Data>
<Data Name="User">DESKTOP-M3AKJSD\User</Data>
</EventData>
</Event>

<Event xmlns="http://schemas.microsoft.com/win/2004/08/events/event"><System><Provider Name="Microsoft-Windows-Sysmon" Guid="{5770385f-c22a-43e0-bf4c-06f5698ffbd9}"></Provider>
<EventID Qualifiers="">11</EventID>
<Version>2</Version>
<Level>4</Level>
<Task>11</Task>
<Opcode>0</Opcode>
<Keywords>0x8000000000000000</Keywords>
<TimeCreated SystemTime="2025-04-10 06:19:17.570461"></TimeCreated>
<EventRecordID>7276</EventRecordID>
<Correlation ActivityID="" RelatedActivityID=""></Correlation>
<Execution ProcessID="4420" ThreadID="5708"></Execution>
<Channel>Microsoft-Windows-Sysmon/Operational</Channel>
<Computer>DESKTOP-M3AKJSD</Computer>
<Security UserID="S-1-5-18"></Security>
</System>
<EventData><Data Name="RuleName">DLL</Data>
<Data Name="UtcTime">2025-04-10 06:19:17.569</Data>
<Data Name="ProcessGuid">{53c665d1-62d2-67f7-5e02-000000001700}</Data>
<Data Name="ProcessId">2148</Data>
<Data Name="Image">C:\Program Files (x86)\Microsoft Visual Studio\Installer\resources\app\ServiceHub\Services\Microsoft.VisualStudio.Setup.Service\BackgroundDownload.exe</Data>
<Data Name="TargetFilename">C:\Users\User\AppData\Local\Temp\pveqxquy.cim\Feedback\arm64\vcruntime140.dll</Data>
<Data Name="CreationUtcTime">2025-04-10 06:19:17.569</Data>
<Data Name="User">DESKTOP-M3AKJSD\User</Data>
</EventData>
</Event>

<Event xmlns="http://schemas.microsoft.com/win/2004/08/events/event"><System><Provider Name="Microsoft-Windows-Sysmon" Guid="{5770385f-c22a-43e0-bf4c-06f5698ffbd9}"></Provider>
<EventID Qualifiers="">11</EventID>
<Version>2</Version>
<Level>4</Level>
<Task>11</Task>
<Opcode>0</Opcode>
<Keywords>0x8000000000000000</Keywords>
<TimeCreated SystemTime="2025-04-10 06:19:17.574337"></TimeCreated>
<EventRecordID>7277</EventRecordID>
<Correlation ActivityID="" RelatedActivityID=""></Correlation>
<Execution ProcessID="4420" ThreadID="5708"></Execution>
<Channel>Microsoft-Windows-Sysmon/Operational</Channel>
<Computer>DESKTOP-M3AKJSD</Computer>
<Security UserID="S-1-5-18"></Security>
</System>
<EventData><Data Name="RuleName">DLL</Data>
<Data Name="UtcTime">2025-04-10 06:19:17.573</Data>
<Data Name="ProcessGuid">{53c665d1-62d2-67f7-5e02-000000001700}</Data>
<Data Name="ProcessId">2148</Data>
<Data Name="Image">C:\Program Files (x86)\Microsoft Visual Studio\Installer\resources\app\ServiceHub\Services\Microsoft.VisualStudio.Setup.Service\BackgroundDownload.exe</Data>
<Data Name="TargetFilename">C:\Users\User\AppData\Local\Temp\pveqxquy.cim\Feedback\arm64\vcruntime140_1.dll</Data>
<Data Name="CreationUtcTime">2025-04-10 06:19:17.573</Data>
<Data Name="User">DESKTOP-M3AKJSD\User</Data>
</EventData>
</Event>

<Event xmlns="http://schemas.microsoft.com/win/2004/08/events/event"><System><Provider Name="Microsoft-Windows-Sysmon" Guid="{5770385f-c22a-43e0-bf4c-06f5698ffbd9}"></Provider>
<EventID Qualifiers="">11</EventID>
<Version>2</Version>
<Level>4</Level>
<Task>11</Task>
<Opcode>0</Opcode>
<Keywords>0x8000000000000000</Keywords>
<TimeCreated SystemTime="2025-04-10 06:19:17.576622"></TimeCreated>
<EventRecordID>7278</EventRecordID>
<Correlation ActivityID="" RelatedActivityID=""></Correlation>
<Execution ProcessID="4420" ThreadID="5708"></Execution>
<Channel>Microsoft-Windows-Sysmon/Operational</Channel>
<Computer>DESKTOP-M3AKJSD</Computer>
<Security UserID="S-1-5-18"></Security>
</System>
<EventData><Data Name="RuleName">DLL</Data>
<Data Name="UtcTime">2025-04-10 06:19:17.575</Data>
<Data Name="ProcessGuid">{53c665d1-62d2-67f7-5e02-000000001700}</Data>
<Data Name="ProcessId">2148</Data>
<Data Name="Image">C:\Program Files (x86)\Microsoft Visual Studio\Installer\resources\app\ServiceHub\Services\Microsoft.VisualStudio.Setup.Service\BackgroundDownload.exe</Data>
<Data Name="TargetFilename">C:\Users\User\AppData\Local\Temp\pveqxquy.cim\Feedback\cs\feedback.resources.dll</Data>
<Data Name="CreationUtcTime">2025-04-10 06:19:17.575</Data>
<Data Name="User">DESKTOP-M3AKJSD\User</Data>
</EventData>
</Event>

<Event xmlns="http://schemas.microsoft.com/win/2004/08/events/event"><System><Provider Name="Microsoft-Windows-Sysmon" Guid="{5770385f-c22a-43e0-bf4c-06f5698ffbd9}"></Provider>
<EventID Qualifiers="">11</EventID>
<Version>2</Version>
<Level>4</Level>
<Task>11</Task>
<Opcode>0</Opcode>
<Keywords>0x8000000000000000</Keywords>
<TimeCreated SystemTime="2025-04-10 06:19:17.578394"></TimeCreated>
<EventRecordID>7279</EventRecordID>
<Correlation ActivityID="" RelatedActivityID=""></Correlation>
<Execution ProcessID="4420" ThreadID="5708"></Execution>
<Channel>Microsoft-Windows-Sysmon/Operational</Channel>
<Computer>DESKTOP-M3AKJSD</Computer>
<Security UserID="S-1-5-18"></Security>
</System>
<EventData><Data Name="RuleName">DLL</Data>
<Data Name="UtcTime">2025-04-10 06:19:17.577</Data>
<Data Name="ProcessGuid">{53c665d1-62d2-67f7-5e02-000000001700}</Data>
<Data Name="ProcessId">2148</Data>
<Data Name="Image">C:\Program Files (x86)\Microsoft Visual Studio\Installer\resources\app\ServiceHub\Services\Microsoft.VisualStudio.Setup.Service\BackgroundDownload.exe</Data>
<Data Name="TargetFilename">C:\Users\User\AppData\Local\Temp\pveqxquy.cim\Feedback\de\feedback.resources.dll</Data>
<Data Name="CreationUtcTime">2025-04-10 06:19:17.577</Data>
<Data Name="User">DESKTOP-M3AKJSD\User</Data>
</EventData>
</Event>

<Event xmlns="http://schemas.microsoft.com/win/2004/08/events/event"><System><Provider Name="Microsoft-Windows-Sysmon" Guid="{5770385f-c22a-43e0-bf4c-06f5698ffbd9}"></Provider>
<EventID Qualifiers="">11</EventID>
<Version>2</Version>
<Level>4</Level>
<Task>11</Task>
<Opcode>0</Opcode>
<Keywords>0x8000000000000000</Keywords>
<TimeCreated SystemTime="2025-04-10 06:19:17.579700"></TimeCreated>
<EventRecordID>7280</EventRecordID>
<Correlation ActivityID="" RelatedActivityID=""></Correlation>
<Execution ProcessID="4420" ThreadID="5708"></Execution>
<Channel>Microsoft-Windows-Sysmon/Operational</Channel>
<Computer>DESKTOP-M3AKJSD</Computer>
<Security UserID="S-1-5-18"></Security>
</System>
<EventData><Data Name="RuleName">DLL</Data>
<Data Name="UtcTime">2025-04-10 06:19:17.577</Data>
<Data Name="ProcessGuid">{53c665d1-62d2-67f7-5e02-000000001700}</Data>
<Data Name="ProcessId">2148</Data>
<Data Name="Image">C:\Program Files (x86)\Microsoft Visual Studio\Installer\resources\app\ServiceHub\Services\Microsoft.VisualStudio.Setup.Service\BackgroundDownload.exe</Data>
<Data Name="TargetFilename">C:\Users\User\AppData\Local\Temp\pveqxquy.cim\Feedback\Dia2Lib.dll</Data>
<Data Name="CreationUtcTime">2025-04-10 06:19:17.577</Data>
<Data Name="User">DESKTOP-M3AKJSD\User</Data>
</EventData>
</Event>

<Event xmlns="http://schemas.microsoft.com/win/2004/08/events/event"><System><Provider Name="Microsoft-Windows-Sysmon" Guid="{5770385f-c22a-43e0-bf4c-06f5698ffbd9}"></Provider>
<EventID Qualifiers="">11</EventID>
<Version>2</Version>
<Level>4</Level>
<Task>11</Task>
<Opcode>0</Opcode>
<Keywords>0x8000000000000000</Keywords>
<TimeCreated SystemTime="2025-04-10 06:19:17.581270"></TimeCreated>
<EventRecordID>7281</EventRecordID>
<Correlation ActivityID="" RelatedActivityID=""></Correlation>
<Execution ProcessID="4420" ThreadID="5708"></Execution>
<Channel>Microsoft-Windows-Sysmon/Operational</Channel>
<Computer>DESKTOP-M3AKJSD</Computer>
<Security UserID="S-1-5-18"></Security>
</System>
<EventData><Data Name="RuleName">EXE</Data>
<Data Name="UtcTime">2025-04-10 06:19:17.580</Data>
<Data Name="ProcessGuid">{53c665d1-62d2-67f7-5e02-000000001700}</Data>
<Data Name="ProcessId">2148</Data>
<Data Name="Image">C:\Program Files (x86)\Microsoft Visual Studio\Installer\resources\app\ServiceHub\Services\Microsoft.VisualStudio.Setup.Service\BackgroundDownload.exe</Data>
<Data Name="TargetFilename">C:\Users\User\AppData\Local\Temp\pveqxquy.cim\Feedback\dump64.exe</Data>
<Data Name="CreationUtcTime">2025-04-10 06:19:17.580</Data>
<Data Name="User">DESKTOP-M3AKJSD\User</Data>
</EventData>
</Event>

<Event xmlns="http://schemas.microsoft.com/win/2004/08/events/event"><System><Provider Name="Microsoft-Windows-Sysmon" Guid="{5770385f-c22a-43e0-bf4c-06f5698ffbd9}"></Provider>
<EventID Qualifiers="">11</EventID>
<Version>2</Version>
<Level>4</Level>
<Task>11</Task>
<Opcode>0</Opcode>
<Keywords>0x8000000000000000</Keywords>
<TimeCreated SystemTime="2025-04-10 06:19:17.607643"></TimeCreated>
<EventRecordID>7282</EventRecordID>
<Correlation ActivityID="" RelatedActivityID=""></Correlation>
<Execution ProcessID="4420" ThreadID="5708"></Execution>
<Channel>Microsoft-Windows-Sysmon/Operational</Channel>
<Computer>DESKTOP-M3AKJSD</Computer>
<Security UserID="S-1-5-18"></Security>
</System>
<EventData><Data Name="RuleName">EXE</Data>
<Data Name="UtcTime">2025-04-10 06:19:17.605</Data>
<Data Name="ProcessGuid">{53c665d1-62d2-67f7-5e02-000000001700}</Data>
<Data Name="ProcessId">2148</Data>
<Data Name="Image">C:\Program Files (x86)\Microsoft Visual Studio\Installer\resources\app\ServiceHub\Services\Microsoft.VisualStudio.Setup.Service\BackgroundDownload.exe</Data>
<Data Name="TargetFilename">C:\Users\User\AppData\Local\Temp\pveqxquy.cim\Feedback\dump64a.exe</Data>
<Data Name="CreationUtcTime">2025-04-10 06:19:17.605</Data>
<Data Name="User">DESKTOP-M3AKJSD\User</Data>
</EventData>
</Event>

<Event xmlns="http://schemas.microsoft.com/win/2004/08/events/event"><System><Provider Name="Microsoft-Windows-Sysmon" Guid="{5770385f-c22a-43e0-bf4c-06f5698ffbd9}"></Provider>
<EventID Qualifiers="">11</EventID>
<Version>2</Version>
<Level>4</Level>
<Task>11</Task>
<Opcode>0</Opcode>
<Keywords>0x8000000000000000</Keywords>
<TimeCreated SystemTime="2025-04-10 06:19:17.610525"></TimeCreated>
<EventRecordID>7283</EventRecordID>
<Correlation ActivityID="" RelatedActivityID=""></Correlation>
<Execution ProcessID="4420" ThreadID="5708"></Execution>
<Channel>Microsoft-Windows-Sysmon/Operational</Channel>
<Computer>DESKTOP-M3AKJSD</Computer>
<Security UserID="S-1-5-18"></Security>
</System>
<EventData><Data Name="RuleName">DLL</Data>
<Data Name="UtcTime">2025-04-10 06:19:17.610</Data>
<Data Name="ProcessGuid">{53c665d1-62d2-67f7-5e02-000000001700}</Data>
<Data Name="ProcessId">2148</Data>
<Data Name="Image">C:\Program Files (x86)\Microsoft Visual Studio\Installer\resources\app\ServiceHub\Services\Microsoft.VisualStudio.Setup.Service\BackgroundDownload.exe</Data>
<Data Name="TargetFilename">C:\Users\User\AppData\Local\Temp\pveqxquy.cim\Feedback\envdte.dll</Data>
<Data Name="CreationUtcTime">2025-04-10 06:19:17.607</Data>
<Data Name="User">DESKTOP-M3AKJSD\User</Data>
</EventData>
</Event>

<Event xmlns="http://schemas.microsoft.com/win/2004/08/events/event"><System><Provider Name="Microsoft-Windows-Sysmon" Guid="{5770385f-c22a-43e0-bf4c-06f5698ffbd9}"></Provider>
<EventID Qualifiers="">11</EventID>
<Version>2</Version>
<Level>4</Level>
<Task>11</Task>
<Opcode>0</Opcode>
<Keywords>0x8000000000000000</Keywords>
<TimeCreated SystemTime="2025-04-10 06:19:17.612312"></TimeCreated>
<EventRecordID>7284</EventRecordID>
<Correlation ActivityID="" RelatedActivityID=""></Correlation>
<Execution ProcessID="4420" ThreadID="5708"></Execution>
<Channel>Microsoft-Windows-Sysmon/Operational</Channel>
<Computer>DESKTOP-M3AKJSD</Computer>
<Security UserID="S-1-5-18"></Security>
</System>
<EventData><Data Name="RuleName">DLL</Data>
<Data Name="UtcTime">2025-04-10 06:19:17.610</Data>
<Data Name="ProcessGuid">{53c665d1-62d2-67f7-5e02-000000001700}</Data>
<Data Name="ProcessId">2148</Data>
<Data Name="Image">C:\Program Files (x86)\Microsoft Visual Studio\Installer\resources\app\ServiceHub\Services\Microsoft.VisualStudio.Setup.Service\BackgroundDownload.exe</Data>
<Data Name="TargetFilename">C:\Users\User\AppData\Local\Temp\pveqxquy.cim\Feedback\es\feedback.resources.dll</Data>
<Data Name="CreationUtcTime">2025-04-10 06:19:17.610</Data>
<Data Name="User">DESKTOP-M3AKJSD\User</Data>
</EventData>
</Event>

<Event xmlns="http://schemas.microsoft.com/win/2004/08/events/event"><System><Provider Name="Microsoft-Windows-Sysmon" Guid="{5770385f-c22a-43e0-bf4c-06f5698ffbd9}"></Provider>
<EventID Qualifiers="">11</EventID>
<Version>2</Version>
<Level>4</Level>
<Task>11</Task>
<Opcode>0</Opcode>
<Keywords>0x8000000000000000</Keywords>
<TimeCreated SystemTime="2025-04-10 06:19:17.614037"></TimeCreated>
<EventRecordID>7285</EventRecordID>
<Correlation ActivityID="" RelatedActivityID=""></Correlation>
<Execution ProcessID="4420" ThreadID="5708"></Execution>
<Channel>Microsoft-Windows-Sysmon/Operational</Channel>
<Computer>DESKTOP-M3AKJSD</Computer>
<Security UserID="S-1-5-18"></Security>
</System>
<EventData><Data Name="RuleName">DLL</Data>
<Data Name="UtcTime">2025-04-10 06:19:17.612</Data>
<Data Name="ProcessGuid">{53c665d1-62d2-67f7-5e02-000000001700}</Data>
<Data Name="ProcessId">2148</Data>
<Data Name="Image">C:\Program Files (x86)\Microsoft Visual Studio\Installer\resources\app\ServiceHub\Services\Microsoft.VisualStudio.Setup.Service\BackgroundDownload.exe</Data>
<Data Name="TargetFilename">C:\Users\User\AppData\Local\Temp\pveqxquy.cim\Feedback\fr\feedback.resources.dll</Data>
<Data Name="CreationUtcTime">2025-04-10 06:19:17.612</Data>
<Data Name="User">DESKTOP-M3AKJSD\User</Data>
</EventData>
</Event>

<Event xmlns="http://schemas.microsoft.com/win/2004/08/events/event"><System><Provider Name="Microsoft-Windows-Sysmon" Guid="{5770385f-c22a-43e0-bf4c-06f5698ffbd9}"></Provider>
<EventID Qualifiers="">11</EventID>
<Version>2</Version>
<Level>4</Level>
<Task>11</Task>
<Opcode>0</Opcode>
<Keywords>0x8000000000000000</Keywords>
<TimeCreated SystemTime="2025-04-10 06:19:17.615961"></TimeCreated>
<EventRecordID>7286</EventRecordID>
<Correlation ActivityID="" RelatedActivityID=""></Correlation>
<Execution ProcessID="4420" ThreadID="5708"></Execution>
<Channel>Microsoft-Windows-Sysmon/Operational</Channel>
<Computer>DESKTOP-M3AKJSD</Computer>
<Security UserID="S-1-5-18"></Security>
</System>
<EventData><Data Name="RuleName">DLL</Data>
<Data Name="UtcTime">2025-04-10 06:19:17.615</Data>
<Data Name="ProcessGuid">{53c665d1-62d2-67f7-5e02-000000001700}</Data>
<Data Name="ProcessId">2148</Data>
<Data Name="Image">C:\Program Files (x86)\Microsoft Visual Studio\Installer\resources\app\ServiceHub\Services\Microsoft.VisualStudio.Setup.Service\BackgroundDownload.exe</Data>
<Data Name="TargetFilename">C:\Users\User\AppData\Local\Temp\pveqxquy.cim\Feedback\it\feedback.resources.dll</Data>
<Data Name="CreationUtcTime">2025-04-10 06:19:17.615</Data>
<Data Name="User">DESKTOP-M3AKJSD\User</Data>
</EventData>
</Event>

<Event xmlns="http://schemas.microsoft.com/win/2004/08/events/event"><System><Provider Name="Microsoft-Windows-Sysmon" Guid="{5770385f-c22a-43e0-bf4c-06f5698ffbd9}"></Provider>
<EventID Qualifiers="">11</EventID>
<Version>2</Version>
<Level>4</Level>
<Task>11</Task>
<Opcode>0</Opcode>
<Keywords>0x8000000000000000</Keywords>
<TimeCreated SystemTime="2025-04-10 06:19:17.617796"></TimeCreated>
<EventRecordID>7287</EventRecordID>
<Correlation ActivityID="" RelatedActivityID=""></Correlation>
<Execution ProcessID="4420" ThreadID="5708"></Execution>
<Channel>Microsoft-Windows-Sysmon/Operational</Channel>
<Computer>DESKTOP-M3AKJSD</Computer>
<Security UserID="S-1-5-18"></Security>
</System>
<EventData><Data Name="RuleName">DLL</Data>
<Data Name="UtcTime">2025-04-10 06:19:17.617</Data>
<Data Name="ProcessGuid">{53c665d1-62d2-67f7-5e02-000000001700}</Data>
<Data Name="ProcessId">2148</Data>
<Data Name="Image">C:\Program Files (x86)\Microsoft Visual Studio\Installer\resources\app\ServiceHub\Services\Microsoft.VisualStudio.Setup.Service\BackgroundDownload.exe</Data>
<Data Name="TargetFilename">C:\Users\User\AppData\Local\Temp\pveqxquy.cim\Feedback\ja\feedback.resources.dll</Data>
<Data Name="CreationUtcTime">2025-04-10 06:19:17.615</Data>
<Data Name="User">DESKTOP-M3AKJSD\User</Data>
</EventData>
</Event>

<Event xmlns="http://schemas.microsoft.com/win/2004/08/events/event"><System><Provider Name="Microsoft-Windows-Sysmon" Guid="{5770385f-c22a-43e0-bf4c-06f5698ffbd9}"></Provider>
<EventID Qualifiers="">11</EventID>
<Version>2</Version>
<Level>4</Level>
<Task>11</Task>
<Opcode>0</Opcode>
<Keywords>0x8000000000000000</Keywords>
<TimeCreated SystemTime="2025-04-10 06:19:17.619507"></TimeCreated>
<EventRecordID>7288</EventRecordID>
<Correlation ActivityID="" RelatedActivityID=""></Correlation>
<Execution ProcessID="4420" ThreadID="5708"></Execution>
<Channel>Microsoft-Windows-Sysmon/Operational</Channel>
<Computer>DESKTOP-M3AKJSD</Computer>
<Security UserID="S-1-5-18"></Security>
</System>
<EventData><Data Name="RuleName">DLL</Data>
<Data Name="UtcTime">2025-04-10 06:19:17.617</Data>
<Data Name="ProcessGuid">{53c665d1-62d2-67f7-5e02-000000001700}</Data>
<Data Name="ProcessId">2148</Data>
<Data Name="Image">C:\Program Files (x86)\Microsoft Visual Studio\Installer\resources\app\ServiceHub\Services\Microsoft.VisualStudio.Setup.Service\BackgroundDownload.exe</Data>
<Data Name="TargetFilename">C:\Users\User\AppData\Local\Temp\pveqxquy.cim\Feedback\ko\feedback.resources.dll</Data>
<Data Name="CreationUtcTime">2025-04-10 06:19:17.617</Data>
<Data Name="User">DESKTOP-M3AKJSD\User</Data>
</EventData>
</Event>

<Event xmlns="http://schemas.microsoft.com/win/2004/08/events/event"><System><Provider Name="Microsoft-Windows-Sysmon" Guid="{5770385f-c22a-43e0-bf4c-06f5698ffbd9}"></Provider>
<EventID Qualifiers="">11</EventID>
<Version>2</Version>
<Level>4</Level>
<Task>11</Task>
<Opcode>0</Opcode>
<Keywords>0x8000000000000000</Keywords>
<TimeCreated SystemTime="2025-04-10 06:19:17.621120"></TimeCreated>
<EventRecordID>7289</EventRecordID>
<Correlation ActivityID="" RelatedActivityID=""></Correlation>
<Execution ProcessID="4420" ThreadID="5708"></Execution>
<Channel>Microsoft-Windows-Sysmon/Operational</Channel>
<Computer>DESKTOP-M3AKJSD</Computer>
<Security UserID="S-1-5-18"></Security>
</System>
<EventData><Data Name="RuleName">DLL</Data>
<Data Name="UtcTime">2025-04-10 06:19:17.620</Data>
<Data Name="ProcessGuid">{53c665d1-62d2-67f7-5e02-000000001700}</Data>
<Data Name="ProcessId">2148</Data>
<Data Name="Image">C:\Program Files (x86)\Microsoft Visual Studio\Installer\resources\app\ServiceHub\Services\Microsoft.VisualStudio.Setup.Service\BackgroundDownload.exe</Data>
<Data Name="TargetFilename">C:\Users\User\AppData\Local\Temp\pveqxquy.cim\Feedback\Microsoft.Diagnostics.FastSerialization.dll</Data>
<Data Name="CreationUtcTime">2025-04-10 06:19:17.620</Data>
<Data Name="User">DESKTOP-M3AKJSD\User</Data>
</EventData>
</Event>

<Event xmlns="http://schemas.microsoft.com/win/2004/08/events/event"><System><Provider Name="Microsoft-Windows-Sysmon" Guid="{5770385f-c22a-43e0-bf4c-06f5698ffbd9}"></Provider>
<EventID Qualifiers="">11</EventID>
<Version>2</Version>
<Level>4</Level>
<Task>11</Task>
<Opcode>0</Opcode>
<Keywords>0x8000000000000000</Keywords>
<TimeCreated SystemTime="2025-04-10 06:19:17.622972"></TimeCreated>
<EventRecordID>7290</EventRecordID>
<Correlation ActivityID="" RelatedActivityID=""></Correlation>
<Execution ProcessID="4420" ThreadID="5708"></Execution>
<Channel>Microsoft-Windows-Sysmon/Operational</Channel>
<Computer>DESKTOP-M3AKJSD</Computer>
<Security UserID="S-1-5-18"></Security>
</System>
<EventData><Data Name="RuleName">DLL</Data>
<Data Name="UtcTime">2025-04-10 06:19:17.621</Data>
<Data Name="ProcessGuid">{53c665d1-62d2-67f7-5e02-000000001700}</Data>
<Data Name="ProcessId">2148</Data>
<Data Name="Image">C:\Program Files (x86)\Microsoft Visual Studio\Installer\resources\app\ServiceHub\Services\Microsoft.VisualStudio.Setup.Service\BackgroundDownload.exe</Data>
<Data Name="TargetFilename">C:\Users\User\AppData\Local\Temp\pveqxquy.cim\Feedback\Microsoft.Diagnostics.Tracing.TraceEvent.dll</Data>
<Data Name="CreationUtcTime">2025-04-10 06:19:17.621</Data>
<Data Name="User">DESKTOP-M3AKJSD\User</Data>
</EventData>
</Event>

