<Event xmlns="http://schemas.microsoft.com/win/2004/08/events/event"><System><Provider Name="Microsoft-Windows-Sysmon" Guid="{5770385f-c22a-43e0-bf4c-06f5698ffbd9}"></Provider>
<EventID Qualifiers="">1</EventID>
<Version>5</Version>
<Level>4</Level>
<Task>1</Task>
<Opcode>0</Opcode>
<Keywords>0x8000000000000000</Keywords>
<TimeCreated SystemTime="2025-04-10 06:11:10.777576"></TimeCreated>
<EventRecordID>6967</EventRecordID>
<Correlation ActivityID="" RelatedActivityID=""></Correlation>
<Execution ProcessID="4420" ThreadID="5708"></Execution>
<Channel>Microsoft-Windows-Sysmon/Operational</Channel>
<Computer>DESKTOP-M3AKJSD</Computer>
<Security UserID="S-1-5-18"></Security>
</System>
<EventData><Data Name="RuleName">-</Data>
<Data Name="UtcTime">2025-04-10 06:11:10.776</Data>
<Data Name="ProcessGuid">{53c665d1-60fe-67f7-6a01-000000001700}</Data>
<Data Name="ProcessId">4984</Data>
<Data Name="Image">C:\Windows\System32\wevtutil.exe</Data>
<Data Name="FileVersion">10.0.26100.1150 (WinBuild.160101.0800)</Data>
<Data Name="Description">Windows Event Log Utility</Data>
<Data Name="Product">Microsoft&#174; Windows&#174; Operating System</Data>
<Data Name="Company">Microsoft Corporation</Data>
<Data Name="OriginalFileName">wevtutil.exe</Data>
<Data Name="CommandLine">C:\WINDOWS\system32\wevtutil.exe install-manifest "C:\ProgramData\Microsoft\Windows Defender\Platform\4.18.25030.2-0\Microsoft-Antimalware-AMFilter.man" "/resourceFilePath:C:\ProgramData\Microsoft\Windows Defender\Platform\4.18.25030.2-0\Drivers\WdFilter.sys" "/messageFilePath:C:\ProgramData\Microsoft\Windows Defender\Platform\4.18.25030.2-0\Drivers\WdFilter.sys" "/parameterFilePath:C:\ProgramData\Microsoft\Windows Defender\Platform\4.18.25030.2-0\Drivers\WdFilter.sys"</Data>
<Data Name="CurrentDirectory">C:\WINDOWS\system32\</Data>
<Data Name="User">NT AUTHORITY\SYSTEM</Data>
<Data Name="LogonGuid">{53c665d1-5e7a-67f7-e703-000000000000}</Data>
<Data Name="LogonId">0x00000000000003e7</Data>
<Data Name="TerminalSessionId">0</Data>
<Data Name="IntegrityLevel">System</Data>
<Data Name="Hashes">MD5=AF54D4FA49CD679D47064D30BD1B7641,SHA256=0EA582D5A4EB48096B40C2F7A102E465DAEA69C816C8FAEA481B68D8FD0929D5,IMPHASH=9D0B0164498DEE3DA72DF328E7AE8C0B</Data>
<Data Name="ParentProcessGuid">{53c665d1-60fe-67f7-6701-000000001700}</Data>
<Data Name="ParentProcessId">1556</Data>
<Data Name="ParentImage">C:\ProgramData\Microsoft\Windows Defender\Platform\4.18.25030.2-0\MsMpEng.exe</Data>
<Data Name="ParentCommandLine">"C:\ProgramData\Microsoft\Windows Defender\Platform\4.18.25030.2-0\MsMpEng.exe"</Data>
<Data Name="ParentUser">NT AUTHORITY\SYSTEM</Data>
</EventData>
</Event>

<Event xmlns="http://schemas.microsoft.com/win/2004/08/events/event"><System><Provider Name="Microsoft-Windows-Sysmon" Guid="{5770385f-c22a-43e0-bf4c-06f5698ffbd9}"></Provider>
<EventID Qualifiers="">1</EventID>
<Version>5</Version>
<Level>4</Level>
<Task>1</Task>
<Opcode>0</Opcode>
<Keywords>0x8000000000000000</Keywords>
<TimeCreated SystemTime="2025-04-10 06:11:10.852049"></TimeCreated>
<EventRecordID>6968</EventRecordID>
<Correlation ActivityID="" RelatedActivityID=""></Correlation>
<Execution ProcessID="4420" ThreadID="5708"></Execution>
<Channel>Microsoft-Windows-Sysmon/Operational</Channel>
<Computer>DESKTOP-M3AKJSD</Computer>
<Security UserID="S-1-5-18"></Security>
</System>
<EventData><Data Name="RuleName">-</Data>
<Data Name="UtcTime">2025-04-10 06:11:10.851</Data>
<Data Name="ProcessGuid">{53c665d1-60fe-67f7-6c01-000000001700}</Data>
<Data Name="ProcessId">7160</Data>
<Data Name="Image">C:\Windows\System32\wevtutil.exe</Data>
<Data Name="FileVersion">10.0.26100.1150 (WinBuild.160101.0800)</Data>
<Data Name="Description">Windows Event Log Utility</Data>
<Data Name="Product">Microsoft&#174; Windows&#174; Operating System</Data>
<Data Name="Company">Microsoft Corporation</Data>
<Data Name="OriginalFileName">wevtutil.exe</Data>
<Data Name="CommandLine">C:\WINDOWS\system32\wevtutil.exe uninstall-manifest "C:\ProgramData\Microsoft\Windows Defender\Platform\4.18.25030.2-0\Microsoft-Windows-Windows Defender.man"</Data>
<Data Name="CurrentDirectory">C:\WINDOWS\system32\</Data>
<Data Name="User">NT AUTHORITY\SYSTEM</Data>
<Data Name="LogonGuid">{53c665d1-5e7a-67f7-e703-000000000000}</Data>
<Data Name="LogonId">0x00000000000003e7</Data>
<Data Name="TerminalSessionId">0</Data>
<Data Name="IntegrityLevel">System</Data>
<Data Name="Hashes">MD5=AF54D4FA49CD679D47064D30BD1B7641,SHA256=0EA582D5A4EB48096B40C2F7A102E465DAEA69C816C8FAEA481B68D8FD0929D5,IMPHASH=9D0B0164498DEE3DA72DF328E7AE8C0B</Data>
<Data Name="ParentProcessGuid">{53c665d1-60fe-67f7-6701-000000001700}</Data>
<Data Name="ParentProcessId">1556</Data>
<Data Name="ParentImage">C:\ProgramData\Microsoft\Windows Defender\Platform\4.18.25030.2-0\MsMpEng.exe</Data>
<Data Name="ParentCommandLine">"C:\ProgramData\Microsoft\Windows Defender\Platform\4.18.25030.2-0\MsMpEng.exe"</Data>
<Data Name="ParentUser">NT AUTHORITY\SYSTEM</Data>
</EventData>
</Event>

<Event xmlns="http://schemas.microsoft.com/win/2004/08/events/event"><System><Provider Name="Microsoft-Windows-Sysmon" Guid="{5770385f-c22a-43e0-bf4c-06f5698ffbd9}"></Provider>
<EventID Qualifiers="">12</EventID>
<Version>2</Version>
<Level>4</Level>
<Task>12</Task>
<Opcode>0</Opcode>
<Keywords>0x8000000000000000</Keywords>
<TimeCreated SystemTime="2025-04-10 06:11:10.933716"></TimeCreated>
<EventRecordID>6969</EventRecordID>
<Correlation ActivityID="" RelatedActivityID=""></Correlation>
<Execution ProcessID="4420" ThreadID="5708"></Execution>
<Channel>Microsoft-Windows-Sysmon/Operational</Channel>
<Computer>DESKTOP-M3AKJSD</Computer>
<Security UserID="S-1-5-18"></Security>
</System>
<EventData><Data Name="RuleName">-</Data>
<Data Name="EventType">DeleteKey</Data>
<Data Name="UtcTime">2025-04-10 06:11:10.931</Data>
<Data Name="ProcessGuid">{53c665d1-60fe-67f7-6c01-000000001700}</Data>
<Data Name="ProcessId">7160</Data>
<Data Name="Image">C:\WINDOWS\system32\wevtutil.exe</Data>
<Data Name="TargetObject">HKLM\SOFTWARE\Microsoft\Windows\CurrentVersion\WINEVT\Channels\Microsoft-Windows-Windows Defender/Operational</Data>
<Data Name="User">NT AUTHORITY\SYSTEM</Data>
</EventData>
</Event>

<Event xmlns="http://schemas.microsoft.com/win/2004/08/events/event"><System><Provider Name="Microsoft-Windows-Sysmon" Guid="{5770385f-c22a-43e0-bf4c-06f5698ffbd9}"></Provider>
<EventID Qualifiers="">12</EventID>
<Version>2</Version>
<Level>4</Level>
<Task>12</Task>
<Opcode>0</Opcode>
<Keywords>0x8000000000000000</Keywords>
<TimeCreated SystemTime="2025-04-10 06:11:10.958883"></TimeCreated>
<EventRecordID>6970</EventRecordID>
<Correlation ActivityID="" RelatedActivityID=""></Correlation>
<Execution ProcessID="4420" ThreadID="5708"></Execution>
<Channel>Microsoft-Windows-Sysmon/Operational</Channel>
<Computer>DESKTOP-M3AKJSD</Computer>
<Security UserID="S-1-5-18"></Security>
</System>
<EventData><Data Name="RuleName">-</Data>
<Data Name="EventType">DeleteKey</Data>
<Data Name="UtcTime">2025-04-10 06:11:10.957</Data>
<Data Name="ProcessGuid">{53c665d1-60fe-67f7-6c01-000000001700}</Data>
<Data Name="ProcessId">7160</Data>
<Data Name="Image">C:\WINDOWS\system32\wevtutil.exe</Data>
<Data Name="TargetObject">HKLM\SOFTWARE\Microsoft\Windows\CurrentVersion\WINEVT\Channels\Microsoft-Windows-Windows Defender/WHC</Data>
<Data Name="User">NT AUTHORITY\SYSTEM</Data>
</EventData>
</Event>

<Event xmlns="http://schemas.microsoft.com/win/2004/08/events/event"><System><Provider Name="Microsoft-Windows-Sysmon" Guid="{5770385f-c22a-43e0-bf4c-06f5698ffbd9}"></Provider>
<EventID Qualifiers="">1</EventID>
<Version>5</Version>
<Level>4</Level>
<Task>1</Task>
<Opcode>0</Opcode>
<Keywords>0x8000000000000000</Keywords>
<TimeCreated SystemTime="2025-04-10 06:11:10.966637"></TimeCreated>
<EventRecordID>6971</EventRecordID>
<Correlation ActivityID="" RelatedActivityID=""></Correlation>
<Execution ProcessID="4420" ThreadID="5708"></Execution>
<Channel>Microsoft-Windows-Sysmon/Operational</Channel>
<Computer>DESKTOP-M3AKJSD</Computer>
<Security UserID="S-1-5-18"></Security>
</System>
<EventData><Data Name="RuleName">-</Data>
<Data Name="UtcTime">2025-04-10 06:11:10.965</Data>
<Data Name="ProcessGuid">{53c665d1-60fe-67f7-6e01-000000001700}</Data>
<Data Name="ProcessId">4732</Data>
<Data Name="Image">C:\Windows\System32\wevtutil.exe</Data>
<Data Name="FileVersion">10.0.26100.1150 (WinBuild.160101.0800)</Data>
<Data Name="Description">Windows Event Log Utility</Data>
<Data Name="Product">Microsoft&#174; Windows&#174; Operating System</Data>
<Data Name="Company">Microsoft Corporation</Data>
<Data Name="OriginalFileName">wevtutil.exe</Data>
<Data Name="CommandLine">C:\WINDOWS\system32\wevtutil.exe install-manifest "C:\ProgramData\Microsoft\Windows Defender\Platform\4.18.25030.2-0\Microsoft-Windows-Windows Defender.man" "/resourceFilePath:C:\ProgramData\Microsoft\Windows Defender\Platform\4.18.25030.2-0\MpEvMsg.dll" "/messageFilePath:C:\ProgramData\Microsoft\Windows Defender\Platform\4.18.25030.2-0\MpEvMsg.dll" "/parameterFilePath:C:\ProgramData\Microsoft\Windows Defender\Platform\4.18.25030.2-0\MpEvMsg.dll"</Data>
<Data Name="CurrentDirectory">C:\WINDOWS\system32\</Data>
<Data Name="User">NT AUTHORITY\SYSTEM</Data>
<Data Name="LogonGuid">{53c665d1-5e7a-67f7-e703-000000000000}</Data>
<Data Name="LogonId">0x00000000000003e7</Data>
<Data Name="TerminalSessionId">0</Data>
<Data Name="IntegrityLevel">System</Data>
<Data Name="Hashes">MD5=AF54D4FA49CD679D47064D30BD1B7641,SHA256=0EA582D5A4EB48096B40C2F7A102E465DAEA69C816C8FAEA481B68D8FD0929D5,IMPHASH=9D0B0164498DEE3DA72DF328E7AE8C0B</Data>
<Data Name="ParentProcessGuid">{53c665d1-60fe-67f7-6701-000000001700}</Data>
<Data Name="ParentProcessId">1556</Data>
<Data Name="ParentImage">C:\ProgramData\Microsoft\Windows Defender\Platform\4.18.25030.2-0\MsMpEng.exe</Data>
<Data Name="ParentCommandLine">"C:\ProgramData\Microsoft\Windows Defender\Platform\4.18.25030.2-0\MsMpEng.exe"</Data>
<Data Name="ParentUser">NT AUTHORITY\SYSTEM</Data>
</EventData>
</Event>

<Event xmlns="http://schemas.microsoft.com/win/2004/08/events/event"><System><Provider Name="Microsoft-Windows-Sysmon" Guid="{5770385f-c22a-43e0-bf4c-06f5698ffbd9}"></Provider>
<EventID Qualifiers="">13</EventID>
<Version>2</Version>
<Level>4</Level>
<Task>13</Task>
<Opcode>0</Opcode>
<Keywords>0x8000000000000000</Keywords>
<TimeCreated SystemTime="2025-04-10 06:11:11.044250"></TimeCreated>
<EventRecordID>6972</EventRecordID>
<Correlation ActivityID="" RelatedActivityID=""></Correlation>
<Execution ProcessID="4420" ThreadID="5708"></Execution>
<Channel>Microsoft-Windows-Sysmon/Operational</Channel>
<Computer>DESKTOP-M3AKJSD</Computer>
<Security UserID="S-1-5-18"></Security>
</System>
<EventData><Data Name="RuleName">-</Data>
<Data Name="EventType">SetValue</Data>
<Data Name="UtcTime">2025-04-10 06:11:11.043</Data>
<Data Name="ProcessGuid">{53c665d1-60fe-67f7-6e01-000000001700}</Data>
<Data Name="ProcessId">4732</Data>
<Data Name="Image">C:\WINDOWS\system32\wevtutil.exe</Data>
<Data Name="TargetObject">HKLM\SOFTWARE\Microsoft\Windows\CurrentVersion\WINEVT\Channels\Microsoft-Windows-Windows Defender/Operational\OwningPublisher</Data>
<Data Name="Details">{11cd958a-c507-4ef3-b3f2-5fd9dfbd2c78}</Data>
<Data Name="User">NT AUTHORITY\SYSTEM</Data>
</EventData>
</Event>

<Event xmlns="http://schemas.microsoft.com/win/2004/08/events/event"><System><Provider Name="Microsoft-Windows-Sysmon" Guid="{5770385f-c22a-43e0-bf4c-06f5698ffbd9}"></Provider>
<EventID Qualifiers="">13</EventID>
<Version>2</Version>
<Level>4</Level>
<Task>13</Task>
<Opcode>0</Opcode>
<Keywords>0x8000000000000000</Keywords>
<TimeCreated SystemTime="2025-04-10 06:11:11.044296"></TimeCreated>
<EventRecordID>6973</EventRecordID>
<Correlation ActivityID="" RelatedActivityID=""></Correlation>
<Execution ProcessID="4420" ThreadID="5708"></Execution>
<Channel>Microsoft-Windows-Sysmon/Operational</Channel>
<Computer>DESKTOP-M3AKJSD</Computer>
<Security UserID="S-1-5-18"></Security>
</System>
<EventData><Data Name="RuleName">-</Data>
<Data Name="EventType">SetValue</Data>
<Data Name="UtcTime">2025-04-10 06:11:11.043</Data>
<Data Name="ProcessGuid">{53c665d1-60fe-67f7-6e01-000000001700}</Data>
<Data Name="ProcessId">4732</Data>
<Data Name="Image">C:\WINDOWS\system32\wevtutil.exe</Data>
<Data Name="TargetObject">HKLM\SOFTWARE\Microsoft\Windows\CurrentVersion\WINEVT\Channels\Microsoft-Windows-Windows Defender/Operational\Enabled</Data>
<Data Name="Details">DWORD (0x00000001)</Data>
<Data Name="User">NT AUTHORITY\SYSTEM</Data>
</EventData>
</Event>

<Event xmlns="http://schemas.microsoft.com/win/2004/08/events/event"><System><Provider Name="Microsoft-Windows-Sysmon" Guid="{5770385f-c22a-43e0-bf4c-06f5698ffbd9}"></Provider>
<EventID Qualifiers="">13</EventID>
<Version>2</Version>
<Level>4</Level>
<Task>13</Task>
<Opcode>0</Opcode>
<Keywords>0x8000000000000000</Keywords>
<TimeCreated SystemTime="2025-04-10 06:11:11.044336"></TimeCreated>
<EventRecordID>6974</EventRecordID>
<Correlation ActivityID="" RelatedActivityID=""></Correlation>
<Execution ProcessID="4420" ThreadID="5708"></Execution>
<Channel>Microsoft-Windows-Sysmon/Operational</Channel>
<Computer>DESKTOP-M3AKJSD</Computer>
<Security UserID="S-1-5-18"></Security>
</System>
<EventData><Data Name="RuleName">-</Data>
<Data Name="EventType">SetValue</Data>
<Data Name="UtcTime">2025-04-10 06:11:11.043</Data>
<Data Name="ProcessGuid">{53c665d1-60fe-67f7-6e01-000000001700}</Data>
<Data Name="ProcessId">4732</Data>
<Data Name="Image">C:\WINDOWS\system32\wevtutil.exe</Data>
<Data Name="TargetObject">HKLM\SOFTWARE\Microsoft\Windows\CurrentVersion\WINEVT\Channels\Microsoft-Windows-Windows Defender/Operational\Isolation</Data>
<Data Name="Details">DWORD (0x00000001)</Data>
<Data Name="User">NT AUTHORITY\SYSTEM</Data>
</EventData>
</Event>

<Event xmlns="http://schemas.microsoft.com/win/2004/08/events/event"><System><Provider Name="Microsoft-Windows-Sysmon" Guid="{5770385f-c22a-43e0-bf4c-06f5698ffbd9}"></Provider>
<EventID Qualifiers="">13</EventID>
<Version>2</Version>
<Level>4</Level>
<Task>13</Task>
<Opcode>0</Opcode>
<Keywords>0x8000000000000000</Keywords>
<TimeCreated SystemTime="2025-04-10 06:11:11.044378"></TimeCreated>
<EventRecordID>6975</EventRecordID>
<Correlation ActivityID="" RelatedActivityID=""></Correlation>
<Execution ProcessID="4420" ThreadID="5708"></Execution>
<Channel>Microsoft-Windows-Sysmon/Operational</Channel>
<Computer>DESKTOP-M3AKJSD</Computer>
<Security UserID="S-1-5-18"></Security>
</System>
<EventData><Data Name="RuleName">-</Data>
<Data Name="EventType">SetValue</Data>
<Data Name="UtcTime">2025-04-10 06:11:11.043</Data>
<Data Name="ProcessGuid">{53c665d1-60fe-67f7-6e01-000000001700}</Data>
<Data Name="ProcessId">4732</Data>
<Data Name="Image">C:\WINDOWS\system32\wevtutil.exe</Data>
<Data Name="TargetObject">HKLM\SOFTWARE\Microsoft\Windows\CurrentVersion\WINEVT\Channels\Microsoft-Windows-Windows Defender/Operational\ChannelAccess</Data>
<Data Name="Details">O:BAG:SYD:(A;;0xf0007;;;SY)(A;;0x7;;;BA)(A;;0x3;;;BO)(A;;0x5;;;SO)(A;;0x1;;;IU)(A;;0x3;;;SU)(A;;0x1;;;S-1-5-3)(A;;0x2;;;S-1-5-33)(A;;0x1;;;S-1-5-32-573)</Data>
<Data Name="User">NT AUTHORITY\SYSTEM</Data>
</EventData>
</Event>

<Event xmlns="http://schemas.microsoft.com/win/2004/08/events/event"><System><Provider Name="Microsoft-Windows-Sysmon" Guid="{5770385f-c22a-43e0-bf4c-06f5698ffbd9}"></Provider>
<EventID Qualifiers="">13</EventID>
<Version>2</Version>
<Level>4</Level>
<Task>13</Task>
<Opcode>0</Opcode>
<Keywords>0x8000000000000000</Keywords>
<TimeCreated SystemTime="2025-04-10 06:11:11.044418"></TimeCreated>
<EventRecordID>6976</EventRecordID>
<Correlation ActivityID="" RelatedActivityID=""></Correlation>
<Execution ProcessID="4420" ThreadID="5708"></Execution>
<Channel>Microsoft-Windows-Sysmon/Operational</Channel>
<Computer>DESKTOP-M3AKJSD</Computer>
<Security UserID="S-1-5-18"></Security>
</System>
<EventData><Data Name="RuleName">-</Data>
<Data Name="EventType">SetValue</Data>
<Data Name="UtcTime">2025-04-10 06:11:11.043</Data>
<Data Name="ProcessGuid">{53c665d1-60fe-67f7-6e01-000000001700}</Data>
<Data Name="ProcessId">4732</Data>
<Data Name="Image">C:\WINDOWS\system32\wevtutil.exe</Data>
<Data Name="TargetObject">HKLM\SOFTWARE\Microsoft\Windows\CurrentVersion\WINEVT\Channels\Microsoft-Windows-Windows Defender/Operational\MaxSize</Data>
<Data Name="Details">DWORD (0x01000000)</Data>
<Data Name="User">NT AUTHORITY\SYSTEM</Data>
</EventData>
</Event>

<Event xmlns="http://schemas.microsoft.com/win/2004/08/events/event"><System><Provider Name="Microsoft-Windows-Sysmon" Guid="{5770385f-c22a-43e0-bf4c-06f5698ffbd9}"></Provider>
<EventID Qualifiers="">13</EventID>
<Version>2</Version>
<Level>4</Level>
<Task>13</Task>
<Opcode>0</Opcode>
<Keywords>0x8000000000000000</Keywords>
<TimeCreated SystemTime="2025-04-10 06:11:11.044458"></TimeCreated>
<EventRecordID>6977</EventRecordID>
<Correlation ActivityID="" RelatedActivityID=""></Correlation>
<Execution ProcessID="4420" ThreadID="5708"></Execution>
<Channel>Microsoft-Windows-Sysmon/Operational</Channel>
<Computer>DESKTOP-M3AKJSD</Computer>
<Security UserID="S-1-5-18"></Security>
</System>
<EventData><Data Name="RuleName">-</Data>
<Data Name="EventType">SetValue</Data>
<Data Name="UtcTime">2025-04-10 06:11:11.043</Data>
<Data Name="ProcessGuid">{53c665d1-60fe-67f7-6e01-000000001700}</Data>
<Data Name="ProcessId">4732</Data>
<Data Name="Image">C:\WINDOWS\system32\wevtutil.exe</Data>
<Data Name="TargetObject">HKLM\SOFTWARE\Microsoft\Windows\CurrentVersion\WINEVT\Channels\Microsoft-Windows-Windows Defender/Operational\MaxSizeUpper</Data>
<Data Name="Details">DWORD (0x00000000)</Data>
<Data Name="User">NT AUTHORITY\SYSTEM</Data>
</EventData>
</Event>

<Event xmlns="http://schemas.microsoft.com/win/2004/08/events/event"><System><Provider Name="Microsoft-Windows-Sysmon" Guid="{5770385f-c22a-43e0-bf4c-06f5698ffbd9}"></Provider>
<EventID Qualifiers="">13</EventID>
<Version>2</Version>
<Level>4</Level>
<Task>13</Task>
<Opcode>0</Opcode>
<Keywords>0x8000000000000000</Keywords>
<TimeCreated SystemTime="2025-04-10 06:11:11.044497"></TimeCreated>
<EventRecordID>6978</EventRecordID>
<Correlation ActivityID="" RelatedActivityID=""></Correlation>
<Execution ProcessID="4420" ThreadID="5708"></Execution>
<Channel>Microsoft-Windows-Sysmon/Operational</Channel>
<Computer>DESKTOP-M3AKJSD</Computer>
<Security UserID="S-1-5-18"></Security>
</System>
<EventData><Data Name="RuleName">-</Data>
<Data Name="EventType">SetValue</Data>
<Data Name="UtcTime">2025-04-10 06:11:11.043</Data>
<Data Name="ProcessGuid">{53c665d1-60fe-67f7-6e01-000000001700}</Data>
<Data Name="ProcessId">4732</Data>
<Data Name="Image">C:\WINDOWS\system32\wevtutil.exe</Data>
<Data Name="TargetObject">HKLM\SOFTWARE\Microsoft\Windows\CurrentVersion\WINEVT\Channels\Microsoft-Windows-Windows Defender/Operational\Type</Data>
<Data Name="Details">DWORD (0x00000001)</Data>
<Data Name="User">NT AUTHORITY\SYSTEM</Data>
</EventData>
</Event>

<Event xmlns="http://schemas.microsoft.com/win/2004/08/events/event"><System><Provider Name="Microsoft-Windows-Sysmon" Guid="{5770385f-c22a-43e0-bf4c-06f5698ffbd9}"></Provider>
<EventID Qualifiers="">13</EventID>
<Version>2</Version>
<Level>4</Level>
<Task>13</Task>
<Opcode>0</Opcode>
<Keywords>0x8000000000000000</Keywords>
<TimeCreated SystemTime="2025-04-10 06:11:11.044546"></TimeCreated>
<EventRecordID>6979</EventRecordID>
<Correlation ActivityID="" RelatedActivityID=""></Correlation>
<Execution ProcessID="4420" ThreadID="5708"></Execution>
<Channel>Microsoft-Windows-Sysmon/Operational</Channel>
<Computer>DESKTOP-M3AKJSD</Computer>
<Security UserID="S-1-5-18"></Security>
</System>
<EventData><Data Name="RuleName">-</Data>
<Data Name="EventType">SetValue</Data>
<Data Name="UtcTime">2025-04-10 06:11:11.043</Data>
<Data Name="ProcessGuid">{53c665d1-60fe-67f7-6e01-000000001700}</Data>
<Data Name="ProcessId">4732</Data>
<Data Name="Image">C:\WINDOWS\system32\wevtutil.exe</Data>
<Data Name="TargetObject">HKLM\SOFTWARE\Microsoft\Windows\CurrentVersion\WINEVT\Channels\Microsoft-Windows-Windows Defender/WHC\OwningPublisher</Data>
<Data Name="Details">{11cd958a-c507-4ef3-b3f2-5fd9dfbd2c78}</Data>
<Data Name="User">NT AUTHORITY\SYSTEM</Data>
</EventData>
</Event>

<Event xmlns="http://schemas.microsoft.com/win/2004/08/events/event"><System><Provider Name="Microsoft-Windows-Sysmon" Guid="{5770385f-c22a-43e0-bf4c-06f5698ffbd9}"></Provider>
<EventID Qualifiers="">13</EventID>
<Version>2</Version>
<Level>4</Level>
<Task>13</Task>
<Opcode>0</Opcode>
<Keywords>0x8000000000000000</Keywords>
<TimeCreated SystemTime="2025-04-10 06:11:11.044584"></TimeCreated>
<EventRecordID>6980</EventRecordID>
<Correlation ActivityID="" RelatedActivityID=""></Correlation>
<Execution ProcessID="4420" ThreadID="5708"></Execution>
<Channel>Microsoft-Windows-Sysmon/Operational</Channel>
<Computer>DESKTOP-M3AKJSD</Computer>
<Security UserID="S-1-5-18"></Security>
</System>
<EventData><Data Name="RuleName">-</Data>
<Data Name="EventType">SetValue</Data>
<Data Name="UtcTime">2025-04-10 06:11:11.043</Data>
<Data Name="ProcessGuid">{53c665d1-60fe-67f7-6e01-000000001700}</Data>
<Data Name="ProcessId">4732</Data>
<Data Name="Image">C:\WINDOWS\system32\wevtutil.exe</Data>
<Data Name="TargetObject">HKLM\SOFTWARE\Microsoft\Windows\CurrentVersion\WINEVT\Channels\Microsoft-Windows-Windows Defender/WHC\Enabled</Data>
<Data Name="Details">DWORD (0x00000001)</Data>
<Data Name="User">NT AUTHORITY\SYSTEM</Data>
</EventData>
</Event>

<Event xmlns="http://schemas.microsoft.com/win/2004/08/events/event"><System><Provider Name="Microsoft-Windows-Sysmon" Guid="{5770385f-c22a-43e0-bf4c-06f5698ffbd9}"></Provider>
<EventID Qualifiers="">13</EventID>
<Version>2</Version>
<Level>4</Level>
<Task>13</Task>
<Opcode>0</Opcode>
<Keywords>0x8000000000000000</Keywords>
<TimeCreated SystemTime="2025-04-10 06:11:11.044622"></TimeCreated>
<EventRecordID>6981</EventRecordID>
<Correlation ActivityID="" RelatedActivityID=""></Correlation>
<Execution ProcessID="4420" ThreadID="5708"></Execution>
<Channel>Microsoft-Windows-Sysmon/Operational</Channel>
<Computer>DESKTOP-M3AKJSD</Computer>
<Security UserID="S-1-5-18"></Security>
</System>
<EventData><Data Name="RuleName">-</Data>
<Data Name="EventType">SetValue</Data>
<Data Name="UtcTime">2025-04-10 06:11:11.043</Data>
<Data Name="ProcessGuid">{53c665d1-60fe-67f7-6e01-000000001700}</Data>
<Data Name="ProcessId">4732</Data>
<Data Name="Image">C:\WINDOWS\system32\wevtutil.exe</Data>
<Data Name="TargetObject">HKLM\SOFTWARE\Microsoft\Windows\CurrentVersion\WINEVT\Channels\Microsoft-Windows-Windows Defender/WHC\Isolation</Data>
<Data Name="Details">DWORD (0x00000001)</Data>
<Data Name="User">NT AUTHORITY\SYSTEM</Data>
</EventData>
</Event>

<Event xmlns="http://schemas.microsoft.com/win/2004/08/events/event"><System><Provider Name="Microsoft-Windows-Sysmon" Guid="{5770385f-c22a-43e0-bf4c-06f5698ffbd9}"></Provider>
<EventID Qualifiers="">13</EventID>
<Version>2</Version>
<Level>4</Level>
<Task>13</Task>
<Opcode>0</Opcode>
<Keywords>0x8000000000000000</Keywords>
<TimeCreated SystemTime="2025-04-10 06:11:11.044662"></TimeCreated>
<EventRecordID>6982</EventRecordID>
<Correlation ActivityID="" RelatedActivityID=""></Correlation>
<Execution ProcessID="4420" ThreadID="5708"></Execution>
<Channel>Microsoft-Windows-Sysmon/Operational</Channel>
<Computer>DESKTOP-M3AKJSD</Computer>
<Security UserID="S-1-5-18"></Security>
</System>
<EventData><Data Name="RuleName">-</Data>
<Data Name="EventType">SetValue</Data>
<Data Name="UtcTime">2025-04-10 06:11:11.043</Data>
<Data Name="ProcessGuid">{53c665d1-60fe-67f7-6e01-000000001700}</Data>
<Data Name="ProcessId">4732</Data>
<Data Name="Image">C:\WINDOWS\system32\wevtutil.exe</Data>
<Data Name="TargetObject">HKLM\SOFTWARE\Microsoft\Windows\CurrentVersion\WINEVT\Channels\Microsoft-Windows-Windows Defender/WHC\ChannelAccess</Data>
<Data Name="Details">O:BAG:SYD:(A;;0xf0007;;;SY)(A;;0x7;;;BA)(A;;0x3;;;BO)(A;;0x5;;;SO)(A;;0x1;;;IU)(A;;0x3;;;SU)(A;;0x1;;;S-1-5-3)(A;;0x2;;;S-1-5-33)(A;;0x1;;;S-1-5-32-573)</Data>
<Data Name="User">NT AUTHORITY\SYSTEM</Data>
</EventData>
</Event>

<Event xmlns="http://schemas.microsoft.com/win/2004/08/events/event"><System><Provider Name="Microsoft-Windows-Sysmon" Guid="{5770385f-c22a-43e0-bf4c-06f5698ffbd9}"></Provider>
<EventID Qualifiers="">13</EventID>
<Version>2</Version>
<Level>4</Level>
<Task>13</Task>
<Opcode>0</Opcode>
<Keywords>0x8000000000000000</Keywords>
<TimeCreated SystemTime="2025-04-10 06:11:11.044701"></TimeCreated>
<EventRecordID>6983</EventRecordID>
<Correlation ActivityID="" RelatedActivityID=""></Correlation>
<Execution ProcessID="4420" ThreadID="5708"></Execution>
<Channel>Microsoft-Windows-Sysmon/Operational</Channel>
<Computer>DESKTOP-M3AKJSD</Computer>
<Security UserID="S-1-5-18"></Security>
</System>
<EventData><Data Name="RuleName">-</Data>
<Data Name="EventType">SetValue</Data>
<Data Name="UtcTime">2025-04-10 06:11:11.043</Data>
<Data Name="ProcessGuid">{53c665d1-60fe-67f7-6e01-000000001700}</Data>
<Data Name="ProcessId">4732</Data>
<Data Name="Image">C:\WINDOWS\system32\wevtutil.exe</Data>
<Data Name="TargetObject">HKLM\SOFTWARE\Microsoft\Windows\CurrentVersion\WINEVT\Channels\Microsoft-Windows-Windows Defender/WHC\MaxSize</Data>
<Data Name="Details">DWORD (0x00040000)</Data>
<Data Name="User">NT AUTHORITY\SYSTEM</Data>
</EventData>
</Event>

<Event xmlns="http://schemas.microsoft.com/win/2004/08/events/event"><System><Provider Name="Microsoft-Windows-Sysmon" Guid="{5770385f-c22a-43e0-bf4c-06f5698ffbd9}"></Provider>
<EventID Qualifiers="">13</EventID>
<Version>2</Version>
<Level>4</Level>
<Task>13</Task>
<Opcode>0</Opcode>
<Keywords>0x8000000000000000</Keywords>
<TimeCreated SystemTime="2025-04-10 06:11:11.044739"></TimeCreated>
<EventRecordID>6984</EventRecordID>
<Correlation ActivityID="" RelatedActivityID=""></Correlation>
<Execution ProcessID="4420" ThreadID="5708"></Execution>
<Channel>Microsoft-Windows-Sysmon/Operational</Channel>
<Computer>DESKTOP-M3AKJSD</Computer>
<Security UserID="S-1-5-18"></Security>
</System>
<EventData><Data Name="RuleName">-</Data>
<Data Name="EventType">SetValue</Data>
<Data Name="UtcTime">2025-04-10 06:11:11.043</Data>
<Data Name="ProcessGuid">{53c665d1-60fe-67f7-6e01-000000001700}</Data>
<Data Name="ProcessId">4732</Data>
<Data Name="Image">C:\WINDOWS\system32\wevtutil.exe</Data>
<Data Name="TargetObject">HKLM\SOFTWARE\Microsoft\Windows\CurrentVersion\WINEVT\Channels\Microsoft-Windows-Windows Defender/WHC\MaxSizeUpper</Data>
<Data Name="Details">DWORD (0x00000000)</Data>
<Data Name="User">NT AUTHORITY\SYSTEM</Data>
</EventData>
</Event>

<Event xmlns="http://schemas.microsoft.com/win/2004/08/events/event"><System><Provider Name="Microsoft-Windows-Sysmon" Guid="{5770385f-c22a-43e0-bf4c-06f5698ffbd9}"></Provider>
<EventID Qualifiers="">13</EventID>
<Version>2</Version>
<Level>4</Level>
<Task>13</Task>
<Opcode>0</Opcode>
<Keywords>0x8000000000000000</Keywords>
<TimeCreated SystemTime="2025-04-10 06:11:11.044777"></TimeCreated>
<EventRecordID>6985</EventRecordID>
<Correlation ActivityID="" RelatedActivityID=""></Correlation>
<Execution ProcessID="4420" ThreadID="5708"></Execution>
<Channel>Microsoft-Windows-Sysmon/Operational</Channel>
<Computer>DESKTOP-M3AKJSD</Computer>
<Security UserID="S-1-5-18"></Security>
</System>
<EventData><Data Name="RuleName">-</Data>
<Data Name="EventType">SetValue</Data>
<Data Name="UtcTime">2025-04-10 06:11:11.043</Data>
<Data Name="ProcessGuid">{53c665d1-60fe-67f7-6e01-000000001700}</Data>
<Data Name="ProcessId">4732</Data>
<Data Name="Image">C:\WINDOWS\system32\wevtutil.exe</Data>
<Data Name="TargetObject">HKLM\SOFTWARE\Microsoft\Windows\CurrentVersion\WINEVT\Channels\Microsoft-Windows-Windows Defender/WHC\Type</Data>
<Data Name="Details">DWORD (0x00000001)</Data>
<Data Name="User">NT AUTHORITY\SYSTEM</Data>
</EventData>
</Event>

<Event xmlns="http://schemas.microsoft.com/win/2004/08/events/event"><System><Provider Name="Microsoft-Windows-Sysmon" Guid="{5770385f-c22a-43e0-bf4c-06f5698ffbd9}"></Provider>
<EventID Qualifiers="">13</EventID>
<Version>2</Version>
<Level>4</Level>
<Task>13</Task>
<Opcode>0</Opcode>
<Keywords>0x8000000000000000</Keywords>
<TimeCreated SystemTime="2025-04-10 06:11:11.087244"></TimeCreated>
<EventRecordID>6986</EventRecordID>
<Correlation ActivityID="" RelatedActivityID=""></Correlation>
<Execution ProcessID="4420" ThreadID="5708"></Execution>
<Channel>Microsoft-Windows-Sysmon/Operational</Channel>
<Computer>DESKTOP-M3AKJSD</Computer>
<Security UserID="S-1-5-18"></Security>
</System>
<EventData><Data Name="RuleName">InvDB-Path</Data>
<Data Name="EventType">SetValue</Data>
<Data Name="UtcTime">2025-04-10 06:11:11.085</Data>
<Data Name="ProcessGuid">{53c665d1-5e7e-67f7-4e00-000000001700}</Data>
<Data Name="ProcessId">3636</Data>
<Data Name="Image">C:\WINDOWS\System32\svchost.exe</Data>
<Data Name="TargetObject">\REGISTRY\A\{79a3493b-db73-20fc-d2fa-d48d56e9a633}\Root\InventoryApplicationFile\msmpeng.exe|9e2786dcad0ad398\LowerCaseLongPath</Data>
<Data Name="Details">c:\programdata\microsoft\windows defender\platform\4.18.25030.2-0\msmpeng.exe</Data>
<Data Name="User">NT AUTHORITY\SYSTEM</Data>
</EventData>
</Event>

<Event xmlns="http://schemas.microsoft.com/win/2004/08/events/event"><System><Provider Name="Microsoft-Windows-Sysmon" Guid="{5770385f-c22a-43e0-bf4c-06f5698ffbd9}"></Provider>
<EventID Qualifiers="">13</EventID>
<Version>2</Version>
<Level>4</Level>
<Task>13</Task>
<Opcode>0</Opcode>
<Keywords>0x8000000000000000</Keywords>
<TimeCreated SystemTime="2025-04-10 06:11:11.087727"></TimeCreated>
<EventRecordID>6987</EventRecordID>
<Correlation ActivityID="" RelatedActivityID=""></Correlation>
<Execution ProcessID="4420" ThreadID="5708"></Execution>
<Channel>Microsoft-Windows-Sysmon/Operational</Channel>
<Computer>DESKTOP-M3AKJSD</Computer>
<Security UserID="S-1-5-18"></Security>
</System>
<EventData><Data Name="RuleName">InvDB-Pub</Data>
<Data Name="EventType">SetValue</Data>
<Data Name="UtcTime">2025-04-10 06:11:11.085</Data>
<Data Name="ProcessGuid">{53c665d1-5e7e-67f7-4e00-000000001700}</Data>
<Data Name="ProcessId">3636</Data>
<Data Name="Image">C:\WINDOWS\System32\svchost.exe</Data>
<Data Name="TargetObject">\REGISTRY\A\{79a3493b-db73-20fc-d2fa-d48d56e9a633}\Root\InventoryApplicationFile\msmpeng.exe|9e2786dcad0ad398\Publisher</Data>
<Data Name="Details">microsoft corporation</Data>
<Data Name="User">NT AUTHORITY\SYSTEM</Data>
</EventData>
</Event>

<Event xmlns="http://schemas.microsoft.com/win/2004/08/events/event"><System><Provider Name="Microsoft-Windows-Sysmon" Guid="{5770385f-c22a-43e0-bf4c-06f5698ffbd9}"></Provider>
<EventID Qualifiers="">13</EventID>
<Version>2</Version>
<Level>4</Level>
<Task>13</Task>
<Opcode>0</Opcode>
<Keywords>0x8000000000000000</Keywords>
<TimeCreated SystemTime="2025-04-10 06:11:11.088751"></TimeCreated>
<EventRecordID>6988</EventRecordID>
<Correlation ActivityID="" RelatedActivityID=""></Correlation>
<Execution ProcessID="4420" ThreadID="5708"></Execution>
<Channel>Microsoft-Windows-Sysmon/Operational</Channel>
<Computer>DESKTOP-M3AKJSD</Computer>
<Security UserID="S-1-5-18"></Security>
</System>
<EventData><Data Name="RuleName">InvDB-CompileTimeClaim</Data>
<Data Name="EventType">SetValue</Data>
<Data Name="UtcTime">2025-04-10 06:11:11.088</Data>
<Data Name="ProcessGuid">{53c665d1-5e7e-67f7-4e00-000000001700}</Data>
<Data Name="ProcessId">3636</Data>
<Data Name="Image">C:\WINDOWS\System32\svchost.exe</Data>
<Data Name="TargetObject">\REGISTRY\A\{79a3493b-db73-20fc-d2fa-d48d56e9a633}\Root\InventoryApplicationFile\msmpeng.exe|9e2786dcad0ad398\LinkDate</Data>
<Data Name="Details">11/25/2072 20:00:16</Data>
<Data Name="User">NT AUTHORITY\SYSTEM</Data>
</EventData>
</Event>

<Event xmlns="http://schemas.microsoft.com/win/2004/08/events/event"><System><Provider Name="Microsoft-Windows-Sysmon" Guid="{5770385f-c22a-43e0-bf4c-06f5698ffbd9}"></Provider>
<EventID Qualifiers="">13</EventID>
<Version>2</Version>
<Level>4</Level>
<Task>13</Task>
<Opcode>0</Opcode>
<Keywords>0x8000000000000000</Keywords>
<TimeCreated SystemTime="2025-04-10 06:11:11.089012"></TimeCreated>
<EventRecordID>6989</EventRecordID>
<Correlation ActivityID="" RelatedActivityID=""></Correlation>
<Execution ProcessID="4420" ThreadID="5708"></Execution>
<Channel>Microsoft-Windows-Sysmon/Operational</Channel>
<Computer>DESKTOP-M3AKJSD</Computer>
<Security UserID="S-1-5-18"></Security>
</System>
<EventData><Data Name="RuleName">InvDB-Ver</Data>
<Data Name="EventType">SetValue</Data>
<Data Name="UtcTime">2025-04-10 06:11:11.088</Data>
<Data Name="ProcessGuid">{53c665d1-5e7e-67f7-4e00-000000001700}</Data>
<Data Name="ProcessId">3636</Data>
<Data Name="Image">C:\WINDOWS\System32\svchost.exe</Data>
<Data Name="TargetObject">\REGISTRY\A\{79a3493b-db73-20fc-d2fa-d48d56e9a633}\Root\InventoryApplicationFile\msmpeng.exe|9e2786dcad0ad398\BinProductVersion</Data>
<Data Name="Details">4.18.25030.2</Data>
<Data Name="User">NT AUTHORITY\SYSTEM</Data>
</EventData>
</Event>

<Event xmlns="http://schemas.microsoft.com/win/2004/08/events/event"><System><Provider Name="Microsoft-Windows-Sysmon" Guid="{5770385f-c22a-43e0-bf4c-06f5698ffbd9}"></Provider>
<EventID Qualifiers="">1</EventID>
<Version>5</Version>
<Level>4</Level>
<Task>1</Task>
<Opcode>0</Opcode>
<Keywords>0x8000000000000000</Keywords>
<TimeCreated SystemTime="2025-04-10 06:11:11.367908"></TimeCreated>
<EventRecordID>6990</EventRecordID>
<Correlation ActivityID="" RelatedActivityID=""></Correlation>
<Execution ProcessID="4420" ThreadID="5708"></Execution>
<Channel>Microsoft-Windows-Sysmon/Operational</Channel>
<Computer>DESKTOP-M3AKJSD</Computer>
<Security UserID="S-1-5-18"></Security>
</System>
<EventData><Data Name="RuleName">-</Data>
<Data Name="UtcTime">2025-04-10 06:11:11.366</Data>
<Data Name="ProcessGuid">{53c665d1-60ff-67f7-7001-000000001700}</Data>
<Data Name="ProcessId">4696</Data>
<Data Name="Image">C:\Windows\System32\wevtutil.exe</Data>
<Data Name="FileVersion">10.0.26100.1150 (WinBuild.160101.0800)</Data>
<Data Name="Description">Windows Event Log Utility</Data>
<Data Name="Product">Microsoft&#174; Windows&#174; Operating System</Data>
<Data Name="Company">Microsoft Corporation</Data>
<Data Name="OriginalFileName">wevtutil.exe</Data>
<Data Name="CommandLine">C:\WINDOWS\system32\wevtutil.exe uninstall-manifest "C:\ProgramData\Microsoft\Windows Defender\Platform\4.18.25030.2-0\Microsoft-Antimalware-Service.man"</Data>
<Data Name="CurrentDirectory">C:\WINDOWS\system32\</Data>
<Data Name="User">NT AUTHORITY\SYSTEM</Data>
<Data Name="LogonGuid">{53c665d1-5e7a-67f7-e703-000000000000}</Data>
<Data Name="LogonId">0x00000000000003e7</Data>
<Data Name="TerminalSessionId">0</Data>
<Data Name="IntegrityLevel">System</Data>
<Data Name="Hashes">MD5=AF54D4FA49CD679D47064D30BD1B7641,SHA256=0EA582D5A4EB48096B40C2F7A102E465DAEA69C816C8FAEA481B68D8FD0929D5,IMPHASH=9D0B0164498DEE3DA72DF328E7AE8C0B</Data>
<Data Name="ParentProcessGuid">{53c665d1-60fe-67f7-6701-000000001700}</Data>
<Data Name="ParentProcessId">1556</Data>
<Data Name="ParentImage">C:\ProgramData\Microsoft\Windows Defender\Platform\4.18.25030.2-0\MsMpEng.exe</Data>
<Data Name="ParentCommandLine">"C:\ProgramData\Microsoft\Windows Defender\Platform\4.18.25030.2-0\MsMpEng.exe"</Data>
<Data Name="ParentUser">NT AUTHORITY\SYSTEM</Data>
</EventData>
</Event>

<Event xmlns="http://schemas.microsoft.com/win/2004/08/events/event"><System><Provider Name="Microsoft-Windows-Sysmon" Guid="{5770385f-c22a-43e0-bf4c-06f5698ffbd9}"></Provider>
<EventID Qualifiers="">1</EventID>
<Version>5</Version>
<Level>4</Level>
<Task>1</Task>
<Opcode>0</Opcode>
<Keywords>0x8000000000000000</Keywords>
<TimeCreated SystemTime="2025-04-10 06:11:11.434492"></TimeCreated>
<EventRecordID>6991</EventRecordID>
<Correlation ActivityID="" RelatedActivityID=""></Correlation>
<Execution ProcessID="4420" ThreadID="5708"></Execution>
<Channel>Microsoft-Windows-Sysmon/Operational</Channel>
<Computer>DESKTOP-M3AKJSD</Computer>
<Security UserID="S-1-5-18"></Security>
</System>
<EventData><Data Name="RuleName">-</Data>
<Data Name="UtcTime">2025-04-10 06:11:11.433</Data>
<Data Name="ProcessGuid">{53c665d1-60ff-67f7-7201-000000001700}</Data>
<Data Name="ProcessId">2664</Data>
<Data Name="Image">C:\Windows\System32\wevtutil.exe</Data>
<Data Name="FileVersion">10.0.26100.1150 (WinBuild.160101.0800)</Data>
<Data Name="Description">Windows Event Log Utility</Data>
<Data Name="Product">Microsoft&#174; Windows&#174; Operating System</Data>
<Data Name="Company">Microsoft Corporation</Data>
<Data Name="OriginalFileName">wevtutil.exe</Data>
<Data Name="CommandLine">C:\WINDOWS\system32\wevtutil.exe install-manifest "C:\ProgramData\Microsoft\Windows Defender\Platform\4.18.25030.2-0\Microsoft-Antimalware-Service.man" "/resourceFilePath:C:\ProgramData\Microsoft\Windows Defender\Platform\4.18.25030.2-0\MpSvc.dll" "/messageFilePath:C:\ProgramData\Microsoft\Windows Defender\Platform\4.18.25030.2-0\MpSvc.dll" "/parameterFilePath:C:\ProgramData\Microsoft\Windows Defender\Platform\4.18.25030.2-0\MpSvc.dll"</Data>
<Data Name="CurrentDirectory">C:\WINDOWS\system32\</Data>
<Data Name="User">NT AUTHORITY\SYSTEM</Data>
<Data Name="LogonGuid">{53c665d1-5e7a-67f7-e703-000000000000}</Data>
<Data Name="LogonId">0x00000000000003e7</Data>
<Data Name="TerminalSessionId">0</Data>
<Data Name="IntegrityLevel">System</Data>
<Data Name="Hashes">MD5=AF54D4FA49CD679D47064D30BD1B7641,SHA256=0EA582D5A4EB48096B40C2F7A102E465DAEA69C816C8FAEA481B68D8FD0929D5,IMPHASH=9D0B0164498DEE3DA72DF328E7AE8C0B</Data>
<Data Name="ParentProcessGuid">{53c665d1-60fe-67f7-6701-000000001700}</Data>
<Data Name="ParentProcessId">1556</Data>
<Data Name="ParentImage">C:\ProgramData\Microsoft\Windows Defender\Platform\4.18.25030.2-0\MsMpEng.exe</Data>
<Data Name="ParentCommandLine">"C:\ProgramData\Microsoft\Windows Defender\Platform\4.18.25030.2-0\MsMpEng.exe"</Data>
<Data Name="ParentUser">NT AUTHORITY\SYSTEM</Data>
</EventData>
</Event>

<Event xmlns="http://schemas.microsoft.com/win/2004/08/events/event"><System><Provider Name="Microsoft-Windows-Sysmon" Guid="{5770385f-c22a-43e0-bf4c-06f5698ffbd9}"></Provider>
<EventID Qualifiers="">1</EventID>
<Version>5</Version>
<Level>4</Level>
<Task>1</Task>
<Opcode>0</Opcode>
<Keywords>0x8000000000000000</Keywords>
<TimeCreated SystemTime="2025-04-10 06:11:11.506853"></TimeCreated>
<EventRecordID>6992</EventRecordID>
<Correlation ActivityID="" RelatedActivityID=""></Correlation>
<Execution ProcessID="4420" ThreadID="5708"></Execution>
<Channel>Microsoft-Windows-Sysmon/Operational</Channel>
<Computer>DESKTOP-M3AKJSD</Computer>
<Security UserID="S-1-5-18"></Security>
</System>
<EventData><Data Name="RuleName">-</Data>
<Data Name="UtcTime">2025-04-10 06:11:11.505</Data>
<Data Name="ProcessGuid">{53c665d1-60ff-67f7-7401-000000001700}</Data>
<Data Name="ProcessId">10008</Data>
<Data Name="Image">C:\Windows\System32\wevtutil.exe</Data>
<Data Name="FileVersion">10.0.26100.1150 (WinBuild.160101.0800)</Data>
<Data Name="Description">Windows Event Log Utility</Data>
<Data Name="Product">Microsoft&#174; Windows&#174; Operating System</Data>
<Data Name="Company">Microsoft Corporation</Data>
<Data Name="OriginalFileName">wevtutil.exe</Data>
<Data Name="CommandLine">C:\WINDOWS\system32\wevtutil.exe uninstall-manifest "C:\ProgramData\Microsoft\Windows Defender\Platform\4.18.25030.2-0\Microsoft-Antimalware-NIS.man"</Data>
<Data Name="CurrentDirectory">C:\WINDOWS\system32\</Data>
<Data Name="User">NT AUTHORITY\SYSTEM</Data>
<Data Name="LogonGuid">{53c665d1-5e7a-67f7-e703-000000000000}</Data>
<Data Name="LogonId">0x00000000000003e7</Data>
<Data Name="TerminalSessionId">0</Data>
<Data Name="IntegrityLevel">System</Data>
<Data Name="Hashes">MD5=AF54D4FA49CD679D47064D30BD1B7641,SHA256=0EA582D5A4EB48096B40C2F7A102E465DAEA69C816C8FAEA481B68D8FD0929D5,IMPHASH=9D0B0164498DEE3DA72DF328E7AE8C0B</Data>
<Data Name="ParentProcessGuid">{53c665d1-60fe-67f7-6701-000000001700}</Data>
<Data Name="ParentProcessId">1556</Data>
<Data Name="ParentImage">C:\ProgramData\Microsoft\Windows Defender\Platform\4.18.25030.2-0\MsMpEng.exe</Data>
<Data Name="ParentCommandLine">"C:\ProgramData\Microsoft\Windows Defender\Platform\4.18.25030.2-0\MsMpEng.exe"</Data>
<Data Name="ParentUser">NT AUTHORITY\SYSTEM</Data>
</EventData>
</Event>

<Event xmlns="http://schemas.microsoft.com/win/2004/08/events/event"><System><Provider Name="Microsoft-Windows-Sysmon" Guid="{5770385f-c22a-43e0-bf4c-06f5698ffbd9}"></Provider>
<EventID Qualifiers="">1</EventID>
<Version>5</Version>
<Level>4</Level>
<Task>1</Task>
<Opcode>0</Opcode>
<Keywords>0x8000000000000000</Keywords>
<TimeCreated SystemTime="2025-04-10 06:11:11.550964"></TimeCreated>
<EventRecordID>6993</EventRecordID>
<Correlation ActivityID="" RelatedActivityID=""></Correlation>
<Execution ProcessID="4420" ThreadID="5708"></Execution>
<Channel>Microsoft-Windows-Sysmon/Operational</Channel>
<Computer>DESKTOP-M3AKJSD</Computer>
<Security UserID="S-1-5-18"></Security>
</System>
<EventData><Data Name="RuleName">-</Data>
<Data Name="UtcTime">2025-04-10 06:11:11.550</Data>
<Data Name="ProcessGuid">{53c665d1-60ff-67f7-7601-000000001700}</Data>
<Data Name="ProcessId">9304</Data>
<Data Name="Image">C:\Windows\System32\wevtutil.exe</Data>
<Data Name="FileVersion">10.0.26100.1150 (WinBuild.160101.0800)</Data>
<Data Name="Description">Windows Event Log Utility</Data>
<Data Name="Product">Microsoft&#174; Windows&#174; Operating System</Data>
<Data Name="Company">Microsoft Corporation</Data>
<Data Name="OriginalFileName">wevtutil.exe</Data>
<Data Name="CommandLine">C:\WINDOWS\system32\wevtutil.exe install-manifest "C:\ProgramData\Microsoft\Windows Defender\Platform\4.18.25030.2-0\Microsoft-Antimalware-NIS.man" "/resourceFilePath:C:\ProgramData\Microsoft\Windows Defender\Platform\4.18.25030.2-0\NisSrv.exe" "/messageFilePath:C:\ProgramData\Microsoft\Windows Defender\Platform\4.18.25030.2-0\NisSrv.exe" "/parameterFilePath:C:\ProgramData\Microsoft\Windows Defender\Platform\4.18.25030.2-0\NisSrv.exe"</Data>
<Data Name="CurrentDirectory">C:\WINDOWS\system32\</Data>
<Data Name="User">NT AUTHORITY\SYSTEM</Data>
<Data Name="LogonGuid">{53c665d1-5e7a-67f7-e703-000000000000}</Data>
<Data Name="LogonId">0x00000000000003e7</Data>
<Data Name="TerminalSessionId">0</Data>
<Data Name="IntegrityLevel">System</Data>
<Data Name="Hashes">MD5=AF54D4FA49CD679D47064D30BD1B7641,SHA256=0EA582D5A4EB48096B40C2F7A102E465DAEA69C816C8FAEA481B68D8FD0929D5,IMPHASH=9D0B0164498DEE3DA72DF328E7AE8C0B</Data>
<Data Name="ParentProcessGuid">{53c665d1-60fe-67f7-6701-000000001700}</Data>
<Data Name="ParentProcessId">1556</Data>
<Data Name="ParentImage">C:\ProgramData\Microsoft\Windows Defender\Platform\4.18.25030.2-0\MsMpEng.exe</Data>
<Data Name="ParentCommandLine">"C:\ProgramData\Microsoft\Windows Defender\Platform\4.18.25030.2-0\MsMpEng.exe"</Data>
<Data Name="ParentUser">NT AUTHORITY\SYSTEM</Data>
</EventData>
</Event>

<Event xmlns="http://schemas.microsoft.com/win/2004/08/events/event"><System><Provider Name="Microsoft-Windows-Sysmon" Guid="{5770385f-c22a-43e0-bf4c-06f5698ffbd9}"></Provider>
<EventID Qualifiers="">1</EventID>
<Version>5</Version>
<Level>4</Level>
<Task>1</Task>
<Opcode>0</Opcode>
<Keywords>0x8000000000000000</Keywords>
<TimeCreated SystemTime="2025-04-10 06:11:11.616049"></TimeCreated>
<EventRecordID>6994</EventRecordID>
<Correlation ActivityID="" RelatedActivityID=""></Correlation>
<Execution ProcessID="4420" ThreadID="5708"></Execution>
<Channel>Microsoft-Windows-Sysmon/Operational</Channel>
<Computer>DESKTOP-M3AKJSD</Computer>
<Security UserID="S-1-5-18"></Security>
</System>
<EventData><Data Name="RuleName">-</Data>
<Data Name="UtcTime">2025-04-10 06:11:11.615</Data>
<Data Name="ProcessGuid">{53c665d1-60ff-67f7-7801-000000001700}</Data>
<Data Name="ProcessId">4964</Data>
<Data Name="Image">C:\Windows\System32\wevtutil.exe</Data>
<Data Name="FileVersion">10.0.26100.1150 (WinBuild.160101.0800)</Data>
<Data Name="Description">Windows Event Log Utility</Data>
<Data Name="Product">Microsoft&#174; Windows&#174; Operating System</Data>
<Data Name="Company">Microsoft Corporation</Data>
<Data Name="OriginalFileName">wevtutil.exe</Data>
<Data Name="CommandLine">C:\WINDOWS\system32\wevtutil.exe uninstall-manifest "C:\ProgramData\Microsoft\Windows Defender\Platform\4.18.25030.2-0\Microsoft-Antimalware-RTP.man"</Data>
<Data Name="CurrentDirectory">C:\WINDOWS\system32\</Data>
<Data Name="User">NT AUTHORITY\SYSTEM</Data>
<Data Name="LogonGuid">{53c665d1-5e7a-67f7-e703-000000000000}</Data>
<Data Name="LogonId">0x00000000000003e7</Data>
<Data Name="TerminalSessionId">0</Data>
<Data Name="IntegrityLevel">System</Data>
<Data Name="Hashes">MD5=AF54D4FA49CD679D47064D30BD1B7641,SHA256=0EA582D5A4EB48096B40C2F7A102E465DAEA69C816C8FAEA481B68D8FD0929D5,IMPHASH=9D0B0164498DEE3DA72DF328E7AE8C0B</Data>
<Data Name="ParentProcessGuid">{53c665d1-60fe-67f7-6701-000000001700}</Data>
<Data Name="ParentProcessId">1556</Data>
<Data Name="ParentImage">C:\ProgramData\Microsoft\Windows Defender\Platform\4.18.25030.2-0\MsMpEng.exe</Data>
<Data Name="ParentCommandLine">"C:\ProgramData\Microsoft\Windows Defender\Platform\4.18.25030.2-0\MsMpEng.exe"</Data>
<Data Name="ParentUser">NT AUTHORITY\SYSTEM</Data>
</EventData>
</Event>

<Event xmlns="http://schemas.microsoft.com/win/2004/08/events/event"><System><Provider Name="Microsoft-Windows-Sysmon" Guid="{5770385f-c22a-43e0-bf4c-06f5698ffbd9}"></Provider>
<EventID Qualifiers="">1</EventID>
<Version>5</Version>
<Level>4</Level>
<Task>1</Task>
<Opcode>0</Opcode>
<Keywords>0x8000000000000000</Keywords>
<TimeCreated SystemTime="2025-04-10 06:11:11.691902"></TimeCreated>
<EventRecordID>6995</EventRecordID>
<Correlation ActivityID="" RelatedActivityID=""></Correlation>
<Execution ProcessID="4420" ThreadID="5708"></Execution>
<Channel>Microsoft-Windows-Sysmon/Operational</Channel>
<Computer>DESKTOP-M3AKJSD</Computer>
<Security UserID="S-1-5-18"></Security>
</System>
<EventData><Data Name="RuleName">-</Data>
<Data Name="UtcTime">2025-04-10 06:11:11.690</Data>
<Data Name="ProcessGuid">{53c665d1-60ff-67f7-7a01-000000001700}</Data>
<Data Name="ProcessId">4804</Data>
<Data Name="Image">C:\Windows\System32\wevtutil.exe</Data>
<Data Name="FileVersion">10.0.26100.1150 (WinBuild.160101.0800)</Data>
<Data Name="Description">Windows Event Log Utility</Data>
<Data Name="Product">Microsoft&#174; Windows&#174; Operating System</Data>
<Data Name="Company">Microsoft Corporation</Data>
<Data Name="OriginalFileName">wevtutil.exe</Data>
<Data Name="CommandLine">C:\WINDOWS\system32\wevtutil.exe install-manifest "C:\ProgramData\Microsoft\Windows Defender\Platform\4.18.25030.2-0\Microsoft-Antimalware-RTP.man" "/resourceFilePath:C:\ProgramData\Microsoft\Windows Defender\Platform\4.18.25030.2-0\MpRtp.dll" "/messageFilePath:C:\ProgramData\Microsoft\Windows Defender\Platform\4.18.25030.2-0\MpRtp.dll" "/parameterFilePath:C:\ProgramData\Microsoft\Windows Defender\Platform\4.18.25030.2-0\MpRtp.dll"</Data>
<Data Name="CurrentDirectory">C:\WINDOWS\system32\</Data>
<Data Name="User">NT AUTHORITY\SYSTEM</Data>
<Data Name="LogonGuid">{53c665d1-5e7a-67f7-e703-000000000000}</Data>
<Data Name="LogonId">0x00000000000003e7</Data>
<Data Name="TerminalSessionId">0</Data>
<Data Name="IntegrityLevel">System</Data>
<Data Name="Hashes">MD5=AF54D4FA49CD679D47064D30BD1B7641,SHA256=0EA582D5A4EB48096B40C2F7A102E465DAEA69C816C8FAEA481B68D8FD0929D5,IMPHASH=9D0B0164498DEE3DA72DF328E7AE8C0B</Data>
<Data Name="ParentProcessGuid">{53c665d1-60fe-67f7-6701-000000001700}</Data>
<Data Name="ParentProcessId">1556</Data>
<Data Name="ParentImage">C:\ProgramData\Microsoft\Windows Defender\Platform\4.18.25030.2-0\MsMpEng.exe</Data>
<Data Name="ParentCommandLine">"C:\ProgramData\Microsoft\Windows Defender\Platform\4.18.25030.2-0\MsMpEng.exe"</Data>
<Data Name="ParentUser">NT AUTHORITY\SYSTEM</Data>
</EventData>
</Event>

