<Event xmlns="http://schemas.microsoft.com/win/2004/08/events/event"><System><Provider Name="Microsoft-Windows-Sysmon" Guid="{5770385f-c22a-43e0-bf4c-06f5698ffbd9}"></Provider>
<EventID Qualifiers="">13</EventID>
<Version>2</Version>
<Level>4</Level>
<Task>13</Task>
<Opcode>0</Opcode>
<Keywords>0x8000000000000000</Keywords>
<TimeCreated SystemTime="2025-04-10 06:06:53.929840"></TimeCreated>
<EventRecordID>6730</EventRecordID>
<Correlation ActivityID="" RelatedActivityID=""></Correlation>
<Execution ProcessID="4420" ThreadID="5708"></Execution>
<Channel>Microsoft-Windows-Sysmon/Operational</Channel>
<Computer>DESKTOP-M3AKJSD</Computer>
<Security UserID="S-1-5-18"></Security>
</System>
<EventData><Data Name="RuleName">T1122</Data>
<Data Name="EventType">SetValue</Data>
<Data Name="UtcTime">2025-04-10 06:06:53.929</Data>
<Data Name="ProcessGuid">{53c665d1-5ffd-67f7-1c01-000000001700}</Data>
<Data Name="ProcessId">9784</Data>
<Data Name="Image">C:\Users\User\AppData\Local\Microsoft\OneDrive\OneDrive.exe</Data>
<Data Name="TargetObject">HKU\S-1-5-21-3999086100-426973801-4203759309-1002_Classes\CLSID\{A78ED123-AB77-406B-9962-2A5D9D2F7F30}\InprocServer32\(Default)</Data>
<Data Name="Details">C:\Users\User\AppData\Local\Microsoft\OneDrive\25.046.0310.0005_1\FileSyncShell64.dll</Data>
<Data Name="User">DESKTOP-M3AKJSD\User</Data>
</EventData>
</Event>

<Event xmlns="http://schemas.microsoft.com/win/2004/08/events/event"><System><Provider Name="Microsoft-Windows-Sysmon" Guid="{5770385f-c22a-43e0-bf4c-06f5698ffbd9}"></Provider>
<EventID Qualifiers="">13</EventID>
<Version>2</Version>
<Level>4</Level>
<Task>13</Task>
<Opcode>0</Opcode>
<Keywords>0x8000000000000000</Keywords>
<TimeCreated SystemTime="2025-04-10 06:06:53.929916"></TimeCreated>
<EventRecordID>6731</EventRecordID>
<Correlation ActivityID="" RelatedActivityID=""></Correlation>
<Execution ProcessID="4420" ThreadID="5708"></Execution>
<Channel>Microsoft-Windows-Sysmon/Operational</Channel>
<Computer>DESKTOP-M3AKJSD</Computer>
<Security UserID="S-1-5-18"></Security>
</System>
<EventData><Data Name="RuleName">T1122</Data>
<Data Name="EventType">SetValue</Data>
<Data Name="UtcTime">2025-04-10 06:06:53.929</Data>
<Data Name="ProcessGuid">{53c665d1-5ffd-67f7-1c01-000000001700}</Data>
<Data Name="ProcessId">9784</Data>
<Data Name="Image">C:\Users\User\AppData\Local\Microsoft\OneDrive\OneDrive.exe</Data>
<Data Name="TargetObject">HKU\S-1-5-21-3999086100-426973801-4203759309-1002_Classes\WOW6432Node\CLSID\{A78ED123-AB77-406B-9962-2A5D9D2F7F30}\InprocServer32\(Default)</Data>
<Data Name="Details">C:\Users\User\AppData\Local\Microsoft\OneDrive\25.046.0310.0005_1\i386\FileSyncShell.dll</Data>
<Data Name="User">DESKTOP-M3AKJSD\User</Data>
</EventData>
</Event>

<Event xmlns="http://schemas.microsoft.com/win/2004/08/events/event"><System><Provider Name="Microsoft-Windows-Sysmon" Guid="{5770385f-c22a-43e0-bf4c-06f5698ffbd9}"></Provider>
<EventID Qualifiers="">13</EventID>
<Version>2</Version>
<Level>4</Level>
<Task>13</Task>
<Opcode>0</Opcode>
<Keywords>0x8000000000000000</Keywords>
<TimeCreated SystemTime="2025-04-10 06:06:53.930418"></TimeCreated>
<EventRecordID>6732</EventRecordID>
<Correlation ActivityID="" RelatedActivityID=""></Correlation>
<Execution ProcessID="4420" ThreadID="5708"></Execution>
<Channel>Microsoft-Windows-Sysmon/Operational</Channel>
<Computer>DESKTOP-M3AKJSD</Computer>
<Security UserID="S-1-5-18"></Security>
</System>
<EventData><Data Name="RuleName">T1122</Data>
<Data Name="EventType">SetValue</Data>
<Data Name="UtcTime">2025-04-10 06:06:53.929</Data>
<Data Name="ProcessGuid">{53c665d1-5ffd-67f7-1c01-000000001700}</Data>
<Data Name="ProcessId">9784</Data>
<Data Name="Image">C:\Users\User\AppData\Local\Microsoft\OneDrive\OneDrive.exe</Data>
<Data Name="TargetObject">HKU\S-1-5-21-3999086100-426973801-4203759309-1002_Classes\CLSID\{A0396A93-DC06-4AEF-BEE9-95FFCCAEF20E}\InprocServer32\(Default)</Data>
<Data Name="Details">C:\Users\User\AppData\Local\Microsoft\OneDrive\25.046.0310.0005_1\FileSyncShell64.dll</Data>
<Data Name="User">DESKTOP-M3AKJSD\User</Data>
</EventData>
</Event>

<Event xmlns="http://schemas.microsoft.com/win/2004/08/events/event"><System><Provider Name="Microsoft-Windows-Sysmon" Guid="{5770385f-c22a-43e0-bf4c-06f5698ffbd9}"></Provider>
<EventID Qualifiers="">13</EventID>
<Version>2</Version>
<Level>4</Level>
<Task>13</Task>
<Opcode>0</Opcode>
<Keywords>0x8000000000000000</Keywords>
<TimeCreated SystemTime="2025-04-10 06:06:53.930565"></TimeCreated>
<EventRecordID>6733</EventRecordID>
<Correlation ActivityID="" RelatedActivityID=""></Correlation>
<Execution ProcessID="4420" ThreadID="5708"></Execution>
<Channel>Microsoft-Windows-Sysmon/Operational</Channel>
<Computer>DESKTOP-M3AKJSD</Computer>
<Security UserID="S-1-5-18"></Security>
</System>
<EventData><Data Name="RuleName">T1122</Data>
<Data Name="EventType">SetValue</Data>
<Data Name="UtcTime">2025-04-10 06:06:53.929</Data>
<Data Name="ProcessGuid">{53c665d1-5ffd-67f7-1c01-000000001700}</Data>
<Data Name="ProcessId">9784</Data>
<Data Name="Image">C:\Users\User\AppData\Local\Microsoft\OneDrive\OneDrive.exe</Data>
<Data Name="TargetObject">HKU\S-1-5-21-3999086100-426973801-4203759309-1002_Classes\WOW6432Node\CLSID\{A0396A93-DC06-4AEF-BEE9-95FFCCAEF20E}\InprocServer32\(Default)</Data>
<Data Name="Details">C:\Users\User\AppData\Local\Microsoft\OneDrive\25.046.0310.0005_1\i386\FileSyncShell.dll</Data>
<Data Name="User">DESKTOP-M3AKJSD\User</Data>
</EventData>
</Event>

<Event xmlns="http://schemas.microsoft.com/win/2004/08/events/event"><System><Provider Name="Microsoft-Windows-Sysmon" Guid="{5770385f-c22a-43e0-bf4c-06f5698ffbd9}"></Provider>
<EventID Qualifiers="">13</EventID>
<Version>2</Version>
<Level>4</Level>
<Task>13</Task>
<Opcode>0</Opcode>
<Keywords>0x8000000000000000</Keywords>
<TimeCreated SystemTime="2025-04-10 06:06:53.931038"></TimeCreated>
<EventRecordID>6734</EventRecordID>
<Correlation ActivityID="" RelatedActivityID=""></Correlation>
<Execution ProcessID="4420" ThreadID="5708"></Execution>
<Channel>Microsoft-Windows-Sysmon/Operational</Channel>
<Computer>DESKTOP-M3AKJSD</Computer>
<Security UserID="S-1-5-18"></Security>
</System>
<EventData><Data Name="RuleName">T1122</Data>
<Data Name="EventType">SetValue</Data>
<Data Name="UtcTime">2025-04-10 06:06:53.929</Data>
<Data Name="ProcessGuid">{53c665d1-5ffd-67f7-1c01-000000001700}</Data>
<Data Name="ProcessId">9784</Data>
<Data Name="Image">C:\Users\User\AppData\Local\Microsoft\OneDrive\OneDrive.exe</Data>
<Data Name="TargetObject">HKU\S-1-5-21-3999086100-426973801-4203759309-1002_Classes\CLSID\{F241C880-6982-4CE5-8CF7-7085BA96DA5A}\InprocServer32\(Default)</Data>
<Data Name="Details">C:\Users\User\AppData\Local\Microsoft\OneDrive\25.046.0310.0005_1\FileSyncShell64.dll</Data>
<Data Name="User">DESKTOP-M3AKJSD\User</Data>
</EventData>
</Event>

<Event xmlns="http://schemas.microsoft.com/win/2004/08/events/event"><System><Provider Name="Microsoft-Windows-Sysmon" Guid="{5770385f-c22a-43e0-bf4c-06f5698ffbd9}"></Provider>
<EventID Qualifiers="">13</EventID>
<Version>2</Version>
<Level>4</Level>
<Task>13</Task>
<Opcode>0</Opcode>
<Keywords>0x8000000000000000</Keywords>
<TimeCreated SystemTime="2025-04-10 06:06:53.931145"></TimeCreated>
<EventRecordID>6735</EventRecordID>
<Correlation ActivityID="" RelatedActivityID=""></Correlation>
<Execution ProcessID="4420" ThreadID="5708"></Execution>
<Channel>Microsoft-Windows-Sysmon/Operational</Channel>
<Computer>DESKTOP-M3AKJSD</Computer>
<Security UserID="S-1-5-18"></Security>
</System>
<EventData><Data Name="RuleName">T1122</Data>
<Data Name="EventType">SetValue</Data>
<Data Name="UtcTime">2025-04-10 06:06:53.929</Data>
<Data Name="ProcessGuid">{53c665d1-5ffd-67f7-1c01-000000001700}</Data>
<Data Name="ProcessId">9784</Data>
<Data Name="Image">C:\Users\User\AppData\Local\Microsoft\OneDrive\OneDrive.exe</Data>
<Data Name="TargetObject">HKU\S-1-5-21-3999086100-426973801-4203759309-1002_Classes\WOW6432Node\CLSID\{F241C880-6982-4CE5-8CF7-7085BA96DA5A}\InprocServer32\(Default)</Data>
<Data Name="Details">C:\Users\User\AppData\Local\Microsoft\OneDrive\25.046.0310.0005_1\i386\FileSyncShell.dll</Data>
<Data Name="User">DESKTOP-M3AKJSD\User</Data>
</EventData>
</Event>

<Event xmlns="http://schemas.microsoft.com/win/2004/08/events/event"><System><Provider Name="Microsoft-Windows-Sysmon" Guid="{5770385f-c22a-43e0-bf4c-06f5698ffbd9}"></Provider>
<EventID Qualifiers="">13</EventID>
<Version>2</Version>
<Level>4</Level>
<Task>13</Task>
<Opcode>0</Opcode>
<Keywords>0x8000000000000000</Keywords>
<TimeCreated SystemTime="2025-04-10 06:06:53.931738"></TimeCreated>
<EventRecordID>6736</EventRecordID>
<Correlation ActivityID="" RelatedActivityID=""></Correlation>
<Execution ProcessID="4420" ThreadID="5708"></Execution>
<Channel>Microsoft-Windows-Sysmon/Operational</Channel>
<Computer>DESKTOP-M3AKJSD</Computer>
<Security UserID="S-1-5-18"></Security>
</System>
<EventData><Data Name="RuleName">T1122</Data>
<Data Name="EventType">SetValue</Data>
<Data Name="UtcTime">2025-04-10 06:06:53.929</Data>
<Data Name="ProcessGuid">{53c665d1-5ffd-67f7-1c01-000000001700}</Data>
<Data Name="ProcessId">9784</Data>
<Data Name="Image">C:\Users\User\AppData\Local\Microsoft\OneDrive\OneDrive.exe</Data>
<Data Name="TargetObject">HKU\S-1-5-21-3999086100-426973801-4203759309-1002_Classes\CLSID\{9AA2F32D-362A-42D9-9328-24A483E2CCC3}\InprocServer32\(Default)</Data>
<Data Name="Details">C:\Users\User\AppData\Local\Microsoft\OneDrive\25.046.0310.0005_1\FileSyncShell64.dll</Data>
<Data Name="User">DESKTOP-M3AKJSD\User</Data>
</EventData>
</Event>

<Event xmlns="http://schemas.microsoft.com/win/2004/08/events/event"><System><Provider Name="Microsoft-Windows-Sysmon" Guid="{5770385f-c22a-43e0-bf4c-06f5698ffbd9}"></Provider>
<EventID Qualifiers="">13</EventID>
<Version>2</Version>
<Level>4</Level>
<Task>13</Task>
<Opcode>0</Opcode>
<Keywords>0x8000000000000000</Keywords>
<TimeCreated SystemTime="2025-04-10 06:06:53.931789"></TimeCreated>
<EventRecordID>6737</EventRecordID>
<Correlation ActivityID="" RelatedActivityID=""></Correlation>
<Execution ProcessID="4420" ThreadID="5708"></Execution>
<Channel>Microsoft-Windows-Sysmon/Operational</Channel>
<Computer>DESKTOP-M3AKJSD</Computer>
<Security UserID="S-1-5-18"></Security>
</System>
<EventData><Data Name="RuleName">T1122</Data>
<Data Name="EventType">SetValue</Data>
<Data Name="UtcTime">2025-04-10 06:06:53.931</Data>
<Data Name="ProcessGuid">{53c665d1-5ffd-67f7-1c01-000000001700}</Data>
<Data Name="ProcessId">9784</Data>
<Data Name="Image">C:\Users\User\AppData\Local\Microsoft\OneDrive\OneDrive.exe</Data>
<Data Name="TargetObject">HKU\S-1-5-21-3999086100-426973801-4203759309-1002_Classes\WOW6432Node\CLSID\{9AA2F32D-362A-42D9-9328-24A483E2CCC3}\InprocServer32\(Default)</Data>
<Data Name="Details">C:\Users\User\AppData\Local\Microsoft\OneDrive\25.046.0310.0005_1\i386\FileSyncShell.dll</Data>
<Data Name="User">DESKTOP-M3AKJSD\User</Data>
</EventData>
</Event>

<Event xmlns="http://schemas.microsoft.com/win/2004/08/events/event"><System><Provider Name="Microsoft-Windows-Sysmon" Guid="{5770385f-c22a-43e0-bf4c-06f5698ffbd9}"></Provider>
<EventID Qualifiers="">13</EventID>
<Version>2</Version>
<Level>4</Level>
<Task>13</Task>
<Opcode>0</Opcode>
<Keywords>0x8000000000000000</Keywords>
<TimeCreated SystemTime="2025-04-10 06:06:53.932426"></TimeCreated>
<EventRecordID>6738</EventRecordID>
<Correlation ActivityID="" RelatedActivityID=""></Correlation>
<Execution ProcessID="4420" ThreadID="5708"></Execution>
<Channel>Microsoft-Windows-Sysmon/Operational</Channel>
<Computer>DESKTOP-M3AKJSD</Computer>
<Security UserID="S-1-5-18"></Security>
</System>
<EventData><Data Name="RuleName">T1122</Data>
<Data Name="EventType">SetValue</Data>
<Data Name="UtcTime">2025-04-10 06:06:53.931</Data>
<Data Name="ProcessGuid">{53c665d1-5ffd-67f7-1c01-000000001700}</Data>
<Data Name="ProcessId">9784</Data>
<Data Name="Image">C:\Users\User\AppData\Local\Microsoft\OneDrive\OneDrive.exe</Data>
<Data Name="TargetObject">HKU\S-1-5-21-3999086100-426973801-4203759309-1002_Classes\CLSID\{C5FF006E-2AE9-408C-B85B-2DFDD5449D9C}\InprocServer32\(Default)</Data>
<Data Name="Details">C:\Users\User\AppData\Local\Microsoft\OneDrive\25.046.0310.0005_1\FileSyncShell64.dll</Data>
<Data Name="User">DESKTOP-M3AKJSD\User</Data>
</EventData>
</Event>

<Event xmlns="http://schemas.microsoft.com/win/2004/08/events/event"><System><Provider Name="Microsoft-Windows-Sysmon" Guid="{5770385f-c22a-43e0-bf4c-06f5698ffbd9}"></Provider>
<EventID Qualifiers="">13</EventID>
<Version>2</Version>
<Level>4</Level>
<Task>13</Task>
<Opcode>0</Opcode>
<Keywords>0x8000000000000000</Keywords>
<TimeCreated SystemTime="2025-04-10 06:06:53.932589"></TimeCreated>
<EventRecordID>6739</EventRecordID>
<Correlation ActivityID="" RelatedActivityID=""></Correlation>
<Execution ProcessID="4420" ThreadID="5708"></Execution>
<Channel>Microsoft-Windows-Sysmon/Operational</Channel>
<Computer>DESKTOP-M3AKJSD</Computer>
<Security UserID="S-1-5-18"></Security>
</System>
<EventData><Data Name="RuleName">T1122</Data>
<Data Name="EventType">SetValue</Data>
<Data Name="UtcTime">2025-04-10 06:06:53.931</Data>
<Data Name="ProcessGuid">{53c665d1-5ffd-67f7-1c01-000000001700}</Data>
<Data Name="ProcessId">9784</Data>
<Data Name="Image">C:\Users\User\AppData\Local\Microsoft\OneDrive\OneDrive.exe</Data>
<Data Name="TargetObject">HKU\S-1-5-21-3999086100-426973801-4203759309-1002_Classes\WOW6432Node\CLSID\{C5FF006E-2AE9-408C-B85B-2DFDD5449D9C}\InprocServer32\(Default)</Data>
<Data Name="Details">C:\Users\User\AppData\Local\Microsoft\OneDrive\25.046.0310.0005_1\i386\FileSyncShell.dll</Data>
<Data Name="User">DESKTOP-M3AKJSD\User</Data>
</EventData>
</Event>

<Event xmlns="http://schemas.microsoft.com/win/2004/08/events/event"><System><Provider Name="Microsoft-Windows-Sysmon" Guid="{5770385f-c22a-43e0-bf4c-06f5698ffbd9}"></Provider>
<EventID Qualifiers="">13</EventID>
<Version>2</Version>
<Level>4</Level>
<Task>13</Task>
<Opcode>0</Opcode>
<Keywords>0x8000000000000000</Keywords>
<TimeCreated SystemTime="2025-04-10 06:06:53.933220"></TimeCreated>
<EventRecordID>6740</EventRecordID>
<Correlation ActivityID="" RelatedActivityID=""></Correlation>
<Execution ProcessID="4420" ThreadID="5708"></Execution>
<Channel>Microsoft-Windows-Sysmon/Operational</Channel>
<Computer>DESKTOP-M3AKJSD</Computer>
<Security UserID="S-1-5-18"></Security>
</System>
<EventData><Data Name="RuleName">T1122</Data>
<Data Name="EventType">SetValue</Data>
<Data Name="UtcTime">2025-04-10 06:06:53.931</Data>
<Data Name="ProcessGuid">{53c665d1-5ffd-67f7-1c01-000000001700}</Data>
<Data Name="ProcessId">9784</Data>
<Data Name="Image">C:\Users\User\AppData\Local\Microsoft\OneDrive\OneDrive.exe</Data>
<Data Name="TargetObject">HKU\S-1-5-21-3999086100-426973801-4203759309-1002_Classes\CLSID\{7AFDFDDB-F914-11E4-8377-6C3BE50D980C}\InprocServer32\(Default)</Data>
<Data Name="Details">C:\Users\User\AppData\Local\Microsoft\OneDrive\25.046.0310.0005_1\FileSyncShell64.dll</Data>
<Data Name="User">DESKTOP-M3AKJSD\User</Data>
</EventData>
</Event>

<Event xmlns="http://schemas.microsoft.com/win/2004/08/events/event"><System><Provider Name="Microsoft-Windows-Sysmon" Guid="{5770385f-c22a-43e0-bf4c-06f5698ffbd9}"></Provider>
<EventID Qualifiers="">13</EventID>
<Version>2</Version>
<Level>4</Level>
<Task>13</Task>
<Opcode>0</Opcode>
<Keywords>0x8000000000000000</Keywords>
<TimeCreated SystemTime="2025-04-10 06:06:53.933344"></TimeCreated>
<EventRecordID>6741</EventRecordID>
<Correlation ActivityID="" RelatedActivityID=""></Correlation>
<Execution ProcessID="4420" ThreadID="5708"></Execution>
<Channel>Microsoft-Windows-Sysmon/Operational</Channel>
<Computer>DESKTOP-M3AKJSD</Computer>
<Security UserID="S-1-5-18"></Security>
</System>
<EventData><Data Name="RuleName">T1122</Data>
<Data Name="EventType">SetValue</Data>
<Data Name="UtcTime">2025-04-10 06:06:53.931</Data>
<Data Name="ProcessGuid">{53c665d1-5ffd-67f7-1c01-000000001700}</Data>
<Data Name="ProcessId">9784</Data>
<Data Name="Image">C:\Users\User\AppData\Local\Microsoft\OneDrive\OneDrive.exe</Data>
<Data Name="TargetObject">HKU\S-1-5-21-3999086100-426973801-4203759309-1002_Classes\WOW6432Node\CLSID\{7AFDFDDB-F914-11E4-8377-6C3BE50D980C}\InprocServer32\(Default)</Data>
<Data Name="Details">C:\Users\User\AppData\Local\Microsoft\OneDrive\25.046.0310.0005_1\i386\FileSyncShell.dll</Data>
<Data Name="User">DESKTOP-M3AKJSD\User</Data>
</EventData>
</Event>

<Event xmlns="http://schemas.microsoft.com/win/2004/08/events/event"><System><Provider Name="Microsoft-Windows-Sysmon" Guid="{5770385f-c22a-43e0-bf4c-06f5698ffbd9}"></Provider>
<EventID Qualifiers="">13</EventID>
<Version>2</Version>
<Level>4</Level>
<Task>13</Task>
<Opcode>0</Opcode>
<Keywords>0x8000000000000000</Keywords>
<TimeCreated SystemTime="2025-04-10 06:06:53.933914"></TimeCreated>
<EventRecordID>6742</EventRecordID>
<Correlation ActivityID="" RelatedActivityID=""></Correlation>
<Execution ProcessID="4420" ThreadID="5708"></Execution>
<Channel>Microsoft-Windows-Sysmon/Operational</Channel>
<Computer>DESKTOP-M3AKJSD</Computer>
<Security UserID="S-1-5-18"></Security>
</System>
<EventData><Data Name="RuleName">T1122</Data>
<Data Name="EventType">SetValue</Data>
<Data Name="UtcTime">2025-04-10 06:06:53.931</Data>
<Data Name="ProcessGuid">{53c665d1-5ffd-67f7-1c01-000000001700}</Data>
<Data Name="ProcessId">9784</Data>
<Data Name="Image">C:\Users\User\AppData\Local\Microsoft\OneDrive\OneDrive.exe</Data>
<Data Name="TargetObject">HKU\S-1-5-21-3999086100-426973801-4203759309-1002_Classes\CLSID\{82CA8DE3-01AD-4CEA-9D75-BE4C51810A9E}\InprocServer32\(Default)</Data>
<Data Name="Details">C:\Users\User\AppData\Local\Microsoft\OneDrive\25.046.0310.0005_1\FileSyncShell64.dll</Data>
<Data Name="User">DESKTOP-M3AKJSD\User</Data>
</EventData>
</Event>

<Event xmlns="http://schemas.microsoft.com/win/2004/08/events/event"><System><Provider Name="Microsoft-Windows-Sysmon" Guid="{5770385f-c22a-43e0-bf4c-06f5698ffbd9}"></Provider>
<EventID Qualifiers="">13</EventID>
<Version>2</Version>
<Level>4</Level>
<Task>13</Task>
<Opcode>0</Opcode>
<Keywords>0x8000000000000000</Keywords>
<TimeCreated SystemTime="2025-04-10 06:06:53.934040"></TimeCreated>
<EventRecordID>6743</EventRecordID>
<Correlation ActivityID="" RelatedActivityID=""></Correlation>
<Execution ProcessID="4420" ThreadID="5708"></Execution>
<Channel>Microsoft-Windows-Sysmon/Operational</Channel>
<Computer>DESKTOP-M3AKJSD</Computer>
<Security UserID="S-1-5-18"></Security>
</System>
<EventData><Data Name="RuleName">T1122</Data>
<Data Name="EventType">SetValue</Data>
<Data Name="UtcTime">2025-04-10 06:06:53.931</Data>
<Data Name="ProcessGuid">{53c665d1-5ffd-67f7-1c01-000000001700}</Data>
<Data Name="ProcessId">9784</Data>
<Data Name="Image">C:\Users\User\AppData\Local\Microsoft\OneDrive\OneDrive.exe</Data>
<Data Name="TargetObject">HKU\S-1-5-21-3999086100-426973801-4203759309-1002_Classes\WOW6432Node\CLSID\{82CA8DE3-01AD-4CEA-9D75-BE4C51810A9E}\InprocServer32\(Default)</Data>
<Data Name="Details">C:\Users\User\AppData\Local\Microsoft\OneDrive\25.046.0310.0005_1\i386\FileSyncShell.dll</Data>
<Data Name="User">DESKTOP-M3AKJSD\User</Data>
</EventData>
</Event>

<Event xmlns="http://schemas.microsoft.com/win/2004/08/events/event"><System><Provider Name="Microsoft-Windows-Sysmon" Guid="{5770385f-c22a-43e0-bf4c-06f5698ffbd9}"></Provider>
<EventID Qualifiers="">13</EventID>
<Version>2</Version>
<Level>4</Level>
<Task>13</Task>
<Opcode>0</Opcode>
<Keywords>0x8000000000000000</Keywords>
<TimeCreated SystemTime="2025-04-10 06:06:53.934656"></TimeCreated>
<EventRecordID>6744</EventRecordID>
<Correlation ActivityID="" RelatedActivityID=""></Correlation>
<Execution ProcessID="4420" ThreadID="5708"></Execution>
<Channel>Microsoft-Windows-Sysmon/Operational</Channel>
<Computer>DESKTOP-M3AKJSD</Computer>
<Security UserID="S-1-5-18"></Security>
</System>
<EventData><Data Name="RuleName">T1122</Data>
<Data Name="EventType">SetValue</Data>
<Data Name="UtcTime">2025-04-10 06:06:53.934</Data>
<Data Name="ProcessGuid">{53c665d1-5ffd-67f7-1c01-000000001700}</Data>
<Data Name="ProcessId">9784</Data>
<Data Name="Image">C:\Users\User\AppData\Local\Microsoft\OneDrive\OneDrive.exe</Data>
<Data Name="TargetObject">HKU\S-1-5-21-3999086100-426973801-4203759309-1002_Classes\CLSID\{1BF42E4C-4AF4-4CFD-A1A0-CF2960B8F63E}\InprocServer32\(Default)</Data>
<Data Name="Details">C:\Users\User\AppData\Local\Microsoft\OneDrive\25.046.0310.0005_1\FileSyncShell64.dll</Data>
<Data Name="User">DESKTOP-M3AKJSD\User</Data>
</EventData>
</Event>

<Event xmlns="http://schemas.microsoft.com/win/2004/08/events/event"><System><Provider Name="Microsoft-Windows-Sysmon" Guid="{5770385f-c22a-43e0-bf4c-06f5698ffbd9}"></Provider>
<EventID Qualifiers="">13</EventID>
<Version>2</Version>
<Level>4</Level>
<Task>13</Task>
<Opcode>0</Opcode>
<Keywords>0x8000000000000000</Keywords>
<TimeCreated SystemTime="2025-04-10 06:06:53.934776"></TimeCreated>
<EventRecordID>6745</EventRecordID>
<Correlation ActivityID="" RelatedActivityID=""></Correlation>
<Execution ProcessID="4420" ThreadID="5708"></Execution>
<Channel>Microsoft-Windows-Sysmon/Operational</Channel>
<Computer>DESKTOP-M3AKJSD</Computer>
<Security UserID="S-1-5-18"></Security>
</System>
<EventData><Data Name="RuleName">T1122</Data>
<Data Name="EventType">SetValue</Data>
<Data Name="UtcTime">2025-04-10 06:06:53.934</Data>
<Data Name="ProcessGuid">{53c665d1-5ffd-67f7-1c01-000000001700}</Data>
<Data Name="ProcessId">9784</Data>
<Data Name="Image">C:\Users\User\AppData\Local\Microsoft\OneDrive\OneDrive.exe</Data>
<Data Name="TargetObject">HKU\S-1-5-21-3999086100-426973801-4203759309-1002_Classes\WOW6432Node\CLSID\{1BF42E4C-4AF4-4CFD-A1A0-CF2960B8F63E}\InprocServer32\(Default)</Data>
<Data Name="Details">C:\Users\User\AppData\Local\Microsoft\OneDrive\25.046.0310.0005_1\i386\FileSyncShell.dll</Data>
<Data Name="User">DESKTOP-M3AKJSD\User</Data>
</EventData>
</Event>

<Event xmlns="http://schemas.microsoft.com/win/2004/08/events/event"><System><Provider Name="Microsoft-Windows-Sysmon" Guid="{5770385f-c22a-43e0-bf4c-06f5698ffbd9}"></Provider>
<EventID Qualifiers="">13</EventID>
<Version>2</Version>
<Level>4</Level>
<Task>13</Task>
<Opcode>0</Opcode>
<Keywords>0x8000000000000000</Keywords>
<TimeCreated SystemTime="2025-04-10 06:06:53.935345"></TimeCreated>
<EventRecordID>6746</EventRecordID>
<Correlation ActivityID="" RelatedActivityID=""></Correlation>
<Execution ProcessID="4420" ThreadID="5708"></Execution>
<Channel>Microsoft-Windows-Sysmon/Operational</Channel>
<Computer>DESKTOP-M3AKJSD</Computer>
<Security UserID="S-1-5-18"></Security>
</System>
<EventData><Data Name="RuleName">T1122</Data>
<Data Name="EventType">SetValue</Data>
<Data Name="UtcTime">2025-04-10 06:06:53.934</Data>
<Data Name="ProcessGuid">{53c665d1-5ffd-67f7-1c01-000000001700}</Data>
<Data Name="ProcessId">9784</Data>
<Data Name="Image">C:\Users\User\AppData\Local\Microsoft\OneDrive\OneDrive.exe</Data>
<Data Name="TargetObject">HKU\S-1-5-21-3999086100-426973801-4203759309-1002_Classes\CLSID\{20894375-46AE-46E2-BAFD-CB38975CDCE6}\InprocServer32\(Default)</Data>
<Data Name="Details">C:\Users\User\AppData\Local\Microsoft\OneDrive\25.046.0310.0005_1\FileSyncShell64.dll</Data>
<Data Name="User">DESKTOP-M3AKJSD\User</Data>
</EventData>
</Event>

<Event xmlns="http://schemas.microsoft.com/win/2004/08/events/event"><System><Provider Name="Microsoft-Windows-Sysmon" Guid="{5770385f-c22a-43e0-bf4c-06f5698ffbd9}"></Provider>
<EventID Qualifiers="">13</EventID>
<Version>2</Version>
<Level>4</Level>
<Task>13</Task>
<Opcode>0</Opcode>
<Keywords>0x8000000000000000</Keywords>
<TimeCreated SystemTime="2025-04-10 06:06:53.935469"></TimeCreated>
<EventRecordID>6747</EventRecordID>
<Correlation ActivityID="" RelatedActivityID=""></Correlation>
<Execution ProcessID="4420" ThreadID="5708"></Execution>
<Channel>Microsoft-Windows-Sysmon/Operational</Channel>
<Computer>DESKTOP-M3AKJSD</Computer>
<Security UserID="S-1-5-18"></Security>
</System>
<EventData><Data Name="RuleName">T1122</Data>
<Data Name="EventType">SetValue</Data>
<Data Name="UtcTime">2025-04-10 06:06:53.934</Data>
<Data Name="ProcessGuid">{53c665d1-5ffd-67f7-1c01-000000001700}</Data>
<Data Name="ProcessId">9784</Data>
<Data Name="Image">C:\Users\User\AppData\Local\Microsoft\OneDrive\OneDrive.exe</Data>
<Data Name="TargetObject">HKU\S-1-5-21-3999086100-426973801-4203759309-1002_Classes\WOW6432Node\CLSID\{20894375-46AE-46E2-BAFD-CB38975CDCE6}\InprocServer32\(Default)</Data>
<Data Name="Details">C:\Users\User\AppData\Local\Microsoft\OneDrive\25.046.0310.0005_1\i386\FileSyncShell.dll</Data>
<Data Name="User">DESKTOP-M3AKJSD\User</Data>
</EventData>
</Event>

<Event xmlns="http://schemas.microsoft.com/win/2004/08/events/event"><System><Provider Name="Microsoft-Windows-Sysmon" Guid="{5770385f-c22a-43e0-bf4c-06f5698ffbd9}"></Provider>
<EventID Qualifiers="">13</EventID>
<Version>2</Version>
<Level>4</Level>
<Task>13</Task>
<Opcode>0</Opcode>
<Keywords>0x8000000000000000</Keywords>
<TimeCreated SystemTime="2025-04-10 06:06:53.935997"></TimeCreated>
<EventRecordID>6748</EventRecordID>
<Correlation ActivityID="" RelatedActivityID=""></Correlation>
<Execution ProcessID="4420" ThreadID="5708"></Execution>
<Channel>Microsoft-Windows-Sysmon/Operational</Channel>
<Computer>DESKTOP-M3AKJSD</Computer>
<Security UserID="S-1-5-18"></Security>
</System>
<EventData><Data Name="RuleName">T1122</Data>
<Data Name="EventType">SetValue</Data>
<Data Name="UtcTime">2025-04-10 06:06:53.934</Data>
<Data Name="ProcessGuid">{53c665d1-5ffd-67f7-1c01-000000001700}</Data>
<Data Name="ProcessId">9784</Data>
<Data Name="Image">C:\Users\User\AppData\Local\Microsoft\OneDrive\OneDrive.exe</Data>
<Data Name="TargetObject">HKU\S-1-5-21-3999086100-426973801-4203759309-1002_Classes\CLSID\{CB3D0F55-BC2C-4C1A-85ED-23ED75B5106B}\InprocServer32\(Default)</Data>
<Data Name="Details">C:\Users\User\AppData\Local\Microsoft\OneDrive\25.046.0310.0005_1\FileSyncShell64.dll</Data>
<Data Name="User">DESKTOP-M3AKJSD\User</Data>
</EventData>
</Event>

<Event xmlns="http://schemas.microsoft.com/win/2004/08/events/event"><System><Provider Name="Microsoft-Windows-Sysmon" Guid="{5770385f-c22a-43e0-bf4c-06f5698ffbd9}"></Provider>
<EventID Qualifiers="">13</EventID>
<Version>2</Version>
<Level>4</Level>
<Task>13</Task>
<Opcode>0</Opcode>
<Keywords>0x8000000000000000</Keywords>
<TimeCreated SystemTime="2025-04-10 06:06:53.936117"></TimeCreated>
<EventRecordID>6749</EventRecordID>
<Correlation ActivityID="" RelatedActivityID=""></Correlation>
<Execution ProcessID="4420" ThreadID="5708"></Execution>
<Channel>Microsoft-Windows-Sysmon/Operational</Channel>
<Computer>DESKTOP-M3AKJSD</Computer>
<Security UserID="S-1-5-18"></Security>
</System>
<EventData><Data Name="RuleName">T1122</Data>
<Data Name="EventType">SetValue</Data>
<Data Name="UtcTime">2025-04-10 06:06:53.934</Data>
<Data Name="ProcessGuid">{53c665d1-5ffd-67f7-1c01-000000001700}</Data>
<Data Name="ProcessId">9784</Data>
<Data Name="Image">C:\Users\User\AppData\Local\Microsoft\OneDrive\OneDrive.exe</Data>
<Data Name="TargetObject">HKU\S-1-5-21-3999086100-426973801-4203759309-1002_Classes\WOW6432Node\CLSID\{CB3D0F55-BC2C-4C1A-85ED-23ED75B5106B}\InprocServer32\(Default)</Data>
<Data Name="Details">C:\Users\User\AppData\Local\Microsoft\OneDrive\25.046.0310.0005_1\i386\FileSyncShell.dll</Data>
<Data Name="User">DESKTOP-M3AKJSD\User</Data>
</EventData>
</Event>

<Event xmlns="http://schemas.microsoft.com/win/2004/08/events/event"><System><Provider Name="Microsoft-Windows-Sysmon" Guid="{5770385f-c22a-43e0-bf4c-06f5698ffbd9}"></Provider>
<EventID Qualifiers="">13</EventID>
<Version>2</Version>
<Level>4</Level>
<Task>13</Task>
<Opcode>0</Opcode>
<Keywords>0x8000000000000000</Keywords>
<TimeCreated SystemTime="2025-04-10 06:06:53.936190"></TimeCreated>
<EventRecordID>6750</EventRecordID>
<Correlation ActivityID="" RelatedActivityID=""></Correlation>
<Execution ProcessID="4420" ThreadID="5708"></Execution>
<Channel>Microsoft-Windows-Sysmon/Operational</Channel>
<Computer>DESKTOP-M3AKJSD</Computer>
<Security UserID="S-1-5-18"></Security>
</System>
<EventData><Data Name="RuleName">-</Data>
<Data Name="EventType">SetValue</Data>
<Data Name="UtcTime">2025-04-10 06:06:53.934</Data>
<Data Name="ProcessGuid">{53c665d1-5ffd-67f7-1c01-000000001700}</Data>
<Data Name="ProcessId">9784</Data>
<Data Name="Image">C:\Users\User\AppData\Local\Microsoft\OneDrive\OneDrive.exe</Data>
<Data Name="TargetObject">HKU\S-1-5-21-3999086100-426973801-4203759309-1002_Classes\*\shellex\ContextMenuHandlers\ FileSyncEx\(Default)</Data>
<Data Name="Details">{CB3D0F55-BC2C-4C1A-85ED-23ED75B5106B}</Data>
<Data Name="User">DESKTOP-M3AKJSD\User</Data>
</EventData>
</Event>

<Event xmlns="http://schemas.microsoft.com/win/2004/08/events/event"><System><Provider Name="Microsoft-Windows-Sysmon" Guid="{5770385f-c22a-43e0-bf4c-06f5698ffbd9}"></Provider>
<EventID Qualifiers="">13</EventID>
<Version>2</Version>
<Level>4</Level>
<Task>13</Task>
<Opcode>0</Opcode>
<Keywords>0x8000000000000000</Keywords>
<TimeCreated SystemTime="2025-04-10 06:06:53.936235"></TimeCreated>
<EventRecordID>6751</EventRecordID>
<Correlation ActivityID="" RelatedActivityID=""></Correlation>
<Execution ProcessID="4420" ThreadID="5708"></Execution>
<Channel>Microsoft-Windows-Sysmon/Operational</Channel>
<Computer>DESKTOP-M3AKJSD</Computer>
<Security UserID="S-1-5-18"></Security>
</System>
<EventData><Data Name="RuleName">-</Data>
<Data Name="EventType">SetValue</Data>
<Data Name="UtcTime">2025-04-10 06:06:53.934</Data>
<Data Name="ProcessGuid">{53c665d1-5ffd-67f7-1c01-000000001700}</Data>
<Data Name="ProcessId">9784</Data>
<Data Name="Image">C:\Users\User\AppData\Local\Microsoft\OneDrive\OneDrive.exe</Data>
<Data Name="TargetObject">HKU\S-1-5-21-3999086100-426973801-4203759309-1002_Classes\*\shellex\ContextMenuHandlers\ FileSyncEx\(Default)</Data>
<Data Name="Details">{CB3D0F55-BC2C-4C1A-85ED-23ED75B5106B}</Data>
<Data Name="User">DESKTOP-M3AKJSD\User</Data>
</EventData>
</Event>

<Event xmlns="http://schemas.microsoft.com/win/2004/08/events/event"><System><Provider Name="Microsoft-Windows-Sysmon" Guid="{5770385f-c22a-43e0-bf4c-06f5698ffbd9}"></Provider>
<EventID Qualifiers="">13</EventID>
<Version>2</Version>
<Level>4</Level>
<Task>13</Task>
<Opcode>0</Opcode>
<Keywords>0x8000000000000000</Keywords>
<TimeCreated SystemTime="2025-04-10 06:06:53.936377"></TimeCreated>
<EventRecordID>6752</EventRecordID>
<Correlation ActivityID="" RelatedActivityID=""></Correlation>
<Execution ProcessID="4420" ThreadID="5708"></Execution>
<Channel>Microsoft-Windows-Sysmon/Operational</Channel>
<Computer>DESKTOP-M3AKJSD</Computer>
<Security UserID="S-1-5-18"></Security>
</System>
<EventData><Data Name="RuleName">-</Data>
<Data Name="EventType">SetValue</Data>
<Data Name="UtcTime">2025-04-10 06:06:53.934</Data>
<Data Name="ProcessGuid">{53c665d1-5ffd-67f7-1c01-000000001700}</Data>
<Data Name="ProcessId">9784</Data>
<Data Name="Image">C:\Users\User\AppData\Local\Microsoft\OneDrive\OneDrive.exe</Data>
<Data Name="TargetObject">HKU\S-1-5-21-3999086100-426973801-4203759309-1002_Classes\Directory\Background\shellex\ContextMenuHandlers\ FileSyncEx\(Default)</Data>
<Data Name="Details">{CB3D0F55-BC2C-4C1A-85ED-23ED75B5106B}</Data>
<Data Name="User">DESKTOP-M3AKJSD\User</Data>
</EventData>
</Event>

<Event xmlns="http://schemas.microsoft.com/win/2004/08/events/event"><System><Provider Name="Microsoft-Windows-Sysmon" Guid="{5770385f-c22a-43e0-bf4c-06f5698ffbd9}"></Provider>
<EventID Qualifiers="">13</EventID>
<Version>2</Version>
<Level>4</Level>
<Task>13</Task>
<Opcode>0</Opcode>
<Keywords>0x8000000000000000</Keywords>
<TimeCreated SystemTime="2025-04-10 06:06:53.936501"></TimeCreated>
<EventRecordID>6753</EventRecordID>
<Correlation ActivityID="" RelatedActivityID=""></Correlation>
<Execution ProcessID="4420" ThreadID="5708"></Execution>
<Channel>Microsoft-Windows-Sysmon/Operational</Channel>
<Computer>DESKTOP-M3AKJSD</Computer>
<Security UserID="S-1-5-18"></Security>
</System>
<EventData><Data Name="RuleName">-</Data>
<Data Name="EventType">SetValue</Data>
<Data Name="UtcTime">2025-04-10 06:06:53.934</Data>
<Data Name="ProcessGuid">{53c665d1-5ffd-67f7-1c01-000000001700}</Data>
<Data Name="ProcessId">9784</Data>
<Data Name="Image">C:\Users\User\AppData\Local\Microsoft\OneDrive\OneDrive.exe</Data>
<Data Name="TargetObject">HKU\S-1-5-21-3999086100-426973801-4203759309-1002_Classes\Directory\Background\shellex\ContextMenuHandlers\ FileSyncEx\(Default)</Data>
<Data Name="Details">{CB3D0F55-BC2C-4C1A-85ED-23ED75B5106B}</Data>
<Data Name="User">DESKTOP-M3AKJSD\User</Data>
</EventData>
</Event>

<Event xmlns="http://schemas.microsoft.com/win/2004/08/events/event"><System><Provider Name="Microsoft-Windows-Sysmon" Guid="{5770385f-c22a-43e0-bf4c-06f5698ffbd9}"></Provider>
<EventID Qualifiers="">13</EventID>
<Version>2</Version>
<Level>4</Level>
<Task>13</Task>
<Opcode>0</Opcode>
<Keywords>0x8000000000000000</Keywords>
<TimeCreated SystemTime="2025-04-10 06:06:53.936632"></TimeCreated>
<EventRecordID>6754</EventRecordID>
<Correlation ActivityID="" RelatedActivityID=""></Correlation>
<Execution ProcessID="4420" ThreadID="5708"></Execution>
<Channel>Microsoft-Windows-Sysmon/Operational</Channel>
<Computer>DESKTOP-M3AKJSD</Computer>
<Security UserID="S-1-5-18"></Security>
</System>
<EventData><Data Name="RuleName">-</Data>
<Data Name="EventType">SetValue</Data>
<Data Name="UtcTime">2025-04-10 06:06:53.934</Data>
<Data Name="ProcessGuid">{53c665d1-5ffd-67f7-1c01-000000001700}</Data>
<Data Name="ProcessId">9784</Data>
<Data Name="Image">C:\Users\User\AppData\Local\Microsoft\OneDrive\OneDrive.exe</Data>
<Data Name="TargetObject">HKU\S-1-5-21-3999086100-426973801-4203759309-1002_Classes\Directory\shellex\ContextMenuHandlers\ FileSyncEx\(Default)</Data>
<Data Name="Details">{CB3D0F55-BC2C-4C1A-85ED-23ED75B5106B}</Data>
<Data Name="User">DESKTOP-M3AKJSD\User</Data>
</EventData>
</Event>

<Event xmlns="http://schemas.microsoft.com/win/2004/08/events/event"><System><Provider Name="Microsoft-Windows-Sysmon" Guid="{5770385f-c22a-43e0-bf4c-06f5698ffbd9}"></Provider>
<EventID Qualifiers="">13</EventID>
<Version>2</Version>
<Level>4</Level>
<Task>13</Task>
<Opcode>0</Opcode>
<Keywords>0x8000000000000000</Keywords>
<TimeCreated SystemTime="2025-04-10 06:06:53.936823"></TimeCreated>
<EventRecordID>6755</EventRecordID>
<Correlation ActivityID="" RelatedActivityID=""></Correlation>
<Execution ProcessID="4420" ThreadID="5708"></Execution>
<Channel>Microsoft-Windows-Sysmon/Operational</Channel>
<Computer>DESKTOP-M3AKJSD</Computer>
<Security UserID="S-1-5-18"></Security>
</System>
<EventData><Data Name="RuleName">-</Data>
<Data Name="EventType">SetValue</Data>
<Data Name="UtcTime">2025-04-10 06:06:53.936</Data>
<Data Name="ProcessGuid">{53c665d1-5ffd-67f7-1c01-000000001700}</Data>
<Data Name="ProcessId">9784</Data>
<Data Name="Image">C:\Users\User\AppData\Local\Microsoft\OneDrive\OneDrive.exe</Data>
<Data Name="TargetObject">HKU\S-1-5-21-3999086100-426973801-4203759309-1002_Classes\Directory\shellex\ContextMenuHandlers\ FileSyncEx\(Default)</Data>
<Data Name="Details">{CB3D0F55-BC2C-4C1A-85ED-23ED75B5106B}</Data>
<Data Name="User">DESKTOP-M3AKJSD\User</Data>
</EventData>
</Event>

<Event xmlns="http://schemas.microsoft.com/win/2004/08/events/event"><System><Provider Name="Microsoft-Windows-Sysmon" Guid="{5770385f-c22a-43e0-bf4c-06f5698ffbd9}"></Provider>
<EventID Qualifiers="">13</EventID>
<Version>2</Version>
<Level>4</Level>
<Task>13</Task>
<Opcode>0</Opcode>
<Keywords>0x8000000000000000</Keywords>
<TimeCreated SystemTime="2025-04-10 06:06:53.936941"></TimeCreated>
<EventRecordID>6756</EventRecordID>
<Correlation ActivityID="" RelatedActivityID=""></Correlation>
<Execution ProcessID="4420" ThreadID="5708"></Execution>
<Channel>Microsoft-Windows-Sysmon/Operational</Channel>
<Computer>DESKTOP-M3AKJSD</Computer>
<Security UserID="S-1-5-18"></Security>
</System>
<EventData><Data Name="RuleName">-</Data>
<Data Name="EventType">SetValue</Data>
<Data Name="UtcTime">2025-04-10 06:06:53.936</Data>
<Data Name="ProcessGuid">{53c665d1-5ffd-67f7-1c01-000000001700}</Data>
<Data Name="ProcessId">9784</Data>
<Data Name="Image">C:\Users\User\AppData\Local\Microsoft\OneDrive\OneDrive.exe</Data>
<Data Name="TargetObject">HKU\S-1-5-21-3999086100-426973801-4203759309-1002_Classes\IE.AssocFile.URL\shellex\ContextMenuHandlers\ FileSyncEx\(Default)</Data>
<Data Name="Details">{CB3D0F55-BC2C-4C1A-85ED-23ED75B5106B}</Data>
<Data Name="User">DESKTOP-M3AKJSD\User</Data>
</EventData>
</Event>

<Event xmlns="http://schemas.microsoft.com/win/2004/08/events/event"><System><Provider Name="Microsoft-Windows-Sysmon" Guid="{5770385f-c22a-43e0-bf4c-06f5698ffbd9}"></Provider>
<EventID Qualifiers="">13</EventID>
<Version>2</Version>
<Level>4</Level>
<Task>13</Task>
<Opcode>0</Opcode>
<Keywords>0x8000000000000000</Keywords>
<TimeCreated SystemTime="2025-04-10 06:06:53.937050"></TimeCreated>
<EventRecordID>6757</EventRecordID>
<Correlation ActivityID="" RelatedActivityID=""></Correlation>
<Execution ProcessID="4420" ThreadID="5708"></Execution>
<Channel>Microsoft-Windows-Sysmon/Operational</Channel>
<Computer>DESKTOP-M3AKJSD</Computer>
<Security UserID="S-1-5-18"></Security>
</System>
<EventData><Data Name="RuleName">-</Data>
<Data Name="EventType">SetValue</Data>
<Data Name="UtcTime">2025-04-10 06:06:53.936</Data>
<Data Name="ProcessGuid">{53c665d1-5ffd-67f7-1c01-000000001700}</Data>
<Data Name="ProcessId">9784</Data>
<Data Name="Image">C:\Users\User\AppData\Local\Microsoft\OneDrive\OneDrive.exe</Data>
<Data Name="TargetObject">HKU\S-1-5-21-3999086100-426973801-4203759309-1002_Classes\IE.AssocFile.URL\shellex\ContextMenuHandlers\ FileSyncEx\(Default)</Data>
<Data Name="Details">{CB3D0F55-BC2C-4C1A-85ED-23ED75B5106B}</Data>
<Data Name="User">DESKTOP-M3AKJSD\User</Data>
</EventData>
</Event>

<Event xmlns="http://schemas.microsoft.com/win/2004/08/events/event"><System><Provider Name="Microsoft-Windows-Sysmon" Guid="{5770385f-c22a-43e0-bf4c-06f5698ffbd9}"></Provider>
<EventID Qualifiers="">13</EventID>
<Version>2</Version>
<Level>4</Level>
<Task>13</Task>
<Opcode>0</Opcode>
<Keywords>0x8000000000000000</Keywords>
<TimeCreated SystemTime="2025-04-10 06:06:53.937140"></TimeCreated>
<EventRecordID>6758</EventRecordID>
<Correlation ActivityID="" RelatedActivityID=""></Correlation>
<Execution ProcessID="4420" ThreadID="5708"></Execution>
<Channel>Microsoft-Windows-Sysmon/Operational</Channel>
<Computer>DESKTOP-M3AKJSD</Computer>
<Security UserID="S-1-5-18"></Security>
</System>
<EventData><Data Name="RuleName">-</Data>
<Data Name="EventType">SetValue</Data>
<Data Name="UtcTime">2025-04-10 06:06:53.936</Data>
<Data Name="ProcessGuid">{53c665d1-5ffd-67f7-1c01-000000001700}</Data>
<Data Name="ProcessId">9784</Data>
<Data Name="Image">C:\Users\User\AppData\Local\Microsoft\OneDrive\OneDrive.exe</Data>
<Data Name="TargetObject">HKU\S-1-5-21-3999086100-426973801-4203759309-1002_Classes\lnkfile\shellex\ContextMenuHandlers\ FileSyncEx\(Default)</Data>
<Data Name="Details">{CB3D0F55-BC2C-4C1A-85ED-23ED75B5106B}</Data>
<Data Name="User">DESKTOP-M3AKJSD\User</Data>
</EventData>
</Event>

<Event xmlns="http://schemas.microsoft.com/win/2004/08/events/event"><System><Provider Name="Microsoft-Windows-Sysmon" Guid="{5770385f-c22a-43e0-bf4c-06f5698ffbd9}"></Provider>
<EventID Qualifiers="">13</EventID>
<Version>2</Version>
<Level>4</Level>
<Task>13</Task>
<Opcode>0</Opcode>
<Keywords>0x8000000000000000</Keywords>
<TimeCreated SystemTime="2025-04-10 06:06:53.937315"></TimeCreated>
<EventRecordID>6759</EventRecordID>
<Correlation ActivityID="" RelatedActivityID=""></Correlation>
<Execution ProcessID="4420" ThreadID="5708"></Execution>
<Channel>Microsoft-Windows-Sysmon/Operational</Channel>
<Computer>DESKTOP-M3AKJSD</Computer>
<Security UserID="S-1-5-18"></Security>
</System>
<EventData><Data Name="RuleName">-</Data>
<Data Name="EventType">SetValue</Data>
<Data Name="UtcTime">2025-04-10 06:06:53.936</Data>
<Data Name="ProcessGuid">{53c665d1-5ffd-67f7-1c01-000000001700}</Data>
<Data Name="ProcessId">9784</Data>
<Data Name="Image">C:\Users\User\AppData\Local\Microsoft\OneDrive\OneDrive.exe</Data>
<Data Name="TargetObject">HKU\S-1-5-21-3999086100-426973801-4203759309-1002_Classes\lnkfile\shellex\ContextMenuHandlers\ FileSyncEx\(Default)</Data>
<Data Name="Details">{CB3D0F55-BC2C-4C1A-85ED-23ED75B5106B}</Data>
<Data Name="User">DESKTOP-M3AKJSD\User</Data>
</EventData>
</Event>

<Event xmlns="http://schemas.microsoft.com/win/2004/08/events/event"><System><Provider Name="Microsoft-Windows-Sysmon" Guid="{5770385f-c22a-43e0-bf4c-06f5698ffbd9}"></Provider>
<EventID Qualifiers="">13</EventID>
<Version>2</Version>
<Level>4</Level>
<Task>13</Task>
<Opcode>0</Opcode>
<Keywords>0x8000000000000000</Keywords>
<TimeCreated SystemTime="2025-04-10 06:06:53.954657"></TimeCreated>
<EventRecordID>6760</EventRecordID>
<Correlation ActivityID="" RelatedActivityID=""></Correlation>
<Execution ProcessID="4420" ThreadID="5708"></Execution>
<Channel>Microsoft-Windows-Sysmon/Operational</Channel>
<Computer>DESKTOP-M3AKJSD</Computer>
<Security UserID="S-1-5-18"></Security>
</System>
<EventData><Data Name="RuleName">T1122</Data>
<Data Name="EventType">SetValue</Data>
<Data Name="UtcTime">2025-04-10 06:06:53.953</Data>
<Data Name="ProcessGuid">{53c665d1-5ffd-67f7-1c01-000000001700}</Data>
<Data Name="ProcessId">9784</Data>
<Data Name="Image">C:\Users\User\AppData\Local\Microsoft\OneDrive\OneDrive.exe</Data>
<Data Name="TargetObject">HKU\S-1-5-21-3999086100-426973801-4203759309-1002_Classes\WOW6432Node\CLSID\{4410DC33-BC7C-496B-AA84-4AEA3EEE75F7}\InProcServer32\(Default)</Data>
<Data Name="Details">C:\Users\User\AppData\Local\Microsoft\OneDrive\25.046.0310.0005_1\i386\FileCoAuthLib.dll</Data>
<Data Name="User">DESKTOP-M3AKJSD\User</Data>
</EventData>
</Event>

<Event xmlns="http://schemas.microsoft.com/win/2004/08/events/event"><System><Provider Name="Microsoft-Windows-Sysmon" Guid="{5770385f-c22a-43e0-bf4c-06f5698ffbd9}"></Provider>
<EventID Qualifiers="">13</EventID>
<Version>2</Version>
<Level>4</Level>
<Task>13</Task>
<Opcode>0</Opcode>
<Keywords>0x8000000000000000</Keywords>
<TimeCreated SystemTime="2025-04-10 06:06:53.965797"></TimeCreated>
<EventRecordID>6761</EventRecordID>
<Correlation ActivityID="" RelatedActivityID=""></Correlation>
<Execution ProcessID="4420" ThreadID="5708"></Execution>
<Channel>Microsoft-Windows-Sysmon/Operational</Channel>
<Computer>DESKTOP-M3AKJSD</Computer>
<Security UserID="S-1-5-18"></Security>
</System>
<EventData><Data Name="RuleName">T1122</Data>
<Data Name="EventType">SetValue</Data>
<Data Name="UtcTime">2025-04-10 06:06:53.964</Data>
<Data Name="ProcessGuid">{53c665d1-5ffd-67f7-1c01-000000001700}</Data>
<Data Name="ProcessId">9784</Data>
<Data Name="Image">C:\Users\User\AppData\Local\Microsoft\OneDrive\OneDrive.exe</Data>
<Data Name="TargetObject">HKU\S-1-5-21-3999086100-426973801-4203759309-1002_Classes\CLSID\{4410DC33-BC7C-496B-AA84-4AEA3EEE75F7}\InProcServer32\(Default)</Data>
<Data Name="Details">C:\Users\User\AppData\Local\Microsoft\OneDrive\25.046.0310.0005_1\FileCoAuthLib64.dll</Data>
<Data Name="User">DESKTOP-M3AKJSD\User</Data>
</EventData>
</Event>

<Event xmlns="http://schemas.microsoft.com/win/2004/08/events/event"><System><Provider Name="Microsoft-Windows-Sysmon" Guid="{5770385f-c22a-43e0-bf4c-06f5698ffbd9}"></Provider>
<EventID Qualifiers="">13</EventID>
<Version>2</Version>
<Level>4</Level>
<Task>13</Task>
<Opcode>0</Opcode>
<Keywords>0x8000000000000000</Keywords>
<TimeCreated SystemTime="2025-04-10 06:06:53.968018"></TimeCreated>
<EventRecordID>6762</EventRecordID>
<Correlation ActivityID="" RelatedActivityID=""></Correlation>
<Execution ProcessID="4420" ThreadID="5708"></Execution>
<Channel>Microsoft-Windows-Sysmon/Operational</Channel>
<Computer>DESKTOP-M3AKJSD</Computer>
<Security UserID="S-1-5-18"></Security>
</System>
<EventData><Data Name="RuleName">T1042</Data>
<Data Name="EventType">SetValue</Data>
<Data Name="UtcTime">2025-04-10 06:06:53.966</Data>
<Data Name="ProcessGuid">{53c665d1-5ffd-67f7-1c01-000000001700}</Data>
<Data Name="ProcessId">9784</Data>
<Data Name="Image">C:\Users\User\AppData\Local\Microsoft\OneDrive\OneDrive.exe</Data>
<Data Name="TargetObject">HKU\S-1-5-21-3999086100-426973801-4203759309-1002_Classes\odopen\shell\open\command\(Default)</Data>
<Data Name="Details">"C:\Users\User\AppData\Local\Microsoft\OneDrive\OneDrive.exe" /url:"%%1"</Data>
<Data Name="User">DESKTOP-M3AKJSD\User</Data>
</EventData>
</Event>

<Event xmlns="http://schemas.microsoft.com/win/2004/08/events/event"><System><Provider Name="Microsoft-Windows-Sysmon" Guid="{5770385f-c22a-43e0-bf4c-06f5698ffbd9}"></Provider>
<EventID Qualifiers="">13</EventID>
<Version>2</Version>
<Level>4</Level>
<Task>13</Task>
<Opcode>0</Opcode>
<Keywords>0x8000000000000000</Keywords>
<TimeCreated SystemTime="2025-04-10 06:06:53.968119"></TimeCreated>
<EventRecordID>6763</EventRecordID>
<Correlation ActivityID="" RelatedActivityID=""></Correlation>
<Execution ProcessID="4420" ThreadID="5708"></Execution>
<Channel>Microsoft-Windows-Sysmon/Operational</Channel>
<Computer>DESKTOP-M3AKJSD</Computer>
<Security UserID="S-1-5-18"></Security>
</System>
<EventData><Data Name="RuleName">T1042</Data>
<Data Name="EventType">SetValue</Data>
<Data Name="UtcTime">2025-04-10 06:06:53.966</Data>
<Data Name="ProcessGuid">{53c665d1-5ffd-67f7-1c01-000000001700}</Data>
<Data Name="ProcessId">9784</Data>
<Data Name="Image">C:\Users\User\AppData\Local\Microsoft\OneDrive\OneDrive.exe</Data>
<Data Name="TargetObject">HKU\S-1-5-21-3999086100-426973801-4203759309-1002_Classes\odopen\shell\open\command\(Default)</Data>
<Data Name="Details">"C:\Users\User\AppData\Local\Microsoft\OneDrive\OneDrive.exe" /url:"%%1"</Data>
<Data Name="User">DESKTOP-M3AKJSD\User</Data>
</EventData>
</Event>

<Event xmlns="http://schemas.microsoft.com/win/2004/08/events/event"><System><Provider Name="Microsoft-Windows-Sysmon" Guid="{5770385f-c22a-43e0-bf4c-06f5698ffbd9}"></Provider>
<EventID Qualifiers="">13</EventID>
<Version>2</Version>
<Level>4</Level>
<Task>13</Task>
<Opcode>0</Opcode>
<Keywords>0x8000000000000000</Keywords>
<TimeCreated SystemTime="2025-04-10 06:06:53.968370"></TimeCreated>
<EventRecordID>6764</EventRecordID>
<Correlation ActivityID="" RelatedActivityID=""></Correlation>
<Execution ProcessID="4420" ThreadID="5708"></Execution>
<Channel>Microsoft-Windows-Sysmon/Operational</Channel>
<Computer>DESKTOP-M3AKJSD</Computer>
<Security UserID="S-1-5-18"></Security>
</System>
<EventData><Data Name="RuleName">T1042</Data>
<Data Name="EventType">SetValue</Data>
<Data Name="UtcTime">2025-04-10 06:06:53.966</Data>
<Data Name="ProcessGuid">{53c665d1-5ffd-67f7-1c01-000000001700}</Data>
<Data Name="ProcessId">9784</Data>
<Data Name="Image">C:\Users\User\AppData\Local\Microsoft\OneDrive\OneDrive.exe</Data>
<Data Name="TargetObject">HKU\S-1-5-21-3999086100-426973801-4203759309-1002_Classes\grvopen\shell\open\command\(Default)</Data>
<Data Name="Details">"C:\Users\User\AppData\Local\Microsoft\OneDrive\OneDrive.exe" /url:"%%1"</Data>
<Data Name="User">DESKTOP-M3AKJSD\User</Data>
</EventData>
</Event>

<Event xmlns="http://schemas.microsoft.com/win/2004/08/events/event"><System><Provider Name="Microsoft-Windows-Sysmon" Guid="{5770385f-c22a-43e0-bf4c-06f5698ffbd9}"></Provider>
<EventID Qualifiers="">13</EventID>
<Version>2</Version>
<Level>4</Level>
<Task>13</Task>
<Opcode>0</Opcode>
<Keywords>0x8000000000000000</Keywords>
<TimeCreated SystemTime="2025-04-10 06:06:53.968481"></TimeCreated>
<EventRecordID>6765</EventRecordID>
<Correlation ActivityID="" RelatedActivityID=""></Correlation>
<Execution ProcessID="4420" ThreadID="5708"></Execution>
<Channel>Microsoft-Windows-Sysmon/Operational</Channel>
<Computer>DESKTOP-M3AKJSD</Computer>
<Security UserID="S-1-5-18"></Security>
</System>
<EventData><Data Name="RuleName">T1042</Data>
<Data Name="EventType">SetValue</Data>
<Data Name="UtcTime">2025-04-10 06:06:53.966</Data>
<Data Name="ProcessGuid">{53c665d1-5ffd-67f7-1c01-000000001700}</Data>
<Data Name="ProcessId">9784</Data>
<Data Name="Image">C:\Users\User\AppData\Local\Microsoft\OneDrive\OneDrive.exe</Data>
<Data Name="TargetObject">HKU\S-1-5-21-3999086100-426973801-4203759309-1002_Classes\grvopen\shell\open\command\(Default)</Data>
<Data Name="Details">"C:\Users\User\AppData\Local\Microsoft\OneDrive\OneDrive.exe" /url:"%%1"</Data>
<Data Name="User">DESKTOP-M3AKJSD\User</Data>
</EventData>
</Event>

<Event xmlns="http://schemas.microsoft.com/win/2004/08/events/event"><System><Provider Name="Microsoft-Windows-Sysmon" Guid="{5770385f-c22a-43e0-bf4c-06f5698ffbd9}"></Provider>
<EventID Qualifiers="">13</EventID>
<Version>2</Version>
<Level>4</Level>
<Task>13</Task>
<Opcode>0</Opcode>
<Keywords>0x8000000000000000</Keywords>
<TimeCreated SystemTime="2025-04-10 06:06:54.888130"></TimeCreated>
<EventRecordID>6766</EventRecordID>
<Correlation ActivityID="" RelatedActivityID=""></Correlation>
<Execution ProcessID="4420" ThreadID="5708"></Execution>
<Channel>Microsoft-Windows-Sysmon/Operational</Channel>
<Computer>DESKTOP-M3AKJSD</Computer>
<Security UserID="S-1-5-18"></Security>
</System>
<EventData><Data Name="RuleName">T1042</Data>
<Data Name="EventType">SetValue</Data>
<Data Name="UtcTime">2025-04-10 06:06:54.886</Data>
<Data Name="ProcessGuid">{53c665d1-5ffd-67f7-1c01-000000001700}</Data>
<Data Name="ProcessId">9784</Data>
<Data Name="Image">C:\Users\User\AppData\Local\Microsoft\OneDrive\OneDrive.exe</Data>
<Data Name="TargetObject">HKU\S-1-5-21-3999086100-426973801-4203759309-1002_Classes\grvopen\shell\open\command\(Default)</Data>
<Data Name="Details">"C:\Users\User\AppData\Local\Microsoft\OneDrive\OneDrive.exe" /url:"%%1"</Data>
<Data Name="User">DESKTOP-M3AKJSD\User</Data>
</EventData>
</Event>

