<Event xmlns="http://schemas.microsoft.com/win/2004/08/events/event"><System><Provider Name="Microsoft-Windows-Sysmon" Guid="{5770385f-c22a-43e0-bf4c-06f5698ffbd9}"></Provider>
<EventID Qualifiers="">1</EventID>
<Version>5</Version>
<Level>4</Level>
<Task>1</Task>
<Opcode>0</Opcode>
<Keywords>0x8000000000000000</Keywords>
<TimeCreated SystemTime="2025-04-10 06:14:15.089478"></TimeCreated>
<EventRecordID>7204</EventRecordID>
<Correlation ActivityID="" RelatedActivityID=""></Correlation>
<Execution ProcessID="4420" ThreadID="5708"></Execution>
<Channel>Microsoft-Windows-Sysmon/Operational</Channel>
<Computer>DESKTOP-M3AKJSD</Computer>
<Security UserID="S-1-5-18"></Security>
</System>
<EventData><Data Name="RuleName">-</Data>
<Data Name="UtcTime">2025-04-10 06:14:15.065</Data>
<Data Name="ProcessGuid">{53c665d1-61b7-67f7-3702-000000001700}</Data>
<Data Name="ProcessId">7852</Data>
<Data Name="Image">C:\Program Files\WindowsApps\Microsoft.WindowsTerminal_1.22.10731.0_x64__8wekyb3d8bbwe\OpenConsole.exe</Data>
<Data Name="FileVersion">-</Data>
<Data Name="Description">-</Data>
<Data Name="Product">-</Data>
<Data Name="Company">-</Data>
<Data Name="OriginalFileName">-</Data>
<Data Name="CommandLine">"C:\Program Files\WindowsApps\Microsoft.WindowsTerminal_1.22.10731.0_x64__8wekyb3d8bbwe\OpenConsole.exe" -Embedding</Data>
<Data Name="CurrentDirectory">C:\WINDOWS\system32\</Data>
<Data Name="User">DESKTOP-M3AKJSD\User</Data>
<Data Name="LogonGuid">{53c665d1-5fe9-67f7-1257-120000000000}</Data>
<Data Name="LogonId">0x0000000000125712</Data>
<Data Name="TerminalSessionId">1</Data>
<Data Name="IntegrityLevel">Medium</Data>
<Data Name="Hashes">MD5=312FC90A1AC46D51145C3F9B6B224EBA,SHA256=5C54EFFF7DE2982D64054BBC56B1E296A29900DC4AC55197B38286B4557DDB30,IMPHASH=85B4241FF18D0C5DB7F9A836A5189FDD</Data>
<Data Name="ParentProcessGuid">{53c665d1-5e7a-67f7-0d00-000000001700}</Data>
<Data Name="ParentProcessId">992</Data>
<Data Name="ParentImage">C:\Windows\System32\svchost.exe</Data>
<Data Name="ParentCommandLine">C:\WINDOWS\system32\svchost.exe -k DcomLaunch -p</Data>
<Data Name="ParentUser">NT AUTHORITY\SYSTEM</Data>
</EventData>
</Event>

<Event xmlns="http://schemas.microsoft.com/win/2004/08/events/event"><System><Provider Name="Microsoft-Windows-Sysmon" Guid="{5770385f-c22a-43e0-bf4c-06f5698ffbd9}"></Provider>
<EventID Qualifiers="">1</EventID>
<Version>5</Version>
<Level>4</Level>
<Task>1</Task>
<Opcode>0</Opcode>
<Keywords>0x8000000000000000</Keywords>
<TimeCreated SystemTime="2025-04-10 06:14:15.401047"></TimeCreated>
<EventRecordID>7205</EventRecordID>
<Correlation ActivityID="" RelatedActivityID=""></Correlation>
<Execution ProcessID="4420" ThreadID="5708"></Execution>
<Channel>Microsoft-Windows-Sysmon/Operational</Channel>
<Computer>DESKTOP-M3AKJSD</Computer>
<Security UserID="S-1-5-18"></Security>
</System>
<EventData><Data Name="RuleName">-</Data>
<Data Name="UtcTime">2025-04-10 06:14:15.387</Data>
<Data Name="ProcessGuid">{53c665d1-61b7-67f7-3802-000000001700}</Data>
<Data Name="ProcessId">6376</Data>
<Data Name="Image">C:\Program Files\WindowsApps\Microsoft.WindowsTerminal_1.22.10731.0_x64__8wekyb3d8bbwe\WindowsTerminal.exe</Data>
<Data Name="FileVersion">-</Data>
<Data Name="Description">-</Data>
<Data Name="Product">-</Data>
<Data Name="Company">-</Data>
<Data Name="OriginalFileName">-</Data>
<Data Name="CommandLine">"C:\Program Files\WindowsApps\Microsoft.WindowsTerminal_1.22.10731.0_x64__8wekyb3d8bbwe\WindowsTerminal.exe" -Embedding</Data>
<Data Name="CurrentDirectory">C:\WINDOWS\system32\</Data>
<Data Name="User">DESKTOP-M3AKJSD\User</Data>
<Data Name="LogonGuid">{53c665d1-5fe9-67f7-1257-120000000000}</Data>
<Data Name="LogonId">0x0000000000125712</Data>
<Data Name="TerminalSessionId">1</Data>
<Data Name="IntegrityLevel">Medium</Data>
<Data Name="Hashes">MD5=68F8FE4F84D18D08450B6F7A6D38A2BF,SHA256=72F44BA2981BF1C8CF6A02FF32014BC92CBF98AEE6C1EA55DC091178536AF2D0,IMPHASH=A72210B1459C47DF4A9F3A3285D942C9</Data>
<Data Name="ParentProcessGuid">{53c665d1-5e7a-67f7-0d00-000000001700}</Data>
<Data Name="ParentProcessId">992</Data>
<Data Name="ParentImage">C:\Windows\System32\svchost.exe</Data>
<Data Name="ParentCommandLine">C:\WINDOWS\system32\svchost.exe -k DcomLaunch -p</Data>
<Data Name="ParentUser">NT AUTHORITY\SYSTEM</Data>
</EventData>
</Event>

<Event xmlns="http://schemas.microsoft.com/win/2004/08/events/event"><System><Provider Name="Microsoft-Windows-Sysmon" Guid="{5770385f-c22a-43e0-bf4c-06f5698ffbd9}"></Provider>
<EventID Qualifiers="">11</EventID>
<Version>2</Version>
<Level>4</Level>
<Task>11</Task>
<Opcode>0</Opcode>
<Keywords>0x8000000000000000</Keywords>
<TimeCreated SystemTime="2025-04-10 06:14:17.471020"></TimeCreated>
<EventRecordID>7206</EventRecordID>
<Correlation ActivityID="" RelatedActivityID=""></Correlation>
<Execution ProcessID="4420" ThreadID="5708"></Execution>
<Channel>Microsoft-Windows-Sysmon/Operational</Channel>
<Computer>DESKTOP-M3AKJSD</Computer>
<Security UserID="S-1-5-18"></Security>
</System>
<EventData><Data Name="RuleName">-</Data>
<Data Name="UtcTime">2025-04-10 06:14:17.470</Data>
<Data Name="ProcessGuid">{53c665d1-61b6-67f7-3502-000000001700}</Data>
<Data Name="ProcessId">7324</Data>
<Data Name="Image">C:\Windows\SysWOW64\WindowsPowerShell\v1.0\powershell.exe</Data>
<Data Name="TargetFilename">C:\Users\User\AppData\Local\Temp\__PSScriptPolicyTest_0mm2k2ib.m3i.ps1</Data>
<Data Name="CreationUtcTime">2025-04-10 06:14:17.470</Data>
<Data Name="User">DESKTOP-M3AKJSD\User</Data>
</EventData>
</Event>

<Event xmlns="http://schemas.microsoft.com/win/2004/08/events/event"><System><Provider Name="Microsoft-Windows-Sysmon" Guid="{5770385f-c22a-43e0-bf4c-06f5698ffbd9}"></Provider>
<EventID Qualifiers="">1</EventID>
<Version>5</Version>
<Level>4</Level>
<Task>1</Task>
<Opcode>0</Opcode>
<Keywords>0x8000000000000000</Keywords>
<TimeCreated SystemTime="2025-04-10 06:14:22.237391"></TimeCreated>
<EventRecordID>7207</EventRecordID>
<Correlation ActivityID="" RelatedActivityID=""></Correlation>
<Execution ProcessID="4420" ThreadID="5708"></Execution>
<Channel>Microsoft-Windows-Sysmon/Operational</Channel>
<Computer>DESKTOP-M3AKJSD</Computer>
<Security UserID="S-1-5-18"></Security>
</System>
<EventData><Data Name="RuleName">-</Data>
<Data Name="UtcTime">2025-04-10 06:14:22.230</Data>
<Data Name="ProcessGuid">{53c665d1-61be-67f7-3b02-000000001700}</Data>
<Data Name="ProcessId">328</Data>
<Data Name="Image">C:\Windows\SysWOW64\reg.exe</Data>
<Data Name="FileVersion">10.0.26100.1882 (WinBuild.160101.0800)</Data>
<Data Name="Description">Registry Console Tool</Data>
<Data Name="Product">Microsoft&#174; Windows&#174; Operating System</Data>
<Data Name="Company">Microsoft Corporation</Data>
<Data Name="OriginalFileName">reg.exe</Data>
<Data Name="CommandLine">"C:\WINDOWS\system32\reg.exe" add</Data>
<Data Name="CurrentDirectory">C:\Users\User\</Data>
<Data Name="User">DESKTOP-M3AKJSD\User</Data>
<Data Name="LogonGuid">{53c665d1-5fe9-67f7-1257-120000000000}</Data>
<Data Name="LogonId">0x0000000000125712</Data>
<Data Name="TerminalSessionId">1</Data>
<Data Name="IntegrityLevel">Medium</Data>
<Data Name="Hashes">MD5=5463489622EB68D6407C5760360E4C15,SHA256=291234BEB09EA8C1A8CAFD6F92EA14ADAF0DFFDCDADAFE823ECFB7C96E39DC53,IMPHASH=84150390DAEDD6936B30827BE712548C</Data>
<Data Name="ParentProcessGuid">{53c665d1-61b6-67f7-3502-000000001700}</Data>
<Data Name="ParentProcessId">7324</Data>
<Data Name="ParentImage">C:\Windows\SysWOW64\WindowsPowerShell\v1.0\powershell.exe</Data>
<Data Name="ParentCommandLine">"C:\Windows\SysWOW64\WindowsPowerShell\v1.0\powershell.exe" </Data>
<Data Name="ParentUser">DESKTOP-M3AKJSD\User</Data>
</EventData>
</Event>

<Event xmlns="http://schemas.microsoft.com/win/2004/08/events/event"><System><Provider Name="Microsoft-Windows-Sysmon" Guid="{5770385f-c22a-43e0-bf4c-06f5698ffbd9}"></Provider>
<EventID Qualifiers="">13</EventID>
<Version>2</Version>
<Level>4</Level>
<Task>13</Task>
<Opcode>0</Opcode>
<Keywords>0x8000000000000000</Keywords>
<TimeCreated SystemTime="2025-04-10 06:14:22.840229"></TimeCreated>
<EventRecordID>7208</EventRecordID>
<Correlation ActivityID="" RelatedActivityID=""></Correlation>
<Execution ProcessID="4420" ThreadID="5708"></Execution>
<Channel>Microsoft-Windows-Sysmon/Operational</Channel>
<Computer>DESKTOP-M3AKJSD</Computer>
<Security UserID="S-1-5-18"></Security>
</System>
<EventData><Data Name="RuleName">InvDB-Path</Data>
<Data Name="EventType">SetValue</Data>
<Data Name="UtcTime">2025-04-10 06:14:22.839</Data>
<Data Name="ProcessGuid">{53c665d1-5e7e-67f7-4e00-000000001700}</Data>
<Data Name="ProcessId">3636</Data>
<Data Name="Image">C:\WINDOWS\System32\svchost.exe</Data>
<Data Name="TargetObject">\REGISTRY\A\{79a3493b-db73-20fc-d2fa-d48d56e9a633}\Root\InventoryApplicationFile\reg.exe|dae4008c3ff6ffc0\LowerCaseLongPath</Data>
<Data Name="Details">c:\windows\syswow64\reg.exe</Data>
<Data Name="User">NT AUTHORITY\SYSTEM</Data>
</EventData>
</Event>

<Event xmlns="http://schemas.microsoft.com/win/2004/08/events/event"><System><Provider Name="Microsoft-Windows-Sysmon" Guid="{5770385f-c22a-43e0-bf4c-06f5698ffbd9}"></Provider>
<EventID Qualifiers="">13</EventID>
<Version>2</Version>
<Level>4</Level>
<Task>13</Task>
<Opcode>0</Opcode>
<Keywords>0x8000000000000000</Keywords>
<TimeCreated SystemTime="2025-04-10 06:14:22.840357"></TimeCreated>
<EventRecordID>7209</EventRecordID>
<Correlation ActivityID="" RelatedActivityID=""></Correlation>
<Execution ProcessID="4420" ThreadID="5708"></Execution>
<Channel>Microsoft-Windows-Sysmon/Operational</Channel>
<Computer>DESKTOP-M3AKJSD</Computer>
<Security UserID="S-1-5-18"></Security>
</System>
<EventData><Data Name="RuleName">InvDB-Pub</Data>
<Data Name="EventType">SetValue</Data>
<Data Name="UtcTime">2025-04-10 06:14:22.839</Data>
<Data Name="ProcessGuid">{53c665d1-5e7e-67f7-4e00-000000001700}</Data>
<Data Name="ProcessId">3636</Data>
<Data Name="Image">C:\WINDOWS\System32\svchost.exe</Data>
<Data Name="TargetObject">\REGISTRY\A\{79a3493b-db73-20fc-d2fa-d48d56e9a633}\Root\InventoryApplicationFile\reg.exe|dae4008c3ff6ffc0\Publisher</Data>
<Data Name="Details">microsoft corporation</Data>
<Data Name="User">NT AUTHORITY\SYSTEM</Data>
</EventData>
</Event>

<Event xmlns="http://schemas.microsoft.com/win/2004/08/events/event"><System><Provider Name="Microsoft-Windows-Sysmon" Guid="{5770385f-c22a-43e0-bf4c-06f5698ffbd9}"></Provider>
<EventID Qualifiers="">13</EventID>
<Version>2</Version>
<Level>4</Level>
<Task>13</Task>
<Opcode>0</Opcode>
<Keywords>0x8000000000000000</Keywords>
<TimeCreated SystemTime="2025-04-10 06:14:22.840597"></TimeCreated>
<EventRecordID>7210</EventRecordID>
<Correlation ActivityID="" RelatedActivityID=""></Correlation>
<Execution ProcessID="4420" ThreadID="5708"></Execution>
<Channel>Microsoft-Windows-Sysmon/Operational</Channel>
<Computer>DESKTOP-M3AKJSD</Computer>
<Security UserID="S-1-5-18"></Security>
</System>
<EventData><Data Name="RuleName">InvDB-CompileTimeClaim</Data>
<Data Name="EventType">SetValue</Data>
<Data Name="UtcTime">2025-04-10 06:14:22.839</Data>
<Data Name="ProcessGuid">{53c665d1-5e7e-67f7-4e00-000000001700}</Data>
<Data Name="ProcessId">3636</Data>
<Data Name="Image">C:\WINDOWS\System32\svchost.exe</Data>
<Data Name="TargetObject">\REGISTRY\A\{79a3493b-db73-20fc-d2fa-d48d56e9a633}\Root\InventoryApplicationFile\reg.exe|dae4008c3ff6ffc0\LinkDate</Data>
<Data Name="Details">08/19/1978 15:58:43</Data>
<Data Name="User">NT AUTHORITY\SYSTEM</Data>
</EventData>
</Event>

<Event xmlns="http://schemas.microsoft.com/win/2004/08/events/event"><System><Provider Name="Microsoft-Windows-Sysmon" Guid="{5770385f-c22a-43e0-bf4c-06f5698ffbd9}"></Provider>
<EventID Qualifiers="">13</EventID>
<Version>2</Version>
<Level>4</Level>
<Task>13</Task>
<Opcode>0</Opcode>
<Keywords>0x8000000000000000</Keywords>
<TimeCreated SystemTime="2025-04-10 06:14:22.840639"></TimeCreated>
<EventRecordID>7211</EventRecordID>
<Correlation ActivityID="" RelatedActivityID=""></Correlation>
<Execution ProcessID="4420" ThreadID="5708"></Execution>
<Channel>Microsoft-Windows-Sysmon/Operational</Channel>
<Computer>DESKTOP-M3AKJSD</Computer>
<Security UserID="S-1-5-18"></Security>
</System>
<EventData><Data Name="RuleName">InvDB-Ver</Data>
<Data Name="EventType">SetValue</Data>
<Data Name="UtcTime">2025-04-10 06:14:22.839</Data>
<Data Name="ProcessGuid">{53c665d1-5e7e-67f7-4e00-000000001700}</Data>
<Data Name="ProcessId">3636</Data>
<Data Name="Image">C:\WINDOWS\System32\svchost.exe</Data>
<Data Name="TargetObject">\REGISTRY\A\{79a3493b-db73-20fc-d2fa-d48d56e9a633}\Root\InventoryApplicationFile\reg.exe|dae4008c3ff6ffc0\BinProductVersion</Data>
<Data Name="Details">10.0.26100.1882</Data>
<Data Name="User">NT AUTHORITY\SYSTEM</Data>
</EventData>
</Event>

<Event xmlns="http://schemas.microsoft.com/win/2004/08/events/event"><System><Provider Name="Microsoft-Windows-Sysmon" Guid="{5770385f-c22a-43e0-bf4c-06f5698ffbd9}"></Provider>
<EventID Qualifiers="">1</EventID>
<Version>5</Version>
<Level>4</Level>
<Task>1</Task>
<Opcode>0</Opcode>
<Keywords>0x8000000000000000</Keywords>
<TimeCreated SystemTime="2025-04-10 06:14:28.877390"></TimeCreated>
<EventRecordID>7212</EventRecordID>
<Correlation ActivityID="" RelatedActivityID=""></Correlation>
<Execution ProcessID="4420" ThreadID="5708"></Execution>
<Channel>Microsoft-Windows-Sysmon/Operational</Channel>
<Computer>DESKTOP-M3AKJSD</Computer>
<Security UserID="S-1-5-18"></Security>
</System>
<EventData><Data Name="RuleName">-</Data>
<Data Name="UtcTime">2025-04-10 06:14:28.871</Data>
<Data Name="ProcessGuid">{53c665d1-61c4-67f7-3c02-000000001700}</Data>
<Data Name="ProcessId">2368</Data>
<Data Name="Image">C:\Windows\SysWOW64\reg.exe</Data>
<Data Name="FileVersion">10.0.26100.1882 (WinBuild.160101.0800)</Data>
<Data Name="Description">Registry Console Tool</Data>
<Data Name="Product">Microsoft&#174; Windows&#174; Operating System</Data>
<Data Name="Company">Microsoft Corporation</Data>
<Data Name="OriginalFileName">reg.exe</Data>
<Data Name="CommandLine">"C:\WINDOWS\system32\reg.exe" add /?</Data>
<Data Name="CurrentDirectory">C:\Users\User\</Data>
<Data Name="User">DESKTOP-M3AKJSD\User</Data>
<Data Name="LogonGuid">{53c665d1-5fe9-67f7-1257-120000000000}</Data>
<Data Name="LogonId">0x0000000000125712</Data>
<Data Name="TerminalSessionId">1</Data>
<Data Name="IntegrityLevel">Medium</Data>
<Data Name="Hashes">MD5=5463489622EB68D6407C5760360E4C15,SHA256=291234BEB09EA8C1A8CAFD6F92EA14ADAF0DFFDCDADAFE823ECFB7C96E39DC53,IMPHASH=84150390DAEDD6936B30827BE712548C</Data>
<Data Name="ParentProcessGuid">{53c665d1-61b6-67f7-3502-000000001700}</Data>
<Data Name="ParentProcessId">7324</Data>
<Data Name="ParentImage">C:\Windows\SysWOW64\WindowsPowerShell\v1.0\powershell.exe</Data>
<Data Name="ParentCommandLine">"C:\Windows\SysWOW64\WindowsPowerShell\v1.0\powershell.exe" </Data>
<Data Name="ParentUser">DESKTOP-M3AKJSD\User</Data>
</EventData>
</Event>

<Event xmlns="http://schemas.microsoft.com/win/2004/08/events/event"><System><Provider Name="Microsoft-Windows-Sysmon" Guid="{5770385f-c22a-43e0-bf4c-06f5698ffbd9}"></Provider>
<EventID Qualifiers="">1</EventID>
<Version>5</Version>
<Level>4</Level>
<Task>1</Task>
<Opcode>0</Opcode>
<Keywords>0x8000000000000000</Keywords>
<TimeCreated SystemTime="2025-04-10 06:14:53.999495"></TimeCreated>
<EventRecordID>7213</EventRecordID>
<Correlation ActivityID="" RelatedActivityID=""></Correlation>
<Execution ProcessID="4420" ThreadID="5708"></Execution>
<Channel>Microsoft-Windows-Sysmon/Operational</Channel>
<Computer>DESKTOP-M3AKJSD</Computer>
<Security UserID="S-1-5-18"></Security>
</System>
<EventData><Data Name="RuleName">-</Data>
<Data Name="UtcTime">2025-04-10 06:14:53.996</Data>
<Data Name="ProcessGuid">{53c665d1-61dd-67f7-4102-000000001700}</Data>
<Data Name="ProcessId">6288</Data>
<Data Name="Image">C:\Windows\SysWOW64\WindowsPowerShell\v1.0\powershell.exe</Data>
<Data Name="FileVersion">10.0.26100.3323 (WinBuild.160101.0800)</Data>
<Data Name="Description">Windows PowerShell</Data>
<Data Name="Product">Microsoft&#174; Windows&#174; Operating System</Data>
<Data Name="Company">Microsoft Corporation</Data>
<Data Name="OriginalFileName">PowerShell.EXE</Data>
<Data Name="CommandLine">"C:\Windows\SysWOW64\WindowsPowerShell\v1.0\powershell.exe" </Data>
<Data Name="CurrentDirectory">C:\Users\User\</Data>
<Data Name="User">DESKTOP-M3AKJSD\User</Data>
<Data Name="LogonGuid">{53c665d1-5fe9-67f7-1257-120000000000}</Data>
<Data Name="LogonId">0x0000000000125712</Data>
<Data Name="TerminalSessionId">1</Data>
<Data Name="IntegrityLevel">Medium</Data>
<Data Name="Hashes">MD5=9DE0E027E2095C2B154690D5DFE74CF3,SHA256=B82C987207E936D730567B03A897C9AE1DB63E6A4F6F7F1596ABF96AA2E57265,IMPHASH=9F91C97560360686D37B0E311BB8BD64</Data>
<Data Name="ParentProcessGuid">{53c665d1-5fea-67f7-e500-000000001700}</Data>
<Data Name="ParentProcessId">1956</Data>
<Data Name="ParentImage">C:\Windows\explorer.exe</Data>
<Data Name="ParentCommandLine">C:\WINDOWS\Explorer.EXE</Data>
<Data Name="ParentUser">DESKTOP-M3AKJSD\User</Data>
</EventData>
</Event>

<Event xmlns="http://schemas.microsoft.com/win/2004/08/events/event"><System><Provider Name="Microsoft-Windows-Sysmon" Guid="{5770385f-c22a-43e0-bf4c-06f5698ffbd9}"></Provider>
<EventID Qualifiers="">1</EventID>
<Version>5</Version>
<Level>4</Level>
<Task>1</Task>
<Opcode>0</Opcode>
<Keywords>0x8000000000000000</Keywords>
<TimeCreated SystemTime="2025-04-10 06:14:54.088749"></TimeCreated>
<EventRecordID>7214</EventRecordID>
<Correlation ActivityID="" RelatedActivityID=""></Correlation>
<Execution ProcessID="4420" ThreadID="5708"></Execution>
<Channel>Microsoft-Windows-Sysmon/Operational</Channel>
<Computer>DESKTOP-M3AKJSD</Computer>
<Security UserID="S-1-5-18"></Security>
</System>
<EventData><Data Name="RuleName">-</Data>
<Data Name="UtcTime">2025-04-10 06:14:54.086</Data>
<Data Name="ProcessGuid">{53c665d1-61de-67f7-4302-000000001700}</Data>
<Data Name="ProcessId">8780</Data>
<Data Name="Image">C:\Program Files\WindowsApps\Microsoft.WindowsTerminal_1.22.10731.0_x64__8wekyb3d8bbwe\OpenConsole.exe</Data>
<Data Name="FileVersion">-</Data>
<Data Name="Description">-</Data>
<Data Name="Product">-</Data>
<Data Name="Company">-</Data>
<Data Name="OriginalFileName">-</Data>
<Data Name="CommandLine">"C:\Program Files\WindowsApps\Microsoft.WindowsTerminal_1.22.10731.0_x64__8wekyb3d8bbwe\OpenConsole.exe" -Embedding</Data>
<Data Name="CurrentDirectory">C:\WINDOWS\system32\</Data>
<Data Name="User">DESKTOP-M3AKJSD\User</Data>
<Data Name="LogonGuid">{53c665d1-5fe9-67f7-1257-120000000000}</Data>
<Data Name="LogonId">0x0000000000125712</Data>
<Data Name="TerminalSessionId">1</Data>
<Data Name="IntegrityLevel">Medium</Data>
<Data Name="Hashes">MD5=312FC90A1AC46D51145C3F9B6B224EBA,SHA256=5C54EFFF7DE2982D64054BBC56B1E296A29900DC4AC55197B38286B4557DDB30,IMPHASH=85B4241FF18D0C5DB7F9A836A5189FDD</Data>
<Data Name="ParentProcessGuid">{53c665d1-5e7a-67f7-0d00-000000001700}</Data>
<Data Name="ParentProcessId">992</Data>
<Data Name="ParentImage">C:\Windows\System32\svchost.exe</Data>
<Data Name="ParentCommandLine">C:\WINDOWS\system32\svchost.exe -k DcomLaunch -p</Data>
<Data Name="ParentUser">NT AUTHORITY\SYSTEM</Data>
</EventData>
</Event>

<Event xmlns="http://schemas.microsoft.com/win/2004/08/events/event"><System><Provider Name="Microsoft-Windows-Sysmon" Guid="{5770385f-c22a-43e0-bf4c-06f5698ffbd9}"></Provider>
<EventID Qualifiers="">1</EventID>
<Version>5</Version>
<Level>4</Level>
<Task>1</Task>
<Opcode>0</Opcode>
<Keywords>0x8000000000000000</Keywords>
<TimeCreated SystemTime="2025-04-10 06:14:54.230982"></TimeCreated>
<EventRecordID>7215</EventRecordID>
<Correlation ActivityID="" RelatedActivityID=""></Correlation>
<Execution ProcessID="4420" ThreadID="5708"></Execution>
<Channel>Microsoft-Windows-Sysmon/Operational</Channel>
<Computer>DESKTOP-M3AKJSD</Computer>
<Security UserID="S-1-5-18"></Security>
</System>
<EventData><Data Name="RuleName">-</Data>
<Data Name="UtcTime">2025-04-10 06:14:54.228</Data>
<Data Name="ProcessGuid">{53c665d1-61de-67f7-4402-000000001700}</Data>
<Data Name="ProcessId">844</Data>
<Data Name="Image">C:\Program Files\WindowsApps\Microsoft.WindowsTerminal_1.22.10731.0_x64__8wekyb3d8bbwe\WindowsTerminal.exe</Data>
<Data Name="FileVersion">-</Data>
<Data Name="Description">-</Data>
<Data Name="Product">-</Data>
<Data Name="Company">-</Data>
<Data Name="OriginalFileName">-</Data>
<Data Name="CommandLine">"C:\Program Files\WindowsApps\Microsoft.WindowsTerminal_1.22.10731.0_x64__8wekyb3d8bbwe\WindowsTerminal.exe" -Embedding</Data>
<Data Name="CurrentDirectory">C:\WINDOWS\system32\</Data>
<Data Name="User">DESKTOP-M3AKJSD\User</Data>
<Data Name="LogonGuid">{53c665d1-5fe9-67f7-1257-120000000000}</Data>
<Data Name="LogonId">0x0000000000125712</Data>
<Data Name="TerminalSessionId">1</Data>
<Data Name="IntegrityLevel">Medium</Data>
<Data Name="Hashes">MD5=68F8FE4F84D18D08450B6F7A6D38A2BF,SHA256=72F44BA2981BF1C8CF6A02FF32014BC92CBF98AEE6C1EA55DC091178536AF2D0,IMPHASH=A72210B1459C47DF4A9F3A3285D942C9</Data>
<Data Name="ParentProcessGuid">{53c665d1-5e7a-67f7-0d00-000000001700}</Data>
<Data Name="ParentProcessId">992</Data>
<Data Name="ParentImage">C:\Windows\System32\svchost.exe</Data>
<Data Name="ParentCommandLine">C:\WINDOWS\system32\svchost.exe -k DcomLaunch -p</Data>
<Data Name="ParentUser">NT AUTHORITY\SYSTEM</Data>
</EventData>
</Event>

<Event xmlns="http://schemas.microsoft.com/win/2004/08/events/event"><System><Provider Name="Microsoft-Windows-Sysmon" Guid="{5770385f-c22a-43e0-bf4c-06f5698ffbd9}"></Provider>
<EventID Qualifiers="">11</EventID>
<Version>2</Version>
<Level>4</Level>
<Task>11</Task>
<Opcode>0</Opcode>
<Keywords>0x8000000000000000</Keywords>
<TimeCreated SystemTime="2025-04-10 06:14:55.112473"></TimeCreated>
<EventRecordID>7216</EventRecordID>
<Correlation ActivityID="" RelatedActivityID=""></Correlation>
<Execution ProcessID="4420" ThreadID="5708"></Execution>
<Channel>Microsoft-Windows-Sysmon/Operational</Channel>
<Computer>DESKTOP-M3AKJSD</Computer>
<Security UserID="S-1-5-18"></Security>
</System>
<EventData><Data Name="RuleName">-</Data>
<Data Name="UtcTime">2025-04-10 06:14:55.110</Data>
<Data Name="ProcessGuid">{53c665d1-61dd-67f7-4102-000000001700}</Data>
<Data Name="ProcessId">6288</Data>
<Data Name="Image">C:\Windows\SysWOW64\WindowsPowerShell\v1.0\powershell.exe</Data>
<Data Name="TargetFilename">C:\Users\User\AppData\Local\Temp\__PSScriptPolicyTest_gqmw1uzx.usw.ps1</Data>
<Data Name="CreationUtcTime">2025-04-10 06:14:55.110</Data>
<Data Name="User">DESKTOP-M3AKJSD\User</Data>
</EventData>
</Event>

<Event xmlns="http://schemas.microsoft.com/win/2004/08/events/event"><System><Provider Name="Microsoft-Windows-Sysmon" Guid="{5770385f-c22a-43e0-bf4c-06f5698ffbd9}"></Provider>
<EventID Qualifiers="">22</EventID>
<Version>5</Version>
<Level>4</Level>
<Task>22</Task>
<Opcode>0</Opcode>
<Keywords>0x8000000000000000</Keywords>
<TimeCreated SystemTime="2025-04-10 06:14:58.349131"></TimeCreated>
<EventRecordID>7217</EventRecordID>
<Correlation ActivityID="" RelatedActivityID=""></Correlation>
<Execution ProcessID="4420" ThreadID="5732"></Execution>
<Channel>Microsoft-Windows-Sysmon/Operational</Channel>
<Computer>DESKTOP-M3AKJSD</Computer>
<Security UserID="S-1-5-18"></Security>
</System>
<EventData><Data Name="RuleName">-</Data>
<Data Name="UtcTime">2025-04-10 06:14:56.612</Data>
<Data Name="ProcessGuid">{53c665d1-5fef-67f7-fb00-000000001700}</Data>
<Data Name="ProcessId">7468</Data>
<Data Name="QueryName">static-ecst.licdn.com</Data>
<Data Name="QueryStatus">9501</Data>
<Data Name="QueryResults">-</Data>
<Data Name="Image">C:\Windows\SystemApps\MicrosoftWindows.Client.CBS_cw5n1h2txyewy\SearchHost.exe</Data>
<Data Name="User">DESKTOP-M3AKJSD\User</Data>
</EventData>
</Event>

<Event xmlns="http://schemas.microsoft.com/win/2004/08/events/event"><System><Provider Name="Microsoft-Windows-Sysmon" Guid="{5770385f-c22a-43e0-bf4c-06f5698ffbd9}"></Provider>
<EventID Qualifiers="">22</EventID>
<Version>5</Version>
<Level>4</Level>
<Task>22</Task>
<Opcode>0</Opcode>
<Keywords>0x8000000000000000</Keywords>
<TimeCreated SystemTime="2025-04-10 06:14:58.349150"></TimeCreated>
<EventRecordID>7218</EventRecordID>
<Correlation ActivityID="" RelatedActivityID=""></Correlation>
<Execution ProcessID="4420" ThreadID="5732"></Execution>
<Channel>Microsoft-Windows-Sysmon/Operational</Channel>
<Computer>DESKTOP-M3AKJSD</Computer>
<Security UserID="S-1-5-18"></Security>
</System>
<EventData><Data Name="RuleName">-</Data>
<Data Name="UtcTime">2025-04-10 06:14:56.613</Data>
<Data Name="ProcessGuid">{53c665d1-5e7c-67f7-4200-000000001700}</Data>
<Data Name="ProcessId">3292</Data>
<Data Name="QueryName">static-ecst.licdn.com</Data>
<Data Name="QueryStatus">9501</Data>
<Data Name="QueryResults">-</Data>
<Data Name="Image">C:\Windows\System32\svchost.exe</Data>
<Data Name="User">NT AUTHORITY\LOCAL SERVICE</Data>
</EventData>
</Event>

<Event xmlns="http://schemas.microsoft.com/win/2004/08/events/event"><System><Provider Name="Microsoft-Windows-Sysmon" Guid="{5770385f-c22a-43e0-bf4c-06f5698ffbd9}"></Provider>
<EventID Qualifiers="">13</EventID>
<Version>2</Version>
<Level>4</Level>
<Task>13</Task>
<Opcode>0</Opcode>
<Keywords>0x8000000000000000</Keywords>
<TimeCreated SystemTime="2025-04-10 06:15:12.058327"></TimeCreated>
<EventRecordID>7219</EventRecordID>
<Correlation ActivityID="" RelatedActivityID=""></Correlation>
<Execution ProcessID="4420" ThreadID="5708"></Execution>
<Channel>Microsoft-Windows-Sysmon/Operational</Channel>
<Computer>DESKTOP-M3AKJSD</Computer>
<Security UserID="S-1-5-18"></Security>
</System>
<EventData><Data Name="RuleName">Tamper-Winlogon</Data>
<Data Name="EventType">SetValue</Data>
<Data Name="UtcTime">2025-04-10 06:15:12.057</Data>
<Data Name="ProcessGuid">{53c665d1-6139-67f7-c201-000000001700}</Data>
<Data Name="ProcessId">9516</Data>
<Data Name="Image">C:\WINDOWS\servicing\TrustedInstaller.exe</Data>
<Data Name="TargetObject">HKLM\System\CurrentControlSet\Control\Winlogon\Notifications\Components\TrustedInstaller\Events</Data>
<Data Name="Details">(Empty)</Data>
<Data Name="User">NT AUTHORITY\SYSTEM</Data>
</EventData>
</Event>

<Event xmlns="http://schemas.microsoft.com/win/2004/08/events/event"><System><Provider Name="Microsoft-Windows-Sysmon" Guid="{5770385f-c22a-43e0-bf4c-06f5698ffbd9}"></Provider>
<EventID Qualifiers="">1</EventID>
<Version>5</Version>
<Level>4</Level>
<Task>1</Task>
<Opcode>0</Opcode>
<Keywords>0x8000000000000000</Keywords>
<TimeCreated SystemTime="2025-04-10 06:15:41.170694"></TimeCreated>
<EventRecordID>7220</EventRecordID>
<Correlation ActivityID="" RelatedActivityID=""></Correlation>
<Execution ProcessID="4420" ThreadID="5708"></Execution>
<Channel>Microsoft-Windows-Sysmon/Operational</Channel>
<Computer>DESKTOP-M3AKJSD</Computer>
<Security UserID="S-1-5-18"></Security>
</System>
<EventData><Data Name="RuleName">-</Data>
<Data Name="UtcTime">2025-04-10 06:15:41.166</Data>
<Data Name="ProcessGuid">{53c665d1-620d-67f7-4502-000000001700}</Data>
<Data Name="ProcessId">4592</Data>
<Data Name="Image">C:\Windows\System32\ApplicationFrameHost.exe</Data>
<Data Name="FileVersion">10.0.26100.3624 (WinBuild.160101.0800)</Data>
<Data Name="Description">Application Frame Host</Data>
<Data Name="Product">Microsoft&#174; Windows&#174; Operating System</Data>
<Data Name="Company">Microsoft Corporation</Data>
<Data Name="OriginalFileName">ApplicationFrameHost.exe</Data>
<Data Name="CommandLine">C:\WINDOWS\system32\ApplicationFrameHost.exe -Embedding</Data>
<Data Name="CurrentDirectory">C:\WINDOWS\system32\</Data>
<Data Name="User">DESKTOP-M3AKJSD\User</Data>
<Data Name="LogonGuid">{53c665d1-5fe9-67f7-1257-120000000000}</Data>
<Data Name="LogonId">0x0000000000125712</Data>
<Data Name="TerminalSessionId">1</Data>
<Data Name="IntegrityLevel">Medium</Data>
<Data Name="Hashes">MD5=E6B5B82458C2F4B133F6AA4BA36F7194,SHA256=8CA253DE3A1C361A5E52F3D1B5049C9E114CE264F73C31DDC3050B8A101D52C9,IMPHASH=28580ECEB0562A8A7FBD08DC4F37B368</Data>
<Data Name="ParentProcessGuid">{53c665d1-5e7a-67f7-0d00-000000001700}</Data>
<Data Name="ParentProcessId">992</Data>
<Data Name="ParentImage">C:\Windows\System32\svchost.exe</Data>
<Data Name="ParentCommandLine">C:\WINDOWS\system32\svchost.exe -k DcomLaunch -p</Data>
<Data Name="ParentUser">NT AUTHORITY\SYSTEM</Data>
</EventData>
</Event>

<Event xmlns="http://schemas.microsoft.com/win/2004/08/events/event"><System><Provider Name="Microsoft-Windows-Sysmon" Guid="{5770385f-c22a-43e0-bf4c-06f5698ffbd9}"></Provider>
<EventID Qualifiers="">1</EventID>
<Version>5</Version>
<Level>4</Level>
<Task>1</Task>
<Opcode>0</Opcode>
<Keywords>0x8000000000000000</Keywords>
<TimeCreated SystemTime="2025-04-10 06:15:41.171162"></TimeCreated>
<EventRecordID>7221</EventRecordID>
<Correlation ActivityID="" RelatedActivityID=""></Correlation>
<Execution ProcessID="4420" ThreadID="5708"></Execution>
<Channel>Microsoft-Windows-Sysmon/Operational</Channel>
<Computer>DESKTOP-M3AKJSD</Computer>
<Security UserID="S-1-5-18"></Security>
</System>
<EventData><Data Name="RuleName">-</Data>
<Data Name="UtcTime">2025-04-10 06:15:41.167</Data>
<Data Name="ProcessGuid">{53c665d1-620d-67f7-4602-000000001700}</Data>
<Data Name="ProcessId">7672</Data>
<Data Name="Image">C:\Windows\ImmersiveControlPanel\SystemSettings.exe</Data>
<Data Name="FileVersion">10.0.26100.3775 (WinBuild.160101.0800)</Data>
<Data Name="Description">Settings</Data>
<Data Name="Product">Microsoft&#174; Windows&#174; Operating System</Data>
<Data Name="Company">Microsoft Corporation</Data>
<Data Name="OriginalFileName">SystemSettings.exe</Data>
<Data Name="CommandLine">"C:\Windows\ImmersiveControlPanel\SystemSettings.exe" -ServerName:microsoft.windows.immersivecontrolpanel</Data>
<Data Name="CurrentDirectory">C:\Windows\ImmersiveControlPanel\</Data>
<Data Name="User">DESKTOP-M3AKJSD\User</Data>
<Data Name="LogonGuid">{53c665d1-5fe9-67f7-1257-120000000000}</Data>
<Data Name="LogonId">0x0000000000125712</Data>
<Data Name="TerminalSessionId">1</Data>
<Data Name="IntegrityLevel">Medium</Data>
<Data Name="Hashes">MD5=9463B8EDCDB73E1102EA30D42B35D655,SHA256=0B30C83170831FD22498580E98DF8FE9DE18DAA9819A155805C9DB1C4FE3E3AB,IMPHASH=EEAA7C6C79EAACE7BCFCDCA168AF1880</Data>
<Data Name="ParentProcessGuid">{53c665d1-5e7a-67f7-0d00-000000001700}</Data>
<Data Name="ParentProcessId">992</Data>
<Data Name="ParentImage">C:\Windows\System32\svchost.exe</Data>
<Data Name="ParentCommandLine">C:\WINDOWS\system32\svchost.exe -k DcomLaunch -p</Data>
<Data Name="ParentUser">NT AUTHORITY\SYSTEM</Data>
</EventData>
</Event>

<Event xmlns="http://schemas.microsoft.com/win/2004/08/events/event"><System><Provider Name="Microsoft-Windows-Sysmon" Guid="{5770385f-c22a-43e0-bf4c-06f5698ffbd9}"></Provider>
<EventID Qualifiers="">1</EventID>
<Version>5</Version>
<Level>4</Level>
<Task>1</Task>
<Opcode>0</Opcode>
<Keywords>0x8000000000000000</Keywords>
<TimeCreated SystemTime="2025-04-10 06:15:42.076340"></TimeCreated>
<EventRecordID>7222</EventRecordID>
<Correlation ActivityID="" RelatedActivityID=""></Correlation>
<Execution ProcessID="4420" ThreadID="5708"></Execution>
<Channel>Microsoft-Windows-Sysmon/Operational</Channel>
<Computer>DESKTOP-M3AKJSD</Computer>
<Security UserID="S-1-5-18"></Security>
</System>
<EventData><Data Name="RuleName">-</Data>
<Data Name="UtcTime">2025-04-10 06:15:42.074</Data>
<Data Name="ProcessGuid">{53c665d1-620e-67f7-4702-000000001700}</Data>
<Data Name="ProcessId">8616</Data>
<Data Name="Image">C:\Windows\UUS\Packages\Preview\amd64\MoUsoCoreWorker.exe</Data>
<Data Name="FileVersion">1406.2503.20012.0</Data>
<Data Name="Description">MoUSO Core Worker Process</Data>
<Data Name="Product">Microsoft&#174; Windows&#174; Operating System</Data>
<Data Name="Company">Microsoft Corporation</Data>
<Data Name="OriginalFileName">MoUSOCoreWorker.exe</Data>
<Data Name="CommandLine">"C:\WINDOWS\uus\packages\preview\AMD64\MoUsoCoreWorker.exe" useprivatenamespaces</Data>
<Data Name="CurrentDirectory">C:\WINDOWS\system32\</Data>
<Data Name="User">NT AUTHORITY\SYSTEM</Data>
<Data Name="LogonGuid">{53c665d1-5e7a-67f7-e703-000000000000}</Data>
<Data Name="LogonId">0x00000000000003e7</Data>
<Data Name="TerminalSessionId">0</Data>
<Data Name="IntegrityLevel">System</Data>
<Data Name="Hashes">MD5=0001DDC4DBA93C0B4EA54D15AC31F97C,SHA256=C69D3D49D722F36426416F6332CD47340BDD6EAA88CD6C0E88E51E14FEAE1781,IMPHASH=8685980F3A83F79F80FEDE0EAAD302C2</Data>
<Data Name="ParentProcessGuid">{53c665d1-5ef9-67f7-a500-000000001700}</Data>
<Data Name="ParentProcessId">7032</Data>
<Data Name="ParentImage">C:\Windows\System32\svchost.exe</Data>
<Data Name="ParentCommandLine">C:\WINDOWS\system32\svchost.exe -k netsvcs -p -s UsoSvc</Data>
<Data Name="ParentUser">NT AUTHORITY\SYSTEM</Data>
</EventData>
</Event>

<Event xmlns="http://schemas.microsoft.com/win/2004/08/events/event"><System><Provider Name="Microsoft-Windows-Sysmon" Guid="{5770385f-c22a-43e0-bf4c-06f5698ffbd9}"></Provider>
<EventID Qualifiers="">1</EventID>
<Version>5</Version>
<Level>4</Level>
<Task>1</Task>
<Opcode>0</Opcode>
<Keywords>0x8000000000000000</Keywords>
<TimeCreated SystemTime="2025-04-10 06:16:34.515310"></TimeCreated>
<EventRecordID>7223</EventRecordID>
<Correlation ActivityID="" RelatedActivityID=""></Correlation>
<Execution ProcessID="4420" ThreadID="5708"></Execution>
<Channel>Microsoft-Windows-Sysmon/Operational</Channel>
<Computer>DESKTOP-M3AKJSD</Computer>
<Security UserID="S-1-5-18"></Security>
</System>
<EventData><Data Name="RuleName">-</Data>
<Data Name="UtcTime">2025-04-10 06:16:34.505</Data>
<Data Name="ProcessGuid">{53c665d1-6242-67f7-4c02-000000001700}</Data>
<Data Name="ProcessId">8012</Data>
<Data Name="Image">C:\Users\User\AppData\Local\Microsoft\OneDrive\25.046.0310.0005_1\OneDriveLauncher.exe</Data>
<Data Name="FileVersion">25.046.0310.0005</Data>
<Data Name="Description">OneDriveLauncher</Data>
<Data Name="Product">Microsoft OneDrive</Data>
<Data Name="Company">Microsoft Corporation</Data>
<Data Name="OriginalFileName">OneDriveLauncher.exe</Data>
<Data Name="CommandLine">"C:\Users\User\AppData\Local\Microsoft\OneDrive\25.046.0310.0005_1\OneDriveLauncher.exe" /startInstances</Data>
<Data Name="CurrentDirectory">C:\WINDOWS\system32\</Data>
<Data Name="User">DESKTOP-M3AKJSD\User</Data>
<Data Name="LogonGuid">{53c665d1-5fe9-67f7-1257-120000000000}</Data>
<Data Name="LogonId">0x0000000000125712</Data>
<Data Name="TerminalSessionId">1</Data>
<Data Name="IntegrityLevel">Medium</Data>
<Data Name="Hashes">MD5=5904843170D56DC2CFCBE4907D492A70,SHA256=40CFFE4EDC5F9ACE9E92A55AEAE32693C2CD7AAB4C42CA30DB61A803DBCF3C72,IMPHASH=CC2C8AC2F54F255868EC28D2F425F2C8</Data>
<Data Name="ParentProcessGuid">{53c665d1-5e7b-67f7-2000-000000001700}</Data>
<Data Name="ParentProcessId">1744</Data>
<Data Name="ParentImage">C:\Windows\System32\svchost.exe</Data>
<Data Name="ParentCommandLine">C:\WINDOWS\system32\svchost.exe -k netsvcs -p -s Schedule</Data>
<Data Name="ParentUser">NT AUTHORITY\SYSTEM</Data>
</EventData>
</Event>

<Event xmlns="http://schemas.microsoft.com/win/2004/08/events/event"><System><Provider Name="Microsoft-Windows-Sysmon" Guid="{5770385f-c22a-43e0-bf4c-06f5698ffbd9}"></Provider>
<EventID Qualifiers="">1</EventID>
<Version>5</Version>
<Level>4</Level>
<Task>1</Task>
<Opcode>0</Opcode>
<Keywords>0x8000000000000000</Keywords>
<TimeCreated SystemTime="2025-04-10 06:16:39.968128"></TimeCreated>
<EventRecordID>7224</EventRecordID>
<Correlation ActivityID="" RelatedActivityID=""></Correlation>
<Execution ProcessID="4420" ThreadID="5708"></Execution>
<Channel>Microsoft-Windows-Sysmon/Operational</Channel>
<Computer>DESKTOP-M3AKJSD</Computer>
<Security UserID="S-1-5-18"></Security>
</System>
<EventData><Data Name="RuleName">-</Data>
<Data Name="UtcTime">2025-04-10 06:16:39.966</Data>
<Data Name="ProcessGuid">{53c665d1-6247-67f7-4d02-000000001700}</Data>
<Data Name="ProcessId">8328</Data>
<Data Name="Image">C:\Windows\System32\taskhostw.exe</Data>
<Data Name="FileVersion">10.0.26100.3624 (WinBuild.160101.0800)</Data>
<Data Name="Description">Host Process for Windows Tasks</Data>
<Data Name="Product">Microsoft&#174; Windows&#174; Operating System</Data>
<Data Name="Company">Microsoft Corporation</Data>
<Data Name="OriginalFileName">taskhostw.exe</Data>
<Data Name="CommandLine">taskhostw.exe</Data>
<Data Name="CurrentDirectory">C:\WINDOWS\system32\</Data>
<Data Name="User">NT AUTHORITY\SYSTEM</Data>
<Data Name="LogonGuid">{53c665d1-5e7a-67f7-e703-000000000000}</Data>
<Data Name="LogonId">0x00000000000003e7</Data>
<Data Name="TerminalSessionId">0</Data>
<Data Name="IntegrityLevel">System</Data>
<Data Name="Hashes">MD5=DE35D9FE13EA48A238AAC8C3355078C5,SHA256=C772A80788FF09DCA0AF997FE8449D81555B02399E4AB357213ECFAC5501783F,IMPHASH=2196268E7A2880E3ADC74481297D0C4B</Data>
<Data Name="ParentProcessGuid">{53c665d1-5e7b-67f7-2000-000000001700}</Data>
<Data Name="ParentProcessId">1744</Data>
<Data Name="ParentImage">C:\Windows\System32\svchost.exe</Data>
<Data Name="ParentCommandLine">C:\WINDOWS\system32\svchost.exe -k netsvcs -p -s Schedule</Data>
<Data Name="ParentUser">NT AUTHORITY\SYSTEM</Data>
</EventData>
</Event>

<Event xmlns="http://schemas.microsoft.com/win/2004/08/events/event"><System><Provider Name="Microsoft-Windows-Sysmon" Guid="{5770385f-c22a-43e0-bf4c-06f5698ffbd9}"></Provider>
<EventID Qualifiers="">1</EventID>
<Version>5</Version>
<Level>4</Level>
<Task>1</Task>
<Opcode>0</Opcode>
<Keywords>0x8000000000000000</Keywords>
<TimeCreated SystemTime="2025-04-10 06:16:42.906836"></TimeCreated>
<EventRecordID>7225</EventRecordID>
<Correlation ActivityID="" RelatedActivityID=""></Correlation>
<Execution ProcessID="4420" ThreadID="5708"></Execution>
<Channel>Microsoft-Windows-Sysmon/Operational</Channel>
<Computer>DESKTOP-M3AKJSD</Computer>
<Security UserID="S-1-5-18"></Security>
</System>
<EventData><Data Name="RuleName">-</Data>
<Data Name="UtcTime">2025-04-10 06:16:42.905</Data>
<Data Name="ProcessGuid">{53c665d1-624a-67f7-4e02-000000001700}</Data>
<Data Name="ProcessId">8676</Data>
<Data Name="Image">C:\Windows\System32\taskhostw.exe</Data>
<Data Name="FileVersion">10.0.26100.3624 (WinBuild.160101.0800)</Data>
<Data Name="Description">Host Process for Windows Tasks</Data>
<Data Name="Product">Microsoft&#174; Windows&#174; Operating System</Data>
<Data Name="Company">Microsoft Corporation</Data>
<Data Name="OriginalFileName">taskhostw.exe</Data>
<Data Name="CommandLine">taskhostw.exe</Data>
<Data Name="CurrentDirectory">C:\WINDOWS\system32\</Data>
<Data Name="User">NT AUTHORITY\SYSTEM</Data>
<Data Name="LogonGuid">{53c665d1-5e7a-67f7-e703-000000000000}</Data>
<Data Name="LogonId">0x00000000000003e7</Data>
<Data Name="TerminalSessionId">0</Data>
<Data Name="IntegrityLevel">System</Data>
<Data Name="Hashes">MD5=DE35D9FE13EA48A238AAC8C3355078C5,SHA256=C772A80788FF09DCA0AF997FE8449D81555B02399E4AB357213ECFAC5501783F,IMPHASH=2196268E7A2880E3ADC74481297D0C4B</Data>
<Data Name="ParentProcessGuid">{53c665d1-5e7b-67f7-2000-000000001700}</Data>
<Data Name="ParentProcessId">1744</Data>
<Data Name="ParentImage">C:\Windows\System32\svchost.exe</Data>
<Data Name="ParentCommandLine">C:\WINDOWS\system32\svchost.exe -k netsvcs -p -s Schedule</Data>
<Data Name="ParentUser">NT AUTHORITY\SYSTEM</Data>
</EventData>
</Event>

<Event xmlns="http://schemas.microsoft.com/win/2004/08/events/event"><System><Provider Name="Microsoft-Windows-Sysmon" Guid="{5770385f-c22a-43e0-bf4c-06f5698ffbd9}"></Provider>
<EventID Qualifiers="">5</EventID>
<Version>3</Version>
<Level>4</Level>
<Task>5</Task>
<Opcode>0</Opcode>
<Keywords>0x8000000000000000</Keywords>
<TimeCreated SystemTime="2025-04-10 06:16:44.645939"></TimeCreated>
<EventRecordID>7226</EventRecordID>
<Correlation ActivityID="" RelatedActivityID=""></Correlation>
<Execution ProcessID="4420" ThreadID="5708"></Execution>
<Channel>Microsoft-Windows-Sysmon/Operational</Channel>
<Computer>DESKTOP-M3AKJSD</Computer>
<Security UserID="S-1-5-18"></Security>
</System>
<EventData><Data Name="RuleName">-</Data>
<Data Name="UtcTime">2025-04-10 06:16:44.644</Data>
<Data Name="ProcessGuid">{53c665d1-6242-67f7-4c02-000000001700}</Data>
<Data Name="ProcessId">8012</Data>
<Data Name="Image">C:\Users\User\AppData\Local\Microsoft\OneDrive\25.046.0310.0005_1\OneDriveLauncher.exe</Data>
<Data Name="User">DESKTOP-M3AKJSD\User</Data>
</EventData>
</Event>

<Event xmlns="http://schemas.microsoft.com/win/2004/08/events/event"><System><Provider Name="Microsoft-Windows-Sysmon" Guid="{5770385f-c22a-43e0-bf4c-06f5698ffbd9}"></Provider>
<EventID Qualifiers="">1</EventID>
<Version>5</Version>
<Level>4</Level>
<Task>1</Task>
<Opcode>0</Opcode>
<Keywords>0x8000000000000000</Keywords>
<TimeCreated SystemTime="2025-04-10 06:16:51.050684"></TimeCreated>
<EventRecordID>7227</EventRecordID>
<Correlation ActivityID="" RelatedActivityID=""></Correlation>
<Execution ProcessID="4420" ThreadID="5708"></Execution>
<Channel>Microsoft-Windows-Sysmon/Operational</Channel>
<Computer>DESKTOP-M3AKJSD</Computer>
<Security UserID="S-1-5-18"></Security>
</System>
<EventData><Data Name="RuleName">-</Data>
<Data Name="UtcTime">2025-04-10 06:16:51.048</Data>
<Data Name="ProcessGuid">{53c665d1-6253-67f7-4f02-000000001700}</Data>
<Data Name="ProcessId">10216</Data>
<Data Name="Image">C:\Windows\System32\taskhostw.exe</Data>
<Data Name="FileVersion">10.0.26100.3624 (WinBuild.160101.0800)</Data>
<Data Name="Description">Host Process for Windows Tasks</Data>
<Data Name="Product">Microsoft&#174; Windows&#174; Operating System</Data>
<Data Name="Company">Microsoft Corporation</Data>
<Data Name="OriginalFileName">taskhostw.exe</Data>
<Data Name="CommandLine">taskhostw.exe -RegisterDevice -ProtectionStateChanged -FreeNetworkOnly</Data>
<Data Name="CurrentDirectory">C:\WINDOWS\system32\</Data>
<Data Name="User">NT AUTHORITY\SYSTEM</Data>
<Data Name="LogonGuid">{53c665d1-5e7a-67f7-e703-000000000000}</Data>
<Data Name="LogonId">0x00000000000003e7</Data>
<Data Name="TerminalSessionId">0</Data>
<Data Name="IntegrityLevel">System</Data>
<Data Name="Hashes">MD5=DE35D9FE13EA48A238AAC8C3355078C5,SHA256=C772A80788FF09DCA0AF997FE8449D81555B02399E4AB357213ECFAC5501783F,IMPHASH=2196268E7A2880E3ADC74481297D0C4B</Data>
<Data Name="ParentProcessGuid">{53c665d1-5e7b-67f7-2000-000000001700}</Data>
<Data Name="ParentProcessId">1744</Data>
<Data Name="ParentImage">C:\Windows\System32\svchost.exe</Data>
<Data Name="ParentCommandLine">C:\WINDOWS\system32\svchost.exe -k netsvcs -p -s Schedule</Data>
<Data Name="ParentUser">NT AUTHORITY\SYSTEM</Data>
</EventData>
</Event>

<Event xmlns="http://schemas.microsoft.com/win/2004/08/events/event"><System><Provider Name="Microsoft-Windows-Sysmon" Guid="{5770385f-c22a-43e0-bf4c-06f5698ffbd9}"></Provider>
<EventID Qualifiers="">1</EventID>
<Version>5</Version>
<Level>4</Level>
<Task>1</Task>
<Opcode>0</Opcode>
<Keywords>0x8000000000000000</Keywords>
<TimeCreated SystemTime="2025-04-10 06:16:51.072048"></TimeCreated>
<EventRecordID>7228</EventRecordID>
<Correlation ActivityID="" RelatedActivityID=""></Correlation>
<Execution ProcessID="4420" ThreadID="5708"></Execution>
<Channel>Microsoft-Windows-Sysmon/Operational</Channel>
<Computer>DESKTOP-M3AKJSD</Computer>
<Security UserID="S-1-5-18"></Security>
</System>
<EventData><Data Name="RuleName">-</Data>
<Data Name="UtcTime">2025-04-10 06:16:51.070</Data>
<Data Name="ProcessGuid">{53c665d1-6253-67f7-5002-000000001700}</Data>
<Data Name="ProcessId">8072</Data>
<Data Name="Image">C:\Windows\System32\SecurityHealth\10.0.27703.1006-0\SecurityHealthHost.exe</Data>
<Data Name="FileVersion">10.0.27703.1006 (WinBuild.160101.0800)</Data>
<Data Name="Description">Windows Security Health Host</Data>
<Data Name="Product">Microsoft&#174; Windows&#174; Operating System</Data>
<Data Name="Company">Microsoft Corporation</Data>
<Data Name="OriginalFileName">SecurityHealthHost.exe</Data>
<Data Name="CommandLine">\\?\C:\Windows\System32\SecurityHealth\10.0.27703.1006-0\SecurityHealthHost.exe {08728914-3F57-4D52-9E31-49DAECA5A80A} -Embedding</Data>
<Data Name="CurrentDirectory">C:\WINDOWS\system32\</Data>
<Data Name="User">DESKTOP-M3AKJSD\User</Data>
<Data Name="LogonGuid">{53c665d1-5fe9-67f7-1257-120000000000}</Data>
<Data Name="LogonId">0x0000000000125712</Data>
<Data Name="TerminalSessionId">1</Data>
<Data Name="IntegrityLevel">Medium</Data>
<Data Name="Hashes">MD5=63933A1736B78018D3D8390F9BA819DA,SHA256=A7A4FE73C2169B9C80C5580921377581F8910F61B47C261E083000441AE0FD57,IMPHASH=E8960CAF12CF621B3CA78988264C27F1</Data>
<Data Name="ParentProcessGuid">{53c665d1-5e7a-67f7-0d00-000000001700}</Data>
<Data Name="ParentProcessId">992</Data>
<Data Name="ParentImage">C:\Windows\System32\svchost.exe</Data>
<Data Name="ParentCommandLine">C:\WINDOWS\system32\svchost.exe -k DcomLaunch -p</Data>
<Data Name="ParentUser">NT AUTHORITY\SYSTEM</Data>
</EventData>
</Event>

<Event xmlns="http://schemas.microsoft.com/win/2004/08/events/event"><System><Provider Name="Microsoft-Windows-Sysmon" Guid="{5770385f-c22a-43e0-bf4c-06f5698ffbd9}"></Provider>
<EventID Qualifiers="">13</EventID>
<Version>2</Version>
<Level>4</Level>
<Task>13</Task>
<Opcode>0</Opcode>
<Keywords>0x8000000000000000</Keywords>
<TimeCreated SystemTime="2025-04-10 06:16:51.139402"></TimeCreated>
<EventRecordID>7229</EventRecordID>
<Correlation ActivityID="" RelatedActivityID=""></Correlation>
<Execution ProcessID="4420" ThreadID="5708"></Execution>
<Channel>Microsoft-Windows-Sysmon/Operational</Channel>
<Computer>DESKTOP-M3AKJSD</Computer>
<Security UserID="S-1-5-18"></Security>
</System>
<EventData><Data Name="RuleName">Suspicious,ImageBeginWithBackslash</Data>
<Data Name="EventType">SetValue</Data>
<Data Name="UtcTime">2025-04-10 06:16:51.138</Data>
<Data Name="ProcessGuid">{53c665d1-6253-67f7-5002-000000001700}</Data>
<Data Name="ProcessId">8072</Data>
<Data Name="Image">\\?\C:\Windows\System32\SecurityHealth\10.0.27703.1006-0\SecurityHealthHost.exe</Data>
<Data Name="TargetObject">HKLM\SOFTWARE\Microsoft\Windows NT\CurrentVersion\Notifications\Data\418A073AA3BC1C75</Data>
<Data Name="Details">Binary Data</Data>
<Data Name="User">DESKTOP-M3AKJSD\User</Data>
</EventData>
</Event>

<Event xmlns="http://schemas.microsoft.com/win/2004/08/events/event"><System><Provider Name="Microsoft-Windows-Sysmon" Guid="{5770385f-c22a-43e0-bf4c-06f5698ffbd9}"></Provider>
<EventID Qualifiers="">1</EventID>
<Version>5</Version>
<Level>4</Level>
<Task>1</Task>
<Opcode>0</Opcode>
<Keywords>0x8000000000000000</Keywords>
<TimeCreated SystemTime="2025-04-10 06:16:51.333973"></TimeCreated>
<EventRecordID>7230</EventRecordID>
<Correlation ActivityID="" RelatedActivityID=""></Correlation>
<Execution ProcessID="4420" ThreadID="5708"></Execution>
<Channel>Microsoft-Windows-Sysmon/Operational</Channel>
<Computer>DESKTOP-M3AKJSD</Computer>
<Security UserID="S-1-5-18"></Security>
</System>
<EventData><Data Name="RuleName">-</Data>
<Data Name="UtcTime">2025-04-10 06:16:51.332</Data>
<Data Name="ProcessGuid">{53c665d1-6253-67f7-5102-000000001700}</Data>
<Data Name="ProcessId">7524</Data>
<Data Name="Image">C:\Windows\System32\SecurityHealth\10.0.27703.1006-0\SecurityHealthHost.exe</Data>
<Data Name="FileVersion">10.0.27703.1006 (WinBuild.160101.0800)</Data>
<Data Name="Description">Windows Security Health Host</Data>
<Data Name="Product">Microsoft&#174; Windows&#174; Operating System</Data>
<Data Name="Company">Microsoft Corporation</Data>
<Data Name="OriginalFileName">SecurityHealthHost.exe</Data>
<Data Name="CommandLine">\\?\C:\Windows\System32\SecurityHealth\10.0.27703.1006-0\SecurityHealthHost.exe {08728914-3F57-4D52-9E31-49DAECA5A80A} -Embedding</Data>
<Data Name="CurrentDirectory">C:\WINDOWS\system32\</Data>
<Data Name="User">DESKTOP-M3AKJSD\User</Data>
<Data Name="LogonGuid">{53c665d1-5fe9-67f7-1257-120000000000}</Data>
<Data Name="LogonId">0x0000000000125712</Data>
<Data Name="TerminalSessionId">1</Data>
<Data Name="IntegrityLevel">Medium</Data>
<Data Name="Hashes">MD5=63933A1736B78018D3D8390F9BA819DA,SHA256=A7A4FE73C2169B9C80C5580921377581F8910F61B47C261E083000441AE0FD57,IMPHASH=E8960CAF12CF621B3CA78988264C27F1</Data>
<Data Name="ParentProcessGuid">{53c665d1-5e7a-67f7-0d00-000000001700}</Data>
<Data Name="ParentProcessId">992</Data>
<Data Name="ParentImage">C:\Windows\System32\svchost.exe</Data>
<Data Name="ParentCommandLine">C:\WINDOWS\system32\svchost.exe -k DcomLaunch -p</Data>
<Data Name="ParentUser">NT AUTHORITY\SYSTEM</Data>
</EventData>
</Event>

