<Event xmlns="http://schemas.microsoft.com/win/2004/08/events/event"><System><Provider Name="Microsoft-Windows-Sysmon" Guid="{5770385f-c22a-43e0-bf4c-06f5698ffbd9}"></Provider>
<EventID Qualifiers="">13</EventID>
<Version>2</Version>
<Level>4</Level>
<Task>13</Task>
<Opcode>0</Opcode>
<Keywords>0x8000000000000000</Keywords>
<TimeCreated SystemTime="2025-04-10 06:06:54.888296"></TimeCreated>
<EventRecordID>6767</EventRecordID>
<Correlation ActivityID="" RelatedActivityID=""></Correlation>
<Execution ProcessID="4420" ThreadID="5708"></Execution>
<Channel>Microsoft-Windows-Sysmon/Operational</Channel>
<Computer>DESKTOP-M3AKJSD</Computer>
<Security UserID="S-1-5-18"></Security>
</System>
<EventData><Data Name="RuleName">T1042</Data>
<Data Name="EventType">SetValue</Data>
<Data Name="UtcTime">2025-04-10 06:06:54.886</Data>
<Data Name="ProcessGuid">{53c665d1-5ffd-67f7-1c01-000000001700}</Data>
<Data Name="ProcessId">9784</Data>
<Data Name="Image">C:\Users\User\AppData\Local\Microsoft\OneDrive\OneDrive.exe</Data>
<Data Name="TargetObject">HKU\S-1-5-21-3999086100-426973801-4203759309-1002_Classes\grvopen\shell\open\command\(Default)</Data>
<Data Name="Details">"C:\Users\User\AppData\Local\Microsoft\OneDrive\OneDrive.exe" /url:"%%1"</Data>
<Data Name="User">DESKTOP-M3AKJSD\User</Data>
</EventData>
</Event>

<Event xmlns="http://schemas.microsoft.com/win/2004/08/events/event"><System><Provider Name="Microsoft-Windows-Sysmon" Guid="{5770385f-c22a-43e0-bf4c-06f5698ffbd9}"></Provider>
<EventID Qualifiers="">22</EventID>
<Version>5</Version>
<Level>4</Level>
<Task>22</Task>
<Opcode>0</Opcode>
<Keywords>0x8000000000000000</Keywords>
<TimeCreated SystemTime="2025-04-10 06:06:56.478416"></TimeCreated>
<EventRecordID>6768</EventRecordID>
<Correlation ActivityID="" RelatedActivityID=""></Correlation>
<Execution ProcessID="4420" ThreadID="5732"></Execution>
<Channel>Microsoft-Windows-Sysmon/Operational</Channel>
<Computer>DESKTOP-M3AKJSD</Computer>
<Security UserID="S-1-5-18"></Security>
</System>
<EventData><Data Name="RuleName">-</Data>
<Data Name="UtcTime">2025-04-10 06:06:54.476</Data>
<Data Name="ProcessGuid">{53c665d1-5ffd-67f7-1c01-000000001700}</Data>
<Data Name="ProcessId">9784</Data>
<Data Name="QueryName">ecs.office.com</Data>
<Data Name="QueryStatus">0</Data>
<Data Name="QueryResults">type: 5 ecs.office.trafficmanager.net;type: 5 dual-s-0005-office.config.skype.com;type: 5 ecs-office.s-0005.dual-s-msedge.net;type: 5 s-0005.dual-s-msedge.net;2603:1063:27:1::14;2603:1063:27:2::14;::ffff:52.123.128.14;::ffff:52.123.129.14;</Data>
<Data Name="Image">C:\Users\User\AppData\Local\Microsoft\OneDrive\OneDrive.exe</Data>
<Data Name="User">DESKTOP-M3AKJSD\User</Data>
</EventData>
</Event>

<Event xmlns="http://schemas.microsoft.com/win/2004/08/events/event"><System><Provider Name="Microsoft-Windows-Sysmon" Guid="{5770385f-c22a-43e0-bf4c-06f5698ffbd9}"></Provider>
<EventID Qualifiers="">22</EventID>
<Version>5</Version>
<Level>4</Level>
<Task>22</Task>
<Opcode>0</Opcode>
<Keywords>0x8000000000000000</Keywords>
<TimeCreated SystemTime="2025-04-10 06:06:56.478449"></TimeCreated>
<EventRecordID>6769</EventRecordID>
<Correlation ActivityID="" RelatedActivityID=""></Correlation>
<Execution ProcessID="4420" ThreadID="5732"></Execution>
<Channel>Microsoft-Windows-Sysmon/Operational</Channel>
<Computer>DESKTOP-M3AKJSD</Computer>
<Security UserID="S-1-5-18"></Security>
</System>
<EventData><Data Name="RuleName">-</Data>
<Data Name="UtcTime">2025-04-10 06:06:55.000</Data>
<Data Name="ProcessGuid">{53c665d1-5ffd-67f7-1c01-000000001700}</Data>
<Data Name="ProcessId">9784</Data>
<Data Name="QueryName">oneclient.sfx.ms</Data>
<Data Name="QueryStatus">0</Data>
<Data Name="QueryResults">type: 5 oneclient.sfx.ms.edgesuite.net;type: 5 a124.dscd.akamai.net;2600:140f:d000::17c9:378b;2600:140f:d000::1735:f0f8;::ffff:23.201.55.139;::ffff:23.53.240.248;</Data>
<Data Name="Image">C:\Users\User\AppData\Local\Microsoft\OneDrive\OneDrive.exe</Data>
<Data Name="User">DESKTOP-M3AKJSD\User</Data>
</EventData>
</Event>

<Event xmlns="http://schemas.microsoft.com/win/2004/08/events/event"><System><Provider Name="Microsoft-Windows-Sysmon" Guid="{5770385f-c22a-43e0-bf4c-06f5698ffbd9}"></Provider>
<EventID Qualifiers="">3</EventID>
<Version>5</Version>
<Level>4</Level>
<Task>3</Task>
<Opcode>0</Opcode>
<Keywords>0x8000000000000000</Keywords>
<TimeCreated SystemTime="2025-04-10 06:06:56.685102"></TimeCreated>
<EventRecordID>6770</EventRecordID>
<Correlation ActivityID="" RelatedActivityID=""></Correlation>
<Execution ProcessID="4420" ThreadID="5716"></Execution>
<Channel>Microsoft-Windows-Sysmon/Operational</Channel>
<Computer>DESKTOP-M3AKJSD</Computer>
<Security UserID="S-1-5-18"></Security>
</System>
<EventData><Data Name="RuleName">Usermode</Data>
<Data Name="UtcTime">2025-04-10 06:06:54.500</Data>
<Data Name="ProcessGuid">{53c665d1-5ffd-67f7-1c01-000000001700}</Data>
<Data Name="ProcessId">9784</Data>
<Data Name="Image">C:\Users\User\AppData\Local\Microsoft\OneDrive\OneDrive.exe</Data>
<Data Name="User">DESKTOP-M3AKJSD\User</Data>
<Data Name="Protocol">tcp</Data>
<Data Name="Initiated">True</Data>
<Data Name="SourceIsIpv6">True</Data>
<Data Name="SourceIp">2401:4900:1c07:6be3:a520:cdc8:f7ce:11fa</Data>
<Data Name="SourceHostname">DESKTOP-M3AKJSD</Data>
<Data Name="SourcePort">49762</Data>
<Data Name="SourcePortName">-</Data>
<Data Name="DestinationIsIpv6">True</Data>
<Data Name="DestinationIp">2603:1063:27:1:0:0:0:14</Data>
<Data Name="DestinationHostname">-</Data>
<Data Name="DestinationPort">443</Data>
<Data Name="DestinationPortName">https</Data>
</EventData>
</Event>

<Event xmlns="http://schemas.microsoft.com/win/2004/08/events/event"><System><Provider Name="Microsoft-Windows-Sysmon" Guid="{5770385f-c22a-43e0-bf4c-06f5698ffbd9}"></Provider>
<EventID Qualifiers="">3</EventID>
<Version>5</Version>
<Level>4</Level>
<Task>3</Task>
<Opcode>0</Opcode>
<Keywords>0x8000000000000000</Keywords>
<TimeCreated SystemTime="2025-04-10 06:06:56.685112"></TimeCreated>
<EventRecordID>6771</EventRecordID>
<Correlation ActivityID="" RelatedActivityID=""></Correlation>
<Execution ProcessID="4420" ThreadID="5716"></Execution>
<Channel>Microsoft-Windows-Sysmon/Operational</Channel>
<Computer>DESKTOP-M3AKJSD</Computer>
<Security UserID="S-1-5-18"></Security>
</System>
<EventData><Data Name="RuleName">Usermode</Data>
<Data Name="UtcTime">2025-04-10 06:06:54.600</Data>
<Data Name="ProcessGuid">{53c665d1-5ffd-67f7-1c01-000000001700}</Data>
<Data Name="ProcessId">9784</Data>
<Data Name="Image">C:\Users\User\AppData\Local\Microsoft\OneDrive\OneDrive.exe</Data>
<Data Name="User">DESKTOP-M3AKJSD\User</Data>
<Data Name="Protocol">tcp</Data>
<Data Name="Initiated">True</Data>
<Data Name="SourceIsIpv6">False</Data>
<Data Name="SourceIp">192.168.1.10</Data>
<Data Name="SourceHostname">DESKTOP-M3AKJSD</Data>
<Data Name="SourcePort">49763</Data>
<Data Name="SourcePortName">-</Data>
<Data Name="DestinationIsIpv6">False</Data>
<Data Name="DestinationIp">52.231.186.36</Data>
<Data Name="DestinationHostname">-</Data>
<Data Name="DestinationPort">443</Data>
<Data Name="DestinationPortName">https</Data>
</EventData>
</Event>

<Event xmlns="http://schemas.microsoft.com/win/2004/08/events/event"><System><Provider Name="Microsoft-Windows-Sysmon" Guid="{5770385f-c22a-43e0-bf4c-06f5698ffbd9}"></Provider>
<EventID Qualifiers="">3</EventID>
<Version>5</Version>
<Level>4</Level>
<Task>3</Task>
<Opcode>0</Opcode>
<Keywords>0x8000000000000000</Keywords>
<TimeCreated SystemTime="2025-04-10 06:06:56.685120"></TimeCreated>
<EventRecordID>6772</EventRecordID>
<Correlation ActivityID="" RelatedActivityID=""></Correlation>
<Execution ProcessID="4420" ThreadID="5716"></Execution>
<Channel>Microsoft-Windows-Sysmon/Operational</Channel>
<Computer>DESKTOP-M3AKJSD</Computer>
<Security UserID="S-1-5-18"></Security>
</System>
<EventData><Data Name="RuleName">Usermode</Data>
<Data Name="UtcTime">2025-04-10 06:06:55.011</Data>
<Data Name="ProcessGuid">{53c665d1-5ffd-67f7-1c01-000000001700}</Data>
<Data Name="ProcessId">9784</Data>
<Data Name="Image">C:\Users\User\AppData\Local\Microsoft\OneDrive\OneDrive.exe</Data>
<Data Name="User">DESKTOP-M3AKJSD\User</Data>
<Data Name="Protocol">tcp</Data>
<Data Name="Initiated">True</Data>
<Data Name="SourceIsIpv6">True</Data>
<Data Name="SourceIp">2401:4900:1c07:6be3:a520:cdc8:f7ce:11fa</Data>
<Data Name="SourceHostname">DESKTOP-M3AKJSD</Data>
<Data Name="SourcePort">49764</Data>
<Data Name="SourcePortName">-</Data>
<Data Name="DestinationIsIpv6">True</Data>
<Data Name="DestinationIp">2600:140f:d000:0:0:0:17c9:378b</Data>
<Data Name="DestinationHostname">g2600-140f-d000-0000-0000-0000-17c9-378b.deploy.static.akamaitechnologies.com</Data>
<Data Name="DestinationPort">443</Data>
<Data Name="DestinationPortName">https</Data>
</EventData>
</Event>

<Event xmlns="http://schemas.microsoft.com/win/2004/08/events/event"><System><Provider Name="Microsoft-Windows-Sysmon" Guid="{5770385f-c22a-43e0-bf4c-06f5698ffbd9}"></Provider>
<EventID Qualifiers="">5</EventID>
<Version>3</Version>
<Level>4</Level>
<Task>5</Task>
<Opcode>0</Opcode>
<Keywords>0x8000000000000000</Keywords>
<TimeCreated SystemTime="2025-04-10 06:07:00.602325"></TimeCreated>
<EventRecordID>6773</EventRecordID>
<Correlation ActivityID="" RelatedActivityID=""></Correlation>
<Execution ProcessID="4420" ThreadID="5708"></Execution>
<Channel>Microsoft-Windows-Sysmon/Operational</Channel>
<Computer>DESKTOP-M3AKJSD</Computer>
<Security UserID="S-1-5-18"></Security>
</System>
<EventData><Data Name="RuleName">-</Data>
<Data Name="UtcTime">2025-04-10 06:07:00.601</Data>
<Data Name="ProcessGuid">{53c665d1-5ff9-67f7-1801-000000001700}</Data>
<Data Name="ProcessId">9504</Data>
<Data Name="Image">C:\Users\User\AppData\Local\Microsoft\OneDrive\25.046.0310.0005_1\FileCoAuth.exe</Data>
<Data Name="User">DESKTOP-M3AKJSD\User</Data>
</EventData>
</Event>

<Event xmlns="http://schemas.microsoft.com/win/2004/08/events/event"><System><Provider Name="Microsoft-Windows-Sysmon" Guid="{5770385f-c22a-43e0-bf4c-06f5698ffbd9}"></Provider>
<EventID Qualifiers="">1</EventID>
<Version>5</Version>
<Level>4</Level>
<Task>1</Task>
<Opcode>0</Opcode>
<Keywords>0x8000000000000000</Keywords>
<TimeCreated SystemTime="2025-04-10 06:07:04.479557"></TimeCreated>
<EventRecordID>6774</EventRecordID>
<Correlation ActivityID="" RelatedActivityID=""></Correlation>
<Execution ProcessID="4420" ThreadID="5708"></Execution>
<Channel>Microsoft-Windows-Sysmon/Operational</Channel>
<Computer>DESKTOP-M3AKJSD</Computer>
<Security UserID="S-1-5-18"></Security>
</System>
<EventData><Data Name="RuleName">-</Data>
<Data Name="UtcTime">2025-04-10 06:07:04.474</Data>
<Data Name="ProcessGuid">{53c665d1-6008-67f7-1e01-000000001700}</Data>
<Data Name="ProcessId">10116</Data>
<Data Name="Image">C:\Windows\System32\wlrmdr.exe</Data>
<Data Name="FileVersion">10.0.26100.3624 (WinBuild.160101.0800)</Data>
<Data Name="Description">Windows logon reminder</Data>
<Data Name="Product">Microsoft&#174; Windows&#174; Operating System</Data>
<Data Name="Company">Microsoft Corporation</Data>
<Data Name="OriginalFileName">WLRMNDR.EXE</Data>
<Data Name="CommandLine"> -c -s 0 -f 0 -t Empty -m Empty -a 0 -u Empty</Data>
<Data Name="CurrentDirectory">C:\WINDOWS\system32\</Data>
<Data Name="User">DESKTOP-M3AKJSD\User</Data>
<Data Name="LogonGuid">{53c665d1-5fe9-67f7-1257-120000000000}</Data>
<Data Name="LogonId">0x0000000000125712</Data>
<Data Name="TerminalSessionId">1</Data>
<Data Name="IntegrityLevel">Medium</Data>
<Data Name="Hashes">MD5=E2229DC1B19D2C589617E12B1481B9C1,SHA256=18FF283B94A44C281A1418019969AB7B5C689D4823985834BBFFDE282BFC200D,IMPHASH=0CE1167F022650E5C6F6A3764CF80084</Data>
<Data Name="ParentProcessGuid">{53c665d1-5e79-67f7-0a00-000000001700}</Data>
<Data Name="ParentProcessId">752</Data>
<Data Name="ParentImage">C:\Windows\System32\winlogon.exe</Data>
<Data Name="ParentCommandLine">winlogon.exe</Data>
<Data Name="ParentUser">NT AUTHORITY\SYSTEM</Data>
</EventData>
</Event>

<Event xmlns="http://schemas.microsoft.com/win/2004/08/events/event"><System><Provider Name="Microsoft-Windows-Sysmon" Guid="{5770385f-c22a-43e0-bf4c-06f5698ffbd9}"></Provider>
<EventID Qualifiers="">1</EventID>
<Version>5</Version>
<Level>4</Level>
<Task>1</Task>
<Opcode>0</Opcode>
<Keywords>0x8000000000000000</Keywords>
<TimeCreated SystemTime="2025-04-10 06:07:04.505362"></TimeCreated>
<EventRecordID>6775</EventRecordID>
<Correlation ActivityID="" RelatedActivityID=""></Correlation>
<Execution ProcessID="4420" ThreadID="5708"></Execution>
<Channel>Microsoft-Windows-Sysmon/Operational</Channel>
<Computer>DESKTOP-M3AKJSD</Computer>
<Security UserID="S-1-5-18"></Security>
</System>
<EventData><Data Name="RuleName">-</Data>
<Data Name="UtcTime">2025-04-10 06:07:04.503</Data>
<Data Name="ProcessGuid">{53c665d1-6008-67f7-1f01-000000001700}</Data>
<Data Name="ProcessId">10136</Data>
<Data Name="Image">C:\Windows\System32\taskhostw.exe</Data>
<Data Name="FileVersion">10.0.26100.3624 (WinBuild.160101.0800)</Data>
<Data Name="Description">Host Process for Windows Tasks</Data>
<Data Name="Product">Microsoft&#174; Windows&#174; Operating System</Data>
<Data Name="Company">Microsoft Corporation</Data>
<Data Name="OriginalFileName">taskhostw.exe</Data>
<Data Name="CommandLine">taskhostw.exe SyncFromCloud</Data>
<Data Name="CurrentDirectory">C:\WINDOWS\system32\</Data>
<Data Name="User">DESKTOP-M3AKJSD\User</Data>
<Data Name="LogonGuid">{53c665d1-5fe9-67f7-1257-120000000000}</Data>
<Data Name="LogonId">0x0000000000125712</Data>
<Data Name="TerminalSessionId">1</Data>
<Data Name="IntegrityLevel">Medium</Data>
<Data Name="Hashes">MD5=DE35D9FE13EA48A238AAC8C3355078C5,SHA256=C772A80788FF09DCA0AF997FE8449D81555B02399E4AB357213ECFAC5501783F,IMPHASH=2196268E7A2880E3ADC74481297D0C4B</Data>
<Data Name="ParentProcessGuid">{53c665d1-5e7b-67f7-2000-000000001700}</Data>
<Data Name="ParentProcessId">1744</Data>
<Data Name="ParentImage">C:\Windows\System32\svchost.exe</Data>
<Data Name="ParentCommandLine">C:\WINDOWS\system32\svchost.exe -k netsvcs -p -s Schedule</Data>
<Data Name="ParentUser">NT AUTHORITY\SYSTEM</Data>
</EventData>
</Event>

<Event xmlns="http://schemas.microsoft.com/win/2004/08/events/event"><System><Provider Name="Microsoft-Windows-Sysmon" Guid="{5770385f-c22a-43e0-bf4c-06f5698ffbd9}"></Provider>
<EventID Qualifiers="">1</EventID>
<Version>5</Version>
<Level>4</Level>
<Task>1</Task>
<Opcode>0</Opcode>
<Keywords>0x8000000000000000</Keywords>
<TimeCreated SystemTime="2025-04-10 06:07:21.142597"></TimeCreated>
<EventRecordID>6776</EventRecordID>
<Correlation ActivityID="" RelatedActivityID=""></Correlation>
<Execution ProcessID="4420" ThreadID="5708"></Execution>
<Channel>Microsoft-Windows-Sysmon/Operational</Channel>
<Computer>DESKTOP-M3AKJSD</Computer>
<Security UserID="S-1-5-18"></Security>
</System>
<EventData><Data Name="RuleName">-</Data>
<Data Name="UtcTime">2025-04-10 06:07:21.137</Data>
<Data Name="ProcessGuid">{53c665d1-6019-67f7-2001-000000001700}</Data>
<Data Name="ProcessId">9440</Data>
<Data Name="Image">C:\Windows\System32\SecurityHealth\10.0.27703.1006-0\SecurityHealthHost.exe</Data>
<Data Name="FileVersion">10.0.27703.1006 (WinBuild.160101.0800)</Data>
<Data Name="Description">Windows Security Health Host</Data>
<Data Name="Product">Microsoft&#174; Windows&#174; Operating System</Data>
<Data Name="Company">Microsoft Corporation</Data>
<Data Name="OriginalFileName">SecurityHealthHost.exe</Data>
<Data Name="CommandLine">\\?\C:\Windows\System32\SecurityHealth\10.0.27703.1006-0\SecurityHealthHost.exe {08728914-3F57-4D52-9E31-49DAECA5A80A} -Embedding</Data>
<Data Name="CurrentDirectory">C:\WINDOWS\system32\</Data>
<Data Name="User">DESKTOP-M3AKJSD\User</Data>
<Data Name="LogonGuid">{53c665d1-5fe9-67f7-1257-120000000000}</Data>
<Data Name="LogonId">0x0000000000125712</Data>
<Data Name="TerminalSessionId">1</Data>
<Data Name="IntegrityLevel">Medium</Data>
<Data Name="Hashes">MD5=63933A1736B78018D3D8390F9BA819DA,SHA256=A7A4FE73C2169B9C80C5580921377581F8910F61B47C261E083000441AE0FD57,IMPHASH=E8960CAF12CF621B3CA78988264C27F1</Data>
<Data Name="ParentProcessGuid">{53c665d1-5e7a-67f7-0d00-000000001700}</Data>
<Data Name="ParentProcessId">992</Data>
<Data Name="ParentImage">C:\Windows\System32\svchost.exe</Data>
<Data Name="ParentCommandLine">C:\WINDOWS\system32\svchost.exe -k DcomLaunch -p</Data>
<Data Name="ParentUser">NT AUTHORITY\SYSTEM</Data>
</EventData>
</Event>

<Event xmlns="http://schemas.microsoft.com/win/2004/08/events/event"><System><Provider Name="Microsoft-Windows-Sysmon" Guid="{5770385f-c22a-43e0-bf4c-06f5698ffbd9}"></Provider>
<EventID Qualifiers="">1</EventID>
<Version>5</Version>
<Level>4</Level>
<Task>1</Task>
<Opcode>0</Opcode>
<Keywords>0x8000000000000000</Keywords>
<TimeCreated SystemTime="2025-04-10 06:07:29.583979"></TimeCreated>
<EventRecordID>6777</EventRecordID>
<Correlation ActivityID="" RelatedActivityID=""></Correlation>
<Execution ProcessID="4420" ThreadID="5708"></Execution>
<Channel>Microsoft-Windows-Sysmon/Operational</Channel>
<Computer>DESKTOP-M3AKJSD</Computer>
<Security UserID="S-1-5-18"></Security>
</System>
<EventData><Data Name="RuleName">-</Data>
<Data Name="UtcTime">2025-04-10 06:07:29.578</Data>
<Data Name="ProcessGuid">{53c665d1-6021-67f7-2301-000000001700}</Data>
<Data Name="ProcessId">8268</Data>
<Data Name="Image">C:\Windows\System32\rundll32.exe</Data>
<Data Name="FileVersion">10.0.26100.3624 (WinBuild.160101.0800)</Data>
<Data Name="Description">Windows host process (Rundll32)</Data>
<Data Name="Product">Microsoft&#174; Windows&#174; Operating System</Data>
<Data Name="Company">Microsoft Corporation</Data>
<Data Name="OriginalFileName">RUNDLL32.EXE</Data>
<Data Name="CommandLine">C:\WINDOWS\System32\rundll32.exe C:\WINDOWS\System32\shell32.dll,SHCreateLocalServerRunDll {9aa46009-3ce0-458a-a354-715610a075e6} -Embedding</Data>
<Data Name="CurrentDirectory">C:\WINDOWS\system32\</Data>
<Data Name="User">DESKTOP-M3AKJSD\User</Data>
<Data Name="LogonGuid">{53c665d1-5fe9-67f7-1257-120000000000}</Data>
<Data Name="LogonId">0x0000000000125712</Data>
<Data Name="TerminalSessionId">1</Data>
<Data Name="IntegrityLevel">Medium</Data>
<Data Name="Hashes">MD5=93C63B47E970B19265F3AD11D298B68E,SHA256=B6F043FE2568D329A5FFAB3B87DF7C1F8D99BF8DADBB10258CB5D3DA691FE232,IMPHASH=E3165C22028490334195CBDFA2962AA1</Data>
<Data Name="ParentProcessGuid">{53c665d1-5e7a-67f7-0d00-000000001700}</Data>
<Data Name="ParentProcessId">992</Data>
<Data Name="ParentImage">C:\Windows\System32\svchost.exe</Data>
<Data Name="ParentCommandLine">C:\WINDOWS\system32\svchost.exe -k DcomLaunch -p</Data>
<Data Name="ParentUser">NT AUTHORITY\SYSTEM</Data>
</EventData>
</Event>

<Event xmlns="http://schemas.microsoft.com/win/2004/08/events/event"><System><Provider Name="Microsoft-Windows-Sysmon" Guid="{5770385f-c22a-43e0-bf4c-06f5698ffbd9}"></Provider>
<EventID Qualifiers="">1</EventID>
<Version>5</Version>
<Level>4</Level>
<Task>1</Task>
<Opcode>0</Opcode>
<Keywords>0x8000000000000000</Keywords>
<TimeCreated SystemTime="2025-04-10 06:07:38.770258"></TimeCreated>
<EventRecordID>6778</EventRecordID>
<Correlation ActivityID="" RelatedActivityID=""></Correlation>
<Execution ProcessID="4420" ThreadID="5708"></Execution>
<Channel>Microsoft-Windows-Sysmon/Operational</Channel>
<Computer>DESKTOP-M3AKJSD</Computer>
<Security UserID="S-1-5-18"></Security>
</System>
<EventData><Data Name="RuleName">-</Data>
<Data Name="UtcTime">2025-04-10 06:07:38.766</Data>
<Data Name="ProcessGuid">{53c665d1-602a-67f7-2501-000000001700}</Data>
<Data Name="ProcessId">8336</Data>
<Data Name="Image">C:\Windows\System32\taskhostw.exe</Data>
<Data Name="FileVersion">10.0.26100.3624 (WinBuild.160101.0800)</Data>
<Data Name="Description">Host Process for Windows Tasks</Data>
<Data Name="Product">Microsoft&#174; Windows&#174; Operating System</Data>
<Data Name="Company">Microsoft Corporation</Data>
<Data Name="OriginalFileName">taskhostw.exe</Data>
<Data Name="CommandLine">taskhostw.exe $(Arg0)</Data>
<Data Name="CurrentDirectory">C:\WINDOWS\system32\</Data>
<Data Name="User">DESKTOP-M3AKJSD\User</Data>
<Data Name="LogonGuid">{53c665d1-5fe9-67f7-d656-120000000000}</Data>
<Data Name="LogonId">0x00000000001256d6</Data>
<Data Name="TerminalSessionId">1</Data>
<Data Name="IntegrityLevel">High</Data>
<Data Name="Hashes">MD5=DE35D9FE13EA48A238AAC8C3355078C5,SHA256=C772A80788FF09DCA0AF997FE8449D81555B02399E4AB357213ECFAC5501783F,IMPHASH=2196268E7A2880E3ADC74481297D0C4B</Data>
<Data Name="ParentProcessGuid">{53c665d1-5e7b-67f7-2000-000000001700}</Data>
<Data Name="ParentProcessId">1744</Data>
<Data Name="ParentImage">C:\Windows\System32\svchost.exe</Data>
<Data Name="ParentCommandLine">C:\WINDOWS\system32\svchost.exe -k netsvcs -p -s Schedule</Data>
<Data Name="ParentUser">NT AUTHORITY\SYSTEM</Data>
</EventData>
</Event>

<Event xmlns="http://schemas.microsoft.com/win/2004/08/events/event"><System><Provider Name="Microsoft-Windows-Sysmon" Guid="{5770385f-c22a-43e0-bf4c-06f5698ffbd9}"></Provider>
<EventID Qualifiers="">1</EventID>
<Version>5</Version>
<Level>4</Level>
<Task>1</Task>
<Opcode>0</Opcode>
<Keywords>0x8000000000000000</Keywords>
<TimeCreated SystemTime="2025-04-10 06:10:19.898403"></TimeCreated>
<EventRecordID>6779</EventRecordID>
<Correlation ActivityID="" RelatedActivityID=""></Correlation>
<Execution ProcessID="4420" ThreadID="5708"></Execution>
<Channel>Microsoft-Windows-Sysmon/Operational</Channel>
<Computer>DESKTOP-M3AKJSD</Computer>
<Security UserID="S-1-5-18"></Security>
</System>
<EventData><Data Name="RuleName">-</Data>
<Data Name="UtcTime">2025-04-10 06:10:19.895</Data>
<Data Name="ProcessGuid">{53c665d1-60cb-67f7-3101-000000001700}</Data>
<Data Name="ProcessId">8712</Data>
<Data Name="Image">C:\Windows\System32\UsoClient.exe</Data>
<Data Name="FileVersion">10.0.26100.3037 (WinBuild.160101.0800)</Data>
<Data Name="Description">UsoClient</Data>
<Data Name="Product">Microsoft&#174; Windows&#174; Operating System</Data>
<Data Name="Company">Microsoft Corporation</Data>
<Data Name="OriginalFileName">UsoClient</Data>
<Data Name="CommandLine">"C:\WINDOWS\system32\usoclient.exe" StartWork</Data>
<Data Name="CurrentDirectory">C:\WINDOWS\system32\</Data>
<Data Name="User">NT AUTHORITY\SYSTEM</Data>
<Data Name="LogonGuid">{53c665d1-5e7a-67f7-e703-000000000000}</Data>
<Data Name="LogonId">0x00000000000003e7</Data>
<Data Name="TerminalSessionId">0</Data>
<Data Name="IntegrityLevel">System</Data>
<Data Name="Hashes">MD5=0AFB6EB9D41AF833D65448734C47A4C2,SHA256=0A4C60CD2FBE6859B6C09F56C7051580F9582F106D1851750264733194B94DB3,IMPHASH=1BC6441172601AD7E84C0082681FF7D2</Data>
<Data Name="ParentProcessGuid">{53c665d1-5e7b-67f7-2000-000000001700}</Data>
<Data Name="ParentProcessId">1744</Data>
<Data Name="ParentImage">C:\Windows\System32\svchost.exe</Data>
<Data Name="ParentCommandLine">C:\WINDOWS\system32\svchost.exe -k netsvcs -p -s Schedule</Data>
<Data Name="ParentUser">NT AUTHORITY\SYSTEM</Data>
</EventData>
</Event>

<Event xmlns="http://schemas.microsoft.com/win/2004/08/events/event"><System><Provider Name="Microsoft-Windows-Sysmon" Guid="{5770385f-c22a-43e0-bf4c-06f5698ffbd9}"></Provider>
<EventID Qualifiers="">1</EventID>
<Version>5</Version>
<Level>4</Level>
<Task>1</Task>
<Opcode>0</Opcode>
<Keywords>0x8000000000000000</Keywords>
<TimeCreated SystemTime="2025-04-10 06:10:19.931561"></TimeCreated>
<EventRecordID>6780</EventRecordID>
<Correlation ActivityID="" RelatedActivityID=""></Correlation>
<Execution ProcessID="4420" ThreadID="5708"></Execution>
<Channel>Microsoft-Windows-Sysmon/Operational</Channel>
<Computer>DESKTOP-M3AKJSD</Computer>
<Security UserID="S-1-5-18"></Security>
</System>
<EventData><Data Name="RuleName">-</Data>
<Data Name="UtcTime">2025-04-10 06:10:19.930</Data>
<Data Name="ProcessGuid">{53c665d1-60cb-67f7-3201-000000001700}</Data>
<Data Name="ProcessId">7348</Data>
<Data Name="Image">C:\Windows\UUS\Packages\Preview\amd64\MoUsoCoreWorker.exe</Data>
<Data Name="FileVersion">1406.2503.20012.0</Data>
<Data Name="Description">MoUSO Core Worker Process</Data>
<Data Name="Product">Microsoft&#174; Windows&#174; Operating System</Data>
<Data Name="Company">Microsoft Corporation</Data>
<Data Name="OriginalFileName">MoUSOCoreWorker.exe</Data>
<Data Name="CommandLine">"C:\WINDOWS\uus\packages\preview\AMD64\MoUsoCoreWorker.exe" useprivatenamespaces</Data>
<Data Name="CurrentDirectory">C:\WINDOWS\system32\</Data>
<Data Name="User">NT AUTHORITY\SYSTEM</Data>
<Data Name="LogonGuid">{53c665d1-5e7a-67f7-e703-000000000000}</Data>
<Data Name="LogonId">0x00000000000003e7</Data>
<Data Name="TerminalSessionId">0</Data>
<Data Name="IntegrityLevel">System</Data>
<Data Name="Hashes">MD5=0001DDC4DBA93C0B4EA54D15AC31F97C,SHA256=C69D3D49D722F36426416F6332CD47340BDD6EAA88CD6C0E88E51E14FEAE1781,IMPHASH=8685980F3A83F79F80FEDE0EAAD302C2</Data>
<Data Name="ParentProcessGuid">{53c665d1-5ef9-67f7-a500-000000001700}</Data>
<Data Name="ParentProcessId">7032</Data>
<Data Name="ParentImage">C:\Windows\System32\svchost.exe</Data>
<Data Name="ParentCommandLine">C:\WINDOWS\system32\svchost.exe -k netsvcs -p -s UsoSvc</Data>
<Data Name="ParentUser">NT AUTHORITY\SYSTEM</Data>
</EventData>
</Event>

<Event xmlns="http://schemas.microsoft.com/win/2004/08/events/event"><System><Provider Name="Microsoft-Windows-Sysmon" Guid="{5770385f-c22a-43e0-bf4c-06f5698ffbd9}"></Provider>
<EventID Qualifiers="">1</EventID>
<Version>5</Version>
<Level>4</Level>
<Task>1</Task>
<Opcode>0</Opcode>
<Keywords>0x8000000000000000</Keywords>
<TimeCreated SystemTime="2025-04-10 06:10:21.208744"></TimeCreated>
<EventRecordID>6781</EventRecordID>
<Correlation ActivityID="" RelatedActivityID=""></Correlation>
<Execution ProcessID="4420" ThreadID="5708"></Execution>
<Channel>Microsoft-Windows-Sysmon/Operational</Channel>
<Computer>DESKTOP-M3AKJSD</Computer>
<Security UserID="S-1-5-18"></Security>
</System>
<EventData><Data Name="RuleName">-</Data>
<Data Name="UtcTime">2025-04-10 06:10:21.199</Data>
<Data Name="ProcessGuid">{53c665d1-60cd-67f7-3601-000000001700}</Data>
<Data Name="ProcessId">9388</Data>
<Data Name="Image">C:\Windows\UUS\Packages\Preview\amd64\MoNotificationUx.exe</Data>
<Data Name="FileVersion">1406.2503.20012.0</Data>
<Data Name="Description">Notifications host process</Data>
<Data Name="Product">Microsoft&#174; Windows&#174; Operating System</Data>
<Data Name="Company">Microsoft Corporation</Data>
<Data Name="OriginalFileName">MoNotificationUx.exe</Data>
<Data Name="CommandLine">C:\WINDOWS\uus\packages\preview\AMD64\MoNotificationUx.exe /ClearActiveNotifications /CV LUYSO/3ch0OWhBU2.1.0.0</Data>
<Data Name="CurrentDirectory">C:\WINDOWS\system32\</Data>
<Data Name="User">DESKTOP-M3AKJSD\User</Data>
<Data Name="LogonGuid">{53c665d1-5fe9-67f7-1257-120000000000}</Data>
<Data Name="LogonId">0x0000000000125712</Data>
<Data Name="TerminalSessionId">1</Data>
<Data Name="IntegrityLevel">Medium</Data>
<Data Name="Hashes">MD5=1EC4C4ADB3DA8D9119B5C27C35281A83,SHA256=5BF62C5921B3E514A4D7FA2EA0526CC7A8C42410F2695E1FA6A07AB5B5205CDC,IMPHASH=E5B38BF792B93FB5CD516F8948F98502</Data>
<Data Name="ParentProcessGuid">{53c665d1-60cb-67f7-3201-000000001700}</Data>
<Data Name="ParentProcessId">7348</Data>
<Data Name="ParentImage">C:\Windows\UUS\Packages\Preview\amd64\MoUsoCoreWorker.exe</Data>
<Data Name="ParentCommandLine">"C:\WINDOWS\uus\packages\preview\AMD64\MoUsoCoreWorker.exe" useprivatenamespaces</Data>
<Data Name="ParentUser">NT AUTHORITY\SYSTEM</Data>
</EventData>
</Event>

<Event xmlns="http://schemas.microsoft.com/win/2004/08/events/event"><System><Provider Name="Microsoft-Windows-Sysmon" Guid="{5770385f-c22a-43e0-bf4c-06f5698ffbd9}"></Provider>
<EventID Qualifiers="">1</EventID>
<Version>5</Version>
<Level>4</Level>
<Task>1</Task>
<Opcode>0</Opcode>
<Keywords>0x8000000000000000</Keywords>
<TimeCreated SystemTime="2025-04-10 06:10:21.235153"></TimeCreated>
<EventRecordID>6782</EventRecordID>
<Correlation ActivityID="" RelatedActivityID=""></Correlation>
<Execution ProcessID="4420" ThreadID="5708"></Execution>
<Channel>Microsoft-Windows-Sysmon/Operational</Channel>
<Computer>DESKTOP-M3AKJSD</Computer>
<Security UserID="S-1-5-18"></Security>
</System>
<EventData><Data Name="RuleName">-</Data>
<Data Name="UtcTime">2025-04-10 06:10:21.233</Data>
<Data Name="ProcessGuid">{53c665d1-60cd-67f7-3701-000000001700}</Data>
<Data Name="ProcessId">8464</Data>
<Data Name="Image">C:\Windows\UUS\Packages\Preview\amd64\MoNotificationUx.exe</Data>
<Data Name="FileVersion">1406.2503.20012.0</Data>
<Data Name="Description">Notifications host process</Data>
<Data Name="Product">Microsoft&#174; Windows&#174; Operating System</Data>
<Data Name="Company">Microsoft Corporation</Data>
<Data Name="OriginalFileName">MoNotificationUx.exe</Data>
<Data Name="CommandLine">C:\WINDOWS\uus\packages\preview\AMD64\MoNotificationUx.exe /ClearActiveNotifications Passive /CV LUYSO/3ch0OWhBU2.1.0.0</Data>
<Data Name="CurrentDirectory">C:\WINDOWS\system32\</Data>
<Data Name="User">DESKTOP-M3AKJSD\User</Data>
<Data Name="LogonGuid">{53c665d1-5fe9-67f7-1257-120000000000}</Data>
<Data Name="LogonId">0x0000000000125712</Data>
<Data Name="TerminalSessionId">1</Data>
<Data Name="IntegrityLevel">Medium</Data>
<Data Name="Hashes">MD5=1EC4C4ADB3DA8D9119B5C27C35281A83,SHA256=5BF62C5921B3E514A4D7FA2EA0526CC7A8C42410F2695E1FA6A07AB5B5205CDC,IMPHASH=E5B38BF792B93FB5CD516F8948F98502</Data>
<Data Name="ParentProcessGuid">{53c665d1-60cb-67f7-3201-000000001700}</Data>
<Data Name="ParentProcessId">7348</Data>
<Data Name="ParentImage">C:\Windows\UUS\Packages\Preview\amd64\MoUsoCoreWorker.exe</Data>
<Data Name="ParentCommandLine">"C:\WINDOWS\uus\packages\preview\AMD64\MoUsoCoreWorker.exe" useprivatenamespaces</Data>
<Data Name="ParentUser">NT AUTHORITY\SYSTEM</Data>
</EventData>
</Event>

<Event xmlns="http://schemas.microsoft.com/win/2004/08/events/event"><System><Provider Name="Microsoft-Windows-Sysmon" Guid="{5770385f-c22a-43e0-bf4c-06f5698ffbd9}"></Provider>
<EventID Qualifiers="">13</EventID>
<Version>2</Version>
<Level>4</Level>
<Task>13</Task>
<Opcode>0</Opcode>
<Keywords>0x8000000000000000</Keywords>
<TimeCreated SystemTime="2025-04-10 06:10:21.478020"></TimeCreated>
<EventRecordID>6783</EventRecordID>
<Correlation ActivityID="" RelatedActivityID=""></Correlation>
<Execution ProcessID="4420" ThreadID="5708"></Execution>
<Channel>Microsoft-Windows-Sysmon/Operational</Channel>
<Computer>DESKTOP-M3AKJSD</Computer>
<Security UserID="S-1-5-18"></Security>
</System>
<EventData><Data Name="RuleName">InvDB-Path</Data>
<Data Name="EventType">SetValue</Data>
<Data Name="UtcTime">2025-04-10 06:10:21.475</Data>
<Data Name="ProcessGuid">{53c665d1-5e7e-67f7-4e00-000000001700}</Data>
<Data Name="ProcessId">3636</Data>
<Data Name="Image">C:\WINDOWS\System32\svchost.exe</Data>
<Data Name="TargetObject">\REGISTRY\A\{79a3493b-db73-20fc-d2fa-d48d56e9a633}\Root\InventoryApplicationFile\monotificationux|2cc7bbf2a79a9f0\LowerCaseLongPath</Data>
<Data Name="Details">c:\windows\uus\packages\preview\amd64\monotificationux.exe</Data>
<Data Name="User">NT AUTHORITY\SYSTEM</Data>
</EventData>
</Event>

<Event xmlns="http://schemas.microsoft.com/win/2004/08/events/event"><System><Provider Name="Microsoft-Windows-Sysmon" Guid="{5770385f-c22a-43e0-bf4c-06f5698ffbd9}"></Provider>
<EventID Qualifiers="">13</EventID>
<Version>2</Version>
<Level>4</Level>
<Task>13</Task>
<Opcode>0</Opcode>
<Keywords>0x8000000000000000</Keywords>
<TimeCreated SystemTime="2025-04-10 06:10:21.478125"></TimeCreated>
<EventRecordID>6784</EventRecordID>
<Correlation ActivityID="" RelatedActivityID=""></Correlation>
<Execution ProcessID="4420" ThreadID="5708"></Execution>
<Channel>Microsoft-Windows-Sysmon/Operational</Channel>
<Computer>DESKTOP-M3AKJSD</Computer>
<Security UserID="S-1-5-18"></Security>
</System>
<EventData><Data Name="RuleName">InvDB-Pub</Data>
<Data Name="EventType">SetValue</Data>
<Data Name="UtcTime">2025-04-10 06:10:21.475</Data>
<Data Name="ProcessGuid">{53c665d1-5e7e-67f7-4e00-000000001700}</Data>
<Data Name="ProcessId">3636</Data>
<Data Name="Image">C:\WINDOWS\System32\svchost.exe</Data>
<Data Name="TargetObject">\REGISTRY\A\{79a3493b-db73-20fc-d2fa-d48d56e9a633}\Root\InventoryApplicationFile\monotificationux|2cc7bbf2a79a9f0\Publisher</Data>
<Data Name="Details">microsoft corporation</Data>
<Data Name="User">NT AUTHORITY\SYSTEM</Data>
</EventData>
</Event>

<Event xmlns="http://schemas.microsoft.com/win/2004/08/events/event"><System><Provider Name="Microsoft-Windows-Sysmon" Guid="{5770385f-c22a-43e0-bf4c-06f5698ffbd9}"></Provider>
<EventID Qualifiers="">13</EventID>
<Version>2</Version>
<Level>4</Level>
<Task>13</Task>
<Opcode>0</Opcode>
<Keywords>0x8000000000000000</Keywords>
<TimeCreated SystemTime="2025-04-10 06:10:21.478430"></TimeCreated>
<EventRecordID>6785</EventRecordID>
<Correlation ActivityID="" RelatedActivityID=""></Correlation>
<Execution ProcessID="4420" ThreadID="5708"></Execution>
<Channel>Microsoft-Windows-Sysmon/Operational</Channel>
<Computer>DESKTOP-M3AKJSD</Computer>
<Security UserID="S-1-5-18"></Security>
</System>
<EventData><Data Name="RuleName">InvDB-CompileTimeClaim</Data>
<Data Name="EventType">SetValue</Data>
<Data Name="UtcTime">2025-04-10 06:10:21.475</Data>
<Data Name="ProcessGuid">{53c665d1-5e7e-67f7-4e00-000000001700}</Data>
<Data Name="ProcessId">3636</Data>
<Data Name="Image">C:\WINDOWS\System32\svchost.exe</Data>
<Data Name="TargetObject">\REGISTRY\A\{79a3493b-db73-20fc-d2fa-d48d56e9a633}\Root\InventoryApplicationFile\monotificationux|2cc7bbf2a79a9f0\LinkDate</Data>
<Data Name="Details">07/23/1989 10:35:07</Data>
<Data Name="User">NT AUTHORITY\SYSTEM</Data>
</EventData>
</Event>

<Event xmlns="http://schemas.microsoft.com/win/2004/08/events/event"><System><Provider Name="Microsoft-Windows-Sysmon" Guid="{5770385f-c22a-43e0-bf4c-06f5698ffbd9}"></Provider>
<EventID Qualifiers="">13</EventID>
<Version>2</Version>
<Level>4</Level>
<Task>13</Task>
<Opcode>0</Opcode>
<Keywords>0x8000000000000000</Keywords>
<TimeCreated SystemTime="2025-04-10 06:10:21.478464"></TimeCreated>
<EventRecordID>6786</EventRecordID>
<Correlation ActivityID="" RelatedActivityID=""></Correlation>
<Execution ProcessID="4420" ThreadID="5708"></Execution>
<Channel>Microsoft-Windows-Sysmon/Operational</Channel>
<Computer>DESKTOP-M3AKJSD</Computer>
<Security UserID="S-1-5-18"></Security>
</System>
<EventData><Data Name="RuleName">InvDB-Ver</Data>
<Data Name="EventType">SetValue</Data>
<Data Name="UtcTime">2025-04-10 06:10:21.478</Data>
<Data Name="ProcessGuid">{53c665d1-5e7e-67f7-4e00-000000001700}</Data>
<Data Name="ProcessId">3636</Data>
<Data Name="Image">C:\WINDOWS\System32\svchost.exe</Data>
<Data Name="TargetObject">\REGISTRY\A\{79a3493b-db73-20fc-d2fa-d48d56e9a633}\Root\InventoryApplicationFile\monotificationux|2cc7bbf2a79a9f0\BinProductVersion</Data>
<Data Name="Details">1406.2503.20012.0</Data>
<Data Name="User">NT AUTHORITY\SYSTEM</Data>
</EventData>
</Event>

<Event xmlns="http://schemas.microsoft.com/win/2004/08/events/event"><System><Provider Name="Microsoft-Windows-Sysmon" Guid="{5770385f-c22a-43e0-bf4c-06f5698ffbd9}"></Provider>
<EventID Qualifiers="">1</EventID>
<Version>5</Version>
<Level>4</Level>
<Task>1</Task>
<Opcode>0</Opcode>
<Keywords>0x8000000000000000</Keywords>
<TimeCreated SystemTime="2025-04-10 06:10:25.008139"></TimeCreated>
<EventRecordID>6787</EventRecordID>
<Correlation ActivityID="" RelatedActivityID=""></Correlation>
<Execution ProcessID="4420" ThreadID="5708"></Execution>
<Channel>Microsoft-Windows-Sysmon/Operational</Channel>
<Computer>DESKTOP-M3AKJSD</Computer>
<Security UserID="S-1-5-18"></Security>
</System>
<EventData><Data Name="RuleName">-</Data>
<Data Name="UtcTime">2025-04-10 06:10:25.006</Data>
<Data Name="ProcessGuid">{53c665d1-60d1-67f7-3801-000000001700}</Data>
<Data Name="ProcessId">3276</Data>
<Data Name="Image">C:\Windows\System32\taskhostw.exe</Data>
<Data Name="FileVersion">10.0.26100.3624 (WinBuild.160101.0800)</Data>
<Data Name="Description">Host Process for Windows Tasks</Data>
<Data Name="Product">Microsoft&#174; Windows&#174; Operating System</Data>
<Data Name="Company">Microsoft Corporation</Data>
<Data Name="OriginalFileName">taskhostw.exe</Data>
<Data Name="CommandLine">taskhostw.exe</Data>
<Data Name="CurrentDirectory">C:\WINDOWS\system32\</Data>
<Data Name="User">NT AUTHORITY\SYSTEM</Data>
<Data Name="LogonGuid">{53c665d1-5e7a-67f7-e703-000000000000}</Data>
<Data Name="LogonId">0x00000000000003e7</Data>
<Data Name="TerminalSessionId">0</Data>
<Data Name="IntegrityLevel">System</Data>
<Data Name="Hashes">MD5=DE35D9FE13EA48A238AAC8C3355078C5,SHA256=C772A80788FF09DCA0AF997FE8449D81555B02399E4AB357213ECFAC5501783F,IMPHASH=2196268E7A2880E3ADC74481297D0C4B</Data>
<Data Name="ParentProcessGuid">{53c665d1-5e7b-67f7-2000-000000001700}</Data>
<Data Name="ParentProcessId">1744</Data>
<Data Name="ParentImage">C:\Windows\System32\svchost.exe</Data>
<Data Name="ParentCommandLine">C:\WINDOWS\system32\svchost.exe -k netsvcs -p -s Schedule</Data>
<Data Name="ParentUser">NT AUTHORITY\SYSTEM</Data>
</EventData>
</Event>

<Event xmlns="http://schemas.microsoft.com/win/2004/08/events/event"><System><Provider Name="Microsoft-Windows-Sysmon" Guid="{5770385f-c22a-43e0-bf4c-06f5698ffbd9}"></Provider>
<EventID Qualifiers="">1</EventID>
<Version>5</Version>
<Level>4</Level>
<Task>1</Task>
<Opcode>0</Opcode>
<Keywords>0x8000000000000000</Keywords>
<TimeCreated SystemTime="2025-04-10 06:10:40.149408"></TimeCreated>
<EventRecordID>6788</EventRecordID>
<Correlation ActivityID="" RelatedActivityID=""></Correlation>
<Execution ProcessID="4420" ThreadID="5708"></Execution>
<Channel>Microsoft-Windows-Sysmon/Operational</Channel>
<Computer>DESKTOP-M3AKJSD</Computer>
<Security UserID="S-1-5-18"></Security>
</System>
<EventData><Data Name="RuleName">-</Data>
<Data Name="UtcTime">2025-04-10 06:10:40.145</Data>
<Data Name="ProcessGuid">{53c665d1-60e0-67f7-3901-000000001700}</Data>
<Data Name="ProcessId">9544</Data>
<Data Name="Image">C:\ProgramData\Microsoft\Windows Defender\Platform\4.18.25020.1009-0\MpCmdRun.exe</Data>
<Data Name="FileVersion">4.18.25020.1009 (f9825cc40e26f897bbd18abcfcc53873f7599597)</Data>
<Data Name="Description">Microsoft Malware Protection Command Line Utility</Data>
<Data Name="Product">Microsoft&#174; Windows&#174; Operating System</Data>
<Data Name="Company">Microsoft Corporation</Data>
<Data Name="OriginalFileName">MpCmdRun.exe</Data>
<Data Name="CommandLine">"C:\ProgramData\Microsoft\Windows Defender\Platform\4.18.25020.1009-0\MpCmdRun.exe" SignatureUpdate -ScheduleJob -RestrictPrivileges</Data>
<Data Name="CurrentDirectory">C:\WINDOWS\system32\</Data>
<Data Name="User">NT AUTHORITY\SYSTEM</Data>
<Data Name="LogonGuid">{53c665d1-5e7a-67f7-e703-000000000000}</Data>
<Data Name="LogonId">0x00000000000003e7</Data>
<Data Name="TerminalSessionId">0</Data>
<Data Name="IntegrityLevel">System</Data>
<Data Name="Hashes">MD5=0C59216E81F46376ECB6501C1E003DFA,SHA256=E46A588465CFFE407FF8D7BA58D7716FECA2B2F82FAAC291AB561F3C1259ED24,IMPHASH=573E1EF237F03048F95BE73E5B61F862</Data>
<Data Name="ParentProcessGuid">{53c665d1-5e7f-67f7-5b00-000000001700}</Data>
<Data Name="ParentProcessId">4452</Data>
<Data Name="ParentImage">C:\ProgramData\Microsoft\Windows Defender\Platform\4.18.25020.1009-0\MsMpEng.exe</Data>
<Data Name="ParentCommandLine">"C:\ProgramData\Microsoft\Windows Defender\Platform\4.18.25020.1009-0\MsMpEng.exe"</Data>
<Data Name="ParentUser">NT AUTHORITY\SYSTEM</Data>
</EventData>
</Event>

<Event xmlns="http://schemas.microsoft.com/win/2004/08/events/event"><System><Provider Name="Microsoft-Windows-Sysmon" Guid="{5770385f-c22a-43e0-bf4c-06f5698ffbd9}"></Provider>
<EventID Qualifiers="">1</EventID>
<Version>5</Version>
<Level>4</Level>
<Task>1</Task>
<Opcode>0</Opcode>
<Keywords>0x8000000000000000</Keywords>
<TimeCreated SystemTime="2025-04-10 06:10:40.224140"></TimeCreated>
<EventRecordID>6789</EventRecordID>
<Correlation ActivityID="" RelatedActivityID=""></Correlation>
<Execution ProcessID="4420" ThreadID="5708"></Execution>
<Channel>Microsoft-Windows-Sysmon/Operational</Channel>
<Computer>DESKTOP-M3AKJSD</Computer>
<Security UserID="S-1-5-18"></Security>
</System>
<EventData><Data Name="RuleName">-</Data>
<Data Name="UtcTime">2025-04-10 06:10:40.222</Data>
<Data Name="ProcessGuid">{53c665d1-60e0-67f7-3b01-000000001700}</Data>
<Data Name="ProcessId">6864</Data>
<Data Name="Image">C:\ProgramData\Microsoft\Windows Defender\Platform\4.18.25020.1009-0\MpCmdRun.exe</Data>
<Data Name="FileVersion">4.18.25020.1009 (f9825cc40e26f897bbd18abcfcc53873f7599597)</Data>
<Data Name="Description">Microsoft Malware Protection Command Line Utility</Data>
<Data Name="Product">Microsoft&#174; Windows&#174; Operating System</Data>
<Data Name="Company">Microsoft Corporation</Data>
<Data Name="OriginalFileName">MpCmdRun.exe</Data>
<Data Name="CommandLine">"C:\ProgramData\Microsoft\Windows Defender\Platform\4.18.25020.1009-0\MpCmdRun.exe" SignaturesUpdateService -ScheduleJob -UnmanagedUpdate</Data>
<Data Name="CurrentDirectory">C:\WINDOWS\system32\</Data>
<Data Name="User">NT AUTHORITY\SYSTEM</Data>
<Data Name="LogonGuid">{53c665d1-5e7a-67f7-e703-000000000000}</Data>
<Data Name="LogonId">0x00000000000003e7</Data>
<Data Name="TerminalSessionId">0</Data>
<Data Name="IntegrityLevel">System</Data>
<Data Name="Hashes">MD5=0C59216E81F46376ECB6501C1E003DFA,SHA256=E46A588465CFFE407FF8D7BA58D7716FECA2B2F82FAAC291AB561F3C1259ED24,IMPHASH=573E1EF237F03048F95BE73E5B61F862</Data>
<Data Name="ParentProcessGuid">{53c665d1-5e7f-67f7-5b00-000000001700}</Data>
<Data Name="ParentProcessId">4452</Data>
<Data Name="ParentImage">C:\ProgramData\Microsoft\Windows Defender\Platform\4.18.25020.1009-0\MsMpEng.exe</Data>
<Data Name="ParentCommandLine">"C:\ProgramData\Microsoft\Windows Defender\Platform\4.18.25020.1009-0\MsMpEng.exe"</Data>
<Data Name="ParentUser">NT AUTHORITY\SYSTEM</Data>
</EventData>
</Event>

<Event xmlns="http://schemas.microsoft.com/win/2004/08/events/event"><System><Provider Name="Microsoft-Windows-Sysmon" Guid="{5770385f-c22a-43e0-bf4c-06f5698ffbd9}"></Provider>
<EventID Qualifiers="">1</EventID>
<Version>5</Version>
<Level>4</Level>
<Task>1</Task>
<Opcode>0</Opcode>
<Keywords>0x8000000000000000</Keywords>
<TimeCreated SystemTime="2025-04-10 06:10:51.989746"></TimeCreated>
<EventRecordID>6790</EventRecordID>
<Correlation ActivityID="" RelatedActivityID=""></Correlation>
<Execution ProcessID="4420" ThreadID="5708"></Execution>
<Channel>Microsoft-Windows-Sysmon/Operational</Channel>
<Computer>DESKTOP-M3AKJSD</Computer>
<Security UserID="S-1-5-18"></Security>
</System>
<EventData><Data Name="RuleName">-</Data>
<Data Name="UtcTime">2025-04-10 06:10:51.987</Data>
<Data Name="ProcessGuid">{53c665d1-60eb-67f7-3f01-000000001700}</Data>
<Data Name="ProcessId">4192</Data>
<Data Name="Image">C:\Windows\System32\svchost.exe</Data>
<Data Name="FileVersion">10.0.26100.1150 (WinBuild.160101.0800)</Data>
<Data Name="Description">Host Process for Windows Services</Data>
<Data Name="Product">Microsoft&#174; Windows&#174; Operating System</Data>
<Data Name="Company">Microsoft Corporation</Data>
<Data Name="OriginalFileName">svchost.exe</Data>
<Data Name="CommandLine">C:\WINDOWS\System32\svchost.exe -k netsvcs -p -s NetSetupSvc</Data>
<Data Name="CurrentDirectory">C:\WINDOWS\system32\</Data>
<Data Name="User">NT AUTHORITY\SYSTEM</Data>
<Data Name="LogonGuid">{53c665d1-5e7a-67f7-e703-000000000000}</Data>
<Data Name="LogonId">0x00000000000003e7</Data>
<Data Name="TerminalSessionId">0</Data>
<Data Name="IntegrityLevel">System</Data>
<Data Name="Hashes">MD5=0CD128F416A04C06D50EC56392C25D9F,SHA256=324451797AC909A4DD40C7A2F7347EF91F6B7C786941AD5035F609C0FC15EDAA,IMPHASH=DE43BD45CC98C143357416C7519ECCFD</Data>
<Data Name="ParentProcessGuid">{53c665d1-5e7a-67f7-0b00-000000001700}</Data>
<Data Name="ParentProcessId">832</Data>
<Data Name="ParentImage">C:\Windows\System32\services.exe</Data>
<Data Name="ParentCommandLine">C:\WINDOWS\system32\services.exe</Data>
<Data Name="ParentUser">NT AUTHORITY\SYSTEM</Data>
</EventData>
</Event>

<Event xmlns="http://schemas.microsoft.com/win/2004/08/events/event"><System><Provider Name="Microsoft-Windows-Sysmon" Guid="{5770385f-c22a-43e0-bf4c-06f5698ffbd9}"></Provider>
<EventID Qualifiers="">1</EventID>
<Version>5</Version>
<Level>4</Level>
<Task>1</Task>
<Opcode>0</Opcode>
<Keywords>0x8000000000000000</Keywords>
<TimeCreated SystemTime="2025-04-10 06:11:00.039209"></TimeCreated>
<EventRecordID>6791</EventRecordID>
<Correlation ActivityID="" RelatedActivityID=""></Correlation>
<Execution ProcessID="4420" ThreadID="5708"></Execution>
<Channel>Microsoft-Windows-Sysmon/Operational</Channel>
<Computer>DESKTOP-M3AKJSD</Computer>
<Security UserID="S-1-5-18"></Security>
</System>
<EventData><Data Name="RuleName">-</Data>
<Data Name="UtcTime">2025-04-10 06:11:00.035</Data>
<Data Name="ProcessGuid">{53c665d1-60f4-67f7-4001-000000001700}</Data>
<Data Name="ProcessId">924</Data>
<Data Name="Image">C:\Windows\UUS\Packages\Preview\amd64\wuaucltcore.exe</Data>
<Data Name="FileVersion">1406.2503.20012.0</Data>
<Data Name="Description">Windows Update</Data>
<Data Name="Product">Microsoft&#174; Windows&#174; Operating System</Data>
<Data Name="Company">Microsoft Corporation</Data>
<Data Name="OriginalFileName">wuaucltcore.exe</Data>
<Data Name="CommandLine">"C:\WINDOWS\uus\packages\preview\AMD64\wuaucltcore.exe" /DeploymentHandlerFullPath \\?\C:\Windows\UUS\Packages\Preview\AMD64\UpdateDeploy.dll /ClassId 3ca46957-76af-468a-961d-f9dfe0fd2122 /RunHandlerComServer</Data>
<Data Name="CurrentDirectory">C:\WINDOWS\system32\</Data>
<Data Name="User">NT AUTHORITY\SYSTEM</Data>
<Data Name="LogonGuid">{53c665d1-5e7a-67f7-e703-000000000000}</Data>
<Data Name="LogonId">0x00000000000003e7</Data>
<Data Name="TerminalSessionId">0</Data>
<Data Name="IntegrityLevel">System</Data>
<Data Name="Hashes">MD5=AAA386C484072A9E23ECE0B931048658,SHA256=57887576D39559356D5088DD27BACF459B65E760989A06ADEBC64C47B3F1FA67,IMPHASH=5FB5459A8931EA77DFAA79FC37CD9756</Data>
<Data Name="ParentProcessGuid">{53c665d1-5e7c-67f7-4300-000000001700}</Data>
<Data Name="ParentProcessId">3328</Data>
<Data Name="ParentImage">C:\Windows\System32\svchost.exe</Data>
<Data Name="ParentCommandLine">C:\WINDOWS\system32\svchost.exe -k netsvcs -p -s wuauserv</Data>
<Data Name="ParentUser">NT AUTHORITY\SYSTEM</Data>
</EventData>
</Event>

<Event xmlns="http://schemas.microsoft.com/win/2004/08/events/event"><System><Provider Name="Microsoft-Windows-Sysmon" Guid="{5770385f-c22a-43e0-bf4c-06f5698ffbd9}"></Provider>
<EventID Qualifiers="">11</EventID>
<Version>2</Version>
<Level>4</Level>
<Task>11</Task>
<Opcode>0</Opcode>
<Keywords>0x8000000000000000</Keywords>
<TimeCreated SystemTime="2025-04-10 06:11:00.103664"></TimeCreated>
<EventRecordID>6792</EventRecordID>
<Correlation ActivityID="" RelatedActivityID=""></Correlation>
<Execution ProcessID="4420" ThreadID="5708"></Execution>
<Channel>Microsoft-Windows-Sysmon/Operational</Channel>
<Computer>DESKTOP-M3AKJSD</Computer>
<Security UserID="S-1-5-18"></Security>
</System>
<EventData><Data Name="RuleName">EXE</Data>
<Data Name="UtcTime">2025-04-10 06:11:00.102</Data>
<Data Name="ProcessGuid">{53c665d1-5e7c-67f7-4300-000000001700}</Data>
<Data Name="ProcessId">3328</Data>
<Data Name="Image">C:\WINDOWS\system32\svchost.exe</Data>
<Data Name="TargetFilename">C:\Windows\SoftwareDistribution\Download\Install\UpdatePlatform.amd64fre.exe</Data>
<Data Name="CreationUtcTime">2025-04-10 06:11:00.102</Data>
<Data Name="User">NT AUTHORITY\SYSTEM</Data>
</EventData>
</Event>

