<Event xmlns="http://schemas.microsoft.com/win/2004/08/events/event"><System><Provider Name="Microsoft-Windows-Sysmon" Guid="{5770385f-c22a-43e0-bf4c-06f5698ffbd9}"></Provider>
<EventID Qualifiers="">11</EventID>
<Version>2</Version>
<Level>4</Level>
<Task>11</Task>
<Opcode>0</Opcode>
<Keywords>0x8000000000000000</Keywords>
<TimeCreated SystemTime="2025-04-10 06:02:34.563253"></TimeCreated>
<EventRecordID>6585</EventRecordID>
<Correlation ActivityID="" RelatedActivityID=""></Correlation>
<Execution ProcessID="4420" ThreadID="5708"></Execution>
<Channel>Microsoft-Windows-Sysmon/Operational</Channel>
<Computer>DESKTOP-M3AKJSD</Computer>
<Security UserID="S-1-5-18"></Security>
</System>
<EventData><Data Name="RuleName">DLL</Data>
<Data Name="UtcTime">2025-04-10 06:02:34.562</Data>
<Data Name="ProcessGuid">{53c665d1-5e7c-67f7-4300-000000001700}</Data>
<Data Name="ProcessId">3328</Data>
<Data Name="Image">C:\WINDOWS\system32\svchost.exe</Data>
<Data Name="TargetFilename">C:\Windows\SoftwareDistribution\Download\9e23639a605c687a8e197b7004c8f628\Metadata\UpdateCompression.dll</Data>
<Data Name="CreationUtcTime">2025-04-05 09:55:30.000</Data>
<Data Name="User">NT AUTHORITY\SYSTEM</Data>
</EventData>
</Event>

<Event xmlns="http://schemas.microsoft.com/win/2004/08/events/event"><System><Provider Name="Microsoft-Windows-Sysmon" Guid="{5770385f-c22a-43e0-bf4c-06f5698ffbd9}"></Provider>
<EventID Qualifiers="">11</EventID>
<Version>2</Version>
<Level>4</Level>
<Task>11</Task>
<Opcode>0</Opcode>
<Keywords>0x8000000000000000</Keywords>
<TimeCreated SystemTime="2025-04-10 06:02:34.567352"></TimeCreated>
<EventRecordID>6586</EventRecordID>
<Correlation ActivityID="" RelatedActivityID=""></Correlation>
<Execution ProcessID="4420" ThreadID="5708"></Execution>
<Channel>Microsoft-Windows-Sysmon/Operational</Channel>
<Computer>DESKTOP-M3AKJSD</Computer>
<Security UserID="S-1-5-18"></Security>
</System>
<EventData><Data Name="RuleName">DLL</Data>
<Data Name="UtcTime">2025-04-10 06:02:34.567</Data>
<Data Name="ProcessGuid">{53c665d1-5e7c-67f7-4300-000000001700}</Data>
<Data Name="ProcessId">3328</Data>
<Data Name="Image">C:\WINDOWS\system32\svchost.exe</Data>
<Data Name="TargetFilename">C:\Windows\SoftwareDistribution\Download\9e23639a605c687a8e197b7004c8f628\Metadata\updatedeploy.dll</Data>
<Data Name="CreationUtcTime">2025-04-05 09:57:26.000</Data>
<Data Name="User">NT AUTHORITY\SYSTEM</Data>
</EventData>
</Event>

<Event xmlns="http://schemas.microsoft.com/win/2004/08/events/event"><System><Provider Name="Microsoft-Windows-Sysmon" Guid="{5770385f-c22a-43e0-bf4c-06f5698ffbd9}"></Provider>
<EventID Qualifiers="">11</EventID>
<Version>2</Version>
<Level>4</Level>
<Task>11</Task>
<Opcode>0</Opcode>
<Keywords>0x8000000000000000</Keywords>
<TimeCreated SystemTime="2025-04-10 06:02:34.572655"></TimeCreated>
<EventRecordID>6587</EventRecordID>
<Correlation ActivityID="" RelatedActivityID=""></Correlation>
<Execution ProcessID="4420" ThreadID="5708"></Execution>
<Channel>Microsoft-Windows-Sysmon/Operational</Channel>
<Computer>DESKTOP-M3AKJSD</Computer>
<Security UserID="S-1-5-18"></Security>
</System>
<EventData><Data Name="RuleName">DLL</Data>
<Data Name="UtcTime">2025-04-10 06:02:34.571</Data>
<Data Name="ProcessGuid">{53c665d1-5e7c-67f7-4300-000000001700}</Data>
<Data Name="ProcessId">3328</Data>
<Data Name="Image">C:\WINDOWS\system32\svchost.exe</Data>
<Data Name="TargetFilename">C:\Windows\SoftwareDistribution\Download\9e23639a605c687a8e197b7004c8f628\Metadata\AppxDeviceInventory.dll</Data>
<Data Name="CreationUtcTime">2025-04-05 10:21:38.000</Data>
<Data Name="User">NT AUTHORITY\SYSTEM</Data>
</EventData>
</Event>

<Event xmlns="http://schemas.microsoft.com/win/2004/08/events/event"><System><Provider Name="Microsoft-Windows-Sysmon" Guid="{5770385f-c22a-43e0-bf4c-06f5698ffbd9}"></Provider>
<EventID Qualifiers="">11</EventID>
<Version>2</Version>
<Level>4</Level>
<Task>11</Task>
<Opcode>0</Opcode>
<Keywords>0x8000000000000000</Keywords>
<TimeCreated SystemTime="2025-04-10 06:02:34.580906"></TimeCreated>
<EventRecordID>6588</EventRecordID>
<Correlation ActivityID="" RelatedActivityID=""></Correlation>
<Execution ProcessID="4420" ThreadID="5708"></Execution>
<Channel>Microsoft-Windows-Sysmon/Operational</Channel>
<Computer>DESKTOP-M3AKJSD</Computer>
<Security UserID="S-1-5-18"></Security>
</System>
<EventData><Data Name="RuleName">DLL</Data>
<Data Name="UtcTime">2025-04-10 06:02:34.579</Data>
<Data Name="ProcessGuid">{53c665d1-5e7c-67f7-4300-000000001700}</Data>
<Data Name="ProcessId">3328</Data>
<Data Name="Image">C:\WINDOWS\system32\svchost.exe</Data>
<Data Name="TargetFilename">C:\Windows\SoftwareDistribution\Download\9e23639a605c687a8e197b7004c8f628\Metadata\MsixPackageProvisioner.dll</Data>
<Data Name="CreationUtcTime">2025-04-05 10:26:36.000</Data>
<Data Name="User">NT AUTHORITY\SYSTEM</Data>
</EventData>
</Event>

<Event xmlns="http://schemas.microsoft.com/win/2004/08/events/event"><System><Provider Name="Microsoft-Windows-Sysmon" Guid="{5770385f-c22a-43e0-bf4c-06f5698ffbd9}"></Provider>
<EventID Qualifiers="">11</EventID>
<Version>2</Version>
<Level>4</Level>
<Task>11</Task>
<Opcode>0</Opcode>
<Keywords>0x8000000000000000</Keywords>
<TimeCreated SystemTime="2025-04-10 06:02:35.648228"></TimeCreated>
<EventRecordID>6589</EventRecordID>
<Correlation ActivityID="" RelatedActivityID=""></Correlation>
<Execution ProcessID="4420" ThreadID="5708"></Execution>
<Channel>Microsoft-Windows-Sysmon/Operational</Channel>
<Computer>DESKTOP-M3AKJSD</Computer>
<Security UserID="S-1-5-18"></Security>
</System>
<EventData><Data Name="RuleName">DLL</Data>
<Data Name="UtcTime">2025-04-10 06:02:35.646</Data>
<Data Name="ProcessGuid">{53c665d1-5e7c-67f7-4300-000000001700}</Data>
<Data Name="ProcessId">3328</Data>
<Data Name="Image">C:\WINDOWS\system32\svchost.exe</Data>
<Data Name="TargetFilename">C:\Windows\SoftwareDistribution\Download\9e23639a605c687a8e197b7004c8f628\Metadata\UpdateAgent.dll</Data>
<Data Name="CreationUtcTime">2025-04-05 09:55:36.000</Data>
<Data Name="User">NT AUTHORITY\SYSTEM</Data>
</EventData>
</Event>

<Event xmlns="http://schemas.microsoft.com/win/2004/08/events/event"><System><Provider Name="Microsoft-Windows-Sysmon" Guid="{5770385f-c22a-43e0-bf4c-06f5698ffbd9}"></Provider>
<EventID Qualifiers="">11</EventID>
<Version>2</Version>
<Level>4</Level>
<Task>11</Task>
<Opcode>0</Opcode>
<Keywords>0x8000000000000000</Keywords>
<TimeCreated SystemTime="2025-04-10 06:02:35.672543"></TimeCreated>
<EventRecordID>6590</EventRecordID>
<Correlation ActivityID="" RelatedActivityID=""></Correlation>
<Execution ProcessID="4420" ThreadID="5708"></Execution>
<Channel>Microsoft-Windows-Sysmon/Operational</Channel>
<Computer>DESKTOP-M3AKJSD</Computer>
<Security UserID="S-1-5-18"></Security>
</System>
<EventData><Data Name="RuleName">DLL</Data>
<Data Name="UtcTime">2025-04-10 06:02:35.671</Data>
<Data Name="ProcessGuid">{53c665d1-5e7c-67f7-4300-000000001700}</Data>
<Data Name="ProcessId">3328</Data>
<Data Name="Image">C:\WINDOWS\system32\svchost.exe</Data>
<Data Name="TargetFilename">C:\Windows\SoftwareDistribution\Download\9e23639a605c687a8e197b7004c8f628\Metadata\dpx.dll</Data>
<Data Name="CreationUtcTime">2025-04-05 10:21:50.000</Data>
<Data Name="User">NT AUTHORITY\SYSTEM</Data>
</EventData>
</Event>

<Event xmlns="http://schemas.microsoft.com/win/2004/08/events/event"><System><Provider Name="Microsoft-Windows-Sysmon" Guid="{5770385f-c22a-43e0-bf4c-06f5698ffbd9}"></Provider>
<EventID Qualifiers="">11</EventID>
<Version>2</Version>
<Level>4</Level>
<Task>11</Task>
<Opcode>0</Opcode>
<Keywords>0x8000000000000000</Keywords>
<TimeCreated SystemTime="2025-04-10 06:02:35.680006"></TimeCreated>
<EventRecordID>6591</EventRecordID>
<Correlation ActivityID="" RelatedActivityID=""></Correlation>
<Execution ProcessID="4420" ThreadID="5708"></Execution>
<Channel>Microsoft-Windows-Sysmon/Operational</Channel>
<Computer>DESKTOP-M3AKJSD</Computer>
<Security UserID="S-1-5-18"></Security>
</System>
<EventData><Data Name="RuleName">DLL</Data>
<Data Name="UtcTime">2025-04-10 06:02:35.679</Data>
<Data Name="ProcessGuid">{53c665d1-5e7c-67f7-4300-000000001700}</Data>
<Data Name="ProcessId">3328</Data>
<Data Name="Image">C:\WINDOWS\system32\svchost.exe</Data>
<Data Name="TargetFilename">C:\Windows\SoftwareDistribution\Download\9e23639a605c687a8e197b7004c8f628\Metadata\Mitigation.dll</Data>
<Data Name="CreationUtcTime">2025-04-05 15:06:26.000</Data>
<Data Name="User">NT AUTHORITY\SYSTEM</Data>
</EventData>
</Event>

<Event xmlns="http://schemas.microsoft.com/win/2004/08/events/event"><System><Provider Name="Microsoft-Windows-Sysmon" Guid="{5770385f-c22a-43e0-bf4c-06f5698ffbd9}"></Provider>
<EventID Qualifiers="">11</EventID>
<Version>2</Version>
<Level>4</Level>
<Task>11</Task>
<Opcode>0</Opcode>
<Keywords>0x8000000000000000</Keywords>
<TimeCreated SystemTime="2025-04-10 06:02:35.683954"></TimeCreated>
<EventRecordID>6592</EventRecordID>
<Correlation ActivityID="" RelatedActivityID=""></Correlation>
<Execution ProcessID="4420" ThreadID="5708"></Execution>
<Channel>Microsoft-Windows-Sysmon/Operational</Channel>
<Computer>DESKTOP-M3AKJSD</Computer>
<Security UserID="S-1-5-18"></Security>
</System>
<EventData><Data Name="RuleName">DLL</Data>
<Data Name="UtcTime">2025-04-10 06:02:35.683</Data>
<Data Name="ProcessGuid">{53c665d1-5e7c-67f7-4300-000000001700}</Data>
<Data Name="ProcessId">3328</Data>
<Data Name="Image">C:\WINDOWS\system32\svchost.exe</Data>
<Data Name="TargetFilename">C:\Windows\SoftwareDistribution\Download\9e23639a605c687a8e197b7004c8f628\Metadata\UAOneSettings.dll</Data>
<Data Name="CreationUtcTime">2025-04-05 10:10:54.000</Data>
<Data Name="User">NT AUTHORITY\SYSTEM</Data>
</EventData>
</Event>

<Event xmlns="http://schemas.microsoft.com/win/2004/08/events/event"><System><Provider Name="Microsoft-Windows-Sysmon" Guid="{5770385f-c22a-43e0-bf4c-06f5698ffbd9}"></Provider>
<EventID Qualifiers="">11</EventID>
<Version>2</Version>
<Level>4</Level>
<Task>11</Task>
<Opcode>0</Opcode>
<Keywords>0x8000000000000000</Keywords>
<TimeCreated SystemTime="2025-04-10 06:02:35.685843"></TimeCreated>
<EventRecordID>6593</EventRecordID>
<Correlation ActivityID="" RelatedActivityID=""></Correlation>
<Execution ProcessID="4420" ThreadID="5708"></Execution>
<Channel>Microsoft-Windows-Sysmon/Operational</Channel>
<Computer>DESKTOP-M3AKJSD</Computer>
<Security UserID="S-1-5-18"></Security>
</System>
<EventData><Data Name="RuleName">DLL</Data>
<Data Name="UtcTime">2025-04-10 06:02:35.683</Data>
<Data Name="ProcessGuid">{53c665d1-5e7c-67f7-4300-000000001700}</Data>
<Data Name="ProcessId">3328</Data>
<Data Name="Image">C:\WINDOWS\system32\svchost.exe</Data>
<Data Name="TargetFilename">C:\Windows\SoftwareDistribution\Download\9e23639a605c687a8e197b7004c8f628\Metadata\wcp.dll</Data>
<Data Name="CreationUtcTime">2025-04-05 10:20:10.000</Data>
<Data Name="User">NT AUTHORITY\SYSTEM</Data>
</EventData>
</Event>

<Event xmlns="http://schemas.microsoft.com/win/2004/08/events/event"><System><Provider Name="Microsoft-Windows-Sysmon" Guid="{5770385f-c22a-43e0-bf4c-06f5698ffbd9}"></Provider>
<EventID Qualifiers="">11</EventID>
<Version>2</Version>
<Level>4</Level>
<Task>11</Task>
<Opcode>0</Opcode>
<Keywords>0x8000000000000000</Keywords>
<TimeCreated SystemTime="2025-04-10 06:02:35.712854"></TimeCreated>
<EventRecordID>6594</EventRecordID>
<Correlation ActivityID="" RelatedActivityID=""></Correlation>
<Execution ProcessID="4420" ThreadID="5708"></Execution>
<Channel>Microsoft-Windows-Sysmon/Operational</Channel>
<Computer>DESKTOP-M3AKJSD</Computer>
<Security UserID="S-1-5-18"></Security>
</System>
<EventData><Data Name="RuleName">DLL</Data>
<Data Name="UtcTime">2025-04-10 06:02:35.711</Data>
<Data Name="ProcessGuid">{53c665d1-5e7c-67f7-4300-000000001700}</Data>
<Data Name="ProcessId">3328</Data>
<Data Name="Image">C:\WINDOWS\system32\svchost.exe</Data>
<Data Name="TargetFilename">C:\Windows\SoftwareDistribution\Download\9e23639a605c687a8e197b7004c8f628\Metadata\TurboStack.dll</Data>
<Data Name="CreationUtcTime">2025-04-05 09:55:42.000</Data>
<Data Name="User">NT AUTHORITY\SYSTEM</Data>
</EventData>
</Event>

<Event xmlns="http://schemas.microsoft.com/win/2004/08/events/event"><System><Provider Name="Microsoft-Windows-Sysmon" Guid="{5770385f-c22a-43e0-bf4c-06f5698ffbd9}"></Provider>
<EventID Qualifiers="">11</EventID>
<Version>2</Version>
<Level>4</Level>
<Task>11</Task>
<Opcode>0</Opcode>
<Keywords>0x8000000000000000</Keywords>
<TimeCreated SystemTime="2025-04-10 06:02:35.727571"></TimeCreated>
<EventRecordID>6595</EventRecordID>
<Correlation ActivityID="" RelatedActivityID=""></Correlation>
<Execution ProcessID="4420" ThreadID="5708"></Execution>
<Channel>Microsoft-Windows-Sysmon/Operational</Channel>
<Computer>DESKTOP-M3AKJSD</Computer>
<Security UserID="S-1-5-18"></Security>
</System>
<EventData><Data Name="RuleName">DLL</Data>
<Data Name="UtcTime">2025-04-10 06:02:35.727</Data>
<Data Name="ProcessGuid">{53c665d1-5e7c-67f7-4300-000000001700}</Data>
<Data Name="ProcessId">3328</Data>
<Data Name="Image">C:\WINDOWS\system32\svchost.exe</Data>
<Data Name="TargetFilename">C:\Windows\SoftwareDistribution\Download\9e23639a605c687a8e197b7004c8f628\Metadata\ReserveManager.dll</Data>
<Data Name="CreationUtcTime">2025-04-05 09:55:50.000</Data>
<Data Name="User">NT AUTHORITY\SYSTEM</Data>
</EventData>
</Event>

<Event xmlns="http://schemas.microsoft.com/win/2004/08/events/event"><System><Provider Name="Microsoft-Windows-Sysmon" Guid="{5770385f-c22a-43e0-bf4c-06f5698ffbd9}"></Provider>
<EventID Qualifiers="">11</EventID>
<Version>2</Version>
<Level>4</Level>
<Task>11</Task>
<Opcode>0</Opcode>
<Keywords>0x8000000000000000</Keywords>
<TimeCreated SystemTime="2025-04-10 06:02:35.732540"></TimeCreated>
<EventRecordID>6596</EventRecordID>
<Correlation ActivityID="" RelatedActivityID=""></Correlation>
<Execution ProcessID="4420" ThreadID="5708"></Execution>
<Channel>Microsoft-Windows-Sysmon/Operational</Channel>
<Computer>DESKTOP-M3AKJSD</Computer>
<Security UserID="S-1-5-18"></Security>
</System>
<EventData><Data Name="RuleName">DLL</Data>
<Data Name="UtcTime">2025-04-10 06:02:35.731</Data>
<Data Name="ProcessGuid">{53c665d1-5e7c-67f7-4300-000000001700}</Data>
<Data Name="ProcessId">3328</Data>
<Data Name="Image">C:\WINDOWS\system32\svchost.exe</Data>
<Data Name="TargetFilename">C:\Windows\SoftwareDistribution\Download\9e23639a605c687a8e197b7004c8f628\Metadata\WinREAgent.dll</Data>
<Data Name="CreationUtcTime">2025-04-05 14:53:52.000</Data>
<Data Name="User">NT AUTHORITY\SYSTEM</Data>
</EventData>
</Event>

<Event xmlns="http://schemas.microsoft.com/win/2004/08/events/event"><System><Provider Name="Microsoft-Windows-Sysmon" Guid="{5770385f-c22a-43e0-bf4c-06f5698ffbd9}"></Provider>
<EventID Qualifiers="">11</EventID>
<Version>2</Version>
<Level>4</Level>
<Task>11</Task>
<Opcode>0</Opcode>
<Keywords>0x8000000000000000</Keywords>
<TimeCreated SystemTime="2025-04-10 06:02:35.737705"></TimeCreated>
<EventRecordID>6597</EventRecordID>
<Correlation ActivityID="" RelatedActivityID=""></Correlation>
<Execution ProcessID="4420" ThreadID="5708"></Execution>
<Channel>Microsoft-Windows-Sysmon/Operational</Channel>
<Computer>DESKTOP-M3AKJSD</Computer>
<Security UserID="S-1-5-18"></Security>
</System>
<EventData><Data Name="RuleName">DLL</Data>
<Data Name="UtcTime">2025-04-10 06:02:35.736</Data>
<Data Name="ProcessGuid">{53c665d1-5e7c-67f7-4300-000000001700}</Data>
<Data Name="ProcessId">3328</Data>
<Data Name="Image">C:\WINDOWS\system32\svchost.exe</Data>
<Data Name="TargetFilename">C:\Windows\SoftwareDistribution\Download\9e23639a605c687a8e197b7004c8f628\Metadata\UpdateCompression.dll</Data>
<Data Name="CreationUtcTime">2025-04-05 09:55:30.000</Data>
<Data Name="User">NT AUTHORITY\SYSTEM</Data>
</EventData>
</Event>

<Event xmlns="http://schemas.microsoft.com/win/2004/08/events/event"><System><Provider Name="Microsoft-Windows-Sysmon" Guid="{5770385f-c22a-43e0-bf4c-06f5698ffbd9}"></Provider>
<EventID Qualifiers="">11</EventID>
<Version>2</Version>
<Level>4</Level>
<Task>11</Task>
<Opcode>0</Opcode>
<Keywords>0x8000000000000000</Keywords>
<TimeCreated SystemTime="2025-04-10 06:02:35.741713"></TimeCreated>
<EventRecordID>6598</EventRecordID>
<Correlation ActivityID="" RelatedActivityID=""></Correlation>
<Execution ProcessID="4420" ThreadID="5708"></Execution>
<Channel>Microsoft-Windows-Sysmon/Operational</Channel>
<Computer>DESKTOP-M3AKJSD</Computer>
<Security UserID="S-1-5-18"></Security>
</System>
<EventData><Data Name="RuleName">DLL</Data>
<Data Name="UtcTime">2025-04-10 06:02:35.740</Data>
<Data Name="ProcessGuid">{53c665d1-5e7c-67f7-4300-000000001700}</Data>
<Data Name="ProcessId">3328</Data>
<Data Name="Image">C:\WINDOWS\system32\svchost.exe</Data>
<Data Name="TargetFilename">C:\Windows\SoftwareDistribution\Download\9e23639a605c687a8e197b7004c8f628\Metadata\updatedeploy.dll</Data>
<Data Name="CreationUtcTime">2025-04-05 09:57:26.000</Data>
<Data Name="User">NT AUTHORITY\SYSTEM</Data>
</EventData>
</Event>

<Event xmlns="http://schemas.microsoft.com/win/2004/08/events/event"><System><Provider Name="Microsoft-Windows-Sysmon" Guid="{5770385f-c22a-43e0-bf4c-06f5698ffbd9}"></Provider>
<EventID Qualifiers="">11</EventID>
<Version>2</Version>
<Level>4</Level>
<Task>11</Task>
<Opcode>0</Opcode>
<Keywords>0x8000000000000000</Keywords>
<TimeCreated SystemTime="2025-04-10 06:02:35.746593"></TimeCreated>
<EventRecordID>6599</EventRecordID>
<Correlation ActivityID="" RelatedActivityID=""></Correlation>
<Execution ProcessID="4420" ThreadID="5708"></Execution>
<Channel>Microsoft-Windows-Sysmon/Operational</Channel>
<Computer>DESKTOP-M3AKJSD</Computer>
<Security UserID="S-1-5-18"></Security>
</System>
<EventData><Data Name="RuleName">DLL</Data>
<Data Name="UtcTime">2025-04-10 06:02:35.745</Data>
<Data Name="ProcessGuid">{53c665d1-5e7c-67f7-4300-000000001700}</Data>
<Data Name="ProcessId">3328</Data>
<Data Name="Image">C:\WINDOWS\system32\svchost.exe</Data>
<Data Name="TargetFilename">C:\Windows\SoftwareDistribution\Download\9e23639a605c687a8e197b7004c8f628\Metadata\AppxDeviceInventory.dll</Data>
<Data Name="CreationUtcTime">2025-04-05 10:21:38.000</Data>
<Data Name="User">NT AUTHORITY\SYSTEM</Data>
</EventData>
</Event>

<Event xmlns="http://schemas.microsoft.com/win/2004/08/events/event"><System><Provider Name="Microsoft-Windows-Sysmon" Guid="{5770385f-c22a-43e0-bf4c-06f5698ffbd9}"></Provider>
<EventID Qualifiers="">11</EventID>
<Version>2</Version>
<Level>4</Level>
<Task>11</Task>
<Opcode>0</Opcode>
<Keywords>0x8000000000000000</Keywords>
<TimeCreated SystemTime="2025-04-10 06:02:35.757666"></TimeCreated>
<EventRecordID>6600</EventRecordID>
<Correlation ActivityID="" RelatedActivityID=""></Correlation>
<Execution ProcessID="4420" ThreadID="5708"></Execution>
<Channel>Microsoft-Windows-Sysmon/Operational</Channel>
<Computer>DESKTOP-M3AKJSD</Computer>
<Security UserID="S-1-5-18"></Security>
</System>
<EventData><Data Name="RuleName">DLL</Data>
<Data Name="UtcTime">2025-04-10 06:02:35.756</Data>
<Data Name="ProcessGuid">{53c665d1-5e7c-67f7-4300-000000001700}</Data>
<Data Name="ProcessId">3328</Data>
<Data Name="Image">C:\WINDOWS\system32\svchost.exe</Data>
<Data Name="TargetFilename">C:\Windows\SoftwareDistribution\Download\9e23639a605c687a8e197b7004c8f628\Metadata\MsixPackageProvisioner.dll</Data>
<Data Name="CreationUtcTime">2025-04-05 10:26:36.000</Data>
<Data Name="User">NT AUTHORITY\SYSTEM</Data>
</EventData>
</Event>

<Event xmlns="http://schemas.microsoft.com/win/2004/08/events/event"><System><Provider Name="Microsoft-Windows-Sysmon" Guid="{5770385f-c22a-43e0-bf4c-06f5698ffbd9}"></Provider>
<EventID Qualifiers="">1</EventID>
<Version>5</Version>
<Level>4</Level>
<Task>1</Task>
<Opcode>0</Opcode>
<Keywords>0x8000000000000000</Keywords>
<TimeCreated SystemTime="2025-04-10 06:02:46.431379"></TimeCreated>
<EventRecordID>6601</EventRecordID>
<Correlation ActivityID="" RelatedActivityID=""></Correlation>
<Execution ProcessID="4420" ThreadID="5708"></Execution>
<Channel>Microsoft-Windows-Sysmon/Operational</Channel>
<Computer>DESKTOP-M3AKJSD</Computer>
<Security UserID="S-1-5-18"></Security>
</System>
<EventData><Data Name="RuleName">-</Data>
<Data Name="UtcTime">2025-04-10 06:02:46.426</Data>
<Data Name="ProcessGuid">{53c665d1-5f06-67f7-ad00-000000001700}</Data>
<Data Name="ProcessId">4032</Data>
<Data Name="Image">C:\Windows\System32\dmclient.exe</Data>
<Data Name="FileVersion">10.0.26100.3624 (WinBuild.160101.0800)</Data>
<Data Name="Description">Microsoft Feedback SIUF Deployment Manager Client</Data>
<Data Name="Product">Microsoft&#174; Windows&#174; Operating System</Data>
<Data Name="Company">Microsoft Corporation</Data>
<Data Name="OriginalFileName">dmclient.exe</Data>
<Data Name="CommandLine">"C:\WINDOWS\system32\dmclient.exe" utcwnf</Data>
<Data Name="CurrentDirectory">C:\WINDOWS\system32\</Data>
<Data Name="User">NT AUTHORITY\SYSTEM</Data>
<Data Name="LogonGuid">{53c665d1-5e7a-67f7-e703-000000000000}</Data>
<Data Name="LogonId">0x00000000000003e7</Data>
<Data Name="TerminalSessionId">0</Data>
<Data Name="IntegrityLevel">System</Data>
<Data Name="Hashes">MD5=ADE2D804514A7ADC1793FDE0DB3E2D7B,SHA256=B7E299313494360EA4A147FEAD786939E443850B0910421DA7F1A2F186A37445,IMPHASH=BE4CDFB4F5176337C6B65F6C57146EC5</Data>
<Data Name="ParentProcessGuid">{53c665d1-5e7b-67f7-2000-000000001700}</Data>
<Data Name="ParentProcessId">1744</Data>
<Data Name="ParentImage">C:\Windows\System32\svchost.exe</Data>
<Data Name="ParentCommandLine">C:\WINDOWS\system32\svchost.exe -k netsvcs -p -s Schedule</Data>
<Data Name="ParentUser">NT AUTHORITY\SYSTEM</Data>
</EventData>
</Event>

<Event xmlns="http://schemas.microsoft.com/win/2004/08/events/event"><System><Provider Name="Microsoft-Windows-Sysmon" Guid="{5770385f-c22a-43e0-bf4c-06f5698ffbd9}"></Provider>
<EventID Qualifiers="">1</EventID>
<Version>5</Version>
<Level>4</Level>
<Task>1</Task>
<Opcode>0</Opcode>
<Keywords>0x8000000000000000</Keywords>
<TimeCreated SystemTime="2025-04-10 06:03:28.326338"></TimeCreated>
<EventRecordID>6602</EventRecordID>
<Correlation ActivityID="" RelatedActivityID=""></Correlation>
<Execution ProcessID="4420" ThreadID="5708"></Execution>
<Channel>Microsoft-Windows-Sysmon/Operational</Channel>
<Computer>DESKTOP-M3AKJSD</Computer>
<Security UserID="S-1-5-18"></Security>
</System>
<EventData><Data Name="RuleName">-</Data>
<Data Name="UtcTime">2025-04-10 06:03:28.323</Data>
<Data Name="ProcessGuid">{53c665d1-5f30-67f7-b200-000000001700}</Data>
<Data Name="ProcessId">6724</Data>
<Data Name="Image">C:\Windows\System32\taskhostw.exe</Data>
<Data Name="FileVersion">10.0.26100.3624 (WinBuild.160101.0800)</Data>
<Data Name="Description">Host Process for Windows Tasks</Data>
<Data Name="Product">Microsoft&#174; Windows&#174; Operating System</Data>
<Data Name="Company">Microsoft Corporation</Data>
<Data Name="OriginalFileName">taskhostw.exe</Data>
<Data Name="CommandLine">taskhostw.exe</Data>
<Data Name="CurrentDirectory">C:\WINDOWS\system32\</Data>
<Data Name="User">NT AUTHORITY\SYSTEM</Data>
<Data Name="LogonGuid">{53c665d1-5e7a-67f7-e703-000000000000}</Data>
<Data Name="LogonId">0x00000000000003e7</Data>
<Data Name="TerminalSessionId">0</Data>
<Data Name="IntegrityLevel">System</Data>
<Data Name="Hashes">MD5=DE35D9FE13EA48A238AAC8C3355078C5,SHA256=C772A80788FF09DCA0AF997FE8449D81555B02399E4AB357213ECFAC5501783F,IMPHASH=2196268E7A2880E3ADC74481297D0C4B</Data>
<Data Name="ParentProcessGuid">{53c665d1-5e7b-67f7-2000-000000001700}</Data>
<Data Name="ParentProcessId">1744</Data>
<Data Name="ParentImage">C:\Windows\System32\svchost.exe</Data>
<Data Name="ParentCommandLine">C:\WINDOWS\system32\svchost.exe -k netsvcs -p -s Schedule</Data>
<Data Name="ParentUser">NT AUTHORITY\SYSTEM</Data>
</EventData>
</Event>

<Event xmlns="http://schemas.microsoft.com/win/2004/08/events/event"><System><Provider Name="Microsoft-Windows-Sysmon" Guid="{5770385f-c22a-43e0-bf4c-06f5698ffbd9}"></Provider>
<EventID Qualifiers="">1</EventID>
<Version>5</Version>
<Level>4</Level>
<Task>1</Task>
<Opcode>0</Opcode>
<Keywords>0x8000000000000000</Keywords>
<TimeCreated SystemTime="2025-04-10 06:03:28.326689"></TimeCreated>
<EventRecordID>6603</EventRecordID>
<Correlation ActivityID="" RelatedActivityID=""></Correlation>
<Execution ProcessID="4420" ThreadID="5708"></Execution>
<Channel>Microsoft-Windows-Sysmon/Operational</Channel>
<Computer>DESKTOP-M3AKJSD</Computer>
<Security UserID="S-1-5-18"></Security>
</System>
<EventData><Data Name="RuleName">-</Data>
<Data Name="UtcTime">2025-04-10 06:03:28.323</Data>
<Data Name="ProcessGuid">{53c665d1-5f30-67f7-b100-000000001700}</Data>
<Data Name="ProcessId">5040</Data>
<Data Name="Image">C:\Windows\System32\wermgr.exe</Data>
<Data Name="FileVersion">10.0.26100.3624 (WinBuild.160101.0800)</Data>
<Data Name="Description">Windows Problem Reporting</Data>
<Data Name="Product">Microsoft&#174; Windows&#174; Operating System</Data>
<Data Name="Company">Microsoft Corporation</Data>
<Data Name="OriginalFileName">WerMgr</Data>
<Data Name="CommandLine">"C:\WINDOWS\system32\wermgr.exe" -upload</Data>
<Data Name="CurrentDirectory">C:\WINDOWS\system32\</Data>
<Data Name="User">NT AUTHORITY\SYSTEM</Data>
<Data Name="LogonGuid">{53c665d1-5e7a-67f7-e703-000000000000}</Data>
<Data Name="LogonId">0x00000000000003e7</Data>
<Data Name="TerminalSessionId">0</Data>
<Data Name="IntegrityLevel">System</Data>
<Data Name="Hashes">MD5=AC4D529A9A5A055D09BAEB5577550947,SHA256=4AB322F2B78F2A1039D58D9B6ED2FA8B1E8B7DF2128A1180ABA0E5C9A93CEBC7,IMPHASH=2FEAC3143808B4542A16622000CCFCAE</Data>
<Data Name="ParentProcessGuid">{53c665d1-5e7b-67f7-2000-000000001700}</Data>
<Data Name="ParentProcessId">1744</Data>
<Data Name="ParentImage">C:\Windows\System32\svchost.exe</Data>
<Data Name="ParentCommandLine">C:\WINDOWS\system32\svchost.exe -k netsvcs -p -s Schedule</Data>
<Data Name="ParentUser">NT AUTHORITY\SYSTEM</Data>
</EventData>
</Event>

<Event xmlns="http://schemas.microsoft.com/win/2004/08/events/event"><System><Provider Name="Microsoft-Windows-Sysmon" Guid="{5770385f-c22a-43e0-bf4c-06f5698ffbd9}"></Provider>
<EventID Qualifiers="">1</EventID>
<Version>5</Version>
<Level>4</Level>
<Task>1</Task>
<Opcode>0</Opcode>
<Keywords>0x8000000000000000</Keywords>
<TimeCreated SystemTime="2025-04-10 06:03:55.292828"></TimeCreated>
<EventRecordID>6604</EventRecordID>
<Correlation ActivityID="" RelatedActivityID=""></Correlation>
<Execution ProcessID="4420" ThreadID="5708"></Execution>
<Channel>Microsoft-Windows-Sysmon/Operational</Channel>
<Computer>DESKTOP-M3AKJSD</Computer>
<Security UserID="S-1-5-18"></Security>
</System>
<EventData><Data Name="RuleName">-</Data>
<Data Name="UtcTime">2025-04-10 06:03:55.289</Data>
<Data Name="ProcessGuid">{53c665d1-5f4b-67f7-b300-000000001700}</Data>
<Data Name="ProcessId">2360</Data>
<Data Name="Image">C:\Windows\System32\appidcertstorecheck.exe</Data>
<Data Name="FileVersion">10.0.26100.3037 (WinBuild.160101.0800)</Data>
<Data Name="Description">AppID Certificate Store Verification Task</Data>
<Data Name="Product">Microsoft&#174; Windows&#174; Operating System</Data>
<Data Name="Company">Microsoft Corporation</Data>
<Data Name="OriginalFileName">AppIDCertstoreCheck.exe</Data>
<Data Name="CommandLine">"C:\WINDOWS\system32\appidcertstorecheck.exe"</Data>
<Data Name="CurrentDirectory">C:\WINDOWS\system32\</Data>
<Data Name="User">NT AUTHORITY\LOCAL SERVICE</Data>
<Data Name="LogonGuid">{53c665d1-5e7a-67f7-e503-000000000000}</Data>
<Data Name="LogonId">0x00000000000003e5</Data>
<Data Name="TerminalSessionId">0</Data>
<Data Name="IntegrityLevel">System</Data>
<Data Name="Hashes">MD5=B14AE123FE8C9391063FCA6A27E80B1C,SHA256=442A6A8546B9B2EE4159760B04E8FD33E6F3310C92C66709C27AFA47C8653808,IMPHASH=5472981C962523EC2271513DBA5F1CCC</Data>
<Data Name="ParentProcessGuid">{53c665d1-5e7b-67f7-2000-000000001700}</Data>
<Data Name="ParentProcessId">1744</Data>
<Data Name="ParentImage">C:\Windows\System32\svchost.exe</Data>
<Data Name="ParentCommandLine">C:\WINDOWS\system32\svchost.exe -k netsvcs -p -s Schedule</Data>
<Data Name="ParentUser">NT AUTHORITY\SYSTEM</Data>
</EventData>
</Event>

<Event xmlns="http://schemas.microsoft.com/win/2004/08/events/event"><System><Provider Name="Microsoft-Windows-Sysmon" Guid="{5770385f-c22a-43e0-bf4c-06f5698ffbd9}"></Provider>
<EventID Qualifiers="">1</EventID>
<Version>5</Version>
<Level>4</Level>
<Task>1</Task>
<Opcode>0</Opcode>
<Keywords>0x8000000000000000</Keywords>
<TimeCreated SystemTime="2025-04-10 06:04:29.510487"></TimeCreated>
<EventRecordID>6605</EventRecordID>
<Correlation ActivityID="" RelatedActivityID=""></Correlation>
<Execution ProcessID="4420" ThreadID="5708"></Execution>
<Channel>Microsoft-Windows-Sysmon/Operational</Channel>
<Computer>DESKTOP-M3AKJSD</Computer>
<Security UserID="S-1-5-18"></Security>
</System>
<EventData><Data Name="RuleName">-</Data>
<Data Name="UtcTime">2025-04-10 06:04:29.508</Data>
<Data Name="ProcessGuid">{53c665d1-5f6d-67f7-b500-000000001700}</Data>
<Data Name="ProcessId">3724</Data>
<Data Name="Image">C:\Windows\UUS\Packages\Preview\amd64\MoUsoCoreWorker.exe</Data>
<Data Name="FileVersion">1406.2503.20012.0</Data>
<Data Name="Description">MoUSO Core Worker Process</Data>
<Data Name="Product">Microsoft&#174; Windows&#174; Operating System</Data>
<Data Name="Company">Microsoft Corporation</Data>
<Data Name="OriginalFileName">MoUSOCoreWorker.exe</Data>
<Data Name="CommandLine">"C:\WINDOWS\uus\packages\preview\AMD64\MoUsoCoreWorker.exe" useprivatenamespaces</Data>
<Data Name="CurrentDirectory">C:\WINDOWS\system32\</Data>
<Data Name="User">NT AUTHORITY\SYSTEM</Data>
<Data Name="LogonGuid">{53c665d1-5e7a-67f7-e703-000000000000}</Data>
<Data Name="LogonId">0x00000000000003e7</Data>
<Data Name="TerminalSessionId">0</Data>
<Data Name="IntegrityLevel">System</Data>
<Data Name="Hashes">MD5=0001DDC4DBA93C0B4EA54D15AC31F97C,SHA256=C69D3D49D722F36426416F6332CD47340BDD6EAA88CD6C0E88E51E14FEAE1781,IMPHASH=8685980F3A83F79F80FEDE0EAAD302C2</Data>
<Data Name="ParentProcessGuid">{53c665d1-5ef9-67f7-a500-000000001700}</Data>
<Data Name="ParentProcessId">7032</Data>
<Data Name="ParentImage">C:\Windows\System32\svchost.exe</Data>
<Data Name="ParentCommandLine">C:\WINDOWS\system32\svchost.exe -k netsvcs -p -s UsoSvc</Data>
<Data Name="ParentUser">NT AUTHORITY\SYSTEM</Data>
</EventData>
</Event>

<Event xmlns="http://schemas.microsoft.com/win/2004/08/events/event"><System><Provider Name="Microsoft-Windows-Sysmon" Guid="{5770385f-c22a-43e0-bf4c-06f5698ffbd9}"></Provider>
<EventID Qualifiers="">1</EventID>
<Version>5</Version>
<Level>4</Level>
<Task>1</Task>
<Opcode>0</Opcode>
<Keywords>0x8000000000000000</Keywords>
<TimeCreated SystemTime="2025-04-10 06:04:31.720831"></TimeCreated>
<EventRecordID>6606</EventRecordID>
<Correlation ActivityID="" RelatedActivityID=""></Correlation>
<Execution ProcessID="4420" ThreadID="5708"></Execution>
<Channel>Microsoft-Windows-Sysmon/Operational</Channel>
<Computer>DESKTOP-M3AKJSD</Computer>
<Security UserID="S-1-5-18"></Security>
</System>
<EventData><Data Name="RuleName">-</Data>
<Data Name="UtcTime">2025-04-10 06:04:31.711</Data>
<Data Name="ProcessGuid">{53c665d1-5f6f-67f7-b700-000000001700}</Data>
<Data Name="ProcessId">1180</Data>
<Data Name="Image">C:\Windows\System32\wbem\WMIADAP.exe</Data>
<Data Name="FileVersion">10.0.26100.3624 (WinBuild.160101.0800)</Data>
<Data Name="Description">WMI Reverse Performance Adapter Maintenance Utility</Data>
<Data Name="Product">Microsoft&#174; Windows&#174; Operating System</Data>
<Data Name="Company">Microsoft Corporation</Data>
<Data Name="OriginalFileName">wmicookr.dll</Data>
<Data Name="CommandLine">wmiadap.exe /F /T /R</Data>
<Data Name="CurrentDirectory">C:\WINDOWS\system32\</Data>
<Data Name="User">NT AUTHORITY\SYSTEM</Data>
<Data Name="LogonGuid">{53c665d1-5e7a-67f7-e703-000000000000}</Data>
<Data Name="LogonId">0x00000000000003e7</Data>
<Data Name="TerminalSessionId">0</Data>
<Data Name="IntegrityLevel">System</Data>
<Data Name="Hashes">MD5=BB080EF9D3DDFAA656A8C9FB98F11966,SHA256=94B54A00415B3A162F3565CA8A7629358E5F8933C421B7CF24FA5748E956A84F,IMPHASH=FA5718BEB895243416970B6C1C85E7E3</Data>
<Data Name="ParentProcessGuid">{53c665d1-5e7f-67f7-5c00-000000001700}</Data>
<Data Name="ParentProcessId">4468</Data>
<Data Name="ParentImage">C:\Windows\System32\svchost.exe</Data>
<Data Name="ParentCommandLine">C:\WINDOWS\system32\svchost.exe -k netsvcs -p -s Winmgmt</Data>
<Data Name="ParentUser">NT AUTHORITY\SYSTEM</Data>
</EventData>
</Event>

<Event xmlns="http://schemas.microsoft.com/win/2004/08/events/event"><System><Provider Name="Microsoft-Windows-Sysmon" Guid="{5770385f-c22a-43e0-bf4c-06f5698ffbd9}"></Provider>
<EventID Qualifiers="">13</EventID>
<Version>2</Version>
<Level>4</Level>
<Task>13</Task>
<Opcode>0</Opcode>
<Keywords>0x8000000000000000</Keywords>
<TimeCreated SystemTime="2025-04-10 06:04:31.750160"></TimeCreated>
<EventRecordID>6607</EventRecordID>
<Correlation ActivityID="" RelatedActivityID=""></Correlation>
<Execution ProcessID="4420" ThreadID="5708"></Execution>
<Channel>Microsoft-Windows-Sysmon/Operational</Channel>
<Computer>DESKTOP-M3AKJSD</Computer>
<Security UserID="S-1-5-18"></Security>
</System>
<EventData><Data Name="RuleName">Suspicious,ImageBeginWithBackslash</Data>
<Data Name="EventType">SetValue</Data>
<Data Name="UtcTime">2025-04-10 06:04:31.749</Data>
<Data Name="ProcessGuid">{53c665d1-5f6f-67f7-b700-000000001700}</Data>
<Data Name="ProcessId">1180</Data>
<Data Name="Image">\\?\C:\WINDOWS\system32\wbem\WMIADAP.EXE</Data>
<Data Name="TargetObject">HKLM\SOFTWARE\Microsoft\Wbem\PROVIDERS\Performance\Performance Refresh</Data>
<Data Name="Details">DWORD (0x00000001)</Data>
<Data Name="User">NT AUTHORITY\SYSTEM</Data>
</EventData>
</Event>

<Event xmlns="http://schemas.microsoft.com/win/2004/08/events/event"><System><Provider Name="Microsoft-Windows-Sysmon" Guid="{5770385f-c22a-43e0-bf4c-06f5698ffbd9}"></Provider>
<EventID Qualifiers="">1</EventID>
<Version>5</Version>
<Level>4</Level>
<Task>1</Task>
<Opcode>0</Opcode>
<Keywords>0x8000000000000000</Keywords>
<TimeCreated SystemTime="2025-04-10 06:05:20.024755"></TimeCreated>
<EventRecordID>6608</EventRecordID>
<Correlation ActivityID="" RelatedActivityID=""></Correlation>
<Execution ProcessID="4420" ThreadID="5708"></Execution>
<Channel>Microsoft-Windows-Sysmon/Operational</Channel>
<Computer>DESKTOP-M3AKJSD</Computer>
<Security UserID="S-1-5-18"></Security>
</System>
<EventData><Data Name="RuleName">-</Data>
<Data Name="UtcTime">2025-04-10 06:05:20.022</Data>
<Data Name="ProcessGuid">{53c665d1-5fa0-67f7-bb00-000000001700}</Data>
<Data Name="ProcessId">2896</Data>
<Data Name="Image">C:\Windows\System32\taskhostw.exe</Data>
<Data Name="FileVersion">10.0.26100.3624 (WinBuild.160101.0800)</Data>
<Data Name="Description">Host Process for Windows Tasks</Data>
<Data Name="Product">Microsoft&#174; Windows&#174; Operating System</Data>
<Data Name="Company">Microsoft Corporation</Data>
<Data Name="OriginalFileName">taskhostw.exe</Data>
<Data Name="CommandLine">taskhostw.exe</Data>
<Data Name="CurrentDirectory">C:\WINDOWS\system32\</Data>
<Data Name="User">NT AUTHORITY\SYSTEM</Data>
<Data Name="LogonGuid">{53c665d1-5e7a-67f7-e703-000000000000}</Data>
<Data Name="LogonId">0x00000000000003e7</Data>
<Data Name="TerminalSessionId">0</Data>
<Data Name="IntegrityLevel">System</Data>
<Data Name="Hashes">MD5=DE35D9FE13EA48A238AAC8C3355078C5,SHA256=C772A80788FF09DCA0AF997FE8449D81555B02399E4AB357213ECFAC5501783F,IMPHASH=2196268E7A2880E3ADC74481297D0C4B</Data>
<Data Name="ParentProcessGuid">{53c665d1-5e7b-67f7-2000-000000001700}</Data>
<Data Name="ParentProcessId">1744</Data>
<Data Name="ParentImage">C:\Windows\System32\svchost.exe</Data>
<Data Name="ParentCommandLine">C:\WINDOWS\system32\svchost.exe -k netsvcs -p -s Schedule</Data>
<Data Name="ParentUser">NT AUTHORITY\SYSTEM</Data>
</EventData>
</Event>

<Event xmlns="http://schemas.microsoft.com/win/2004/08/events/event"><System><Provider Name="Microsoft-Windows-Sysmon" Guid="{5770385f-c22a-43e0-bf4c-06f5698ffbd9}"></Provider>
<EventID Qualifiers="">1</EventID>
<Version>5</Version>
<Level>4</Level>
<Task>1</Task>
<Opcode>0</Opcode>
<Keywords>0x8000000000000000</Keywords>
<TimeCreated SystemTime="2025-04-10 06:05:25.258799"></TimeCreated>
<EventRecordID>6609</EventRecordID>
<Correlation ActivityID="" RelatedActivityID=""></Correlation>
<Execution ProcessID="4420" ThreadID="5708"></Execution>
<Channel>Microsoft-Windows-Sysmon/Operational</Channel>
<Computer>DESKTOP-M3AKJSD</Computer>
<Security UserID="S-1-5-18"></Security>
</System>
<EventData><Data Name="RuleName">-</Data>
<Data Name="UtcTime">2025-04-10 06:05:25.255</Data>
<Data Name="ProcessGuid">{53c665d1-5fa5-67f7-bd00-000000001700}</Data>
<Data Name="ProcessId">3600</Data>
<Data Name="Image">C:\Program Files (x86)\Microsoft\EdgeUpdate\MicrosoftEdgeUpdate.exe</Data>
<Data Name="FileVersion">1.3.185.27</Data>
<Data Name="Description">Microsoft Edge Update</Data>
<Data Name="Product">Microsoft Edge Update</Data>
<Data Name="Company">Microsoft Corporation</Data>
<Data Name="OriginalFileName">msedgeupdate.dll</Data>
<Data Name="CommandLine">"C:\Program Files (x86)\Microsoft\EdgeUpdate\MicrosoftEdgeUpdate.exe" /c</Data>
<Data Name="CurrentDirectory">C:\WINDOWS\system32\</Data>
<Data Name="User">NT AUTHORITY\SYSTEM</Data>
<Data Name="LogonGuid">{53c665d1-5e7a-67f7-e703-000000000000}</Data>
<Data Name="LogonId">0x00000000000003e7</Data>
<Data Name="TerminalSessionId">0</Data>
<Data Name="IntegrityLevel">System</Data>
<Data Name="Hashes">MD5=733ADFA5081059A471115660D7C11EBB,SHA256=F3C7BAB6A7652E58719CE96EDFEFF483316668BD48D912694F1175FB397B86FD,IMPHASH=CD3B2D99C6655A5D4A14E30E380F5BF9</Data>
<Data Name="ParentProcessGuid">{53c665d1-5e7b-67f7-2000-000000001700}</Data>
<Data Name="ParentProcessId">1744</Data>
<Data Name="ParentImage">C:\Windows\System32\svchost.exe</Data>
<Data Name="ParentCommandLine">C:\WINDOWS\system32\svchost.exe -k netsvcs -p -s Schedule</Data>
<Data Name="ParentUser">NT AUTHORITY\SYSTEM</Data>
</EventData>
</Event>

<Event xmlns="http://schemas.microsoft.com/win/2004/08/events/event"><System><Provider Name="Microsoft-Windows-Sysmon" Guid="{5770385f-c22a-43e0-bf4c-06f5698ffbd9}"></Provider>
<EventID Qualifiers="">1</EventID>
<Version>5</Version>
<Level>4</Level>
<Task>1</Task>
<Opcode>0</Opcode>
<Keywords>0x8000000000000000</Keywords>
<TimeCreated SystemTime="2025-04-10 06:05:25.259167"></TimeCreated>
<EventRecordID>6610</EventRecordID>
<Correlation ActivityID="" RelatedActivityID=""></Correlation>
<Execution ProcessID="4420" ThreadID="5708"></Execution>
<Channel>Microsoft-Windows-Sysmon/Operational</Channel>
<Computer>DESKTOP-M3AKJSD</Computer>
<Security UserID="S-1-5-18"></Security>
</System>
<EventData><Data Name="RuleName">-</Data>
<Data Name="UtcTime">2025-04-10 06:05:25.254</Data>
<Data Name="ProcessGuid">{53c665d1-5fa5-67f7-bc00-000000001700}</Data>
<Data Name="ProcessId">2900</Data>
<Data Name="Image">C:\Windows\System32\wermgr.exe</Data>
<Data Name="FileVersion">10.0.26100.3624 (WinBuild.160101.0800)</Data>
<Data Name="Description">Windows Problem Reporting</Data>
<Data Name="Product">Microsoft&#174; Windows&#174; Operating System</Data>
<Data Name="Company">Microsoft Corporation</Data>
<Data Name="OriginalFileName">WerMgr</Data>
<Data Name="CommandLine">"C:\WINDOWS\system32\wermgr.exe" -upload</Data>
<Data Name="CurrentDirectory">C:\WINDOWS\system32\</Data>
<Data Name="User">NT AUTHORITY\SYSTEM</Data>
<Data Name="LogonGuid">{53c665d1-5e7a-67f7-e703-000000000000}</Data>
<Data Name="LogonId">0x00000000000003e7</Data>
<Data Name="TerminalSessionId">0</Data>
<Data Name="IntegrityLevel">System</Data>
<Data Name="Hashes">MD5=AC4D529A9A5A055D09BAEB5577550947,SHA256=4AB322F2B78F2A1039D58D9B6ED2FA8B1E8B7DF2128A1180ABA0E5C9A93CEBC7,IMPHASH=2FEAC3143808B4542A16622000CCFCAE</Data>
<Data Name="ParentProcessGuid">{53c665d1-5e7b-67f7-2000-000000001700}</Data>
<Data Name="ParentProcessId">1744</Data>
<Data Name="ParentImage">C:\Windows\System32\svchost.exe</Data>
<Data Name="ParentCommandLine">C:\WINDOWS\system32\svchost.exe -k netsvcs -p -s Schedule</Data>
<Data Name="ParentUser">NT AUTHORITY\SYSTEM</Data>
</EventData>
</Event>

<Event xmlns="http://schemas.microsoft.com/win/2004/08/events/event"><System><Provider Name="Microsoft-Windows-Sysmon" Guid="{5770385f-c22a-43e0-bf4c-06f5698ffbd9}"></Provider>
<EventID Qualifiers="">1</EventID>
<Version>5</Version>
<Level>4</Level>
<Task>1</Task>
<Opcode>0</Opcode>
<Keywords>0x8000000000000000</Keywords>
<TimeCreated SystemTime="2025-04-10 06:05:25.273352"></TimeCreated>
<EventRecordID>6611</EventRecordID>
<Correlation ActivityID="" RelatedActivityID=""></Correlation>
<Execution ProcessID="4420" ThreadID="5708"></Execution>
<Channel>Microsoft-Windows-Sysmon/Operational</Channel>
<Computer>DESKTOP-M3AKJSD</Computer>
<Security UserID="S-1-5-18"></Security>
</System>
<EventData><Data Name="RuleName">-</Data>
<Data Name="UtcTime">2025-04-10 06:05:25.261</Data>
<Data Name="ProcessGuid">{53c665d1-5fa5-67f7-be00-000000001700}</Data>
<Data Name="ProcessId">2972</Data>
<Data Name="Image">C:\Program Files (x86)\Google\GoogleUpdater\136.0.7079.0\updater.exe</Data>
<Data Name="FileVersion">136.0.7079.0</Data>
<Data Name="Description">Google Updater</Data>
<Data Name="Product">Google Updater</Data>
<Data Name="Company">Google LLC</Data>
<Data Name="OriginalFileName">updater.exe</Data>
<Data Name="CommandLine">"C:\Program Files (x86)\Google\GoogleUpdater\136.0.7079.0\updater.exe" --wake --system</Data>
<Data Name="CurrentDirectory">C:\WINDOWS\system32\</Data>
<Data Name="User">NT AUTHORITY\SYSTEM</Data>
<Data Name="LogonGuid">{53c665d1-5e7a-67f7-e703-000000000000}</Data>
<Data Name="LogonId">0x00000000000003e7</Data>
<Data Name="TerminalSessionId">0</Data>
<Data Name="IntegrityLevel">System</Data>
<Data Name="Hashes">MD5=FAF9CB1BBC103C191FB1A6F57844C87D,SHA256=8B2A55297EA93BFFBEA06E9367E1BC5F6DD1EF60B9FBA02FF6C51EC581F53F0B,IMPHASH=4CD9E7C34530255B06098002B14F69AA</Data>
<Data Name="ParentProcessGuid">{53c665d1-5e7b-67f7-2000-000000001700}</Data>
<Data Name="ParentProcessId">1744</Data>
<Data Name="ParentImage">C:\Windows\System32\svchost.exe</Data>
<Data Name="ParentCommandLine">C:\WINDOWS\system32\svchost.exe -k netsvcs -p -s Schedule</Data>
<Data Name="ParentUser">NT AUTHORITY\SYSTEM</Data>
</EventData>
</Event>

<Event xmlns="http://schemas.microsoft.com/win/2004/08/events/event"><System><Provider Name="Microsoft-Windows-Sysmon" Guid="{5770385f-c22a-43e0-bf4c-06f5698ffbd9}"></Provider>
<EventID Qualifiers="">1</EventID>
<Version>5</Version>
<Level>4</Level>
<Task>1</Task>
<Opcode>0</Opcode>
<Keywords>0x8000000000000000</Keywords>
<TimeCreated SystemTime="2025-04-10 06:05:25.282103"></TimeCreated>
<EventRecordID>6612</EventRecordID>
<Correlation ActivityID="" RelatedActivityID=""></Correlation>
<Execution ProcessID="4420" ThreadID="5708"></Execution>
<Channel>Microsoft-Windows-Sysmon/Operational</Channel>
<Computer>DESKTOP-M3AKJSD</Computer>
<Security UserID="S-1-5-18"></Security>
</System>
<EventData><Data Name="RuleName">-</Data>
<Data Name="UtcTime">2025-04-10 06:05:25.274</Data>
<Data Name="ProcessGuid">{53c665d1-5fa5-67f7-bf00-000000001700}</Data>
<Data Name="ProcessId">4464</Data>
<Data Name="Image">C:\Windows\System32\sc.exe</Data>
<Data Name="FileVersion">10.0.26100.1882 (WinBuild.160101.0800)</Data>
<Data Name="Description">Service Control Manager Configuration Tool</Data>
<Data Name="Product">Microsoft&#174; Windows&#174; Operating System</Data>
<Data Name="Company">Microsoft Corporation</Data>
<Data Name="OriginalFileName">sc.exe</Data>
<Data Name="CommandLine">"C:\WINDOWS\system32\sc.exe" start InventorySvc</Data>
<Data Name="CurrentDirectory">C:\WINDOWS\system32\</Data>
<Data Name="User">NT AUTHORITY\SYSTEM</Data>
<Data Name="LogonGuid">{53c665d1-5e7a-67f7-e703-000000000000}</Data>
<Data Name="LogonId">0x00000000000003e7</Data>
<Data Name="TerminalSessionId">0</Data>
<Data Name="IntegrityLevel">System</Data>
<Data Name="Hashes">MD5=9C210CDD9F05530777868F4C8530C438,SHA256=845607864FC7E60304D8C45AE42884B32710781DAA33DA9D01416C77D2E0BE1D,IMPHASH=42DADBD60BBC453DD1773FDC089E19B7</Data>
<Data Name="ParentProcessGuid">{53c665d1-5e7b-67f7-2000-000000001700}</Data>
<Data Name="ParentProcessId">1744</Data>
<Data Name="ParentImage">C:\Windows\System32\svchost.exe</Data>
<Data Name="ParentCommandLine">C:\WINDOWS\system32\svchost.exe -k netsvcs -p -s Schedule</Data>
<Data Name="ParentUser">NT AUTHORITY\SYSTEM</Data>
</EventData>
</Event>

<Event xmlns="http://schemas.microsoft.com/win/2004/08/events/event"><System><Provider Name="Microsoft-Windows-Sysmon" Guid="{5770385f-c22a-43e0-bf4c-06f5698ffbd9}"></Provider>
<EventID Qualifiers="">1</EventID>
<Version>5</Version>
<Level>4</Level>
<Task>1</Task>
<Opcode>0</Opcode>
<Keywords>0x8000000000000000</Keywords>
<TimeCreated SystemTime="2025-04-10 06:05:25.282755"></TimeCreated>
<EventRecordID>6613</EventRecordID>
<Correlation ActivityID="" RelatedActivityID=""></Correlation>
<Execution ProcessID="4420" ThreadID="5708"></Execution>
<Channel>Microsoft-Windows-Sysmon/Operational</Channel>
<Computer>DESKTOP-M3AKJSD</Computer>
<Security UserID="S-1-5-18"></Security>
</System>
<EventData><Data Name="RuleName">-</Data>
<Data Name="UtcTime">2025-04-10 06:05:25.278</Data>
<Data Name="ProcessGuid">{53c665d1-5fa5-67f7-c000-000000001700}</Data>
<Data Name="ProcessId">3604</Data>
<Data Name="Image">C:\Windows\System32\sc.exe</Data>
<Data Name="FileVersion">10.0.26100.1882 (WinBuild.160101.0800)</Data>
<Data Name="Description">Service Control Manager Configuration Tool</Data>
<Data Name="Product">Microsoft&#174; Windows&#174; Operating System</Data>
<Data Name="Company">Microsoft Corporation</Data>
<Data Name="OriginalFileName">sc.exe</Data>
<Data Name="CommandLine">"C:\WINDOWS\system32\sc.exe" start pushtoinstall registration</Data>
<Data Name="CurrentDirectory">C:\WINDOWS\system32\</Data>
<Data Name="User">NT AUTHORITY\SYSTEM</Data>
<Data Name="LogonGuid">{53c665d1-5e7a-67f7-e703-000000000000}</Data>
<Data Name="LogonId">0x00000000000003e7</Data>
<Data Name="TerminalSessionId">0</Data>
<Data Name="IntegrityLevel">System</Data>
<Data Name="Hashes">MD5=9C210CDD9F05530777868F4C8530C438,SHA256=845607864FC7E60304D8C45AE42884B32710781DAA33DA9D01416C77D2E0BE1D,IMPHASH=42DADBD60BBC453DD1773FDC089E19B7</Data>
<Data Name="ParentProcessGuid">{53c665d1-5e7b-67f7-2000-000000001700}</Data>
<Data Name="ParentProcessId">1744</Data>
<Data Name="ParentImage">C:\Windows\System32\svchost.exe</Data>
<Data Name="ParentCommandLine">C:\WINDOWS\system32\svchost.exe -k netsvcs -p -s Schedule</Data>
<Data Name="ParentUser">NT AUTHORITY\SYSTEM</Data>
</EventData>
</Event>

<Event xmlns="http://schemas.microsoft.com/win/2004/08/events/event"><System><Provider Name="Microsoft-Windows-Sysmon" Guid="{5770385f-c22a-43e0-bf4c-06f5698ffbd9}"></Provider>
<EventID Qualifiers="">1</EventID>
<Version>5</Version>
<Level>4</Level>
<Task>1</Task>
<Opcode>0</Opcode>
<Keywords>0x8000000000000000</Keywords>
<TimeCreated SystemTime="2025-04-10 06:05:25.284998"></TimeCreated>
<EventRecordID>6614</EventRecordID>
<Correlation ActivityID="" RelatedActivityID=""></Correlation>
<Execution ProcessID="4420" ThreadID="5708"></Execution>
<Channel>Microsoft-Windows-Sysmon/Operational</Channel>
<Computer>DESKTOP-M3AKJSD</Computer>
<Security UserID="S-1-5-18"></Security>
</System>
<EventData><Data Name="RuleName">-</Data>
<Data Name="UtcTime">2025-04-10 06:05:25.281</Data>
<Data Name="ProcessGuid">{53c665d1-5fa5-67f7-c100-000000001700}</Data>
<Data Name="ProcessId">3588</Data>
<Data Name="Image">C:\Windows\System32\taskhostw.exe</Data>
<Data Name="FileVersion">10.0.26100.3624 (WinBuild.160101.0800)</Data>
<Data Name="Description">Host Process for Windows Tasks</Data>
<Data Name="Product">Microsoft&#174; Windows&#174; Operating System</Data>
<Data Name="Company">Microsoft Corporation</Data>
<Data Name="OriginalFileName">taskhostw.exe</Data>
<Data Name="CommandLine">taskhostw.exe</Data>
<Data Name="CurrentDirectory">C:\WINDOWS\system32\</Data>
<Data Name="User">NT AUTHORITY\SYSTEM</Data>
<Data Name="LogonGuid">{53c665d1-5e7a-67f7-e703-000000000000}</Data>
<Data Name="LogonId">0x00000000000003e7</Data>
<Data Name="TerminalSessionId">0</Data>
<Data Name="IntegrityLevel">System</Data>
<Data Name="Hashes">MD5=DE35D9FE13EA48A238AAC8C3355078C5,SHA256=C772A80788FF09DCA0AF997FE8449D81555B02399E4AB357213ECFAC5501783F,IMPHASH=2196268E7A2880E3ADC74481297D0C4B</Data>
<Data Name="ParentProcessGuid">{53c665d1-5e7b-67f7-2000-000000001700}</Data>
<Data Name="ParentProcessId">1744</Data>
<Data Name="ParentImage">C:\Windows\System32\svchost.exe</Data>
<Data Name="ParentCommandLine">C:\WINDOWS\system32\svchost.exe -k netsvcs -p -s Schedule</Data>
<Data Name="ParentUser">NT AUTHORITY\SYSTEM</Data>
</EventData>
</Event>

