<Event xmlns="http://schemas.microsoft.com/win/2004/08/events/event"><System><Provider Name="Microsoft-Windows-Sysmon" Guid="{5770385f-c22a-43e0-bf4c-06f5698ffbd9}"></Provider>
<EventID Qualifiers="">1</EventID>
<Version>5</Version>
<Level>4</Level>
<Task>1</Task>
<Opcode>0</Opcode>
<Keywords>0x8000000000000000</Keywords>
<TimeCreated SystemTime="2025-04-10 06:11:46.774071"></TimeCreated>
<EventRecordID>7036</EventRecordID>
<Correlation ActivityID="" RelatedActivityID=""></Correlation>
<Execution ProcessID="4420" ThreadID="5708"></Execution>
<Channel>Microsoft-Windows-Sysmon/Operational</Channel>
<Computer>DESKTOP-M3AKJSD</Computer>
<Security UserID="S-1-5-18"></Security>
</System>
<EventData><Data Name="RuleName">-</Data>
<Data Name="UtcTime">2025-04-10 06:11:46.766</Data>
<Data Name="ProcessGuid">{53c665d1-6122-67f7-a501-000000001700}</Data>
<Data Name="ProcessId">4236</Data>
<Data Name="Image">C:\Program Files (x86)\Microsoft\EdgeWebView\Application\134.0.3124.93\msedgewebview2.exe</Data>
<Data Name="FileVersion">134.0.3124.93</Data>
<Data Name="Description">Microsoft Edge WebView2</Data>
<Data Name="Product">Microsoft Edge WebView2</Data>
<Data Name="Company">Microsoft Corporation</Data>
<Data Name="OriginalFileName">msedgewebview2.exe</Data>
<Data Name="CommandLine">"C:\Program Files (x86)\Microsoft\EdgeWebView\Application\134.0.3124.93\msedgewebview2.exe" --type=utility --utility-sub-type=audio.mojom.AudioService --lang=en-US --service-sandbox-type=audio --noerrdialogs --user-data-dir="C:\Users\User\AppData\Local\Packages\MicrosoftWindows.Client.WebExperience_cw5n1h2txyewy\LocalState\EBWebView" --webview-exe-name=Widgets.exe --webview-exe-version=525.5100.20.0 --embedded-browser-webview=1 --no-pre-read-main-dll --always-read-main-dll --field-trial-handle=1844,i,3711780353367033002,15807815531200220786,262144 --enable-features=ForceSWDCompWhenDCompFallbackRequired,msAggressiveCacheTrimming,msCustomDataPartition,msWebView2NoTabForScreenShare,msWindowsTaskManager --disable-features=BackForwardCache,BackgroundTabLoadingFromPerformanceManager,CloseOmniboxPopupOnInactiveAreaClick,CollectAVProductsInfo,CollectCodeIntegrityInfo,EnableHangWatcher,FilterAdsOnAbusiveSites,GetWifiProtocol,LoginDetection,PreconnectToSearch,SafetyHub,SegmentationPlatform,SpareRendererForSitePerProcess,Ukm,WebPayments,msAITrackerClassification,msAbydosForWindowlessWV2,msAffirmVirtualCard,msAllowChromeWebstore,msAllowMSAPrtSSOForNonMSAProfile,msApplicationGuard,msAskBeforeClosingMultipleTabs,msAutoToggleAADPrtSSOForNonAADProfile,msAutofillEdgeCoupons,msAutofillEdgeCouponsAutoApply,msAutofillEdgeServiceRequest,msAutomaticTabFreeze,msBrowserSettingsSupported,msCoarseGeolocationService,msDataProtection,msDesktopMode,msDesktopRewards,msDisableVariationsSeedFetchThrottling,msEEProactiveHistory,msEdgeAdPlatformUI,msEdgeAddWebCapturetoCollections,msEdgeAutofillAdvancedSuggestionsBasic,msEdgeAutofillOneClickAutocomplete,msEdgeAutofillSaveGSPR100InDb,msEdgeAutofillShowDeployedPassword,msEdgeAutofillSs,msEdgeBrowserEssentialsShowUpdateSection,msEdgeCloudConfigService,msEdgeCloudConfigServiceV2,msEdgeCohorts,msEdgeCollectionsPrismExperiment1,msEdgeCollectionsPrismOverallMigration,msEdgeComposeNext,msEdgeEnableNurturingFramework,msEdgeEnclavePrefsBasic,msEdgeEnclavePrefsNotification,msEdgeFaviconService,msEdgeHJTelemetry,msEdgeHubAppSkype,msEdgeImageEditorUI,msEdgeLinkDoctor,msEdgeMouseGestureDefaultEnabled,msEdgeMouseGestureSupported,msEdgeNewDeviceFre,msEdgeOnRampFRE,msEdgeOnRampImport,msEdgePDFCMHighlightUX,msEdgePasswordIris,msEdgePasswordIrisSaveBubble,msEdgeProngPersonalization,msEdgeReadingView,msEdgeRose,msEdgeSendTabToSelf,msEdgeSettingsImport,msEdgeSettingsImportV2,msEdgeShoppingPersistentStorage,msEdgeShoppingPersonalizedCashbackBingHeader,msEdgeShoppingUI,msEdgeSmartFind,msEdgeSuperDragDefaultEnabled,msEdgeSuperDragDropSupported,msEdgeTipping,msEdgeTranslate,msEdgeUseCaptivePortalService,msEnableCustomJobMemoryLimitsOnXbox,msEnableMIPForPDF,msEnablePdfUpsell,msEnableThirdPartyScanning,msEnableWebSignInCta,msEnableWebToBrowserSignIn,msEndpointDlp,msEntityExtraction,msExtensionTelemetryFramework,msExternalTaskManager,msFileSystemAccessDirectoryIterationBlocklistCheck,msForceBrowserSignIn,msForeignSessionsPage,msGeolocationAccessService,msGeolocationOSLocationPermissionFallback,msGeolocationSQMService,msGeolocationService,msGrowthInfraLaunchSourceLogging,msGuidedSwitchAllowed,msHubPinPersist,msImplicitSignin,msIrm,msIrmv2,msKlarnaVirtualCard,msLoadStatistics,msLogIsEdgePinnedToTaskbarOnLaunch,msMIPCrossTenantPdfViewSupport,msMdatpWebSiteDlp,msNotificationPermissionForPWA,msOnHoverSearchInSidebar,msOpenOfficeDocumentsInWebViewer,msPasswordBreachDetection,msPdfAnnotationsVisibility,msPdfDataRecovery,msPdfDigitalSignatureRead,msPdfFreeText,msPdfFreeTextForCJK,msPdfHighlightMode,msPdfInking,msPdfKeyphraseSupport,msPdfOOUI,msPdfPopupMarkerRenderer,msPdfShare,msPdfSharedLibrary,msPdfTextNote,msPdfTextNoteMoreMenu,msPdfThumbnailCache,msPdfUnderside,msPdfViewRestore,msPersonalizationUMA,msPriceComparison,msPromptDefaultHandlerForPDF,msReactiveSearch,msReadAloud,msReadAloudPdf,msRedirectToShoreline,msRevokeExtensions,msSaasDlp,msShoppingTrigger,msShorelineSearch,msShorelineSearchFindOnPageWebUI,msShowOfflineGameEntrance,msShowReadAloudIconInAddressBar,msShowUXForAADPrtSSOForNonAADProfile,msSuspendMessageForNewSessionWhenHavingPendingNavigation,msSyncEdgeCollections,msTabResourceStats,msTokenizationAutofillInlineEnabled,msTouchMode,msTriggeringSignalGenerator,msUserUnderstanding,msVideoSuperResolutionUI,msWalletBuyNow,msWalletCheckout,msWalletDiagnosticDataLogger,msWalletHubEntry,msWalletHubIntlP3,msWalletPartialCard,msWalletPasswordCategorization,msWalletPasswordCategorizationPlatformExpansion,msWalletTokenizationCardMetadata,msWalletTokenizedAutofill,msWebAssist,msWebAssistHistorySearchService,msWebOOUI,msWindowsUserActivities,msZipPayVirtualCard --variations-seed-version --mojo-platform-channel-handle=4460 /prefetch:12 /pfhostedapp:017373b2a5c4ead1a08d36a47bf86195c1909a61</Data>
<Data Name="CurrentDirectory">C:\Program Files (x86)\Microsoft\EdgeWebView\Application\134.0.3124.93\</Data>
<Data Name="User">DESKTOP-M3AKJSD\User</Data>
<Data Name="LogonGuid">{53c665d1-5fe9-67f7-1257-120000000000}</Data>
<Data Name="LogonId">0x0000000000125712</Data>
<Data Name="TerminalSessionId">1</Data>
<Data Name="IntegrityLevel">Low</Data>
<Data Name="Hashes">MD5=784DA230D8960A56009A613FC0B491EA,SHA256=E715C1557C931C332B51BF20B89EE1B8736AD7406A3C55531E2B800FF70A18B7,IMPHASH=1489800E3D4E83B6EA868388D457DAF9</Data>
<Data Name="ParentProcessGuid">{53c665d1-611c-67f7-9901-000000001700}</Data>
<Data Name="ParentProcessId">5368</Data>
<Data Name="ParentImage">C:\Program Files (x86)\Microsoft\EdgeWebView\Application\134.0.3124.93\msedgewebview2.exe</Data>
<Data Name="ParentCommandLine">"C:\Program Files (x86)\Microsoft\EdgeWebView\Application\134.0.3124.93\msedgewebview2.exe" --embedded-browser-webview=1 --webview-exe-name=Widgets.exe --webview-exe-version=525.5100.20.0 --user-data-dir="C:\Users\User\AppData\Local\Packages\MicrosoftWindows.Client.WebExperience_cw5n1h2txyewy\LocalState\EBWebView" --noerrdialogs --disk-cache-size=52428800 --edge-webview-is-background --lang=en-US --mojo-named-platform-channel-pipe=7696.8848.2550634262568366968 /pfhostedapp:017373b2a5c4ead1a08d36a47bf86195c1909a61</Data>
<Data Name="ParentUser">DESKTOP-M3AKJSD\User</Data>
</EventData>
</Event>

<Event xmlns="http://schemas.microsoft.com/win/2004/08/events/event"><System><Provider Name="Microsoft-Windows-Sysmon" Guid="{5770385f-c22a-43e0-bf4c-06f5698ffbd9}"></Provider>
<EventID Qualifiers="">11</EventID>
<Version>2</Version>
<Level>4</Level>
<Task>11</Task>
<Opcode>0</Opcode>
<Keywords>0x8000000000000000</Keywords>
<TimeCreated SystemTime="2025-04-10 06:11:49.419685"></TimeCreated>
<EventRecordID>7037</EventRecordID>
<Correlation ActivityID="" RelatedActivityID=""></Correlation>
<Execution ProcessID="4420" ThreadID="5708"></Execution>
<Channel>Microsoft-Windows-Sysmon/Operational</Channel>
<Computer>DESKTOP-M3AKJSD</Computer>
<Security UserID="S-1-5-18"></Security>
</System>
<EventData><Data Name="RuleName">DLL</Data>
<Data Name="UtcTime">2025-04-10 06:11:49.417</Data>
<Data Name="ProcessGuid">{53c665d1-611c-67f7-9a01-000000001700}</Data>
<Data Name="ProcessId">6420</Data>
<Data Name="Image">C:\Windows\Microsoft.NET\Framework\v4.0.30319\mscorsvw.exe</Data>
<Data Name="TargetFilename">C:\Windows\assembly\NativeImages_v4.0.30319_32\Temp\1914-0\System.dll</Data>
<Data Name="CreationUtcTime">2025-04-10 06:11:49.417</Data>
<Data Name="User">NT AUTHORITY\SYSTEM</Data>
</EventData>
</Event>

<Event xmlns="http://schemas.microsoft.com/win/2004/08/events/event"><System><Provider Name="Microsoft-Windows-Sysmon" Guid="{5770385f-c22a-43e0-bf4c-06f5698ffbd9}"></Provider>
<EventID Qualifiers="">11</EventID>
<Version>2</Version>
<Level>4</Level>
<Task>11</Task>
<Opcode>0</Opcode>
<Keywords>0x8000000000000000</Keywords>
<TimeCreated SystemTime="2025-04-10 06:11:49.935757"></TimeCreated>
<EventRecordID>7038</EventRecordID>
<Correlation ActivityID="" RelatedActivityID=""></Correlation>
<Execution ProcessID="4420" ThreadID="5708"></Execution>
<Channel>Microsoft-Windows-Sysmon/Operational</Channel>
<Computer>DESKTOP-M3AKJSD</Computer>
<Security UserID="S-1-5-18"></Security>
</System>
<EventData><Data Name="RuleName">DLL</Data>
<Data Name="UtcTime">2025-04-10 06:11:49.934</Data>
<Data Name="ProcessGuid">{53c665d1-6125-67f7-a701-000000001700}</Data>
<Data Name="ProcessId">4972</Data>
<Data Name="Image">C:\Windows\Microsoft.NET\Framework\v4.0.30319\mscorsvw.exe</Data>
<Data Name="TargetFilename">C:\Windows\assembly\NativeImages_v4.0.30319_32\Temp\136c-0\Microsoft.GroupPolicy.AdmTmplEditor.dll</Data>
<Data Name="CreationUtcTime">2025-04-10 06:11:49.934</Data>
<Data Name="User">NT AUTHORITY\SYSTEM</Data>
</EventData>
</Event>

<Event xmlns="http://schemas.microsoft.com/win/2004/08/events/event"><System><Provider Name="Microsoft-Windows-Sysmon" Guid="{5770385f-c22a-43e0-bf4c-06f5698ffbd9}"></Provider>
<EventID Qualifiers="">11</EventID>
<Version>2</Version>
<Level>4</Level>
<Task>11</Task>
<Opcode>0</Opcode>
<Keywords>0x8000000000000000</Keywords>
<TimeCreated SystemTime="2025-04-10 06:11:54.153988"></TimeCreated>
<EventRecordID>7039</EventRecordID>
<Correlation ActivityID="" RelatedActivityID=""></Correlation>
<Execution ProcessID="4420" ThreadID="5708"></Execution>
<Channel>Microsoft-Windows-Sysmon/Operational</Channel>
<Computer>DESKTOP-M3AKJSD</Computer>
<Security UserID="S-1-5-18"></Security>
</System>
<EventData><Data Name="RuleName">DLL</Data>
<Data Name="UtcTime">2025-04-10 06:11:54.153</Data>
<Data Name="ProcessGuid">{53c665d1-6126-67f7-aa01-000000001700}</Data>
<Data Name="ProcessId">9996</Data>
<Data Name="Image">C:\Windows\Microsoft.NET\Framework\v4.0.30319\mscorsvw.exe</Data>
<Data Name="TargetFilename">C:\Windows\assembly\NativeImages_v4.0.30319_32\Temp\270c-0\System.Core.dll</Data>
<Data Name="CreationUtcTime">2025-04-10 06:11:54.151</Data>
<Data Name="User">NT AUTHORITY\SYSTEM</Data>
</EventData>
</Event>

<Event xmlns="http://schemas.microsoft.com/win/2004/08/events/event"><System><Provider Name="Microsoft-Windows-Sysmon" Guid="{5770385f-c22a-43e0-bf4c-06f5698ffbd9}"></Provider>
<EventID Qualifiers="">11</EventID>
<Version>2</Version>
<Level>4</Level>
<Task>11</Task>
<Opcode>0</Opcode>
<Keywords>0x8000000000000000</Keywords>
<TimeCreated SystemTime="2025-04-10 06:11:56.117363"></TimeCreated>
<EventRecordID>7040</EventRecordID>
<Correlation ActivityID="" RelatedActivityID=""></Correlation>
<Execution ProcessID="4420" ThreadID="5708"></Execution>
<Channel>Microsoft-Windows-Sysmon/Operational</Channel>
<Computer>DESKTOP-M3AKJSD</Computer>
<Security UserID="S-1-5-18"></Security>
</System>
<EventData><Data Name="RuleName">DLL</Data>
<Data Name="UtcTime">2025-04-10 06:11:56.115</Data>
<Data Name="ProcessGuid">{53c665d1-612a-67f7-ab01-000000001700}</Data>
<Data Name="ProcessId">5832</Data>
<Data Name="Image">C:\Windows\Microsoft.NET\Framework\v4.0.30319\mscorsvw.exe</Data>
<Data Name="TargetFilename">C:\Windows\assembly\NativeImages_v4.0.30319_32\Temp\16c8-0\WindowsBase.dll</Data>
<Data Name="CreationUtcTime">2025-04-10 06:11:56.115</Data>
<Data Name="User">NT AUTHORITY\SYSTEM</Data>
</EventData>
</Event>

<Event xmlns="http://schemas.microsoft.com/win/2004/08/events/event"><System><Provider Name="Microsoft-Windows-Sysmon" Guid="{5770385f-c22a-43e0-bf4c-06f5698ffbd9}"></Provider>
<EventID Qualifiers="">22</EventID>
<Version>5</Version>
<Level>4</Level>
<Task>22</Task>
<Opcode>0</Opcode>
<Keywords>0x8000000000000000</Keywords>
<TimeCreated SystemTime="2025-04-10 06:11:59.816383"></TimeCreated>
<EventRecordID>7041</EventRecordID>
<Correlation ActivityID="" RelatedActivityID=""></Correlation>
<Execution ProcessID="4420" ThreadID="5732"></Execution>
<Channel>Microsoft-Windows-Sysmon/Operational</Channel>
<Computer>DESKTOP-M3AKJSD</Computer>
<Security UserID="S-1-5-18"></Security>
</System>
<EventData><Data Name="RuleName">-</Data>
<Data Name="UtcTime">2025-04-10 06:11:57.963</Data>
<Data Name="ProcessGuid">{53c665d1-611a-67f7-8f01-000000001700}</Data>
<Data Name="ProcessId">6364</Data>
<Data Name="QueryName">aka.ms</Data>
<Data Name="QueryStatus">0</Data>
<Data Name="QueryResults">::ffff:104.83.198.44;</Data>
<Data Name="Image">C:\Program Files (x86)\Microsoft Visual Studio\Installer\resources\app\ServiceHub\Services\Microsoft.VisualStudio.Setup.Service\BackgroundDownload.exe</Data>
<Data Name="User">DESKTOP-M3AKJSD\User</Data>
</EventData>
</Event>

<Event xmlns="http://schemas.microsoft.com/win/2004/08/events/event"><System><Provider Name="Microsoft-Windows-Sysmon" Guid="{5770385f-c22a-43e0-bf4c-06f5698ffbd9}"></Provider>
<EventID Qualifiers="">11</EventID>
<Version>2</Version>
<Level>4</Level>
<Task>11</Task>
<Opcode>0</Opcode>
<Keywords>0x8000000000000000</Keywords>
<TimeCreated SystemTime="2025-04-10 06:12:02.301979"></TimeCreated>
<EventRecordID>7042</EventRecordID>
<Correlation ActivityID="" RelatedActivityID=""></Correlation>
<Execution ProcessID="4420" ThreadID="5708"></Execution>
<Channel>Microsoft-Windows-Sysmon/Operational</Channel>
<Computer>DESKTOP-M3AKJSD</Computer>
<Security UserID="S-1-5-18"></Security>
</System>
<EventData><Data Name="RuleName">DLL</Data>
<Data Name="UtcTime">2025-04-10 06:12:02.300</Data>
<Data Name="ProcessGuid">{53c665d1-612c-67f7-ac01-000000001700}</Data>
<Data Name="ProcessId">9284</Data>
<Data Name="Image">C:\Windows\Microsoft.NET\Framework\v4.0.30319\mscorsvw.exe</Data>
<Data Name="TargetFilename">C:\Windows\assembly\NativeImages_v4.0.30319_32\Temp\2444-0\PresentationCore.dll</Data>
<Data Name="CreationUtcTime">2025-04-10 06:12:02.300</Data>
<Data Name="User">NT AUTHORITY\SYSTEM</Data>
</EventData>
</Event>

<Event xmlns="http://schemas.microsoft.com/win/2004/08/events/event"><System><Provider Name="Microsoft-Windows-Sysmon" Guid="{5770385f-c22a-43e0-bf4c-06f5698ffbd9}"></Provider>
<EventID Qualifiers="">22</EventID>
<Version>5</Version>
<Level>4</Level>
<Task>22</Task>
<Opcode>0</Opcode>
<Keywords>0x8000000000000000</Keywords>
<TimeCreated SystemTime="2025-04-10 06:12:03.841318"></TimeCreated>
<EventRecordID>7043</EventRecordID>
<Correlation ActivityID="" RelatedActivityID=""></Correlation>
<Execution ProcessID="4420" ThreadID="5732"></Execution>
<Channel>Microsoft-Windows-Sysmon/Operational</Channel>
<Computer>DESKTOP-M3AKJSD</Computer>
<Security UserID="S-1-5-18"></Security>
</System>
<EventData><Data Name="RuleName">-</Data>
<Data Name="UtcTime">2025-04-10 06:12:02.652</Data>
<Data Name="ProcessGuid">{53c665d1-611a-67f7-8f01-000000001700}</Data>
<Data Name="ProcessId">6364</Data>
<Data Name="QueryName">default.exp-tas.com</Data>
<Data Name="QueryStatus">0</Data>
<Data Name="QueryResults">type: 5 deault-exp-tas-com.e-0014.e-msedge.net;type: 5 e-0014.e-msedge.net;::ffff:13.107.5.93;</Data>
<Data Name="Image">C:\Program Files (x86)\Microsoft Visual Studio\Installer\resources\app\ServiceHub\Services\Microsoft.VisualStudio.Setup.Service\BackgroundDownload.exe</Data>
<Data Name="User">DESKTOP-M3AKJSD\User</Data>
</EventData>
</Event>

<Event xmlns="http://schemas.microsoft.com/win/2004/08/events/event"><System><Provider Name="Microsoft-Windows-Sysmon" Guid="{5770385f-c22a-43e0-bf4c-06f5698ffbd9}"></Provider>
<EventID Qualifiers="">1</EventID>
<Version>5</Version>
<Level>4</Level>
<Task>1</Task>
<Opcode>0</Opcode>
<Keywords>0x8000000000000000</Keywords>
<TimeCreated SystemTime="2025-04-10 06:12:08.853765"></TimeCreated>
<EventRecordID>7044</EventRecordID>
<Correlation ActivityID="" RelatedActivityID=""></Correlation>
<Execution ProcessID="4420" ThreadID="5708"></Execution>
<Channel>Microsoft-Windows-Sysmon/Operational</Channel>
<Computer>DESKTOP-M3AKJSD</Computer>
<Security UserID="S-1-5-18"></Security>
</System>
<EventData><Data Name="RuleName">-</Data>
<Data Name="UtcTime">2025-04-10 06:12:08.845</Data>
<Data Name="ProcessGuid">{53c665d1-6138-67f7-af01-000000001700}</Data>
<Data Name="ProcessId">4120</Data>
<Data Name="Image">C:\Windows\System32\rundll32.exe</Data>
<Data Name="FileVersion">10.0.26100.3624 (WinBuild.160101.0800)</Data>
<Data Name="Description">Windows host process (Rundll32)</Data>
<Data Name="Product">Microsoft&#174; Windows&#174; Operating System</Data>
<Data Name="Company">Microsoft Corporation</Data>
<Data Name="OriginalFileName">RUNDLL32.EXE</Data>
<Data Name="CommandLine">"C:\WINDOWS\system32\rundll32.exe" Startupscan.dll,SusRunTask</Data>
<Data Name="CurrentDirectory">C:\WINDOWS\system32\</Data>
<Data Name="User">DESKTOP-M3AKJSD\User</Data>
<Data Name="LogonGuid">{53c665d1-5fe9-67f7-1257-120000000000}</Data>
<Data Name="LogonId">0x0000000000125712</Data>
<Data Name="TerminalSessionId">1</Data>
<Data Name="IntegrityLevel">Medium</Data>
<Data Name="Hashes">MD5=93C63B47E970B19265F3AD11D298B68E,SHA256=B6F043FE2568D329A5FFAB3B87DF7C1F8D99BF8DADBB10258CB5D3DA691FE232,IMPHASH=E3165C22028490334195CBDFA2962AA1</Data>
<Data Name="ParentProcessGuid">{53c665d1-5e7b-67f7-2000-000000001700}</Data>
<Data Name="ParentProcessId">1744</Data>
<Data Name="ParentImage">C:\Windows\System32\svchost.exe</Data>
<Data Name="ParentCommandLine">C:\WINDOWS\system32\svchost.exe -k netsvcs -p -s Schedule</Data>
<Data Name="ParentUser">NT AUTHORITY\SYSTEM</Data>
</EventData>
</Event>

<Event xmlns="http://schemas.microsoft.com/win/2004/08/events/event"><System><Provider Name="Microsoft-Windows-Sysmon" Guid="{5770385f-c22a-43e0-bf4c-06f5698ffbd9}"></Provider>
<EventID Qualifiers="">1</EventID>
<Version>5</Version>
<Level>4</Level>
<Task>1</Task>
<Opcode>0</Opcode>
<Keywords>0x8000000000000000</Keywords>
<TimeCreated SystemTime="2025-04-10 06:12:08.862154"></TimeCreated>
<EventRecordID>7045</EventRecordID>
<Correlation ActivityID="" RelatedActivityID=""></Correlation>
<Execution ProcessID="4420" ThreadID="5708"></Execution>
<Channel>Microsoft-Windows-Sysmon/Operational</Channel>
<Computer>DESKTOP-M3AKJSD</Computer>
<Security UserID="S-1-5-18"></Security>
</System>
<EventData><Data Name="RuleName">-</Data>
<Data Name="UtcTime">2025-04-10 06:12:08.858</Data>
<Data Name="ProcessGuid">{53c665d1-6138-67f7-b001-000000001700}</Data>
<Data Name="ProcessId">4608</Data>
<Data Name="Image">C:\Windows\System32\taskhostw.exe</Data>
<Data Name="FileVersion">10.0.26100.3624 (WinBuild.160101.0800)</Data>
<Data Name="Description">Host Process for Windows Tasks</Data>
<Data Name="Product">Microsoft&#174; Windows&#174; Operating System</Data>
<Data Name="Company">Microsoft Corporation</Data>
<Data Name="OriginalFileName">taskhostw.exe</Data>
<Data Name="CommandLine">taskhostw.exe</Data>
<Data Name="CurrentDirectory">C:\WINDOWS\system32\</Data>
<Data Name="User">NT AUTHORITY\SYSTEM</Data>
<Data Name="LogonGuid">{53c665d1-5e7a-67f7-e703-000000000000}</Data>
<Data Name="LogonId">0x00000000000003e7</Data>
<Data Name="TerminalSessionId">0</Data>
<Data Name="IntegrityLevel">System</Data>
<Data Name="Hashes">MD5=DE35D9FE13EA48A238AAC8C3355078C5,SHA256=C772A80788FF09DCA0AF997FE8449D81555B02399E4AB357213ECFAC5501783F,IMPHASH=2196268E7A2880E3ADC74481297D0C4B</Data>
<Data Name="ParentProcessGuid">{53c665d1-5e7b-67f7-2000-000000001700}</Data>
<Data Name="ParentProcessId">1744</Data>
<Data Name="ParentImage">C:\Windows\System32\svchost.exe</Data>
<Data Name="ParentCommandLine">C:\WINDOWS\system32\svchost.exe -k netsvcs -p -s Schedule</Data>
<Data Name="ParentUser">NT AUTHORITY\SYSTEM</Data>
</EventData>
</Event>

<Event xmlns="http://schemas.microsoft.com/win/2004/08/events/event"><System><Provider Name="Microsoft-Windows-Sysmon" Guid="{5770385f-c22a-43e0-bf4c-06f5698ffbd9}"></Provider>
<EventID Qualifiers="">1</EventID>
<Version>5</Version>
<Level>4</Level>
<Task>1</Task>
<Opcode>0</Opcode>
<Keywords>0x8000000000000000</Keywords>
<TimeCreated SystemTime="2025-04-10 06:12:08.886732"></TimeCreated>
<EventRecordID>7046</EventRecordID>
<Correlation ActivityID="" RelatedActivityID=""></Correlation>
<Execution ProcessID="4420" ThreadID="5708"></Execution>
<Channel>Microsoft-Windows-Sysmon/Operational</Channel>
<Computer>DESKTOP-M3AKJSD</Computer>
<Security UserID="S-1-5-18"></Security>
</System>
<EventData><Data Name="RuleName">-</Data>
<Data Name="UtcTime">2025-04-10 06:12:08.878</Data>
<Data Name="ProcessGuid">{53c665d1-6138-67f7-b101-000000001700}</Data>
<Data Name="ProcessId">8428</Data>
<Data Name="Image">C:\Windows\System32\AppHostRegistrationVerifier.exe</Data>
<Data Name="FileVersion">10.0.26100.1150 (WinBuild.160101.0800)</Data>
<Data Name="Description">App Uri Handlers Registration Verifier</Data>
<Data Name="Product">Microsoft&#174; Windows&#174; Operating System</Data>
<Data Name="Company">Microsoft Corporation</Data>
<Data Name="OriginalFileName">AppHostNameRegistrationVerifier.exe</Data>
<Data Name="CommandLine">"C:\WINDOWS\system32\AppHostRegistrationVerifier.exe"</Data>
<Data Name="CurrentDirectory">C:\WINDOWS\system32\</Data>
<Data Name="User">DESKTOP-M3AKJSD\User</Data>
<Data Name="LogonGuid">{53c665d1-5fe9-67f7-1257-120000000000}</Data>
<Data Name="LogonId">0x0000000000125712</Data>
<Data Name="TerminalSessionId">1</Data>
<Data Name="IntegrityLevel">Medium</Data>
<Data Name="Hashes">MD5=0337677FC847BB26B725242C91E2928E,SHA256=B16C3B3D7393D6040E7D1576094DE62A4C3A2E7AB0767F9A70DF31AAF67A0AF1,IMPHASH=1037A3DB7A788E8978A55C466AB0D69E</Data>
<Data Name="ParentProcessGuid">{53c665d1-5e7b-67f7-2000-000000001700}</Data>
<Data Name="ParentProcessId">1744</Data>
<Data Name="ParentImage">C:\Windows\System32\svchost.exe</Data>
<Data Name="ParentCommandLine">C:\WINDOWS\system32\svchost.exe -k netsvcs -p -s Schedule</Data>
<Data Name="ParentUser">NT AUTHORITY\SYSTEM</Data>
</EventData>
</Event>

<Event xmlns="http://schemas.microsoft.com/win/2004/08/events/event"><System><Provider Name="Microsoft-Windows-Sysmon" Guid="{5770385f-c22a-43e0-bf4c-06f5698ffbd9}"></Provider>
<EventID Qualifiers="">1</EventID>
<Version>5</Version>
<Level>4</Level>
<Task>1</Task>
<Opcode>0</Opcode>
<Keywords>0x8000000000000000</Keywords>
<TimeCreated SystemTime="2025-04-10 06:12:08.901293"></TimeCreated>
<EventRecordID>7047</EventRecordID>
<Correlation ActivityID="" RelatedActivityID=""></Correlation>
<Execution ProcessID="4420" ThreadID="5708"></Execution>
<Channel>Microsoft-Windows-Sysmon/Operational</Channel>
<Computer>DESKTOP-M3AKJSD</Computer>
<Security UserID="S-1-5-18"></Security>
</System>
<EventData><Data Name="RuleName">-</Data>
<Data Name="UtcTime">2025-04-10 06:12:08.895</Data>
<Data Name="ProcessGuid">{53c665d1-6138-67f7-b201-000000001700}</Data>
<Data Name="ProcessId">3660</Data>
<Data Name="Image">C:\Windows\System32\DiskSnapshot.exe</Data>
<Data Name="FileVersion">10.0.26100.1150 (WinBuild.160101.0800)</Data>
<Data Name="Description">DiskSnapshot.exe</Data>
<Data Name="Product">Microsoft&#174; Windows&#174; Operating System</Data>
<Data Name="Company">Microsoft Corporation</Data>
<Data Name="OriginalFileName">DiskSnapshot.exe</Data>
<Data Name="CommandLine">"C:\WINDOWS\system32\disksnapshot.exe" -z</Data>
<Data Name="CurrentDirectory">C:\WINDOWS\system32\</Data>
<Data Name="User">NT AUTHORITY\SYSTEM</Data>
<Data Name="LogonGuid">{53c665d1-5e7a-67f7-e703-000000000000}</Data>
<Data Name="LogonId">0x00000000000003e7</Data>
<Data Name="TerminalSessionId">0</Data>
<Data Name="IntegrityLevel">System</Data>
<Data Name="Hashes">MD5=AB82D082274CB2C9F85FB96439229A15,SHA256=E3EFC11F128F6E10EAE8E15C9AA100201AA89631377B8C9E4DB1314DD46659F0,IMPHASH=9BE1E8D7C5D5B113AF20C778EF464358</Data>
<Data Name="ParentProcessGuid">{53c665d1-5e7b-67f7-2000-000000001700}</Data>
<Data Name="ParentProcessId">1744</Data>
<Data Name="ParentImage">C:\Windows\System32\svchost.exe</Data>
<Data Name="ParentCommandLine">C:\WINDOWS\system32\svchost.exe -k netsvcs -p -s Schedule</Data>
<Data Name="ParentUser">NT AUTHORITY\SYSTEM</Data>
</EventData>
</Event>

<Event xmlns="http://schemas.microsoft.com/win/2004/08/events/event"><System><Provider Name="Microsoft-Windows-Sysmon" Guid="{5770385f-c22a-43e0-bf4c-06f5698ffbd9}"></Provider>
<EventID Qualifiers="">11</EventID>
<Version>2</Version>
<Level>4</Level>
<Task>11</Task>
<Opcode>0</Opcode>
<Keywords>0x8000000000000000</Keywords>
<TimeCreated SystemTime="2025-04-10 06:12:08.910061"></TimeCreated>
<EventRecordID>7048</EventRecordID>
<Correlation ActivityID="" RelatedActivityID=""></Correlation>
<Execution ProcessID="4420" ThreadID="5708"></Execution>
<Channel>Microsoft-Windows-Sysmon/Operational</Channel>
<Computer>DESKTOP-M3AKJSD</Computer>
<Security UserID="S-1-5-18"></Security>
</System>
<EventData><Data Name="RuleName">-</Data>
<Data Name="UtcTime">2025-04-10 06:12:08.909</Data>
<Data Name="ProcessGuid">{53c665d1-602a-67f7-2501-000000001700}</Data>
<Data Name="ProcessId">8336</Data>
<Data Name="Image">C:\WINDOWS\system32\taskhostw.exe</Data>
<Data Name="TargetFilename">C:\Windows\Temp\SDIAG_1ce381e2-2110-4de5-b469-608e12337a67\CL_Utility.ps1</Data>
<Data Name="CreationUtcTime">2025-04-10 06:12:08.909</Data>
<Data Name="User">DESKTOP-M3AKJSD\User</Data>
</EventData>
</Event>

<Event xmlns="http://schemas.microsoft.com/win/2004/08/events/event"><System><Provider Name="Microsoft-Windows-Sysmon" Guid="{5770385f-c22a-43e0-bf4c-06f5698ffbd9}"></Provider>
<EventID Qualifiers="">1</EventID>
<Version>5</Version>
<Level>4</Level>
<Task>1</Task>
<Opcode>0</Opcode>
<Keywords>0x8000000000000000</Keywords>
<TimeCreated SystemTime="2025-04-10 06:12:08.914940"></TimeCreated>
<EventRecordID>7049</EventRecordID>
<Correlation ActivityID="" RelatedActivityID=""></Correlation>
<Execution ProcessID="4420" ThreadID="5708"></Execution>
<Channel>Microsoft-Windows-Sysmon/Operational</Channel>
<Computer>DESKTOP-M3AKJSD</Computer>
<Security UserID="S-1-5-18"></Security>
</System>
<EventData><Data Name="RuleName">-</Data>
<Data Name="UtcTime">2025-04-10 06:12:08.908</Data>
<Data Name="ProcessGuid">{53c665d1-6138-67f7-b301-000000001700}</Data>
<Data Name="ProcessId">3508</Data>
<Data Name="Image">C:\Windows\System32\dstokenclean.exe</Data>
<Data Name="FileVersion">10.0.26100.1882 (WinBuild.160101.0800)</Data>
<Data Name="Description">Data Sharing Service Maintenance Driver</Data>
<Data Name="Product">Microsoft&#174; Windows&#174; Operating System</Data>
<Data Name="Company">Microsoft Corporation</Data>
<Data Name="OriginalFileName">dstokenclean.exe</Data>
<Data Name="CommandLine">"C:\WINDOWS\system32\dstokenclean.exe"</Data>
<Data Name="CurrentDirectory">C:\WINDOWS\system32\</Data>
<Data Name="User">NT AUTHORITY\SYSTEM</Data>
<Data Name="LogonGuid">{53c665d1-5e7a-67f7-e703-000000000000}</Data>
<Data Name="LogonId">0x00000000000003e7</Data>
<Data Name="TerminalSessionId">0</Data>
<Data Name="IntegrityLevel">System</Data>
<Data Name="Hashes">MD5=45593B0677A76640FDE8DADAFD399DE8,SHA256=38E4DBBE77423773545DEF4FEDCAD64357EA1DB16B2F6617A4AAEDAE5DA3C947,IMPHASH=F1D06B8C52F369E9C51A17B21E2BD700</Data>
<Data Name="ParentProcessGuid">{53c665d1-5e7b-67f7-2000-000000001700}</Data>
<Data Name="ParentProcessId">1744</Data>
<Data Name="ParentImage">C:\Windows\System32\svchost.exe</Data>
<Data Name="ParentCommandLine">C:\WINDOWS\system32\svchost.exe -k netsvcs -p -s Schedule</Data>
<Data Name="ParentUser">NT AUTHORITY\SYSTEM</Data>
</EventData>
</Event>

<Event xmlns="http://schemas.microsoft.com/win/2004/08/events/event"><System><Provider Name="Microsoft-Windows-Sysmon" Guid="{5770385f-c22a-43e0-bf4c-06f5698ffbd9}"></Provider>
<EventID Qualifiers="">11</EventID>
<Version>2</Version>
<Level>4</Level>
<Task>11</Task>
<Opcode>0</Opcode>
<Keywords>0x8000000000000000</Keywords>
<TimeCreated SystemTime="2025-04-10 06:12:08.922075"></TimeCreated>
<EventRecordID>7050</EventRecordID>
<Correlation ActivityID="" RelatedActivityID=""></Correlation>
<Execution ProcessID="4420" ThreadID="5708"></Execution>
<Channel>Microsoft-Windows-Sysmon/Operational</Channel>
<Computer>DESKTOP-M3AKJSD</Computer>
<Security UserID="S-1-5-18"></Security>
</System>
<EventData><Data Name="RuleName">DLL</Data>
<Data Name="UtcTime">2025-04-10 06:12:08.918</Data>
<Data Name="ProcessGuid">{53c665d1-602a-67f7-2501-000000001700}</Data>
<Data Name="ProcessId">8336</Data>
<Data Name="Image">C:\WINDOWS\system32\taskhostw.exe</Data>
<Data Name="TargetFilename">C:\Windows\Temp\SDIAG_1ce381e2-2110-4de5-b469-608e12337a67\DiagPackage.dll</Data>
<Data Name="CreationUtcTime">2025-04-10 06:12:08.916</Data>
<Data Name="User">DESKTOP-M3AKJSD\User</Data>
</EventData>
</Event>

<Event xmlns="http://schemas.microsoft.com/win/2004/08/events/event"><System><Provider Name="Microsoft-Windows-Sysmon" Guid="{5770385f-c22a-43e0-bf4c-06f5698ffbd9}"></Provider>
<EventID Qualifiers="">11</EventID>
<Version>2</Version>
<Level>4</Level>
<Task>11</Task>
<Opcode>0</Opcode>
<Keywords>0x8000000000000000</Keywords>
<TimeCreated SystemTime="2025-04-10 06:12:08.922228"></TimeCreated>
<EventRecordID>7051</EventRecordID>
<Correlation ActivityID="" RelatedActivityID=""></Correlation>
<Execution ProcessID="4420" ThreadID="5708"></Execution>
<Channel>Microsoft-Windows-Sysmon/Operational</Channel>
<Computer>DESKTOP-M3AKJSD</Computer>
<Security UserID="S-1-5-18"></Security>
</System>
<EventData><Data Name="RuleName">-</Data>
<Data Name="UtcTime">2025-04-10 06:12:08.920</Data>
<Data Name="ProcessGuid">{53c665d1-602a-67f7-2501-000000001700}</Data>
<Data Name="ProcessId">8336</Data>
<Data Name="Image">C:\WINDOWS\system32\taskhostw.exe</Data>
<Data Name="TargetFilename">C:\Windows\Temp\SDIAG_1ce381e2-2110-4de5-b469-608e12337a67\RS_AdminDiagnosticHistory.ps1</Data>
<Data Name="CreationUtcTime">2025-04-10 06:12:08.920</Data>
<Data Name="User">DESKTOP-M3AKJSD\User</Data>
</EventData>
</Event>

<Event xmlns="http://schemas.microsoft.com/win/2004/08/events/event"><System><Provider Name="Microsoft-Windows-Sysmon" Guid="{5770385f-c22a-43e0-bf4c-06f5698ffbd9}"></Provider>
<EventID Qualifiers="">1</EventID>
<Version>5</Version>
<Level>4</Level>
<Task>1</Task>
<Opcode>0</Opcode>
<Keywords>0x8000000000000000</Keywords>
<TimeCreated SystemTime="2025-04-10 06:12:08.924318"></TimeCreated>
<EventRecordID>7052</EventRecordID>
<Correlation ActivityID="" RelatedActivityID=""></Correlation>
<Execution ProcessID="4420" ThreadID="5708"></Execution>
<Channel>Microsoft-Windows-Sysmon/Operational</Channel>
<Computer>DESKTOP-M3AKJSD</Computer>
<Security UserID="S-1-5-18"></Security>
</System>
<EventData><Data Name="RuleName">-</Data>
<Data Name="UtcTime">2025-04-10 06:12:08.919</Data>
<Data Name="ProcessGuid">{53c665d1-6138-67f7-b401-000000001700}</Data>
<Data Name="ProcessId">5952</Data>
<Data Name="Image">C:\Windows\System32\dmclient.exe</Data>
<Data Name="FileVersion">10.0.26100.3624 (WinBuild.160101.0800)</Data>
<Data Name="Description">Microsoft Feedback SIUF Deployment Manager Client</Data>
<Data Name="Product">Microsoft&#174; Windows&#174; Operating System</Data>
<Data Name="Company">Microsoft Corporation</Data>
<Data Name="OriginalFileName">dmclient.exe</Data>
<Data Name="CommandLine">"C:\WINDOWS\system32\dmclient.exe"</Data>
<Data Name="CurrentDirectory">C:\WINDOWS\system32\</Data>
<Data Name="User">NT AUTHORITY\SYSTEM</Data>
<Data Name="LogonGuid">{53c665d1-5e7a-67f7-e703-000000000000}</Data>
<Data Name="LogonId">0x00000000000003e7</Data>
<Data Name="TerminalSessionId">0</Data>
<Data Name="IntegrityLevel">System</Data>
<Data Name="Hashes">MD5=ADE2D804514A7ADC1793FDE0DB3E2D7B,SHA256=B7E299313494360EA4A147FEAD786939E443850B0910421DA7F1A2F186A37445,IMPHASH=BE4CDFB4F5176337C6B65F6C57146EC5</Data>
<Data Name="ParentProcessGuid">{53c665d1-5e7b-67f7-2000-000000001700}</Data>
<Data Name="ParentProcessId">1744</Data>
<Data Name="ParentImage">C:\Windows\System32\svchost.exe</Data>
<Data Name="ParentCommandLine">C:\WINDOWS\system32\svchost.exe -k netsvcs -p -s Schedule</Data>
<Data Name="ParentUser">NT AUTHORITY\SYSTEM</Data>
</EventData>
</Event>

<Event xmlns="http://schemas.microsoft.com/win/2004/08/events/event"><System><Provider Name="Microsoft-Windows-Sysmon" Guid="{5770385f-c22a-43e0-bf4c-06f5698ffbd9}"></Provider>
<EventID Qualifiers="">11</EventID>
<Version>2</Version>
<Level>4</Level>
<Task>11</Task>
<Opcode>0</Opcode>
<Keywords>0x8000000000000000</Keywords>
<TimeCreated SystemTime="2025-04-10 06:12:08.924368"></TimeCreated>
<EventRecordID>7053</EventRecordID>
<Correlation ActivityID="" RelatedActivityID=""></Correlation>
<Execution ProcessID="4420" ThreadID="5708"></Execution>
<Channel>Microsoft-Windows-Sysmon/Operational</Channel>
<Computer>DESKTOP-M3AKJSD</Computer>
<Security UserID="S-1-5-18"></Security>
</System>
<EventData><Data Name="RuleName">-</Data>
<Data Name="UtcTime">2025-04-10 06:12:08.922</Data>
<Data Name="ProcessGuid">{53c665d1-602a-67f7-2501-000000001700}</Data>
<Data Name="ProcessId">8336</Data>
<Data Name="Image">C:\WINDOWS\system32\taskhostw.exe</Data>
<Data Name="TargetFilename">C:\Windows\Temp\SDIAG_1ce381e2-2110-4de5-b469-608e12337a67\RS_MachineWERQueue.ps1</Data>
<Data Name="CreationUtcTime">2025-04-10 06:12:08.922</Data>
<Data Name="User">DESKTOP-M3AKJSD\User</Data>
</EventData>
</Event>

<Event xmlns="http://schemas.microsoft.com/win/2004/08/events/event"><System><Provider Name="Microsoft-Windows-Sysmon" Guid="{5770385f-c22a-43e0-bf4c-06f5698ffbd9}"></Provider>
<EventID Qualifiers="">11</EventID>
<Version>2</Version>
<Level>4</Level>
<Task>11</Task>
<Opcode>0</Opcode>
<Keywords>0x8000000000000000</Keywords>
<TimeCreated SystemTime="2025-04-10 06:12:08.924786"></TimeCreated>
<EventRecordID>7054</EventRecordID>
<Correlation ActivityID="" RelatedActivityID=""></Correlation>
<Execution ProcessID="4420" ThreadID="5708"></Execution>
<Channel>Microsoft-Windows-Sysmon/Operational</Channel>
<Computer>DESKTOP-M3AKJSD</Computer>
<Security UserID="S-1-5-18"></Security>
</System>
<EventData><Data Name="RuleName">-</Data>
<Data Name="UtcTime">2025-04-10 06:12:08.922</Data>
<Data Name="ProcessGuid">{53c665d1-602a-67f7-2501-000000001700}</Data>
<Data Name="ProcessId">8336</Data>
<Data Name="Image">C:\WINDOWS\system32\taskhostw.exe</Data>
<Data Name="TargetFilename">C:\Windows\Temp\SDIAG_1ce381e2-2110-4de5-b469-608e12337a67\RS_SyncSystemTime.ps1</Data>
<Data Name="CreationUtcTime">2025-04-10 06:12:08.922</Data>
<Data Name="User">DESKTOP-M3AKJSD\User</Data>
</EventData>
</Event>

<Event xmlns="http://schemas.microsoft.com/win/2004/08/events/event"><System><Provider Name="Microsoft-Windows-Sysmon" Guid="{5770385f-c22a-43e0-bf4c-06f5698ffbd9}"></Provider>
<EventID Qualifiers="">11</EventID>
<Version>2</Version>
<Level>4</Level>
<Task>11</Task>
<Opcode>0</Opcode>
<Keywords>0x8000000000000000</Keywords>
<TimeCreated SystemTime="2025-04-10 06:12:08.926502"></TimeCreated>
<EventRecordID>7055</EventRecordID>
<Correlation ActivityID="" RelatedActivityID=""></Correlation>
<Execution ProcessID="4420" ThreadID="5708"></Execution>
<Channel>Microsoft-Windows-Sysmon/Operational</Channel>
<Computer>DESKTOP-M3AKJSD</Computer>
<Security UserID="S-1-5-18"></Security>
</System>
<EventData><Data Name="RuleName">-</Data>
<Data Name="UtcTime">2025-04-10 06:12:08.925</Data>
<Data Name="ProcessGuid">{53c665d1-602a-67f7-2501-000000001700}</Data>
<Data Name="ProcessId">8336</Data>
<Data Name="Image">C:\WINDOWS\system32\taskhostw.exe</Data>
<Data Name="TargetFilename">C:\Windows\Temp\SDIAG_1ce381e2-2110-4de5-b469-608e12337a67\RS_UserDiagnosticHistory.ps1</Data>
<Data Name="CreationUtcTime">2025-04-10 06:12:08.925</Data>
<Data Name="User">DESKTOP-M3AKJSD\User</Data>
</EventData>
</Event>

<Event xmlns="http://schemas.microsoft.com/win/2004/08/events/event"><System><Provider Name="Microsoft-Windows-Sysmon" Guid="{5770385f-c22a-43e0-bf4c-06f5698ffbd9}"></Provider>
<EventID Qualifiers="">11</EventID>
<Version>2</Version>
<Level>4</Level>
<Task>11</Task>
<Opcode>0</Opcode>
<Keywords>0x8000000000000000</Keywords>
<TimeCreated SystemTime="2025-04-10 06:12:08.927954"></TimeCreated>
<EventRecordID>7056</EventRecordID>
<Correlation ActivityID="" RelatedActivityID=""></Correlation>
<Execution ProcessID="4420" ThreadID="5708"></Execution>
<Channel>Microsoft-Windows-Sysmon/Operational</Channel>
<Computer>DESKTOP-M3AKJSD</Computer>
<Security UserID="S-1-5-18"></Security>
</System>
<EventData><Data Name="RuleName">-</Data>
<Data Name="UtcTime">2025-04-10 06:12:08.927</Data>
<Data Name="ProcessGuid">{53c665d1-602a-67f7-2501-000000001700}</Data>
<Data Name="ProcessId">8336</Data>
<Data Name="Image">C:\WINDOWS\system32\taskhostw.exe</Data>
<Data Name="TargetFilename">C:\Windows\Temp\SDIAG_1ce381e2-2110-4de5-b469-608e12337a67\RS_UserWERQueue.ps1</Data>
<Data Name="CreationUtcTime">2025-04-10 06:12:08.927</Data>
<Data Name="User">DESKTOP-M3AKJSD\User</Data>
</EventData>
</Event>

<Event xmlns="http://schemas.microsoft.com/win/2004/08/events/event"><System><Provider Name="Microsoft-Windows-Sysmon" Guid="{5770385f-c22a-43e0-bf4c-06f5698ffbd9}"></Provider>
<EventID Qualifiers="">1</EventID>
<Version>5</Version>
<Level>4</Level>
<Task>1</Task>
<Opcode>0</Opcode>
<Keywords>0x8000000000000000</Keywords>
<TimeCreated SystemTime="2025-04-10 06:12:08.929060"></TimeCreated>
<EventRecordID>7057</EventRecordID>
<Correlation ActivityID="" RelatedActivityID=""></Correlation>
<Execution ProcessID="4420" ThreadID="5708"></Execution>
<Channel>Microsoft-Windows-Sysmon/Operational</Channel>
<Computer>DESKTOP-M3AKJSD</Computer>
<Security UserID="S-1-5-18"></Security>
</System>
<EventData><Data Name="RuleName">-</Data>
<Data Name="UtcTime">2025-04-10 06:12:08.927</Data>
<Data Name="ProcessGuid">{53c665d1-6138-67f7-b501-000000001700}</Data>
<Data Name="ProcessId">8088</Data>
<Data Name="Image">C:\Windows\System32\taskhostw.exe</Data>
<Data Name="FileVersion">10.0.26100.3624 (WinBuild.160101.0800)</Data>
<Data Name="Description">Host Process for Windows Tasks</Data>
<Data Name="Product">Microsoft&#174; Windows&#174; Operating System</Data>
<Data Name="Company">Microsoft Corporation</Data>
<Data Name="OriginalFileName">taskhostw.exe</Data>
<Data Name="CommandLine">taskhostw.exe</Data>
<Data Name="CurrentDirectory">C:\WINDOWS\system32\</Data>
<Data Name="User">DESKTOP-M3AKJSD\User</Data>
<Data Name="LogonGuid">{53c665d1-5fe9-67f7-1257-120000000000}</Data>
<Data Name="LogonId">0x0000000000125712</Data>
<Data Name="TerminalSessionId">1</Data>
<Data Name="IntegrityLevel">Medium</Data>
<Data Name="Hashes">MD5=DE35D9FE13EA48A238AAC8C3355078C5,SHA256=C772A80788FF09DCA0AF997FE8449D81555B02399E4AB357213ECFAC5501783F,IMPHASH=2196268E7A2880E3ADC74481297D0C4B</Data>
<Data Name="ParentProcessGuid">{53c665d1-5e7b-67f7-2000-000000001700}</Data>
<Data Name="ParentProcessId">1744</Data>
<Data Name="ParentImage">C:\Windows\System32\svchost.exe</Data>
<Data Name="ParentCommandLine">C:\WINDOWS\system32\svchost.exe -k netsvcs -p -s Schedule</Data>
<Data Name="ParentUser">NT AUTHORITY\SYSTEM</Data>
</EventData>
</Event>

<Event xmlns="http://schemas.microsoft.com/win/2004/08/events/event"><System><Provider Name="Microsoft-Windows-Sysmon" Guid="{5770385f-c22a-43e0-bf4c-06f5698ffbd9}"></Provider>
<EventID Qualifiers="">11</EventID>
<Version>2</Version>
<Level>4</Level>
<Task>11</Task>
<Opcode>0</Opcode>
<Keywords>0x8000000000000000</Keywords>
<TimeCreated SystemTime="2025-04-10 06:12:08.929638"></TimeCreated>
<EventRecordID>7058</EventRecordID>
<Correlation ActivityID="" RelatedActivityID=""></Correlation>
<Execution ProcessID="4420" ThreadID="5708"></Execution>
<Channel>Microsoft-Windows-Sysmon/Operational</Channel>
<Computer>DESKTOP-M3AKJSD</Computer>
<Security UserID="S-1-5-18"></Security>
</System>
<EventData><Data Name="RuleName">-</Data>
<Data Name="UtcTime">2025-04-10 06:12:08.927</Data>
<Data Name="ProcessGuid">{53c665d1-602a-67f7-2501-000000001700}</Data>
<Data Name="ProcessId">8336</Data>
<Data Name="Image">C:\WINDOWS\system32\taskhostw.exe</Data>
<Data Name="TargetFilename">C:\Windows\Temp\SDIAG_1ce381e2-2110-4de5-b469-608e12337a67\TS_DiagnosticHistory.ps1</Data>
<Data Name="CreationUtcTime">2025-04-10 06:12:08.927</Data>
<Data Name="User">DESKTOP-M3AKJSD\User</Data>
</EventData>
</Event>

<Event xmlns="http://schemas.microsoft.com/win/2004/08/events/event"><System><Provider Name="Microsoft-Windows-Sysmon" Guid="{5770385f-c22a-43e0-bf4c-06f5698ffbd9}"></Provider>
<EventID Qualifiers="">11</EventID>
<Version>2</Version>
<Level>4</Level>
<Task>11</Task>
<Opcode>0</Opcode>
<Keywords>0x8000000000000000</Keywords>
<TimeCreated SystemTime="2025-04-10 06:12:08.931248"></TimeCreated>
<EventRecordID>7059</EventRecordID>
<Correlation ActivityID="" RelatedActivityID=""></Correlation>
<Execution ProcessID="4420" ThreadID="5708"></Execution>
<Channel>Microsoft-Windows-Sysmon/Operational</Channel>
<Computer>DESKTOP-M3AKJSD</Computer>
<Security UserID="S-1-5-18"></Security>
</System>
<EventData><Data Name="RuleName">-</Data>
<Data Name="UtcTime">2025-04-10 06:12:08.929</Data>
<Data Name="ProcessGuid">{53c665d1-602a-67f7-2501-000000001700}</Data>
<Data Name="ProcessId">8336</Data>
<Data Name="Image">C:\WINDOWS\system32\taskhostw.exe</Data>
<Data Name="TargetFilename">C:\Windows\Temp\SDIAG_1ce381e2-2110-4de5-b469-608e12337a67\TS_InaccurateSystemTime.ps1</Data>
<Data Name="CreationUtcTime">2025-04-10 06:12:08.929</Data>
<Data Name="User">DESKTOP-M3AKJSD\User</Data>
</EventData>
</Event>

<Event xmlns="http://schemas.microsoft.com/win/2004/08/events/event"><System><Provider Name="Microsoft-Windows-Sysmon" Guid="{5770385f-c22a-43e0-bf4c-06f5698ffbd9}"></Provider>
<EventID Qualifiers="">11</EventID>
<Version>2</Version>
<Level>4</Level>
<Task>11</Task>
<Opcode>0</Opcode>
<Keywords>0x8000000000000000</Keywords>
<TimeCreated SystemTime="2025-04-10 06:12:08.932693"></TimeCreated>
<EventRecordID>7060</EventRecordID>
<Correlation ActivityID="" RelatedActivityID=""></Correlation>
<Execution ProcessID="4420" ThreadID="5708"></Execution>
<Channel>Microsoft-Windows-Sysmon/Operational</Channel>
<Computer>DESKTOP-M3AKJSD</Computer>
<Security UserID="S-1-5-18"></Security>
</System>
<EventData><Data Name="RuleName">-</Data>
<Data Name="UtcTime">2025-04-10 06:12:08.931</Data>
<Data Name="ProcessGuid">{53c665d1-602a-67f7-2501-000000001700}</Data>
<Data Name="ProcessId">8336</Data>
<Data Name="Image">C:\WINDOWS\system32\taskhostw.exe</Data>
<Data Name="TargetFilename">C:\Windows\Temp\SDIAG_1ce381e2-2110-4de5-b469-608e12337a67\TS_WERQueue.ps1</Data>
<Data Name="CreationUtcTime">2025-04-10 06:12:08.931</Data>
<Data Name="User">DESKTOP-M3AKJSD\User</Data>
</EventData>
</Event>

<Event xmlns="http://schemas.microsoft.com/win/2004/08/events/event"><System><Provider Name="Microsoft-Windows-Sysmon" Guid="{5770385f-c22a-43e0-bf4c-06f5698ffbd9}"></Provider>
<EventID Qualifiers="">1</EventID>
<Version>5</Version>
<Level>4</Level>
<Task>1</Task>
<Opcode>0</Opcode>
<Keywords>0x8000000000000000</Keywords>
<TimeCreated SystemTime="2025-04-10 06:12:08.943682"></TimeCreated>
<EventRecordID>7061</EventRecordID>
<Correlation ActivityID="" RelatedActivityID=""></Correlation>
<Execution ProcessID="4420" ThreadID="5708"></Execution>
<Channel>Microsoft-Windows-Sysmon/Operational</Channel>
<Computer>DESKTOP-M3AKJSD</Computer>
<Security UserID="S-1-5-18"></Security>
</System>
<EventData><Data Name="RuleName">-</Data>
<Data Name="UtcTime">2025-04-10 06:12:08.937</Data>
<Data Name="ProcessGuid">{53c665d1-6138-67f7-b601-000000001700}</Data>
<Data Name="ProcessId">1048</Data>
<Data Name="Image">C:\Windows\System32\sc.exe</Data>
<Data Name="FileVersion">10.0.26100.1882 (WinBuild.160101.0800)</Data>
<Data Name="Description">Service Control Manager Configuration Tool</Data>
<Data Name="Product">Microsoft&#174; Windows&#174; Operating System</Data>
<Data Name="Company">Microsoft Corporation</Data>
<Data Name="OriginalFileName">sc.exe</Data>
<Data Name="CommandLine">"C:\WINDOWS\system32\sc.exe" start w32time task_started</Data>
<Data Name="CurrentDirectory">C:\WINDOWS\system32\</Data>
<Data Name="User">NT AUTHORITY\LOCAL SERVICE</Data>
<Data Name="LogonGuid">{53c665d1-5e7a-67f7-e503-000000000000}</Data>
<Data Name="LogonId">0x00000000000003e5</Data>
<Data Name="TerminalSessionId">0</Data>
<Data Name="IntegrityLevel">System</Data>
<Data Name="Hashes">MD5=9C210CDD9F05530777868F4C8530C438,SHA256=845607864FC7E60304D8C45AE42884B32710781DAA33DA9D01416C77D2E0BE1D,IMPHASH=42DADBD60BBC453DD1773FDC089E19B7</Data>
<Data Name="ParentProcessGuid">{53c665d1-5e7b-67f7-2000-000000001700}</Data>
<Data Name="ParentProcessId">1744</Data>
<Data Name="ParentImage">C:\Windows\System32\svchost.exe</Data>
<Data Name="ParentCommandLine">C:\WINDOWS\system32\svchost.exe -k netsvcs -p -s Schedule</Data>
<Data Name="ParentUser">NT AUTHORITY\SYSTEM</Data>
</EventData>
</Event>

<Event xmlns="http://schemas.microsoft.com/win/2004/08/events/event"><System><Provider Name="Microsoft-Windows-Sysmon" Guid="{5770385f-c22a-43e0-bf4c-06f5698ffbd9}"></Provider>
<EventID Qualifiers="">1</EventID>
<Version>5</Version>
<Level>4</Level>
<Task>1</Task>
<Opcode>0</Opcode>
<Keywords>0x8000000000000000</Keywords>
<TimeCreated SystemTime="2025-04-10 06:12:08.952908"></TimeCreated>
<EventRecordID>7062</EventRecordID>
<Correlation ActivityID="" RelatedActivityID=""></Correlation>
<Execution ProcessID="4420" ThreadID="5708"></Execution>
<Channel>Microsoft-Windows-Sysmon/Operational</Channel>
<Computer>DESKTOP-M3AKJSD</Computer>
<Security UserID="S-1-5-18"></Security>
</System>
<EventData><Data Name="RuleName">-</Data>
<Data Name="UtcTime">2025-04-10 06:12:08.946</Data>
<Data Name="ProcessGuid">{53c665d1-6138-67f7-b701-000000001700}</Data>
<Data Name="ProcessId">1460</Data>
<Data Name="Image">C:\Windows\System32\rundll32.exe</Data>
<Data Name="FileVersion">10.0.26100.3624 (WinBuild.160101.0800)</Data>
<Data Name="Description">Windows host process (Rundll32)</Data>
<Data Name="Product">Microsoft&#174; Windows&#174; Operating System</Data>
<Data Name="Company">Microsoft Corporation</Data>
<Data Name="OriginalFileName">RUNDLL32.EXE</Data>
<Data Name="CommandLine">"C:\WINDOWS\system32\rundll32.exe" C:\WINDOWS\system32\CapabilityAccessManager.dll,CapabilityAccessManagerDoStoreMaintenance</Data>
<Data Name="CurrentDirectory">C:\WINDOWS\system32\</Data>
<Data Name="User">NT AUTHORITY\SYSTEM</Data>
<Data Name="LogonGuid">{53c665d1-5e7a-67f7-e703-000000000000}</Data>
<Data Name="LogonId">0x00000000000003e7</Data>
<Data Name="TerminalSessionId">0</Data>
<Data Name="IntegrityLevel">System</Data>
<Data Name="Hashes">MD5=93C63B47E970B19265F3AD11D298B68E,SHA256=B6F043FE2568D329A5FFAB3B87DF7C1F8D99BF8DADBB10258CB5D3DA691FE232,IMPHASH=E3165C22028490334195CBDFA2962AA1</Data>
<Data Name="ParentProcessGuid">{53c665d1-5e7b-67f7-2000-000000001700}</Data>
<Data Name="ParentProcessId">1744</Data>
<Data Name="ParentImage">C:\Windows\System32\svchost.exe</Data>
<Data Name="ParentCommandLine">C:\WINDOWS\system32\svchost.exe -k netsvcs -p -s Schedule</Data>
<Data Name="ParentUser">NT AUTHORITY\SYSTEM</Data>
</EventData>
</Event>

<Event xmlns="http://schemas.microsoft.com/win/2004/08/events/event"><System><Provider Name="Microsoft-Windows-Sysmon" Guid="{5770385f-c22a-43e0-bf4c-06f5698ffbd9}"></Provider>
<EventID Qualifiers="">1</EventID>
<Version>5</Version>
<Level>4</Level>
<Task>1</Task>
<Opcode>0</Opcode>
<Keywords>0x8000000000000000</Keywords>
<TimeCreated SystemTime="2025-04-10 06:12:08.968025"></TimeCreated>
<EventRecordID>7063</EventRecordID>
<Correlation ActivityID="" RelatedActivityID=""></Correlation>
<Execution ProcessID="4420" ThreadID="5708"></Execution>
<Channel>Microsoft-Windows-Sysmon/Operational</Channel>
<Computer>DESKTOP-M3AKJSD</Computer>
<Security UserID="S-1-5-18"></Security>
</System>
<EventData><Data Name="RuleName">-</Data>
<Data Name="UtcTime">2025-04-10 06:12:08.963</Data>
<Data Name="ProcessGuid">{53c665d1-6138-67f7-b801-000000001700}</Data>
<Data Name="ProcessId">1172</Data>
<Data Name="Image">C:\Windows\System32\taskhostw.exe</Data>
<Data Name="FileVersion">10.0.26100.3624 (WinBuild.160101.0800)</Data>
<Data Name="Description">Host Process for Windows Tasks</Data>
<Data Name="Product">Microsoft&#174; Windows&#174; Operating System</Data>
<Data Name="Company">Microsoft Corporation</Data>
<Data Name="OriginalFileName">taskhostw.exe</Data>
<Data Name="CommandLine">taskhostw.exe</Data>
<Data Name="CurrentDirectory">C:\WINDOWS\system32\</Data>
<Data Name="User">NT AUTHORITY\LOCAL SERVICE</Data>
<Data Name="LogonGuid">{53c665d1-5e7a-67f7-e503-000000000000}</Data>
<Data Name="LogonId">0x00000000000003e5</Data>
<Data Name="TerminalSessionId">0</Data>
<Data Name="IntegrityLevel">System</Data>
<Data Name="Hashes">MD5=DE35D9FE13EA48A238AAC8C3355078C5,SHA256=C772A80788FF09DCA0AF997FE8449D81555B02399E4AB357213ECFAC5501783F,IMPHASH=2196268E7A2880E3ADC74481297D0C4B</Data>
<Data Name="ParentProcessGuid">{53c665d1-5e7b-67f7-2000-000000001700}</Data>
<Data Name="ParentProcessId">1744</Data>
<Data Name="ParentImage">C:\Windows\System32\svchost.exe</Data>
<Data Name="ParentCommandLine">C:\WINDOWS\system32\svchost.exe -k netsvcs -p -s Schedule</Data>
<Data Name="ParentUser">NT AUTHORITY\SYSTEM</Data>
</EventData>
</Event>

