<Event xmlns="http://schemas.microsoft.com/win/2004/08/events/event"><System><Provider Name="Microsoft-Windows-Sysmon" Guid="{5770385f-c22a-43e0-bf4c-06f5698ffbd9}"></Provider>
<EventID Qualifiers="">11</EventID>
<Version>2</Version>
<Level>4</Level>
<Task>11</Task>
<Opcode>0</Opcode>
<Keywords>0x8000000000000000</Keywords>
<TimeCreated SystemTime="2025-04-10 06:13:02.793516"></TimeCreated>
<EventRecordID>7096</EventRecordID>
<Correlation ActivityID="" RelatedActivityID=""></Correlation>
<Execution ProcessID="4420" ThreadID="5708"></Execution>
<Channel>Microsoft-Windows-Sysmon/Operational</Channel>
<Computer>DESKTOP-M3AKJSD</Computer>
<Security UserID="S-1-5-18"></Security>
</System>
<EventData><Data Name="RuleName">EXE</Data>
<Data Name="UtcTime">2025-04-10 06:13:02.790</Data>
<Data Name="ProcessGuid">{53c665d1-5e82-67f7-7100-000000001700}</Data>
<Data Name="ProcessId">6080</Data>
<Data Name="Image">C:\WINDOWS\system32\svchost.exe</Data>
<Data Name="TargetFilename">C:\Program Files\WindowsApps\Microsoft.WindowsAppRuntime.1.6_6000.457.2140.0_x64__8wekyb3d8bbwe\DeploymentAgent.exe</Data>
<Data Name="CreationUtcTime">2025-04-10 06:13:02.790</Data>
<Data Name="User">NT AUTHORITY\SYSTEM</Data>
</EventData>
</Event>

<Event xmlns="http://schemas.microsoft.com/win/2004/08/events/event"><System><Provider Name="Microsoft-Windows-Sysmon" Guid="{5770385f-c22a-43e0-bf4c-06f5698ffbd9}"></Provider>
<EventID Qualifiers="">11</EventID>
<Version>2</Version>
<Level>4</Level>
<Task>11</Task>
<Opcode>0</Opcode>
<Keywords>0x8000000000000000</Keywords>
<TimeCreated SystemTime="2025-04-10 06:13:02.793562"></TimeCreated>
<EventRecordID>7097</EventRecordID>
<Correlation ActivityID="" RelatedActivityID=""></Correlation>
<Execution ProcessID="4420" ThreadID="5708"></Execution>
<Channel>Microsoft-Windows-Sysmon/Operational</Channel>
<Computer>DESKTOP-M3AKJSD</Computer>
<Security UserID="S-1-5-18"></Security>
</System>
<EventData><Data Name="RuleName">DLL</Data>
<Data Name="UtcTime">2025-04-10 06:13:02.792</Data>
<Data Name="ProcessGuid">{53c665d1-5e82-67f7-7100-000000001700}</Data>
<Data Name="ProcessId">6080</Data>
<Data Name="Image">C:\WINDOWS\system32\svchost.exe</Data>
<Data Name="TargetFilename">C:\Program Files\WindowsApps\Microsoft.WindowsAppRuntime.1.6_6000.457.2140.0_x64__8wekyb3d8bbwe\dwmcorei.dll</Data>
<Data Name="CreationUtcTime">2025-04-10 06:13:02.790</Data>
<Data Name="User">NT AUTHORITY\SYSTEM</Data>
</EventData>
</Event>

<Event xmlns="http://schemas.microsoft.com/win/2004/08/events/event"><System><Provider Name="Microsoft-Windows-Sysmon" Guid="{5770385f-c22a-43e0-bf4c-06f5698ffbd9}"></Provider>
<EventID Qualifiers="">11</EventID>
<Version>2</Version>
<Level>4</Level>
<Task>11</Task>
<Opcode>0</Opcode>
<Keywords>0x8000000000000000</Keywords>
<TimeCreated SystemTime="2025-04-10 06:13:02.793592"></TimeCreated>
<EventRecordID>7098</EventRecordID>
<Correlation ActivityID="" RelatedActivityID=""></Correlation>
<Execution ProcessID="4420" ThreadID="5708"></Execution>
<Channel>Microsoft-Windows-Sysmon/Operational</Channel>
<Computer>DESKTOP-M3AKJSD</Computer>
<Security UserID="S-1-5-18"></Security>
</System>
<EventData><Data Name="RuleName">DLL</Data>
<Data Name="UtcTime">2025-04-10 06:13:02.792</Data>
<Data Name="ProcessGuid">{53c665d1-5e82-67f7-7100-000000001700}</Data>
<Data Name="ProcessId">6080</Data>
<Data Name="Image">C:\WINDOWS\system32\svchost.exe</Data>
<Data Name="TargetFilename">C:\Program Files\WindowsApps\Microsoft.WindowsAppRuntime.1.6_6000.457.2140.0_x64__8wekyb3d8bbwe\DwmSceneI.dll</Data>
<Data Name="CreationUtcTime">2025-04-10 06:13:02.792</Data>
<Data Name="User">NT AUTHORITY\SYSTEM</Data>
</EventData>
</Event>

<Event xmlns="http://schemas.microsoft.com/win/2004/08/events/event"><System><Provider Name="Microsoft-Windows-Sysmon" Guid="{5770385f-c22a-43e0-bf4c-06f5698ffbd9}"></Provider>
<EventID Qualifiers="">11</EventID>
<Version>2</Version>
<Level>4</Level>
<Task>11</Task>
<Opcode>0</Opcode>
<Keywords>0x8000000000000000</Keywords>
<TimeCreated SystemTime="2025-04-10 06:13:02.795984"></TimeCreated>
<EventRecordID>7099</EventRecordID>
<Correlation ActivityID="" RelatedActivityID=""></Correlation>
<Execution ProcessID="4420" ThreadID="5708"></Execution>
<Channel>Microsoft-Windows-Sysmon/Operational</Channel>
<Computer>DESKTOP-M3AKJSD</Computer>
<Security UserID="S-1-5-18"></Security>
</System>
<EventData><Data Name="RuleName">DLL</Data>
<Data Name="UtcTime">2025-04-10 06:13:02.794</Data>
<Data Name="ProcessGuid">{53c665d1-5e82-67f7-7100-000000001700}</Data>
<Data Name="ProcessId">6080</Data>
<Data Name="Image">C:\WINDOWS\system32\svchost.exe</Data>
<Data Name="TargetFilename">C:\Program Files\WindowsApps\Microsoft.WindowsAppRuntime.1.6_6000.457.2140.0_x64__8wekyb3d8bbwe\marshal.dll</Data>
<Data Name="CreationUtcTime">2025-04-10 06:13:02.794</Data>
<Data Name="User">NT AUTHORITY\SYSTEM</Data>
</EventData>
</Event>

<Event xmlns="http://schemas.microsoft.com/win/2004/08/events/event"><System><Provider Name="Microsoft-Windows-Sysmon" Guid="{5770385f-c22a-43e0-bf4c-06f5698ffbd9}"></Provider>
<EventID Qualifiers="">11</EventID>
<Version>2</Version>
<Level>4</Level>
<Task>11</Task>
<Opcode>0</Opcode>
<Keywords>0x8000000000000000</Keywords>
<TimeCreated SystemTime="2025-04-10 06:13:02.796207"></TimeCreated>
<EventRecordID>7100</EventRecordID>
<Correlation ActivityID="" RelatedActivityID=""></Correlation>
<Execution ProcessID="4420" ThreadID="5708"></Execution>
<Channel>Microsoft-Windows-Sysmon/Operational</Channel>
<Computer>DESKTOP-M3AKJSD</Computer>
<Security UserID="S-1-5-18"></Security>
</System>
<EventData><Data Name="RuleName">DLL</Data>
<Data Name="UtcTime">2025-04-10 06:13:02.794</Data>
<Data Name="ProcessGuid">{53c665d1-5e82-67f7-7100-000000001700}</Data>
<Data Name="ProcessId">6080</Data>
<Data Name="Image">C:\WINDOWS\system32\svchost.exe</Data>
<Data Name="TargetFilename">C:\Program Files\WindowsApps\Microsoft.WindowsAppRuntime.1.6_6000.457.2140.0_x64__8wekyb3d8bbwe\Microsoft.DirectManipulation.dll</Data>
<Data Name="CreationUtcTime">2025-04-10 06:13:02.794</Data>
<Data Name="User">NT AUTHORITY\SYSTEM</Data>
</EventData>
</Event>

<Event xmlns="http://schemas.microsoft.com/win/2004/08/events/event"><System><Provider Name="Microsoft-Windows-Sysmon" Guid="{5770385f-c22a-43e0-bf4c-06f5698ffbd9}"></Provider>
<EventID Qualifiers="">11</EventID>
<Version>2</Version>
<Level>4</Level>
<Task>11</Task>
<Opcode>0</Opcode>
<Keywords>0x8000000000000000</Keywords>
<TimeCreated SystemTime="2025-04-10 06:13:02.797115"></TimeCreated>
<EventRecordID>7101</EventRecordID>
<Correlation ActivityID="" RelatedActivityID=""></Correlation>
<Execution ProcessID="4420" ThreadID="5708"></Execution>
<Channel>Microsoft-Windows-Sysmon/Operational</Channel>
<Computer>DESKTOP-M3AKJSD</Computer>
<Security UserID="S-1-5-18"></Security>
</System>
<EventData><Data Name="RuleName">DLL</Data>
<Data Name="UtcTime">2025-04-10 06:13:02.796</Data>
<Data Name="ProcessGuid">{53c665d1-5e82-67f7-7100-000000001700}</Data>
<Data Name="ProcessId">6080</Data>
<Data Name="Image">C:\WINDOWS\system32\svchost.exe</Data>
<Data Name="TargetFilename">C:\Program Files\WindowsApps\Microsoft.WindowsAppRuntime.1.6_6000.457.2140.0_x64__8wekyb3d8bbwe\Microsoft.Graphics.Display.dll</Data>
<Data Name="CreationUtcTime">2025-04-10 06:13:02.796</Data>
<Data Name="User">NT AUTHORITY\SYSTEM</Data>
</EventData>
</Event>

<Event xmlns="http://schemas.microsoft.com/win/2004/08/events/event"><System><Provider Name="Microsoft-Windows-Sysmon" Guid="{5770385f-c22a-43e0-bf4c-06f5698ffbd9}"></Provider>
<EventID Qualifiers="">11</EventID>
<Version>2</Version>
<Level>4</Level>
<Task>11</Task>
<Opcode>0</Opcode>
<Keywords>0x8000000000000000</Keywords>
<TimeCreated SystemTime="2025-04-10 06:13:02.797924"></TimeCreated>
<EventRecordID>7102</EventRecordID>
<Correlation ActivityID="" RelatedActivityID=""></Correlation>
<Execution ProcessID="4420" ThreadID="5708"></Execution>
<Channel>Microsoft-Windows-Sysmon/Operational</Channel>
<Computer>DESKTOP-M3AKJSD</Computer>
<Security UserID="S-1-5-18"></Security>
</System>
<EventData><Data Name="RuleName">DLL</Data>
<Data Name="UtcTime">2025-04-10 06:13:02.796</Data>
<Data Name="ProcessGuid">{53c665d1-5e82-67f7-7100-000000001700}</Data>
<Data Name="ProcessId">6080</Data>
<Data Name="Image">C:\WINDOWS\system32\svchost.exe</Data>
<Data Name="TargetFilename">C:\Program Files\WindowsApps\Microsoft.WindowsAppRuntime.1.6_6000.457.2140.0_x64__8wekyb3d8bbwe\Microsoft.InputStateManager.dll</Data>
<Data Name="CreationUtcTime">2025-04-10 06:13:02.796</Data>
<Data Name="User">NT AUTHORITY\SYSTEM</Data>
</EventData>
</Event>

<Event xmlns="http://schemas.microsoft.com/win/2004/08/events/event"><System><Provider Name="Microsoft-Windows-Sysmon" Guid="{5770385f-c22a-43e0-bf4c-06f5698ffbd9}"></Provider>
<EventID Qualifiers="">11</EventID>
<Version>2</Version>
<Level>4</Level>
<Task>11</Task>
<Opcode>0</Opcode>
<Keywords>0x8000000000000000</Keywords>
<TimeCreated SystemTime="2025-04-10 06:13:02.798326"></TimeCreated>
<EventRecordID>7103</EventRecordID>
<Correlation ActivityID="" RelatedActivityID=""></Correlation>
<Execution ProcessID="4420" ThreadID="5708"></Execution>
<Channel>Microsoft-Windows-Sysmon/Operational</Channel>
<Computer>DESKTOP-M3AKJSD</Computer>
<Security UserID="S-1-5-18"></Security>
</System>
<EventData><Data Name="RuleName">DLL</Data>
<Data Name="UtcTime">2025-04-10 06:13:02.796</Data>
<Data Name="ProcessGuid">{53c665d1-5e82-67f7-7100-000000001700}</Data>
<Data Name="ProcessId">6080</Data>
<Data Name="Image">C:\WINDOWS\system32\svchost.exe</Data>
<Data Name="TargetFilename">C:\Program Files\WindowsApps\Microsoft.WindowsAppRuntime.1.6_6000.457.2140.0_x64__8wekyb3d8bbwe\Microsoft.Internal.FrameworkUdk.dll</Data>
<Data Name="CreationUtcTime">2025-04-10 06:13:02.796</Data>
<Data Name="User">NT AUTHORITY\SYSTEM</Data>
</EventData>
</Event>

<Event xmlns="http://schemas.microsoft.com/win/2004/08/events/event"><System><Provider Name="Microsoft-Windows-Sysmon" Guid="{5770385f-c22a-43e0-bf4c-06f5698ffbd9}"></Provider>
<EventID Qualifiers="">11</EventID>
<Version>2</Version>
<Level>4</Level>
<Task>11</Task>
<Opcode>0</Opcode>
<Keywords>0x8000000000000000</Keywords>
<TimeCreated SystemTime="2025-04-10 06:13:02.798794"></TimeCreated>
<EventRecordID>7104</EventRecordID>
<Correlation ActivityID="" RelatedActivityID=""></Correlation>
<Execution ProcessID="4420" ThreadID="5708"></Execution>
<Channel>Microsoft-Windows-Sysmon/Operational</Channel>
<Computer>DESKTOP-M3AKJSD</Computer>
<Security UserID="S-1-5-18"></Security>
</System>
<EventData><Data Name="RuleName">DLL</Data>
<Data Name="UtcTime">2025-04-10 06:13:02.796</Data>
<Data Name="ProcessGuid">{53c665d1-5e82-67f7-7100-000000001700}</Data>
<Data Name="ProcessId">6080</Data>
<Data Name="Image">C:\WINDOWS\system32\svchost.exe</Data>
<Data Name="TargetFilename">C:\Program Files\WindowsApps\Microsoft.WindowsAppRuntime.1.6_6000.457.2140.0_x64__8wekyb3d8bbwe\Microsoft.UI.Composition.OSSupport.dll</Data>
<Data Name="CreationUtcTime">2025-04-10 06:13:02.796</Data>
<Data Name="User">NT AUTHORITY\SYSTEM</Data>
</EventData>
</Event>

<Event xmlns="http://schemas.microsoft.com/win/2004/08/events/event"><System><Provider Name="Microsoft-Windows-Sysmon" Guid="{5770385f-c22a-43e0-bf4c-06f5698ffbd9}"></Provider>
<EventID Qualifiers="">11</EventID>
<Version>2</Version>
<Level>4</Level>
<Task>11</Task>
<Opcode>0</Opcode>
<Keywords>0x8000000000000000</Keywords>
<TimeCreated SystemTime="2025-04-10 06:13:02.799387"></TimeCreated>
<EventRecordID>7105</EventRecordID>
<Correlation ActivityID="" RelatedActivityID=""></Correlation>
<Execution ProcessID="4420" ThreadID="5708"></Execution>
<Channel>Microsoft-Windows-Sysmon/Operational</Channel>
<Computer>DESKTOP-M3AKJSD</Computer>
<Security UserID="S-1-5-18"></Security>
</System>
<EventData><Data Name="RuleName">DLL</Data>
<Data Name="UtcTime">2025-04-10 06:13:02.798</Data>
<Data Name="ProcessGuid">{53c665d1-5e82-67f7-7100-000000001700}</Data>
<Data Name="ProcessId">6080</Data>
<Data Name="Image">C:\WINDOWS\system32\svchost.exe</Data>
<Data Name="TargetFilename">C:\Program Files\WindowsApps\Microsoft.WindowsAppRuntime.1.6_6000.457.2140.0_x64__8wekyb3d8bbwe\Microsoft.UI.dll</Data>
<Data Name="CreationUtcTime">2025-04-10 06:13:02.798</Data>
<Data Name="User">NT AUTHORITY\SYSTEM</Data>
</EventData>
</Event>

<Event xmlns="http://schemas.microsoft.com/win/2004/08/events/event"><System><Provider Name="Microsoft-Windows-Sysmon" Guid="{5770385f-c22a-43e0-bf4c-06f5698ffbd9}"></Provider>
<EventID Qualifiers="">11</EventID>
<Version>2</Version>
<Level>4</Level>
<Task>11</Task>
<Opcode>0</Opcode>
<Keywords>0x8000000000000000</Keywords>
<TimeCreated SystemTime="2025-04-10 06:13:02.799776"></TimeCreated>
<EventRecordID>7106</EventRecordID>
<Correlation ActivityID="" RelatedActivityID=""></Correlation>
<Execution ProcessID="4420" ThreadID="5708"></Execution>
<Channel>Microsoft-Windows-Sysmon/Operational</Channel>
<Computer>DESKTOP-M3AKJSD</Computer>
<Security UserID="S-1-5-18"></Security>
</System>
<EventData><Data Name="RuleName">DLL</Data>
<Data Name="UtcTime">2025-04-10 06:13:02.798</Data>
<Data Name="ProcessGuid">{53c665d1-5e82-67f7-7100-000000001700}</Data>
<Data Name="ProcessId">6080</Data>
<Data Name="Image">C:\WINDOWS\system32\svchost.exe</Data>
<Data Name="TargetFilename">C:\Program Files\WindowsApps\Microsoft.WindowsAppRuntime.1.6_6000.457.2140.0_x64__8wekyb3d8bbwe\Microsoft.UI.Input.dll</Data>
<Data Name="CreationUtcTime">2025-04-10 06:13:02.798</Data>
<Data Name="User">NT AUTHORITY\SYSTEM</Data>
</EventData>
</Event>

<Event xmlns="http://schemas.microsoft.com/win/2004/08/events/event"><System><Provider Name="Microsoft-Windows-Sysmon" Guid="{5770385f-c22a-43e0-bf4c-06f5698ffbd9}"></Provider>
<EventID Qualifiers="">11</EventID>
<Version>2</Version>
<Level>4</Level>
<Task>11</Task>
<Opcode>0</Opcode>
<Keywords>0x8000000000000000</Keywords>
<TimeCreated SystemTime="2025-04-10 06:13:02.800989"></TimeCreated>
<EventRecordID>7107</EventRecordID>
<Correlation ActivityID="" RelatedActivityID=""></Correlation>
<Execution ProcessID="4420" ThreadID="5708"></Execution>
<Channel>Microsoft-Windows-Sysmon/Operational</Channel>
<Computer>DESKTOP-M3AKJSD</Computer>
<Security UserID="S-1-5-18"></Security>
</System>
<EventData><Data Name="RuleName">DLL</Data>
<Data Name="UtcTime">2025-04-10 06:13:02.798</Data>
<Data Name="ProcessGuid">{53c665d1-5e82-67f7-7100-000000001700}</Data>
<Data Name="ProcessId">6080</Data>
<Data Name="Image">C:\WINDOWS\system32\svchost.exe</Data>
<Data Name="TargetFilename">C:\Program Files\WindowsApps\Microsoft.WindowsAppRuntime.1.6_6000.457.2140.0_x64__8wekyb3d8bbwe\Microsoft.UI.Windowing.Core.dll</Data>
<Data Name="CreationUtcTime">2025-04-10 06:13:02.798</Data>
<Data Name="User">NT AUTHORITY\SYSTEM</Data>
</EventData>
</Event>

<Event xmlns="http://schemas.microsoft.com/win/2004/08/events/event"><System><Provider Name="Microsoft-Windows-Sysmon" Guid="{5770385f-c22a-43e0-bf4c-06f5698ffbd9}"></Provider>
<EventID Qualifiers="">11</EventID>
<Version>2</Version>
<Level>4</Level>
<Task>11</Task>
<Opcode>0</Opcode>
<Keywords>0x8000000000000000</Keywords>
<TimeCreated SystemTime="2025-04-10 06:13:02.801554"></TimeCreated>
<EventRecordID>7108</EventRecordID>
<Correlation ActivityID="" RelatedActivityID=""></Correlation>
<Execution ProcessID="4420" ThreadID="5708"></Execution>
<Channel>Microsoft-Windows-Sysmon/Operational</Channel>
<Computer>DESKTOP-M3AKJSD</Computer>
<Security UserID="S-1-5-18"></Security>
</System>
<EventData><Data Name="RuleName">DLL</Data>
<Data Name="UtcTime">2025-04-10 06:13:02.801</Data>
<Data Name="ProcessGuid">{53c665d1-5e82-67f7-7100-000000001700}</Data>
<Data Name="ProcessId">6080</Data>
<Data Name="Image">C:\WINDOWS\system32\svchost.exe</Data>
<Data Name="TargetFilename">C:\Program Files\WindowsApps\Microsoft.WindowsAppRuntime.1.6_6000.457.2140.0_x64__8wekyb3d8bbwe\Microsoft.UI.Windowing.dll</Data>
<Data Name="CreationUtcTime">2025-04-10 06:13:02.798</Data>
<Data Name="User">NT AUTHORITY\SYSTEM</Data>
</EventData>
</Event>

<Event xmlns="http://schemas.microsoft.com/win/2004/08/events/event"><System><Provider Name="Microsoft-Windows-Sysmon" Guid="{5770385f-c22a-43e0-bf4c-06f5698ffbd9}"></Provider>
<EventID Qualifiers="">11</EventID>
<Version>2</Version>
<Level>4</Level>
<Task>11</Task>
<Opcode>0</Opcode>
<Keywords>0x8000000000000000</Keywords>
<TimeCreated SystemTime="2025-04-10 06:13:02.802637"></TimeCreated>
<EventRecordID>7109</EventRecordID>
<Correlation ActivityID="" RelatedActivityID=""></Correlation>
<Execution ProcessID="4420" ThreadID="5708"></Execution>
<Channel>Microsoft-Windows-Sysmon/Operational</Channel>
<Computer>DESKTOP-M3AKJSD</Computer>
<Security UserID="S-1-5-18"></Security>
</System>
<EventData><Data Name="RuleName">DLL</Data>
<Data Name="UtcTime">2025-04-10 06:13:02.801</Data>
<Data Name="ProcessGuid">{53c665d1-5e82-67f7-7100-000000001700}</Data>
<Data Name="ProcessId">6080</Data>
<Data Name="Image">C:\WINDOWS\system32\svchost.exe</Data>
<Data Name="TargetFilename">C:\Program Files\WindowsApps\Microsoft.WindowsAppRuntime.1.6_6000.457.2140.0_x64__8wekyb3d8bbwe\Microsoft.UI.Xaml.Controls.dll</Data>
<Data Name="CreationUtcTime">2025-04-10 06:13:02.801</Data>
<Data Name="User">NT AUTHORITY\SYSTEM</Data>
</EventData>
</Event>

<Event xmlns="http://schemas.microsoft.com/win/2004/08/events/event"><System><Provider Name="Microsoft-Windows-Sysmon" Guid="{5770385f-c22a-43e0-bf4c-06f5698ffbd9}"></Provider>
<EventID Qualifiers="">11</EventID>
<Version>2</Version>
<Level>4</Level>
<Task>11</Task>
<Opcode>0</Opcode>
<Keywords>0x8000000000000000</Keywords>
<TimeCreated SystemTime="2025-04-10 06:13:02.803045"></TimeCreated>
<EventRecordID>7110</EventRecordID>
<Correlation ActivityID="" RelatedActivityID=""></Correlation>
<Execution ProcessID="4420" ThreadID="5708"></Execution>
<Channel>Microsoft-Windows-Sysmon/Operational</Channel>
<Computer>DESKTOP-M3AKJSD</Computer>
<Security UserID="S-1-5-18"></Security>
</System>
<EventData><Data Name="RuleName">DLL</Data>
<Data Name="UtcTime">2025-04-10 06:13:02.801</Data>
<Data Name="ProcessGuid">{53c665d1-5e82-67f7-7100-000000001700}</Data>
<Data Name="ProcessId">6080</Data>
<Data Name="Image">C:\WINDOWS\system32\svchost.exe</Data>
<Data Name="TargetFilename">C:\Program Files\WindowsApps\Microsoft.WindowsAppRuntime.1.6_6000.457.2140.0_x64__8wekyb3d8bbwe\Microsoft.ui.xaml.dll</Data>
<Data Name="CreationUtcTime">2025-04-10 06:13:02.801</Data>
<Data Name="User">NT AUTHORITY\SYSTEM</Data>
</EventData>
</Event>

<Event xmlns="http://schemas.microsoft.com/win/2004/08/events/event"><System><Provider Name="Microsoft-Windows-Sysmon" Guid="{5770385f-c22a-43e0-bf4c-06f5698ffbd9}"></Provider>
<EventID Qualifiers="">11</EventID>
<Version>2</Version>
<Level>4</Level>
<Task>11</Task>
<Opcode>0</Opcode>
<Keywords>0x8000000000000000</Keywords>
<TimeCreated SystemTime="2025-04-10 06:13:02.803434"></TimeCreated>
<EventRecordID>7111</EventRecordID>
<Correlation ActivityID="" RelatedActivityID=""></Correlation>
<Execution ProcessID="4420" ThreadID="5708"></Execution>
<Channel>Microsoft-Windows-Sysmon/Operational</Channel>
<Computer>DESKTOP-M3AKJSD</Computer>
<Security UserID="S-1-5-18"></Security>
</System>
<EventData><Data Name="RuleName">DLL</Data>
<Data Name="UtcTime">2025-04-10 06:13:02.801</Data>
<Data Name="ProcessGuid">{53c665d1-5e82-67f7-7100-000000001700}</Data>
<Data Name="ProcessId">6080</Data>
<Data Name="Image">C:\WINDOWS\system32\svchost.exe</Data>
<Data Name="TargetFilename">C:\Program Files\WindowsApps\Microsoft.WindowsAppRuntime.1.6_6000.457.2140.0_x64__8wekyb3d8bbwe\Microsoft.UI.Xaml.Internal.dll</Data>
<Data Name="CreationUtcTime">2025-04-10 06:13:02.801</Data>
<Data Name="User">NT AUTHORITY\SYSTEM</Data>
</EventData>
</Event>

<Event xmlns="http://schemas.microsoft.com/win/2004/08/events/event"><System><Provider Name="Microsoft-Windows-Sysmon" Guid="{5770385f-c22a-43e0-bf4c-06f5698ffbd9}"></Provider>
<EventID Qualifiers="">11</EventID>
<Version>2</Version>
<Level>4</Level>
<Task>11</Task>
<Opcode>0</Opcode>
<Keywords>0x8000000000000000</Keywords>
<TimeCreated SystemTime="2025-04-10 06:13:02.803799"></TimeCreated>
<EventRecordID>7112</EventRecordID>
<Correlation ActivityID="" RelatedActivityID=""></Correlation>
<Execution ProcessID="4420" ThreadID="5708"></Execution>
<Channel>Microsoft-Windows-Sysmon/Operational</Channel>
<Computer>DESKTOP-M3AKJSD</Computer>
<Security UserID="S-1-5-18"></Security>
</System>
<EventData><Data Name="RuleName">DLL</Data>
<Data Name="UtcTime">2025-04-10 06:13:02.801</Data>
<Data Name="ProcessGuid">{53c665d1-5e82-67f7-7100-000000001700}</Data>
<Data Name="ProcessId">6080</Data>
<Data Name="Image">C:\WINDOWS\system32\svchost.exe</Data>
<Data Name="TargetFilename">C:\Program Files\WindowsApps\Microsoft.WindowsAppRuntime.1.6_6000.457.2140.0_x64__8wekyb3d8bbwe\Microsoft.UI.Xaml.Phone.dll</Data>
<Data Name="CreationUtcTime">2025-04-10 06:13:02.801</Data>
<Data Name="User">NT AUTHORITY\SYSTEM</Data>
</EventData>
</Event>

<Event xmlns="http://schemas.microsoft.com/win/2004/08/events/event"><System><Provider Name="Microsoft-Windows-Sysmon" Guid="{5770385f-c22a-43e0-bf4c-06f5698ffbd9}"></Provider>
<EventID Qualifiers="">11</EventID>
<Version>2</Version>
<Level>4</Level>
<Task>11</Task>
<Opcode>0</Opcode>
<Keywords>0x8000000000000000</Keywords>
<TimeCreated SystemTime="2025-04-10 06:13:02.804321"></TimeCreated>
<EventRecordID>7113</EventRecordID>
<Correlation ActivityID="" RelatedActivityID=""></Correlation>
<Execution ProcessID="4420" ThreadID="5708"></Execution>
<Channel>Microsoft-Windows-Sysmon/Operational</Channel>
<Computer>DESKTOP-M3AKJSD</Computer>
<Security UserID="S-1-5-18"></Security>
</System>
<EventData><Data Name="RuleName">DLL</Data>
<Data Name="UtcTime">2025-04-10 06:13:02.803</Data>
<Data Name="ProcessGuid">{53c665d1-5e82-67f7-7100-000000001700}</Data>
<Data Name="ProcessId">6080</Data>
<Data Name="Image">C:\WINDOWS\system32\svchost.exe</Data>
<Data Name="TargetFilename">C:\Program Files\WindowsApps\Microsoft.WindowsAppRuntime.1.6_6000.457.2140.0_x64__8wekyb3d8bbwe\Microsoft.ui.xaml.resources.19h1.dll</Data>
<Data Name="CreationUtcTime">2025-04-10 06:13:02.803</Data>
<Data Name="User">NT AUTHORITY\SYSTEM</Data>
</EventData>
</Event>

<Event xmlns="http://schemas.microsoft.com/win/2004/08/events/event"><System><Provider Name="Microsoft-Windows-Sysmon" Guid="{5770385f-c22a-43e0-bf4c-06f5698ffbd9}"></Provider>
<EventID Qualifiers="">11</EventID>
<Version>2</Version>
<Level>4</Level>
<Task>11</Task>
<Opcode>0</Opcode>
<Keywords>0x8000000000000000</Keywords>
<TimeCreated SystemTime="2025-04-10 06:13:02.804712"></TimeCreated>
<EventRecordID>7114</EventRecordID>
<Correlation ActivityID="" RelatedActivityID=""></Correlation>
<Execution ProcessID="4420" ThreadID="5708"></Execution>
<Channel>Microsoft-Windows-Sysmon/Operational</Channel>
<Computer>DESKTOP-M3AKJSD</Computer>
<Security UserID="S-1-5-18"></Security>
</System>
<EventData><Data Name="RuleName">DLL</Data>
<Data Name="UtcTime">2025-04-10 06:13:02.803</Data>
<Data Name="ProcessGuid">{53c665d1-5e82-67f7-7100-000000001700}</Data>
<Data Name="ProcessId">6080</Data>
<Data Name="Image">C:\WINDOWS\system32\svchost.exe</Data>
<Data Name="TargetFilename">C:\Program Files\WindowsApps\Microsoft.WindowsAppRuntime.1.6_6000.457.2140.0_x64__8wekyb3d8bbwe\Microsoft.ui.xaml.resources.common.dll</Data>
<Data Name="CreationUtcTime">2025-04-10 06:13:02.803</Data>
<Data Name="User">NT AUTHORITY\SYSTEM</Data>
</EventData>
</Event>

<Event xmlns="http://schemas.microsoft.com/win/2004/08/events/event"><System><Provider Name="Microsoft-Windows-Sysmon" Guid="{5770385f-c22a-43e0-bf4c-06f5698ffbd9}"></Provider>
<EventID Qualifiers="">11</EventID>
<Version>2</Version>
<Level>4</Level>
<Task>11</Task>
<Opcode>0</Opcode>
<Keywords>0x8000000000000000</Keywords>
<TimeCreated SystemTime="2025-04-10 06:13:02.806042"></TimeCreated>
<EventRecordID>7115</EventRecordID>
<Correlation ActivityID="" RelatedActivityID=""></Correlation>
<Execution ProcessID="4420" ThreadID="5708"></Execution>
<Channel>Microsoft-Windows-Sysmon/Operational</Channel>
<Computer>DESKTOP-M3AKJSD</Computer>
<Security UserID="S-1-5-18"></Security>
</System>
<EventData><Data Name="RuleName">DLL</Data>
<Data Name="UtcTime">2025-04-10 06:13:02.803</Data>
<Data Name="ProcessGuid">{53c665d1-5e82-67f7-7100-000000001700}</Data>
<Data Name="ProcessId">6080</Data>
<Data Name="Image">C:\WINDOWS\system32\svchost.exe</Data>
<Data Name="TargetFilename">C:\Program Files\WindowsApps\Microsoft.WindowsAppRuntime.1.6_6000.457.2140.0_x64__8wekyb3d8bbwe\Microsoft.Windows.ApplicationModel.Resources.dll</Data>
<Data Name="CreationUtcTime">2025-04-10 06:13:02.803</Data>
<Data Name="User">NT AUTHORITY\SYSTEM</Data>
</EventData>
</Event>

<Event xmlns="http://schemas.microsoft.com/win/2004/08/events/event"><System><Provider Name="Microsoft-Windows-Sysmon" Guid="{5770385f-c22a-43e0-bf4c-06f5698ffbd9}"></Provider>
<EventID Qualifiers="">11</EventID>
<Version>2</Version>
<Level>4</Level>
<Task>11</Task>
<Opcode>0</Opcode>
<Keywords>0x8000000000000000</Keywords>
<TimeCreated SystemTime="2025-04-10 06:13:02.836187"></TimeCreated>
<EventRecordID>7116</EventRecordID>
<Correlation ActivityID="" RelatedActivityID=""></Correlation>
<Execution ProcessID="4420" ThreadID="5708"></Execution>
<Channel>Microsoft-Windows-Sysmon/Operational</Channel>
<Computer>DESKTOP-M3AKJSD</Computer>
<Security UserID="S-1-5-18"></Security>
</System>
<EventData><Data Name="RuleName">DLL</Data>
<Data Name="UtcTime">2025-04-10 06:13:02.835</Data>
<Data Name="ProcessGuid">{53c665d1-5e82-67f7-7100-000000001700}</Data>
<Data Name="ProcessId">6080</Data>
<Data Name="Image">C:\WINDOWS\system32\svchost.exe</Data>
<Data Name="TargetFilename">C:\Program Files\WindowsApps\Microsoft.WindowsAppRuntime.1.6_6000.457.2140.0_x64__8wekyb3d8bbwe\Microsoft.WindowsAppRuntime.dll</Data>
<Data Name="CreationUtcTime">2025-04-10 06:13:02.835</Data>
<Data Name="User">NT AUTHORITY\SYSTEM</Data>
</EventData>
</Event>

<Event xmlns="http://schemas.microsoft.com/win/2004/08/events/event"><System><Provider Name="Microsoft-Windows-Sysmon" Guid="{5770385f-c22a-43e0-bf4c-06f5698ffbd9}"></Provider>
<EventID Qualifiers="">11</EventID>
<Version>2</Version>
<Level>4</Level>
<Task>11</Task>
<Opcode>0</Opcode>
<Keywords>0x8000000000000000</Keywords>
<TimeCreated SystemTime="2025-04-10 06:13:02.837860"></TimeCreated>
<EventRecordID>7117</EventRecordID>
<Correlation ActivityID="" RelatedActivityID=""></Correlation>
<Execution ProcessID="4420" ThreadID="5708"></Execution>
<Channel>Microsoft-Windows-Sysmon/Operational</Channel>
<Computer>DESKTOP-M3AKJSD</Computer>
<Security UserID="S-1-5-18"></Security>
</System>
<EventData><Data Name="RuleName">DLL</Data>
<Data Name="UtcTime">2025-04-10 06:13:02.837</Data>
<Data Name="ProcessGuid">{53c665d1-5e82-67f7-7100-000000001700}</Data>
<Data Name="ProcessId">6080</Data>
<Data Name="Image">C:\WINDOWS\system32\svchost.exe</Data>
<Data Name="TargetFilename">C:\Program Files\WindowsApps\Microsoft.WindowsAppRuntime.1.6_6000.457.2140.0_x64__8wekyb3d8bbwe\Microsoft.WindowsAppRuntime.Insights.Resource.dll</Data>
<Data Name="CreationUtcTime">2025-04-10 06:13:02.835</Data>
<Data Name="User">NT AUTHORITY\SYSTEM</Data>
</EventData>
</Event>

<Event xmlns="http://schemas.microsoft.com/win/2004/08/events/event"><System><Provider Name="Microsoft-Windows-Sysmon" Guid="{5770385f-c22a-43e0-bf4c-06f5698ffbd9}"></Provider>
<EventID Qualifiers="">11</EventID>
<Version>2</Version>
<Level>4</Level>
<Task>11</Task>
<Opcode>0</Opcode>
<Keywords>0x8000000000000000</Keywords>
<TimeCreated SystemTime="2025-04-10 06:13:02.838442"></TimeCreated>
<EventRecordID>7118</EventRecordID>
<Correlation ActivityID="" RelatedActivityID=""></Correlation>
<Execution ProcessID="4420" ThreadID="5708"></Execution>
<Channel>Microsoft-Windows-Sysmon/Operational</Channel>
<Computer>DESKTOP-M3AKJSD</Computer>
<Security UserID="S-1-5-18"></Security>
</System>
<EventData><Data Name="RuleName">DLL</Data>
<Data Name="UtcTime">2025-04-10 06:13:02.837</Data>
<Data Name="ProcessGuid">{53c665d1-5e82-67f7-7100-000000001700}</Data>
<Data Name="ProcessId">6080</Data>
<Data Name="Image">C:\WINDOWS\system32\svchost.exe</Data>
<Data Name="TargetFilename">C:\Program Files\WindowsApps\Microsoft.WindowsAppRuntime.1.6_6000.457.2140.0_x64__8wekyb3d8bbwe\MRM.dll</Data>
<Data Name="CreationUtcTime">2025-04-10 06:13:02.837</Data>
<Data Name="User">NT AUTHORITY\SYSTEM</Data>
</EventData>
</Event>

<Event xmlns="http://schemas.microsoft.com/win/2004/08/events/event"><System><Provider Name="Microsoft-Windows-Sysmon" Guid="{5770385f-c22a-43e0-bf4c-06f5698ffbd9}"></Provider>
<EventID Qualifiers="">11</EventID>
<Version>2</Version>
<Level>4</Level>
<Task>11</Task>
<Opcode>0</Opcode>
<Keywords>0x8000000000000000</Keywords>
<TimeCreated SystemTime="2025-04-10 06:13:02.840462"></TimeCreated>
<EventRecordID>7119</EventRecordID>
<Correlation ActivityID="" RelatedActivityID=""></Correlation>
<Execution ProcessID="4420" ThreadID="5708"></Execution>
<Channel>Microsoft-Windows-Sysmon/Operational</Channel>
<Computer>DESKTOP-M3AKJSD</Computer>
<Security UserID="S-1-5-18"></Security>
</System>
<EventData><Data Name="RuleName">DLL</Data>
<Data Name="UtcTime">2025-04-10 06:13:02.839</Data>
<Data Name="ProcessGuid">{53c665d1-5e82-67f7-7100-000000001700}</Data>
<Data Name="ProcessId">6080</Data>
<Data Name="Image">C:\WINDOWS\system32\svchost.exe</Data>
<Data Name="TargetFilename">C:\Program Files\WindowsApps\Microsoft.WindowsAppRuntime.1.6_6000.457.2140.0_x64__8wekyb3d8bbwe\PushNotificationsLongRunningTask.ProxyStub.dll</Data>
<Data Name="CreationUtcTime">2025-04-10 06:13:02.839</Data>
<Data Name="User">NT AUTHORITY\SYSTEM</Data>
</EventData>
</Event>

<Event xmlns="http://schemas.microsoft.com/win/2004/08/events/event"><System><Provider Name="Microsoft-Windows-Sysmon" Guid="{5770385f-c22a-43e0-bf4c-06f5698ffbd9}"></Provider>
<EventID Qualifiers="">11</EventID>
<Version>2</Version>
<Level>4</Level>
<Task>11</Task>
<Opcode>0</Opcode>
<Keywords>0x8000000000000000</Keywords>
<TimeCreated SystemTime="2025-04-10 06:13:02.841301"></TimeCreated>
<EventRecordID>7120</EventRecordID>
<Correlation ActivityID="" RelatedActivityID=""></Correlation>
<Execution ProcessID="4420" ThreadID="5708"></Execution>
<Channel>Microsoft-Windows-Sysmon/Operational</Channel>
<Computer>DESKTOP-M3AKJSD</Computer>
<Security UserID="S-1-5-18"></Security>
</System>
<EventData><Data Name="RuleName">EXE</Data>
<Data Name="UtcTime">2025-04-10 06:13:02.839</Data>
<Data Name="ProcessGuid">{53c665d1-5e82-67f7-7100-000000001700}</Data>
<Data Name="ProcessId">6080</Data>
<Data Name="Image">C:\WINDOWS\system32\svchost.exe</Data>
<Data Name="TargetFilename">C:\Program Files\WindowsApps\Microsoft.WindowsAppRuntime.1.6_6000.457.2140.0_x64__8wekyb3d8bbwe\RestartAgent.exe</Data>
<Data Name="CreationUtcTime">2025-04-10 06:13:02.839</Data>
<Data Name="User">NT AUTHORITY\SYSTEM</Data>
</EventData>
</Event>

<Event xmlns="http://schemas.microsoft.com/win/2004/08/events/event"><System><Provider Name="Microsoft-Windows-Sysmon" Guid="{5770385f-c22a-43e0-bf4c-06f5698ffbd9}"></Provider>
<EventID Qualifiers="">11</EventID>
<Version>2</Version>
<Level>4</Level>
<Task>11</Task>
<Opcode>0</Opcode>
<Keywords>0x8000000000000000</Keywords>
<TimeCreated SystemTime="2025-04-10 06:13:02.842628"></TimeCreated>
<EventRecordID>7121</EventRecordID>
<Correlation ActivityID="" RelatedActivityID=""></Correlation>
<Execution ProcessID="4420" ThreadID="5708"></Execution>
<Channel>Microsoft-Windows-Sysmon/Operational</Channel>
<Computer>DESKTOP-M3AKJSD</Computer>
<Security UserID="S-1-5-18"></Security>
</System>
<EventData><Data Name="RuleName">DLL</Data>
<Data Name="UtcTime">2025-04-10 06:13:02.842</Data>
<Data Name="ProcessGuid">{53c665d1-5e82-67f7-7100-000000001700}</Data>
<Data Name="ProcessId">6080</Data>
<Data Name="Image">C:\WINDOWS\system32\svchost.exe</Data>
<Data Name="TargetFilename">C:\Program Files\WindowsApps\Microsoft.WindowsAppRuntime.1.6_6000.457.2140.0_x64__8wekyb3d8bbwe\WindowsAppRuntime.DeploymentExtensions.OneCore.dll</Data>
<Data Name="CreationUtcTime">2025-04-10 06:13:02.839</Data>
<Data Name="User">NT AUTHORITY\SYSTEM</Data>
</EventData>
</Event>

<Event xmlns="http://schemas.microsoft.com/win/2004/08/events/event"><System><Provider Name="Microsoft-Windows-Sysmon" Guid="{5770385f-c22a-43e0-bf4c-06f5698ffbd9}"></Provider>
<EventID Qualifiers="">11</EventID>
<Version>2</Version>
<Level>4</Level>
<Task>11</Task>
<Opcode>0</Opcode>
<Keywords>0x8000000000000000</Keywords>
<TimeCreated SystemTime="2025-04-10 06:13:02.843369"></TimeCreated>
<EventRecordID>7122</EventRecordID>
<Correlation ActivityID="" RelatedActivityID=""></Correlation>
<Execution ProcessID="4420" ThreadID="5708"></Execution>
<Channel>Microsoft-Windows-Sysmon/Operational</Channel>
<Computer>DESKTOP-M3AKJSD</Computer>
<Security UserID="S-1-5-18"></Security>
</System>
<EventData><Data Name="RuleName">DLL</Data>
<Data Name="UtcTime">2025-04-10 06:13:02.842</Data>
<Data Name="ProcessGuid">{53c665d1-5e82-67f7-7100-000000001700}</Data>
<Data Name="ProcessId">6080</Data>
<Data Name="Image">C:\WINDOWS\system32\svchost.exe</Data>
<Data Name="TargetFilename">C:\Program Files\WindowsApps\Microsoft.WindowsAppRuntime.1.6_6000.457.2140.0_x64__8wekyb3d8bbwe\WindowsAppSdk.AppxDeploymentExtensions.Desktop-EventLog-Instrumentation.dll</Data>
<Data Name="CreationUtcTime">2025-04-10 06:13:02.842</Data>
<Data Name="User">NT AUTHORITY\SYSTEM</Data>
</EventData>
</Event>

<Event xmlns="http://schemas.microsoft.com/win/2004/08/events/event"><System><Provider Name="Microsoft-Windows-Sysmon" Guid="{5770385f-c22a-43e0-bf4c-06f5698ffbd9}"></Provider>
<EventID Qualifiers="">11</EventID>
<Version>2</Version>
<Level>4</Level>
<Task>11</Task>
<Opcode>0</Opcode>
<Keywords>0x8000000000000000</Keywords>
<TimeCreated SystemTime="2025-04-10 06:13:02.844456"></TimeCreated>
<EventRecordID>7123</EventRecordID>
<Correlation ActivityID="" RelatedActivityID=""></Correlation>
<Execution ProcessID="4420" ThreadID="5708"></Execution>
<Channel>Microsoft-Windows-Sysmon/Operational</Channel>
<Computer>DESKTOP-M3AKJSD</Computer>
<Security UserID="S-1-5-18"></Security>
</System>
<EventData><Data Name="RuleName">DLL</Data>
<Data Name="UtcTime">2025-04-10 06:13:02.842</Data>
<Data Name="ProcessGuid">{53c665d1-5e82-67f7-7100-000000001700}</Data>
<Data Name="ProcessId">6080</Data>
<Data Name="Image">C:\WINDOWS\system32\svchost.exe</Data>
<Data Name="TargetFilename">C:\Program Files\WindowsApps\Microsoft.WindowsAppRuntime.1.6_6000.457.2140.0_x64__8wekyb3d8bbwe\WindowsAppSdk.AppxDeploymentExtensions.Desktop.dll</Data>
<Data Name="CreationUtcTime">2025-04-10 06:13:02.842</Data>
<Data Name="User">NT AUTHORITY\SYSTEM</Data>
</EventData>
</Event>

<Event xmlns="http://schemas.microsoft.com/win/2004/08/events/event"><System><Provider Name="Microsoft-Windows-Sysmon" Guid="{5770385f-c22a-43e0-bf4c-06f5698ffbd9}"></Provider>
<EventID Qualifiers="">11</EventID>
<Version>2</Version>
<Level>4</Level>
<Task>11</Task>
<Opcode>0</Opcode>
<Keywords>0x8000000000000000</Keywords>
<TimeCreated SystemTime="2025-04-10 06:13:02.845207"></TimeCreated>
<EventRecordID>7124</EventRecordID>
<Correlation ActivityID="" RelatedActivityID=""></Correlation>
<Execution ProcessID="4420" ThreadID="5708"></Execution>
<Channel>Microsoft-Windows-Sysmon/Operational</Channel>
<Computer>DESKTOP-M3AKJSD</Computer>
<Security UserID="S-1-5-18"></Security>
</System>
<EventData><Data Name="RuleName">DLL</Data>
<Data Name="UtcTime">2025-04-10 06:13:02.844</Data>
<Data Name="ProcessGuid">{53c665d1-5e82-67f7-7100-000000001700}</Data>
<Data Name="ProcessId">6080</Data>
<Data Name="Image">C:\WINDOWS\system32\svchost.exe</Data>
<Data Name="TargetFilename">C:\Program Files\WindowsApps\Microsoft.WindowsAppRuntime.1.6_6000.457.2140.0_x64__8wekyb3d8bbwe\WinUIEdit.dll</Data>
<Data Name="CreationUtcTime">2025-04-10 06:13:02.844</Data>
<Data Name="User">NT AUTHORITY\SYSTEM</Data>
</EventData>
</Event>

<Event xmlns="http://schemas.microsoft.com/win/2004/08/events/event"><System><Provider Name="Microsoft-Windows-Sysmon" Guid="{5770385f-c22a-43e0-bf4c-06f5698ffbd9}"></Provider>
<EventID Qualifiers="">11</EventID>
<Version>2</Version>
<Level>4</Level>
<Task>11</Task>
<Opcode>0</Opcode>
<Keywords>0x8000000000000000</Keywords>
<TimeCreated SystemTime="2025-04-10 06:13:02.845753"></TimeCreated>
<EventRecordID>7125</EventRecordID>
<Correlation ActivityID="" RelatedActivityID=""></Correlation>
<Execution ProcessID="4420" ThreadID="5708"></Execution>
<Channel>Microsoft-Windows-Sysmon/Operational</Channel>
<Computer>DESKTOP-M3AKJSD</Computer>
<Security UserID="S-1-5-18"></Security>
</System>
<EventData><Data Name="RuleName">DLL</Data>
<Data Name="UtcTime">2025-04-10 06:13:02.844</Data>
<Data Name="ProcessGuid">{53c665d1-5e82-67f7-7100-000000001700}</Data>
<Data Name="ProcessId">6080</Data>
<Data Name="Image">C:\WINDOWS\system32\svchost.exe</Data>
<Data Name="TargetFilename">C:\Program Files\WindowsApps\Microsoft.WindowsAppRuntime.1.6_6000.457.2140.0_x64__8wekyb3d8bbwe\wuceffectsi.dll</Data>
<Data Name="CreationUtcTime">2025-04-10 06:13:02.844</Data>
<Data Name="User">NT AUTHORITY\SYSTEM</Data>
</EventData>
</Event>

<Event xmlns="http://schemas.microsoft.com/win/2004/08/events/event"><System><Provider Name="Microsoft-Windows-Sysmon" Guid="{5770385f-c22a-43e0-bf4c-06f5698ffbd9}"></Provider>
<EventID Qualifiers="">11</EventID>
<Version>2</Version>
<Level>4</Level>
<Task>11</Task>
<Opcode>0</Opcode>
<Keywords>0x8000000000000000</Keywords>
<TimeCreated SystemTime="2025-04-10 06:13:04.487280"></TimeCreated>
<EventRecordID>7126</EventRecordID>
<Correlation ActivityID="" RelatedActivityID=""></Correlation>
<Execution ProcessID="4420" ThreadID="5708"></Execution>
<Channel>Microsoft-Windows-Sysmon/Operational</Channel>
<Computer>DESKTOP-M3AKJSD</Computer>
<Security UserID="S-1-5-18"></Security>
</System>
<EventData><Data Name="RuleName">DLL</Data>
<Data Name="UtcTime">2025-04-10 06:13:04.485</Data>
<Data Name="ProcessGuid">{53c665d1-6164-67f7-f901-000000001700}</Data>
<Data Name="ProcessId">3416</Data>
<Data Name="Image">C:\Windows\Microsoft.NET\Framework64\v4.0.30319\mscorsvw.exe</Data>
<Data Name="TargetFilename">C:\Windows\assembly\NativeImages_v4.0.30319_64\Temp\d58-0\PresentationCore.dll</Data>
<Data Name="CreationUtcTime">2025-04-10 06:13:04.485</Data>
<Data Name="User">NT AUTHORITY\SYSTEM</Data>
</EventData>
</Event>

<Event xmlns="http://schemas.microsoft.com/win/2004/08/events/event"><System><Provider Name="Microsoft-Windows-Sysmon" Guid="{5770385f-c22a-43e0-bf4c-06f5698ffbd9}"></Provider>
<EventID Qualifiers="">1</EventID>
<Version>5</Version>
<Level>4</Level>
<Task>1</Task>
<Opcode>0</Opcode>
<Keywords>0x8000000000000000</Keywords>
<TimeCreated SystemTime="2025-04-10 06:13:08.085825"></TimeCreated>
<EventRecordID>7127</EventRecordID>
<Correlation ActivityID="" RelatedActivityID=""></Correlation>
<Execution ProcessID="4420" ThreadID="5708"></Execution>
<Channel>Microsoft-Windows-Sysmon/Operational</Channel>
<Computer>DESKTOP-M3AKJSD</Computer>
<Security UserID="S-1-5-18"></Security>
</System>
<EventData><Data Name="RuleName">-</Data>
<Data Name="UtcTime">2025-04-10 06:13:08.080</Data>
<Data Name="ProcessGuid">{53c665d1-6174-67f7-0002-000000001700}</Data>
<Data Name="ProcessId">5968</Data>
<Data Name="Image">C:\Windows\System32\wevtutil.exe</Data>
<Data Name="FileVersion">10.0.26100.1150 (WinBuild.160101.0800)</Data>
<Data Name="Description">Windows Event Log Utility</Data>
<Data Name="Product">Microsoft&#174; Windows&#174; Operating System</Data>
<Data Name="Company">Microsoft Corporation</Data>
<Data Name="OriginalFileName">wevtutil.exe</Data>
<Data Name="CommandLine">"C:\WINDOWS\system32\wevtutil.exe" uninstall-manifest "C:\WINDOWS\SystemApps\Microsoft.WindowsAppRuntime.CBS_8wekyb3d8bbwe\EventLog-Instrumentation.man" /unicode:true</Data>
<Data Name="CurrentDirectory">C:\WINDOWS\system32\</Data>
<Data Name="User">NT AUTHORITY\SYSTEM</Data>
<Data Name="LogonGuid">{53c665d1-5e7a-67f7-e703-000000000000}</Data>
<Data Name="LogonId">0x00000000000003e7</Data>
<Data Name="TerminalSessionId">0</Data>
<Data Name="IntegrityLevel">System</Data>
<Data Name="Hashes">MD5=AF54D4FA49CD679D47064D30BD1B7641,SHA256=0EA582D5A4EB48096B40C2F7A102E465DAEA69C816C8FAEA481B68D8FD0929D5,IMPHASH=9D0B0164498DEE3DA72DF328E7AE8C0B</Data>
<Data Name="ParentProcessGuid">{53c665d1-5e82-67f7-7100-000000001700}</Data>
<Data Name="ParentProcessId">6080</Data>
<Data Name="ParentImage">C:\Windows\System32\svchost.exe</Data>
<Data Name="ParentCommandLine">C:\WINDOWS\system32\svchost.exe -k wsappx -p -s AppXSvc</Data>
<Data Name="ParentUser">NT AUTHORITY\SYSTEM</Data>
</EventData>
</Event>

<Event xmlns="http://schemas.microsoft.com/win/2004/08/events/event"><System><Provider Name="Microsoft-Windows-Sysmon" Guid="{5770385f-c22a-43e0-bf4c-06f5698ffbd9}"></Provider>
<EventID Qualifiers="">12</EventID>
<Version>2</Version>
<Level>4</Level>
<Task>12</Task>
<Opcode>0</Opcode>
<Keywords>0x8000000000000000</Keywords>
<TimeCreated SystemTime="2025-04-10 06:13:08.302620"></TimeCreated>
<EventRecordID>7128</EventRecordID>
<Correlation ActivityID="" RelatedActivityID=""></Correlation>
<Execution ProcessID="4420" ThreadID="5708"></Execution>
<Channel>Microsoft-Windows-Sysmon/Operational</Channel>
<Computer>DESKTOP-M3AKJSD</Computer>
<Security UserID="S-1-5-18"></Security>
</System>
<EventData><Data Name="RuleName">-</Data>
<Data Name="EventType">DeleteKey</Data>
<Data Name="UtcTime">2025-04-10 06:13:08.301</Data>
<Data Name="ProcessGuid">{53c665d1-6174-67f7-0002-000000001700}</Data>
<Data Name="ProcessId">5968</Data>
<Data Name="Image">C:\WINDOWS\system32\wevtutil.exe</Data>
<Data Name="TargetObject">HKLM\SOFTWARE\Microsoft\Windows\CurrentVersion\WINEVT\Channels\Microsoft-Windows-AppXDeployment-Server/Operational</Data>
<Data Name="User">NT AUTHORITY\SYSTEM</Data>
</EventData>
</Event>

<Event xmlns="http://schemas.microsoft.com/win/2004/08/events/event"><System><Provider Name="Microsoft-Windows-Sysmon" Guid="{5770385f-c22a-43e0-bf4c-06f5698ffbd9}"></Provider>
<EventID Qualifiers="">1</EventID>
<Version>5</Version>
<Level>4</Level>
<Task>1</Task>
<Opcode>0</Opcode>
<Keywords>0x8000000000000000</Keywords>
<TimeCreated SystemTime="2025-04-10 06:13:08.339178"></TimeCreated>
<EventRecordID>7129</EventRecordID>
<Correlation ActivityID="" RelatedActivityID=""></Correlation>
<Execution ProcessID="4420" ThreadID="5708"></Execution>
<Channel>Microsoft-Windows-Sysmon/Operational</Channel>
<Computer>DESKTOP-M3AKJSD</Computer>
<Security UserID="S-1-5-18"></Security>
</System>
<EventData><Data Name="RuleName">-</Data>
<Data Name="UtcTime">2025-04-10 06:13:08.335</Data>
<Data Name="ProcessGuid">{53c665d1-6174-67f7-0202-000000001700}</Data>
<Data Name="ProcessId">8912</Data>
<Data Name="Image">C:\Windows\System32\wevtutil.exe</Data>
<Data Name="FileVersion">10.0.26100.1150 (WinBuild.160101.0800)</Data>
<Data Name="Description">Windows Event Log Utility</Data>
<Data Name="Product">Microsoft&#174; Windows&#174; Operating System</Data>
<Data Name="Company">Microsoft Corporation</Data>
<Data Name="OriginalFileName">wevtutil.exe</Data>
<Data Name="CommandLine">"C:\WINDOWS\system32\wevtutil.exe" install-manifest "C:\Program Files\WindowsApps\Microsoft.WindowsAppRuntime.1.6_6000.457.2140.0_x64__8wekyb3d8bbwe\EventLog-Instrumentation.man" /resourceFilePath:"C:\Program Files\WindowsApps\Microsoft.WindowsAppRuntime.1.6_6000.457.2140.0_x64__8wekyb3d8bbwe\WindowsAppSdk.AppxDeploymentExtensions.Desktop-EventLog-Instrumentation.dll" /messageFilePath:"C:\Program Files\WindowsApps\Microsoft.WindowsAppRuntime.1.6_6000.457.2140.0_x64__8wekyb3d8bbwe\WindowsAppSdk.AppxDeploymentExtensions.Desktop-EventLog-Instrumentation.dll" /unicode:true</Data>
<Data Name="CurrentDirectory">C:\WINDOWS\system32\</Data>
<Data Name="User">NT AUTHORITY\SYSTEM</Data>
<Data Name="LogonGuid">{53c665d1-5e7a-67f7-e703-000000000000}</Data>
<Data Name="LogonId">0x00000000000003e7</Data>
<Data Name="TerminalSessionId">0</Data>
<Data Name="IntegrityLevel">System</Data>
<Data Name="Hashes">MD5=AF54D4FA49CD679D47064D30BD1B7641,SHA256=0EA582D5A4EB48096B40C2F7A102E465DAEA69C816C8FAEA481B68D8FD0929D5,IMPHASH=9D0B0164498DEE3DA72DF328E7AE8C0B</Data>
<Data Name="ParentProcessGuid">{53c665d1-5e82-67f7-7100-000000001700}</Data>
<Data Name="ParentProcessId">6080</Data>
<Data Name="ParentImage">C:\Windows\System32\svchost.exe</Data>
<Data Name="ParentCommandLine">C:\WINDOWS\system32\svchost.exe -k wsappx -p -s AppXSvc</Data>
<Data Name="ParentUser">NT AUTHORITY\SYSTEM</Data>
</EventData>
</Event>

<Event xmlns="http://schemas.microsoft.com/win/2004/08/events/event"><System><Provider Name="Microsoft-Windows-Sysmon" Guid="{5770385f-c22a-43e0-bf4c-06f5698ffbd9}"></Provider>
<EventID Qualifiers="">13</EventID>
<Version>2</Version>
<Level>4</Level>
<Task>13</Task>
<Opcode>0</Opcode>
<Keywords>0x8000000000000000</Keywords>
<TimeCreated SystemTime="2025-04-10 06:13:08.501886"></TimeCreated>
<EventRecordID>7130</EventRecordID>
<Correlation ActivityID="" RelatedActivityID=""></Correlation>
<Execution ProcessID="4420" ThreadID="5708"></Execution>
<Channel>Microsoft-Windows-Sysmon/Operational</Channel>
<Computer>DESKTOP-M3AKJSD</Computer>
<Security UserID="S-1-5-18"></Security>
</System>
<EventData><Data Name="RuleName">-</Data>
<Data Name="EventType">SetValue</Data>
<Data Name="UtcTime">2025-04-10 06:13:08.500</Data>
<Data Name="ProcessGuid">{53c665d1-6174-67f7-0202-000000001700}</Data>
<Data Name="ProcessId">8912</Data>
<Data Name="Image">C:\WINDOWS\system32\wevtutil.exe</Data>
<Data Name="TargetObject">HKLM\SOFTWARE\Microsoft\Windows\CurrentVersion\WINEVT\Channels\Microsoft-Windows-AppXDeployment-Server/Operational\OwningPublisher</Data>
<Data Name="Details">{43833e12-078d-4d7d-8aaf-ae8c8520f18c}</Data>
<Data Name="User">NT AUTHORITY\SYSTEM</Data>
</EventData>
</Event>

<Event xmlns="http://schemas.microsoft.com/win/2004/08/events/event"><System><Provider Name="Microsoft-Windows-Sysmon" Guid="{5770385f-c22a-43e0-bf4c-06f5698ffbd9}"></Provider>
<EventID Qualifiers="">13</EventID>
<Version>2</Version>
<Level>4</Level>
<Task>13</Task>
<Opcode>0</Opcode>
<Keywords>0x8000000000000000</Keywords>
<TimeCreated SystemTime="2025-04-10 06:13:08.501972"></TimeCreated>
<EventRecordID>7131</EventRecordID>
<Correlation ActivityID="" RelatedActivityID=""></Correlation>
<Execution ProcessID="4420" ThreadID="5708"></Execution>
<Channel>Microsoft-Windows-Sysmon/Operational</Channel>
<Computer>DESKTOP-M3AKJSD</Computer>
<Security UserID="S-1-5-18"></Security>
</System>
<EventData><Data Name="RuleName">-</Data>
<Data Name="EventType">SetValue</Data>
<Data Name="UtcTime">2025-04-10 06:13:08.500</Data>
<Data Name="ProcessGuid">{53c665d1-6174-67f7-0202-000000001700}</Data>
<Data Name="ProcessId">8912</Data>
<Data Name="Image">C:\WINDOWS\system32\wevtutil.exe</Data>
<Data Name="TargetObject">HKLM\SOFTWARE\Microsoft\Windows\CurrentVersion\WINEVT\Channels\Microsoft-Windows-AppXDeployment-Server/Operational\Enabled</Data>
<Data Name="Details">DWORD (0x00000001)</Data>
<Data Name="User">NT AUTHORITY\SYSTEM</Data>
</EventData>
</Event>

<Event xmlns="http://schemas.microsoft.com/win/2004/08/events/event"><System><Provider Name="Microsoft-Windows-Sysmon" Guid="{5770385f-c22a-43e0-bf4c-06f5698ffbd9}"></Provider>
<EventID Qualifiers="">13</EventID>
<Version>2</Version>
<Level>4</Level>
<Task>13</Task>
<Opcode>0</Opcode>
<Keywords>0x8000000000000000</Keywords>
<TimeCreated SystemTime="2025-04-10 06:13:08.502043"></TimeCreated>
<EventRecordID>7132</EventRecordID>
<Correlation ActivityID="" RelatedActivityID=""></Correlation>
<Execution ProcessID="4420" ThreadID="5708"></Execution>
<Channel>Microsoft-Windows-Sysmon/Operational</Channel>
<Computer>DESKTOP-M3AKJSD</Computer>
<Security UserID="S-1-5-18"></Security>
</System>
<EventData><Data Name="RuleName">-</Data>
<Data Name="EventType">SetValue</Data>
<Data Name="UtcTime">2025-04-10 06:13:08.500</Data>
<Data Name="ProcessGuid">{53c665d1-6174-67f7-0202-000000001700}</Data>
<Data Name="ProcessId">8912</Data>
<Data Name="Image">C:\WINDOWS\system32\wevtutil.exe</Data>
<Data Name="TargetObject">HKLM\SOFTWARE\Microsoft\Windows\CurrentVersion\WINEVT\Channels\Microsoft-Windows-AppXDeployment-Server/Operational\Isolation</Data>
<Data Name="Details">DWORD (0x00000000)</Data>
<Data Name="User">NT AUTHORITY\SYSTEM</Data>
</EventData>
</Event>

